<?xml version="1.0" encoding="UTF-8"?>
<testsuite xmlns:xsi="http://www.w3.org/2001/XMLSchema-instance" xsi:noNamespaceSchemaLocation="https://maven.apache.org/surefire/maven-surefire-plugin/xsd/surefire-test-report-3.0.xsd" version="3.0" name="TestSuite" time="387.598" tests="8" errors="0" skipped="0" failures="0">
  <properties>
    <property name="sun.desktop" value="windows"/>
    <property name="awt.toolkit" value="sun.awt.windows.WToolkit"/>
    <property name="java.specification.version" value="11"/>
    <property name="sun.cpu.isalist" value="amd64"/>
    <property name="sun.jnu.encoding" value="Cp1252"/>
    <property name="java.class.path" value="C:\Users\Anis\eclipse-workspace\Appium\target\test-classes;C:\Users\Anis\eclipse-workspace\Appium\target\classes;C:\Users\Anis\.m2\repository\org\testng\testng\6.14.3\testng-6.14.3.jar;C:\Users\Anis\.m2\repository\com\beust\jcommander\1.72\jcommander-1.72.jar;C:\Users\Anis\.m2\repository\org\apache-extras\beanshell\bsh\2.0b6\bsh-2.0b6.jar;C:\Users\Anis\.m2\repository\org\apache\commons\commons-lang3\3.9\commons-lang3-3.9.jar;C:\Users\Anis\.m2\repository\commons-io\commons-io\2.6\commons-io-2.6.jar;C:\Users\Anis\.m2\repository\io\appium\java-client\7.0.0\java-client-7.0.0.jar;C:\Users\Anis\.m2\repository\org\seleniumhq\selenium\selenium-support\3.141.59\selenium-support-3.141.59.jar;C:\Users\Anis\.m2\repository\org\seleniumhq\selenium\selenium-api\3.141.59\selenium-api-3.141.59.jar;C:\Users\Anis\.m2\repository\com\google\code\gson\gson\2.8.5\gson-2.8.5.jar;C:\Users\Anis\.m2\repository\org\apache\httpcomponents\httpclient\4.5.6\httpclient-4.5.6.jar;C:\Users\Anis\.m2\repository\org\apache\httpcomponents\httpcore\4.4.10\httpcore-4.4.10.jar;C:\Users\Anis\.m2\repository\commons-codec\commons-codec\1.10\commons-codec-1.10.jar;C:\Users\Anis\.m2\repository\cglib\cglib\3.2.8\cglib-3.2.8.jar;C:\Users\Anis\.m2\repository\org\ow2\asm\asm\6.2.1\asm-6.2.1.jar;C:\Users\Anis\.m2\repository\org\apache\ant\ant\1.10.3\ant-1.10.3.jar;C:\Users\Anis\.m2\repository\org\apache\ant\ant-launcher\1.10.3\ant-launcher-1.10.3.jar;C:\Users\Anis\.m2\repository\org\springframework\spring-context\5.1.0.RELEASE\spring-context-5.1.0.RELEASE.jar;C:\Users\Anis\.m2\repository\org\springframework\spring-aop\5.1.0.RELEASE\spring-aop-5.1.0.RELEASE.jar;C:\Users\Anis\.m2\repository\org\springframework\spring-beans\5.1.0.RELEASE\spring-beans-5.1.0.RELEASE.jar;C:\Users\Anis\.m2\repository\org\springframework\spring-core\5.1.0.RELEASE\spring-core-5.1.0.RELEASE.jar;C:\Users\Anis\.m2\repository\org\springframework\spring-jcl\5.1.0.RELEASE\spring-jcl-5.1.0.RELEASE.jar;C:\Users\Anis\.m2\repository\org\springframework\spring-expression\5.1.0.RELEASE\spring-expression-5.1.0.RELEASE.jar;C:\Users\Anis\.m2\repository\org\aspectj\aspectjweaver\1.9.1\aspectjweaver-1.9.1.jar;C:\Users\Anis\.m2\repository\com\relevantcodes\extentreports\2.41.2\extentreports-2.41.2.jar;C:\Users\Anis\.m2\repository\org\jsoup\jsoup\1.8.3\jsoup-1.8.3.jar;C:\Users\Anis\.m2\repository\org\xerial\sqlite-jdbc\3.8.11.1\sqlite-jdbc-3.8.11.1.jar;C:\Users\Anis\.m2\repository\org\freemarker\freemarker\2.3.23\freemarker-2.3.23.jar;C:\Users\Anis\.m2\repository\org\mongodb\mongodb-driver\3.0.4\mongodb-driver-3.0.4.jar;C:\Users\Anis\.m2\repository\org\mongodb\bson\3.0.4\bson-3.0.4.jar;C:\Users\Anis\.m2\repository\org\mongodb\mongodb-driver-core\3.0.4\mongodb-driver-core-3.0.4.jar;C:\Users\Anis\.m2\repository\commons-validator\commons-validator\1.6\commons-validator-1.6.jar;C:\Users\Anis\.m2\repository\commons-beanutils\commons-beanutils\1.9.2\commons-beanutils-1.9.2.jar;C:\Users\Anis\.m2\repository\commons-digester\commons-digester\1.8.1\commons-digester-1.8.1.jar;C:\Users\Anis\.m2\repository\commons-logging\commons-logging\1.2\commons-logging-1.2.jar;C:\Users\Anis\.m2\repository\commons-collections\commons-collections\3.2.2\commons-collections-3.2.2.jar;C:\Users\Anis\.m2\repository\org\slf4j\slf4j-simple\1.7.26\slf4j-simple-1.7.26.jar;C:\Users\Anis\.m2\repository\org\slf4j\slf4j-api\1.7.26\slf4j-api-1.7.26.jar;C:\Users\Anis\.m2\repository\org\seleniumhq\selenium\selenium-java\3.141.59\selenium-java-3.141.59.jar;C:\Users\Anis\.m2\repository\org\seleniumhq\selenium\selenium-chrome-driver\3.141.59\selenium-chrome-driver-3.141.59.jar;C:\Users\Anis\.m2\repository\org\seleniumhq\selenium\selenium-edge-driver\3.141.59\selenium-edge-driver-3.141.59.jar;C:\Users\Anis\.m2\repository\org\seleniumhq\selenium\selenium-firefox-driver\3.141.59\selenium-firefox-driver-3.141.59.jar;C:\Users\Anis\.m2\repository\org\seleniumhq\selenium\selenium-ie-driver\3.141.59\selenium-ie-driver-3.141.59.jar;C:\Users\Anis\.m2\repository\org\seleniumhq\selenium\selenium-opera-driver\3.141.59\selenium-opera-driver-3.141.59.jar;C:\Users\Anis\.m2\repository\org\seleniumhq\selenium\selenium-remote-driver\3.141.59\selenium-remote-driver-3.141.59.jar;C:\Users\Anis\.m2\repository\org\seleniumhq\selenium\selenium-safari-driver\3.141.59\selenium-safari-driver-3.141.59.jar;C:\Users\Anis\.m2\repository\net\bytebuddy\byte-buddy\1.8.15\byte-buddy-1.8.15.jar;C:\Users\Anis\.m2\repository\org\apache\commons\commons-exec\1.3\commons-exec-1.3.jar;C:\Users\Anis\.m2\repository\com\google\guava\guava\25.0-jre\guava-25.0-jre.jar;C:\Users\Anis\.m2\repository\com\google\code\findbugs\jsr305\1.3.9\jsr305-1.3.9.jar;C:\Users\Anis\.m2\repository\org\checkerframework\checker-compat-qual\2.0.0\checker-compat-qual-2.0.0.jar;C:\Users\Anis\.m2\repository\com\google\errorprone\error_prone_annotations\2.1.3\error_prone_annotations-2.1.3.jar;C:\Users\Anis\.m2\repository\com\google\j2objc\j2objc-annotations\1.1\j2objc-annotations-1.1.jar;C:\Users\Anis\.m2\repository\org\codehaus\mojo\animal-sniffer-annotations\1.14\animal-sniffer-annotations-1.14.jar;C:\Users\Anis\.m2\repository\com\squareup\okhttp3\okhttp\3.11.0\okhttp-3.11.0.jar;C:\Users\Anis\.m2\repository\com\squareup\okio\okio\1.14.0\okio-1.14.0.jar;C:\Users\Anis\.m2\repository\org\apache\logging\log4j\log4j-core\2.13.1\log4j-core-2.13.1.jar;C:\Users\Anis\.m2\repository\org\apache\logging\log4j\log4j-api\2.13.1\log4j-api-2.13.1.jar;"/>
    <property name="java.vm.vendor" value="Oracle Corporation"/>
    <property name="deviceName" value="Redmi"/>
    <property name="sun.arch.data.model" value="64"/>
    <property name="user.variant" value=""/>
    <property name="java.vendor.url" value="https://openjdk.java.net/"/>
    <property name="user.timezone" value="Asia/Calcutta"/>
    <property name="java.vm.specification.version" value="11"/>
    <property name="os.name" value="Windows 10"/>
    <property name="sun.java.launcher" value="SUN_STANDARD"/>
    <property name="user.country" value="IN"/>
    <property name="sun.boot.library.path" value="C:\Program Files\Java\jdk-11.0.11\bin"/>
    <property name="sun.java.command" value="C:\Users\Anis\AppData\Local\Temp\surefire2251665058455153044\surefirebooter18075347134386313566.jar C:\Users\Anis\AppData\Local\Temp\surefire2251665058455153044 2021-06-18T15-53-46_130-jvmRun1 surefire5615436199286974927tmp surefire_013546214418858614129tmp"/>
    <property name="jdk.debug" value="release"/>
    <property name="surefire.test.class.path" value="C:\Users\Anis\eclipse-workspace\Appium\target\test-classes;C:\Users\Anis\eclipse-workspace\Appium\target\classes;C:\Users\Anis\.m2\repository\org\testng\testng\6.14.3\testng-6.14.3.jar;C:\Users\Anis\.m2\repository\com\beust\jcommander\1.72\jcommander-1.72.jar;C:\Users\Anis\.m2\repository\org\apache-extras\beanshell\bsh\2.0b6\bsh-2.0b6.jar;C:\Users\Anis\.m2\repository\org\apache\commons\commons-lang3\3.9\commons-lang3-3.9.jar;C:\Users\Anis\.m2\repository\commons-io\commons-io\2.6\commons-io-2.6.jar;C:\Users\Anis\.m2\repository\io\appium\java-client\7.0.0\java-client-7.0.0.jar;C:\Users\Anis\.m2\repository\org\seleniumhq\selenium\selenium-support\3.141.59\selenium-support-3.141.59.jar;C:\Users\Anis\.m2\repository\org\seleniumhq\selenium\selenium-api\3.141.59\selenium-api-3.141.59.jar;C:\Users\Anis\.m2\repository\com\google\code\gson\gson\2.8.5\gson-2.8.5.jar;C:\Users\Anis\.m2\repository\org\apache\httpcomponents\httpclient\4.5.6\httpclient-4.5.6.jar;C:\Users\Anis\.m2\repository\org\apache\httpcomponents\httpcore\4.4.10\httpcore-4.4.10.jar;C:\Users\Anis\.m2\repository\commons-codec\commons-codec\1.10\commons-codec-1.10.jar;C:\Users\Anis\.m2\repository\cglib\cglib\3.2.8\cglib-3.2.8.jar;C:\Users\Anis\.m2\repository\org\ow2\asm\asm\6.2.1\asm-6.2.1.jar;C:\Users\Anis\.m2\repository\org\apache\ant\ant\1.10.3\ant-1.10.3.jar;C:\Users\Anis\.m2\repository\org\apache\ant\ant-launcher\1.10.3\ant-launcher-1.10.3.jar;C:\Users\Anis\.m2\repository\org\springframework\spring-context\5.1.0.RELEASE\spring-context-5.1.0.RELEASE.jar;C:\Users\Anis\.m2\repository\org\springframework\spring-aop\5.1.0.RELEASE\spring-aop-5.1.0.RELEASE.jar;C:\Users\Anis\.m2\repository\org\springframework\spring-beans\5.1.0.RELEASE\spring-beans-5.1.0.RELEASE.jar;C:\Users\Anis\.m2\repository\org\springframework\spring-core\5.1.0.RELEASE\spring-core-5.1.0.RELEASE.jar;C:\Users\Anis\.m2\repository\org\springframework\spring-jcl\5.1.0.RELEASE\spring-jcl-5.1.0.RELEASE.jar;C:\Users\Anis\.m2\repository\org\springframework\spring-expression\5.1.0.RELEASE\spring-expression-5.1.0.RELEASE.jar;C:\Users\Anis\.m2\repository\org\aspectj\aspectjweaver\1.9.1\aspectjweaver-1.9.1.jar;C:\Users\Anis\.m2\repository\com\relevantcodes\extentreports\2.41.2\extentreports-2.41.2.jar;C:\Users\Anis\.m2\repository\org\jsoup\jsoup\1.8.3\jsoup-1.8.3.jar;C:\Users\Anis\.m2\repository\org\xerial\sqlite-jdbc\3.8.11.1\sqlite-jdbc-3.8.11.1.jar;C:\Users\Anis\.m2\repository\org\freemarker\freemarker\2.3.23\freemarker-2.3.23.jar;C:\Users\Anis\.m2\repository\org\mongodb\mongodb-driver\3.0.4\mongodb-driver-3.0.4.jar;C:\Users\Anis\.m2\repository\org\mongodb\bson\3.0.4\bson-3.0.4.jar;C:\Users\Anis\.m2\repository\org\mongodb\mongodb-driver-core\3.0.4\mongodb-driver-core-3.0.4.jar;C:\Users\Anis\.m2\repository\commons-validator\commons-validator\1.6\commons-validator-1.6.jar;C:\Users\Anis\.m2\repository\commons-beanutils\commons-beanutils\1.9.2\commons-beanutils-1.9.2.jar;C:\Users\Anis\.m2\repository\commons-digester\commons-digester\1.8.1\commons-digester-1.8.1.jar;C:\Users\Anis\.m2\repository\commons-logging\commons-logging\1.2\commons-logging-1.2.jar;C:\Users\Anis\.m2\repository\commons-collections\commons-collections\3.2.2\commons-collections-3.2.2.jar;C:\Users\Anis\.m2\repository\org\slf4j\slf4j-simple\1.7.26\slf4j-simple-1.7.26.jar;C:\Users\Anis\.m2\repository\org\slf4j\slf4j-api\1.7.26\slf4j-api-1.7.26.jar;C:\Users\Anis\.m2\repository\org\seleniumhq\selenium\selenium-java\3.141.59\selenium-java-3.141.59.jar;C:\Users\Anis\.m2\repository\org\seleniumhq\selenium\selenium-chrome-driver\3.141.59\selenium-chrome-driver-3.141.59.jar;C:\Users\Anis\.m2\repository\org\seleniumhq\selenium\selenium-edge-driver\3.141.59\selenium-edge-driver-3.141.59.jar;C:\Users\Anis\.m2\repository\org\seleniumhq\selenium\selenium-firefox-driver\3.141.59\selenium-firefox-driver-3.141.59.jar;C:\Users\Anis\.m2\repository\org\seleniumhq\selenium\selenium-ie-driver\3.141.59\selenium-ie-driver-3.141.59.jar;C:\Users\Anis\.m2\repository\org\seleniumhq\selenium\selenium-opera-driver\3.141.59\selenium-opera-driver-3.141.59.jar;C:\Users\Anis\.m2\repository\org\seleniumhq\selenium\selenium-remote-driver\3.141.59\selenium-remote-driver-3.141.59.jar;C:\Users\Anis\.m2\repository\org\seleniumhq\selenium\selenium-safari-driver\3.141.59\selenium-safari-driver-3.141.59.jar;C:\Users\Anis\.m2\repository\net\bytebuddy\byte-buddy\1.8.15\byte-buddy-1.8.15.jar;C:\Users\Anis\.m2\repository\org\apache\commons\commons-exec\1.3\commons-exec-1.3.jar;C:\Users\Anis\.m2\repository\com\google\guava\guava\25.0-jre\guava-25.0-jre.jar;C:\Users\Anis\.m2\repository\com\google\code\findbugs\jsr305\1.3.9\jsr305-1.3.9.jar;C:\Users\Anis\.m2\repository\org\checkerframework\checker-compat-qual\2.0.0\checker-compat-qual-2.0.0.jar;C:\Users\Anis\.m2\repository\com\google\errorprone\error_prone_annotations\2.1.3\error_prone_annotations-2.1.3.jar;C:\Users\Anis\.m2\repository\com\google\j2objc\j2objc-annotations\1.1\j2objc-annotations-1.1.jar;C:\Users\Anis\.m2\repository\org\codehaus\mojo\animal-sniffer-annotations\1.14\animal-sniffer-annotations-1.14.jar;C:\Users\Anis\.m2\repository\com\squareup\okhttp3\okhttp\3.11.0\okhttp-3.11.0.jar;C:\Users\Anis\.m2\repository\com\squareup\okio\okio\1.14.0\okio-1.14.0.jar;C:\Users\Anis\.m2\repository\org\apache\logging\log4j\log4j-core\2.13.1\log4j-core-2.13.1.jar;C:\Users\Anis\.m2\repository\org\apache\logging\log4j\log4j-api\2.13.1\log4j-api-2.13.1.jar;"/>
    <property name="sun.cpu.endian" value="little"/>
    <property name="user.home" value="C:\Users\Anis"/>
    <property name="user.language" value="en"/>
    <property name="java.specification.vendor" value="Oracle Corporation"/>
    <property name="java.version.date" value="2021-04-20"/>
    <property name="java.home" value="C:\Program Files\Java\jdk-11.0.11"/>
    <property name="file.separator" value="\"/>
    <property name="basedir" value="C:\Users\Anis\eclipse-workspace\Appium"/>
    <property name="java.vm.compressedOopsMode" value="32-bit"/>
    <property name="line.separator" value="&#10;"/>
    <property name="java.specification.name" value="Java Platform API Specification"/>
    <property name="java.vm.specification.vendor" value="Oracle Corporation"/>
    <property name="java.awt.graphicsenv" value="sun.awt.Win32GraphicsEnvironment"/>
    <property name="surefire.real.class.path" value="C:\Users\Anis\AppData\Local\Temp\surefire2251665058455153044\surefirebooter18075347134386313566.jar"/>
    <property name="user.script" value=""/>
    <property name="sun.management.compiler" value="HotSpot 64-Bit Tiered Compilers"/>
    <property name="java.runtime.version" value="11.0.11+9-LTS-194"/>
    <property name="user.name" value="Anis"/>
    <property name="path.separator" value=";"/>
    <property name="os.version" value="10.0"/>
    <property name="java.runtime.name" value="Java(TM) SE Runtime Environment"/>
    <property name="file.encoding" value="Cp1252"/>
    <property name="java.vm.name" value="Java HotSpot(TM) 64-Bit Server VM"/>
    <property name="java.vendor.version" value="18.9"/>
    <property name="localRepository" value="C:\Users\Anis\.m2\repository"/>
    <property name="java.vendor.url.bug" value="https://bugreport.java.com/bugreport/"/>
    <property name="java.io.tmpdir" value="C:\Users\Anis\AppData\Local\Temp\"/>
    <property name="java.version" value="11.0.11"/>
    <property name="user.dir" value="C:\Users\Anis\eclipse-workspace\Appium"/>
    <property name="os.arch" value="amd64"/>
    <property name="java.vm.specification.name" value="Java Virtual Machine Specification"/>
    <property name="java.awt.printerjob" value="sun.awt.windows.WPrinterJob"/>
    <property name="sun.os.patch.level" value=""/>
    <property name="java.library.path" value="C:\Program Files\Java\jdk-11.0.11\bin;C:\windows\Sun\Java\bin;C:\windows\system32;C:\windows;C:\Program Files\Common Files\Oracle\Java\javapath;C:\windows\system32;C:\windows;C:\windows\System32\Wbem;C:\windows\System32\WindowsPowerShell\v1.0\;C:\windows\System32\OpenSSH\;C:\Program Files\Java\jdk-11.0.11\bin;C:\Users\Anis\apache-maven-3.8.1\bin;C:\Program Files\nodejs\;C:\Program Files\Git\cmd;C:\Users\Anis\AppData\Local\Android\Sdk\platform-tools;C:\Users\Anis\AppData\Local\Android\Sdk\tools;C:\Users\Anis\AppData\Local\Android\Sdk\tools\bin;C:\Users\Anis\AppData\Roaming\npm;C:\Users\Anis\AppData\Local\Microsoft\WindowsApps;C:\Users\Anis\AppData\Roaming\npm;."/>
    <property name="java.vendor" value="Oracle Corporation"/>
    <property name="java.vm.info" value="mixed mode"/>
    <property name="java.vm.version" value="11.0.11+9-LTS-194"/>
    <property name="sun.io.unicode.encoding" value="UnicodeLittle"/>
    <property name="java.class.version" value="55.0"/>
  </properties>
  <testcase name="apiDemoTest[hello](1)" classname="ApiDemoTest" time="9.871">
    <system-out><![CDATA[[TestNGContentHandler] [WARN] It is strongly recommended to add "<!DOCTYPE suite SYSTEM "http://testng.org/testng-1.0.dtd" >" at the top of your file, otherwise TestNG may fail or not work as expected.
&amp#27;[35m[Appium]&amp#27;[39m Welcome to Appium v1.21.0
&amp#27;[35m[Appium]&amp#27;[39m Appium REST http interface listener started on 0.0.0.0:4723
&amp#27;[35m[HTTP]&amp#27;[39m &amp#27;[37m-->&amp#27;[39m &amp#27;[37mGET&amp#27;[39m &amp#27;[37m/wd/hub/status&amp#27;[39m
&amp#27;[35m[HTTP]&amp#27;[39m &amp#27;[90m{}&amp#27;[39m
[debug] &amp#27;[35m[GENERIC]&amp#27;[39m Calling AppiumDriver.getStatus() with args: []
[debug] &amp#27;[35m[GENERIC]&amp#27;[39m Responding to client with driver.getStatus() result: {"build":{"version":"1.21.0"}}
&amp#27;[35m[HTTP]&amp#27;[39m &amp#27;[37m<-- GET /wd/hub/status &amp#27;[39m&amp#27;[32m200&amp#27;[39m &amp#27;[90m12 ms - 68&amp#27;[39m
&amp#27;[35m[HTTP]&amp#27;[39m &amp#27;[90m&amp#27;[39m
&amp#27;[35m[HTTP]&amp#27;[39m &amp#27;[37m-->&amp#27;[39m &amp#27;[37mPOST&amp#27;[39m &amp#27;[37m/wd/hub/session&amp#27;[39m
&amp#27;[35m[HTTP]&amp#27;[39m &amp#27;[90m{"desiredCapabilities":{"app":"C:\\Users\\Anis\\eclipse-workspace\\Appium\\src\\ApiDemos-debug.apk","platformName":"Android","deviceName":"Redmi","newCommandTimeout":14},"capabilities":{"firstMatch":[{"appium:app":"C:\\Users\\Anis\\eclipse-workspace\\Appium\\src\\ApiDemos-debug.apk","appium:deviceName":"Redmi","appium:newCommandTimeout":14,"platformName":"android"}]}}&amp#27;[39m
[debug] &amp#27;[35m[W3C]&amp#27;[39m Calling AppiumDriver.createSession() with args: [{"app":"C:\\Users\\Anis\\eclipse-workspace\\Appium\\src\\ApiDemos-debug.apk","platformName":"Android","deviceName":"Redmi","newCommandTimeout":14},null,{"firstMatch":[{"appium:app":"C:\\Users\\Anis\\eclipse-workspace\\Appium\\src\\ApiDemos-debug.apk","appium:deviceName":"Redmi","appium:newCommandTimeout":14,"platformName":"android"}]}]
[debug] &amp#27;[35m[BaseDriver]&amp#27;[39m Event 'newSessionRequested' logged at 1624011831090 (15:53:51 GMT+0530 (India Standard Time))
&amp#27;[35m[Appium]&amp#27;[39m 
&amp#27;[35m[Appium]&amp#27;[39m ======================================================================
&amp#27;[35m[Appium]&amp#27;[39m   DEPRECATION WARNING:
&amp#27;[35m[Appium]&amp#27;[39m 
&amp#27;[35m[Appium]&amp#27;[39m   The 'automationName' capability was not provided in the desired 
&amp#27;[35m[Appium]&amp#27;[39m   capabilities for this Android session
&amp#27;[35m[Appium]&amp#27;[39m 
&amp#27;[35m[Appium]&amp#27;[39m   Setting 'automationName=UiAutomator2' by default and using the 
&amp#27;[35m[Appium]&amp#27;[39m   UiAutomator2 Driver
&amp#27;[35m[Appium]&amp#27;[39m 
&amp#27;[35m[Appium]&amp#27;[39m   The next major version of Appium (2.x) will **require** the 
&amp#27;[35m[Appium]&amp#27;[39m   'automationName' capability to be set for all sessions on all 
&amp#27;[35m[Appium]&amp#27;[39m   platforms
&amp#27;[35m[Appium]&amp#27;[39m 
&amp#27;[35m[Appium]&amp#27;[39m   In previous versions (Appium <= 1.13.x), the default was 
&amp#27;[35m[Appium]&amp#27;[39m   'automationName=UiAutomator1'
&amp#27;[35m[Appium]&amp#27;[39m 
&amp#27;[35m[Appium]&amp#27;[39m   If you wish to use that automation instead of UiAutomator2, please 
&amp#27;[35m[Appium]&amp#27;[39m   add 'automationName=UiAutomator1' to your desired capabilities
&amp#27;[35m[Appium]&amp#27;[39m 
&amp#27;[35m[Appium]&amp#27;[39m   For more information about drivers, please visit 
&amp#27;[35m[Appium]&amp#27;[39m   http://appium.io/docs/en/about-appium/intro/ and explore the 
&amp#27;[35m[Appium]&amp#27;[39m   'Drivers' menu
&amp#27;[35m[Appium]&amp#27;[39m 
&amp#27;[35m[Appium]&amp#27;[39m ======================================================================
&amp#27;[35m[Appium]&amp#27;[39m 
&amp#27;[35m[Appium]&amp#27;[39m Appium v1.21.0 creating new AndroidUiautomator2Driver (v1.65.0) session
[debug] &amp#27;[35m[BaseDriver]&amp#27;[39m W3C capabilities and MJSONWP desired capabilities were provided
[debug] &amp#27;[35m[BaseDriver]&amp#27;[39m Creating session with W3C capabilities: {
[debug] &amp#27;[35m[BaseDriver]&amp#27;[39m   "alwaysMatch": {
[debug] &amp#27;[35m[BaseDriver]&amp#27;[39m     "platformName": "android",
[debug] &amp#27;[35m[BaseDriver]&amp#27;[39m     "appium:app": "C:\\Users\\Anis\\eclipse-workspace\\Appium\\src\\ApiDemos-debug.apk",
[debug] &amp#27;[35m[BaseDriver]&amp#27;[39m     "appium:deviceName": "Redmi",
[debug] &amp#27;[35m[BaseDriver]&amp#27;[39m     "appium:newCommandTimeout": 14
[debug] &amp#27;[35m[BaseDriver]&amp#27;[39m   },
[debug] &amp#27;[35m[BaseDriver]&amp#27;[39m   "firstMatch": [
[debug] &amp#27;[35m[BaseDriver]&amp#27;[39m     {}
[debug] &amp#27;[35m[BaseDriver]&amp#27;[39m   ]
[debug] &amp#27;[35m[BaseDriver]&amp#27;[39m }
&amp#27;[35m[BaseDriver]&amp#27;[39m Session created with session id: 91587b3d-2bab-485e-a876-9749992a1f49
&amp#27;[35m[BaseDriver]&amp#27;[39m Using local app 'C:\Users\Anis\eclipse-workspace\Appium\src\ApiDemos-debug.apk'
[debug] &amp#27;[35m[UiAutomator2]&amp#27;[39m Checking whether app is actually present
&amp#27;[35m[ADB]&amp#27;[39m Found 2 'build-tools' folders under 'C:\Users\Anis\AppData\Local\Android\Sdk' (newest first):
&amp#27;[35m[ADB]&amp#27;[39m     C:/Users/Anis/AppData/Local/Android/Sdk/build-tools/31.0.0-rc4
&amp#27;[35m[ADB]&amp#27;[39m     C:/Users/Anis/AppData/Local/Android/Sdk/build-tools/30.0.3
&amp#27;[35m[ADB]&amp#27;[39m Using 'adb.exe' from 'C:\Users\Anis\AppData\Local\Android\Sdk\platform-tools\adb.exe'
[debug] &amp#27;[35m[ADB]&amp#27;[39m Running 'C:\Users\Anis\AppData\Local\Android\Sdk\platform-tools\adb.exe -P 5037 start-server'
&amp#27;[35m[AndroidDriver]&amp#27;[39m Retrieving device list
[debug] &amp#27;[35m[ADB]&amp#27;[39m Trying to find a connected android device
[debug] &amp#27;[35m[ADB]&amp#27;[39m Getting connected devices
[debug] &amp#27;[35m[ADB]&amp#27;[39m Connected devices: [{"udid":"55272e729804","state":"device"}]
&amp#27;[35m[AndroidDriver]&amp#27;[39m Using device: 55272e729804
&amp#27;[35m[ADB]&amp#27;[39m Using 'adb.exe' from 'C:\Users\Anis\AppData\Local\Android\Sdk\platform-tools\adb.exe'
[debug] &amp#27;[35m[ADB]&amp#27;[39m Running 'C:\Users\Anis\AppData\Local\Android\Sdk\platform-tools\adb.exe -P 5037 start-server'
[debug] &amp#27;[35m[ADB]&amp#27;[39m Setting device id to 55272e729804
[debug] &amp#27;[35m[ADB]&amp#27;[39m Running 'C:\Users\Anis\AppData\Local\Android\Sdk\platform-tools\adb.exe -P 5037 -s 55272e729804 shell getprop ro.build.version.sdk'
[debug] &amp#27;[35m[ADB]&amp#27;[39m Current device property 'ro.build.version.sdk': 24
[debug] &amp#27;[35m[ADB]&amp#27;[39m Device API level: 24
[debug] &amp#27;[35m[AndroidDriver]&amp#27;[39m Parsing package and activity from app manifest
&amp#27;[35m[ADB]&amp#27;[39m Package name: 'io.appium.android.apis'
&amp#27;[35m[ADB]&amp#27;[39m Main activity name: 'ApiDemos'
[debug] &amp#27;[35m[AndroidDriver]&amp#27;[39m Parsed package and activity are: io.appium.android.apis/ApiDemos
[debug] &amp#27;[35m[ADB]&amp#27;[39m Running 'C:\Users\Anis\AppData\Local\Android\Sdk\platform-tools\adb.exe -P 5037 -s 55272e729804 wait-for-device'
[debug] &amp#27;[35m[ADB]&amp#27;[39m Running 'C:\Users\Anis\AppData\Local\Android\Sdk\platform-tools\adb.exe -P 5037 -s 55272e729804 shell echo ping'
[debug] &amp#27;[35m[AndroidDriver]&amp#27;[39m Pushing settings apk to device...
[debug] &amp#27;[35m[ADB]&amp#27;[39m Getting install status for io.appium.settings
[debug] &amp#27;[35m[ADB]&amp#27;[39m Running 'C:\Users\Anis\AppData\Local\Android\Sdk\platform-tools\adb.exe -P 5037 -s 55272e729804 shell dumpsys package io.appium.settings'
[debug] &amp#27;[35m[ADB]&amp#27;[39m 'io.appium.settings' is installed
[debug] &amp#27;[35m[ADB]&amp#27;[39m Getting package info for 'io.appium.settings'
[debug] &amp#27;[35m[ADB]&amp#27;[39m Running 'C:\Users\Anis\AppData\Local\Android\Sdk\platform-tools\adb.exe -P 5037 -s 55272e729804 shell dumpsys package io.appium.settings'
[debug] &amp#27;[35m[ADB]&amp#27;[39m The version name of the installed 'io.appium.settings' is greater or equal to the application version name ('3.3.0' >= '3.3.0')
[debug] &amp#27;[35m[ADB]&amp#27;[39m There is no need to install/upgrade 'C:\Users\Anis\AppData\Roaming\npm\node_modules\appium\node_modules\io.appium.settings\apks\settings_apk-debug.apk'
[debug] &amp#27;[35m[ADB]&amp#27;[39m Getting IDs of all 'io.appium.settings' processes
[debug] &amp#27;[35m[ADB]&amp#27;[39m Running 'C:\Users\Anis\AppData\Local\Android\Sdk\platform-tools\adb.exe -P 5037 -s 55272e729804 shell 'pgrep --help; echo $?''
[debug] &amp#27;[35m[ADB]&amp#27;[39m Running 'C:\Users\Anis\AppData\Local\Android\Sdk\platform-tools\adb.exe -P 5037 -s 55272e729804 shell 'pgrep ^appium\\.settings$ || pgrep ^io\\.appium\\.setti$''
[debug] &amp#27;[35m[ADB]&amp#27;[39m Getting IDs of all 'io.appium.settings' processes
[debug] &amp#27;[35m[ADB]&amp#27;[39m Running 'C:\Users\Anis\AppData\Local\Android\Sdk\platform-tools\adb.exe -P 5037 -s 55272e729804 shell 'pgrep ^appium\\.settings$ || pgrep ^io\\.appium\\.setti$''
[debug] &amp#27;[35m[ADB]&amp#27;[39m Starting Appium Settings app
[debug] &amp#27;[35m[ADB]&amp#27;[39m Running 'C:\Users\Anis\AppData\Local\Android\Sdk\platform-tools\adb.exe -P 5037 -s 55272e729804 shell am start -n io.appium.settings/.Settings -a android.intent.action.MAIN -c android.intent.category.LAUNCHER'
[debug] &amp#27;[35m[ADB]&amp#27;[39m Getting IDs of all 'io.appium.settings' processes
[debug] &amp#27;[35m[ADB]&amp#27;[39m Running 'C:\Users\Anis\AppData\Local\Android\Sdk\platform-tools\adb.exe -P 5037 -s 55272e729804 shell 'pgrep ^appium\\.settings$ || pgrep ^io\\.appium\\.setti$''
[debug] &amp#27;[35m[ADB]&amp#27;[39m Running 'C:\Users\Anis\AppData\Local\Android\Sdk\platform-tools\adb.exe -P 5037 -s 55272e729804 shell appops set io.appium.settings android:mock_location allow'
[debug] &amp#27;[35m[Logcat]&amp#27;[39m Starting logs capture with command: C:\\Users\\Anis\\AppData\\Local\\Android\\Sdk\\platform-tools\\adb.exe -P 5037 -s 55272e729804 logcat -v threadtime
[debug] &amp#27;[35m[UiAutomator2]&amp#27;[39m Forwarding UiAutomator2 Server port 6790 to local port 8211
[debug] &amp#27;[35m[ADB]&amp#27;[39m Forwarding system: 8211 to device: 6790
[debug] &amp#27;[35m[ADB]&amp#27;[39m Running 'C:\Users\Anis\AppData\Local\Android\Sdk\platform-tools\adb.exe -P 5037 -s 55272e729804 forward tcp:8211 tcp:6790'
[debug] &amp#27;[35m[ADB]&amp#27;[39m Getting install status for io.appium.uiautomator2.server
[debug] &amp#27;[35m[ADB]&amp#27;[39m Running 'C:\Users\Anis\AppData\Local\Android\Sdk\platform-tools\adb.exe -P 5037 -s 55272e729804 shell dumpsys package io.appium.uiautomator2.server'
[debug] &amp#27;[35m[ADB]&amp#27;[39m 'io.appium.uiautomator2.server' is installed
[debug] &amp#27;[35m[ADB]&amp#27;[39m Getting package info for 'io.appium.uiautomator2.server'
[debug] &amp#27;[35m[ADB]&amp#27;[39m Running 'C:\Users\Anis\AppData\Local\Android\Sdk\platform-tools\adb.exe -P 5037 -s 55272e729804 shell dumpsys package io.appium.uiautomator2.server'
[debug] &amp#27;[35m[ADB]&amp#27;[39m The version name of the installed 'io.appium.uiautomator2.server' is greater or equal to the application version name ('4.21.1' >= '4.21.1')
[debug] &amp#27;[35m[UiAutomator2]&amp#27;[39m io.appium.uiautomator2.server installation state: sameVersionInstalled
[debug] &amp#27;[35m[ADB]&amp#27;[39m Checking app cert for C:\Users\Anis\AppData\Roaming\npm\node_modules\appium\node_modules\appium-uiautomator2-server\apks\appium-uiautomator2-server-v4.21.1.apk
&amp#27;[35m[ADB]&amp#27;[39m Using 'apksigner.jar' from 'C:\Users\Anis\AppData\Local\Android\Sdk\build-tools\31.0.0-rc4\lib\apksigner.jar'
[debug] &amp#27;[35m[ADB]&amp#27;[39m Starting apksigner: 'C:\\Program Files\\Java\\jdk-11.0.11\\bin\\java.exe' -Xmx1024M -Xss1m -jar C:\\Users\\Anis\\AppData\\Local\\Android\\Sdk\\build-tools\\31.0.0-rc4\\lib\\apksigner.jar verify --print-certs C:\\Users\\Anis\\AppData\\Roaming\\npm\\node_modules\\appium\\node_modules\\appium-uiautomator2-server\\apks\\appium-uiautomator2-server-v4.21.1.apk
[debug] &amp#27;[35m[ADB]&amp#27;[39m apksigner stdout: Signer #1 certificate DN: EMAILADDRESS=android@android.com, CN=Android, OU=Android, O=Android, L=Mountain View, ST=California, C=US
[debug] &amp#27;[35m[ADB]&amp#27;[39m Signer #1 certificate SHA-256 digest: a40da80a59d170caa950cf15c18c454d47a39b26989d8b640ecd745ba71bf5dc
[debug] &amp#27;[35m[ADB]&amp#27;[39m Signer #1 certificate SHA-1 digest: 61ed377e85d386a8dfee6b864bd85b0bfaa5af81
[debug] &amp#27;[35m[ADB]&amp#27;[39m Signer #1 certificate MD5 digest: e89b158e4bcf988ebd09eb83f5378e87
[debug] &amp#27;[35m[ADB]&amp#27;[39m 
[debug] &amp#27;[35m[ADB]&amp#27;[39m sha256 hash did match for 'appium-uiautomator2-server-v4.21.1.apk'
&amp#27;[35m[ADB]&amp#27;[39m 'C:\Users\Anis\AppData\Roaming\npm\node_modules\appium\node_modules\appium-uiautomator2-server\apks\appium-uiautomator2-server-v4.21.1.apk' is signed with the default certificate
[debug] &amp#27;[35m[ADB]&amp#27;[39m Getting install status for io.appium.uiautomator2.server.test
[debug] &amp#27;[35m[ADB]&amp#27;[39m Running 'C:\Users\Anis\AppData\Local\Android\Sdk\platform-tools\adb.exe -P 5037 -s 55272e729804 shell dumpsys package io.appium.uiautomator2.server.test'
[debug] &amp#27;[35m[ADB]&amp#27;[39m 'io.appium.uiautomator2.server.test' is installed
[debug] &amp#27;[35m[ADB]&amp#27;[39m Checking app cert for C:\Users\Anis\AppData\Roaming\npm\node_modules\appium\node_modules\appium-uiautomator2-server\apks\appium-uiautomator2-server-debug-androidTest.apk
[debug] &amp#27;[35m[ADB]&amp#27;[39m Starting apksigner: 'C:\\Program Files\\Java\\jdk-11.0.11\\bin\\java.exe' -Xmx1024M -Xss1m -jar C:\\Users\\Anis\\AppData\\Local\\Android\\Sdk\\build-tools\\31.0.0-rc4\\lib\\apksigner.jar verify --print-certs C:\\Users\\Anis\\AppData\\Roaming\\npm\\node_modules\\appium\\node_modules\\appium-uiautomator2-server\\apks\\appium-uiautomator2-server-debug-androidTest.apk
[debug] &amp#27;[35m[ADB]&amp#27;[39m apksigner stdout: Signer #1 certificate DN: EMAILADDRESS=android@android.com, CN=Android, OU=Android, O=Android, L=Mountain View, ST=California, C=US
[debug] &amp#27;[35m[ADB]&amp#27;[39m Signer #1 certificate SHA-256 digest: a40da80a59d170caa950cf15c18c454d47a39b26989d8b640ecd745ba71bf5dc
[debug] &amp#27;[35m[ADB]&amp#27;[39m Signer #1 certificate SHA-1 digest: 61ed377e85d386a8dfee6b864bd85b0bfaa5af81
[debug] &amp#27;[35m[ADB]&amp#27;[39m Signer #1 certificate MD5 digest: e89b158e4bcf988ebd09eb83f5378e87
[debug] &amp#27;[35m[ADB]&amp#27;[39m 
[debug] &amp#27;[35m[ADB]&amp#27;[39m sha256 hash did match for 'appium-uiautomator2-server-debug-androidTest.apk'
&amp#27;[35m[ADB]&amp#27;[39m 'C:\Users\Anis\AppData\Roaming\npm\node_modules\appium\node_modules\appium-uiautomator2-server\apks\appium-uiautomator2-server-debug-androidTest.apk' is signed with the default certificate
&amp#27;[35m[UiAutomator2]&amp#27;[39m Server packages are not going to be (re)installed
[debug] &amp#27;[35m[UiAutomator2]&amp#27;[39m Waiting up to 30000ms for services to be available
[debug] &amp#27;[35m[ADB]&amp#27;[39m Running 'C:\Users\Anis\AppData\Local\Android\Sdk\platform-tools\adb.exe -P 5037 -s 55272e729804 shell pm list instrumentation'
[debug] &amp#27;[35m[UiAutomator2]&amp#27;[39m Instrumentation target 'io.appium.uiautomator2.server.test/androidx.test.runner.AndroidJUnitRunner' is available
&amp#27;[35m[ADB]&amp#27;[39m Adding packages ["io.appium.settings","io.appium.uiautomator2.server","io.appium.uiautomator2.server.test"] to Doze whitelist
[debug] &amp#27;[35m[ADB]&amp#27;[39m Got the following command chunks to execute: [["dumpsys","deviceidle","whitelist","+io.appium.settings",";","dumpsys","deviceidle","whitelist","+io.appium.uiautomator2.server",";","dumpsys","deviceidle","whitelist","+io.appium.uiautomator2.server.test",";"]]
[debug] &amp#27;[35m[ADB]&amp#27;[39m Running 'C:\Users\Anis\AppData\Local\Android\Sdk\platform-tools\adb.exe -P 5037 -s 55272e729804 shell dumpsys deviceidle whitelist +io.appium.settings ; dumpsys deviceidle whitelist +io.appium.uiautomator2.server ; dumpsys deviceidle whitelist +io.appium.uiautomator2.server.test ;'
[debug] &amp#27;[35m[ADB]&amp#27;[39m Checking app cert for C:\Users\Anis\eclipse-workspace\Appium\src\ApiDemos-debug.apk
[debug] &amp#27;[35m[ADB]&amp#27;[39m Starting apksigner: 'C:\\Program Files\\Java\\jdk-11.0.11\\bin\\java.exe' -Xmx1024M -Xss1m -jar C:\\Users\\Anis\\AppData\\Local\\Android\\Sdk\\build-tools\\31.0.0-rc4\\lib\\apksigner.jar verify --print-certs C:\\Users\\Anis\\eclipse-workspace\\Appium\\src\\ApiDemos-debug.apk
[debug] &amp#27;[35m[ADB]&amp#27;[39m apksigner stdout: Signer #1 certificate DN: EMAILADDRESS=android@android.com, CN=Android, OU=Android, O=Android, L=Mountain View, ST=California, C=US
[debug] &amp#27;[35m[ADB]&amp#27;[39m Signer #1 certificate SHA-256 digest: a40da80a59d170caa950cf15c18c454d47a39b26989d8b640ecd745ba71bf5dc
[debug] &amp#27;[35m[ADB]&amp#27;[39m Signer #1 certificate SHA-1 digest: 61ed377e85d386a8dfee6b864bd85b0bfaa5af81
[debug] &amp#27;[35m[ADB]&amp#27;[39m Signer #1 certificate MD5 digest: e89b158e4bcf988ebd09eb83f5378e87
[debug] &amp#27;[35m[ADB]&amp#27;[39m 
[debug] &amp#27;[35m[ADB]&amp#27;[39m sha256 hash did match for 'ApiDemos-debug.apk'
&amp#27;[35m[ADB]&amp#27;[39m 'C:\Users\Anis\eclipse-workspace\Appium\src\ApiDemos-debug.apk' is signed with the default certificate
[debug] &amp#27;[35m[ADB]&amp#27;[39m Getting install status for io.appium.android.apis
[debug] &amp#27;[35m[ADB]&amp#27;[39m Running 'C:\Users\Anis\AppData\Local\Android\Sdk\platform-tools\adb.exe -P 5037 -s 55272e729804 shell dumpsys package io.appium.android.apis'
[debug] &amp#27;[35m[ADB]&amp#27;[39m 'io.appium.android.apis' is installed
[debug] &amp#27;[35m[ADB]&amp#27;[39m Getting package info for 'io.appium.android.apis'
[debug] &amp#27;[35m[ADB]&amp#27;[39m Running 'C:\Users\Anis\AppData\Local\Android\Sdk\platform-tools\adb.exe -P 5037 -s 55272e729804 shell dumpsys package io.appium.android.apis'
&amp#27;[35m[ADB]&amp#27;[39m Cannot read version codes of 'C:\Users\Anis\eclipse-workspace\Appium\src\ApiDemos-debug.apk' and/or 'io.appium.android.apis'
&amp#27;[35m[ADB]&amp#27;[39m Cannot read version names of 'C:\Users\Anis\eclipse-workspace\Appium\src\ApiDemos-debug.apk' and/or 'io.appium.android.apis'
[debug] &amp#27;[35m[ADB]&amp#27;[39m The current install state of 'C:\Users\Anis\eclipse-workspace\Appium\src\ApiDemos-debug.apk' is unknown. Installing anyway
[debug] &amp#27;[35m[ADB]&amp#27;[39m Running 'C:\Users\Anis\AppData\Local\Android\Sdk\platform-tools\adb.exe -P 5037 -s 55272e729804 help'
[debug] &amp#27;[35m[ADB]&amp#27;[39m Running 'C:\Users\Anis\AppData\Local\Android\Sdk\platform-tools\adb.exe -P 5037 -s 55272e729804 features'
&amp#27;[35m[ADB]&amp#27;[39m The application at 'C:\Users\Anis\eclipse-workspace\Appium\src\ApiDemos-debug.apk' will not be cached, because the device under test has confirmed the support of streamed installs
[debug] &amp#27;[35m[ADB]&amp#27;[39m Running 'C:\Users\Anis\AppData\Local\Android\Sdk\platform-tools\adb.exe -P 5037 -s 55272e729804 install -r C:\Users\Anis\eclipse-workspace\Appium\src\ApiDemos-debug.apk'
&amp#27;[35m[ADB]&amp#27;[39m The installation of 'ApiDemos-debug.apk' took 13013ms
[debug] &amp#27;[35m[ADB]&amp#27;[39m Install command stdout: Performing Streamed Install
[debug] &amp#27;[35m[ADB]&amp#27;[39m Success
&amp#27;[35m[AndroidDriver]&amp#27;[39m Performing fast reset on 'io.appium.android.apis'
[debug] &amp#27;[35m[ADB]&amp#27;[39m Getting install status for io.appium.android.apis
[debug] &amp#27;[35m[ADB]&amp#27;[39m Running 'C:\Users\Anis\AppData\Local\Android\Sdk\platform-tools\adb.exe -P 5037 -s 55272e729804 shell dumpsys package io.appium.android.apis'
[debug] &amp#27;[35m[ADB]&amp#27;[39m 'io.appium.android.apis' is installed
[debug] &amp#27;[35m[ADB]&amp#27;[39m Running 'C:\Users\Anis\AppData\Local\Android\Sdk\platform-tools\adb.exe -P 5037 -s 55272e729804 shell am force-stop io.appium.android.apis'
[debug] &amp#27;[35m[ADB]&amp#27;[39m Running 'C:\Users\Anis\AppData\Local\Android\Sdk\platform-tools\adb.exe -P 5037 -s 55272e729804 shell pm clear io.appium.android.apis'
[debug] &amp#27;[35m[AndroidDriver]&amp#27;[39m Performed fast reset on the installed 'io.appium.android.apis' application (stop and clear)
[debug] &amp#27;[35m[UiAutomator2]&amp#27;[39m Performing shallow cleanup of automation leftovers
[debug] &amp#27;[35m[UiAutomator2]&amp#27;[39m The following obsolete sessions are still running: [null]
[debug] &amp#27;[35m[UiAutomator2]&amp#27;[39m Cleaning up the obsolete sessions
[debug] &amp#27;[35m[ADB]&amp#27;[39m Running 'C:\Users\Anis\AppData\Local\Android\Sdk\platform-tools\adb.exe -P 5037 -s 55272e729804 shell am force-stop io.appium.uiautomator2.server.test'
&amp#27;[35m[UiAutomator2]&amp#27;[39m Starting UIAutomator2 server 4.21.1
&amp#27;[35m[UiAutomator2]&amp#27;[39m Using UIAutomator2 server from 'C:\Users\Anis\AppData\Roaming\npm\node_modules\appium\node_modules\appium-uiautomator2-server\apks\appium-uiautomator2-server-v4.21.1.apk' and test from 'C:\Users\Anis\AppData\Roaming\npm\node_modules\appium\node_modules\appium-uiautomator2-server\apks\appium-uiautomator2-server-debug-androidTest.apk'
&amp#27;[35m[UiAutomator2]&amp#27;[39m Waiting up to 30000ms for UiAutomator2 to be online...
[debug] &amp#27;[35m[ADB]&amp#27;[39m Creating ADB subprocess with args: ["-P",5037,"-s","55272e729804","shell","am","instrument","-w","-e","disableAnalytics",true,"io.appium.uiautomator2.server.test/androidx.test.runner.AndroidJUnitRunner"]
[debug] &amp#27;[35m[WD Proxy]&amp#27;[39m Matched '/status' to command name 'getStatus'
[debug] &amp#27;[35m[WD Proxy]&amp#27;[39m Proxying [GET /status] to [GET http://127.0.0.1:8211/wd/hub/status] with no body
&amp#27;[35m[WD Proxy]&amp#27;[39m socket hang up
[debug] &amp#27;[35m[WD Proxy]&amp#27;[39m Matched '/status' to command name 'getStatus'
[debug] &amp#27;[35m[WD Proxy]&amp#27;[39m Proxying [GET /status] to [GET http://127.0.0.1:8211/wd/hub/status] with no body
&amp#27;[35m[WD Proxy]&amp#27;[39m socket hang up
[debug] &amp#27;[35m[Instrumentation]&amp#27;[39m io.appium.uiautomator2.server.test.AppiumUiAutomator2Server:
[debug] &amp#27;[35m[WD Proxy]&amp#27;[39m Matched '/status' to command name 'getStatus'
[debug] &amp#27;[35m[WD Proxy]&amp#27;[39m Proxying [GET /status] to [GET http://127.0.0.1:8211/wd/hub/status] with no body
&amp#27;[35m[WD Proxy]&amp#27;[39m socket hang up
[debug] &amp#27;[35m[WD Proxy]&amp#27;[39m Matched '/status' to command name 'getStatus'
[debug] &amp#27;[35m[WD Proxy]&amp#27;[39m Proxying [GET /status] to [GET http://127.0.0.1:8211/wd/hub/status] with no body
[debug] &amp#27;[35m[WD Proxy]&amp#27;[39m Got response with status 200: {"sessionId":"None","value":{"message":"UiAutomator2 Server is ready to accept commands","ready":true}}
[debug] &amp#27;[35m[UiAutomator2]&amp#27;[39m The initialization of the instrumentation process took 3103ms
[debug] &amp#27;[35m[WD Proxy]&amp#27;[39m Matched '/session' to command name 'createSession'
[debug] &amp#27;[35m[WD Proxy]&amp#27;[39m Proxying [POST /session] to [POST http://127.0.0.1:8211/wd/hub/session] with body: {"capabilities":{"firstMatch":[{"platform":"LINUX","webStorageEnabled":false,"takesScreenshot":true,"javascriptEnabled":true,"databaseEnabled":false,"networkConnectionEnabled":true,"locationContextEnabled":false,"warnings":{},"desired":{"platformName":"android","app":"C:\\Users\\Anis\\eclipse-workspace\\Appium\\src\\ApiDemos-debug.apk","deviceName":"Redmi","newCommandTimeout":14},"platformName":"android","app":"C:\\Users\\Anis\\eclipse-workspace\\Appium\\src\\ApiDemos-debug.apk","deviceName":"55272e729804","newCommandTimeout":14,"deviceUDID":"55272e729804","appPackage":"io.appium.android.apis"}],"alwaysMatch":{}}}
[debug] &amp#27;[35m[WD Proxy]&amp#27;[39m Got response with status 200: {"sessionId":"968b6e53-7f99-43f0-b079-75d625dd17b6","value":{"capabilities":{"firstMatch":[{"platform":"LINUX","webStorageEnabled":false,"takesScreenshot":true,"javascriptEnabled":true,"databaseEnabled":false,"networkConnectionEnabled":true,"locationContextEnabled":false,"warnings":{},"desired":{"platformName":"android","app":"C:\\Users\\Anis\\eclipse-workspace\\Appium\\src\\ApiDemos-debug.apk","deviceName":"Redmi","newCommandTimeout":14},"platformName":"android","app":"C:\\Users\\Anis\\eclipse-workspace\\Appium\\src\\ApiDemos-debug.apk","deviceName":"55272e729804","newCommandTimeout":14,"deviceUDID":"55272e729804","appPackage":"io.appium.android.apis"}],"alwaysMatch":{}},"sessionId":"968b6e53-7f99-43f0-b079-75d625dd17b6"}}
&amp#27;[35m[WD Proxy]&amp#27;[39m Determined the downstream protocol as 'W3C'
[debug] &amp#27;[35m[WD Proxy]&amp#27;[39m Proxying [GET /appium/device/info] to [GET http://127.0.0.1:8211/wd/hub/session/968b6e53-7f99-43f0-b079-75d625dd17b6/appium/device/info] with no body
[debug] &amp#27;[35m[WD Proxy]&amp#27;[39m Got response with status 200: {"sessionId":"968b6e53-7f99-43f0-b079-75d625dd17b6","value":{"androidId":"62e279822e2e3c5b","apiVersion":"24","bluetooth":{"state":"OFF"},"brand":"xiaomi","carrierName":"airtel","displayDensity":480,"locale":"en_GB","manufacturer":"Xiaomi","model":"Redmi Note 4","networks":[{"capabilities":{"SSID":null,"linkDownBandwidthKbps":102400,"linkUpstreamBandwidthKbps":51200,"networkCapabilities":"NET_CAPABILITY_NOT_METERED,NET_CAPABILITY_NOT_RESTRICTED,NET_CAPABILITY_IMS,NET_CAPABILITY_NOT_VPN,NET_CAPABILITY_TRUSTED,NET_CAPABILITY_VALIDATED","signalStrength":-2147483648,"transportTypes":"TRANSPORT_CELLULAR"},"detailedState":"CONNECTED","extraInfo":"ims","isAvailable":true,"isConnected":true,"isFailover":false,"isRoaming":false,"state":"CONNECTED","subtype":13,"subtypeName":"LTE","type":0,"typeName":"MOBILE"},{"capabilities":{"SSID":null,"linkDownBandwidthKbps":102400,"linkUpstreamBandwidthKbps":51200,"networkCapabilities":"NET_CAPABILITY_NOT_RESTRICTED,NET_CAPABILITY_SUPL,NET_CAPABILITY_NOT_VPN,NET_CAPABILITY_INTE...
[debug] &amp#27;[35m[ADB]&amp#27;[39m Running 'C:\Users\Anis\AppData\Local\Android\Sdk\platform-tools\adb.exe -P 5037 -s 55272e729804 shell dumpsys window'
&amp#27;[35m[AndroidDriver]&amp#27;[39m Screen already unlocked, doing nothing
&amp#27;[35m[UiAutomator2]&amp#27;[39m Starting 'io.appium.android.apis/ApiDemos and waiting for 'io.appium.android.apis/ApiDemos'
[debug] &amp#27;[35m[ADB]&amp#27;[39m Running 'C:\Users\Anis\AppData\Local\Android\Sdk\platform-tools\adb.exe -P 5037 -s 55272e729804 shell am start -W -n io.appium.android.apis/ApiDemos -S -a android.intent.action.MAIN -c android.intent.category.LAUNCHER -f 0x10200000'
[debug] &amp#27;[35m[ADB]&amp#27;[39m We tried to start an activity that doesn't exist, retrying with '.ApiDemos' activity name
[debug] &amp#27;[35m[ADB]&amp#27;[39m Running 'C:\Users\Anis\AppData\Local\Android\Sdk\platform-tools\adb.exe -P 5037 -s 55272e729804 shell am start -W -n io.appium.android.apis/.ApiDemos -S -a android.intent.action.MAIN -c android.intent.category.LAUNCHER -f 0x10200000'
[debug] &amp#27;[35m[ADB]&amp#27;[39m Waiting up to 20000ms for activity matching pkg: 'io.appium.android.apis' and activity: 'ApiDemos' to be focused
[debug] &amp#27;[35m[ADB]&amp#27;[39m Possible activities, to be checked: 'ApiDemos', 'io.appium.android.apis.ApiDemos'
[debug] &amp#27;[35m[ADB]&amp#27;[39m Getting focused package and activity
[debug] &amp#27;[35m[ADB]&amp#27;[39m Running 'C:\Users\Anis\AppData\Local\Android\Sdk\platform-tools\adb.exe -P 5037 -s 55272e729804 shell dumpsys window windows'
[debug] &amp#27;[35m[ADB]&amp#27;[39m Found package: 'io.appium.android.apis' and fully qualified activity name : 'io.appium.android.apis.ApiDemos'
[debug] &amp#27;[35m[WD Proxy]&amp#27;[39m Proxying [GET /appium/device/pixel_ratio] to [GET http://127.0.0.1:8211/wd/hub/session/968b6e53-7f99-43f0-b079-75d625dd17b6/appium/device/pixel_ratio] with no body
[debug] &amp#27;[35m[WD Proxy]&amp#27;[39m Got response with status 200: {"sessionId":"968b6e53-7f99-43f0-b079-75d625dd17b6","value":3}
[debug] &amp#27;[35m[WD Proxy]&amp#27;[39m Matched '/appium/device/system_bars' to command name 'getSystemBars'
[debug] &amp#27;[35m[WD Proxy]&amp#27;[39m Proxying [GET /appium/device/system_bars] to [GET http://127.0.0.1:8211/wd/hub/session/968b6e53-7f99-43f0-b079-75d625dd17b6/appium/device/system_bars] with no body
[debug] &amp#27;[35m[WD Proxy]&amp#27;[39m Got response with status 200: {"sessionId":"968b6e53-7f99-43f0-b079-75d625dd17b6","value":{"statusBar":72}}
[debug] &amp#27;[35m[WD Proxy]&amp#27;[39m Matched '/window/current/size' to command name 'getWindowSize'
[debug] &amp#27;[35m[WD Proxy]&amp#27;[39m Proxying [GET /window/current/size] to [GET http://127.0.0.1:8211/wd/hub/session/968b6e53-7f99-43f0-b079-75d625dd17b6/window/current/size] with no body
[debug] &amp#27;[35m[WD Proxy]&amp#27;[39m Got response with status 200: {"sessionId":"968b6e53-7f99-43f0-b079-75d625dd17b6","value":{"height":1920,"width":1080}}
&amp#27;[35m[Appium]&amp#27;[39m New AndroidUiautomator2Driver session created successfully, session 91587b3d-2bab-485e-a876-9749992a1f49 added to master session list
[debug] &amp#27;[35m[BaseDriver]&amp#27;[39m Event 'newSessionStarted' logged at 1624011862271 (15:54:22 GMT+0530 (India Standard Time))
[debug] &amp#27;[35m[W3C (91587b3d)]&amp#27;[39m Cached the protocol value 'W3C' for the new session 91587b3d-2bab-485e-a876-9749992a1f49
[debug] &amp#27;[35m[W3C (91587b3d)]&amp#27;[39m Responding to client with driver.createSession() result: {"capabilities":{"platform":"LINUX","webStorageEnabled":false,"takesScreenshot":true,"javascriptEnabled":true,"databaseEnabled":false,"networkConnectionEnabled":true,"locationContextEnabled":false,"warnings":{},"desired":{"platformName":"android","app":"C:\\Users\\Anis\\eclipse-workspace\\Appium\\src\\ApiDemos-debug.apk","deviceName":"Redmi","newCommandTimeout":14},"platformName":"android","app":"C:\\Users\\Anis\\eclipse-workspace\\Appium\\src\\ApiDemos-debug.apk","deviceName":"55272e729804","newCommandTimeout":14,"deviceUDID":"55272e729804","appPackage":"io.appium.android.apis","deviceApiLevel":24,"platformVersion":"7.0","deviceScreenSize":"1080x1920","deviceScreenDensity":480,"deviceModel":"Redmi Note 4","deviceManufacturer":"Xiaomi","pixelRatio":3,"statBarHeight":72,"viewportRect":{"left":0,"top":72,"width":1080,"height":1848}}}
&amp#27;[35m[HTTP]&amp#27;[39m &amp#27;[37m<-- POST /wd/hub/session &amp#27;[39m&amp#27;[32m200&amp#27;[39m &amp#27;[90m31190 ms - 904&amp#27;[39m
&amp#27;[35m[HTTP]&amp#27;[39m &amp#27;[90m&amp#27;[39m
&amp#27;[35m[HTTP]&amp#27;[39m &amp#27;[37m-->&amp#27;[39m &amp#27;[37mGET&amp#27;[39m &amp#27;[37m/wd/hub/session/91587b3d-2bab-485e-a876-9749992a1f49&amp#27;[39m
&amp#27;[35m[HTTP]&amp#27;[39m &amp#27;[90m{}&amp#27;[39m
[debug] &amp#27;[35m[W3C (91587b3d)]&amp#27;[39m Calling AppiumDriver.getSession() with args: ["91587b3d-2bab-485e-a876-9749992a1f49"]
[debug] &amp#27;[35m[UiAutomator2]&amp#27;[39m Getting session details from server to mix in
[debug] &amp#27;[35m[WD Proxy]&amp#27;[39m Matched '/' to command name 'getSession'
[debug] &amp#27;[35m[WD Proxy]&amp#27;[39m Proxying [GET /] to [GET http://127.0.0.1:8211/wd/hub/session/968b6e53-7f99-43f0-b079-75d625dd17b6] with no body
[debug] &amp#27;[35m[WD Proxy]&amp#27;[39m Got response with status 200: {"sessionId":"968b6e53-7f99-43f0-b079-75d625dd17b6","value":{"lastScrollData":null}}
[debug] &amp#27;[35m[W3C (91587b3d)]&amp#27;[39m Responding to client with driver.getSession() result: {"platform":"LINUX","webStorageEnabled":false,"takesScreenshot":true,"javascriptEnabled":true,"databaseEnabled":false,"networkConnectionEnabled":true,"locationContextEnabled":false,"warnings":{},"desired":{"platformName":"android","app":"C:\\Users\\Anis\\eclipse-workspace\\Appium\\src\\ApiDemos-debug.apk","deviceName":"Redmi","newCommandTimeout":14},"platformName":"android","app":"C:\\Users\\Anis\\eclipse-workspace\\Appium\\src\\ApiDemos-debug.apk","deviceName":"55272e729804","newCommandTimeout":14,"deviceUDID":"55272e729804","appPackage":"io.appium.android.apis","deviceApiLevel":24,"platformVersion":"7.0","deviceScreenSize":"1080x1920","deviceScreenDensity":480,"deviceModel":"Redmi Note 4","deviceManufacturer":"Xiaomi","pixelRatio":3,"statBarHeight":72,"viewportRect":{"left":0,"top":72,"width":1080,"height":1848},"lastScrollData":null}
&amp#27;[35m[HTTP]&amp#27;[39m &amp#27;[37m<-- GET /wd/hub/session/91587b3d-2bab-485e-a876-9749992a1f49 &amp#27;[39m&amp#27;[32m200&amp#27;[39m &amp#27;[90m16 ms - 858&amp#27;[39m
&amp#27;[35m[HTTP]&amp#27;[39m &amp#27;[90m&amp#27;[39m
&amp#27;[35m[HTTP]&amp#27;[39m &amp#27;[37m-->&amp#27;[39m &amp#27;[37mGET&amp#27;[39m &amp#27;[37m/wd/hub/session/91587b3d-2bab-485e-a876-9749992a1f49&amp#27;[39m
&amp#27;[35m[HTTP]&amp#27;[39m &amp#27;[90m{}&amp#27;[39m
[debug] &amp#27;[35m[W3C (91587b3d)]&amp#27;[39m Calling AppiumDriver.getSession() with args: ["91587b3d-2bab-485e-a876-9749992a1f49"]
[debug] &amp#27;[35m[UiAutomator2]&amp#27;[39m Getting session details from server to mix in
[debug] &amp#27;[35m[WD Proxy]&amp#27;[39m Matched '/' to command name 'getSession'
[debug] &amp#27;[35m[WD Proxy]&amp#27;[39m Proxying [GET /] to [GET http://127.0.0.1:8211/wd/hub/session/968b6e53-7f99-43f0-b079-75d625dd17b6] with no body
[debug] &amp#27;[35m[WD Proxy]&amp#27;[39m Got response with status 200: {"sessionId":"968b6e53-7f99-43f0-b079-75d625dd17b6","value":{"lastScrollData":null}}
[debug] &amp#27;[35m[W3C (91587b3d)]&amp#27;[39m Responding to client with driver.getSession() result: {"platform":"LINUX","webStorageEnabled":false,"takesScreenshot":true,"javascriptEnabled":true,"databaseEnabled":false,"networkConnectionEnabled":true,"locationContextEnabled":false,"warnings":{},"desired":{"platformName":"android","app":"C:\\Users\\Anis\\eclipse-workspace\\Appium\\src\\ApiDemos-debug.apk","deviceName":"Redmi","newCommandTimeout":14},"platformName":"android","app":"C:\\Users\\Anis\\eclipse-workspace\\Appium\\src\\ApiDemos-debug.apk","deviceName":"55272e729804","newCommandTimeout":14,"deviceUDID":"55272e729804","appPackage":"io.appium.android.apis","deviceApiLevel":24,"platformVersion":"7.0","deviceScreenSize":"1080x1920","deviceScreenDensity":480,"deviceModel":"Redmi Note 4","deviceManufacturer":"Xiaomi","pixelRatio":3,"statBarHeight":72,"viewportRect":{"left":0,"top":72,"width":1080,"height":1848},"lastScrollData":null}
&amp#27;[35m[HTTP]&amp#27;[39m &amp#27;[37m<-- GET /wd/hub/session/91587b3d-2bab-485e-a876-9749992a1f49 &amp#27;[39m&amp#27;[32m200&amp#27;[39m &amp#27;[90m17 ms - 858&amp#27;[39m
&amp#27;[35m[HTTP]&amp#27;[39m &amp#27;[90m&amp#27;[39m
&amp#27;[35m[HTTP]&amp#27;[39m &amp#27;[37m-->&amp#27;[39m &amp#27;[37mGET&amp#27;[39m &amp#27;[37m/wd/hub/session/91587b3d-2bab-485e-a876-9749992a1f49&amp#27;[39m
&amp#27;[35m[HTTP]&amp#27;[39m &amp#27;[90m{}&amp#27;[39m
[debug] &amp#27;[35m[W3C (91587b3d)]&amp#27;[39m Calling AppiumDriver.getSession() with args: ["91587b3d-2bab-485e-a876-9749992a1f49"]
[debug] &amp#27;[35m[UiAutomator2]&amp#27;[39m Getting session details from server to mix in
[debug] &amp#27;[35m[WD Proxy]&amp#27;[39m Matched '/' to command name 'getSession'
[debug] &amp#27;[35m[WD Proxy]&amp#27;[39m Proxying [GET /] to [GET http://127.0.0.1:8211/wd/hub/session/968b6e53-7f99-43f0-b079-75d625dd17b6] with no body
[debug] &amp#27;[35m[WD Proxy]&amp#27;[39m Got response with status 200: {"sessionId":"968b6e53-7f99-43f0-b079-75d625dd17b6","value":{"lastScrollData":null}}
[debug] &amp#27;[35m[W3C (91587b3d)]&amp#27;[39m Responding to client with driver.getSession() result: {"platform":"LINUX","webStorageEnabled":false,"takesScreenshot":true,"javascriptEnabled":true,"databaseEnabled":false,"networkConnectionEnabled":true,"locationContextEnabled":false,"warnings":{},"desired":{"platformName":"android","app":"C:\\Users\\Anis\\eclipse-workspace\\Appium\\src\\ApiDemos-debug.apk","deviceName":"Redmi","newCommandTimeout":14},"platformName":"android","app":"C:\\Users\\Anis\\eclipse-workspace\\Appium\\src\\ApiDemos-debug.apk","deviceName":"55272e729804","newCommandTimeout":14,"deviceUDID":"55272e729804","appPackage":"io.appium.android.apis","deviceApiLevel":24,"platformVersion":"7.0","deviceScreenSize":"1080x1920","deviceScreenDensity":480,"deviceModel":"Redmi Note 4","deviceManufacturer":"Xiaomi","pixelRatio":3,"statBarHeight":72,"viewportRect":{"left":0,"top":72,"width":1080,"height":1848},"lastScrollData":null}
&amp#27;[35m[HTTP]&amp#27;[39m &amp#27;[37m<-- GET /wd/hub/session/91587b3d-2bab-485e-a876-9749992a1f49 &amp#27;[39m&amp#27;[32m200&amp#27;[39m &amp#27;[90m11 ms - 858&amp#27;[39m
&amp#27;[35m[HTTP]&amp#27;[39m &amp#27;[90m&amp#27;[39m
&amp#27;[35m[HTTP]&amp#27;[39m &amp#27;[37m-->&amp#27;[39m &amp#27;[37mGET&amp#27;[39m &amp#27;[37m/wd/hub/session/91587b3d-2bab-485e-a876-9749992a1f49&amp#27;[39m
&amp#27;[35m[HTTP]&amp#27;[39m &amp#27;[90m{}&amp#27;[39m
[debug] &amp#27;[35m[W3C (91587b3d)]&amp#27;[39m Calling AppiumDriver.getSession() with args: ["91587b3d-2bab-485e-a876-9749992a1f49"]
[debug] &amp#27;[35m[UiAutomator2]&amp#27;[39m Getting session details from server to mix in
[debug] &amp#27;[35m[WD Proxy]&amp#27;[39m Matched '/' to command name 'getSession'
[debug] &amp#27;[35m[WD Proxy]&amp#27;[39m Proxying [GET /] to [GET http://127.0.0.1:8211/wd/hub/session/968b6e53-7f99-43f0-b079-75d625dd17b6] with no body
[debug] &amp#27;[35m[WD Proxy]&amp#27;[39m Got response with status 200: {"sessionId":"968b6e53-7f99-43f0-b079-75d625dd17b6","value":{"lastScrollData":null}}
[debug] &amp#27;[35m[W3C (91587b3d)]&amp#27;[39m Responding to client with driver.getSession() result: {"platform":"LINUX","webStorageEnabled":false,"takesScreenshot":true,"javascriptEnabled":true,"databaseEnabled":false,"networkConnectionEnabled":true,"locationContextEnabled":false,"warnings":{},"desired":{"platformName":"android","app":"C:\\Users\\Anis\\eclipse-workspace\\Appium\\src\\ApiDemos-debug.apk","deviceName":"Redmi","newCommandTimeout":14},"platformName":"android","app":"C:\\Users\\Anis\\eclipse-workspace\\Appium\\src\\ApiDemos-debug.apk","deviceName":"55272e729804","newCommandTimeout":14,"deviceUDID":"55272e729804","appPackage":"io.appium.android.apis","deviceApiLevel":24,"platformVersion":"7.0","deviceScreenSize":"1080x1920","deviceScreenDensity":480,"deviceModel":"Redmi Note 4","deviceManufacturer":"Xiaomi","pixelRatio":3,"statBarHeight":72,"viewportRect":{"left":0,"top":72,"width":1080,"height":1848},"lastScrollData":null}
&amp#27;[35m[HTTP]&amp#27;[39m &amp#27;[37m<-- GET /wd/hub/session/91587b3d-2bab-485e-a876-9749992a1f49 &amp#27;[39m&amp#27;[32m200&amp#27;[39m &amp#27;[90m25 ms - 858&amp#27;[39m
&amp#27;[35m[HTTP]&amp#27;[39m &amp#27;[90m&amp#27;[39m
&amp#27;[35m[HTTP]&amp#27;[39m &amp#27;[37m-->&amp#27;[39m &amp#27;[37mPOST&amp#27;[39m &amp#27;[37m/wd/hub/session/91587b3d-2bab-485e-a876-9749992a1f49/timeouts&amp#27;[39m
&amp#27;[35m[HTTP]&amp#27;[39m &amp#27;[90m{"implicit":10000}&amp#27;[39m
[debug] &amp#27;[35m[W3C (91587b3d)]&amp#27;[39m Calling AppiumDriver.timeouts() with args: [null,null,null,null,10000,"91587b3d-2bab-485e-a876-9749992a1f49"]
[debug] &amp#27;[35m[BaseDriver]&amp#27;[39m W3C timeout argument: {"implicit":10000}}
[debug] &amp#27;[35m[BaseDriver]&amp#27;[39m Set implicit wait to 10000ms
[debug] &amp#27;[35m[W3C (91587b3d)]&amp#27;[39m Responding to client with driver.timeouts() result: null
&amp#27;[35m[HTTP]&amp#27;[39m &amp#27;[37m<-- POST /wd/hub/session/91587b3d-2bab-485e-a876-9749992a1f49/timeouts &amp#27;[39m&amp#27;[32m200&amp#27;[39m &amp#27;[90m6 ms - 14&amp#27;[39m
&amp#27;[35m[HTTP]&amp#27;[39m &amp#27;[90m&amp#27;[39m
[INFO ] 2021-06-18 15:54:22.573 [main] Listeners - *******************ApiDemoTest.apiDemoTest started*******************
&amp#27;[35m[HTTP]&amp#27;[39m &amp#27;[37m-->&amp#27;[39m &amp#27;[37mGET&amp#27;[39m &amp#27;[37m/wd/hub/session/91587b3d-2bab-485e-a876-9749992a1f49&amp#27;[39m
&amp#27;[35m[HTTP]&amp#27;[39m &amp#27;[90m{}&amp#27;[39m
[debug] &amp#27;[35m[W3C (91587b3d)]&amp#27;[39m Calling AppiumDriver.getSession() with args: ["91587b3d-2bab-485e-a876-9749992a1f49"]
[debug] &amp#27;[35m[UiAutomator2]&amp#27;[39m Getting session details from server to mix in
[debug] &amp#27;[35m[WD Proxy]&amp#27;[39m Matched '/' to command name 'getSession'
[debug] &amp#27;[35m[WD Proxy]&amp#27;[39m Proxying [GET /] to [GET http://127.0.0.1:8211/wd/hub/session/968b6e53-7f99-43f0-b079-75d625dd17b6] with no body
[debug] &amp#27;[35m[WD Proxy]&amp#27;[39m Got response with status 200: {"sessionId":"968b6e53-7f99-43f0-b079-75d625dd17b6","value":{"lastScrollData":null}}
[debug] &amp#27;[35m[W3C (91587b3d)]&amp#27;[39m Responding to client with driver.getSession() result: {"platform":"LINUX","webStorageEnabled":false,"takesScreenshot":true,"javascriptEnabled":true,"databaseEnabled":false,"networkConnectionEnabled":true,"locationContextEnabled":false,"warnings":{},"desired":{"platformName":"android","app":"C:\\Users\\Anis\\eclipse-workspace\\Appium\\src\\ApiDemos-debug.apk","deviceName":"Redmi","newCommandTimeout":14},"platformName":"android","app":"C:\\Users\\Anis\\eclipse-workspace\\Appium\\src\\ApiDemos-debug.apk","deviceName":"55272e729804","newCommandTimeout":14,"deviceUDID":"55272e729804","appPackage":"io.appium.android.apis","deviceApiLevel":24,"platformVersion":"7.0","deviceScreenSize":"1080x1920","deviceScreenDensity":480,"deviceModel":"Redmi Note 4","deviceManufacturer":"Xiaomi","pixelRatio":3,"statBarHeight":72,"viewportRect":{"left":0,"top":72,"width":1080,"height":1848},"lastScrollData":null}
&amp#27;[35m[HTTP]&amp#27;[39m &amp#27;[37m<-- GET /wd/hub/session/91587b3d-2bab-485e-a876-9749992a1f49 &amp#27;[39m&amp#27;[32m200&amp#27;[39m &amp#27;[90m17 ms - 858&amp#27;[39m
&amp#27;[35m[HTTP]&amp#27;[39m &amp#27;[90m&amp#27;[39m
&amp#27;[35m[HTTP]&amp#27;[39m &amp#27;[37m-->&amp#27;[39m &amp#27;[37mGET&amp#27;[39m &amp#27;[37m/wd/hub/session/91587b3d-2bab-485e-a876-9749992a1f49&amp#27;[39m
&amp#27;[35m[HTTP]&amp#27;[39m &amp#27;[90m{}&amp#27;[39m
[debug] &amp#27;[35m[W3C (91587b3d)]&amp#27;[39m Calling AppiumDriver.getSession() with args: ["91587b3d-2bab-485e-a876-9749992a1f49"]
[debug] &amp#27;[35m[UiAutomator2]&amp#27;[39m Getting session details from server to mix in
[debug] &amp#27;[35m[WD Proxy]&amp#27;[39m Matched '/' to command name 'getSession'
[debug] &amp#27;[35m[WD Proxy]&amp#27;[39m Proxying [GET /] to [GET http://127.0.0.1:8211/wd/hub/session/968b6e53-7f99-43f0-b079-75d625dd17b6] with no body
[debug] &amp#27;[35m[WD Proxy]&amp#27;[39m Got response with status 200: {"sessionId":"968b6e53-7f99-43f0-b079-75d625dd17b6","value":{"lastScrollData":null}}
[debug] &amp#27;[35m[W3C (91587b3d)]&amp#27;[39m Responding to client with driver.getSession() result: {"platform":"LINUX","webStorageEnabled":false,"takesScreenshot":true,"javascriptEnabled":true,"databaseEnabled":false,"networkConnectionEnabled":true,"locationContextEnabled":false,"warnings":{},"desired":{"platformName":"android","app":"C:\\Users\\Anis\\eclipse-workspace\\Appium\\src\\ApiDemos-debug.apk","deviceName":"Redmi","newCommandTimeout":14},"platformName":"android","app":"C:\\Users\\Anis\\eclipse-workspace\\Appium\\src\\ApiDemos-debug.apk","deviceName":"55272e729804","newCommandTimeout":14,"deviceUDID":"55272e729804","appPackage":"io.appium.android.apis","deviceApiLevel":24,"platformVersion":"7.0","deviceScreenSize":"1080x1920","deviceScreenDensity":480,"deviceModel":"Redmi Note 4","deviceManufacturer":"Xiaomi","pixelRatio":3,"statBarHeight":72,"viewportRect":{"left":0,"top":72,"width":1080,"height":1848},"lastScrollData":null}
&amp#27;[35m[HTTP]&amp#27;[39m &amp#27;[37m<-- GET /wd/hub/session/91587b3d-2bab-485e-a876-9749992a1f49 &amp#27;[39m&amp#27;[32m200&amp#27;[39m &amp#27;[90m14 ms - 858&amp#27;[39m
&amp#27;[35m[HTTP]&amp#27;[39m &amp#27;[90m&amp#27;[39m
[INFO ] 2021-06-18 15:54:22.854 [main] ExplicitWait - Waiting for element to be visible: Located by By.chained({By.xpath: //android.widget.TextView[@text='Preference']})
[INFO ] 2021-06-18 15:54:22.855 [main] ExplicitWait - Waiting for element to be visible: Located by By.chained({By.xpath: //android.widget.TextView[@text='Preference']})
&amp#27;[35m[HTTP]&amp#27;[39m &amp#27;[37m-->&amp#27;[39m &amp#27;[37mPOST&amp#27;[39m &amp#27;[37m/wd/hub/session/91587b3d-2bab-485e-a876-9749992a1f49/timeouts&amp#27;[39m
&amp#27;[35m[HTTP]&amp#27;[39m &amp#27;[90m{"implicit":0}&amp#27;[39m
[debug] &amp#27;[35m[W3C (91587b3d)]&amp#27;[39m Calling AppiumDriver.timeouts() with args: [null,null,null,null,0,"91587b3d-2bab-485e-a876-9749992a1f49"]
[debug] &amp#27;[35m[BaseDriver]&amp#27;[39m W3C timeout argument: {"implicit":0}}
[debug] &amp#27;[35m[BaseDriver]&amp#27;[39m Set implicit wait to 0ms
[debug] &amp#27;[35m[W3C (91587b3d)]&amp#27;[39m Responding to client with driver.timeouts() result: null
&amp#27;[35m[HTTP]&amp#27;[39m &amp#27;[37m<-- POST /wd/hub/session/91587b3d-2bab-485e-a876-9749992a1f49/timeouts &amp#27;[39m&amp#27;[32m200&amp#27;[39m &amp#27;[90m5 ms - 14&amp#27;[39m
&amp#27;[35m[HTTP]&amp#27;[39m &amp#27;[90m&amp#27;[39m
&amp#27;[35m[HTTP]&amp#27;[39m &amp#27;[37m-->&amp#27;[39m &amp#27;[37mGET&amp#27;[39m &amp#27;[37m/wd/hub/session/91587b3d-2bab-485e-a876-9749992a1f49&amp#27;[39m
&amp#27;[35m[HTTP]&amp#27;[39m &amp#27;[90m{}&amp#27;[39m
[debug] &amp#27;[35m[W3C (91587b3d)]&amp#27;[39m Calling AppiumDriver.getSession() with args: ["91587b3d-2bab-485e-a876-9749992a1f49"]
[debug] &amp#27;[35m[UiAutomator2]&amp#27;[39m Getting session details from server to mix in
[debug] &amp#27;[35m[WD Proxy]&amp#27;[39m Matched '/' to command name 'getSession'
[debug] &amp#27;[35m[WD Proxy]&amp#27;[39m Proxying [GET /] to [GET http://127.0.0.1:8211/wd/hub/session/968b6e53-7f99-43f0-b079-75d625dd17b6] with no body
[debug] &amp#27;[35m[WD Proxy]&amp#27;[39m Got response with status 200: {"sessionId":"968b6e53-7f99-43f0-b079-75d625dd17b6","value":{"lastScrollData":null}}
[debug] &amp#27;[35m[W3C (91587b3d)]&amp#27;[39m Responding to client with driver.getSession() result: {"platform":"LINUX","webStorageEnabled":false,"takesScreenshot":true,"javascriptEnabled":true,"databaseEnabled":false,"networkConnectionEnabled":true,"locationContextEnabled":false,"warnings":{},"desired":{"platformName":"android","app":"C:\\Users\\Anis\\eclipse-workspace\\Appium\\src\\ApiDemos-debug.apk","deviceName":"Redmi","newCommandTimeout":14},"platformName":"android","app":"C:\\Users\\Anis\\eclipse-workspace\\Appium\\src\\ApiDemos-debug.apk","deviceName":"55272e729804","newCommandTimeout":14,"deviceUDID":"55272e729804","appPackage":"io.appium.android.apis","deviceApiLevel":24,"platformVersion":"7.0","deviceScreenSize":"1080x1920","deviceScreenDensity":480,"deviceModel":"Redmi Note 4","deviceManufacturer":"Xiaomi","pixelRatio":3,"statBarHeight":72,"viewportRect":{"left":0,"top":72,"width":1080,"height":1848},"lastScrollData":null}
&amp#27;[35m[HTTP]&amp#27;[39m &amp#27;[37m<-- GET /wd/hub/session/91587b3d-2bab-485e-a876-9749992a1f49 &amp#27;[39m&amp#27;[32m200&amp#27;[39m &amp#27;[90m10 ms - 858&amp#27;[39m
&amp#27;[35m[HTTP]&amp#27;[39m &amp#27;[90m&amp#27;[39m
&amp#27;[35m[HTTP]&amp#27;[39m &amp#27;[37m-->&amp#27;[39m &amp#27;[37mPOST&amp#27;[39m &amp#27;[37m/wd/hub/session/91587b3d-2bab-485e-a876-9749992a1f49/element&amp#27;[39m
&amp#27;[35m[HTTP]&amp#27;[39m &amp#27;[90m{"using":"xpath","value":"//android.widget.TextView[@text='Preference']"}&amp#27;[39m
[debug] &amp#27;[35m[W3C (91587b3d)]&amp#27;[39m Calling AppiumDriver.findElement() with args: ["xpath","//android.widget.TextView[@text='Preference']","91587b3d-2bab-485e-a876-9749992a1f49"]
[debug] &amp#27;[35m[BaseDriver]&amp#27;[39m Valid locator strategies for this request: xpath, id, class name, accessibility id, css selector, -android uiautomator
[debug] &amp#27;[35m[BaseDriver]&amp#27;[39m Waiting up to 0 ms for condition
[debug] &amp#27;[35m[WD Proxy]&amp#27;[39m Matched '/element' to command name 'findElement'
[debug] &amp#27;[35m[WD Proxy]&amp#27;[39m Proxying [POST /element] to [POST http://127.0.0.1:8211/wd/hub/session/968b6e53-7f99-43f0-b079-75d625dd17b6/element] with body: {"strategy":"xpath","selector":"//android.widget.TextView[@text='Preference']","context":"","multiple":false}
[debug] &amp#27;[35m[WD Proxy]&amp#27;[39m Got response with status 200: {"sessionId":"968b6e53-7f99-43f0-b079-75d625dd17b6","value":{"ELEMENT":"9ddb6ba3-b124-4a04-b2fa-38f0e31a5b1b","element-6066-11e4-a52e-4f735466cecf":"9ddb6ba3-b124-4a04-b2fa-38f0e31a5b1b"}}
[debug] &amp#27;[35m[W3C (91587b3d)]&amp#27;[39m Responding to client with driver.findElement() result: {"element-6066-11e4-a52e-4f735466cecf":"9ddb6ba3-b124-4a04-b2fa-38f0e31a5b1b","ELEMENT":"9ddb6ba3-b124-4a04-b2fa-38f0e31a5b1b"}
&amp#27;[35m[HTTP]&amp#27;[39m &amp#27;[37m<-- POST /wd/hub/session/91587b3d-2bab-485e-a876-9749992a1f49/element &amp#27;[39m&amp#27;[32m200&amp#27;[39m &amp#27;[90m160 ms - 137&amp#27;[39m
&amp#27;[35m[HTTP]&amp#27;[39m &amp#27;[90m&amp#27;[39m
&amp#27;[35m[HTTP]&amp#27;[39m &amp#27;[37m-->&amp#27;[39m &amp#27;[37mGET&amp#27;[39m &amp#27;[37m/wd/hub/session/91587b3d-2bab-485e-a876-9749992a1f49/element/9ddb6ba3-b124-4a04-b2fa-38f0e31a5b1b/displayed&amp#27;[39m
&amp#27;[35m[HTTP]&amp#27;[39m &amp#27;[90m{}&amp#27;[39m
[debug] &amp#27;[35m[W3C (91587b3d)]&amp#27;[39m Calling AppiumDriver.elementDisplayed() with args: ["9ddb6ba3-b124-4a04-b2fa-38f0e31a5b1b","91587b3d-2bab-485e-a876-9749992a1f49"]
[debug] &amp#27;[35m[WD Proxy]&amp#27;[39m Matched '/element/9ddb6ba3-b124-4a04-b2fa-38f0e31a5b1b/attribute/displayed' to command name 'getAttribute'
[debug] &amp#27;[35m[WD Proxy]&amp#27;[39m Proxying [GET /element/9ddb6ba3-b124-4a04-b2fa-38f0e31a5b1b/attribute/displayed] to [GET http://127.0.0.1:8211/wd/hub/session/968b6e53-7f99-43f0-b079-75d625dd17b6/element/9ddb6ba3-b124-4a04-b2fa-38f0e31a5b1b/attribute/displayed] with no body
[debug] &amp#27;[35m[WD Proxy]&amp#27;[39m Got response with status 200: {"sessionId":"968b6e53-7f99-43f0-b079-75d625dd17b6","value":"true"}
[debug] &amp#27;[35m[W3C (91587b3d)]&amp#27;[39m Responding to client with driver.elementDisplayed() result: true
&amp#27;[35m[HTTP]&amp#27;[39m &amp#27;[37m<-- GET /wd/hub/session/91587b3d-2bab-485e-a876-9749992a1f49/element/9ddb6ba3-b124-4a04-b2fa-38f0e31a5b1b/displayed &amp#27;[39m&amp#27;[32m200&amp#27;[39m &amp#27;[90m32 ms - 14&amp#27;[39m
&amp#27;[35m[HTTP]&amp#27;[39m &amp#27;[90m&amp#27;[39m
&amp#27;[35m[HTTP]&amp#27;[39m &amp#27;[37m-->&amp#27;[39m &amp#27;[37mPOST&amp#27;[39m &amp#27;[37m/wd/hub/session/91587b3d-2bab-485e-a876-9749992a1f49/timeouts&amp#27;[39m
&amp#27;[35m[HTTP]&amp#27;[39m &amp#27;[90m{"implicit":10000}&amp#27;[39m
[debug] &amp#27;[35m[W3C (91587b3d)]&amp#27;[39m Calling AppiumDriver.timeouts() with args: [null,null,null,null,10000,"91587b3d-2bab-485e-a876-9749992a1f49"]
[debug] &amp#27;[35m[BaseDriver]&amp#27;[39m W3C timeout argument: {"implicit":10000}}
[debug] &amp#27;[35m[BaseDriver]&amp#27;[39m Set implicit wait to 10000ms
[debug] &amp#27;[35m[W3C (91587b3d)]&amp#27;[39m Responding to client with driver.timeouts() result: null
&amp#27;[35m[HTTP]&amp#27;[39m &amp#27;[37m<-- POST /wd/hub/session/91587b3d-2bab-485e-a876-9749992a1f49/timeouts &amp#27;[39m&amp#27;[32m200&amp#27;[39m &amp#27;[90m3 ms - 14&amp#27;[39m
&amp#27;[35m[HTTP]&amp#27;[39m &amp#27;[90m&amp#27;[39m
[INFO ] 2021-06-18 15:54:23.144 [main] HomePage - Clicks The Preferences
[INFO ] 2021-06-18 15:54:23.144 [main] ExplicitWait - Waiting for element to be clickable: Located by By.chained({By.xpath: //android.widget.TextView[@text='Preference']})
&amp#27;[35m[HTTP]&amp#27;[39m &amp#27;[37m-->&amp#27;[39m &amp#27;[37mPOST&amp#27;[39m &amp#27;[37m/wd/hub/session/91587b3d-2bab-485e-a876-9749992a1f49/timeouts&amp#27;[39m
&amp#27;[35m[HTTP]&amp#27;[39m &amp#27;[90m{"implicit":0}&amp#27;[39m
[debug] &amp#27;[35m[W3C (91587b3d)]&amp#27;[39m Calling AppiumDriver.timeouts() with args: [null,null,null,null,0,"91587b3d-2bab-485e-a876-9749992a1f49"]
[debug] &amp#27;[35m[BaseDriver]&amp#27;[39m W3C timeout argument: {"implicit":0}}
[debug] &amp#27;[35m[BaseDriver]&amp#27;[39m Set implicit wait to 0ms
[debug] &amp#27;[35m[W3C (91587b3d)]&amp#27;[39m Responding to client with driver.timeouts() result: null
&amp#27;[35m[HTTP]&amp#27;[39m &amp#27;[37m<-- POST /wd/hub/session/91587b3d-2bab-485e-a876-9749992a1f49/timeouts &amp#27;[39m&amp#27;[32m200&amp#27;[39m &amp#27;[90m3 ms - 14&amp#27;[39m
&amp#27;[35m[HTTP]&amp#27;[39m &amp#27;[90m&amp#27;[39m
&amp#27;[35m[HTTP]&amp#27;[39m &amp#27;[37m-->&amp#27;[39m &amp#27;[37mGET&amp#27;[39m &amp#27;[37m/wd/hub/session/91587b3d-2bab-485e-a876-9749992a1f49&amp#27;[39m
&amp#27;[35m[HTTP]&amp#27;[39m &amp#27;[90m{}&amp#27;[39m
[debug] &amp#27;[35m[W3C (91587b3d)]&amp#27;[39m Calling AppiumDriver.getSession() with args: ["91587b3d-2bab-485e-a876-9749992a1f49"]
[debug] &amp#27;[35m[UiAutomator2]&amp#27;[39m Getting session details from server to mix in
[debug] &amp#27;[35m[WD Proxy]&amp#27;[39m Matched '/' to command name 'getSession'
[debug] &amp#27;[35m[WD Proxy]&amp#27;[39m Proxying [GET /] to [GET http://127.0.0.1:8211/wd/hub/session/968b6e53-7f99-43f0-b079-75d625dd17b6] with no body
[debug] &amp#27;[35m[WD Proxy]&amp#27;[39m Got response with status 200: {"sessionId":"968b6e53-7f99-43f0-b079-75d625dd17b6","value":{"lastScrollData":null}}
[debug] &amp#27;[35m[W3C (91587b3d)]&amp#27;[39m Responding to client with driver.getSession() result: {"platform":"LINUX","webStorageEnabled":false,"takesScreenshot":true,"javascriptEnabled":true,"databaseEnabled":false,"networkConnectionEnabled":true,"locationContextEnabled":false,"warnings":{},"desired":{"platformName":"android","app":"C:\\Users\\Anis\\eclipse-workspace\\Appium\\src\\ApiDemos-debug.apk","deviceName":"Redmi","newCommandTimeout":14},"platformName":"android","app":"C:\\Users\\Anis\\eclipse-workspace\\Appium\\src\\ApiDemos-debug.apk","deviceName":"55272e729804","newCommandTimeout":14,"deviceUDID":"55272e729804","appPackage":"io.appium.android.apis","deviceApiLevel":24,"platformVersion":"7.0","deviceScreenSize":"1080x1920","deviceScreenDensity":480,"deviceModel":"Redmi Note 4","deviceManufacturer":"Xiaomi","pixelRatio":3,"statBarHeight":72,"viewportRect":{"left":0,"top":72,"width":1080,"height":1848},"lastScrollData":null}
&amp#27;[35m[HTTP]&amp#27;[39m &amp#27;[37m<-- GET /wd/hub/session/91587b3d-2bab-485e-a876-9749992a1f49 &amp#27;[39m&amp#27;[32m200&amp#27;[39m &amp#27;[90m12 ms - 858&amp#27;[39m
&amp#27;[35m[HTTP]&amp#27;[39m &amp#27;[90m&amp#27;[39m
&amp#27;[35m[HTTP]&amp#27;[39m &amp#27;[37m-->&amp#27;[39m &amp#27;[37mPOST&amp#27;[39m &amp#27;[37m/wd/hub/session/91587b3d-2bab-485e-a876-9749992a1f49/element&amp#27;[39m
&amp#27;[35m[HTTP]&amp#27;[39m &amp#27;[90m{"using":"xpath","value":"//android.widget.TextView[@text='Preference']"}&amp#27;[39m
[debug] &amp#27;[35m[W3C (91587b3d)]&amp#27;[39m Calling AppiumDriver.findElement() with args: ["xpath","//android.widget.TextView[@text='Preference']","91587b3d-2bab-485e-a876-9749992a1f49"]
[debug] &amp#27;[35m[BaseDriver]&amp#27;[39m Valid locator strategies for this request: xpath, id, class name, accessibility id, css selector, -android uiautomator
[debug] &amp#27;[35m[BaseDriver]&amp#27;[39m Waiting up to 0 ms for condition
[debug] &amp#27;[35m[WD Proxy]&amp#27;[39m Matched '/element' to command name 'findElement'
[debug] &amp#27;[35m[WD Proxy]&amp#27;[39m Proxying [POST /element] to [POST http://127.0.0.1:8211/wd/hub/session/968b6e53-7f99-43f0-b079-75d625dd17b6/element] with body: {"strategy":"xpath","selector":"//android.widget.TextView[@text='Preference']","context":"","multiple":false}
[debug] &amp#27;[35m[WD Proxy]&amp#27;[39m Got response with status 200: {"sessionId":"968b6e53-7f99-43f0-b079-75d625dd17b6","value":{"ELEMENT":"70ed33cc-9c98-413f-ae6c-17d421d446eb","element-6066-11e4-a52e-4f735466cecf":"70ed33cc-9c98-413f-ae6c-17d421d446eb"}}
[debug] &amp#27;[35m[W3C (91587b3d)]&amp#27;[39m Responding to client with driver.findElement() result: {"element-6066-11e4-a52e-4f735466cecf":"70ed33cc-9c98-413f-ae6c-17d421d446eb","ELEMENT":"70ed33cc-9c98-413f-ae6c-17d421d446eb"}
&amp#27;[35m[HTTP]&amp#27;[39m &amp#27;[37m<-- POST /wd/hub/session/91587b3d-2bab-485e-a876-9749992a1f49/element &amp#27;[39m&amp#27;[32m200&amp#27;[39m &amp#27;[90m37 ms - 137&amp#27;[39m
&amp#27;[35m[HTTP]&amp#27;[39m &amp#27;[90m&amp#27;[39m
&amp#27;[35m[HTTP]&amp#27;[39m &amp#27;[37m-->&amp#27;[39m &amp#27;[37mGET&amp#27;[39m &amp#27;[37m/wd/hub/session/91587b3d-2bab-485e-a876-9749992a1f49/element/70ed33cc-9c98-413f-ae6c-17d421d446eb/displayed&amp#27;[39m
&amp#27;[35m[HTTP]&amp#27;[39m &amp#27;[90m{}&amp#27;[39m
[debug] &amp#27;[35m[W3C (91587b3d)]&amp#27;[39m Calling AppiumDriver.elementDisplayed() with args: ["70ed33cc-9c98-413f-ae6c-17d421d446eb","91587b3d-2bab-485e-a876-9749992a1f49"]
[debug] &amp#27;[35m[WD Proxy]&amp#27;[39m Matched '/element/70ed33cc-9c98-413f-ae6c-17d421d446eb/attribute/displayed' to command name 'getAttribute'
[debug] &amp#27;[35m[WD Proxy]&amp#27;[39m Proxying [GET /element/70ed33cc-9c98-413f-ae6c-17d421d446eb/attribute/displayed] to [GET http://127.0.0.1:8211/wd/hub/session/968b6e53-7f99-43f0-b079-75d625dd17b6/element/70ed33cc-9c98-413f-ae6c-17d421d446eb/attribute/displayed] with no body
[debug] &amp#27;[35m[WD Proxy]&amp#27;[39m Got response with status 200: {"sessionId":"968b6e53-7f99-43f0-b079-75d625dd17b6","value":"true"}
[debug] &amp#27;[35m[W3C (91587b3d)]&amp#27;[39m Responding to client with driver.elementDisplayed() result: true
&amp#27;[35m[HTTP]&amp#27;[39m &amp#27;[37m<-- GET /wd/hub/session/91587b3d-2bab-485e-a876-9749992a1f49/element/70ed33cc-9c98-413f-ae6c-17d421d446eb/displayed &amp#27;[39m&amp#27;[32m200&amp#27;[39m &amp#27;[90m17 ms - 14&amp#27;[39m
&amp#27;[35m[HTTP]&amp#27;[39m &amp#27;[90m&amp#27;[39m
&amp#27;[35m[HTTP]&amp#27;[39m &amp#27;[37m-->&amp#27;[39m &amp#27;[37mGET&amp#27;[39m &amp#27;[37m/wd/hub/session/91587b3d-2bab-485e-a876-9749992a1f49&amp#27;[39m
&amp#27;[35m[HTTP]&amp#27;[39m &amp#27;[90m{}&amp#27;[39m
[debug] &amp#27;[35m[W3C (91587b3d)]&amp#27;[39m Calling AppiumDriver.getSession() with args: ["91587b3d-2bab-485e-a876-9749992a1f49"]
[debug] &amp#27;[35m[UiAutomator2]&amp#27;[39m Getting session details from server to mix in
[debug] &amp#27;[35m[WD Proxy]&amp#27;[39m Matched '/' to command name 'getSession'
[debug] &amp#27;[35m[WD Proxy]&amp#27;[39m Proxying [GET /] to [GET http://127.0.0.1:8211/wd/hub/session/968b6e53-7f99-43f0-b079-75d625dd17b6] with no body
[debug] &amp#27;[35m[WD Proxy]&amp#27;[39m Got response with status 200: {"sessionId":"968b6e53-7f99-43f0-b079-75d625dd17b6","value":{"lastScrollData":null}}
[debug] &amp#27;[35m[W3C (91587b3d)]&amp#27;[39m Responding to client with driver.getSession() result: {"platform":"LINUX","webStorageEnabled":false,"takesScreenshot":true,"javascriptEnabled":true,"databaseEnabled":false,"networkConnectionEnabled":true,"locationContextEnabled":false,"warnings":{},"desired":{"platformName":"android","app":"C:\\Users\\Anis\\eclipse-workspace\\Appium\\src\\ApiDemos-debug.apk","deviceName":"Redmi","newCommandTimeout":14},"platformName":"android","app":"C:\\Users\\Anis\\eclipse-workspace\\Appium\\src\\ApiDemos-debug.apk","deviceName":"55272e729804","newCommandTimeout":14,"deviceUDID":"55272e729804","appPackage":"io.appium.android.apis","deviceApiLevel":24,"platformVersion":"7.0","deviceScreenSize":"1080x1920","deviceScreenDensity":480,"deviceModel":"Redmi Note 4","deviceManufacturer":"Xiaomi","pixelRatio":3,"statBarHeight":72,"viewportRect":{"left":0,"top":72,"width":1080,"height":1848},"lastScrollData":null}
&amp#27;[35m[HTTP]&amp#27;[39m &amp#27;[37m<-- GET /wd/hub/session/91587b3d-2bab-485e-a876-9749992a1f49 &amp#27;[39m&amp#27;[32m200&amp#27;[39m &amp#27;[90m9 ms - 858&amp#27;[39m
&amp#27;[35m[HTTP]&amp#27;[39m &amp#27;[90m&amp#27;[39m
&amp#27;[35m[HTTP]&amp#27;[39m &amp#27;[37m-->&amp#27;[39m &amp#27;[37mPOST&amp#27;[39m &amp#27;[37m/wd/hub/session/91587b3d-2bab-485e-a876-9749992a1f49/element&amp#27;[39m
&amp#27;[35m[HTTP]&amp#27;[39m &amp#27;[90m{"using":"xpath","value":"//android.widget.TextView[@text='Preference']"}&amp#27;[39m
[debug] &amp#27;[35m[W3C (91587b3d)]&amp#27;[39m Calling AppiumDriver.findElement() with args: ["xpath","//android.widget.TextView[@text='Preference']","91587b3d-2bab-485e-a876-9749992a1f49"]
[debug] &amp#27;[35m[BaseDriver]&amp#27;[39m Valid locator strategies for this request: xpath, id, class name, accessibility id, css selector, -android uiautomator
[debug] &amp#27;[35m[BaseDriver]&amp#27;[39m Waiting up to 0 ms for condition
[debug] &amp#27;[35m[WD Proxy]&amp#27;[39m Matched '/element' to command name 'findElement'
[debug] &amp#27;[35m[WD Proxy]&amp#27;[39m Proxying [POST /element] to [POST http://127.0.0.1:8211/wd/hub/session/968b6e53-7f99-43f0-b079-75d625dd17b6/element] with body: {"strategy":"xpath","selector":"//android.widget.TextView[@text='Preference']","context":"","multiple":false}
[debug] &amp#27;[35m[WD Proxy]&amp#27;[39m Got response with status 200: {"sessionId":"968b6e53-7f99-43f0-b079-75d625dd17b6","value":{"ELEMENT":"efba8fc6-9c8b-4569-bd84-6e36def4b7b9","element-6066-11e4-a52e-4f735466cecf":"efba8fc6-9c8b-4569-bd84-6e36def4b7b9"}}
[debug] &amp#27;[35m[W3C (91587b3d)]&amp#27;[39m Responding to client with driver.findElement() result: {"element-6066-11e4-a52e-4f735466cecf":"efba8fc6-9c8b-4569-bd84-6e36def4b7b9","ELEMENT":"efba8fc6-9c8b-4569-bd84-6e36def4b7b9"}
&amp#27;[35m[HTTP]&amp#27;[39m &amp#27;[37m<-- POST /wd/hub/session/91587b3d-2bab-485e-a876-9749992a1f49/element &amp#27;[39m&amp#27;[32m200&amp#27;[39m &amp#27;[90m36 ms - 137&amp#27;[39m
&amp#27;[35m[HTTP]&amp#27;[39m &amp#27;[90m&amp#27;[39m
&amp#27;[35m[HTTP]&amp#27;[39m &amp#27;[37m-->&amp#27;[39m &amp#27;[37mGET&amp#27;[39m &amp#27;[37m/wd/hub/session/91587b3d-2bab-485e-a876-9749992a1f49/element/efba8fc6-9c8b-4569-bd84-6e36def4b7b9/enabled&amp#27;[39m
&amp#27;[35m[HTTP]&amp#27;[39m &amp#27;[90m{}&amp#27;[39m
[debug] &amp#27;[35m[W3C (91587b3d)]&amp#27;[39m Calling AppiumDriver.elementEnabled() with args: ["efba8fc6-9c8b-4569-bd84-6e36def4b7b9","91587b3d-2bab-485e-a876-9749992a1f49"]
[debug] &amp#27;[35m[WD Proxy]&amp#27;[39m Matched '/element/efba8fc6-9c8b-4569-bd84-6e36def4b7b9/attribute/enabled' to command name 'getAttribute'
[debug] &amp#27;[35m[WD Proxy]&amp#27;[39m Proxying [GET /element/efba8fc6-9c8b-4569-bd84-6e36def4b7b9/attribute/enabled] to [GET http://127.0.0.1:8211/wd/hub/session/968b6e53-7f99-43f0-b079-75d625dd17b6/element/efba8fc6-9c8b-4569-bd84-6e36def4b7b9/attribute/enabled] with no body
[debug] &amp#27;[35m[WD Proxy]&amp#27;[39m Got response with status 200: {"sessionId":"968b6e53-7f99-43f0-b079-75d625dd17b6","value":"true"}
[debug] &amp#27;[35m[W3C (91587b3d)]&amp#27;[39m Responding to client with driver.elementEnabled() result: true
&amp#27;[35m[HTTP]&amp#27;[39m &amp#27;[37m<-- GET /wd/hub/session/91587b3d-2bab-485e-a876-9749992a1f49/element/efba8fc6-9c8b-4569-bd84-6e36def4b7b9/enabled &amp#27;[39m&amp#27;[32m200&amp#27;[39m &amp#27;[90m39 ms - 14&amp#27;[39m
&amp#27;[35m[HTTP]&amp#27;[39m &amp#27;[90m&amp#27;[39m
&amp#27;[35m[HTTP]&amp#27;[39m &amp#27;[37m-->&amp#27;[39m &amp#27;[37mPOST&amp#27;[39m &amp#27;[37m/wd/hub/session/91587b3d-2bab-485e-a876-9749992a1f49/timeouts&amp#27;[39m
&amp#27;[35m[HTTP]&amp#27;[39m &amp#27;[90m{"implicit":10000}&amp#27;[39m
[debug] &amp#27;[35m[W3C (91587b3d)]&amp#27;[39m Calling AppiumDriver.timeouts() with args: [null,null,null,null,10000,"91587b3d-2bab-485e-a876-9749992a1f49"]
[debug] &amp#27;[35m[BaseDriver]&amp#27;[39m W3C timeout argument: {"implicit":10000}}
[debug] &amp#27;[35m[BaseDriver]&amp#27;[39m Set implicit wait to 10000ms
[debug] &amp#27;[35m[W3C (91587b3d)]&amp#27;[39m Responding to client with driver.timeouts() result: null
&amp#27;[35m[HTTP]&amp#27;[39m &amp#27;[37m<-- POST /wd/hub/session/91587b3d-2bab-485e-a876-9749992a1f49/timeouts &amp#27;[39m&amp#27;[32m200&amp#27;[39m &amp#27;[90m3 ms - 14&amp#27;[39m
&amp#27;[35m[HTTP]&amp#27;[39m &amp#27;[90m&amp#27;[39m
&amp#27;[35m[HTTP]&amp#27;[39m &amp#27;[37m-->&amp#27;[39m &amp#27;[37mGET&amp#27;[39m &amp#27;[37m/wd/hub/session/91587b3d-2bab-485e-a876-9749992a1f49&amp#27;[39m
&amp#27;[35m[HTTP]&amp#27;[39m &amp#27;[90m{}&amp#27;[39m
[debug] &amp#27;[35m[W3C (91587b3d)]&amp#27;[39m Calling AppiumDriver.getSession() with args: ["91587b3d-2bab-485e-a876-9749992a1f49"]
[debug] &amp#27;[35m[UiAutomator2]&amp#27;[39m Getting session details from server to mix in
[debug] &amp#27;[35m[WD Proxy]&amp#27;[39m Matched '/' to command name 'getSession'
[debug] &amp#27;[35m[WD Proxy]&amp#27;[39m Proxying [GET /] to [GET http://127.0.0.1:8211/wd/hub/session/968b6e53-7f99-43f0-b079-75d625dd17b6] with no body
[debug] &amp#27;[35m[WD Proxy]&amp#27;[39m Got response with status 200: {"sessionId":"968b6e53-7f99-43f0-b079-75d625dd17b6","value":{"lastScrollData":null}}
[debug] &amp#27;[35m[W3C (91587b3d)]&amp#27;[39m Responding to client with driver.getSession() result: {"platform":"LINUX","webStorageEnabled":false,"takesScreenshot":true,"javascriptEnabled":true,"databaseEnabled":false,"networkConnectionEnabled":true,"locationContextEnabled":false,"warnings":{},"desired":{"platformName":"android","app":"C:\\Users\\Anis\\eclipse-workspace\\Appium\\src\\ApiDemos-debug.apk","deviceName":"Redmi","newCommandTimeout":14},"platformName":"android","app":"C:\\Users\\Anis\\eclipse-workspace\\Appium\\src\\ApiDemos-debug.apk","deviceName":"55272e729804","newCommandTimeout":14,"deviceUDID":"55272e729804","appPackage":"io.appium.android.apis","deviceApiLevel":24,"platformVersion":"7.0","deviceScreenSize":"1080x1920","deviceScreenDensity":480,"deviceModel":"Redmi Note 4","deviceManufacturer":"Xiaomi","pixelRatio":3,"statBarHeight":72,"viewportRect":{"left":0,"top":72,"width":1080,"height":1848},"lastScrollData":null}
&amp#27;[35m[HTTP]&amp#27;[39m &amp#27;[37m<-- GET /wd/hub/session/91587b3d-2bab-485e-a876-9749992a1f49 &amp#27;[39m&amp#27;[32m200&amp#27;[39m &amp#27;[90m11 ms - 858&amp#27;[39m
&amp#27;[35m[HTTP]&amp#27;[39m &amp#27;[90m&amp#27;[39m
&amp#27;[35m[HTTP]&amp#27;[39m &amp#27;[37m-->&amp#27;[39m &amp#27;[37mPOST&amp#27;[39m &amp#27;[37m/wd/hub/session/91587b3d-2bab-485e-a876-9749992a1f49/element&amp#27;[39m
&amp#27;[35m[HTTP]&amp#27;[39m &amp#27;[90m{"using":"xpath","value":"//android.widget.TextView[@text='Preference']"}&amp#27;[39m
[debug] &amp#27;[35m[W3C (91587b3d)]&amp#27;[39m Calling AppiumDriver.findElement() with args: ["xpath","//android.widget.TextView[@text='Preference']","91587b3d-2bab-485e-a876-9749992a1f49"]
[debug] &amp#27;[35m[BaseDriver]&amp#27;[39m Valid locator strategies for this request: xpath, id, class name, accessibility id, css selector, -android uiautomator
[debug] &amp#27;[35m[BaseDriver]&amp#27;[39m Waiting up to 10000 ms for condition
[debug] &amp#27;[35m[WD Proxy]&amp#27;[39m Matched '/element' to command name 'findElement'
[debug] &amp#27;[35m[WD Proxy]&amp#27;[39m Proxying [POST /element] to [POST http://127.0.0.1:8211/wd/hub/session/968b6e53-7f99-43f0-b079-75d625dd17b6/element] with body: {"strategy":"xpath","selector":"//android.widget.TextView[@text='Preference']","context":"","multiple":false}
[debug] &amp#27;[35m[WD Proxy]&amp#27;[39m Got response with status 200: {"sessionId":"968b6e53-7f99-43f0-b079-75d625dd17b6","value":{"ELEMENT":"c3d35f0d-1442-4312-8c61-dd929f18f633","element-6066-11e4-a52e-4f735466cecf":"c3d35f0d-1442-4312-8c61-dd929f18f633"}}
[debug] &amp#27;[35m[W3C (91587b3d)]&amp#27;[39m Responding to client with driver.findElement() result: {"element-6066-11e4-a52e-4f735466cecf":"c3d35f0d-1442-4312-8c61-dd929f18f633","ELEMENT":"c3d35f0d-1442-4312-8c61-dd929f18f633"}
&amp#27;[35m[HTTP]&amp#27;[39m &amp#27;[37m<-- POST /wd/hub/session/91587b3d-2bab-485e-a876-9749992a1f49/element &amp#27;[39m&amp#27;[32m200&amp#27;[39m &amp#27;[90m50 ms - 137&amp#27;[39m
&amp#27;[35m[HTTP]&amp#27;[39m &amp#27;[90m&amp#27;[39m
&amp#27;[35m[HTTP]&amp#27;[39m &amp#27;[37m-->&amp#27;[39m &amp#27;[37mPOST&amp#27;[39m &amp#27;[37m/wd/hub/session/91587b3d-2bab-485e-a876-9749992a1f49/element/c3d35f0d-1442-4312-8c61-dd929f18f633/click&amp#27;[39m
&amp#27;[35m[HTTP]&amp#27;[39m &amp#27;[90m{"id":"c3d35f0d-1442-4312-8c61-dd929f18f633"}&amp#27;[39m
[debug] &amp#27;[35m[W3C (91587b3d)]&amp#27;[39m Calling AppiumDriver.click() with args: ["c3d35f0d-1442-4312-8c61-dd929f18f633","91587b3d-2bab-485e-a876-9749992a1f49"]
[debug] &amp#27;[35m[WD Proxy]&amp#27;[39m Matched '/element/c3d35f0d-1442-4312-8c61-dd929f18f633/click' to command name 'click'
[debug] &amp#27;[35m[WD Proxy]&amp#27;[39m Proxying [POST /element/c3d35f0d-1442-4312-8c61-dd929f18f633/click] to [POST http://127.0.0.1:8211/wd/hub/session/968b6e53-7f99-43f0-b079-75d625dd17b6/element/c3d35f0d-1442-4312-8c61-dd929f18f633/click] with body: {"element":"c3d35f0d-1442-4312-8c61-dd929f18f633"}
[debug] &amp#27;[35m[WD Proxy]&amp#27;[39m Got response with status 200: {"sessionId":"968b6e53-7f99-43f0-b079-75d625dd17b6","value":null}
[debug] &amp#27;[35m[W3C (91587b3d)]&amp#27;[39m Responding to client with driver.click() result: null
&amp#27;[35m[HTTP]&amp#27;[39m &amp#27;[37m<-- POST /wd/hub/session/91587b3d-2bab-485e-a876-9749992a1f49/element/c3d35f0d-1442-4312-8c61-dd929f18f633/click &amp#27;[39m&amp#27;[32m200&amp#27;[39m &amp#27;[90m1343 ms - 14&amp#27;[39m
&amp#27;[35m[HTTP]&amp#27;[39m &amp#27;[90m&amp#27;[39m
&amp#27;[35m[HTTP]&amp#27;[39m &amp#27;[37m-->&amp#27;[39m &amp#27;[37mGET&amp#27;[39m &amp#27;[37m/wd/hub/session/91587b3d-2bab-485e-a876-9749992a1f49&amp#27;[39m
&amp#27;[35m[HTTP]&amp#27;[39m &amp#27;[90m{}&amp#27;[39m
[debug] &amp#27;[35m[W3C (91587b3d)]&amp#27;[39m Calling AppiumDriver.getSession() with args: ["91587b3d-2bab-485e-a876-9749992a1f49"]
[debug] &amp#27;[35m[UiAutomator2]&amp#27;[39m Getting session details from server to mix in
[debug] &amp#27;[35m[WD Proxy]&amp#27;[39m Matched '/' to command name 'getSession'
[debug] &amp#27;[35m[WD Proxy]&amp#27;[39m Proxying [GET /] to [GET http://127.0.0.1:8211/wd/hub/session/968b6e53-7f99-43f0-b079-75d625dd17b6] with no body
[debug] &amp#27;[35m[WD Proxy]&amp#27;[39m Got response with status 200: {"sessionId":"968b6e53-7f99-43f0-b079-75d625dd17b6","value":{"lastScrollData":null}}
[debug] &amp#27;[35m[W3C (91587b3d)]&amp#27;[39m Responding to client with driver.getSession() result: {"platform":"LINUX","webStorageEnabled":false,"takesScreenshot":true,"javascriptEnabled":true,"databaseEnabled":false,"networkConnectionEnabled":true,"locationContextEnabled":false,"warnings":{},"desired":{"platformName":"android","app":"C:\\Users\\Anis\\eclipse-workspace\\Appium\\src\\ApiDemos-debug.apk","deviceName":"Redmi","newCommandTimeout":14},"platformName":"android","app":"C:\\Users\\Anis\\eclipse-workspace\\Appium\\src\\ApiDemos-debug.apk","deviceName":"55272e729804","newCommandTimeout":14,"deviceUDID":"55272e729804","appPackage":"io.appium.android.apis","deviceApiLevel":24,"platformVersion":"7.0","deviceScreenSize":"1080x1920","deviceScreenDensity":480,"deviceModel":"Redmi Note 4","deviceManufacturer":"Xiaomi","pixelRatio":3,"statBarHeight":72,"viewportRect":{"left":0,"top":72,"width":1080,"height":1848},"lastScrollData":null}
&amp#27;[35m[HTTP]&amp#27;[39m &amp#27;[37m<-- GET /wd/hub/session/91587b3d-2bab-485e-a876-9749992a1f49 &amp#27;[39m&amp#27;[32m200&amp#27;[39m &amp#27;[90m11 ms - 858&amp#27;[39m
&amp#27;[35m[HTTP]&amp#27;[39m &amp#27;[90m&amp#27;[39m
&amp#27;[35m[HTTP]&amp#27;[39m &amp#27;[37m-->&amp#27;[39m &amp#27;[37mGET&amp#27;[39m &amp#27;[37m/wd/hub/session/91587b3d-2bab-485e-a876-9749992a1f49&amp#27;[39m
&amp#27;[35m[HTTP]&amp#27;[39m &amp#27;[90m{}&amp#27;[39m
[debug] &amp#27;[35m[W3C (91587b3d)]&amp#27;[39m Calling AppiumDriver.getSession() with args: ["91587b3d-2bab-485e-a876-9749992a1f49"]
[debug] &amp#27;[35m[UiAutomator2]&amp#27;[39m Getting session details from server to mix in
[debug] &amp#27;[35m[WD Proxy]&amp#27;[39m Matched '/' to command name 'getSession'
[debug] &amp#27;[35m[WD Proxy]&amp#27;[39m Proxying [GET /] to [GET http://127.0.0.1:8211/wd/hub/session/968b6e53-7f99-43f0-b079-75d625dd17b6] with no body
[debug] &amp#27;[35m[WD Proxy]&amp#27;[39m Got response with status 200: {"sessionId":"968b6e53-7f99-43f0-b079-75d625dd17b6","value":{"lastScrollData":null}}
[debug] &amp#27;[35m[W3C (91587b3d)]&amp#27;[39m Responding to client with driver.getSession() result: {"platform":"LINUX","webStorageEnabled":false,"takesScreenshot":true,"javascriptEnabled":true,"databaseEnabled":false,"networkConnectionEnabled":true,"locationContextEnabled":false,"warnings":{},"desired":{"platformName":"android","app":"C:\\Users\\Anis\\eclipse-workspace\\Appium\\src\\ApiDemos-debug.apk","deviceName":"Redmi","newCommandTimeout":14},"platformName":"android","app":"C:\\Users\\Anis\\eclipse-workspace\\Appium\\src\\ApiDemos-debug.apk","deviceName":"55272e729804","newCommandTimeout":14,"deviceUDID":"55272e729804","appPackage":"io.appium.android.apis","deviceApiLevel":24,"platformVersion":"7.0","deviceScreenSize":"1080x1920","deviceScreenDensity":480,"deviceModel":"Redmi Note 4","deviceManufacturer":"Xiaomi","pixelRatio":3,"statBarHeight":72,"viewportRect":{"left":0,"top":72,"width":1080,"height":1848},"lastScrollData":null}
&amp#27;[35m[HTTP]&amp#27;[39m &amp#27;[37m<-- GET /wd/hub/session/91587b3d-2bab-485e-a876-9749992a1f49 &amp#27;[39m&amp#27;[32m200&amp#27;[39m &amp#27;[90m10 ms - 858&amp#27;[39m
&amp#27;[35m[HTTP]&amp#27;[39m &amp#27;[90m&amp#27;[39m
[INFO ] 2021-06-18 15:54:24.878 [main] ExplicitWait - Waiting for element to be visible: Located by By.chained({By.xpath: //android.widget.TextView[@text='3. Preference dependencies']})
[INFO ] 2021-06-18 15:54:24.879 [main] ExplicitWait - Waiting for element to be visible: Located by By.chained({By.xpath: //android.widget.TextView[@text='3. Preference dependencies']})
&amp#27;[35m[HTTP]&amp#27;[39m &amp#27;[37m-->&amp#27;[39m &amp#27;[37mPOST&amp#27;[39m &amp#27;[37m/wd/hub/session/91587b3d-2bab-485e-a876-9749992a1f49/timeouts&amp#27;[39m
&amp#27;[35m[HTTP]&amp#27;[39m &amp#27;[90m{"implicit":0}&amp#27;[39m
[debug] &amp#27;[35m[W3C (91587b3d)]&amp#27;[39m Calling AppiumDriver.timeouts() with args: [null,null,null,null,0,"91587b3d-2bab-485e-a876-9749992a1f49"]
[debug] &amp#27;[35m[BaseDriver]&amp#27;[39m W3C timeout argument: {"implicit":0}}
[debug] &amp#27;[35m[BaseDriver]&amp#27;[39m Set implicit wait to 0ms
[debug] &amp#27;[35m[W3C (91587b3d)]&amp#27;[39m Responding to client with driver.timeouts() result: null
&amp#27;[35m[HTTP]&amp#27;[39m &amp#27;[37m<-- POST /wd/hub/session/91587b3d-2bab-485e-a876-9749992a1f49/timeouts &amp#27;[39m&amp#27;[32m200&amp#27;[39m &amp#27;[90m3 ms - 14&amp#27;[39m
&amp#27;[35m[HTTP]&amp#27;[39m &amp#27;[90m&amp#27;[39m
&amp#27;[35m[HTTP]&amp#27;[39m &amp#27;[37m-->&amp#27;[39m &amp#27;[37mGET&amp#27;[39m &amp#27;[37m/wd/hub/session/91587b3d-2bab-485e-a876-9749992a1f49&amp#27;[39m
&amp#27;[35m[HTTP]&amp#27;[39m &amp#27;[90m{}&amp#27;[39m
[debug] &amp#27;[35m[W3C (91587b3d)]&amp#27;[39m Calling AppiumDriver.getSession() with args: ["91587b3d-2bab-485e-a876-9749992a1f49"]
[debug] &amp#27;[35m[UiAutomator2]&amp#27;[39m Getting session details from server to mix in
[debug] &amp#27;[35m[WD Proxy]&amp#27;[39m Matched '/' to command name 'getSession'
[debug] &amp#27;[35m[WD Proxy]&amp#27;[39m Proxying [GET /] to [GET http://127.0.0.1:8211/wd/hub/session/968b6e53-7f99-43f0-b079-75d625dd17b6] with no body
[debug] &amp#27;[35m[WD Proxy]&amp#27;[39m Got response with status 200: {"sessionId":"968b6e53-7f99-43f0-b079-75d625dd17b6","value":{"lastScrollData":null}}
[debug] &amp#27;[35m[W3C (91587b3d)]&amp#27;[39m Responding to client with driver.getSession() result: {"platform":"LINUX","webStorageEnabled":false,"takesScreenshot":true,"javascriptEnabled":true,"databaseEnabled":false,"networkConnectionEnabled":true,"locationContextEnabled":false,"warnings":{},"desired":{"platformName":"android","app":"C:\\Users\\Anis\\eclipse-workspace\\Appium\\src\\ApiDemos-debug.apk","deviceName":"Redmi","newCommandTimeout":14},"platformName":"android","app":"C:\\Users\\Anis\\eclipse-workspace\\Appium\\src\\ApiDemos-debug.apk","deviceName":"55272e729804","newCommandTimeout":14,"deviceUDID":"55272e729804","appPackage":"io.appium.android.apis","deviceApiLevel":24,"platformVersion":"7.0","deviceScreenSize":"1080x1920","deviceScreenDensity":480,"deviceModel":"Redmi Note 4","deviceManufacturer":"Xiaomi","pixelRatio":3,"statBarHeight":72,"viewportRect":{"left":0,"top":72,"width":1080,"height":1848},"lastScrollData":null}
&amp#27;[35m[HTTP]&amp#27;[39m &amp#27;[37m<-- GET /wd/hub/session/91587b3d-2bab-485e-a876-9749992a1f49 &amp#27;[39m&amp#27;[32m200&amp#27;[39m &amp#27;[90m11 ms - 858&amp#27;[39m
&amp#27;[35m[HTTP]&amp#27;[39m &amp#27;[90m&amp#27;[39m
&amp#27;[35m[HTTP]&amp#27;[39m &amp#27;[37m-->&amp#27;[39m &amp#27;[37mPOST&amp#27;[39m &amp#27;[37m/wd/hub/session/91587b3d-2bab-485e-a876-9749992a1f49/element&amp#27;[39m
&amp#27;[35m[HTTP]&amp#27;[39m &amp#27;[90m{"using":"xpath","value":"//android.widget.TextView[@text='3. Preference dependencies']"}&amp#27;[39m
[debug] &amp#27;[35m[W3C (91587b3d)]&amp#27;[39m Calling AppiumDriver.findElement() with args: ["xpath","//android.widget.TextView[@text='3. Preference dependencies']","91587b3d-2bab-485e-a876-9749992a1f49"]
[debug] &amp#27;[35m[BaseDriver]&amp#27;[39m Valid locator strategies for this request: xpath, id, class name, accessibility id, css selector, -android uiautomator
[debug] &amp#27;[35m[BaseDriver]&amp#27;[39m Waiting up to 0 ms for condition
[debug] &amp#27;[35m[WD Proxy]&amp#27;[39m Matched '/element' to command name 'findElement'
[debug] &amp#27;[35m[WD Proxy]&amp#27;[39m Proxying [POST /element] to [POST http://127.0.0.1:8211/wd/hub/session/968b6e53-7f99-43f0-b079-75d625dd17b6/element] with body: {"strategy":"xpath","selector":"//android.widget.TextView[@text='3. Preference dependencies']","context":"","multiple":false}
[debug] &amp#27;[35m[WD Proxy]&amp#27;[39m Got response with status 200: {"sessionId":"968b6e53-7f99-43f0-b079-75d625dd17b6","value":{"ELEMENT":"f15ed128-ceae-41b8-8a02-419f053b9019","element-6066-11e4-a52e-4f735466cecf":"f15ed128-ceae-41b8-8a02-419f053b9019"}}
[debug] &amp#27;[35m[W3C (91587b3d)]&amp#27;[39m Responding to client with driver.findElement() result: {"element-6066-11e4-a52e-4f735466cecf":"f15ed128-ceae-41b8-8a02-419f053b9019","ELEMENT":"f15ed128-ceae-41b8-8a02-419f053b9019"}
&amp#27;[35m[HTTP]&amp#27;[39m &amp#27;[37m<-- POST /wd/hub/session/91587b3d-2bab-485e-a876-9749992a1f49/element &amp#27;[39m&amp#27;[32m200&amp#27;[39m &amp#27;[90m47 ms - 137&amp#27;[39m
&amp#27;[35m[HTTP]&amp#27;[39m &amp#27;[90m&amp#27;[39m
&amp#27;[35m[HTTP]&amp#27;[39m &amp#27;[37m-->&amp#27;[39m &amp#27;[37mGET&amp#27;[39m &amp#27;[37m/wd/hub/session/91587b3d-2bab-485e-a876-9749992a1f49/element/f15ed128-ceae-41b8-8a02-419f053b9019/displayed&amp#27;[39m
&amp#27;[35m[HTTP]&amp#27;[39m &amp#27;[90m{}&amp#27;[39m
[debug] &amp#27;[35m[W3C (91587b3d)]&amp#27;[39m Calling AppiumDriver.elementDisplayed() with args: ["f15ed128-ceae-41b8-8a02-419f053b9019","91587b3d-2bab-485e-a876-9749992a1f49"]
[debug] &amp#27;[35m[WD Proxy]&amp#27;[39m Matched '/element/f15ed128-ceae-41b8-8a02-419f053b9019/attribute/displayed' to command name 'getAttribute'
[debug] &amp#27;[35m[WD Proxy]&amp#27;[39m Proxying [GET /element/f15ed128-ceae-41b8-8a02-419f053b9019/attribute/displayed] to [GET http://127.0.0.1:8211/wd/hub/session/968b6e53-7f99-43f0-b079-75d625dd17b6/element/f15ed128-ceae-41b8-8a02-419f053b9019/attribute/displayed] with no body
[debug] &amp#27;[35m[WD Proxy]&amp#27;[39m Got response with status 200: {"sessionId":"968b6e53-7f99-43f0-b079-75d625dd17b6","value":"true"}
[debug] &amp#27;[35m[W3C (91587b3d)]&amp#27;[39m Responding to client with driver.elementDisplayed() result: true
&amp#27;[35m[HTTP]&amp#27;[39m &amp#27;[37m<-- GET /wd/hub/session/91587b3d-2bab-485e-a876-9749992a1f49/element/f15ed128-ceae-41b8-8a02-419f053b9019/displayed &amp#27;[39m&amp#27;[32m200&amp#27;[39m &amp#27;[90m20 ms - 14&amp#27;[39m
&amp#27;[35m[HTTP]&amp#27;[39m &amp#27;[90m&amp#27;[39m
&amp#27;[35m[HTTP]&amp#27;[39m &amp#27;[37m-->&amp#27;[39m &amp#27;[37mPOST&amp#27;[39m &amp#27;[37m/wd/hub/session/91587b3d-2bab-485e-a876-9749992a1f49/timeouts&amp#27;[39m
&amp#27;[35m[HTTP]&amp#27;[39m &amp#27;[90m{"implicit":10000}&amp#27;[39m
[debug] &amp#27;[35m[W3C (91587b3d)]&amp#27;[39m Calling AppiumDriver.timeouts() with args: [null,null,null,null,10000,"91587b3d-2bab-485e-a876-9749992a1f49"]
[debug] &amp#27;[35m[BaseDriver]&amp#27;[39m W3C timeout argument: {"implicit":10000}}
[debug] &amp#27;[35m[BaseDriver]&amp#27;[39m Set implicit wait to 10000ms
[debug] &amp#27;[35m[W3C (91587b3d)]&amp#27;[39m Responding to client with driver.timeouts() result: null
&amp#27;[35m[HTTP]&amp#27;[39m &amp#27;[37m<-- POST /wd/hub/session/91587b3d-2bab-485e-a876-9749992a1f49/timeouts &amp#27;[39m&amp#27;[32m200&amp#27;[39m &amp#27;[90m2 ms - 14&amp#27;[39m
&amp#27;[35m[HTTP]&amp#27;[39m &amp#27;[90m&amp#27;[39m
[INFO ] 2021-06-18 15:54:25.016 [main] Preferences - Clicks The Dependencies
[INFO ] 2021-06-18 15:54:25.016 [main] ExplicitWait - Waiting for element to be clickable: Located by By.chained({By.xpath: //android.widget.TextView[@text='3. Preference dependencies']})
&amp#27;[35m[HTTP]&amp#27;[39m &amp#27;[37m-->&amp#27;[39m &amp#27;[37mPOST&amp#27;[39m &amp#27;[37m/wd/hub/session/91587b3d-2bab-485e-a876-9749992a1f49/timeouts&amp#27;[39m
&amp#27;[35m[HTTP]&amp#27;[39m &amp#27;[90m{"implicit":0}&amp#27;[39m
[debug] &amp#27;[35m[W3C (91587b3d)]&amp#27;[39m Calling AppiumDriver.timeouts() with args: [null,null,null,null,0,"91587b3d-2bab-485e-a876-9749992a1f49"]
[debug] &amp#27;[35m[BaseDriver]&amp#27;[39m W3C timeout argument: {"implicit":0}}
[debug] &amp#27;[35m[BaseDriver]&amp#27;[39m Set implicit wait to 0ms
[debug] &amp#27;[35m[W3C (91587b3d)]&amp#27;[39m Responding to client with driver.timeouts() result: null
&amp#27;[35m[HTTP]&amp#27;[39m &amp#27;[37m<-- POST /wd/hub/session/91587b3d-2bab-485e-a876-9749992a1f49/timeouts &amp#27;[39m&amp#27;[32m200&amp#27;[39m &amp#27;[90m2 ms - 14&amp#27;[39m
&amp#27;[35m[HTTP]&amp#27;[39m &amp#27;[90m&amp#27;[39m
&amp#27;[35m[HTTP]&amp#27;[39m &amp#27;[37m-->&amp#27;[39m &amp#27;[37mGET&amp#27;[39m &amp#27;[37m/wd/hub/session/91587b3d-2bab-485e-a876-9749992a1f49&amp#27;[39m
&amp#27;[35m[HTTP]&amp#27;[39m &amp#27;[90m{}&amp#27;[39m
[debug] &amp#27;[35m[W3C (91587b3d)]&amp#27;[39m Calling AppiumDriver.getSession() with args: ["91587b3d-2bab-485e-a876-9749992a1f49"]
[debug] &amp#27;[35m[UiAutomator2]&amp#27;[39m Getting session details from server to mix in
[debug] &amp#27;[35m[WD Proxy]&amp#27;[39m Matched '/' to command name 'getSession'
[debug] &amp#27;[35m[WD Proxy]&amp#27;[39m Proxying [GET /] to [GET http://127.0.0.1:8211/wd/hub/session/968b6e53-7f99-43f0-b079-75d625dd17b6] with no body
[debug] &amp#27;[35m[WD Proxy]&amp#27;[39m Got response with status 200: {"sessionId":"968b6e53-7f99-43f0-b079-75d625dd17b6","value":{"lastScrollData":null}}
[debug] &amp#27;[35m[W3C (91587b3d)]&amp#27;[39m Responding to client with driver.getSession() result: {"platform":"LINUX","webStorageEnabled":false,"takesScreenshot":true,"javascriptEnabled":true,"databaseEnabled":false,"networkConnectionEnabled":true,"locationContextEnabled":false,"warnings":{},"desired":{"platformName":"android","app":"C:\\Users\\Anis\\eclipse-workspace\\Appium\\src\\ApiDemos-debug.apk","deviceName":"Redmi","newCommandTimeout":14},"platformName":"android","app":"C:\\Users\\Anis\\eclipse-workspace\\Appium\\src\\ApiDemos-debug.apk","deviceName":"55272e729804","newCommandTimeout":14,"deviceUDID":"55272e729804","appPackage":"io.appium.android.apis","deviceApiLevel":24,"platformVersion":"7.0","deviceScreenSize":"1080x1920","deviceScreenDensity":480,"deviceModel":"Redmi Note 4","deviceManufacturer":"Xiaomi","pixelRatio":3,"statBarHeight":72,"viewportRect":{"left":0,"top":72,"width":1080,"height":1848},"lastScrollData":null}
&amp#27;[35m[HTTP]&amp#27;[39m &amp#27;[37m<-- GET /wd/hub/session/91587b3d-2bab-485e-a876-9749992a1f49 &amp#27;[39m&amp#27;[32m200&amp#27;[39m &amp#27;[90m11 ms - 858&amp#27;[39m
&amp#27;[35m[HTTP]&amp#27;[39m &amp#27;[90m&amp#27;[39m
&amp#27;[35m[HTTP]&amp#27;[39m &amp#27;[37m-->&amp#27;[39m &amp#27;[37mPOST&amp#27;[39m &amp#27;[37m/wd/hub/session/91587b3d-2bab-485e-a876-9749992a1f49/element&amp#27;[39m
&amp#27;[35m[HTTP]&amp#27;[39m &amp#27;[90m{"using":"xpath","value":"//android.widget.TextView[@text='3. Preference dependencies']"}&amp#27;[39m
[debug] &amp#27;[35m[W3C (91587b3d)]&amp#27;[39m Calling AppiumDriver.findElement() with args: ["xpath","//android.widget.TextView[@text='3. Preference dependencies']","91587b3d-2bab-485e-a876-9749992a1f49"]
[debug] &amp#27;[35m[BaseDriver]&amp#27;[39m Valid locator strategies for this request: xpath, id, class name, accessibility id, css selector, -android uiautomator
[debug] &amp#27;[35m[BaseDriver]&amp#27;[39m Waiting up to 0 ms for condition
[debug] &amp#27;[35m[WD Proxy]&amp#27;[39m Matched '/element' to command name 'findElement'
[debug] &amp#27;[35m[WD Proxy]&amp#27;[39m Proxying [POST /element] to [POST http://127.0.0.1:8211/wd/hub/session/968b6e53-7f99-43f0-b079-75d625dd17b6/element] with body: {"strategy":"xpath","selector":"//android.widget.TextView[@text='3. Preference dependencies']","context":"","multiple":false}
[debug] &amp#27;[35m[WD Proxy]&amp#27;[39m Got response with status 200: {"sessionId":"968b6e53-7f99-43f0-b079-75d625dd17b6","value":{"ELEMENT":"bde20885-4aa2-4806-bb84-a786b855d0b6","element-6066-11e4-a52e-4f735466cecf":"bde20885-4aa2-4806-bb84-a786b855d0b6"}}
[debug] &amp#27;[35m[W3C (91587b3d)]&amp#27;[39m Responding to client with driver.findElement() result: {"element-6066-11e4-a52e-4f735466cecf":"bde20885-4aa2-4806-bb84-a786b855d0b6","ELEMENT":"bde20885-4aa2-4806-bb84-a786b855d0b6"}
&amp#27;[35m[HTTP]&amp#27;[39m &amp#27;[37m<-- POST /wd/hub/session/91587b3d-2bab-485e-a876-9749992a1f49/element &amp#27;[39m&amp#27;[32m200&amp#27;[39m &amp#27;[90m48 ms - 137&amp#27;[39m
&amp#27;[35m[HTTP]&amp#27;[39m &amp#27;[90m&amp#27;[39m
&amp#27;[35m[HTTP]&amp#27;[39m &amp#27;[37m-->&amp#27;[39m &amp#27;[37mGET&amp#27;[39m &amp#27;[37m/wd/hub/session/91587b3d-2bab-485e-a876-9749992a1f49/element/bde20885-4aa2-4806-bb84-a786b855d0b6/displayed&amp#27;[39m
&amp#27;[35m[HTTP]&amp#27;[39m &amp#27;[90m{}&amp#27;[39m
[debug] &amp#27;[35m[W3C (91587b3d)]&amp#27;[39m Calling AppiumDriver.elementDisplayed() with args: ["bde20885-4aa2-4806-bb84-a786b855d0b6","91587b3d-2bab-485e-a876-9749992a1f49"]
[debug] &amp#27;[35m[WD Proxy]&amp#27;[39m Matched '/element/bde20885-4aa2-4806-bb84-a786b855d0b6/attribute/displayed' to command name 'getAttribute'
[debug] &amp#27;[35m[WD Proxy]&amp#27;[39m Proxying [GET /element/bde20885-4aa2-4806-bb84-a786b855d0b6/attribute/displayed] to [GET http://127.0.0.1:8211/wd/hub/session/968b6e53-7f99-43f0-b079-75d625dd17b6/element/bde20885-4aa2-4806-bb84-a786b855d0b6/attribute/displayed] with no body
[debug] &amp#27;[35m[WD Proxy]&amp#27;[39m Got response with status 200: {"sessionId":"968b6e53-7f99-43f0-b079-75d625dd17b6","value":"true"}
[debug] &amp#27;[35m[W3C (91587b3d)]&amp#27;[39m Responding to client with driver.elementDisplayed() result: true
&amp#27;[35m[HTTP]&amp#27;[39m &amp#27;[37m<-- GET /wd/hub/session/91587b3d-2bab-485e-a876-9749992a1f49/element/bde20885-4aa2-4806-bb84-a786b855d0b6/displayed &amp#27;[39m&amp#27;[32m200&amp#27;[39m &amp#27;[90m22 ms - 14&amp#27;[39m
&amp#27;[35m[HTTP]&amp#27;[39m &amp#27;[90m&amp#27;[39m
&amp#27;[35m[HTTP]&amp#27;[39m &amp#27;[37m-->&amp#27;[39m &amp#27;[37mGET&amp#27;[39m &amp#27;[37m/wd/hub/session/91587b3d-2bab-485e-a876-9749992a1f49&amp#27;[39m
&amp#27;[35m[HTTP]&amp#27;[39m &amp#27;[90m{}&amp#27;[39m
[debug] &amp#27;[35m[W3C (91587b3d)]&amp#27;[39m Calling AppiumDriver.getSession() with args: ["91587b3d-2bab-485e-a876-9749992a1f49"]
[debug] &amp#27;[35m[UiAutomator2]&amp#27;[39m Getting session details from server to mix in
[debug] &amp#27;[35m[WD Proxy]&amp#27;[39m Matched '/' to command name 'getSession'
[debug] &amp#27;[35m[WD Proxy]&amp#27;[39m Proxying [GET /] to [GET http://127.0.0.1:8211/wd/hub/session/968b6e53-7f99-43f0-b079-75d625dd17b6] with no body
[debug] &amp#27;[35m[WD Proxy]&amp#27;[39m Got response with status 200: {"sessionId":"968b6e53-7f99-43f0-b079-75d625dd17b6","value":{"lastScrollData":null}}
[debug] &amp#27;[35m[W3C (91587b3d)]&amp#27;[39m Responding to client with driver.getSession() result: {"platform":"LINUX","webStorageEnabled":false,"takesScreenshot":true,"javascriptEnabled":true,"databaseEnabled":false,"networkConnectionEnabled":true,"locationContextEnabled":false,"warnings":{},"desired":{"platformName":"android","app":"C:\\Users\\Anis\\eclipse-workspace\\Appium\\src\\ApiDemos-debug.apk","deviceName":"Redmi","newCommandTimeout":14},"platformName":"android","app":"C:\\Users\\Anis\\eclipse-workspace\\Appium\\src\\ApiDemos-debug.apk","deviceName":"55272e729804","newCommandTimeout":14,"deviceUDID":"55272e729804","appPackage":"io.appium.android.apis","deviceApiLevel":24,"platformVersion":"7.0","deviceScreenSize":"1080x1920","deviceScreenDensity":480,"deviceModel":"Redmi Note 4","deviceManufacturer":"Xiaomi","pixelRatio":3,"statBarHeight":72,"viewportRect":{"left":0,"top":72,"width":1080,"height":1848},"lastScrollData":null}
&amp#27;[35m[HTTP]&amp#27;[39m &amp#27;[37m<-- GET /wd/hub/session/91587b3d-2bab-485e-a876-9749992a1f49 &amp#27;[39m&amp#27;[32m200&amp#27;[39m &amp#27;[90m12 ms - 858&amp#27;[39m
&amp#27;[35m[HTTP]&amp#27;[39m &amp#27;[90m&amp#27;[39m
&amp#27;[35m[HTTP]&amp#27;[39m &amp#27;[37m-->&amp#27;[39m &amp#27;[37mPOST&amp#27;[39m &amp#27;[37m/wd/hub/session/91587b3d-2bab-485e-a876-9749992a1f49/element&amp#27;[39m
&amp#27;[35m[HTTP]&amp#27;[39m &amp#27;[90m{"using":"xpath","value":"//android.widget.TextView[@text='3. Preference dependencies']"}&amp#27;[39m
[debug] &amp#27;[35m[W3C (91587b3d)]&amp#27;[39m Calling AppiumDriver.findElement() with args: ["xpath","//android.widget.TextView[@text='3. Preference dependencies']","91587b3d-2bab-485e-a876-9749992a1f49"]
[debug] &amp#27;[35m[BaseDriver]&amp#27;[39m Valid locator strategies for this request: xpath, id, class name, accessibility id, css selector, -android uiautomator
[debug] &amp#27;[35m[BaseDriver]&amp#27;[39m Waiting up to 0 ms for condition
[debug] &amp#27;[35m[WD Proxy]&amp#27;[39m Matched '/element' to command name 'findElement'
[debug] &amp#27;[35m[WD Proxy]&amp#27;[39m Proxying [POST /element] to [POST http://127.0.0.1:8211/wd/hub/session/968b6e53-7f99-43f0-b079-75d625dd17b6/element] with body: {"strategy":"xpath","selector":"//android.widget.TextView[@text='3. Preference dependencies']","context":"","multiple":false}
[debug] &amp#27;[35m[WD Proxy]&amp#27;[39m Got response with status 200: {"sessionId":"968b6e53-7f99-43f0-b079-75d625dd17b6","value":{"ELEMENT":"b6fda474-3322-4a8d-bd0c-d1a88876db06","element-6066-11e4-a52e-4f735466cecf":"b6fda474-3322-4a8d-bd0c-d1a88876db06"}}
[debug] &amp#27;[35m[W3C (91587b3d)]&amp#27;[39m Responding to client with driver.findElement() result: {"element-6066-11e4-a52e-4f735466cecf":"b6fda474-3322-4a8d-bd0c-d1a88876db06","ELEMENT":"b6fda474-3322-4a8d-bd0c-d1a88876db06"}
&amp#27;[35m[HTTP]&amp#27;[39m &amp#27;[37m<-- POST /wd/hub/session/91587b3d-2bab-485e-a876-9749992a1f49/element &amp#27;[39m&amp#27;[32m200&amp#27;[39m &amp#27;[90m38 ms - 137&amp#27;[39m
&amp#27;[35m[HTTP]&amp#27;[39m &amp#27;[90m&amp#27;[39m
&amp#27;[35m[HTTP]&amp#27;[39m &amp#27;[37m-->&amp#27;[39m &amp#27;[37mGET&amp#27;[39m &amp#27;[37m/wd/hub/session/91587b3d-2bab-485e-a876-9749992a1f49/element/b6fda474-3322-4a8d-bd0c-d1a88876db06/enabled&amp#27;[39m
&amp#27;[35m[HTTP]&amp#27;[39m &amp#27;[90m{}&amp#27;[39m
[debug] &amp#27;[35m[W3C (91587b3d)]&amp#27;[39m Calling AppiumDriver.elementEnabled() with args: ["b6fda474-3322-4a8d-bd0c-d1a88876db06","91587b3d-2bab-485e-a876-9749992a1f49"]
[debug] &amp#27;[35m[WD Proxy]&amp#27;[39m Matched '/element/b6fda474-3322-4a8d-bd0c-d1a88876db06/attribute/enabled' to command name 'getAttribute'
[debug] &amp#27;[35m[WD Proxy]&amp#27;[39m Proxying [GET /element/b6fda474-3322-4a8d-bd0c-d1a88876db06/attribute/enabled] to [GET http://127.0.0.1:8211/wd/hub/session/968b6e53-7f99-43f0-b079-75d625dd17b6/element/b6fda474-3322-4a8d-bd0c-d1a88876db06/attribute/enabled] with no body
[debug] &amp#27;[35m[WD Proxy]&amp#27;[39m Got response with status 200: {"sessionId":"968b6e53-7f99-43f0-b079-75d625dd17b6","value":"true"}
[debug] &amp#27;[35m[W3C (91587b3d)]&amp#27;[39m Responding to client with driver.elementEnabled() result: true
&amp#27;[35m[HTTP]&amp#27;[39m &amp#27;[37m<-- GET /wd/hub/session/91587b3d-2bab-485e-a876-9749992a1f49/element/b6fda474-3322-4a8d-bd0c-d1a88876db06/enabled &amp#27;[39m&amp#27;[32m200&amp#27;[39m &amp#27;[90m16 ms - 14&amp#27;[39m
&amp#27;[35m[HTTP]&amp#27;[39m &amp#27;[90m&amp#27;[39m
&amp#27;[35m[HTTP]&amp#27;[39m &amp#27;[37m-->&amp#27;[39m &amp#27;[37mPOST&amp#27;[39m &amp#27;[37m/wd/hub/session/91587b3d-2bab-485e-a876-9749992a1f49/timeouts&amp#27;[39m
&amp#27;[35m[HTTP]&amp#27;[39m &amp#27;[90m{"implicit":10000}&amp#27;[39m
[debug] &amp#27;[35m[W3C (91587b3d)]&amp#27;[39m Calling AppiumDriver.timeouts() with args: [null,null,null,null,10000,"91587b3d-2bab-485e-a876-9749992a1f49"]
[debug] &amp#27;[35m[BaseDriver]&amp#27;[39m W3C timeout argument: {"implicit":10000}}
[debug] &amp#27;[35m[BaseDriver]&amp#27;[39m Set implicit wait to 10000ms
[debug] &amp#27;[35m[W3C (91587b3d)]&amp#27;[39m Responding to client with driver.timeouts() result: null
&amp#27;[35m[HTTP]&amp#27;[39m &amp#27;[37m<-- POST /wd/hub/session/91587b3d-2bab-485e-a876-9749992a1f49/timeouts &amp#27;[39m&amp#27;[32m200&amp#27;[39m &amp#27;[90m4 ms - 14&amp#27;[39m
&amp#27;[35m[HTTP]&amp#27;[39m &amp#27;[90m&amp#27;[39m
&amp#27;[35m[HTTP]&amp#27;[39m &amp#27;[37m-->&amp#27;[39m &amp#27;[37mGET&amp#27;[39m &amp#27;[37m/wd/hub/session/91587b3d-2bab-485e-a876-9749992a1f49&amp#27;[39m
&amp#27;[35m[HTTP]&amp#27;[39m &amp#27;[90m{}&amp#27;[39m
[debug] &amp#27;[35m[W3C (91587b3d)]&amp#27;[39m Calling AppiumDriver.getSession() with args: ["91587b3d-2bab-485e-a876-9749992a1f49"]
[debug] &amp#27;[35m[UiAutomator2]&amp#27;[39m Getting session details from server to mix in
[debug] &amp#27;[35m[WD Proxy]&amp#27;[39m Matched '/' to command name 'getSession'
[debug] &amp#27;[35m[WD Proxy]&amp#27;[39m Proxying [GET /] to [GET http://127.0.0.1:8211/wd/hub/session/968b6e53-7f99-43f0-b079-75d625dd17b6] with no body
[debug] &amp#27;[35m[WD Proxy]&amp#27;[39m Got response with status 200: {"sessionId":"968b6e53-7f99-43f0-b079-75d625dd17b6","value":{"lastScrollData":null}}
[debug] &amp#27;[35m[W3C (91587b3d)]&amp#27;[39m Responding to client with driver.getSession() result: {"platform":"LINUX","webStorageEnabled":false,"takesScreenshot":true,"javascriptEnabled":true,"databaseEnabled":false,"networkConnectionEnabled":true,"locationContextEnabled":false,"warnings":{},"desired":{"platformName":"android","app":"C:\\Users\\Anis\\eclipse-workspace\\Appium\\src\\ApiDemos-debug.apk","deviceName":"Redmi","newCommandTimeout":14},"platformName":"android","app":"C:\\Users\\Anis\\eclipse-workspace\\Appium\\src\\ApiDemos-debug.apk","deviceName":"55272e729804","newCommandTimeout":14,"deviceUDID":"55272e729804","appPackage":"io.appium.android.apis","deviceApiLevel":24,"platformVersion":"7.0","deviceScreenSize":"1080x1920","deviceScreenDensity":480,"deviceModel":"Redmi Note 4","deviceManufacturer":"Xiaomi","pixelRatio":3,"statBarHeight":72,"viewportRect":{"left":0,"top":72,"width":1080,"height":1848},"lastScrollData":null}
&amp#27;[35m[HTTP]&amp#27;[39m &amp#27;[37m<-- GET /wd/hub/session/91587b3d-2bab-485e-a876-9749992a1f49 &amp#27;[39m&amp#27;[32m200&amp#27;[39m &amp#27;[90m11 ms - 858&amp#27;[39m
&amp#27;[35m[HTTP]&amp#27;[39m &amp#27;[90m&amp#27;[39m
&amp#27;[35m[HTTP]&amp#27;[39m &amp#27;[37m-->&amp#27;[39m &amp#27;[37mPOST&amp#27;[39m &amp#27;[37m/wd/hub/session/91587b3d-2bab-485e-a876-9749992a1f49/element&amp#27;[39m
&amp#27;[35m[HTTP]&amp#27;[39m &amp#27;[90m{"using":"xpath","value":"//android.widget.TextView[@text='3. Preference dependencies']"}&amp#27;[39m
[debug] &amp#27;[35m[W3C (91587b3d)]&amp#27;[39m Calling AppiumDriver.findElement() with args: ["xpath","//android.widget.TextView[@text='3. Preference dependencies']","91587b3d-2bab-485e-a876-9749992a1f49"]
[debug] &amp#27;[35m[BaseDriver]&amp#27;[39m Valid locator strategies for this request: xpath, id, class name, accessibility id, css selector, -android uiautomator
[debug] &amp#27;[35m[BaseDriver]&amp#27;[39m Waiting up to 10000 ms for condition
[debug] &amp#27;[35m[WD Proxy]&amp#27;[39m Matched '/element' to command name 'findElement'
[debug] &amp#27;[35m[WD Proxy]&amp#27;[39m Proxying [POST /element] to [POST http://127.0.0.1:8211/wd/hub/session/968b6e53-7f99-43f0-b079-75d625dd17b6/element] with body: {"strategy":"xpath","selector":"//android.widget.TextView[@text='3. Preference dependencies']","context":"","multiple":false}
[debug] &amp#27;[35m[WD Proxy]&amp#27;[39m Got response with status 200: {"sessionId":"968b6e53-7f99-43f0-b079-75d625dd17b6","value":{"ELEMENT":"98522b09-f50b-4e19-a31d-25b280696b8d","element-6066-11e4-a52e-4f735466cecf":"98522b09-f50b-4e19-a31d-25b280696b8d"}}
[debug] &amp#27;[35m[W3C (91587b3d)]&amp#27;[39m Responding to client with driver.findElement() result: {"element-6066-11e4-a52e-4f735466cecf":"98522b09-f50b-4e19-a31d-25b280696b8d","ELEMENT":"98522b09-f50b-4e19-a31d-25b280696b8d"}
&amp#27;[35m[HTTP]&amp#27;[39m &amp#27;[37m<-- POST /wd/hub/session/91587b3d-2bab-485e-a876-9749992a1f49/element &amp#27;[39m&amp#27;[32m200&amp#27;[39m &amp#27;[90m39 ms - 137&amp#27;[39m
&amp#27;[35m[HTTP]&amp#27;[39m &amp#27;[90m&amp#27;[39m
&amp#27;[35m[HTTP]&amp#27;[39m &amp#27;[37m-->&amp#27;[39m &amp#27;[37mPOST&amp#27;[39m &amp#27;[37m/wd/hub/session/91587b3d-2bab-485e-a876-9749992a1f49/element/98522b09-f50b-4e19-a31d-25b280696b8d/click&amp#27;[39m
&amp#27;[35m[HTTP]&amp#27;[39m &amp#27;[90m{"id":"98522b09-f50b-4e19-a31d-25b280696b8d"}&amp#27;[39m
[debug] &amp#27;[35m[W3C (91587b3d)]&amp#27;[39m Calling AppiumDriver.click() with args: ["98522b09-f50b-4e19-a31d-25b280696b8d","91587b3d-2bab-485e-a876-9749992a1f49"]
[debug] &amp#27;[35m[WD Proxy]&amp#27;[39m Matched '/element/98522b09-f50b-4e19-a31d-25b280696b8d/click' to command name 'click'
[debug] &amp#27;[35m[WD Proxy]&amp#27;[39m Proxying [POST /element/98522b09-f50b-4e19-a31d-25b280696b8d/click] to [POST http://127.0.0.1:8211/wd/hub/session/968b6e53-7f99-43f0-b079-75d625dd17b6/element/98522b09-f50b-4e19-a31d-25b280696b8d/click] with body: {"element":"98522b09-f50b-4e19-a31d-25b280696b8d"}
[debug] &amp#27;[35m[WD Proxy]&amp#27;[39m Got response with status 200: {"sessionId":"968b6e53-7f99-43f0-b079-75d625dd17b6","value":null}
[debug] &amp#27;[35m[W3C (91587b3d)]&amp#27;[39m Responding to client with driver.click() result: null
&amp#27;[35m[HTTP]&amp#27;[39m &amp#27;[37m<-- POST /wd/hub/session/91587b3d-2bab-485e-a876-9749992a1f49/element/98522b09-f50b-4e19-a31d-25b280696b8d/click &amp#27;[39m&amp#27;[32m200&amp#27;[39m &amp#27;[90m1252 ms - 14&amp#27;[39m
&amp#27;[35m[HTTP]&amp#27;[39m &amp#27;[90m&amp#27;[39m
[INFO ] 2021-06-18 15:54:26.576 [main] ExplicitWait - Waiting for element to be visible: Located by By.chained({By.id: android:id/checkbox})
[INFO ] 2021-06-18 15:54:26.577 [main] ExplicitWait - Waiting for element to be visible: Located by By.chained({By.id: android:id/checkbox})
&amp#27;[35m[HTTP]&amp#27;[39m &amp#27;[37m-->&amp#27;[39m &amp#27;[37mPOST&amp#27;[39m &amp#27;[37m/wd/hub/session/91587b3d-2bab-485e-a876-9749992a1f49/timeouts&amp#27;[39m
&amp#27;[35m[HTTP]&amp#27;[39m &amp#27;[90m{"implicit":0}&amp#27;[39m
[debug] &amp#27;[35m[W3C (91587b3d)]&amp#27;[39m Calling AppiumDriver.timeouts() with args: [null,null,null,null,0,"91587b3d-2bab-485e-a876-9749992a1f49"]
[debug] &amp#27;[35m[BaseDriver]&amp#27;[39m W3C timeout argument: {"implicit":0}}
[debug] &amp#27;[35m[BaseDriver]&amp#27;[39m Set implicit wait to 0ms
[debug] &amp#27;[35m[W3C (91587b3d)]&amp#27;[39m Responding to client with driver.timeouts() result: null
&amp#27;[35m[HTTP]&amp#27;[39m &amp#27;[37m<-- POST /wd/hub/session/91587b3d-2bab-485e-a876-9749992a1f49/timeouts &amp#27;[39m&amp#27;[32m200&amp#27;[39m &amp#27;[90m2 ms - 14&amp#27;[39m
&amp#27;[35m[HTTP]&amp#27;[39m &amp#27;[90m&amp#27;[39m
&amp#27;[35m[HTTP]&amp#27;[39m &amp#27;[37m-->&amp#27;[39m &amp#27;[37mGET&amp#27;[39m &amp#27;[37m/wd/hub/session/91587b3d-2bab-485e-a876-9749992a1f49&amp#27;[39m
&amp#27;[35m[HTTP]&amp#27;[39m &amp#27;[90m{}&amp#27;[39m
[debug] &amp#27;[35m[W3C (91587b3d)]&amp#27;[39m Calling AppiumDriver.getSession() with args: ["91587b3d-2bab-485e-a876-9749992a1f49"]
[debug] &amp#27;[35m[UiAutomator2]&amp#27;[39m Getting session details from server to mix in
[debug] &amp#27;[35m[WD Proxy]&amp#27;[39m Matched '/' to command name 'getSession'
[debug] &amp#27;[35m[WD Proxy]&amp#27;[39m Proxying [GET /] to [GET http://127.0.0.1:8211/wd/hub/session/968b6e53-7f99-43f0-b079-75d625dd17b6] with no body
[debug] &amp#27;[35m[WD Proxy]&amp#27;[39m Got response with status 200: {"sessionId":"968b6e53-7f99-43f0-b079-75d625dd17b6","value":{"lastScrollData":null}}
[debug] &amp#27;[35m[W3C (91587b3d)]&amp#27;[39m Responding to client with driver.getSession() result: {"platform":"LINUX","webStorageEnabled":false,"takesScreenshot":true,"javascriptEnabled":true,"databaseEnabled":false,"networkConnectionEnabled":true,"locationContextEnabled":false,"warnings":{},"desired":{"platformName":"android","app":"C:\\Users\\Anis\\eclipse-workspace\\Appium\\src\\ApiDemos-debug.apk","deviceName":"Redmi","newCommandTimeout":14},"platformName":"android","app":"C:\\Users\\Anis\\eclipse-workspace\\Appium\\src\\ApiDemos-debug.apk","deviceName":"55272e729804","newCommandTimeout":14,"deviceUDID":"55272e729804","appPackage":"io.appium.android.apis","deviceApiLevel":24,"platformVersion":"7.0","deviceScreenSize":"1080x1920","deviceScreenDensity":480,"deviceModel":"Redmi Note 4","deviceManufacturer":"Xiaomi","pixelRatio":3,"statBarHeight":72,"viewportRect":{"left":0,"top":72,"width":1080,"height":1848},"lastScrollData":null}
&amp#27;[35m[HTTP]&amp#27;[39m &amp#27;[37m<-- GET /wd/hub/session/91587b3d-2bab-485e-a876-9749992a1f49 &amp#27;[39m&amp#27;[32m200&amp#27;[39m &amp#27;[90m11 ms - 858&amp#27;[39m
&amp#27;[35m[HTTP]&amp#27;[39m &amp#27;[90m&amp#27;[39m
&amp#27;[35m[HTTP]&amp#27;[39m &amp#27;[37m-->&amp#27;[39m &amp#27;[37mPOST&amp#27;[39m &amp#27;[37m/wd/hub/session/91587b3d-2bab-485e-a876-9749992a1f49/element&amp#27;[39m
&amp#27;[35m[HTTP]&amp#27;[39m &amp#27;[90m{"using":"id","value":"android:id/checkbox"}&amp#27;[39m
[debug] &amp#27;[35m[W3C (91587b3d)]&amp#27;[39m Calling AppiumDriver.findElement() with args: ["id","android:id/checkbox","91587b3d-2bab-485e-a876-9749992a1f49"]
[debug] &amp#27;[35m[BaseDriver]&amp#27;[39m Valid locator strategies for this request: xpath, id, class name, accessibility id, css selector, -android uiautomator
[debug] &amp#27;[35m[BaseDriver]&amp#27;[39m Waiting up to 0 ms for condition
[debug] &amp#27;[35m[WD Proxy]&amp#27;[39m Matched '/element' to command name 'findElement'
[debug] &amp#27;[35m[WD Proxy]&amp#27;[39m Proxying [POST /element] to [POST http://127.0.0.1:8211/wd/hub/session/968b6e53-7f99-43f0-b079-75d625dd17b6/element] with body: {"strategy":"id","selector":"android:id/checkbox","context":"","multiple":false}
[debug] &amp#27;[35m[WD Proxy]&amp#27;[39m Got response with status 200: {"sessionId":"968b6e53-7f99-43f0-b079-75d625dd17b6","value":{"ELEMENT":"a51f3e81-e8e6-4f8f-ad65-7532692c70cc","element-6066-11e4-a52e-4f735466cecf":"a51f3e81-e8e6-4f8f-ad65-7532692c70cc"}}
[debug] &amp#27;[35m[W3C (91587b3d)]&amp#27;[39m Responding to client with driver.findElement() result: {"element-6066-11e4-a52e-4f735466cecf":"a51f3e81-e8e6-4f8f-ad65-7532692c70cc","ELEMENT":"a51f3e81-e8e6-4f8f-ad65-7532692c70cc"}
&amp#27;[35m[HTTP]&amp#27;[39m &amp#27;[37m<-- POST /wd/hub/session/91587b3d-2bab-485e-a876-9749992a1f49/element &amp#27;[39m&amp#27;[32m200&amp#27;[39m &amp#27;[90m70 ms - 137&amp#27;[39m
&amp#27;[35m[HTTP]&amp#27;[39m &amp#27;[90m&amp#27;[39m
&amp#27;[35m[HTTP]&amp#27;[39m &amp#27;[37m-->&amp#27;[39m &amp#27;[37mGET&amp#27;[39m &amp#27;[37m/wd/hub/session/91587b3d-2bab-485e-a876-9749992a1f49/element/a51f3e81-e8e6-4f8f-ad65-7532692c70cc/displayed&amp#27;[39m
&amp#27;[35m[HTTP]&amp#27;[39m &amp#27;[90m{}&amp#27;[39m
[debug] &amp#27;[35m[W3C (91587b3d)]&amp#27;[39m Calling AppiumDriver.elementDisplayed() with args: ["a51f3e81-e8e6-4f8f-ad65-7532692c70cc","91587b3d-2bab-485e-a876-9749992a1f49"]
[debug] &amp#27;[35m[WD Proxy]&amp#27;[39m Matched '/element/a51f3e81-e8e6-4f8f-ad65-7532692c70cc/attribute/displayed' to command name 'getAttribute'
[debug] &amp#27;[35m[WD Proxy]&amp#27;[39m Proxying [GET /element/a51f3e81-e8e6-4f8f-ad65-7532692c70cc/attribute/displayed] to [GET http://127.0.0.1:8211/wd/hub/session/968b6e53-7f99-43f0-b079-75d625dd17b6/element/a51f3e81-e8e6-4f8f-ad65-7532692c70cc/attribute/displayed] with no body
[debug] &amp#27;[35m[WD Proxy]&amp#27;[39m Got response with status 200: {"sessionId":"968b6e53-7f99-43f0-b079-75d625dd17b6","value":"true"}
[debug] &amp#27;[35m[W3C (91587b3d)]&amp#27;[39m Responding to client with driver.elementDisplayed() result: true
&amp#27;[35m[HTTP]&amp#27;[39m &amp#27;[37m<-- GET /wd/hub/session/91587b3d-2bab-485e-a876-9749992a1f49/element/a51f3e81-e8e6-4f8f-ad65-7532692c70cc/displayed &amp#27;[39m&amp#27;[32m200&amp#27;[39m &amp#27;[90m13 ms - 14&amp#27;[39m
&amp#27;[35m[HTTP]&amp#27;[39m &amp#27;[90m&amp#27;[39m
&amp#27;[35m[HTTP]&amp#27;[39m &amp#27;[37m-->&amp#27;[39m &amp#27;[37mPOST&amp#27;[39m &amp#27;[37m/wd/hub/session/91587b3d-2bab-485e-a876-9749992a1f49/timeouts&amp#27;[39m
&amp#27;[35m[HTTP]&amp#27;[39m &amp#27;[90m{"implicit":10000}&amp#27;[39m
[debug] &amp#27;[35m[W3C (91587b3d)]&amp#27;[39m Calling AppiumDriver.timeouts() with args: [null,null,null,null,10000,"91587b3d-2bab-485e-a876-9749992a1f49"]
[debug] &amp#27;[35m[BaseDriver]&amp#27;[39m W3C timeout argument: {"implicit":10000}}
[debug] &amp#27;[35m[BaseDriver]&amp#27;[39m Set implicit wait to 10000ms
[debug] &amp#27;[35m[W3C (91587b3d)]&amp#27;[39m Responding to client with driver.timeouts() result: null
&amp#27;[35m[HTTP]&amp#27;[39m &amp#27;[37m<-- POST /wd/hub/session/91587b3d-2bab-485e-a876-9749992a1f49/timeouts &amp#27;[39m&amp#27;[32m200&amp#27;[39m &amp#27;[90m3 ms - 14&amp#27;[39m
&amp#27;[35m[HTTP]&amp#27;[39m &amp#27;[90m&amp#27;[39m
[INFO ] 2021-06-18 15:54:26.756 [main] Preferences - Clicks The Checkbox
[INFO ] 2021-06-18 15:54:26.756 [main] ExplicitWait - Waiting for element to be clickable: Located by By.chained({By.id: android:id/checkbox})
&amp#27;[35m[HTTP]&amp#27;[39m &amp#27;[37m-->&amp#27;[39m &amp#27;[37mPOST&amp#27;[39m &amp#27;[37m/wd/hub/session/91587b3d-2bab-485e-a876-9749992a1f49/timeouts&amp#27;[39m
&amp#27;[35m[HTTP]&amp#27;[39m &amp#27;[90m{"implicit":0}&amp#27;[39m
[debug] &amp#27;[35m[W3C (91587b3d)]&amp#27;[39m Calling AppiumDriver.timeouts() with args: [null,null,null,null,0,"91587b3d-2bab-485e-a876-9749992a1f49"]
[debug] &amp#27;[35m[BaseDriver]&amp#27;[39m W3C timeout argument: {"implicit":0}}
[debug] &amp#27;[35m[BaseDriver]&amp#27;[39m Set implicit wait to 0ms
[debug] &amp#27;[35m[W3C (91587b3d)]&amp#27;[39m Responding to client with driver.timeouts() result: null
&amp#27;[35m[HTTP]&amp#27;[39m &amp#27;[37m<-- POST /wd/hub/session/91587b3d-2bab-485e-a876-9749992a1f49/timeouts &amp#27;[39m&amp#27;[32m200&amp#27;[39m &amp#27;[90m3 ms - 14&amp#27;[39m
&amp#27;[35m[HTTP]&amp#27;[39m &amp#27;[90m&amp#27;[39m
&amp#27;[35m[HTTP]&amp#27;[39m &amp#27;[37m-->&amp#27;[39m &amp#27;[37mGET&amp#27;[39m &amp#27;[37m/wd/hub/session/91587b3d-2bab-485e-a876-9749992a1f49&amp#27;[39m
&amp#27;[35m[HTTP]&amp#27;[39m &amp#27;[90m{}&amp#27;[39m
[debug] &amp#27;[35m[W3C (91587b3d)]&amp#27;[39m Calling AppiumDriver.getSession() with args: ["91587b3d-2bab-485e-a876-9749992a1f49"]
[debug] &amp#27;[35m[UiAutomator2]&amp#27;[39m Getting session details from server to mix in
[debug] &amp#27;[35m[WD Proxy]&amp#27;[39m Matched '/' to command name 'getSession'
[debug] &amp#27;[35m[WD Proxy]&amp#27;[39m Proxying [GET /] to [GET http://127.0.0.1:8211/wd/hub/session/968b6e53-7f99-43f0-b079-75d625dd17b6] with no body
[debug] &amp#27;[35m[WD Proxy]&amp#27;[39m Got response with status 200: {"sessionId":"968b6e53-7f99-43f0-b079-75d625dd17b6","value":{"lastScrollData":null}}
[debug] &amp#27;[35m[W3C (91587b3d)]&amp#27;[39m Responding to client with driver.getSession() result: {"platform":"LINUX","webStorageEnabled":false,"takesScreenshot":true,"javascriptEnabled":true,"databaseEnabled":false,"networkConnectionEnabled":true,"locationContextEnabled":false,"warnings":{},"desired":{"platformName":"android","app":"C:\\Users\\Anis\\eclipse-workspace\\Appium\\src\\ApiDemos-debug.apk","deviceName":"Redmi","newCommandTimeout":14},"platformName":"android","app":"C:\\Users\\Anis\\eclipse-workspace\\Appium\\src\\ApiDemos-debug.apk","deviceName":"55272e729804","newCommandTimeout":14,"deviceUDID":"55272e729804","appPackage":"io.appium.android.apis","deviceApiLevel":24,"platformVersion":"7.0","deviceScreenSize":"1080x1920","deviceScreenDensity":480,"deviceModel":"Redmi Note 4","deviceManufacturer":"Xiaomi","pixelRatio":3,"statBarHeight":72,"viewportRect":{"left":0,"top":72,"width":1080,"height":1848},"lastScrollData":null}
&amp#27;[35m[HTTP]&amp#27;[39m &amp#27;[37m<-- GET /wd/hub/session/91587b3d-2bab-485e-a876-9749992a1f49 &amp#27;[39m&amp#27;[32m200&amp#27;[39m &amp#27;[90m10 ms - 858&amp#27;[39m
&amp#27;[35m[HTTP]&amp#27;[39m &amp#27;[90m&amp#27;[39m
&amp#27;[35m[HTTP]&amp#27;[39m &amp#27;[37m-->&amp#27;[39m &amp#27;[37mPOST&amp#27;[39m &amp#27;[37m/wd/hub/session/91587b3d-2bab-485e-a876-9749992a1f49/element&amp#27;[39m
&amp#27;[35m[HTTP]&amp#27;[39m &amp#27;[90m{"using":"id","value":"android:id/checkbox"}&amp#27;[39m
[debug] &amp#27;[35m[W3C (91587b3d)]&amp#27;[39m Calling AppiumDriver.findElement() with args: ["id","android:id/checkbox","91587b3d-2bab-485e-a876-9749992a1f49"]
[debug] &amp#27;[35m[BaseDriver]&amp#27;[39m Valid locator strategies for this request: xpath, id, class name, accessibility id, css selector, -android uiautomator
[debug] &amp#27;[35m[BaseDriver]&amp#27;[39m Waiting up to 0 ms for condition
[debug] &amp#27;[35m[WD Proxy]&amp#27;[39m Matched '/element' to command name 'findElement'
[debug] &amp#27;[35m[WD Proxy]&amp#27;[39m Proxying [POST /element] to [POST http://127.0.0.1:8211/wd/hub/session/968b6e53-7f99-43f0-b079-75d625dd17b6/element] with body: {"strategy":"id","selector":"android:id/checkbox","context":"","multiple":false}
[debug] &amp#27;[35m[WD Proxy]&amp#27;[39m Got response with status 200: {"sessionId":"968b6e53-7f99-43f0-b079-75d625dd17b6","value":{"ELEMENT":"cd002498-2a83-4336-ab5b-9186c49f85a0","element-6066-11e4-a52e-4f735466cecf":"cd002498-2a83-4336-ab5b-9186c49f85a0"}}
[debug] &amp#27;[35m[W3C (91587b3d)]&amp#27;[39m Responding to client with driver.findElement() result: {"element-6066-11e4-a52e-4f735466cecf":"cd002498-2a83-4336-ab5b-9186c49f85a0","ELEMENT":"cd002498-2a83-4336-ab5b-9186c49f85a0"}
&amp#27;[35m[HTTP]&amp#27;[39m &amp#27;[37m<-- POST /wd/hub/session/91587b3d-2bab-485e-a876-9749992a1f49/element &amp#27;[39m&amp#27;[32m200&amp#27;[39m &amp#27;[90m22 ms - 137&amp#27;[39m
&amp#27;[35m[HTTP]&amp#27;[39m &amp#27;[90m&amp#27;[39m
&amp#27;[35m[HTTP]&amp#27;[39m &amp#27;[37m-->&amp#27;[39m &amp#27;[37mGET&amp#27;[39m &amp#27;[37m/wd/hub/session/91587b3d-2bab-485e-a876-9749992a1f49/element/cd002498-2a83-4336-ab5b-9186c49f85a0/displayed&amp#27;[39m
&amp#27;[35m[HTTP]&amp#27;[39m &amp#27;[90m{}&amp#27;[39m
[debug] &amp#27;[35m[W3C (91587b3d)]&amp#27;[39m Calling AppiumDriver.elementDisplayed() with args: ["cd002498-2a83-4336-ab5b-9186c49f85a0","91587b3d-2bab-485e-a876-9749992a1f49"]
[debug] &amp#27;[35m[WD Proxy]&amp#27;[39m Matched '/element/cd002498-2a83-4336-ab5b-9186c49f85a0/attribute/displayed' to command name 'getAttribute'
[debug] &amp#27;[35m[WD Proxy]&amp#27;[39m Proxying [GET /element/cd002498-2a83-4336-ab5b-9186c49f85a0/attribute/displayed] to [GET http://127.0.0.1:8211/wd/hub/session/968b6e53-7f99-43f0-b079-75d625dd17b6/element/cd002498-2a83-4336-ab5b-9186c49f85a0/attribute/displayed] with no body
[debug] &amp#27;[35m[WD Proxy]&amp#27;[39m Got response with status 200: {"sessionId":"968b6e53-7f99-43f0-b079-75d625dd17b6","value":"true"}
[debug] &amp#27;[35m[W3C (91587b3d)]&amp#27;[39m Responding to client with driver.elementDisplayed() result: true
&amp#27;[35m[HTTP]&amp#27;[39m &amp#27;[37m<-- GET /wd/hub/session/91587b3d-2bab-485e-a876-9749992a1f49/element/cd002498-2a83-4336-ab5b-9186c49f85a0/displayed &amp#27;[39m&amp#27;[32m200&amp#27;[39m &amp#27;[90m20 ms - 14&amp#27;[39m
&amp#27;[35m[HTTP]&amp#27;[39m &amp#27;[90m&amp#27;[39m
&amp#27;[35m[HTTP]&amp#27;[39m &amp#27;[37m-->&amp#27;[39m &amp#27;[37mGET&amp#27;[39m &amp#27;[37m/wd/hub/session/91587b3d-2bab-485e-a876-9749992a1f49&amp#27;[39m
&amp#27;[35m[HTTP]&amp#27;[39m &amp#27;[90m{}&amp#27;[39m
[debug] &amp#27;[35m[W3C (91587b3d)]&amp#27;[39m Calling AppiumDriver.getSession() with args: ["91587b3d-2bab-485e-a876-9749992a1f49"]
[debug] &amp#27;[35m[UiAutomator2]&amp#27;[39m Getting session details from server to mix in
[debug] &amp#27;[35m[WD Proxy]&amp#27;[39m Matched '/' to command name 'getSession'
[debug] &amp#27;[35m[WD Proxy]&amp#27;[39m Proxying [GET /] to [GET http://127.0.0.1:8211/wd/hub/session/968b6e53-7f99-43f0-b079-75d625dd17b6] with no body
[debug] &amp#27;[35m[WD Proxy]&amp#27;[39m Got response with status 200: {"sessionId":"968b6e53-7f99-43f0-b079-75d625dd17b6","value":{"lastScrollData":null}}
[debug] &amp#27;[35m[W3C (91587b3d)]&amp#27;[39m Responding to client with driver.getSession() result: {"platform":"LINUX","webStorageEnabled":false,"takesScreenshot":true,"javascriptEnabled":true,"databaseEnabled":false,"networkConnectionEnabled":true,"locationContextEnabled":false,"warnings":{},"desired":{"platformName":"android","app":"C:\\Users\\Anis\\eclipse-workspace\\Appium\\src\\ApiDemos-debug.apk","deviceName":"Redmi","newCommandTimeout":14},"platformName":"android","app":"C:\\Users\\Anis\\eclipse-workspace\\Appium\\src\\ApiDemos-debug.apk","deviceName":"55272e729804","newCommandTimeout":14,"deviceUDID":"55272e729804","appPackage":"io.appium.android.apis","deviceApiLevel":24,"platformVersion":"7.0","deviceScreenSize":"1080x1920","deviceScreenDensity":480,"deviceModel":"Redmi Note 4","deviceManufacturer":"Xiaomi","pixelRatio":3,"statBarHeight":72,"viewportRect":{"left":0,"top":72,"width":1080,"height":1848},"lastScrollData":null}
&amp#27;[35m[HTTP]&amp#27;[39m &amp#27;[37m<-- GET /wd/hub/session/91587b3d-2bab-485e-a876-9749992a1f49 &amp#27;[39m&amp#27;[32m200&amp#27;[39m &amp#27;[90m10 ms - 858&amp#27;[39m
&amp#27;[35m[HTTP]&amp#27;[39m &amp#27;[90m&amp#27;[39m
&amp#27;[35m[HTTP]&amp#27;[39m &amp#27;[37m-->&amp#27;[39m &amp#27;[37mPOST&amp#27;[39m &amp#27;[37m/wd/hub/session/91587b3d-2bab-485e-a876-9749992a1f49/element&amp#27;[39m
&amp#27;[35m[HTTP]&amp#27;[39m &amp#27;[90m{"using":"id","value":"android:id/checkbox"}&amp#27;[39m
[debug] &amp#27;[35m[W3C (91587b3d)]&amp#27;[39m Calling AppiumDriver.findElement() with args: ["id","android:id/checkbox","91587b3d-2bab-485e-a876-9749992a1f49"]
[debug] &amp#27;[35m[BaseDriver]&amp#27;[39m Valid locator strategies for this request: xpath, id, class name, accessibility id, css selector, -android uiautomator
[debug] &amp#27;[35m[BaseDriver]&amp#27;[39m Waiting up to 0 ms for condition
[debug] &amp#27;[35m[WD Proxy]&amp#27;[39m Matched '/element' to command name 'findElement'
[debug] &amp#27;[35m[WD Proxy]&amp#27;[39m Proxying [POST /element] to [POST http://127.0.0.1:8211/wd/hub/session/968b6e53-7f99-43f0-b079-75d625dd17b6/element] with body: {"strategy":"id","selector":"android:id/checkbox","context":"","multiple":false}
[debug] &amp#27;[35m[WD Proxy]&amp#27;[39m Got response with status 200: {"sessionId":"968b6e53-7f99-43f0-b079-75d625dd17b6","value":{"ELEMENT":"4565a48f-7f73-4210-a657-2620a70c5dd9","element-6066-11e4-a52e-4f735466cecf":"4565a48f-7f73-4210-a657-2620a70c5dd9"}}
[debug] &amp#27;[35m[W3C (91587b3d)]&amp#27;[39m Responding to client with driver.findElement() result: {"element-6066-11e4-a52e-4f735466cecf":"4565a48f-7f73-4210-a657-2620a70c5dd9","ELEMENT":"4565a48f-7f73-4210-a657-2620a70c5dd9"}
&amp#27;[35m[HTTP]&amp#27;[39m &amp#27;[37m<-- POST /wd/hub/session/91587b3d-2bab-485e-a876-9749992a1f49/element &amp#27;[39m&amp#27;[32m200&amp#27;[39m &amp#27;[90m22 ms - 137&amp#27;[39m
&amp#27;[35m[HTTP]&amp#27;[39m &amp#27;[90m&amp#27;[39m
&amp#27;[35m[HTTP]&amp#27;[39m &amp#27;[37m-->&amp#27;[39m &amp#27;[37mGET&amp#27;[39m &amp#27;[37m/wd/hub/session/91587b3d-2bab-485e-a876-9749992a1f49/element/4565a48f-7f73-4210-a657-2620a70c5dd9/enabled&amp#27;[39m
&amp#27;[35m[HTTP]&amp#27;[39m &amp#27;[90m{}&amp#27;[39m
[debug] &amp#27;[35m[W3C (91587b3d)]&amp#27;[39m Calling AppiumDriver.elementEnabled() with args: ["4565a48f-7f73-4210-a657-2620a70c5dd9","91587b3d-2bab-485e-a876-9749992a1f49"]
[debug] &amp#27;[35m[WD Proxy]&amp#27;[39m Matched '/element/4565a48f-7f73-4210-a657-2620a70c5dd9/attribute/enabled' to command name 'getAttribute'
[debug] &amp#27;[35m[WD Proxy]&amp#27;[39m Proxying [GET /element/4565a48f-7f73-4210-a657-2620a70c5dd9/attribute/enabled] to [GET http://127.0.0.1:8211/wd/hub/session/968b6e53-7f99-43f0-b079-75d625dd17b6/element/4565a48f-7f73-4210-a657-2620a70c5dd9/attribute/enabled] with no body
[debug] &amp#27;[35m[WD Proxy]&amp#27;[39m Got response with status 200: {"sessionId":"968b6e53-7f99-43f0-b079-75d625dd17b6","value":"true"}
[debug] &amp#27;[35m[W3C (91587b3d)]&amp#27;[39m Responding to client with driver.elementEnabled() result: true
&amp#27;[35m[HTTP]&amp#27;[39m &amp#27;[37m<-- GET /wd/hub/session/91587b3d-2bab-485e-a876-9749992a1f49/element/4565a48f-7f73-4210-a657-2620a70c5dd9/enabled &amp#27;[39m&amp#27;[32m200&amp#27;[39m &amp#27;[90m18 ms - 14&amp#27;[39m
&amp#27;[35m[HTTP]&amp#27;[39m &amp#27;[90m&amp#27;[39m
&amp#27;[35m[HTTP]&amp#27;[39m &amp#27;[37m-->&amp#27;[39m &amp#27;[37mPOST&amp#27;[39m &amp#27;[37m/wd/hub/session/91587b3d-2bab-485e-a876-9749992a1f49/timeouts&amp#27;[39m
&amp#27;[35m[HTTP]&amp#27;[39m &amp#27;[90m{"implicit":10000}&amp#27;[39m
[debug] &amp#27;[35m[W3C (91587b3d)]&amp#27;[39m Calling AppiumDriver.timeouts() with args: [null,null,null,null,10000,"91587b3d-2bab-485e-a876-9749992a1f49"]
[debug] &amp#27;[35m[BaseDriver]&amp#27;[39m W3C timeout argument: {"implicit":10000}}
[debug] &amp#27;[35m[BaseDriver]&amp#27;[39m Set implicit wait to 10000ms
[debug] &amp#27;[35m[W3C (91587b3d)]&amp#27;[39m Responding to client with driver.timeouts() result: null
&amp#27;[35m[HTTP]&amp#27;[39m &amp#27;[37m<-- POST /wd/hub/session/91587b3d-2bab-485e-a876-9749992a1f49/timeouts &amp#27;[39m&amp#27;[32m200&amp#27;[39m &amp#27;[90m3 ms - 14&amp#27;[39m
&amp#27;[35m[HTTP]&amp#27;[39m &amp#27;[90m&amp#27;[39m
&amp#27;[35m[HTTP]&amp#27;[39m &amp#27;[37m-->&amp#27;[39m &amp#27;[37mGET&amp#27;[39m &amp#27;[37m/wd/hub/session/91587b3d-2bab-485e-a876-9749992a1f49&amp#27;[39m
&amp#27;[35m[HTTP]&amp#27;[39m &amp#27;[90m{}&amp#27;[39m
[debug] &amp#27;[35m[W3C (91587b3d)]&amp#27;[39m Calling AppiumDriver.getSession() with args: ["91587b3d-2bab-485e-a876-9749992a1f49"]
[debug] &amp#27;[35m[UiAutomator2]&amp#27;[39m Getting session details from server to mix in
[debug] &amp#27;[35m[WD Proxy]&amp#27;[39m Matched '/' to command name 'getSession'
[debug] &amp#27;[35m[WD Proxy]&amp#27;[39m Proxying [GET /] to [GET http://127.0.0.1:8211/wd/hub/session/968b6e53-7f99-43f0-b079-75d625dd17b6] with no body
[debug] &amp#27;[35m[WD Proxy]&amp#27;[39m Got response with status 200: {"sessionId":"968b6e53-7f99-43f0-b079-75d625dd17b6","value":{"lastScrollData":null}}
[debug] &amp#27;[35m[W3C (91587b3d)]&amp#27;[39m Responding to client with driver.getSession() result: {"platform":"LINUX","webStorageEnabled":false,"takesScreenshot":true,"javascriptEnabled":true,"databaseEnabled":false,"networkConnectionEnabled":true,"locationContextEnabled":false,"warnings":{},"desired":{"platformName":"android","app":"C:\\Users\\Anis\\eclipse-workspace\\Appium\\src\\ApiDemos-debug.apk","deviceName":"Redmi","newCommandTimeout":14},"platformName":"android","app":"C:\\Users\\Anis\\eclipse-workspace\\Appium\\src\\ApiDemos-debug.apk","deviceName":"55272e729804","newCommandTimeout":14,"deviceUDID":"55272e729804","appPackage":"io.appium.android.apis","deviceApiLevel":24,"platformVersion":"7.0","deviceScreenSize":"1080x1920","deviceScreenDensity":480,"deviceModel":"Redmi Note 4","deviceManufacturer":"Xiaomi","pixelRatio":3,"statBarHeight":72,"viewportRect":{"left":0,"top":72,"width":1080,"height":1848},"lastScrollData":null}
&amp#27;[35m[HTTP]&amp#27;[39m &amp#27;[37m<-- GET /wd/hub/session/91587b3d-2bab-485e-a876-9749992a1f49 &amp#27;[39m&amp#27;[32m200&amp#27;[39m &amp#27;[90m8 ms - 858&amp#27;[39m
&amp#27;[35m[HTTP]&amp#27;[39m &amp#27;[90m&amp#27;[39m
&amp#27;[35m[HTTP]&amp#27;[39m &amp#27;[37m-->&amp#27;[39m &amp#27;[37mPOST&amp#27;[39m &amp#27;[37m/wd/hub/session/91587b3d-2bab-485e-a876-9749992a1f49/element&amp#27;[39m
&amp#27;[35m[HTTP]&amp#27;[39m &amp#27;[90m{"using":"id","value":"android:id/checkbox"}&amp#27;[39m
[debug] &amp#27;[35m[W3C (91587b3d)]&amp#27;[39m Calling AppiumDriver.findElement() with args: ["id","android:id/checkbox","91587b3d-2bab-485e-a876-9749992a1f49"]
[debug] &amp#27;[35m[BaseDriver]&amp#27;[39m Valid locator strategies for this request: xpath, id, class name, accessibility id, css selector, -android uiautomator
[debug] &amp#27;[35m[BaseDriver]&amp#27;[39m Waiting up to 10000 ms for condition
[debug] &amp#27;[35m[WD Proxy]&amp#27;[39m Matched '/element' to command name 'findElement'
[debug] &amp#27;[35m[WD Proxy]&amp#27;[39m Proxying [POST /element] to [POST http://127.0.0.1:8211/wd/hub/session/968b6e53-7f99-43f0-b079-75d625dd17b6/element] with body: {"strategy":"id","selector":"android:id/checkbox","context":"","multiple":false}
[debug] &amp#27;[35m[WD Proxy]&amp#27;[39m Got response with status 200: {"sessionId":"968b6e53-7f99-43f0-b079-75d625dd17b6","value":{"ELEMENT":"1ecbb680-6036-4c50-a597-94f071907c99","element-6066-11e4-a52e-4f735466cecf":"1ecbb680-6036-4c50-a597-94f071907c99"}}
[debug] &amp#27;[35m[W3C (91587b3d)]&amp#27;[39m Responding to client with driver.findElement() result: {"element-6066-11e4-a52e-4f735466cecf":"1ecbb680-6036-4c50-a597-94f071907c99","ELEMENT":"1ecbb680-6036-4c50-a597-94f071907c99"}
&amp#27;[35m[HTTP]&amp#27;[39m &amp#27;[37m<-- POST /wd/hub/session/91587b3d-2bab-485e-a876-9749992a1f49/element &amp#27;[39m&amp#27;[32m200&amp#27;[39m &amp#27;[90m25 ms - 137&amp#27;[39m
&amp#27;[35m[HTTP]&amp#27;[39m &amp#27;[90m&amp#27;[39m
&amp#27;[35m[HTTP]&amp#27;[39m &amp#27;[37m-->&amp#27;[39m &amp#27;[37mPOST&amp#27;[39m &amp#27;[37m/wd/hub/session/91587b3d-2bab-485e-a876-9749992a1f49/element/1ecbb680-6036-4c50-a597-94f071907c99/click&amp#27;[39m
&amp#27;[35m[HTTP]&amp#27;[39m &amp#27;[90m{"id":"1ecbb680-6036-4c50-a597-94f071907c99"}&amp#27;[39m
[debug] &amp#27;[35m[W3C (91587b3d)]&amp#27;[39m Calling AppiumDriver.click() with args: ["1ecbb680-6036-4c50-a597-94f071907c99","91587b3d-2bab-485e-a876-9749992a1f49"]
[debug] &amp#27;[35m[WD Proxy]&amp#27;[39m Matched '/element/1ecbb680-6036-4c50-a597-94f071907c99/click' to command name 'click'
[debug] &amp#27;[35m[WD Proxy]&amp#27;[39m Proxying [POST /element/1ecbb680-6036-4c50-a597-94f071907c99/click] to [POST http://127.0.0.1:8211/wd/hub/session/968b6e53-7f99-43f0-b079-75d625dd17b6/element/1ecbb680-6036-4c50-a597-94f071907c99/click] with body: {"element":"1ecbb680-6036-4c50-a597-94f071907c99"}
[debug] &amp#27;[35m[WD Proxy]&amp#27;[39m Got response with status 200: {"sessionId":"968b6e53-7f99-43f0-b079-75d625dd17b6","value":null}
[debug] &amp#27;[35m[W3C (91587b3d)]&amp#27;[39m Responding to client with driver.click() result: null
&amp#27;[35m[HTTP]&amp#27;[39m &amp#27;[37m<-- POST /wd/hub/session/91587b3d-2bab-485e-a876-9749992a1f49/element/1ecbb680-6036-4c50-a597-94f071907c99/click &amp#27;[39m&amp#27;[32m200&amp#27;[39m &amp#27;[90m710 ms - 14&amp#27;[39m
&amp#27;[35m[HTTP]&amp#27;[39m &amp#27;[90m&amp#27;[39m
[INFO ] 2021-06-18 15:54:27.712 [main] ExplicitWait - Waiting for element to be visible: Located by By.chained({By.xpath: (//android.widget.RelativeLayout)[2]})
[INFO ] 2021-06-18 15:54:27.713 [main] ExplicitWait - Waiting for element to be visible: Located by By.chained({By.xpath: (//android.widget.RelativeLayout)[2]})
&amp#27;[35m[HTTP]&amp#27;[39m &amp#27;[37m-->&amp#27;[39m &amp#27;[37mPOST&amp#27;[39m &amp#27;[37m/wd/hub/session/91587b3d-2bab-485e-a876-9749992a1f49/timeouts&amp#27;[39m
&amp#27;[35m[HTTP]&amp#27;[39m &amp#27;[90m{"implicit":0}&amp#27;[39m
[debug] &amp#27;[35m[W3C (91587b3d)]&amp#27;[39m Calling AppiumDriver.timeouts() with args: [null,null,null,null,0,"91587b3d-2bab-485e-a876-9749992a1f49"]
[debug] &amp#27;[35m[BaseDriver]&amp#27;[39m W3C timeout argument: {"implicit":0}}
[debug] &amp#27;[35m[BaseDriver]&amp#27;[39m Set implicit wait to 0ms
[debug] &amp#27;[35m[W3C (91587b3d)]&amp#27;[39m Responding to client with driver.timeouts() result: null
&amp#27;[35m[HTTP]&amp#27;[39m &amp#27;[37m<-- POST /wd/hub/session/91587b3d-2bab-485e-a876-9749992a1f49/timeouts &amp#27;[39m&amp#27;[32m200&amp#27;[39m &amp#27;[90m3 ms - 14&amp#27;[39m
&amp#27;[35m[HTTP]&amp#27;[39m &amp#27;[90m&amp#27;[39m
&amp#27;[35m[HTTP]&amp#27;[39m &amp#27;[37m-->&amp#27;[39m &amp#27;[37mGET&amp#27;[39m &amp#27;[37m/wd/hub/session/91587b3d-2bab-485e-a876-9749992a1f49&amp#27;[39m
&amp#27;[35m[HTTP]&amp#27;[39m &amp#27;[90m{}&amp#27;[39m
[debug] &amp#27;[35m[W3C (91587b3d)]&amp#27;[39m Calling AppiumDriver.getSession() with args: ["91587b3d-2bab-485e-a876-9749992a1f49"]
[debug] &amp#27;[35m[UiAutomator2]&amp#27;[39m Getting session details from server to mix in
[debug] &amp#27;[35m[WD Proxy]&amp#27;[39m Matched '/' to command name 'getSession'
[debug] &amp#27;[35m[WD Proxy]&amp#27;[39m Proxying [GET /] to [GET http://127.0.0.1:8211/wd/hub/session/968b6e53-7f99-43f0-b079-75d625dd17b6] with no body
[debug] &amp#27;[35m[WD Proxy]&amp#27;[39m Got response with status 200: {"sessionId":"968b6e53-7f99-43f0-b079-75d625dd17b6","value":{"lastScrollData":null}}
[debug] &amp#27;[35m[W3C (91587b3d)]&amp#27;[39m Responding to client with driver.getSession() result: {"platform":"LINUX","webStorageEnabled":false,"takesScreenshot":true,"javascriptEnabled":true,"databaseEnabled":false,"networkConnectionEnabled":true,"locationContextEnabled":false,"warnings":{},"desired":{"platformName":"android","app":"C:\\Users\\Anis\\eclipse-workspace\\Appium\\src\\ApiDemos-debug.apk","deviceName":"Redmi","newCommandTimeout":14},"platformName":"android","app":"C:\\Users\\Anis\\eclipse-workspace\\Appium\\src\\ApiDemos-debug.apk","deviceName":"55272e729804","newCommandTimeout":14,"deviceUDID":"55272e729804","appPackage":"io.appium.android.apis","deviceApiLevel":24,"platformVersion":"7.0","deviceScreenSize":"1080x1920","deviceScreenDensity":480,"deviceModel":"Redmi Note 4","deviceManufacturer":"Xiaomi","pixelRatio":3,"statBarHeight":72,"viewportRect":{"left":0,"top":72,"width":1080,"height":1848},"lastScrollData":null}
&amp#27;[35m[HTTP]&amp#27;[39m &amp#27;[37m<-- GET /wd/hub/session/91587b3d-2bab-485e-a876-9749992a1f49 &amp#27;[39m&amp#27;[32m200&amp#27;[39m &amp#27;[90m13 ms - 858&amp#27;[39m
&amp#27;[35m[HTTP]&amp#27;[39m &amp#27;[90m&amp#27;[39m
&amp#27;[35m[HTTP]&amp#27;[39m &amp#27;[37m-->&amp#27;[39m &amp#27;[37mPOST&amp#27;[39m &amp#27;[37m/wd/hub/session/91587b3d-2bab-485e-a876-9749992a1f49/element&amp#27;[39m
&amp#27;[35m[HTTP]&amp#27;[39m &amp#27;[90m{"using":"xpath","value":"(//android.widget.RelativeLayout)[2]"}&amp#27;[39m
[debug] &amp#27;[35m[W3C (91587b3d)]&amp#27;[39m Calling AppiumDriver.findElement() with args: ["xpath","(//android.widget.RelativeLayout)[2]","91587b3d-2bab-485e-a876-9749992a1f49"]
[debug] &amp#27;[35m[BaseDriver]&amp#27;[39m Valid locator strategies for this request: xpath, id, class name, accessibility id, css selector, -android uiautomator
[debug] &amp#27;[35m[BaseDriver]&amp#27;[39m Waiting up to 0 ms for condition
[debug] &amp#27;[35m[WD Proxy]&amp#27;[39m Matched '/element' to command name 'findElement'
[debug] &amp#27;[35m[WD Proxy]&amp#27;[39m Proxying [POST /element] to [POST http://127.0.0.1:8211/wd/hub/session/968b6e53-7f99-43f0-b079-75d625dd17b6/element] with body: {"strategy":"xpath","selector":"(//android.widget.RelativeLayout)[2]","context":"","multiple":false}
[debug] &amp#27;[35m[WD Proxy]&amp#27;[39m Got response with status 200: {"sessionId":"968b6e53-7f99-43f0-b079-75d625dd17b6","value":{"ELEMENT":"5623d9af-e388-4c24-ad7a-4a7937c11657","element-6066-11e4-a52e-4f735466cecf":"5623d9af-e388-4c24-ad7a-4a7937c11657"}}
[debug] &amp#27;[35m[W3C (91587b3d)]&amp#27;[39m Responding to client with driver.findElement() result: {"element-6066-11e4-a52e-4f735466cecf":"5623d9af-e388-4c24-ad7a-4a7937c11657","ELEMENT":"5623d9af-e388-4c24-ad7a-4a7937c11657"}
&amp#27;[35m[HTTP]&amp#27;[39m &amp#27;[37m<-- POST /wd/hub/session/91587b3d-2bab-485e-a876-9749992a1f49/element &amp#27;[39m&amp#27;[32m200&amp#27;[39m &amp#27;[90m72 ms - 137&amp#27;[39m
&amp#27;[35m[HTTP]&amp#27;[39m &amp#27;[90m&amp#27;[39m
&amp#27;[35m[HTTP]&amp#27;[39m &amp#27;[37m-->&amp#27;[39m &amp#27;[37mGET&amp#27;[39m &amp#27;[37m/wd/hub/session/91587b3d-2bab-485e-a876-9749992a1f49/element/5623d9af-e388-4c24-ad7a-4a7937c11657/displayed&amp#27;[39m
&amp#27;[35m[HTTP]&amp#27;[39m &amp#27;[90m{}&amp#27;[39m
[debug] &amp#27;[35m[W3C (91587b3d)]&amp#27;[39m Calling AppiumDriver.elementDisplayed() with args: ["5623d9af-e388-4c24-ad7a-4a7937c11657","91587b3d-2bab-485e-a876-9749992a1f49"]
[debug] &amp#27;[35m[WD Proxy]&amp#27;[39m Matched '/element/5623d9af-e388-4c24-ad7a-4a7937c11657/attribute/displayed' to command name 'getAttribute'
[debug] &amp#27;[35m[WD Proxy]&amp#27;[39m Proxying [GET /element/5623d9af-e388-4c24-ad7a-4a7937c11657/attribute/displayed] to [GET http://127.0.0.1:8211/wd/hub/session/968b6e53-7f99-43f0-b079-75d625dd17b6/element/5623d9af-e388-4c24-ad7a-4a7937c11657/attribute/displayed] with no body
[debug] &amp#27;[35m[WD Proxy]&amp#27;[39m Got response with status 200: {"sessionId":"968b6e53-7f99-43f0-b079-75d625dd17b6","value":"true"}
[debug] &amp#27;[35m[W3C (91587b3d)]&amp#27;[39m Responding to client with driver.elementDisplayed() result: true
&amp#27;[35m[HTTP]&amp#27;[39m &amp#27;[37m<-- GET /wd/hub/session/91587b3d-2bab-485e-a876-9749992a1f49/element/5623d9af-e388-4c24-ad7a-4a7937c11657/displayed &amp#27;[39m&amp#27;[32m200&amp#27;[39m &amp#27;[90m471 ms - 14&amp#27;[39m
&amp#27;[35m[HTTP]&amp#27;[39m &amp#27;[90m&amp#27;[39m
&amp#27;[35m[HTTP]&amp#27;[39m &amp#27;[37m-->&amp#27;[39m &amp#27;[37mPOST&amp#27;[39m &amp#27;[37m/wd/hub/session/91587b3d-2bab-485e-a876-9749992a1f49/timeouts&amp#27;[39m
&amp#27;[35m[HTTP]&amp#27;[39m &amp#27;[90m{"implicit":10000}&amp#27;[39m
[debug] &amp#27;[35m[W3C (91587b3d)]&amp#27;[39m Calling AppiumDriver.timeouts() with args: [null,null,null,null,10000,"91587b3d-2bab-485e-a876-9749992a1f49"]
[debug] &amp#27;[35m[BaseDriver]&amp#27;[39m W3C timeout argument: {"implicit":10000}}
[debug] &amp#27;[35m[BaseDriver]&amp#27;[39m Set implicit wait to 10000ms
[debug] &amp#27;[35m[W3C (91587b3d)]&amp#27;[39m Responding to client with driver.timeouts() result: null
&amp#27;[35m[HTTP]&amp#27;[39m &amp#27;[37m<-- POST /wd/hub/session/91587b3d-2bab-485e-a876-9749992a1f49/timeouts &amp#27;[39m&amp#27;[32m200&amp#27;[39m &amp#27;[90m3 ms - 14&amp#27;[39m
&amp#27;[35m[HTTP]&amp#27;[39m &amp#27;[90m&amp#27;[39m
[INFO ] 2021-06-18 15:54:28.334 [main] Preferences - Clicks The Layout
[INFO ] 2021-06-18 15:54:28.335 [main] ExplicitWait - Waiting for element to be clickable: Located by By.chained({By.xpath: (//android.widget.RelativeLayout)[2]})
&amp#27;[35m[HTTP]&amp#27;[39m &amp#27;[37m-->&amp#27;[39m &amp#27;[37mPOST&amp#27;[39m &amp#27;[37m/wd/hub/session/91587b3d-2bab-485e-a876-9749992a1f49/timeouts&amp#27;[39m
&amp#27;[35m[HTTP]&amp#27;[39m &amp#27;[90m{"implicit":0}&amp#27;[39m
[debug] &amp#27;[35m[W3C (91587b3d)]&amp#27;[39m Calling AppiumDriver.timeouts() with args: [null,null,null,null,0,"91587b3d-2bab-485e-a876-9749992a1f49"]
[debug] &amp#27;[35m[BaseDriver]&amp#27;[39m W3C timeout argument: {"implicit":0}}
[debug] &amp#27;[35m[BaseDriver]&amp#27;[39m Set implicit wait to 0ms
[debug] &amp#27;[35m[W3C (91587b3d)]&amp#27;[39m Responding to client with driver.timeouts() result: null
&amp#27;[35m[HTTP]&amp#27;[39m &amp#27;[37m<-- POST /wd/hub/session/91587b3d-2bab-485e-a876-9749992a1f49/timeouts &amp#27;[39m&amp#27;[32m200&amp#27;[39m &amp#27;[90m3 ms - 14&amp#27;[39m
&amp#27;[35m[HTTP]&amp#27;[39m &amp#27;[90m&amp#27;[39m
&amp#27;[35m[HTTP]&amp#27;[39m &amp#27;[37m-->&amp#27;[39m &amp#27;[37mGET&amp#27;[39m &amp#27;[37m/wd/hub/session/91587b3d-2bab-485e-a876-9749992a1f49&amp#27;[39m
&amp#27;[35m[HTTP]&amp#27;[39m &amp#27;[90m{}&amp#27;[39m
[debug] &amp#27;[35m[W3C (91587b3d)]&amp#27;[39m Calling AppiumDriver.getSession() with args: ["91587b3d-2bab-485e-a876-9749992a1f49"]
[debug] &amp#27;[35m[UiAutomator2]&amp#27;[39m Getting session details from server to mix in
[debug] &amp#27;[35m[WD Proxy]&amp#27;[39m Matched '/' to command name 'getSession'
[debug] &amp#27;[35m[WD Proxy]&amp#27;[39m Proxying [GET /] to [GET http://127.0.0.1:8211/wd/hub/session/968b6e53-7f99-43f0-b079-75d625dd17b6] with no body
[debug] &amp#27;[35m[WD Proxy]&amp#27;[39m Got response with status 200: {"sessionId":"968b6e53-7f99-43f0-b079-75d625dd17b6","value":{"lastScrollData":null}}
[debug] &amp#27;[35m[W3C (91587b3d)]&amp#27;[39m Responding to client with driver.getSession() result: {"platform":"LINUX","webStorageEnabled":false,"takesScreenshot":true,"javascriptEnabled":true,"databaseEnabled":false,"networkConnectionEnabled":true,"locationContextEnabled":false,"warnings":{},"desired":{"platformName":"android","app":"C:\\Users\\Anis\\eclipse-workspace\\Appium\\src\\ApiDemos-debug.apk","deviceName":"Redmi","newCommandTimeout":14},"platformName":"android","app":"C:\\Users\\Anis\\eclipse-workspace\\Appium\\src\\ApiDemos-debug.apk","deviceName":"55272e729804","newCommandTimeout":14,"deviceUDID":"55272e729804","appPackage":"io.appium.android.apis","deviceApiLevel":24,"platformVersion":"7.0","deviceScreenSize":"1080x1920","deviceScreenDensity":480,"deviceModel":"Redmi Note 4","deviceManufacturer":"Xiaomi","pixelRatio":3,"statBarHeight":72,"viewportRect":{"left":0,"top":72,"width":1080,"height":1848},"lastScrollData":null}
&amp#27;[35m[HTTP]&amp#27;[39m &amp#27;[37m<-- GET /wd/hub/session/91587b3d-2bab-485e-a876-9749992a1f49 &amp#27;[39m&amp#27;[32m200&amp#27;[39m &amp#27;[90m11 ms - 858&amp#27;[39m
&amp#27;[35m[HTTP]&amp#27;[39m &amp#27;[90m&amp#27;[39m
&amp#27;[35m[HTTP]&amp#27;[39m &amp#27;[37m-->&amp#27;[39m &amp#27;[37mPOST&amp#27;[39m &amp#27;[37m/wd/hub/session/91587b3d-2bab-485e-a876-9749992a1f49/element&amp#27;[39m
&amp#27;[35m[HTTP]&amp#27;[39m &amp#27;[90m{"using":"xpath","value":"(//android.widget.RelativeLayout)[2]"}&amp#27;[39m
[debug] &amp#27;[35m[W3C (91587b3d)]&amp#27;[39m Calling AppiumDriver.findElement() with args: ["xpath","(//android.widget.RelativeLayout)[2]","91587b3d-2bab-485e-a876-9749992a1f49"]
[debug] &amp#27;[35m[BaseDriver]&amp#27;[39m Valid locator strategies for this request: xpath, id, class name, accessibility id, css selector, -android uiautomator
[debug] &amp#27;[35m[BaseDriver]&amp#27;[39m Waiting up to 0 ms for condition
[debug] &amp#27;[35m[WD Proxy]&amp#27;[39m Matched '/element' to command name 'findElement'
[debug] &amp#27;[35m[WD Proxy]&amp#27;[39m Proxying [POST /element] to [POST http://127.0.0.1:8211/wd/hub/session/968b6e53-7f99-43f0-b079-75d625dd17b6/element] with body: {"strategy":"xpath","selector":"(//android.widget.RelativeLayout)[2]","context":"","multiple":false}
[debug] &amp#27;[35m[WD Proxy]&amp#27;[39m Got response with status 200: {"sessionId":"968b6e53-7f99-43f0-b079-75d625dd17b6","value":{"ELEMENT":"737065b1-6765-4786-aba4-8b7f4669799e","element-6066-11e4-a52e-4f735466cecf":"737065b1-6765-4786-aba4-8b7f4669799e"}}
[debug] &amp#27;[35m[W3C (91587b3d)]&amp#27;[39m Responding to client with driver.findElement() result: {"element-6066-11e4-a52e-4f735466cecf":"737065b1-6765-4786-aba4-8b7f4669799e","ELEMENT":"737065b1-6765-4786-aba4-8b7f4669799e"}
&amp#27;[35m[HTTP]&amp#27;[39m &amp#27;[37m<-- POST /wd/hub/session/91587b3d-2bab-485e-a876-9749992a1f49/element &amp#27;[39m&amp#27;[32m200&amp#27;[39m &amp#27;[90m46 ms - 137&amp#27;[39m
&amp#27;[35m[HTTP]&amp#27;[39m &amp#27;[90m&amp#27;[39m
&amp#27;[35m[HTTP]&amp#27;[39m &amp#27;[37m-->&amp#27;[39m &amp#27;[37mGET&amp#27;[39m &amp#27;[37m/wd/hub/session/91587b3d-2bab-485e-a876-9749992a1f49/element/737065b1-6765-4786-aba4-8b7f4669799e/displayed&amp#27;[39m
&amp#27;[35m[HTTP]&amp#27;[39m &amp#27;[90m{}&amp#27;[39m
[debug] &amp#27;[35m[W3C (91587b3d)]&amp#27;[39m Calling AppiumDriver.elementDisplayed() with args: ["737065b1-6765-4786-aba4-8b7f4669799e","91587b3d-2bab-485e-a876-9749992a1f49"]
[debug] &amp#27;[35m[WD Proxy]&amp#27;[39m Matched '/element/737065b1-6765-4786-aba4-8b7f4669799e/attribute/displayed' to command name 'getAttribute'
[debug] &amp#27;[35m[WD Proxy]&amp#27;[39m Proxying [GET /element/737065b1-6765-4786-aba4-8b7f4669799e/attribute/displayed] to [GET http://127.0.0.1:8211/wd/hub/session/968b6e53-7f99-43f0-b079-75d625dd17b6/element/737065b1-6765-4786-aba4-8b7f4669799e/attribute/displayed] with no body
[debug] &amp#27;[35m[WD Proxy]&amp#27;[39m Got response with status 200: {"sessionId":"968b6e53-7f99-43f0-b079-75d625dd17b6","value":"true"}
[debug] &amp#27;[35m[W3C (91587b3d)]&amp#27;[39m Responding to client with driver.elementDisplayed() result: true
&amp#27;[35m[HTTP]&amp#27;[39m &amp#27;[37m<-- GET /wd/hub/session/91587b3d-2bab-485e-a876-9749992a1f49/element/737065b1-6765-4786-aba4-8b7f4669799e/displayed &amp#27;[39m&amp#27;[32m200&amp#27;[39m &amp#27;[90m14 ms - 14&amp#27;[39m
&amp#27;[35m[HTTP]&amp#27;[39m &amp#27;[90m&amp#27;[39m
&amp#27;[35m[HTTP]&amp#27;[39m &amp#27;[37m-->&amp#27;[39m &amp#27;[37mGET&amp#27;[39m &amp#27;[37m/wd/hub/session/91587b3d-2bab-485e-a876-9749992a1f49&amp#27;[39m
&amp#27;[35m[HTTP]&amp#27;[39m &amp#27;[90m{}&amp#27;[39m
[debug] &amp#27;[35m[W3C (91587b3d)]&amp#27;[39m Calling AppiumDriver.getSession() with args: ["91587b3d-2bab-485e-a876-9749992a1f49"]
[debug] &amp#27;[35m[UiAutomator2]&amp#27;[39m Getting session details from server to mix in
[debug] &amp#27;[35m[WD Proxy]&amp#27;[39m Matched '/' to command name 'getSession'
[debug] &amp#27;[35m[WD Proxy]&amp#27;[39m Proxying [GET /] to [GET http://127.0.0.1:8211/wd/hub/session/968b6e53-7f99-43f0-b079-75d625dd17b6] with no body
[debug] &amp#27;[35m[WD Proxy]&amp#27;[39m Got response with status 200: {"sessionId":"968b6e53-7f99-43f0-b079-75d625dd17b6","value":{"lastScrollData":null}}
[debug] &amp#27;[35m[W3C (91587b3d)]&amp#27;[39m Responding to client with driver.getSession() result: {"platform":"LINUX","webStorageEnabled":false,"takesScreenshot":true,"javascriptEnabled":true,"databaseEnabled":false,"networkConnectionEnabled":true,"locationContextEnabled":false,"warnings":{},"desired":{"platformName":"android","app":"C:\\Users\\Anis\\eclipse-workspace\\Appium\\src\\ApiDemos-debug.apk","deviceName":"Redmi","newCommandTimeout":14},"platformName":"android","app":"C:\\Users\\Anis\\eclipse-workspace\\Appium\\src\\ApiDemos-debug.apk","deviceName":"55272e729804","newCommandTimeout":14,"deviceUDID":"55272e729804","appPackage":"io.appium.android.apis","deviceApiLevel":24,"platformVersion":"7.0","deviceScreenSize":"1080x1920","deviceScreenDensity":480,"deviceModel":"Redmi Note 4","deviceManufacturer":"Xiaomi","pixelRatio":3,"statBarHeight":72,"viewportRect":{"left":0,"top":72,"width":1080,"height":1848},"lastScrollData":null}
&amp#27;[35m[HTTP]&amp#27;[39m &amp#27;[37m<-- GET /wd/hub/session/91587b3d-2bab-485e-a876-9749992a1f49 &amp#27;[39m&amp#27;[32m200&amp#27;[39m &amp#27;[90m12 ms - 858&amp#27;[39m
&amp#27;[35m[HTTP]&amp#27;[39m &amp#27;[90m&amp#27;[39m
&amp#27;[35m[HTTP]&amp#27;[39m &amp#27;[37m-->&amp#27;[39m &amp#27;[37mPOST&amp#27;[39m &amp#27;[37m/wd/hub/session/91587b3d-2bab-485e-a876-9749992a1f49/element&amp#27;[39m
&amp#27;[35m[HTTP]&amp#27;[39m &amp#27;[90m{"using":"xpath","value":"(//android.widget.RelativeLayout)[2]"}&amp#27;[39m
[debug] &amp#27;[35m[W3C (91587b3d)]&amp#27;[39m Calling AppiumDriver.findElement() with args: ["xpath","(//android.widget.RelativeLayout)[2]","91587b3d-2bab-485e-a876-9749992a1f49"]
[debug] &amp#27;[35m[BaseDriver]&amp#27;[39m Valid locator strategies for this request: xpath, id, class name, accessibility id, css selector, -android uiautomator
[debug] &amp#27;[35m[BaseDriver]&amp#27;[39m Waiting up to 0 ms for condition
[debug] &amp#27;[35m[WD Proxy]&amp#27;[39m Matched '/element' to command name 'findElement'
[debug] &amp#27;[35m[WD Proxy]&amp#27;[39m Proxying [POST /element] to [POST http://127.0.0.1:8211/wd/hub/session/968b6e53-7f99-43f0-b079-75d625dd17b6/element] with body: {"strategy":"xpath","selector":"(//android.widget.RelativeLayout)[2]","context":"","multiple":false}
[debug] &amp#27;[35m[WD Proxy]&amp#27;[39m Got response with status 200: {"sessionId":"968b6e53-7f99-43f0-b079-75d625dd17b6","value":{"ELEMENT":"8a4d38d3-ad48-4560-b03a-5dbec8f725b5","element-6066-11e4-a52e-4f735466cecf":"8a4d38d3-ad48-4560-b03a-5dbec8f725b5"}}
[debug] &amp#27;[35m[W3C (91587b3d)]&amp#27;[39m Responding to client with driver.findElement() result: {"element-6066-11e4-a52e-4f735466cecf":"8a4d38d3-ad48-4560-b03a-5dbec8f725b5","ELEMENT":"8a4d38d3-ad48-4560-b03a-5dbec8f725b5"}
&amp#27;[35m[HTTP]&amp#27;[39m &amp#27;[37m<-- POST /wd/hub/session/91587b3d-2bab-485e-a876-9749992a1f49/element &amp#27;[39m&amp#27;[32m200&amp#27;[39m &amp#27;[90m42 ms - 137&amp#27;[39m
&amp#27;[35m[HTTP]&amp#27;[39m &amp#27;[90m&amp#27;[39m
&amp#27;[35m[HTTP]&amp#27;[39m &amp#27;[37m-->&amp#27;[39m &amp#27;[37mGET&amp#27;[39m &amp#27;[37m/wd/hub/session/91587b3d-2bab-485e-a876-9749992a1f49/element/8a4d38d3-ad48-4560-b03a-5dbec8f725b5/enabled&amp#27;[39m
&amp#27;[35m[HTTP]&amp#27;[39m &amp#27;[90m{}&amp#27;[39m
[debug] &amp#27;[35m[W3C (91587b3d)]&amp#27;[39m Calling AppiumDriver.elementEnabled() with args: ["8a4d38d3-ad48-4560-b03a-5dbec8f725b5","91587b3d-2bab-485e-a876-9749992a1f49"]
[debug] &amp#27;[35m[WD Proxy]&amp#27;[39m Matched '/element/8a4d38d3-ad48-4560-b03a-5dbec8f725b5/attribute/enabled' to command name 'getAttribute'
[debug] &amp#27;[35m[WD Proxy]&amp#27;[39m Proxying [GET /element/8a4d38d3-ad48-4560-b03a-5dbec8f725b5/attribute/enabled] to [GET http://127.0.0.1:8211/wd/hub/session/968b6e53-7f99-43f0-b079-75d625dd17b6/element/8a4d38d3-ad48-4560-b03a-5dbec8f725b5/attribute/enabled] with no body
[debug] &amp#27;[35m[WD Proxy]&amp#27;[39m Got response with status 200: {"sessionId":"968b6e53-7f99-43f0-b079-75d625dd17b6","value":"true"}
[debug] &amp#27;[35m[W3C (91587b3d)]&amp#27;[39m Responding to client with driver.elementEnabled() result: true
&amp#27;[35m[HTTP]&amp#27;[39m &amp#27;[37m<-- GET /wd/hub/session/91587b3d-2bab-485e-a876-9749992a1f49/element/8a4d38d3-ad48-4560-b03a-5dbec8f725b5/enabled &amp#27;[39m&amp#27;[32m200&amp#27;[39m &amp#27;[90m15 ms - 14&amp#27;[39m
&amp#27;[35m[HTTP]&amp#27;[39m &amp#27;[90m&amp#27;[39m
&amp#27;[35m[HTTP]&amp#27;[39m &amp#27;[37m-->&amp#27;[39m &amp#27;[37mPOST&amp#27;[39m &amp#27;[37m/wd/hub/session/91587b3d-2bab-485e-a876-9749992a1f49/timeouts&amp#27;[39m
&amp#27;[35m[HTTP]&amp#27;[39m &amp#27;[90m{"implicit":10000}&amp#27;[39m
[debug] &amp#27;[35m[W3C (91587b3d)]&amp#27;[39m Calling AppiumDriver.timeouts() with args: [null,null,null,null,10000,"91587b3d-2bab-485e-a876-9749992a1f49"]
[debug] &amp#27;[35m[BaseDriver]&amp#27;[39m W3C timeout argument: {"implicit":10000}}
[debug] &amp#27;[35m[BaseDriver]&amp#27;[39m Set implicit wait to 10000ms
[debug] &amp#27;[35m[W3C (91587b3d)]&amp#27;[39m Responding to client with driver.timeouts() result: null
&amp#27;[35m[HTTP]&amp#27;[39m &amp#27;[37m<-- POST /wd/hub/session/91587b3d-2bab-485e-a876-9749992a1f49/timeouts &amp#27;[39m&amp#27;[32m200&amp#27;[39m &amp#27;[90m2 ms - 14&amp#27;[39m
&amp#27;[35m[HTTP]&amp#27;[39m &amp#27;[90m&amp#27;[39m
&amp#27;[35m[HTTP]&amp#27;[39m &amp#27;[37m-->&amp#27;[39m &amp#27;[37mGET&amp#27;[39m &amp#27;[37m/wd/hub/session/91587b3d-2bab-485e-a876-9749992a1f49&amp#27;[39m
&amp#27;[35m[HTTP]&amp#27;[39m &amp#27;[90m{}&amp#27;[39m
[debug] &amp#27;[35m[W3C (91587b3d)]&amp#27;[39m Calling AppiumDriver.getSession() with args: ["91587b3d-2bab-485e-a876-9749992a1f49"]
[debug] &amp#27;[35m[UiAutomator2]&amp#27;[39m Getting session details from server to mix in
[debug] &amp#27;[35m[WD Proxy]&amp#27;[39m Matched '/' to command name 'getSession'
[debug] &amp#27;[35m[WD Proxy]&amp#27;[39m Proxying [GET /] to [GET http://127.0.0.1:8211/wd/hub/session/968b6e53-7f99-43f0-b079-75d625dd17b6] with no body
[debug] &amp#27;[35m[WD Proxy]&amp#27;[39m Got response with status 200: {"sessionId":"968b6e53-7f99-43f0-b079-75d625dd17b6","value":{"lastScrollData":null}}
[debug] &amp#27;[35m[W3C (91587b3d)]&amp#27;[39m Responding to client with driver.getSession() result: {"platform":"LINUX","webStorageEnabled":false,"takesScreenshot":true,"javascriptEnabled":true,"databaseEnabled":false,"networkConnectionEnabled":true,"locationContextEnabled":false,"warnings":{},"desired":{"platformName":"android","app":"C:\\Users\\Anis\\eclipse-workspace\\Appium\\src\\ApiDemos-debug.apk","deviceName":"Redmi","newCommandTimeout":14},"platformName":"android","app":"C:\\Users\\Anis\\eclipse-workspace\\Appium\\src\\ApiDemos-debug.apk","deviceName":"55272e729804","newCommandTimeout":14,"deviceUDID":"55272e729804","appPackage":"io.appium.android.apis","deviceApiLevel":24,"platformVersion":"7.0","deviceScreenSize":"1080x1920","deviceScreenDensity":480,"deviceModel":"Redmi Note 4","deviceManufacturer":"Xiaomi","pixelRatio":3,"statBarHeight":72,"viewportRect":{"left":0,"top":72,"width":1080,"height":1848},"lastScrollData":null}
&amp#27;[35m[HTTP]&amp#27;[39m &amp#27;[37m<-- GET /wd/hub/session/91587b3d-2bab-485e-a876-9749992a1f49 &amp#27;[39m&amp#27;[32m200&amp#27;[39m &amp#27;[90m10 ms - 858&amp#27;[39m
&amp#27;[35m[HTTP]&amp#27;[39m &amp#27;[90m&amp#27;[39m
&amp#27;[35m[HTTP]&amp#27;[39m &amp#27;[37m-->&amp#27;[39m &amp#27;[37mPOST&amp#27;[39m &amp#27;[37m/wd/hub/session/91587b3d-2bab-485e-a876-9749992a1f49/element&amp#27;[39m
&amp#27;[35m[HTTP]&amp#27;[39m &amp#27;[90m{"using":"xpath","value":"(//android.widget.RelativeLayout)[2]"}&amp#27;[39m
[debug] &amp#27;[35m[W3C (91587b3d)]&amp#27;[39m Calling AppiumDriver.findElement() with args: ["xpath","(//android.widget.RelativeLayout)[2]","91587b3d-2bab-485e-a876-9749992a1f49"]
[debug] &amp#27;[35m[BaseDriver]&amp#27;[39m Valid locator strategies for this request: xpath, id, class name, accessibility id, css selector, -android uiautomator
[debug] &amp#27;[35m[BaseDriver]&amp#27;[39m Waiting up to 10000 ms for condition
[debug] &amp#27;[35m[WD Proxy]&amp#27;[39m Matched '/element' to command name 'findElement'
[debug] &amp#27;[35m[WD Proxy]&amp#27;[39m Proxying [POST /element] to [POST http://127.0.0.1:8211/wd/hub/session/968b6e53-7f99-43f0-b079-75d625dd17b6/element] with body: {"strategy":"xpath","selector":"(//android.widget.RelativeLayout)[2]","context":"","multiple":false}
[debug] &amp#27;[35m[WD Proxy]&amp#27;[39m Got response with status 200: {"sessionId":"968b6e53-7f99-43f0-b079-75d625dd17b6","value":{"ELEMENT":"970840f4-9305-45fb-9938-61ea43ebebc9","element-6066-11e4-a52e-4f735466cecf":"970840f4-9305-45fb-9938-61ea43ebebc9"}}
[debug] &amp#27;[35m[W3C (91587b3d)]&amp#27;[39m Responding to client with driver.findElement() result: {"element-6066-11e4-a52e-4f735466cecf":"970840f4-9305-45fb-9938-61ea43ebebc9","ELEMENT":"970840f4-9305-45fb-9938-61ea43ebebc9"}
&amp#27;[35m[HTTP]&amp#27;[39m &amp#27;[37m<-- POST /wd/hub/session/91587b3d-2bab-485e-a876-9749992a1f49/element &amp#27;[39m&amp#27;[32m200&amp#27;[39m &amp#27;[90m41 ms - 137&amp#27;[39m
&amp#27;[35m[HTTP]&amp#27;[39m &amp#27;[90m&amp#27;[39m
&amp#27;[35m[HTTP]&amp#27;[39m &amp#27;[37m-->&amp#27;[39m &amp#27;[37mPOST&amp#27;[39m &amp#27;[37m/wd/hub/session/91587b3d-2bab-485e-a876-9749992a1f49/element/970840f4-9305-45fb-9938-61ea43ebebc9/click&amp#27;[39m
&amp#27;[35m[HTTP]&amp#27;[39m &amp#27;[90m{"id":"970840f4-9305-45fb-9938-61ea43ebebc9"}&amp#27;[39m
[debug] &amp#27;[35m[W3C (91587b3d)]&amp#27;[39m Calling AppiumDriver.click() with args: ["970840f4-9305-45fb-9938-61ea43ebebc9","91587b3d-2bab-485e-a876-9749992a1f49"]
[debug] &amp#27;[35m[WD Proxy]&amp#27;[39m Matched '/element/970840f4-9305-45fb-9938-61ea43ebebc9/click' to command name 'click'
[debug] &amp#27;[35m[WD Proxy]&amp#27;[39m Proxying [POST /element/970840f4-9305-45fb-9938-61ea43ebebc9/click] to [POST http://127.0.0.1:8211/wd/hub/session/968b6e53-7f99-43f0-b079-75d625dd17b6/element/970840f4-9305-45fb-9938-61ea43ebebc9/click] with body: {"element":"970840f4-9305-45fb-9938-61ea43ebebc9"}
[debug] &amp#27;[35m[WD Proxy]&amp#27;[39m Got response with status 200: {"sessionId":"968b6e53-7f99-43f0-b079-75d625dd17b6","value":null}
[debug] &amp#27;[35m[W3C (91587b3d)]&amp#27;[39m Responding to client with driver.click() result: null
&amp#27;[35m[HTTP]&amp#27;[39m &amp#27;[37m<-- POST /wd/hub/session/91587b3d-2bab-485e-a876-9749992a1f49/element/970840f4-9305-45fb-9938-61ea43ebebc9/click &amp#27;[39m&amp#27;[32m200&amp#27;[39m &amp#27;[90m2387 ms - 14&amp#27;[39m
&amp#27;[35m[HTTP]&amp#27;[39m &amp#27;[90m&amp#27;[39m
&amp#27;[35m[HTTP]&amp#27;[39m &amp#27;[37m-->&amp#27;[39m &amp#27;[37mGET&amp#27;[39m &amp#27;[37m/wd/hub/session/91587b3d-2bab-485e-a876-9749992a1f49&amp#27;[39m
&amp#27;[35m[HTTP]&amp#27;[39m &amp#27;[90m{}&amp#27;[39m
[debug] &amp#27;[35m[W3C (91587b3d)]&amp#27;[39m Calling AppiumDriver.getSession() with args: ["91587b3d-2bab-485e-a876-9749992a1f49"]
[debug] &amp#27;[35m[UiAutomator2]&amp#27;[39m Getting session details from server to mix in
[debug] &amp#27;[35m[WD Proxy]&amp#27;[39m Matched '/' to command name 'getSession'
[debug] &amp#27;[35m[WD Proxy]&amp#27;[39m Proxying [GET /] to [GET http://127.0.0.1:8211/wd/hub/session/968b6e53-7f99-43f0-b079-75d625dd17b6] with no body
[debug] &amp#27;[35m[WD Proxy]&amp#27;[39m Got response with status 200: {"sessionId":"968b6e53-7f99-43f0-b079-75d625dd17b6","value":{"lastScrollData":null}}
[debug] &amp#27;[35m[W3C (91587b3d)]&amp#27;[39m Responding to client with driver.getSession() result: {"platform":"LINUX","webStorageEnabled":false,"takesScreenshot":true,"javascriptEnabled":true,"databaseEnabled":false,"networkConnectionEnabled":true,"locationContextEnabled":false,"warnings":{},"desired":{"platformName":"android","app":"C:\\Users\\Anis\\eclipse-workspace\\Appium\\src\\ApiDemos-debug.apk","deviceName":"Redmi","newCommandTimeout":14},"platformName":"android","app":"C:\\Users\\Anis\\eclipse-workspace\\Appium\\src\\ApiDemos-debug.apk","deviceName":"55272e729804","newCommandTimeout":14,"deviceUDID":"55272e729804","appPackage":"io.appium.android.apis","deviceApiLevel":24,"platformVersion":"7.0","deviceScreenSize":"1080x1920","deviceScreenDensity":480,"deviceModel":"Redmi Note 4","deviceManufacturer":"Xiaomi","pixelRatio":3,"statBarHeight":72,"viewportRect":{"left":0,"top":72,"width":1080,"height":1848},"lastScrollData":null}
&amp#27;[35m[HTTP]&amp#27;[39m &amp#27;[37m<-- GET /wd/hub/session/91587b3d-2bab-485e-a876-9749992a1f49 &amp#27;[39m&amp#27;[32m200&amp#27;[39m &amp#27;[90m13 ms - 858&amp#27;[39m
&amp#27;[35m[HTTP]&amp#27;[39m &amp#27;[90m&amp#27;[39m
&amp#27;[35m[HTTP]&amp#27;[39m &amp#27;[37m-->&amp#27;[39m &amp#27;[37mPOST&amp#27;[39m &amp#27;[37m/wd/hub/session/91587b3d-2bab-485e-a876-9749992a1f49/element&amp#27;[39m
&amp#27;[35m[HTTP]&amp#27;[39m &amp#27;[90m{"using":"class name","value":"android.widget.EditText"}&amp#27;[39m
[debug] &amp#27;[35m[W3C (91587b3d)]&amp#27;[39m Calling AppiumDriver.findElement() with args: ["class name","android.widget.EditText","91587b3d-2bab-485e-a876-9749992a1f49"]
[debug] &amp#27;[35m[BaseDriver]&amp#27;[39m Valid locator strategies for this request: xpath, id, class name, accessibility id, css selector, -android uiautomator
[debug] &amp#27;[35m[BaseDriver]&amp#27;[39m Waiting up to 10000 ms for condition
[debug] &amp#27;[35m[WD Proxy]&amp#27;[39m Matched '/element' to command name 'findElement'
[debug] &amp#27;[35m[WD Proxy]&amp#27;[39m Proxying [POST /element] to [POST http://127.0.0.1:8211/wd/hub/session/968b6e53-7f99-43f0-b079-75d625dd17b6/element] with body: {"strategy":"class name","selector":"android.widget.EditText","context":"","multiple":false}
[debug] &amp#27;[35m[WD Proxy]&amp#27;[39m Got response with status 200: {"sessionId":"968b6e53-7f99-43f0-b079-75d625dd17b6","value":{"ELEMENT":"96ba0aaa-6005-4c4d-a1d6-5ba5ffd36f23","element-6066-11e4-a52e-4f735466cecf":"96ba0aaa-6005-4c4d-a1d6-5ba5ffd36f23"}}
[debug] &amp#27;[35m[W3C (91587b3d)]&amp#27;[39m Responding to client with driver.findElement() result: {"element-6066-11e4-a52e-4f735466cecf":"96ba0aaa-6005-4c4d-a1d6-5ba5ffd36f23","ELEMENT":"96ba0aaa-6005-4c4d-a1d6-5ba5ffd36f23"}
&amp#27;[35m[HTTP]&amp#27;[39m &amp#27;[37m<-- POST /wd/hub/session/91587b3d-2bab-485e-a876-9749992a1f49/element &amp#27;[39m&amp#27;[32m200&amp#27;[39m &amp#27;[90m41 ms - 137&amp#27;[39m
&amp#27;[35m[HTTP]&amp#27;[39m &amp#27;[90m&amp#27;[39m
&amp#27;[35m[HTTP]&amp#27;[39m &amp#27;[37m-->&amp#27;[39m &amp#27;[37mPOST&amp#27;[39m &amp#27;[37m/wd/hub/session/91587b3d-2bab-485e-a876-9749992a1f49/element/96ba0aaa-6005-4c4d-a1d6-5ba5ffd36f23/value&amp#27;[39m
&amp#27;[35m[HTTP]&amp#27;[39m &amp#27;[90m{"id":"96ba0aaa-6005-4c4d-a1d6-5ba5ffd36f23","text":"hello","value":["h","e","l","l","o"]}&amp#27;[39m
[debug] &amp#27;[35m[W3C (91587b3d)]&amp#27;[39m Calling AppiumDriver.setValue() with args: [["h","e","l","l","o"],"96ba0aaa-6005-4c4d-a1d6-5ba5ffd36f23","91587b3d-2bab-485e-a876-9749992a1f49"]
[debug] &amp#27;[35m[WD Proxy]&amp#27;[39m Matched '/element/96ba0aaa-6005-4c4d-a1d6-5ba5ffd36f23/value' to command name 'setValue'
[debug] &amp#27;[35m[Protocol Converter]&amp#27;[39m Added 'value' property ["h","e","l","l","o"] to 'setValue' request body
[debug] &amp#27;[35m[WD Proxy]&amp#27;[39m Proxying [POST /element/96ba0aaa-6005-4c4d-a1d6-5ba5ffd36f23/value] to [POST http://127.0.0.1:8211/wd/hub/session/968b6e53-7f99-43f0-b079-75d625dd17b6/element/96ba0aaa-6005-4c4d-a1d6-5ba5ffd36f23/value] with body: {"elementId":"96ba0aaa-6005-4c4d-a1d6-5ba5ffd36f23","text":"hello","replace":false,"value":["h","e","l","l","o"]}
[debug] &amp#27;[35m[WD Proxy]&amp#27;[39m Got response with status 200: {"sessionId":"968b6e53-7f99-43f0-b079-75d625dd17b6","value":null}
[debug] &amp#27;[35m[W3C (91587b3d)]&amp#27;[39m Responding to client with driver.setValue() result: null
&amp#27;[35m[HTTP]&amp#27;[39m &amp#27;[37m<-- POST /wd/hub/session/91587b3d-2bab-485e-a876-9749992a1f49/element/96ba0aaa-6005-4c4d-a1d6-5ba5ffd36f23/value &amp#27;[39m&amp#27;[32m200&amp#27;[39m &amp#27;[90m151 ms - 14&amp#27;[39m
&amp#27;[35m[HTTP]&amp#27;[39m &amp#27;[90m&amp#27;[39m
&amp#27;[35m[HTTP]&amp#27;[39m &amp#27;[37m-->&amp#27;[39m &amp#27;[37mGET&amp#27;[39m &amp#27;[37m/wd/hub/session/91587b3d-2bab-485e-a876-9749992a1f49&amp#27;[39m
&amp#27;[35m[HTTP]&amp#27;[39m &amp#27;[90m{}&amp#27;[39m
[debug] &amp#27;[35m[W3C (91587b3d)]&amp#27;[39m Calling AppiumDriver.getSession() with args: ["91587b3d-2bab-485e-a876-9749992a1f49"]
[debug] &amp#27;[35m[UiAutomator2]&amp#27;[39m Getting session details from server to mix in
[debug] &amp#27;[35m[WD Proxy]&amp#27;[39m Matched '/' to command name 'getSession'
[debug] &amp#27;[35m[WD Proxy]&amp#27;[39m Proxying [GET /] to [GET http://127.0.0.1:8211/wd/hub/session/968b6e53-7f99-43f0-b079-75d625dd17b6] with no body
[debug] &amp#27;[35m[WD Proxy]&amp#27;[39m Got response with status 200: {"sessionId":"968b6e53-7f99-43f0-b079-75d625dd17b6","value":{"lastScrollData":null}}
[debug] &amp#27;[35m[W3C (91587b3d)]&amp#27;[39m Responding to client with driver.getSession() result: {"platform":"LINUX","webStorageEnabled":false,"takesScreenshot":true,"javascriptEnabled":true,"databaseEnabled":false,"networkConnectionEnabled":true,"locationContextEnabled":false,"warnings":{},"desired":{"platformName":"android","app":"C:\\Users\\Anis\\eclipse-workspace\\Appium\\src\\ApiDemos-debug.apk","deviceName":"Redmi","newCommandTimeout":14},"platformName":"android","app":"C:\\Users\\Anis\\eclipse-workspace\\Appium\\src\\ApiDemos-debug.apk","deviceName":"55272e729804","newCommandTimeout":14,"deviceUDID":"55272e729804","appPackage":"io.appium.android.apis","deviceApiLevel":24,"platformVersion":"7.0","deviceScreenSize":"1080x1920","deviceScreenDensity":480,"deviceModel":"Redmi Note 4","deviceManufacturer":"Xiaomi","pixelRatio":3,"statBarHeight":72,"viewportRect":{"left":0,"top":72,"width":1080,"height":1848},"lastScrollData":null}
&amp#27;[35m[HTTP]&amp#27;[39m &amp#27;[37m<-- GET /wd/hub/session/91587b3d-2bab-485e-a876-9749992a1f49 &amp#27;[39m&amp#27;[32m200&amp#27;[39m &amp#27;[90m11 ms - 858&amp#27;[39m
&amp#27;[35m[HTTP]&amp#27;[39m &amp#27;[90m&amp#27;[39m
&amp#27;[35m[HTTP]&amp#27;[39m &amp#27;[37m-->&amp#27;[39m &amp#27;[37mPOST&amp#27;[39m &amp#27;[37m/wd/hub/session/91587b3d-2bab-485e-a876-9749992a1f49/elements&amp#27;[39m
&amp#27;[35m[HTTP]&amp#27;[39m &amp#27;[90m{"using":"class name","value":"android.widget.Button"}&amp#27;[39m
[debug] &amp#27;[35m[W3C (91587b3d)]&amp#27;[39m Calling AppiumDriver.findElements() with args: ["class name","android.widget.Button","91587b3d-2bab-485e-a876-9749992a1f49"]
[debug] &amp#27;[35m[BaseDriver]&amp#27;[39m Valid locator strategies for this request: xpath, id, class name, accessibility id, css selector, -android uiautomator
[debug] &amp#27;[35m[BaseDriver]&amp#27;[39m Waiting up to 10000 ms for condition
[debug] &amp#27;[35m[WD Proxy]&amp#27;[39m Matched '/elements' to command name 'findElements'
[debug] &amp#27;[35m[WD Proxy]&amp#27;[39m Proxying [POST /elements] to [POST http://127.0.0.1:8211/wd/hub/session/968b6e53-7f99-43f0-b079-75d625dd17b6/elements] with body: {"strategy":"class name","selector":"android.widget.Button","context":"","multiple":true}
[debug] &amp#27;[35m[WD Proxy]&amp#27;[39m Got response with status 200: {"sessionId":"968b6e53-7f99-43f0-b079-75d625dd17b6","value":[{"ELEMENT":"669b6ee0-c746-4c0c-9c9e-651cbbb322af","element-6066-11e4-a52e-4f735466cecf":"669b6ee0-c746-4c0c-9c9e-651cbbb322af"},{"ELEMENT":"bf149ca7-8635-4b45-8cff-fe97e880e7af","element-6066-11e4-a52e-4f735466cecf":"bf149ca7-8635-4b45-8cff-fe97e880e7af"}]}
[debug] &amp#27;[35m[W3C (91587b3d)]&amp#27;[39m Responding to client with driver.findElements() result: [{"element-6066-11e4-a52e-4f735466cecf":"669b6ee0-c746-4c0c-9c9e-651cbbb322af","ELEMENT":"669b6ee0-c746-4c0c-9c9e-651cbbb322af"},{"element-6066-11e4-a52e-4f735466cecf":"bf149ca7-8635-4b45-8cff-fe97e880e7af","ELEMENT":"bf149ca7-8635-4b45-8cff-fe97e880e7af"}]
&amp#27;[35m[HTTP]&amp#27;[39m &amp#27;[37m<-- POST /wd/hub/session/91587b3d-2bab-485e-a876-9749992a1f49/elements &amp#27;[39m&amp#27;[32m200&amp#27;[39m &amp#27;[90m478 ms - 267&amp#27;[39m
&amp#27;[35m[HTTP]&amp#27;[39m &amp#27;[90m&amp#27;[39m
&amp#27;[35m[HTTP]&amp#27;[39m &amp#27;[37m-->&amp#27;[39m &amp#27;[37mPOST&amp#27;[39m &amp#27;[37m/wd/hub/session/91587b3d-2bab-485e-a876-9749992a1f49/element/bf149ca7-8635-4b45-8cff-fe97e880e7af/click&amp#27;[39m
&amp#27;[35m[HTTP]&amp#27;[39m &amp#27;[90m{"id":"bf149ca7-8635-4b45-8cff-fe97e880e7af"}&amp#27;[39m
[debug] &amp#27;[35m[W3C (91587b3d)]&amp#27;[39m Calling AppiumDriver.click() with args: ["bf149ca7-8635-4b45-8cff-fe97e880e7af","91587b3d-2bab-485e-a876-9749992a1f49"]
[debug] &amp#27;[35m[WD Proxy]&amp#27;[39m Matched '/element/bf149ca7-8635-4b45-8cff-fe97e880e7af/click' to command name 'click'
[debug] &amp#27;[35m[WD Proxy]&amp#27;[39m Proxying [POST /element/bf149ca7-8635-4b45-8cff-fe97e880e7af/click] to [POST http://127.0.0.1:8211/wd/hub/session/968b6e53-7f99-43f0-b079-75d625dd17b6/element/bf149ca7-8635-4b45-8cff-fe97e880e7af/click] with body: {"element":"bf149ca7-8635-4b45-8cff-fe97e880e7af"}
[debug] &amp#27;[35m[WD Proxy]&amp#27;[39m Got response with status 200: {"sessionId":"968b6e53-7f99-43f0-b079-75d625dd17b6","value":null}
[debug] &amp#27;[35m[W3C (91587b3d)]&amp#27;[39m Responding to client with driver.click() result: null
&amp#27;[35m[HTTP]&amp#27;[39m &amp#27;[37m<-- POST /wd/hub/session/91587b3d-2bab-485e-a876-9749992a1f49/element/bf149ca7-8635-4b45-8cff-fe97e880e7af/click &amp#27;[39m&amp#27;[32m200&amp#27;[39m &amp#27;[90m931 ms - 14&amp#27;[39m
&amp#27;[35m[HTTP]&amp#27;[39m &amp#27;[90m&amp#27;[39m
[INFO ] 2021-06-18 15:54:32.718 [main] Listeners - *******************ApiDemoTest.apiDemoTest passed*******************
]]></system-out>
    <system-err><![CDATA[Jun 18, 2021 3:54:22 PM io.appium.java_client.remote.AppiumCommandExecutor$1 lambda$0
INFO: Detected dialect: W3C
]]></system-err>
  </testcase>
  <testcase name="apiDemoTest[@#$%](2)" classname="ApiDemoTest" time="9.706">
    <system-out><![CDATA[&amp#27;[35m[Appium]&amp#27;[39m Welcome to Appium v1.21.0
&amp#27;[35m[Appium]&amp#27;[39m Appium REST http interface listener started on 0.0.0.0:4723
&amp#27;[35m[HTTP]&amp#27;[39m &amp#27;[37m-->&amp#27;[39m &amp#27;[37mGET&amp#27;[39m &amp#27;[37m/wd/hub/status&amp#27;[39m
&amp#27;[35m[HTTP]&amp#27;[39m &amp#27;[90m{}&amp#27;[39m
[debug] &amp#27;[35m[GENERIC]&amp#27;[39m Calling AppiumDriver.getStatus() with args: []
[debug] &amp#27;[35m[GENERIC]&amp#27;[39m Responding to client with driver.getStatus() result: {"build":{"version":"1.21.0"}}
&amp#27;[35m[HTTP]&amp#27;[39m &amp#27;[37m<-- GET /wd/hub/status &amp#27;[39m&amp#27;[32m200&amp#27;[39m &amp#27;[90m10 ms - 68&amp#27;[39m
&amp#27;[35m[HTTP]&amp#27;[39m &amp#27;[90m&amp#27;[39m
&amp#27;[35m[HTTP]&amp#27;[39m &amp#27;[37m-->&amp#27;[39m &amp#27;[37mPOST&amp#27;[39m &amp#27;[37m/wd/hub/session&amp#27;[39m
&amp#27;[35m[HTTP]&amp#27;[39m &amp#27;[90m{"desiredCapabilities":{"app":"C:\\Users\\Anis\\eclipse-workspace\\Appium\\src\\ApiDemos-debug.apk","platformName":"Android","deviceName":"Redmi","newCommandTimeout":14},"capabilities":{"firstMatch":[{"appium:app":"C:\\Users\\Anis\\eclipse-workspace\\Appium\\src\\ApiDemos-debug.apk","appium:deviceName":"Redmi","appium:newCommandTimeout":14,"platformName":"android"}]}}&amp#27;[39m
[debug] &amp#27;[35m[W3C]&amp#27;[39m Calling AppiumDriver.createSession() with args: [{"app":"C:\\Users\\Anis\\eclipse-workspace\\Appium\\src\\ApiDemos-debug.apk","platformName":"Android","deviceName":"Redmi","newCommandTimeout":14},null,{"firstMatch":[{"appium:app":"C:\\Users\\Anis\\eclipse-workspace\\Appium\\src\\ApiDemos-debug.apk","appium:deviceName":"Redmi","appium:newCommandTimeout":14,"platformName":"android"}]}]
[debug] &amp#27;[35m[BaseDriver]&amp#27;[39m Event 'newSessionRequested' logged at 1624011874761 (15:54:34 GMT+0530 (India Standard Time))
&amp#27;[35m[Appium]&amp#27;[39m 
&amp#27;[35m[Appium]&amp#27;[39m ======================================================================
&amp#27;[35m[Appium]&amp#27;[39m   DEPRECATION WARNING:
&amp#27;[35m[Appium]&amp#27;[39m 
&amp#27;[35m[Appium]&amp#27;[39m   The 'automationName' capability was not provided in the desired 
&amp#27;[35m[Appium]&amp#27;[39m   capabilities for this Android session
&amp#27;[35m[Appium]&amp#27;[39m 
&amp#27;[35m[Appium]&amp#27;[39m   Setting 'automationName=UiAutomator2' by default and using the 
&amp#27;[35m[Appium]&amp#27;[39m   UiAutomator2 Driver
&amp#27;[35m[Appium]&amp#27;[39m 
&amp#27;[35m[Appium]&amp#27;[39m   The next major version of Appium (2.x) will **require** the 
&amp#27;[35m[Appium]&amp#27;[39m   'automationName' capability to be set for all sessions on all 
&amp#27;[35m[Appium]&amp#27;[39m   platforms
&amp#27;[35m[Appium]&amp#27;[39m 
&amp#27;[35m[Appium]&amp#27;[39m   In previous versions (Appium <= 1.13.x), the default was 
&amp#27;[35m[Appium]&amp#27;[39m   'automationName=UiAutomator1'
&amp#27;[35m[Appium]&amp#27;[39m 
&amp#27;[35m[Appium]&amp#27;[39m   If you wish to use that automation instead of UiAutomator2, please 
&amp#27;[35m[Appium]&amp#27;[39m   add 'automationName=UiAutomator1' to your desired capabilities
&amp#27;[35m[Appium]&amp#27;[39m 
&amp#27;[35m[Appium]&amp#27;[39m   For more information about drivers, please visit 
&amp#27;[35m[Appium]&amp#27;[39m   http://appium.io/docs/en/about-appium/intro/ and explore the 
&amp#27;[35m[Appium]&amp#27;[39m   'Drivers' menu
&amp#27;[35m[Appium]&amp#27;[39m 
&amp#27;[35m[Appium]&amp#27;[39m ======================================================================
&amp#27;[35m[Appium]&amp#27;[39m 
&amp#27;[35m[Appium]&amp#27;[39m Appium v1.21.0 creating new AndroidUiautomator2Driver (v1.65.0) session
[debug] &amp#27;[35m[BaseDriver]&amp#27;[39m W3C capabilities and MJSONWP desired capabilities were provided
[debug] &amp#27;[35m[BaseDriver]&amp#27;[39m Creating session with W3C capabilities: {
[debug] &amp#27;[35m[BaseDriver]&amp#27;[39m   "alwaysMatch": {
[debug] &amp#27;[35m[BaseDriver]&amp#27;[39m     "platformName": "android",
[debug] &amp#27;[35m[BaseDriver]&amp#27;[39m     "appium:app": "C:\\Users\\Anis\\eclipse-workspace\\Appium\\src\\ApiDemos-debug.apk",
[debug] &amp#27;[35m[BaseDriver]&amp#27;[39m     "appium:deviceName": "Redmi",
[debug] &amp#27;[35m[BaseDriver]&amp#27;[39m     "appium:newCommandTimeout": 14
[debug] &amp#27;[35m[BaseDriver]&amp#27;[39m   },
[debug] &amp#27;[35m[BaseDriver]&amp#27;[39m   "firstMatch": [
[debug] &amp#27;[35m[BaseDriver]&amp#27;[39m     {}
[debug] &amp#27;[35m[BaseDriver]&amp#27;[39m   ]
[debug] &amp#27;[35m[BaseDriver]&amp#27;[39m }
&amp#27;[35m[BaseDriver]&amp#27;[39m Session created with session id: 21ee7e2f-907f-44f3-9d10-e81ecd1af3f2
&amp#27;[35m[BaseDriver]&amp#27;[39m Using local app 'C:\Users\Anis\eclipse-workspace\Appium\src\ApiDemos-debug.apk'
[debug] &amp#27;[35m[UiAutomator2]&amp#27;[39m Checking whether app is actually present
&amp#27;[35m[ADB]&amp#27;[39m Found 2 'build-tools' folders under 'C:\Users\Anis\AppData\Local\Android\Sdk' (newest first):
&amp#27;[35m[ADB]&amp#27;[39m     C:/Users/Anis/AppData/Local/Android/Sdk/build-tools/31.0.0-rc4
&amp#27;[35m[ADB]&amp#27;[39m     C:/Users/Anis/AppData/Local/Android/Sdk/build-tools/30.0.3
&amp#27;[35m[ADB]&amp#27;[39m Using 'adb.exe' from 'C:\Users\Anis\AppData\Local\Android\Sdk\platform-tools\adb.exe'
[debug] &amp#27;[35m[ADB]&amp#27;[39m Running 'C:\Users\Anis\AppData\Local\Android\Sdk\platform-tools\adb.exe -P 5037 start-server'
&amp#27;[35m[AndroidDriver]&amp#27;[39m Retrieving device list
[debug] &amp#27;[35m[ADB]&amp#27;[39m Trying to find a connected android device
[debug] &amp#27;[35m[ADB]&amp#27;[39m Getting connected devices
[debug] &amp#27;[35m[ADB]&amp#27;[39m Connected devices: [{"udid":"55272e729804","state":"device"}]
&amp#27;[35m[AndroidDriver]&amp#27;[39m Using device: 55272e729804
&amp#27;[35m[ADB]&amp#27;[39m Using 'adb.exe' from 'C:\Users\Anis\AppData\Local\Android\Sdk\platform-tools\adb.exe'
[debug] &amp#27;[35m[ADB]&amp#27;[39m Running 'C:\Users\Anis\AppData\Local\Android\Sdk\platform-tools\adb.exe -P 5037 start-server'
[debug] &amp#27;[35m[ADB]&amp#27;[39m Setting device id to 55272e729804
[debug] &amp#27;[35m[ADB]&amp#27;[39m Running 'C:\Users\Anis\AppData\Local\Android\Sdk\platform-tools\adb.exe -P 5037 -s 55272e729804 shell getprop ro.build.version.sdk'
[debug] &amp#27;[35m[ADB]&amp#27;[39m Current device property 'ro.build.version.sdk': 24
[debug] &amp#27;[35m[ADB]&amp#27;[39m Device API level: 24
[debug] &amp#27;[35m[AndroidDriver]&amp#27;[39m Parsing package and activity from app manifest
&amp#27;[35m[ADB]&amp#27;[39m Package name: 'io.appium.android.apis'
&amp#27;[35m[ADB]&amp#27;[39m Main activity name: 'ApiDemos'
[debug] &amp#27;[35m[AndroidDriver]&amp#27;[39m Parsed package and activity are: io.appium.android.apis/ApiDemos
[debug] &amp#27;[35m[ADB]&amp#27;[39m Running 'C:\Users\Anis\AppData\Local\Android\Sdk\platform-tools\adb.exe -P 5037 -s 55272e729804 wait-for-device'
[debug] &amp#27;[35m[ADB]&amp#27;[39m Running 'C:\Users\Anis\AppData\Local\Android\Sdk\platform-tools\adb.exe -P 5037 -s 55272e729804 shell echo ping'
[debug] &amp#27;[35m[AndroidDriver]&amp#27;[39m Pushing settings apk to device...
[debug] &amp#27;[35m[ADB]&amp#27;[39m Getting install status for io.appium.settings
[debug] &amp#27;[35m[ADB]&amp#27;[39m Running 'C:\Users\Anis\AppData\Local\Android\Sdk\platform-tools\adb.exe -P 5037 -s 55272e729804 shell dumpsys package io.appium.settings'
[debug] &amp#27;[35m[ADB]&amp#27;[39m 'io.appium.settings' is installed
[debug] &amp#27;[35m[ADB]&amp#27;[39m Getting package info for 'io.appium.settings'
[debug] &amp#27;[35m[ADB]&amp#27;[39m Running 'C:\Users\Anis\AppData\Local\Android\Sdk\platform-tools\adb.exe -P 5037 -s 55272e729804 shell dumpsys package io.appium.settings'
[debug] &amp#27;[35m[ADB]&amp#27;[39m The version name of the installed 'io.appium.settings' is greater or equal to the application version name ('3.3.0' >= '3.3.0')
[debug] &amp#27;[35m[ADB]&amp#27;[39m There is no need to install/upgrade 'C:\Users\Anis\AppData\Roaming\npm\node_modules\appium\node_modules\io.appium.settings\apks\settings_apk-debug.apk'
[debug] &amp#27;[35m[ADB]&amp#27;[39m Getting IDs of all 'io.appium.settings' processes
[debug] &amp#27;[35m[ADB]&amp#27;[39m Running 'C:\Users\Anis\AppData\Local\Android\Sdk\platform-tools\adb.exe -P 5037 -s 55272e729804 shell 'pgrep --help; echo $?''
[debug] &amp#27;[35m[ADB]&amp#27;[39m Running 'C:\Users\Anis\AppData\Local\Android\Sdk\platform-tools\adb.exe -P 5037 -s 55272e729804 shell 'pgrep ^appium\\.settings$ || pgrep ^io\\.appium\\.setti$''
[debug] &amp#27;[35m[ADB]&amp#27;[39m Getting IDs of all 'io.appium.settings' processes
[debug] &amp#27;[35m[ADB]&amp#27;[39m Running 'C:\Users\Anis\AppData\Local\Android\Sdk\platform-tools\adb.exe -P 5037 -s 55272e729804 shell 'pgrep ^appium\\.settings$ || pgrep ^io\\.appium\\.setti$''
[debug] &amp#27;[35m[ADB]&amp#27;[39m Starting Appium Settings app
[debug] &amp#27;[35m[ADB]&amp#27;[39m Running 'C:\Users\Anis\AppData\Local\Android\Sdk\platform-tools\adb.exe -P 5037 -s 55272e729804 shell am start -n io.appium.settings/.Settings -a android.intent.action.MAIN -c android.intent.category.LAUNCHER'
[debug] &amp#27;[35m[ADB]&amp#27;[39m Getting IDs of all 'io.appium.settings' processes
[debug] &amp#27;[35m[ADB]&amp#27;[39m Running 'C:\Users\Anis\AppData\Local\Android\Sdk\platform-tools\adb.exe -P 5037 -s 55272e729804 shell 'pgrep ^appium\\.settings$ || pgrep ^io\\.appium\\.setti$''
[debug] &amp#27;[35m[ADB]&amp#27;[39m Running 'C:\Users\Anis\AppData\Local\Android\Sdk\platform-tools\adb.exe -P 5037 -s 55272e729804 shell appops set io.appium.settings android:mock_location allow'
[debug] &amp#27;[35m[Logcat]&amp#27;[39m Starting logs capture with command: C:\\Users\\Anis\\AppData\\Local\\Android\\Sdk\\platform-tools\\adb.exe -P 5037 -s 55272e729804 logcat -v threadtime
[debug] &amp#27;[35m[UiAutomator2]&amp#27;[39m Forwarding UiAutomator2 Server port 6790 to local port 8212
[debug] &amp#27;[35m[ADB]&amp#27;[39m Forwarding system: 8212 to device: 6790
[debug] &amp#27;[35m[ADB]&amp#27;[39m Running 'C:\Users\Anis\AppData\Local\Android\Sdk\platform-tools\adb.exe -P 5037 -s 55272e729804 forward tcp:8212 tcp:6790'
[debug] &amp#27;[35m[ADB]&amp#27;[39m Getting install status for io.appium.uiautomator2.server
[debug] &amp#27;[35m[ADB]&amp#27;[39m Running 'C:\Users\Anis\AppData\Local\Android\Sdk\platform-tools\adb.exe -P 5037 -s 55272e729804 shell dumpsys package io.appium.uiautomator2.server'
[debug] &amp#27;[35m[ADB]&amp#27;[39m 'io.appium.uiautomator2.server' is installed
[debug] &amp#27;[35m[ADB]&amp#27;[39m Getting package info for 'io.appium.uiautomator2.server'
[debug] &amp#27;[35m[ADB]&amp#27;[39m Running 'C:\Users\Anis\AppData\Local\Android\Sdk\platform-tools\adb.exe -P 5037 -s 55272e729804 shell dumpsys package io.appium.uiautomator2.server'
[debug] &amp#27;[35m[ADB]&amp#27;[39m The version name of the installed 'io.appium.uiautomator2.server' is greater or equal to the application version name ('4.21.1' >= '4.21.1')
[debug] &amp#27;[35m[UiAutomator2]&amp#27;[39m io.appium.uiautomator2.server installation state: sameVersionInstalled
[debug] &amp#27;[35m[ADB]&amp#27;[39m Checking app cert for C:\Users\Anis\AppData\Roaming\npm\node_modules\appium\node_modules\appium-uiautomator2-server\apks\appium-uiautomator2-server-v4.21.1.apk
&amp#27;[35m[ADB]&amp#27;[39m Using 'apksigner.jar' from 'C:\Users\Anis\AppData\Local\Android\Sdk\build-tools\31.0.0-rc4\lib\apksigner.jar'
[debug] &amp#27;[35m[ADB]&amp#27;[39m Starting apksigner: 'C:\\Program Files\\Java\\jdk-11.0.11\\bin\\java.exe' -Xmx1024M -Xss1m -jar C:\\Users\\Anis\\AppData\\Local\\Android\\Sdk\\build-tools\\31.0.0-rc4\\lib\\apksigner.jar verify --print-certs C:\\Users\\Anis\\AppData\\Roaming\\npm\\node_modules\\appium\\node_modules\\appium-uiautomator2-server\\apks\\appium-uiautomator2-server-v4.21.1.apk
[debug] &amp#27;[35m[ADB]&amp#27;[39m apksigner stdout: Signer #1 certificate DN: EMAILADDRESS=android@android.com, CN=Android, OU=Android, O=Android, L=Mountain View, ST=California, C=US
[debug] &amp#27;[35m[ADB]&amp#27;[39m Signer #1 certificate SHA-256 digest: a40da80a59d170caa950cf15c18c454d47a39b26989d8b640ecd745ba71bf5dc
[debug] &amp#27;[35m[ADB]&amp#27;[39m Signer #1 certificate SHA-1 digest: 61ed377e85d386a8dfee6b864bd85b0bfaa5af81
[debug] &amp#27;[35m[ADB]&amp#27;[39m Signer #1 certificate MD5 digest: e89b158e4bcf988ebd09eb83f5378e87
[debug] &amp#27;[35m[ADB]&amp#27;[39m 
[debug] &amp#27;[35m[ADB]&amp#27;[39m sha256 hash did match for 'appium-uiautomator2-server-v4.21.1.apk'
&amp#27;[35m[ADB]&amp#27;[39m 'C:\Users\Anis\AppData\Roaming\npm\node_modules\appium\node_modules\appium-uiautomator2-server\apks\appium-uiautomator2-server-v4.21.1.apk' is signed with the default certificate
[debug] &amp#27;[35m[ADB]&amp#27;[39m Getting install status for io.appium.uiautomator2.server.test
[debug] &amp#27;[35m[ADB]&amp#27;[39m Running 'C:\Users\Anis\AppData\Local\Android\Sdk\platform-tools\adb.exe -P 5037 -s 55272e729804 shell dumpsys package io.appium.uiautomator2.server.test'
[debug] &amp#27;[35m[ADB]&amp#27;[39m 'io.appium.uiautomator2.server.test' is installed
[debug] &amp#27;[35m[ADB]&amp#27;[39m Checking app cert for C:\Users\Anis\AppData\Roaming\npm\node_modules\appium\node_modules\appium-uiautomator2-server\apks\appium-uiautomator2-server-debug-androidTest.apk
[debug] &amp#27;[35m[ADB]&amp#27;[39m Starting apksigner: 'C:\\Program Files\\Java\\jdk-11.0.11\\bin\\java.exe' -Xmx1024M -Xss1m -jar C:\\Users\\Anis\\AppData\\Local\\Android\\Sdk\\build-tools\\31.0.0-rc4\\lib\\apksigner.jar verify --print-certs C:\\Users\\Anis\\AppData\\Roaming\\npm\\node_modules\\appium\\node_modules\\appium-uiautomator2-server\\apks\\appium-uiautomator2-server-debug-androidTest.apk
[debug] &amp#27;[35m[ADB]&amp#27;[39m apksigner stdout: Signer #1 certificate DN: EMAILADDRESS=android@android.com, CN=Android, OU=Android, O=Android, L=Mountain View, ST=California, C=US
[debug] &amp#27;[35m[ADB]&amp#27;[39m Signer #1 certificate SHA-256 digest: a40da80a59d170caa950cf15c18c454d47a39b26989d8b640ecd745ba71bf5dc
[debug] &amp#27;[35m[ADB]&amp#27;[39m Signer #1 certificate SHA-1 digest: 61ed377e85d386a8dfee6b864bd85b0bfaa5af81
[debug] &amp#27;[35m[ADB]&amp#27;[39m Signer #1 certificate MD5 digest: e89b158e4bcf988ebd09eb83f5378e87
[debug] &amp#27;[35m[ADB]&amp#27;[39m 
[debug] &amp#27;[35m[ADB]&amp#27;[39m sha256 hash did match for 'appium-uiautomator2-server-debug-androidTest.apk'
&amp#27;[35m[ADB]&amp#27;[39m 'C:\Users\Anis\AppData\Roaming\npm\node_modules\appium\node_modules\appium-uiautomator2-server\apks\appium-uiautomator2-server-debug-androidTest.apk' is signed with the default certificate
&amp#27;[35m[UiAutomator2]&amp#27;[39m Server packages are not going to be (re)installed
[debug] &amp#27;[35m[UiAutomator2]&amp#27;[39m Waiting up to 30000ms for services to be available
[debug] &amp#27;[35m[ADB]&amp#27;[39m Running 'C:\Users\Anis\AppData\Local\Android\Sdk\platform-tools\adb.exe -P 5037 -s 55272e729804 shell pm list instrumentation'
[debug] &amp#27;[35m[UiAutomator2]&amp#27;[39m Instrumentation target 'io.appium.uiautomator2.server.test/androidx.test.runner.AndroidJUnitRunner' is available
&amp#27;[35m[ADB]&amp#27;[39m Adding packages ["io.appium.settings","io.appium.uiautomator2.server","io.appium.uiautomator2.server.test"] to Doze whitelist
[debug] &amp#27;[35m[ADB]&amp#27;[39m Got the following command chunks to execute: [["dumpsys","deviceidle","whitelist","+io.appium.settings",";","dumpsys","deviceidle","whitelist","+io.appium.uiautomator2.server",";","dumpsys","deviceidle","whitelist","+io.appium.uiautomator2.server.test",";"]]
[debug] &amp#27;[35m[ADB]&amp#27;[39m Running 'C:\Users\Anis\AppData\Local\Android\Sdk\platform-tools\adb.exe -P 5037 -s 55272e729804 shell dumpsys deviceidle whitelist +io.appium.settings ; dumpsys deviceidle whitelist +io.appium.uiautomator2.server ; dumpsys deviceidle whitelist +io.appium.uiautomator2.server.test ;'
[debug] &amp#27;[35m[ADB]&amp#27;[39m Checking app cert for C:\Users\Anis\eclipse-workspace\Appium\src\ApiDemos-debug.apk
[debug] &amp#27;[35m[ADB]&amp#27;[39m Starting apksigner: 'C:\\Program Files\\Java\\jdk-11.0.11\\bin\\java.exe' -Xmx1024M -Xss1m -jar C:\\Users\\Anis\\AppData\\Local\\Android\\Sdk\\build-tools\\31.0.0-rc4\\lib\\apksigner.jar verify --print-certs C:\\Users\\Anis\\eclipse-workspace\\Appium\\src\\ApiDemos-debug.apk
[debug] &amp#27;[35m[ADB]&amp#27;[39m apksigner stdout: Signer #1 certificate DN: EMAILADDRESS=android@android.com, CN=Android, OU=Android, O=Android, L=Mountain View, ST=California, C=US
[debug] &amp#27;[35m[ADB]&amp#27;[39m Signer #1 certificate SHA-256 digest: a40da80a59d170caa950cf15c18c454d47a39b26989d8b640ecd745ba71bf5dc
[debug] &amp#27;[35m[ADB]&amp#27;[39m Signer #1 certificate SHA-1 digest: 61ed377e85d386a8dfee6b864bd85b0bfaa5af81
[debug] &amp#27;[35m[ADB]&amp#27;[39m Signer #1 certificate MD5 digest: e89b158e4bcf988ebd09eb83f5378e87
[debug] &amp#27;[35m[ADB]&amp#27;[39m 
[debug] &amp#27;[35m[ADB]&amp#27;[39m sha256 hash did match for 'ApiDemos-debug.apk'
&amp#27;[35m[ADB]&amp#27;[39m 'C:\Users\Anis\eclipse-workspace\Appium\src\ApiDemos-debug.apk' is signed with the default certificate
[debug] &amp#27;[35m[ADB]&amp#27;[39m Getting install status for io.appium.android.apis
[debug] &amp#27;[35m[ADB]&amp#27;[39m Running 'C:\Users\Anis\AppData\Local\Android\Sdk\platform-tools\adb.exe -P 5037 -s 55272e729804 shell dumpsys package io.appium.android.apis'
[debug] &amp#27;[35m[ADB]&amp#27;[39m 'io.appium.android.apis' is installed
[debug] &amp#27;[35m[ADB]&amp#27;[39m Getting package info for 'io.appium.android.apis'
[debug] &amp#27;[35m[ADB]&amp#27;[39m Running 'C:\Users\Anis\AppData\Local\Android\Sdk\platform-tools\adb.exe -P 5037 -s 55272e729804 shell dumpsys package io.appium.android.apis'
&amp#27;[35m[ADB]&amp#27;[39m Cannot read version codes of 'C:\Users\Anis\eclipse-workspace\Appium\src\ApiDemos-debug.apk' and/or 'io.appium.android.apis'
&amp#27;[35m[ADB]&amp#27;[39m Cannot read version names of 'C:\Users\Anis\eclipse-workspace\Appium\src\ApiDemos-debug.apk' and/or 'io.appium.android.apis'
[debug] &amp#27;[35m[ADB]&amp#27;[39m The current install state of 'C:\Users\Anis\eclipse-workspace\Appium\src\ApiDemos-debug.apk' is unknown. Installing anyway
[debug] &amp#27;[35m[ADB]&amp#27;[39m Running 'C:\Users\Anis\AppData\Local\Android\Sdk\platform-tools\adb.exe -P 5037 -s 55272e729804 help'
[debug] &amp#27;[35m[ADB]&amp#27;[39m Running 'C:\Users\Anis\AppData\Local\Android\Sdk\platform-tools\adb.exe -P 5037 -s 55272e729804 features'
&amp#27;[35m[ADB]&amp#27;[39m The application at 'C:\Users\Anis\eclipse-workspace\Appium\src\ApiDemos-debug.apk' will not be cached, because the device under test has confirmed the support of streamed installs
[debug] &amp#27;[35m[ADB]&amp#27;[39m Running 'C:\Users\Anis\AppData\Local\Android\Sdk\platform-tools\adb.exe -P 5037 -s 55272e729804 install -r C:\Users\Anis\eclipse-workspace\Appium\src\ApiDemos-debug.apk'
&amp#27;[35m[ADB]&amp#27;[39m The installation of 'ApiDemos-debug.apk' took 5391ms
[debug] &amp#27;[35m[ADB]&amp#27;[39m Install command stdout: Performing Streamed Install
[debug] &amp#27;[35m[ADB]&amp#27;[39m Success
&amp#27;[35m[AndroidDriver]&amp#27;[39m Performing fast reset on 'io.appium.android.apis'
[debug] &amp#27;[35m[ADB]&amp#27;[39m Getting install status for io.appium.android.apis
[debug] &amp#27;[35m[ADB]&amp#27;[39m Running 'C:\Users\Anis\AppData\Local\Android\Sdk\platform-tools\adb.exe -P 5037 -s 55272e729804 shell dumpsys package io.appium.android.apis'
[debug] &amp#27;[35m[ADB]&amp#27;[39m 'io.appium.android.apis' is installed
[debug] &amp#27;[35m[ADB]&amp#27;[39m Running 'C:\Users\Anis\AppData\Local\Android\Sdk\platform-tools\adb.exe -P 5037 -s 55272e729804 shell am force-stop io.appium.android.apis'
[debug] &amp#27;[35m[ADB]&amp#27;[39m Running 'C:\Users\Anis\AppData\Local\Android\Sdk\platform-tools\adb.exe -P 5037 -s 55272e729804 shell pm clear io.appium.android.apis'
[debug] &amp#27;[35m[AndroidDriver]&amp#27;[39m Performed fast reset on the installed 'io.appium.android.apis' application (stop and clear)
[debug] &amp#27;[35m[UiAutomator2]&amp#27;[39m Performing shallow cleanup of automation leftovers
[debug] &amp#27;[35m[UiAutomator2]&amp#27;[39m The following obsolete sessions are still running: [null]
[debug] &amp#27;[35m[UiAutomator2]&amp#27;[39m Cleaning up the obsolete sessions
[debug] &amp#27;[35m[ADB]&amp#27;[39m Running 'C:\Users\Anis\AppData\Local\Android\Sdk\platform-tools\adb.exe -P 5037 -s 55272e729804 shell am force-stop io.appium.uiautomator2.server.test'
&amp#27;[35m[UiAutomator2]&amp#27;[39m Starting UIAutomator2 server 4.21.1
&amp#27;[35m[UiAutomator2]&amp#27;[39m Using UIAutomator2 server from 'C:\Users\Anis\AppData\Roaming\npm\node_modules\appium\node_modules\appium-uiautomator2-server\apks\appium-uiautomator2-server-v4.21.1.apk' and test from 'C:\Users\Anis\AppData\Roaming\npm\node_modules\appium\node_modules\appium-uiautomator2-server\apks\appium-uiautomator2-server-debug-androidTest.apk'
&amp#27;[35m[UiAutomator2]&amp#27;[39m Waiting up to 30000ms for UiAutomator2 to be online...
[debug] &amp#27;[35m[ADB]&amp#27;[39m Creating ADB subprocess with args: ["-P",5037,"-s","55272e729804","shell","am","instrument","-w","-e","disableAnalytics",true,"io.appium.uiautomator2.server.test/androidx.test.runner.AndroidJUnitRunner"]
[debug] &amp#27;[35m[WD Proxy]&amp#27;[39m Matched '/status' to command name 'getStatus'
[debug] &amp#27;[35m[WD Proxy]&amp#27;[39m Proxying [GET /status] to [GET http://127.0.0.1:8212/wd/hub/status] with no body
&amp#27;[35m[WD Proxy]&amp#27;[39m socket hang up
[debug] &amp#27;[35m[WD Proxy]&amp#27;[39m Matched '/status' to command name 'getStatus'
[debug] &amp#27;[35m[WD Proxy]&amp#27;[39m Proxying [GET /status] to [GET http://127.0.0.1:8212/wd/hub/status] with no body
&amp#27;[35m[WD Proxy]&amp#27;[39m socket hang up
[debug] &amp#27;[35m[Instrumentation]&amp#27;[39m io.appium.uiautomator2.server.test.AppiumUiAutomator2Server:
[debug] &amp#27;[35m[WD Proxy]&amp#27;[39m Matched '/status' to command name 'getStatus'
[debug] &amp#27;[35m[WD Proxy]&amp#27;[39m Proxying [GET /status] to [GET http://127.0.0.1:8212/wd/hub/status] with no body
&amp#27;[35m[WD Proxy]&amp#27;[39m socket hang up
[debug] &amp#27;[35m[WD Proxy]&amp#27;[39m Matched '/status' to command name 'getStatus'
[debug] &amp#27;[35m[WD Proxy]&amp#27;[39m Proxying [GET /status] to [GET http://127.0.0.1:8212/wd/hub/status] with no body
[debug] &amp#27;[35m[WD Proxy]&amp#27;[39m Got response with status 200: {"sessionId":"None","value":{"message":"UiAutomator2 Server is ready to accept commands","ready":true}}
[debug] &amp#27;[35m[UiAutomator2]&amp#27;[39m The initialization of the instrumentation process took 3100ms
[debug] &amp#27;[35m[WD Proxy]&amp#27;[39m Matched '/session' to command name 'createSession'
[debug] &amp#27;[35m[WD Proxy]&amp#27;[39m Proxying [POST /session] to [POST http://127.0.0.1:8212/wd/hub/session] with body: {"capabilities":{"firstMatch":[{"platform":"LINUX","webStorageEnabled":false,"takesScreenshot":true,"javascriptEnabled":true,"databaseEnabled":false,"networkConnectionEnabled":true,"locationContextEnabled":false,"warnings":{},"desired":{"platformName":"android","app":"C:\\Users\\Anis\\eclipse-workspace\\Appium\\src\\ApiDemos-debug.apk","deviceName":"Redmi","newCommandTimeout":14},"platformName":"android","app":"C:\\Users\\Anis\\eclipse-workspace\\Appium\\src\\ApiDemos-debug.apk","deviceName":"55272e729804","newCommandTimeout":14,"deviceUDID":"55272e729804","appPackage":"io.appium.android.apis"}],"alwaysMatch":{}}}
[debug] &amp#27;[35m[WD Proxy]&amp#27;[39m Got response with status 200: {"sessionId":"efc5b3ad-1659-48e3-8dd2-c2033ff8014a","value":{"capabilities":{"firstMatch":[{"platform":"LINUX","webStorageEnabled":false,"takesScreenshot":true,"javascriptEnabled":true,"databaseEnabled":false,"networkConnectionEnabled":true,"locationContextEnabled":false,"warnings":{},"desired":{"platformName":"android","app":"C:\\Users\\Anis\\eclipse-workspace\\Appium\\src\\ApiDemos-debug.apk","deviceName":"Redmi","newCommandTimeout":14},"platformName":"android","app":"C:\\Users\\Anis\\eclipse-workspace\\Appium\\src\\ApiDemos-debug.apk","deviceName":"55272e729804","newCommandTimeout":14,"deviceUDID":"55272e729804","appPackage":"io.appium.android.apis"}],"alwaysMatch":{}},"sessionId":"efc5b3ad-1659-48e3-8dd2-c2033ff8014a"}}
&amp#27;[35m[WD Proxy]&amp#27;[39m Determined the downstream protocol as 'W3C'
[debug] &amp#27;[35m[WD Proxy]&amp#27;[39m Proxying [GET /appium/device/info] to [GET http://127.0.0.1:8212/wd/hub/session/efc5b3ad-1659-48e3-8dd2-c2033ff8014a/appium/device/info] with no body
[debug] &amp#27;[35m[WD Proxy]&amp#27;[39m Got response with status 200: {"sessionId":"efc5b3ad-1659-48e3-8dd2-c2033ff8014a","value":{"androidId":"62e279822e2e3c5b","apiVersion":"24","bluetooth":{"state":"OFF"},"brand":"xiaomi","carrierName":"airtel","displayDensity":480,"locale":"en_GB","manufacturer":"Xiaomi","model":"Redmi Note 4","networks":[{"capabilities":{"SSID":null,"linkDownBandwidthKbps":102400,"linkUpstreamBandwidthKbps":51200,"networkCapabilities":"NET_CAPABILITY_NOT_METERED,NET_CAPABILITY_NOT_RESTRICTED,NET_CAPABILITY_IMS,NET_CAPABILITY_NOT_VPN,NET_CAPABILITY_TRUSTED,NET_CAPABILITY_VALIDATED","signalStrength":-2147483648,"transportTypes":"TRANSPORT_CELLULAR"},"detailedState":"CONNECTED","extraInfo":"ims","isAvailable":true,"isConnected":true,"isFailover":false,"isRoaming":false,"state":"CONNECTED","subtype":13,"subtypeName":"LTE","type":0,"typeName":"MOBILE"},{"capabilities":{"SSID":null,"linkDownBandwidthKbps":102400,"linkUpstreamBandwidthKbps":51200,"networkCapabilities":"NET_CAPABILITY_NOT_RESTRICTED,NET_CAPABILITY_SUPL,NET_CAPABILITY_NOT_VPN,NET_CAPABILITY_INTE...
[debug] &amp#27;[35m[ADB]&amp#27;[39m Running 'C:\Users\Anis\AppData\Local\Android\Sdk\platform-tools\adb.exe -P 5037 -s 55272e729804 shell dumpsys window'
&amp#27;[35m[AndroidDriver]&amp#27;[39m Screen already unlocked, doing nothing
&amp#27;[35m[UiAutomator2]&amp#27;[39m Starting 'io.appium.android.apis/ApiDemos and waiting for 'io.appium.android.apis/ApiDemos'
[debug] &amp#27;[35m[ADB]&amp#27;[39m Running 'C:\Users\Anis\AppData\Local\Android\Sdk\platform-tools\adb.exe -P 5037 -s 55272e729804 shell am start -W -n io.appium.android.apis/ApiDemos -S -a android.intent.action.MAIN -c android.intent.category.LAUNCHER -f 0x10200000'
[debug] &amp#27;[35m[ADB]&amp#27;[39m We tried to start an activity that doesn't exist, retrying with '.ApiDemos' activity name
[debug] &amp#27;[35m[ADB]&amp#27;[39m Running 'C:\Users\Anis\AppData\Local\Android\Sdk\platform-tools\adb.exe -P 5037 -s 55272e729804 shell am start -W -n io.appium.android.apis/.ApiDemos -S -a android.intent.action.MAIN -c android.intent.category.LAUNCHER -f 0x10200000'
[debug] &amp#27;[35m[ADB]&amp#27;[39m Waiting up to 20000ms for activity matching pkg: 'io.appium.android.apis' and activity: 'ApiDemos' to be focused
[debug] &amp#27;[35m[ADB]&amp#27;[39m Possible activities, to be checked: 'ApiDemos', 'io.appium.android.apis.ApiDemos'
[debug] &amp#27;[35m[ADB]&amp#27;[39m Getting focused package and activity
[debug] &amp#27;[35m[ADB]&amp#27;[39m Running 'C:\Users\Anis\AppData\Local\Android\Sdk\platform-tools\adb.exe -P 5037 -s 55272e729804 shell dumpsys window windows'
[debug] &amp#27;[35m[ADB]&amp#27;[39m Found package: 'io.appium.android.apis' and fully qualified activity name : 'io.appium.android.apis.ApiDemos'
[debug] &amp#27;[35m[WD Proxy]&amp#27;[39m Proxying [GET /appium/device/pixel_ratio] to [GET http://127.0.0.1:8212/wd/hub/session/efc5b3ad-1659-48e3-8dd2-c2033ff8014a/appium/device/pixel_ratio] with no body
[debug] &amp#27;[35m[WD Proxy]&amp#27;[39m Got response with status 200: {"sessionId":"efc5b3ad-1659-48e3-8dd2-c2033ff8014a","value":3}
[debug] &amp#27;[35m[WD Proxy]&amp#27;[39m Matched '/appium/device/system_bars' to command name 'getSystemBars'
[debug] &amp#27;[35m[WD Proxy]&amp#27;[39m Proxying [GET /appium/device/system_bars] to [GET http://127.0.0.1:8212/wd/hub/session/efc5b3ad-1659-48e3-8dd2-c2033ff8014a/appium/device/system_bars] with no body
[debug] &amp#27;[35m[WD Proxy]&amp#27;[39m Got response with status 200: {"sessionId":"efc5b3ad-1659-48e3-8dd2-c2033ff8014a","value":{"statusBar":72}}
[debug] &amp#27;[35m[WD Proxy]&amp#27;[39m Matched '/window/current/size' to command name 'getWindowSize'
[debug] &amp#27;[35m[WD Proxy]&amp#27;[39m Proxying [GET /window/current/size] to [GET http://127.0.0.1:8212/wd/hub/session/efc5b3ad-1659-48e3-8dd2-c2033ff8014a/window/current/size] with no body
[debug] &amp#27;[35m[WD Proxy]&amp#27;[39m Got response with status 200: {"sessionId":"efc5b3ad-1659-48e3-8dd2-c2033ff8014a","value":{"height":1920,"width":1080}}
&amp#27;[35m[Appium]&amp#27;[39m New AndroidUiautomator2Driver session created successfully, session 21ee7e2f-907f-44f3-9d10-e81ecd1af3f2 added to master session list
[debug] &amp#27;[35m[BaseDriver]&amp#27;[39m Event 'newSessionStarted' logged at 1624011902556 (15:55:02 GMT+0530 (India Standard Time))
[debug] &amp#27;[35m[W3C (21ee7e2f)]&amp#27;[39m Cached the protocol value 'W3C' for the new session 21ee7e2f-907f-44f3-9d10-e81ecd1af3f2
[debug] &amp#27;[35m[W3C (21ee7e2f)]&amp#27;[39m Responding to client with driver.createSession() result: {"capabilities":{"platform":"LINUX","webStorageEnabled":false,"takesScreenshot":true,"javascriptEnabled":true,"databaseEnabled":false,"networkConnectionEnabled":true,"locationContextEnabled":false,"warnings":{},"desired":{"platformName":"android","app":"C:\\Users\\Anis\\eclipse-workspace\\Appium\\src\\ApiDemos-debug.apk","deviceName":"Redmi","newCommandTimeout":14},"platformName":"android","app":"C:\\Users\\Anis\\eclipse-workspace\\Appium\\src\\ApiDemos-debug.apk","deviceName":"55272e729804","newCommandTimeout":14,"deviceUDID":"55272e729804","appPackage":"io.appium.android.apis","deviceApiLevel":24,"platformVersion":"7.0","deviceScreenSize":"1080x1920","deviceScreenDensity":480,"deviceModel":"Redmi Note 4","deviceManufacturer":"Xiaomi","pixelRatio":3,"statBarHeight":72,"viewportRect":{"left":0,"top":72,"width":1080,"height":1848}}}
&amp#27;[35m[HTTP]&amp#27;[39m &amp#27;[37m<-- POST /wd/hub/session &amp#27;[39m&amp#27;[32m200&amp#27;[39m &amp#27;[90m27803 ms - 904&amp#27;[39m
&amp#27;[35m[HTTP]&amp#27;[39m &amp#27;[90m&amp#27;[39m
&amp#27;[35m[HTTP]&amp#27;[39m &amp#27;[37m-->&amp#27;[39m &amp#27;[37mGET&amp#27;[39m &amp#27;[37m/wd/hub/session/21ee7e2f-907f-44f3-9d10-e81ecd1af3f2&amp#27;[39m
&amp#27;[35m[HTTP]&amp#27;[39m &amp#27;[90m{}&amp#27;[39m
[debug] &amp#27;[35m[W3C (21ee7e2f)]&amp#27;[39m Calling AppiumDriver.getSession() with args: ["21ee7e2f-907f-44f3-9d10-e81ecd1af3f2"]
[debug] &amp#27;[35m[UiAutomator2]&amp#27;[39m Getting session details from server to mix in
[debug] &amp#27;[35m[WD Proxy]&amp#27;[39m Matched '/' to command name 'getSession'
[debug] &amp#27;[35m[WD Proxy]&amp#27;[39m Proxying [GET /] to [GET http://127.0.0.1:8212/wd/hub/session/efc5b3ad-1659-48e3-8dd2-c2033ff8014a] with no body
[debug] &amp#27;[35m[WD Proxy]&amp#27;[39m Got response with status 200: {"sessionId":"efc5b3ad-1659-48e3-8dd2-c2033ff8014a","value":{"lastScrollData":null}}
[debug] &amp#27;[35m[W3C (21ee7e2f)]&amp#27;[39m Responding to client with driver.getSession() result: {"platform":"LINUX","webStorageEnabled":false,"takesScreenshot":true,"javascriptEnabled":true,"databaseEnabled":false,"networkConnectionEnabled":true,"locationContextEnabled":false,"warnings":{},"desired":{"platformName":"android","app":"C:\\Users\\Anis\\eclipse-workspace\\Appium\\src\\ApiDemos-debug.apk","deviceName":"Redmi","newCommandTimeout":14},"platformName":"android","app":"C:\\Users\\Anis\\eclipse-workspace\\Appium\\src\\ApiDemos-debug.apk","deviceName":"55272e729804","newCommandTimeout":14,"deviceUDID":"55272e729804","appPackage":"io.appium.android.apis","deviceApiLevel":24,"platformVersion":"7.0","deviceScreenSize":"1080x1920","deviceScreenDensity":480,"deviceModel":"Redmi Note 4","deviceManufacturer":"Xiaomi","pixelRatio":3,"statBarHeight":72,"viewportRect":{"left":0,"top":72,"width":1080,"height":1848},"lastScrollData":null}
&amp#27;[35m[HTTP]&amp#27;[39m &amp#27;[37m<-- GET /wd/hub/session/21ee7e2f-907f-44f3-9d10-e81ecd1af3f2 &amp#27;[39m&amp#27;[32m200&amp#27;[39m &amp#27;[90m14 ms - 858&amp#27;[39m
&amp#27;[35m[HTTP]&amp#27;[39m &amp#27;[90m&amp#27;[39m
&amp#27;[35m[HTTP]&amp#27;[39m &amp#27;[37m-->&amp#27;[39m &amp#27;[37mGET&amp#27;[39m &amp#27;[37m/wd/hub/session/21ee7e2f-907f-44f3-9d10-e81ecd1af3f2&amp#27;[39m
&amp#27;[35m[HTTP]&amp#27;[39m &amp#27;[90m{}&amp#27;[39m
[debug] &amp#27;[35m[W3C (21ee7e2f)]&amp#27;[39m Calling AppiumDriver.getSession() with args: ["21ee7e2f-907f-44f3-9d10-e81ecd1af3f2"]
[debug] &amp#27;[35m[UiAutomator2]&amp#27;[39m Getting session details from server to mix in
[debug] &amp#27;[35m[WD Proxy]&amp#27;[39m Matched '/' to command name 'getSession'
[debug] &amp#27;[35m[WD Proxy]&amp#27;[39m Proxying [GET /] to [GET http://127.0.0.1:8212/wd/hub/session/efc5b3ad-1659-48e3-8dd2-c2033ff8014a] with no body
[debug] &amp#27;[35m[WD Proxy]&amp#27;[39m Got response with status 200: {"sessionId":"efc5b3ad-1659-48e3-8dd2-c2033ff8014a","value":{"lastScrollData":null}}
[debug] &amp#27;[35m[W3C (21ee7e2f)]&amp#27;[39m Responding to client with driver.getSession() result: {"platform":"LINUX","webStorageEnabled":false,"takesScreenshot":true,"javascriptEnabled":true,"databaseEnabled":false,"networkConnectionEnabled":true,"locationContextEnabled":false,"warnings":{},"desired":{"platformName":"android","app":"C:\\Users\\Anis\\eclipse-workspace\\Appium\\src\\ApiDemos-debug.apk","deviceName":"Redmi","newCommandTimeout":14},"platformName":"android","app":"C:\\Users\\Anis\\eclipse-workspace\\Appium\\src\\ApiDemos-debug.apk","deviceName":"55272e729804","newCommandTimeout":14,"deviceUDID":"55272e729804","appPackage":"io.appium.android.apis","deviceApiLevel":24,"platformVersion":"7.0","deviceScreenSize":"1080x1920","deviceScreenDensity":480,"deviceModel":"Redmi Note 4","deviceManufacturer":"Xiaomi","pixelRatio":3,"statBarHeight":72,"viewportRect":{"left":0,"top":72,"width":1080,"height":1848},"lastScrollData":null}
&amp#27;[35m[HTTP]&amp#27;[39m &amp#27;[37m<-- GET /wd/hub/session/21ee7e2f-907f-44f3-9d10-e81ecd1af3f2 &amp#27;[39m&amp#27;[32m200&amp#27;[39m &amp#27;[90m10 ms - 858&amp#27;[39m
&amp#27;[35m[HTTP]&amp#27;[39m &amp#27;[90m&amp#27;[39m
&amp#27;[35m[HTTP]&amp#27;[39m &amp#27;[37m-->&amp#27;[39m &amp#27;[37mGET&amp#27;[39m &amp#27;[37m/wd/hub/session/21ee7e2f-907f-44f3-9d10-e81ecd1af3f2&amp#27;[39m
&amp#27;[35m[HTTP]&amp#27;[39m &amp#27;[90m{}&amp#27;[39m
[debug] &amp#27;[35m[W3C (21ee7e2f)]&amp#27;[39m Calling AppiumDriver.getSession() with args: ["21ee7e2f-907f-44f3-9d10-e81ecd1af3f2"]
[debug] &amp#27;[35m[UiAutomator2]&amp#27;[39m Getting session details from server to mix in
[debug] &amp#27;[35m[WD Proxy]&amp#27;[39m Matched '/' to command name 'getSession'
[debug] &amp#27;[35m[WD Proxy]&amp#27;[39m Proxying [GET /] to [GET http://127.0.0.1:8212/wd/hub/session/efc5b3ad-1659-48e3-8dd2-c2033ff8014a] with no body
[debug] &amp#27;[35m[WD Proxy]&amp#27;[39m Got response with status 200: {"sessionId":"efc5b3ad-1659-48e3-8dd2-c2033ff8014a","value":{"lastScrollData":null}}
[debug] &amp#27;[35m[W3C (21ee7e2f)]&amp#27;[39m Responding to client with driver.getSession() result: {"platform":"LINUX","webStorageEnabled":false,"takesScreenshot":true,"javascriptEnabled":true,"databaseEnabled":false,"networkConnectionEnabled":true,"locationContextEnabled":false,"warnings":{},"desired":{"platformName":"android","app":"C:\\Users\\Anis\\eclipse-workspace\\Appium\\src\\ApiDemos-debug.apk","deviceName":"Redmi","newCommandTimeout":14},"platformName":"android","app":"C:\\Users\\Anis\\eclipse-workspace\\Appium\\src\\ApiDemos-debug.apk","deviceName":"55272e729804","newCommandTimeout":14,"deviceUDID":"55272e729804","appPackage":"io.appium.android.apis","deviceApiLevel":24,"platformVersion":"7.0","deviceScreenSize":"1080x1920","deviceScreenDensity":480,"deviceModel":"Redmi Note 4","deviceManufacturer":"Xiaomi","pixelRatio":3,"statBarHeight":72,"viewportRect":{"left":0,"top":72,"width":1080,"height":1848},"lastScrollData":null}
&amp#27;[35m[HTTP]&amp#27;[39m &amp#27;[37m<-- GET /wd/hub/session/21ee7e2f-907f-44f3-9d10-e81ecd1af3f2 &amp#27;[39m&amp#27;[32m200&amp#27;[39m &amp#27;[90m10 ms - 858&amp#27;[39m
&amp#27;[35m[HTTP]&amp#27;[39m &amp#27;[90m&amp#27;[39m
&amp#27;[35m[HTTP]&amp#27;[39m &amp#27;[37m-->&amp#27;[39m &amp#27;[37mGET&amp#27;[39m &amp#27;[37m/wd/hub/session/21ee7e2f-907f-44f3-9d10-e81ecd1af3f2&amp#27;[39m
&amp#27;[35m[HTTP]&amp#27;[39m &amp#27;[90m{}&amp#27;[39m
[debug] &amp#27;[35m[W3C (21ee7e2f)]&amp#27;[39m Calling AppiumDriver.getSession() with args: ["21ee7e2f-907f-44f3-9d10-e81ecd1af3f2"]
[debug] &amp#27;[35m[UiAutomator2]&amp#27;[39m Getting session details from server to mix in
[debug] &amp#27;[35m[WD Proxy]&amp#27;[39m Matched '/' to command name 'getSession'
[debug] &amp#27;[35m[WD Proxy]&amp#27;[39m Proxying [GET /] to [GET http://127.0.0.1:8212/wd/hub/session/efc5b3ad-1659-48e3-8dd2-c2033ff8014a] with no body
[debug] &amp#27;[35m[WD Proxy]&amp#27;[39m Got response with status 200: {"sessionId":"efc5b3ad-1659-48e3-8dd2-c2033ff8014a","value":{"lastScrollData":null}}
[debug] &amp#27;[35m[W3C (21ee7e2f)]&amp#27;[39m Responding to client with driver.getSession() result: {"platform":"LINUX","webStorageEnabled":false,"takesScreenshot":true,"javascriptEnabled":true,"databaseEnabled":false,"networkConnectionEnabled":true,"locationContextEnabled":false,"warnings":{},"desired":{"platformName":"android","app":"C:\\Users\\Anis\\eclipse-workspace\\Appium\\src\\ApiDemos-debug.apk","deviceName":"Redmi","newCommandTimeout":14},"platformName":"android","app":"C:\\Users\\Anis\\eclipse-workspace\\Appium\\src\\ApiDemos-debug.apk","deviceName":"55272e729804","newCommandTimeout":14,"deviceUDID":"55272e729804","appPackage":"io.appium.android.apis","deviceApiLevel":24,"platformVersion":"7.0","deviceScreenSize":"1080x1920","deviceScreenDensity":480,"deviceModel":"Redmi Note 4","deviceManufacturer":"Xiaomi","pixelRatio":3,"statBarHeight":72,"viewportRect":{"left":0,"top":72,"width":1080,"height":1848},"lastScrollData":null}
&amp#27;[35m[HTTP]&amp#27;[39m &amp#27;[37m<-- GET /wd/hub/session/21ee7e2f-907f-44f3-9d10-e81ecd1af3f2 &amp#27;[39m&amp#27;[32m200&amp#27;[39m &amp#27;[90m9 ms - 858&amp#27;[39m
&amp#27;[35m[HTTP]&amp#27;[39m &amp#27;[90m&amp#27;[39m
&amp#27;[35m[HTTP]&amp#27;[39m &amp#27;[37m-->&amp#27;[39m &amp#27;[37mPOST&amp#27;[39m &amp#27;[37m/wd/hub/session/21ee7e2f-907f-44f3-9d10-e81ecd1af3f2/timeouts&amp#27;[39m
&amp#27;[35m[HTTP]&amp#27;[39m &amp#27;[90m{"implicit":10000}&amp#27;[39m
[debug] &amp#27;[35m[W3C (21ee7e2f)]&amp#27;[39m Calling AppiumDriver.timeouts() with args: [null,null,null,null,10000,"21ee7e2f-907f-44f3-9d10-e81ecd1af3f2"]
[debug] &amp#27;[35m[BaseDriver]&amp#27;[39m W3C timeout argument: {"implicit":10000}}
[debug] &amp#27;[35m[BaseDriver]&amp#27;[39m Set implicit wait to 10000ms
[debug] &amp#27;[35m[W3C (21ee7e2f)]&amp#27;[39m Responding to client with driver.timeouts() result: null
&amp#27;[35m[HTTP]&amp#27;[39m &amp#27;[37m<-- POST /wd/hub/session/21ee7e2f-907f-44f3-9d10-e81ecd1af3f2/timeouts &amp#27;[39m&amp#27;[32m200&amp#27;[39m &amp#27;[90m6 ms - 14&amp#27;[39m
&amp#27;[35m[HTTP]&amp#27;[39m &amp#27;[90m&amp#27;[39m
[INFO ] 2021-06-18 15:55:02.664 [main] Listeners - *******************ApiDemoTest.apiDemoTest started*******************
&amp#27;[35m[HTTP]&amp#27;[39m &amp#27;[37m-->&amp#27;[39m &amp#27;[37mGET&amp#27;[39m &amp#27;[37m/wd/hub/session/21ee7e2f-907f-44f3-9d10-e81ecd1af3f2&amp#27;[39m
&amp#27;[35m[HTTP]&amp#27;[39m &amp#27;[90m{}&amp#27;[39m
[debug] &amp#27;[35m[W3C (21ee7e2f)]&amp#27;[39m Calling AppiumDriver.getSession() with args: ["21ee7e2f-907f-44f3-9d10-e81ecd1af3f2"]
[debug] &amp#27;[35m[UiAutomator2]&amp#27;[39m Getting session details from server to mix in
[debug] &amp#27;[35m[WD Proxy]&amp#27;[39m Matched '/' to command name 'getSession'
[debug] &amp#27;[35m[WD Proxy]&amp#27;[39m Proxying [GET /] to [GET http://127.0.0.1:8212/wd/hub/session/efc5b3ad-1659-48e3-8dd2-c2033ff8014a] with no body
[debug] &amp#27;[35m[WD Proxy]&amp#27;[39m Got response with status 200: {"sessionId":"efc5b3ad-1659-48e3-8dd2-c2033ff8014a","value":{"lastScrollData":null}}
[debug] &amp#27;[35m[W3C (21ee7e2f)]&amp#27;[39m Responding to client with driver.getSession() result: {"platform":"LINUX","webStorageEnabled":false,"takesScreenshot":true,"javascriptEnabled":true,"databaseEnabled":false,"networkConnectionEnabled":true,"locationContextEnabled":false,"warnings":{},"desired":{"platformName":"android","app":"C:\\Users\\Anis\\eclipse-workspace\\Appium\\src\\ApiDemos-debug.apk","deviceName":"Redmi","newCommandTimeout":14},"platformName":"android","app":"C:\\Users\\Anis\\eclipse-workspace\\Appium\\src\\ApiDemos-debug.apk","deviceName":"55272e729804","newCommandTimeout":14,"deviceUDID":"55272e729804","appPackage":"io.appium.android.apis","deviceApiLevel":24,"platformVersion":"7.0","deviceScreenSize":"1080x1920","deviceScreenDensity":480,"deviceModel":"Redmi Note 4","deviceManufacturer":"Xiaomi","pixelRatio":3,"statBarHeight":72,"viewportRect":{"left":0,"top":72,"width":1080,"height":1848},"lastScrollData":null}
&amp#27;[35m[HTTP]&amp#27;[39m &amp#27;[37m<-- GET /wd/hub/session/21ee7e2f-907f-44f3-9d10-e81ecd1af3f2 &amp#27;[39m&amp#27;[32m200&amp#27;[39m &amp#27;[90m9 ms - 858&amp#27;[39m
&amp#27;[35m[HTTP]&amp#27;[39m &amp#27;[90m&amp#27;[39m
&amp#27;[35m[HTTP]&amp#27;[39m &amp#27;[37m-->&amp#27;[39m &amp#27;[37mGET&amp#27;[39m &amp#27;[37m/wd/hub/session/21ee7e2f-907f-44f3-9d10-e81ecd1af3f2&amp#27;[39m
&amp#27;[35m[HTTP]&amp#27;[39m &amp#27;[90m{}&amp#27;[39m
[debug] &amp#27;[35m[W3C (21ee7e2f)]&amp#27;[39m Calling AppiumDriver.getSession() with args: ["21ee7e2f-907f-44f3-9d10-e81ecd1af3f2"]
[debug] &amp#27;[35m[UiAutomator2]&amp#27;[39m Getting session details from server to mix in
[debug] &amp#27;[35m[WD Proxy]&amp#27;[39m Matched '/' to command name 'getSession'
[debug] &amp#27;[35m[WD Proxy]&amp#27;[39m Proxying [GET /] to [GET http://127.0.0.1:8212/wd/hub/session/efc5b3ad-1659-48e3-8dd2-c2033ff8014a] with no body
[debug] &amp#27;[35m[WD Proxy]&amp#27;[39m Got response with status 200: {"sessionId":"efc5b3ad-1659-48e3-8dd2-c2033ff8014a","value":{"lastScrollData":null}}
[debug] &amp#27;[35m[W3C (21ee7e2f)]&amp#27;[39m Responding to client with driver.getSession() result: {"platform":"LINUX","webStorageEnabled":false,"takesScreenshot":true,"javascriptEnabled":true,"databaseEnabled":false,"networkConnectionEnabled":true,"locationContextEnabled":false,"warnings":{},"desired":{"platformName":"android","app":"C:\\Users\\Anis\\eclipse-workspace\\Appium\\src\\ApiDemos-debug.apk","deviceName":"Redmi","newCommandTimeout":14},"platformName":"android","app":"C:\\Users\\Anis\\eclipse-workspace\\Appium\\src\\ApiDemos-debug.apk","deviceName":"55272e729804","newCommandTimeout":14,"deviceUDID":"55272e729804","appPackage":"io.appium.android.apis","deviceApiLevel":24,"platformVersion":"7.0","deviceScreenSize":"1080x1920","deviceScreenDensity":480,"deviceModel":"Redmi Note 4","deviceManufacturer":"Xiaomi","pixelRatio":3,"statBarHeight":72,"viewportRect":{"left":0,"top":72,"width":1080,"height":1848},"lastScrollData":null}
&amp#27;[35m[HTTP]&amp#27;[39m &amp#27;[37m<-- GET /wd/hub/session/21ee7e2f-907f-44f3-9d10-e81ecd1af3f2 &amp#27;[39m&amp#27;[32m200&amp#27;[39m &amp#27;[90m10 ms - 858&amp#27;[39m
&amp#27;[35m[HTTP]&amp#27;[39m &amp#27;[90m&amp#27;[39m
[INFO ] 2021-06-18 15:55:02.701 [main] ExplicitWait - Waiting for element to be visible: Located by By.chained({By.xpath: //android.widget.TextView[@text='Preference']})
[INFO ] 2021-06-18 15:55:02.702 [main] ExplicitWait - Waiting for element to be visible: Located by By.chained({By.xpath: //android.widget.TextView[@text='Preference']})
&amp#27;[35m[HTTP]&amp#27;[39m &amp#27;[37m-->&amp#27;[39m &amp#27;[37mPOST&amp#27;[39m &amp#27;[37m/wd/hub/session/21ee7e2f-907f-44f3-9d10-e81ecd1af3f2/timeouts&amp#27;[39m
&amp#27;[35m[HTTP]&amp#27;[39m &amp#27;[90m{"implicit":0}&amp#27;[39m
[debug] &amp#27;[35m[W3C (21ee7e2f)]&amp#27;[39m Calling AppiumDriver.timeouts() with args: [null,null,null,null,0,"21ee7e2f-907f-44f3-9d10-e81ecd1af3f2"]
[debug] &amp#27;[35m[BaseDriver]&amp#27;[39m W3C timeout argument: {"implicit":0}}
[debug] &amp#27;[35m[BaseDriver]&amp#27;[39m Set implicit wait to 0ms
[debug] &amp#27;[35m[W3C (21ee7e2f)]&amp#27;[39m Responding to client with driver.timeouts() result: null
&amp#27;[35m[HTTP]&amp#27;[39m &amp#27;[37m<-- POST /wd/hub/session/21ee7e2f-907f-44f3-9d10-e81ecd1af3f2/timeouts &amp#27;[39m&amp#27;[32m200&amp#27;[39m &amp#27;[90m6 ms - 14&amp#27;[39m
&amp#27;[35m[HTTP]&amp#27;[39m &amp#27;[90m&amp#27;[39m
&amp#27;[35m[HTTP]&amp#27;[39m &amp#27;[37m-->&amp#27;[39m &amp#27;[37mGET&amp#27;[39m &amp#27;[37m/wd/hub/session/21ee7e2f-907f-44f3-9d10-e81ecd1af3f2&amp#27;[39m
&amp#27;[35m[HTTP]&amp#27;[39m &amp#27;[90m{}&amp#27;[39m
[debug] &amp#27;[35m[W3C (21ee7e2f)]&amp#27;[39m Calling AppiumDriver.getSession() with args: ["21ee7e2f-907f-44f3-9d10-e81ecd1af3f2"]
[debug] &amp#27;[35m[UiAutomator2]&amp#27;[39m Getting session details from server to mix in
[debug] &amp#27;[35m[WD Proxy]&amp#27;[39m Matched '/' to command name 'getSession'
[debug] &amp#27;[35m[WD Proxy]&amp#27;[39m Proxying [GET /] to [GET http://127.0.0.1:8212/wd/hub/session/efc5b3ad-1659-48e3-8dd2-c2033ff8014a] with no body
[debug] &amp#27;[35m[WD Proxy]&amp#27;[39m Got response with status 200: {"sessionId":"efc5b3ad-1659-48e3-8dd2-c2033ff8014a","value":{"lastScrollData":null}}
[debug] &amp#27;[35m[W3C (21ee7e2f)]&amp#27;[39m Responding to client with driver.getSession() result: {"platform":"LINUX","webStorageEnabled":false,"takesScreenshot":true,"javascriptEnabled":true,"databaseEnabled":false,"networkConnectionEnabled":true,"locationContextEnabled":false,"warnings":{},"desired":{"platformName":"android","app":"C:\\Users\\Anis\\eclipse-workspace\\Appium\\src\\ApiDemos-debug.apk","deviceName":"Redmi","newCommandTimeout":14},"platformName":"android","app":"C:\\Users\\Anis\\eclipse-workspace\\Appium\\src\\ApiDemos-debug.apk","deviceName":"55272e729804","newCommandTimeout":14,"deviceUDID":"55272e729804","appPackage":"io.appium.android.apis","deviceApiLevel":24,"platformVersion":"7.0","deviceScreenSize":"1080x1920","deviceScreenDensity":480,"deviceModel":"Redmi Note 4","deviceManufacturer":"Xiaomi","pixelRatio":3,"statBarHeight":72,"viewportRect":{"left":0,"top":72,"width":1080,"height":1848},"lastScrollData":null}
&amp#27;[35m[HTTP]&amp#27;[39m &amp#27;[37m<-- GET /wd/hub/session/21ee7e2f-907f-44f3-9d10-e81ecd1af3f2 &amp#27;[39m&amp#27;[32m200&amp#27;[39m &amp#27;[90m9 ms - 858&amp#27;[39m
&amp#27;[35m[HTTP]&amp#27;[39m &amp#27;[90m&amp#27;[39m
&amp#27;[35m[HTTP]&amp#27;[39m &amp#27;[37m-->&amp#27;[39m &amp#27;[37mPOST&amp#27;[39m &amp#27;[37m/wd/hub/session/21ee7e2f-907f-44f3-9d10-e81ecd1af3f2/element&amp#27;[39m
&amp#27;[35m[HTTP]&amp#27;[39m &amp#27;[90m{"using":"xpath","value":"//android.widget.TextView[@text='Preference']"}&amp#27;[39m
[debug] &amp#27;[35m[W3C (21ee7e2f)]&amp#27;[39m Calling AppiumDriver.findElement() with args: ["xpath","//android.widget.TextView[@text='Preference']","21ee7e2f-907f-44f3-9d10-e81ecd1af3f2"]
[debug] &amp#27;[35m[BaseDriver]&amp#27;[39m Valid locator strategies for this request: xpath, id, class name, accessibility id, css selector, -android uiautomator
[debug] &amp#27;[35m[BaseDriver]&amp#27;[39m Waiting up to 0 ms for condition
[debug] &amp#27;[35m[WD Proxy]&amp#27;[39m Matched '/element' to command name 'findElement'
[debug] &amp#27;[35m[WD Proxy]&amp#27;[39m Proxying [POST /element] to [POST http://127.0.0.1:8212/wd/hub/session/efc5b3ad-1659-48e3-8dd2-c2033ff8014a/element] with body: {"strategy":"xpath","selector":"//android.widget.TextView[@text='Preference']","context":"","multiple":false}
[debug] &amp#27;[35m[WD Proxy]&amp#27;[39m Got response with status 200: {"sessionId":"efc5b3ad-1659-48e3-8dd2-c2033ff8014a","value":{"ELEMENT":"b1fd85b4-1c75-4e48-b8a7-0544dcef0483","element-6066-11e4-a52e-4f735466cecf":"b1fd85b4-1c75-4e48-b8a7-0544dcef0483"}}
[debug] &amp#27;[35m[W3C (21ee7e2f)]&amp#27;[39m Responding to client with driver.findElement() result: {"element-6066-11e4-a52e-4f735466cecf":"b1fd85b4-1c75-4e48-b8a7-0544dcef0483","ELEMENT":"b1fd85b4-1c75-4e48-b8a7-0544dcef0483"}
&amp#27;[35m[HTTP]&amp#27;[39m &amp#27;[37m<-- POST /wd/hub/session/21ee7e2f-907f-44f3-9d10-e81ecd1af3f2/element &amp#27;[39m&amp#27;[32m200&amp#27;[39m &amp#27;[90m208 ms - 137&amp#27;[39m
&amp#27;[35m[HTTP]&amp#27;[39m &amp#27;[90m&amp#27;[39m
&amp#27;[35m[HTTP]&amp#27;[39m &amp#27;[37m-->&amp#27;[39m &amp#27;[37mGET&amp#27;[39m &amp#27;[37m/wd/hub/session/21ee7e2f-907f-44f3-9d10-e81ecd1af3f2/element/b1fd85b4-1c75-4e48-b8a7-0544dcef0483/displayed&amp#27;[39m
&amp#27;[35m[HTTP]&amp#27;[39m &amp#27;[90m{}&amp#27;[39m
[debug] &amp#27;[35m[W3C (21ee7e2f)]&amp#27;[39m Calling AppiumDriver.elementDisplayed() with args: ["b1fd85b4-1c75-4e48-b8a7-0544dcef0483","21ee7e2f-907f-44f3-9d10-e81ecd1af3f2"]
[debug] &amp#27;[35m[WD Proxy]&amp#27;[39m Matched '/element/b1fd85b4-1c75-4e48-b8a7-0544dcef0483/attribute/displayed' to command name 'getAttribute'
[debug] &amp#27;[35m[WD Proxy]&amp#27;[39m Proxying [GET /element/b1fd85b4-1c75-4e48-b8a7-0544dcef0483/attribute/displayed] to [GET http://127.0.0.1:8212/wd/hub/session/efc5b3ad-1659-48e3-8dd2-c2033ff8014a/element/b1fd85b4-1c75-4e48-b8a7-0544dcef0483/attribute/displayed] with no body
[debug] &amp#27;[35m[WD Proxy]&amp#27;[39m Got response with status 200: {"sessionId":"efc5b3ad-1659-48e3-8dd2-c2033ff8014a","value":"true"}
[debug] &amp#27;[35m[W3C (21ee7e2f)]&amp#27;[39m Responding to client with driver.elementDisplayed() result: true
&amp#27;[35m[HTTP]&amp#27;[39m &amp#27;[37m<-- GET /wd/hub/session/21ee7e2f-907f-44f3-9d10-e81ecd1af3f2/element/b1fd85b4-1c75-4e48-b8a7-0544dcef0483/displayed &amp#27;[39m&amp#27;[32m200&amp#27;[39m &amp#27;[90m40 ms - 14&amp#27;[39m
&amp#27;[35m[HTTP]&amp#27;[39m &amp#27;[90m&amp#27;[39m
&amp#27;[35m[HTTP]&amp#27;[39m &amp#27;[37m-->&amp#27;[39m &amp#27;[37mPOST&amp#27;[39m &amp#27;[37m/wd/hub/session/21ee7e2f-907f-44f3-9d10-e81ecd1af3f2/timeouts&amp#27;[39m
&amp#27;[35m[HTTP]&amp#27;[39m &amp#27;[90m{"implicit":10000}&amp#27;[39m
[debug] &amp#27;[35m[W3C (21ee7e2f)]&amp#27;[39m Calling AppiumDriver.timeouts() with args: [null,null,null,null,10000,"21ee7e2f-907f-44f3-9d10-e81ecd1af3f2"]
[debug] &amp#27;[35m[BaseDriver]&amp#27;[39m W3C timeout argument: {"implicit":10000}}
[debug] &amp#27;[35m[BaseDriver]&amp#27;[39m Set implicit wait to 10000ms
[debug] &amp#27;[35m[W3C (21ee7e2f)]&amp#27;[39m Responding to client with driver.timeouts() result: null
&amp#27;[35m[HTTP]&amp#27;[39m &amp#27;[37m<-- POST /wd/hub/session/21ee7e2f-907f-44f3-9d10-e81ecd1af3f2/timeouts &amp#27;[39m&amp#27;[32m200&amp#27;[39m &amp#27;[90m3 ms - 14&amp#27;[39m
&amp#27;[35m[HTTP]&amp#27;[39m &amp#27;[90m&amp#27;[39m
[INFO ] 2021-06-18 15:55:03.011 [main] HomePage - Clicks The Preferences
[INFO ] 2021-06-18 15:55:03.011 [main] ExplicitWait - Waiting for element to be clickable: Located by By.chained({By.xpath: //android.widget.TextView[@text='Preference']})
&amp#27;[35m[HTTP]&amp#27;[39m &amp#27;[37m-->&amp#27;[39m &amp#27;[37mPOST&amp#27;[39m &amp#27;[37m/wd/hub/session/21ee7e2f-907f-44f3-9d10-e81ecd1af3f2/timeouts&amp#27;[39m
&amp#27;[35m[HTTP]&amp#27;[39m &amp#27;[90m{"implicit":0}&amp#27;[39m
[debug] &amp#27;[35m[W3C (21ee7e2f)]&amp#27;[39m Calling AppiumDriver.timeouts() with args: [null,null,null,null,0,"21ee7e2f-907f-44f3-9d10-e81ecd1af3f2"]
[debug] &amp#27;[35m[BaseDriver]&amp#27;[39m W3C timeout argument: {"implicit":0}}
[debug] &amp#27;[35m[BaseDriver]&amp#27;[39m Set implicit wait to 0ms
[debug] &amp#27;[35m[W3C (21ee7e2f)]&amp#27;[39m Responding to client with driver.timeouts() result: null
&amp#27;[35m[HTTP]&amp#27;[39m &amp#27;[37m<-- POST /wd/hub/session/21ee7e2f-907f-44f3-9d10-e81ecd1af3f2/timeouts &amp#27;[39m&amp#27;[32m200&amp#27;[39m &amp#27;[90m3 ms - 14&amp#27;[39m
&amp#27;[35m[HTTP]&amp#27;[39m &amp#27;[90m&amp#27;[39m
&amp#27;[35m[HTTP]&amp#27;[39m &amp#27;[37m-->&amp#27;[39m &amp#27;[37mGET&amp#27;[39m &amp#27;[37m/wd/hub/session/21ee7e2f-907f-44f3-9d10-e81ecd1af3f2&amp#27;[39m
&amp#27;[35m[HTTP]&amp#27;[39m &amp#27;[90m{}&amp#27;[39m
[debug] &amp#27;[35m[W3C (21ee7e2f)]&amp#27;[39m Calling AppiumDriver.getSession() with args: ["21ee7e2f-907f-44f3-9d10-e81ecd1af3f2"]
[debug] &amp#27;[35m[UiAutomator2]&amp#27;[39m Getting session details from server to mix in
[debug] &amp#27;[35m[WD Proxy]&amp#27;[39m Matched '/' to command name 'getSession'
[debug] &amp#27;[35m[WD Proxy]&amp#27;[39m Proxying [GET /] to [GET http://127.0.0.1:8212/wd/hub/session/efc5b3ad-1659-48e3-8dd2-c2033ff8014a] with no body
[debug] &amp#27;[35m[WD Proxy]&amp#27;[39m Got response with status 200: {"sessionId":"efc5b3ad-1659-48e3-8dd2-c2033ff8014a","value":{"lastScrollData":null}}
[debug] &amp#27;[35m[W3C (21ee7e2f)]&amp#27;[39m Responding to client with driver.getSession() result: {"platform":"LINUX","webStorageEnabled":false,"takesScreenshot":true,"javascriptEnabled":true,"databaseEnabled":false,"networkConnectionEnabled":true,"locationContextEnabled":false,"warnings":{},"desired":{"platformName":"android","app":"C:\\Users\\Anis\\eclipse-workspace\\Appium\\src\\ApiDemos-debug.apk","deviceName":"Redmi","newCommandTimeout":14},"platformName":"android","app":"C:\\Users\\Anis\\eclipse-workspace\\Appium\\src\\ApiDemos-debug.apk","deviceName":"55272e729804","newCommandTimeout":14,"deviceUDID":"55272e729804","appPackage":"io.appium.android.apis","deviceApiLevel":24,"platformVersion":"7.0","deviceScreenSize":"1080x1920","deviceScreenDensity":480,"deviceModel":"Redmi Note 4","deviceManufacturer":"Xiaomi","pixelRatio":3,"statBarHeight":72,"viewportRect":{"left":0,"top":72,"width":1080,"height":1848},"lastScrollData":null}
&amp#27;[35m[HTTP]&amp#27;[39m &amp#27;[37m<-- GET /wd/hub/session/21ee7e2f-907f-44f3-9d10-e81ecd1af3f2 &amp#27;[39m&amp#27;[32m200&amp#27;[39m &amp#27;[90m10 ms - 858&amp#27;[39m
&amp#27;[35m[HTTP]&amp#27;[39m &amp#27;[90m&amp#27;[39m
&amp#27;[35m[HTTP]&amp#27;[39m &amp#27;[37m-->&amp#27;[39m &amp#27;[37mPOST&amp#27;[39m &amp#27;[37m/wd/hub/session/21ee7e2f-907f-44f3-9d10-e81ecd1af3f2/element&amp#27;[39m
&amp#27;[35m[HTTP]&amp#27;[39m &amp#27;[90m{"using":"xpath","value":"//android.widget.TextView[@text='Preference']"}&amp#27;[39m
[debug] &amp#27;[35m[W3C (21ee7e2f)]&amp#27;[39m Calling AppiumDriver.findElement() with args: ["xpath","//android.widget.TextView[@text='Preference']","21ee7e2f-907f-44f3-9d10-e81ecd1af3f2"]
[debug] &amp#27;[35m[BaseDriver]&amp#27;[39m Valid locator strategies for this request: xpath, id, class name, accessibility id, css selector, -android uiautomator
[debug] &amp#27;[35m[BaseDriver]&amp#27;[39m Waiting up to 0 ms for condition
[debug] &amp#27;[35m[WD Proxy]&amp#27;[39m Matched '/element' to command name 'findElement'
[debug] &amp#27;[35m[WD Proxy]&amp#27;[39m Proxying [POST /element] to [POST http://127.0.0.1:8212/wd/hub/session/efc5b3ad-1659-48e3-8dd2-c2033ff8014a/element] with body: {"strategy":"xpath","selector":"//android.widget.TextView[@text='Preference']","context":"","multiple":false}
[debug] &amp#27;[35m[WD Proxy]&amp#27;[39m Got response with status 200: {"sessionId":"efc5b3ad-1659-48e3-8dd2-c2033ff8014a","value":{"ELEMENT":"9cbb4f15-3eae-4e07-b537-c686f2c67b9f","element-6066-11e4-a52e-4f735466cecf":"9cbb4f15-3eae-4e07-b537-c686f2c67b9f"}}
[debug] &amp#27;[35m[W3C (21ee7e2f)]&amp#27;[39m Responding to client with driver.findElement() result: {"element-6066-11e4-a52e-4f735466cecf":"9cbb4f15-3eae-4e07-b537-c686f2c67b9f","ELEMENT":"9cbb4f15-3eae-4e07-b537-c686f2c67b9f"}
&amp#27;[35m[HTTP]&amp#27;[39m &amp#27;[37m<-- POST /wd/hub/session/21ee7e2f-907f-44f3-9d10-e81ecd1af3f2/element &amp#27;[39m&amp#27;[32m200&amp#27;[39m &amp#27;[90m39 ms - 137&amp#27;[39m
&amp#27;[35m[HTTP]&amp#27;[39m &amp#27;[90m&amp#27;[39m
&amp#27;[35m[HTTP]&amp#27;[39m &amp#27;[37m-->&amp#27;[39m &amp#27;[37mGET&amp#27;[39m &amp#27;[37m/wd/hub/session/21ee7e2f-907f-44f3-9d10-e81ecd1af3f2/element/9cbb4f15-3eae-4e07-b537-c686f2c67b9f/displayed&amp#27;[39m
&amp#27;[35m[HTTP]&amp#27;[39m &amp#27;[90m{}&amp#27;[39m
[debug] &amp#27;[35m[W3C (21ee7e2f)]&amp#27;[39m Calling AppiumDriver.elementDisplayed() with args: ["9cbb4f15-3eae-4e07-b537-c686f2c67b9f","21ee7e2f-907f-44f3-9d10-e81ecd1af3f2"]
[debug] &amp#27;[35m[WD Proxy]&amp#27;[39m Matched '/element/9cbb4f15-3eae-4e07-b537-c686f2c67b9f/attribute/displayed' to command name 'getAttribute'
[debug] &amp#27;[35m[WD Proxy]&amp#27;[39m Proxying [GET /element/9cbb4f15-3eae-4e07-b537-c686f2c67b9f/attribute/displayed] to [GET http://127.0.0.1:8212/wd/hub/session/efc5b3ad-1659-48e3-8dd2-c2033ff8014a/element/9cbb4f15-3eae-4e07-b537-c686f2c67b9f/attribute/displayed] with no body
[debug] &amp#27;[35m[WD Proxy]&amp#27;[39m Got response with status 200: {"sessionId":"efc5b3ad-1659-48e3-8dd2-c2033ff8014a","value":"true"}
[debug] &amp#27;[35m[W3C (21ee7e2f)]&amp#27;[39m Responding to client with driver.elementDisplayed() result: true
&amp#27;[35m[HTTP]&amp#27;[39m &amp#27;[37m<-- GET /wd/hub/session/21ee7e2f-907f-44f3-9d10-e81ecd1af3f2/element/9cbb4f15-3eae-4e07-b537-c686f2c67b9f/displayed &amp#27;[39m&amp#27;[32m200&amp#27;[39m &amp#27;[90m17 ms - 14&amp#27;[39m
&amp#27;[35m[HTTP]&amp#27;[39m &amp#27;[90m&amp#27;[39m
&amp#27;[35m[HTTP]&amp#27;[39m &amp#27;[37m-->&amp#27;[39m &amp#27;[37mGET&amp#27;[39m &amp#27;[37m/wd/hub/session/21ee7e2f-907f-44f3-9d10-e81ecd1af3f2&amp#27;[39m
&amp#27;[35m[HTTP]&amp#27;[39m &amp#27;[90m{}&amp#27;[39m
[debug] &amp#27;[35m[W3C (21ee7e2f)]&amp#27;[39m Calling AppiumDriver.getSession() with args: ["21ee7e2f-907f-44f3-9d10-e81ecd1af3f2"]
[debug] &amp#27;[35m[UiAutomator2]&amp#27;[39m Getting session details from server to mix in
[debug] &amp#27;[35m[WD Proxy]&amp#27;[39m Matched '/' to command name 'getSession'
[debug] &amp#27;[35m[WD Proxy]&amp#27;[39m Proxying [GET /] to [GET http://127.0.0.1:8212/wd/hub/session/efc5b3ad-1659-48e3-8dd2-c2033ff8014a] with no body
[debug] &amp#27;[35m[WD Proxy]&amp#27;[39m Got response with status 200: {"sessionId":"efc5b3ad-1659-48e3-8dd2-c2033ff8014a","value":{"lastScrollData":null}}
[debug] &amp#27;[35m[W3C (21ee7e2f)]&amp#27;[39m Responding to client with driver.getSession() result: {"platform":"LINUX","webStorageEnabled":false,"takesScreenshot":true,"javascriptEnabled":true,"databaseEnabled":false,"networkConnectionEnabled":true,"locationContextEnabled":false,"warnings":{},"desired":{"platformName":"android","app":"C:\\Users\\Anis\\eclipse-workspace\\Appium\\src\\ApiDemos-debug.apk","deviceName":"Redmi","newCommandTimeout":14},"platformName":"android","app":"C:\\Users\\Anis\\eclipse-workspace\\Appium\\src\\ApiDemos-debug.apk","deviceName":"55272e729804","newCommandTimeout":14,"deviceUDID":"55272e729804","appPackage":"io.appium.android.apis","deviceApiLevel":24,"platformVersion":"7.0","deviceScreenSize":"1080x1920","deviceScreenDensity":480,"deviceModel":"Redmi Note 4","deviceManufacturer":"Xiaomi","pixelRatio":3,"statBarHeight":72,"viewportRect":{"left":0,"top":72,"width":1080,"height":1848},"lastScrollData":null}
&amp#27;[35m[HTTP]&amp#27;[39m &amp#27;[37m<-- GET /wd/hub/session/21ee7e2f-907f-44f3-9d10-e81ecd1af3f2 &amp#27;[39m&amp#27;[32m200&amp#27;[39m &amp#27;[90m9 ms - 858&amp#27;[39m
&amp#27;[35m[HTTP]&amp#27;[39m &amp#27;[90m&amp#27;[39m
&amp#27;[35m[HTTP]&amp#27;[39m &amp#27;[37m-->&amp#27;[39m &amp#27;[37mPOST&amp#27;[39m &amp#27;[37m/wd/hub/session/21ee7e2f-907f-44f3-9d10-e81ecd1af3f2/element&amp#27;[39m
&amp#27;[35m[HTTP]&amp#27;[39m &amp#27;[90m{"using":"xpath","value":"//android.widget.TextView[@text='Preference']"}&amp#27;[39m
[debug] &amp#27;[35m[W3C (21ee7e2f)]&amp#27;[39m Calling AppiumDriver.findElement() with args: ["xpath","//android.widget.TextView[@text='Preference']","21ee7e2f-907f-44f3-9d10-e81ecd1af3f2"]
[debug] &amp#27;[35m[BaseDriver]&amp#27;[39m Valid locator strategies for this request: xpath, id, class name, accessibility id, css selector, -android uiautomator
[debug] &amp#27;[35m[BaseDriver]&amp#27;[39m Waiting up to 0 ms for condition
[debug] &amp#27;[35m[WD Proxy]&amp#27;[39m Matched '/element' to command name 'findElement'
[debug] &amp#27;[35m[WD Proxy]&amp#27;[39m Proxying [POST /element] to [POST http://127.0.0.1:8212/wd/hub/session/efc5b3ad-1659-48e3-8dd2-c2033ff8014a/element] with body: {"strategy":"xpath","selector":"//android.widget.TextView[@text='Preference']","context":"","multiple":false}
[debug] &amp#27;[35m[WD Proxy]&amp#27;[39m Got response with status 200: {"sessionId":"efc5b3ad-1659-48e3-8dd2-c2033ff8014a","value":{"ELEMENT":"97ea93fb-da90-44ed-aaad-6c8a17b55426","element-6066-11e4-a52e-4f735466cecf":"97ea93fb-da90-44ed-aaad-6c8a17b55426"}}
[debug] &amp#27;[35m[W3C (21ee7e2f)]&amp#27;[39m Responding to client with driver.findElement() result: {"element-6066-11e4-a52e-4f735466cecf":"97ea93fb-da90-44ed-aaad-6c8a17b55426","ELEMENT":"97ea93fb-da90-44ed-aaad-6c8a17b55426"}
&amp#27;[35m[HTTP]&amp#27;[39m &amp#27;[37m<-- POST /wd/hub/session/21ee7e2f-907f-44f3-9d10-e81ecd1af3f2/element &amp#27;[39m&amp#27;[32m200&amp#27;[39m &amp#27;[90m53 ms - 137&amp#27;[39m
&amp#27;[35m[HTTP]&amp#27;[39m &amp#27;[90m&amp#27;[39m
&amp#27;[35m[HTTP]&amp#27;[39m &amp#27;[37m-->&amp#27;[39m &amp#27;[37mGET&amp#27;[39m &amp#27;[37m/wd/hub/session/21ee7e2f-907f-44f3-9d10-e81ecd1af3f2/element/97ea93fb-da90-44ed-aaad-6c8a17b55426/enabled&amp#27;[39m
&amp#27;[35m[HTTP]&amp#27;[39m &amp#27;[90m{}&amp#27;[39m
[debug] &amp#27;[35m[W3C (21ee7e2f)]&amp#27;[39m Calling AppiumDriver.elementEnabled() with args: ["97ea93fb-da90-44ed-aaad-6c8a17b55426","21ee7e2f-907f-44f3-9d10-e81ecd1af3f2"]
[debug] &amp#27;[35m[WD Proxy]&amp#27;[39m Matched '/element/97ea93fb-da90-44ed-aaad-6c8a17b55426/attribute/enabled' to command name 'getAttribute'
[debug] &amp#27;[35m[WD Proxy]&amp#27;[39m Proxying [GET /element/97ea93fb-da90-44ed-aaad-6c8a17b55426/attribute/enabled] to [GET http://127.0.0.1:8212/wd/hub/session/efc5b3ad-1659-48e3-8dd2-c2033ff8014a/element/97ea93fb-da90-44ed-aaad-6c8a17b55426/attribute/enabled] with no body
[debug] &amp#27;[35m[WD Proxy]&amp#27;[39m Got response with status 200: {"sessionId":"efc5b3ad-1659-48e3-8dd2-c2033ff8014a","value":"true"}
[debug] &amp#27;[35m[W3C (21ee7e2f)]&amp#27;[39m Responding to client with driver.elementEnabled() result: true
&amp#27;[35m[HTTP]&amp#27;[39m &amp#27;[37m<-- GET /wd/hub/session/21ee7e2f-907f-44f3-9d10-e81ecd1af3f2/element/97ea93fb-da90-44ed-aaad-6c8a17b55426/enabled &amp#27;[39m&amp#27;[32m200&amp#27;[39m &amp#27;[90m465 ms - 14&amp#27;[39m
&amp#27;[35m[HTTP]&amp#27;[39m &amp#27;[90m&amp#27;[39m
&amp#27;[35m[HTTP]&amp#27;[39m &amp#27;[37m-->&amp#27;[39m &amp#27;[37mPOST&amp#27;[39m &amp#27;[37m/wd/hub/session/21ee7e2f-907f-44f3-9d10-e81ecd1af3f2/timeouts&amp#27;[39m
&amp#27;[35m[HTTP]&amp#27;[39m &amp#27;[90m{"implicit":10000}&amp#27;[39m
[debug] &amp#27;[35m[W3C (21ee7e2f)]&amp#27;[39m Calling AppiumDriver.timeouts() with args: [null,null,null,null,10000,"21ee7e2f-907f-44f3-9d10-e81ecd1af3f2"]
[debug] &amp#27;[35m[BaseDriver]&amp#27;[39m W3C timeout argument: {"implicit":10000}}
[debug] &amp#27;[35m[BaseDriver]&amp#27;[39m Set implicit wait to 10000ms
[debug] &amp#27;[35m[W3C (21ee7e2f)]&amp#27;[39m Responding to client with driver.timeouts() result: null
&amp#27;[35m[HTTP]&amp#27;[39m &amp#27;[37m<-- POST /wd/hub/session/21ee7e2f-907f-44f3-9d10-e81ecd1af3f2/timeouts &amp#27;[39m&amp#27;[32m200&amp#27;[39m &amp#27;[90m3 ms - 14&amp#27;[39m
&amp#27;[35m[HTTP]&amp#27;[39m &amp#27;[90m&amp#27;[39m
&amp#27;[35m[HTTP]&amp#27;[39m &amp#27;[37m-->&amp#27;[39m &amp#27;[37mGET&amp#27;[39m &amp#27;[37m/wd/hub/session/21ee7e2f-907f-44f3-9d10-e81ecd1af3f2&amp#27;[39m
&amp#27;[35m[HTTP]&amp#27;[39m &amp#27;[90m{}&amp#27;[39m
[debug] &amp#27;[35m[W3C (21ee7e2f)]&amp#27;[39m Calling AppiumDriver.getSession() with args: ["21ee7e2f-907f-44f3-9d10-e81ecd1af3f2"]
[debug] &amp#27;[35m[UiAutomator2]&amp#27;[39m Getting session details from server to mix in
[debug] &amp#27;[35m[WD Proxy]&amp#27;[39m Matched '/' to command name 'getSession'
[debug] &amp#27;[35m[WD Proxy]&amp#27;[39m Proxying [GET /] to [GET http://127.0.0.1:8212/wd/hub/session/efc5b3ad-1659-48e3-8dd2-c2033ff8014a] with no body
[debug] &amp#27;[35m[WD Proxy]&amp#27;[39m Got response with status 200: {"sessionId":"efc5b3ad-1659-48e3-8dd2-c2033ff8014a","value":{"lastScrollData":null}}
[debug] &amp#27;[35m[W3C (21ee7e2f)]&amp#27;[39m Responding to client with driver.getSession() result: {"platform":"LINUX","webStorageEnabled":false,"takesScreenshot":true,"javascriptEnabled":true,"databaseEnabled":false,"networkConnectionEnabled":true,"locationContextEnabled":false,"warnings":{},"desired":{"platformName":"android","app":"C:\\Users\\Anis\\eclipse-workspace\\Appium\\src\\ApiDemos-debug.apk","deviceName":"Redmi","newCommandTimeout":14},"platformName":"android","app":"C:\\Users\\Anis\\eclipse-workspace\\Appium\\src\\ApiDemos-debug.apk","deviceName":"55272e729804","newCommandTimeout":14,"deviceUDID":"55272e729804","appPackage":"io.appium.android.apis","deviceApiLevel":24,"platformVersion":"7.0","deviceScreenSize":"1080x1920","deviceScreenDensity":480,"deviceModel":"Redmi Note 4","deviceManufacturer":"Xiaomi","pixelRatio":3,"statBarHeight":72,"viewportRect":{"left":0,"top":72,"width":1080,"height":1848},"lastScrollData":null}
&amp#27;[35m[HTTP]&amp#27;[39m &amp#27;[37m<-- GET /wd/hub/session/21ee7e2f-907f-44f3-9d10-e81ecd1af3f2 &amp#27;[39m&amp#27;[32m200&amp#27;[39m &amp#27;[90m9 ms - 858&amp#27;[39m
&amp#27;[35m[HTTP]&amp#27;[39m &amp#27;[90m&amp#27;[39m
&amp#27;[35m[HTTP]&amp#27;[39m &amp#27;[37m-->&amp#27;[39m &amp#27;[37mPOST&amp#27;[39m &amp#27;[37m/wd/hub/session/21ee7e2f-907f-44f3-9d10-e81ecd1af3f2/element&amp#27;[39m
&amp#27;[35m[HTTP]&amp#27;[39m &amp#27;[90m{"using":"xpath","value":"//android.widget.TextView[@text='Preference']"}&amp#27;[39m
[debug] &amp#27;[35m[W3C (21ee7e2f)]&amp#27;[39m Calling AppiumDriver.findElement() with args: ["xpath","//android.widget.TextView[@text='Preference']","21ee7e2f-907f-44f3-9d10-e81ecd1af3f2"]
[debug] &amp#27;[35m[BaseDriver]&amp#27;[39m Valid locator strategies for this request: xpath, id, class name, accessibility id, css selector, -android uiautomator
[debug] &amp#27;[35m[BaseDriver]&amp#27;[39m Waiting up to 10000 ms for condition
[debug] &amp#27;[35m[WD Proxy]&amp#27;[39m Matched '/element' to command name 'findElement'
[debug] &amp#27;[35m[WD Proxy]&amp#27;[39m Proxying [POST /element] to [POST http://127.0.0.1:8212/wd/hub/session/efc5b3ad-1659-48e3-8dd2-c2033ff8014a/element] with body: {"strategy":"xpath","selector":"//android.widget.TextView[@text='Preference']","context":"","multiple":false}
[debug] &amp#27;[35m[WD Proxy]&amp#27;[39m Got response with status 200: {"sessionId":"efc5b3ad-1659-48e3-8dd2-c2033ff8014a","value":{"ELEMENT":"8ca480ae-98b7-4542-9d26-4dce2de64dc4","element-6066-11e4-a52e-4f735466cecf":"8ca480ae-98b7-4542-9d26-4dce2de64dc4"}}
[debug] &amp#27;[35m[W3C (21ee7e2f)]&amp#27;[39m Responding to client with driver.findElement() result: {"element-6066-11e4-a52e-4f735466cecf":"8ca480ae-98b7-4542-9d26-4dce2de64dc4","ELEMENT":"8ca480ae-98b7-4542-9d26-4dce2de64dc4"}
&amp#27;[35m[HTTP]&amp#27;[39m &amp#27;[37m<-- POST /wd/hub/session/21ee7e2f-907f-44f3-9d10-e81ecd1af3f2/element &amp#27;[39m&amp#27;[32m200&amp#27;[39m &amp#27;[90m36 ms - 137&amp#27;[39m
&amp#27;[35m[HTTP]&amp#27;[39m &amp#27;[90m&amp#27;[39m
&amp#27;[35m[HTTP]&amp#27;[39m &amp#27;[37m-->&amp#27;[39m &amp#27;[37mPOST&amp#27;[39m &amp#27;[37m/wd/hub/session/21ee7e2f-907f-44f3-9d10-e81ecd1af3f2/element/8ca480ae-98b7-4542-9d26-4dce2de64dc4/click&amp#27;[39m
&amp#27;[35m[HTTP]&amp#27;[39m &amp#27;[90m{"id":"8ca480ae-98b7-4542-9d26-4dce2de64dc4"}&amp#27;[39m
[debug] &amp#27;[35m[W3C (21ee7e2f)]&amp#27;[39m Calling AppiumDriver.click() with args: ["8ca480ae-98b7-4542-9d26-4dce2de64dc4","21ee7e2f-907f-44f3-9d10-e81ecd1af3f2"]
[debug] &amp#27;[35m[WD Proxy]&amp#27;[39m Matched '/element/8ca480ae-98b7-4542-9d26-4dce2de64dc4/click' to command name 'click'
[debug] &amp#27;[35m[WD Proxy]&amp#27;[39m Proxying [POST /element/8ca480ae-98b7-4542-9d26-4dce2de64dc4/click] to [POST http://127.0.0.1:8212/wd/hub/session/efc5b3ad-1659-48e3-8dd2-c2033ff8014a/element/8ca480ae-98b7-4542-9d26-4dce2de64dc4/click] with body: {"element":"8ca480ae-98b7-4542-9d26-4dce2de64dc4"}
[debug] &amp#27;[35m[WD Proxy]&amp#27;[39m Got response with status 200: {"sessionId":"efc5b3ad-1659-48e3-8dd2-c2033ff8014a","value":null}
[debug] &amp#27;[35m[W3C (21ee7e2f)]&amp#27;[39m Responding to client with driver.click() result: null
&amp#27;[35m[HTTP]&amp#27;[39m &amp#27;[37m<-- POST /wd/hub/session/21ee7e2f-907f-44f3-9d10-e81ecd1af3f2/element/8ca480ae-98b7-4542-9d26-4dce2de64dc4/click &amp#27;[39m&amp#27;[32m200&amp#27;[39m &amp#27;[90m1172 ms - 14&amp#27;[39m
&amp#27;[35m[HTTP]&amp#27;[39m &amp#27;[90m&amp#27;[39m
&amp#27;[35m[HTTP]&amp#27;[39m &amp#27;[37m-->&amp#27;[39m &amp#27;[37mGET&amp#27;[39m &amp#27;[37m/wd/hub/session/21ee7e2f-907f-44f3-9d10-e81ecd1af3f2&amp#27;[39m
&amp#27;[35m[HTTP]&amp#27;[39m &amp#27;[90m{}&amp#27;[39m
[debug] &amp#27;[35m[W3C (21ee7e2f)]&amp#27;[39m Calling AppiumDriver.getSession() with args: ["21ee7e2f-907f-44f3-9d10-e81ecd1af3f2"]
[debug] &amp#27;[35m[UiAutomator2]&amp#27;[39m Getting session details from server to mix in
[debug] &amp#27;[35m[WD Proxy]&amp#27;[39m Matched '/' to command name 'getSession'
[debug] &amp#27;[35m[WD Proxy]&amp#27;[39m Proxying [GET /] to [GET http://127.0.0.1:8212/wd/hub/session/efc5b3ad-1659-48e3-8dd2-c2033ff8014a] with no body
[debug] &amp#27;[35m[WD Proxy]&amp#27;[39m Got response with status 200: {"sessionId":"efc5b3ad-1659-48e3-8dd2-c2033ff8014a","value":{"lastScrollData":null}}
[debug] &amp#27;[35m[W3C (21ee7e2f)]&amp#27;[39m Responding to client with driver.getSession() result: {"platform":"LINUX","webStorageEnabled":false,"takesScreenshot":true,"javascriptEnabled":true,"databaseEnabled":false,"networkConnectionEnabled":true,"locationContextEnabled":false,"warnings":{},"desired":{"platformName":"android","app":"C:\\Users\\Anis\\eclipse-workspace\\Appium\\src\\ApiDemos-debug.apk","deviceName":"Redmi","newCommandTimeout":14},"platformName":"android","app":"C:\\Users\\Anis\\eclipse-workspace\\Appium\\src\\ApiDemos-debug.apk","deviceName":"55272e729804","newCommandTimeout":14,"deviceUDID":"55272e729804","appPackage":"io.appium.android.apis","deviceApiLevel":24,"platformVersion":"7.0","deviceScreenSize":"1080x1920","deviceScreenDensity":480,"deviceModel":"Redmi Note 4","deviceManufacturer":"Xiaomi","pixelRatio":3,"statBarHeight":72,"viewportRect":{"left":0,"top":72,"width":1080,"height":1848},"lastScrollData":null}
&amp#27;[35m[HTTP]&amp#27;[39m &amp#27;[37m<-- GET /wd/hub/session/21ee7e2f-907f-44f3-9d10-e81ecd1af3f2 &amp#27;[39m&amp#27;[32m200&amp#27;[39m &amp#27;[90m13 ms - 858&amp#27;[39m
&amp#27;[35m[HTTP]&amp#27;[39m &amp#27;[90m&amp#27;[39m
&amp#27;[35m[HTTP]&amp#27;[39m &amp#27;[37m-->&amp#27;[39m &amp#27;[37mGET&amp#27;[39m &amp#27;[37m/wd/hub/session/21ee7e2f-907f-44f3-9d10-e81ecd1af3f2&amp#27;[39m
&amp#27;[35m[HTTP]&amp#27;[39m &amp#27;[90m{}&amp#27;[39m
[debug] &amp#27;[35m[W3C (21ee7e2f)]&amp#27;[39m Calling AppiumDriver.getSession() with args: ["21ee7e2f-907f-44f3-9d10-e81ecd1af3f2"]
[debug] &amp#27;[35m[UiAutomator2]&amp#27;[39m Getting session details from server to mix in
[debug] &amp#27;[35m[WD Proxy]&amp#27;[39m Matched '/' to command name 'getSession'
[debug] &amp#27;[35m[WD Proxy]&amp#27;[39m Proxying [GET /] to [GET http://127.0.0.1:8212/wd/hub/session/efc5b3ad-1659-48e3-8dd2-c2033ff8014a] with no body
[debug] &amp#27;[35m[WD Proxy]&amp#27;[39m Got response with status 200: {"sessionId":"efc5b3ad-1659-48e3-8dd2-c2033ff8014a","value":{"lastScrollData":null}}
[debug] &amp#27;[35m[W3C (21ee7e2f)]&amp#27;[39m Responding to client with driver.getSession() result: {"platform":"LINUX","webStorageEnabled":false,"takesScreenshot":true,"javascriptEnabled":true,"databaseEnabled":false,"networkConnectionEnabled":true,"locationContextEnabled":false,"warnings":{},"desired":{"platformName":"android","app":"C:\\Users\\Anis\\eclipse-workspace\\Appium\\src\\ApiDemos-debug.apk","deviceName":"Redmi","newCommandTimeout":14},"platformName":"android","app":"C:\\Users\\Anis\\eclipse-workspace\\Appium\\src\\ApiDemos-debug.apk","deviceName":"55272e729804","newCommandTimeout":14,"deviceUDID":"55272e729804","appPackage":"io.appium.android.apis","deviceApiLevel":24,"platformVersion":"7.0","deviceScreenSize":"1080x1920","deviceScreenDensity":480,"deviceModel":"Redmi Note 4","deviceManufacturer":"Xiaomi","pixelRatio":3,"statBarHeight":72,"viewportRect":{"left":0,"top":72,"width":1080,"height":1848},"lastScrollData":null}
&amp#27;[35m[HTTP]&amp#27;[39m &amp#27;[37m<-- GET /wd/hub/session/21ee7e2f-907f-44f3-9d10-e81ecd1af3f2 &amp#27;[39m&amp#27;[32m200&amp#27;[39m &amp#27;[90m12 ms - 858&amp#27;[39m
&amp#27;[35m[HTTP]&amp#27;[39m &amp#27;[90m&amp#27;[39m
[INFO ] 2021-06-18 15:55:04.960 [main] ExplicitWait - Waiting for element to be visible: Located by By.chained({By.xpath: //android.widget.TextView[@text='3. Preference dependencies']})
[INFO ] 2021-06-18 15:55:04.960 [main] ExplicitWait - Waiting for element to be visible: Located by By.chained({By.xpath: //android.widget.TextView[@text='3. Preference dependencies']})
&amp#27;[35m[HTTP]&amp#27;[39m &amp#27;[37m-->&amp#27;[39m &amp#27;[37mPOST&amp#27;[39m &amp#27;[37m/wd/hub/session/21ee7e2f-907f-44f3-9d10-e81ecd1af3f2/timeouts&amp#27;[39m
&amp#27;[35m[HTTP]&amp#27;[39m &amp#27;[90m{"implicit":0}&amp#27;[39m
[debug] &amp#27;[35m[W3C (21ee7e2f)]&amp#27;[39m Calling AppiumDriver.timeouts() with args: [null,null,null,null,0,"21ee7e2f-907f-44f3-9d10-e81ecd1af3f2"]
[debug] &amp#27;[35m[BaseDriver]&amp#27;[39m W3C timeout argument: {"implicit":0}}
[debug] &amp#27;[35m[BaseDriver]&amp#27;[39m Set implicit wait to 0ms
[debug] &amp#27;[35m[W3C (21ee7e2f)]&amp#27;[39m Responding to client with driver.timeouts() result: null
&amp#27;[35m[HTTP]&amp#27;[39m &amp#27;[37m<-- POST /wd/hub/session/21ee7e2f-907f-44f3-9d10-e81ecd1af3f2/timeouts &amp#27;[39m&amp#27;[32m200&amp#27;[39m &amp#27;[90m3 ms - 14&amp#27;[39m
&amp#27;[35m[HTTP]&amp#27;[39m &amp#27;[90m&amp#27;[39m
&amp#27;[35m[HTTP]&amp#27;[39m &amp#27;[37m-->&amp#27;[39m &amp#27;[37mGET&amp#27;[39m &amp#27;[37m/wd/hub/session/21ee7e2f-907f-44f3-9d10-e81ecd1af3f2&amp#27;[39m
&amp#27;[35m[HTTP]&amp#27;[39m &amp#27;[90m{}&amp#27;[39m
[debug] &amp#27;[35m[W3C (21ee7e2f)]&amp#27;[39m Calling AppiumDriver.getSession() with args: ["21ee7e2f-907f-44f3-9d10-e81ecd1af3f2"]
[debug] &amp#27;[35m[UiAutomator2]&amp#27;[39m Getting session details from server to mix in
[debug] &amp#27;[35m[WD Proxy]&amp#27;[39m Matched '/' to command name 'getSession'
[debug] &amp#27;[35m[WD Proxy]&amp#27;[39m Proxying [GET /] to [GET http://127.0.0.1:8212/wd/hub/session/efc5b3ad-1659-48e3-8dd2-c2033ff8014a] with no body
[debug] &amp#27;[35m[WD Proxy]&amp#27;[39m Got response with status 200: {"sessionId":"efc5b3ad-1659-48e3-8dd2-c2033ff8014a","value":{"lastScrollData":null}}
[debug] &amp#27;[35m[W3C (21ee7e2f)]&amp#27;[39m Responding to client with driver.getSession() result: {"platform":"LINUX","webStorageEnabled":false,"takesScreenshot":true,"javascriptEnabled":true,"databaseEnabled":false,"networkConnectionEnabled":true,"locationContextEnabled":false,"warnings":{},"desired":{"platformName":"android","app":"C:\\Users\\Anis\\eclipse-workspace\\Appium\\src\\ApiDemos-debug.apk","deviceName":"Redmi","newCommandTimeout":14},"platformName":"android","app":"C:\\Users\\Anis\\eclipse-workspace\\Appium\\src\\ApiDemos-debug.apk","deviceName":"55272e729804","newCommandTimeout":14,"deviceUDID":"55272e729804","appPackage":"io.appium.android.apis","deviceApiLevel":24,"platformVersion":"7.0","deviceScreenSize":"1080x1920","deviceScreenDensity":480,"deviceModel":"Redmi Note 4","deviceManufacturer":"Xiaomi","pixelRatio":3,"statBarHeight":72,"viewportRect":{"left":0,"top":72,"width":1080,"height":1848},"lastScrollData":null}
&amp#27;[35m[HTTP]&amp#27;[39m &amp#27;[37m<-- GET /wd/hub/session/21ee7e2f-907f-44f3-9d10-e81ecd1af3f2 &amp#27;[39m&amp#27;[32m200&amp#27;[39m &amp#27;[90m11 ms - 858&amp#27;[39m
&amp#27;[35m[HTTP]&amp#27;[39m &amp#27;[90m&amp#27;[39m
&amp#27;[35m[HTTP]&amp#27;[39m &amp#27;[37m-->&amp#27;[39m &amp#27;[37mPOST&amp#27;[39m &amp#27;[37m/wd/hub/session/21ee7e2f-907f-44f3-9d10-e81ecd1af3f2/element&amp#27;[39m
&amp#27;[35m[HTTP]&amp#27;[39m &amp#27;[90m{"using":"xpath","value":"//android.widget.TextView[@text='3. Preference dependencies']"}&amp#27;[39m
[debug] &amp#27;[35m[W3C (21ee7e2f)]&amp#27;[39m Calling AppiumDriver.findElement() with args: ["xpath","//android.widget.TextView[@text='3. Preference dependencies']","21ee7e2f-907f-44f3-9d10-e81ecd1af3f2"]
[debug] &amp#27;[35m[BaseDriver]&amp#27;[39m Valid locator strategies for this request: xpath, id, class name, accessibility id, css selector, -android uiautomator
[debug] &amp#27;[35m[BaseDriver]&amp#27;[39m Waiting up to 0 ms for condition
[debug] &amp#27;[35m[WD Proxy]&amp#27;[39m Matched '/element' to command name 'findElement'
[debug] &amp#27;[35m[WD Proxy]&amp#27;[39m Proxying [POST /element] to [POST http://127.0.0.1:8212/wd/hub/session/efc5b3ad-1659-48e3-8dd2-c2033ff8014a/element] with body: {"strategy":"xpath","selector":"//android.widget.TextView[@text='3. Preference dependencies']","context":"","multiple":false}
[debug] &amp#27;[35m[WD Proxy]&amp#27;[39m Got response with status 200: {"sessionId":"efc5b3ad-1659-48e3-8dd2-c2033ff8014a","value":{"ELEMENT":"ee8cb807-fc4a-4b7f-a4dd-34e7b538e8cb","element-6066-11e4-a52e-4f735466cecf":"ee8cb807-fc4a-4b7f-a4dd-34e7b538e8cb"}}
[debug] &amp#27;[35m[W3C (21ee7e2f)]&amp#27;[39m Responding to client with driver.findElement() result: {"element-6066-11e4-a52e-4f735466cecf":"ee8cb807-fc4a-4b7f-a4dd-34e7b538e8cb","ELEMENT":"ee8cb807-fc4a-4b7f-a4dd-34e7b538e8cb"}
&amp#27;[35m[HTTP]&amp#27;[39m &amp#27;[37m<-- POST /wd/hub/session/21ee7e2f-907f-44f3-9d10-e81ecd1af3f2/element &amp#27;[39m&amp#27;[32m200&amp#27;[39m &amp#27;[90m54 ms - 137&amp#27;[39m
&amp#27;[35m[HTTP]&amp#27;[39m &amp#27;[90m&amp#27;[39m
&amp#27;[35m[HTTP]&amp#27;[39m &amp#27;[37m-->&amp#27;[39m &amp#27;[37mGET&amp#27;[39m &amp#27;[37m/wd/hub/session/21ee7e2f-907f-44f3-9d10-e81ecd1af3f2/element/ee8cb807-fc4a-4b7f-a4dd-34e7b538e8cb/displayed&amp#27;[39m
&amp#27;[35m[HTTP]&amp#27;[39m &amp#27;[90m{}&amp#27;[39m
[debug] &amp#27;[35m[W3C (21ee7e2f)]&amp#27;[39m Calling AppiumDriver.elementDisplayed() with args: ["ee8cb807-fc4a-4b7f-a4dd-34e7b538e8cb","21ee7e2f-907f-44f3-9d10-e81ecd1af3f2"]
[debug] &amp#27;[35m[WD Proxy]&amp#27;[39m Matched '/element/ee8cb807-fc4a-4b7f-a4dd-34e7b538e8cb/attribute/displayed' to command name 'getAttribute'
[debug] &amp#27;[35m[WD Proxy]&amp#27;[39m Proxying [GET /element/ee8cb807-fc4a-4b7f-a4dd-34e7b538e8cb/attribute/displayed] to [GET http://127.0.0.1:8212/wd/hub/session/efc5b3ad-1659-48e3-8dd2-c2033ff8014a/element/ee8cb807-fc4a-4b7f-a4dd-34e7b538e8cb/attribute/displayed] with no body
[debug] &amp#27;[35m[WD Proxy]&amp#27;[39m Got response with status 200: {"sessionId":"efc5b3ad-1659-48e3-8dd2-c2033ff8014a","value":"true"}
[debug] &amp#27;[35m[W3C (21ee7e2f)]&amp#27;[39m Responding to client with driver.elementDisplayed() result: true
&amp#27;[35m[HTTP]&amp#27;[39m &amp#27;[37m<-- GET /wd/hub/session/21ee7e2f-907f-44f3-9d10-e81ecd1af3f2/element/ee8cb807-fc4a-4b7f-a4dd-34e7b538e8cb/displayed &amp#27;[39m&amp#27;[32m200&amp#27;[39m &amp#27;[90m18 ms - 14&amp#27;[39m
&amp#27;[35m[HTTP]&amp#27;[39m &amp#27;[90m&amp#27;[39m
&amp#27;[35m[HTTP]&amp#27;[39m &amp#27;[37m-->&amp#27;[39m &amp#27;[37mPOST&amp#27;[39m &amp#27;[37m/wd/hub/session/21ee7e2f-907f-44f3-9d10-e81ecd1af3f2/timeouts&amp#27;[39m
&amp#27;[35m[HTTP]&amp#27;[39m &amp#27;[90m{"implicit":10000}&amp#27;[39m
[debug] &amp#27;[35m[W3C (21ee7e2f)]&amp#27;[39m Calling AppiumDriver.timeouts() with args: [null,null,null,null,10000,"21ee7e2f-907f-44f3-9d10-e81ecd1af3f2"]
[debug] &amp#27;[35m[BaseDriver]&amp#27;[39m W3C timeout argument: {"implicit":10000}}
[debug] &amp#27;[35m[BaseDriver]&amp#27;[39m Set implicit wait to 10000ms
[debug] &amp#27;[35m[W3C (21ee7e2f)]&amp#27;[39m Responding to client with driver.timeouts() result: null
&amp#27;[35m[HTTP]&amp#27;[39m &amp#27;[37m<-- POST /wd/hub/session/21ee7e2f-907f-44f3-9d10-e81ecd1af3f2/timeouts &amp#27;[39m&amp#27;[32m200&amp#27;[39m &amp#27;[90m3 ms - 14&amp#27;[39m
&amp#27;[35m[HTTP]&amp#27;[39m &amp#27;[90m&amp#27;[39m
[INFO ] 2021-06-18 15:55:05.103 [main] Preferences - Clicks The Dependencies
[INFO ] 2021-06-18 15:55:05.104 [main] ExplicitWait - Waiting for element to be clickable: Located by By.chained({By.xpath: //android.widget.TextView[@text='3. Preference dependencies']})
&amp#27;[35m[HTTP]&amp#27;[39m &amp#27;[37m-->&amp#27;[39m &amp#27;[37mPOST&amp#27;[39m &amp#27;[37m/wd/hub/session/21ee7e2f-907f-44f3-9d10-e81ecd1af3f2/timeouts&amp#27;[39m
&amp#27;[35m[HTTP]&amp#27;[39m &amp#27;[90m{"implicit":0}&amp#27;[39m
[debug] &amp#27;[35m[W3C (21ee7e2f)]&amp#27;[39m Calling AppiumDriver.timeouts() with args: [null,null,null,null,0,"21ee7e2f-907f-44f3-9d10-e81ecd1af3f2"]
[debug] &amp#27;[35m[BaseDriver]&amp#27;[39m W3C timeout argument: {"implicit":0}}
[debug] &amp#27;[35m[BaseDriver]&amp#27;[39m Set implicit wait to 0ms
[debug] &amp#27;[35m[W3C (21ee7e2f)]&amp#27;[39m Responding to client with driver.timeouts() result: null
&amp#27;[35m[HTTP]&amp#27;[39m &amp#27;[37m<-- POST /wd/hub/session/21ee7e2f-907f-44f3-9d10-e81ecd1af3f2/timeouts &amp#27;[39m&amp#27;[32m200&amp#27;[39m &amp#27;[90m3 ms - 14&amp#27;[39m
&amp#27;[35m[HTTP]&amp#27;[39m &amp#27;[90m&amp#27;[39m
&amp#27;[35m[HTTP]&amp#27;[39m &amp#27;[37m-->&amp#27;[39m &amp#27;[37mGET&amp#27;[39m &amp#27;[37m/wd/hub/session/21ee7e2f-907f-44f3-9d10-e81ecd1af3f2&amp#27;[39m
&amp#27;[35m[HTTP]&amp#27;[39m &amp#27;[90m{}&amp#27;[39m
[debug] &amp#27;[35m[W3C (21ee7e2f)]&amp#27;[39m Calling AppiumDriver.getSession() with args: ["21ee7e2f-907f-44f3-9d10-e81ecd1af3f2"]
[debug] &amp#27;[35m[UiAutomator2]&amp#27;[39m Getting session details from server to mix in
[debug] &amp#27;[35m[WD Proxy]&amp#27;[39m Matched '/' to command name 'getSession'
[debug] &amp#27;[35m[WD Proxy]&amp#27;[39m Proxying [GET /] to [GET http://127.0.0.1:8212/wd/hub/session/efc5b3ad-1659-48e3-8dd2-c2033ff8014a] with no body
[debug] &amp#27;[35m[WD Proxy]&amp#27;[39m Got response with status 200: {"sessionId":"efc5b3ad-1659-48e3-8dd2-c2033ff8014a","value":{"lastScrollData":null}}
[debug] &amp#27;[35m[W3C (21ee7e2f)]&amp#27;[39m Responding to client with driver.getSession() result: {"platform":"LINUX","webStorageEnabled":false,"takesScreenshot":true,"javascriptEnabled":true,"databaseEnabled":false,"networkConnectionEnabled":true,"locationContextEnabled":false,"warnings":{},"desired":{"platformName":"android","app":"C:\\Users\\Anis\\eclipse-workspace\\Appium\\src\\ApiDemos-debug.apk","deviceName":"Redmi","newCommandTimeout":14},"platformName":"android","app":"C:\\Users\\Anis\\eclipse-workspace\\Appium\\src\\ApiDemos-debug.apk","deviceName":"55272e729804","newCommandTimeout":14,"deviceUDID":"55272e729804","appPackage":"io.appium.android.apis","deviceApiLevel":24,"platformVersion":"7.0","deviceScreenSize":"1080x1920","deviceScreenDensity":480,"deviceModel":"Redmi Note 4","deviceManufacturer":"Xiaomi","pixelRatio":3,"statBarHeight":72,"viewportRect":{"left":0,"top":72,"width":1080,"height":1848},"lastScrollData":null}
&amp#27;[35m[HTTP]&amp#27;[39m &amp#27;[37m<-- GET /wd/hub/session/21ee7e2f-907f-44f3-9d10-e81ecd1af3f2 &amp#27;[39m&amp#27;[32m200&amp#27;[39m &amp#27;[90m12 ms - 858&amp#27;[39m
&amp#27;[35m[HTTP]&amp#27;[39m &amp#27;[90m&amp#27;[39m
&amp#27;[35m[HTTP]&amp#27;[39m &amp#27;[37m-->&amp#27;[39m &amp#27;[37mPOST&amp#27;[39m &amp#27;[37m/wd/hub/session/21ee7e2f-907f-44f3-9d10-e81ecd1af3f2/element&amp#27;[39m
&amp#27;[35m[HTTP]&amp#27;[39m &amp#27;[90m{"using":"xpath","value":"//android.widget.TextView[@text='3. Preference dependencies']"}&amp#27;[39m
[debug] &amp#27;[35m[W3C (21ee7e2f)]&amp#27;[39m Calling AppiumDriver.findElement() with args: ["xpath","//android.widget.TextView[@text='3. Preference dependencies']","21ee7e2f-907f-44f3-9d10-e81ecd1af3f2"]
[debug] &amp#27;[35m[BaseDriver]&amp#27;[39m Valid locator strategies for this request: xpath, id, class name, accessibility id, css selector, -android uiautomator
[debug] &amp#27;[35m[BaseDriver]&amp#27;[39m Waiting up to 0 ms for condition
[debug] &amp#27;[35m[WD Proxy]&amp#27;[39m Matched '/element' to command name 'findElement'
[debug] &amp#27;[35m[WD Proxy]&amp#27;[39m Proxying [POST /element] to [POST http://127.0.0.1:8212/wd/hub/session/efc5b3ad-1659-48e3-8dd2-c2033ff8014a/element] with body: {"strategy":"xpath","selector":"//android.widget.TextView[@text='3. Preference dependencies']","context":"","multiple":false}
[debug] &amp#27;[35m[WD Proxy]&amp#27;[39m Got response with status 200: {"sessionId":"efc5b3ad-1659-48e3-8dd2-c2033ff8014a","value":{"ELEMENT":"3a9120c3-8250-4c6b-9d17-bc6b52233ad6","element-6066-11e4-a52e-4f735466cecf":"3a9120c3-8250-4c6b-9d17-bc6b52233ad6"}}
[debug] &amp#27;[35m[W3C (21ee7e2f)]&amp#27;[39m Responding to client with driver.findElement() result: {"element-6066-11e4-a52e-4f735466cecf":"3a9120c3-8250-4c6b-9d17-bc6b52233ad6","ELEMENT":"3a9120c3-8250-4c6b-9d17-bc6b52233ad6"}
&amp#27;[35m[HTTP]&amp#27;[39m &amp#27;[37m<-- POST /wd/hub/session/21ee7e2f-907f-44f3-9d10-e81ecd1af3f2/element &amp#27;[39m&amp#27;[32m200&amp#27;[39m &amp#27;[90m42 ms - 137&amp#27;[39m
&amp#27;[35m[HTTP]&amp#27;[39m &amp#27;[90m&amp#27;[39m
&amp#27;[35m[HTTP]&amp#27;[39m &amp#27;[37m-->&amp#27;[39m &amp#27;[37mGET&amp#27;[39m &amp#27;[37m/wd/hub/session/21ee7e2f-907f-44f3-9d10-e81ecd1af3f2/element/3a9120c3-8250-4c6b-9d17-bc6b52233ad6/displayed&amp#27;[39m
&amp#27;[35m[HTTP]&amp#27;[39m &amp#27;[90m{}&amp#27;[39m
[debug] &amp#27;[35m[W3C (21ee7e2f)]&amp#27;[39m Calling AppiumDriver.elementDisplayed() with args: ["3a9120c3-8250-4c6b-9d17-bc6b52233ad6","21ee7e2f-907f-44f3-9d10-e81ecd1af3f2"]
[debug] &amp#27;[35m[WD Proxy]&amp#27;[39m Matched '/element/3a9120c3-8250-4c6b-9d17-bc6b52233ad6/attribute/displayed' to command name 'getAttribute'
[debug] &amp#27;[35m[WD Proxy]&amp#27;[39m Proxying [GET /element/3a9120c3-8250-4c6b-9d17-bc6b52233ad6/attribute/displayed] to [GET http://127.0.0.1:8212/wd/hub/session/efc5b3ad-1659-48e3-8dd2-c2033ff8014a/element/3a9120c3-8250-4c6b-9d17-bc6b52233ad6/attribute/displayed] with no body
[debug] &amp#27;[35m[WD Proxy]&amp#27;[39m Got response with status 200: {"sessionId":"efc5b3ad-1659-48e3-8dd2-c2033ff8014a","value":"true"}
[debug] &amp#27;[35m[W3C (21ee7e2f)]&amp#27;[39m Responding to client with driver.elementDisplayed() result: true
&amp#27;[35m[HTTP]&amp#27;[39m &amp#27;[37m<-- GET /wd/hub/session/21ee7e2f-907f-44f3-9d10-e81ecd1af3f2/element/3a9120c3-8250-4c6b-9d17-bc6b52233ad6/displayed &amp#27;[39m&amp#27;[32m200&amp#27;[39m &amp#27;[90m14 ms - 14&amp#27;[39m
&amp#27;[35m[HTTP]&amp#27;[39m &amp#27;[90m&amp#27;[39m
&amp#27;[35m[HTTP]&amp#27;[39m &amp#27;[37m-->&amp#27;[39m &amp#27;[37mGET&amp#27;[39m &amp#27;[37m/wd/hub/session/21ee7e2f-907f-44f3-9d10-e81ecd1af3f2&amp#27;[39m
&amp#27;[35m[HTTP]&amp#27;[39m &amp#27;[90m{}&amp#27;[39m
[debug] &amp#27;[35m[W3C (21ee7e2f)]&amp#27;[39m Calling AppiumDriver.getSession() with args: ["21ee7e2f-907f-44f3-9d10-e81ecd1af3f2"]
[debug] &amp#27;[35m[UiAutomator2]&amp#27;[39m Getting session details from server to mix in
[debug] &amp#27;[35m[WD Proxy]&amp#27;[39m Matched '/' to command name 'getSession'
[debug] &amp#27;[35m[WD Proxy]&amp#27;[39m Proxying [GET /] to [GET http://127.0.0.1:8212/wd/hub/session/efc5b3ad-1659-48e3-8dd2-c2033ff8014a] with no body
[debug] &amp#27;[35m[WD Proxy]&amp#27;[39m Got response with status 200: {"sessionId":"efc5b3ad-1659-48e3-8dd2-c2033ff8014a","value":{"lastScrollData":null}}
[debug] &amp#27;[35m[W3C (21ee7e2f)]&amp#27;[39m Responding to client with driver.getSession() result: {"platform":"LINUX","webStorageEnabled":false,"takesScreenshot":true,"javascriptEnabled":true,"databaseEnabled":false,"networkConnectionEnabled":true,"locationContextEnabled":false,"warnings":{},"desired":{"platformName":"android","app":"C:\\Users\\Anis\\eclipse-workspace\\Appium\\src\\ApiDemos-debug.apk","deviceName":"Redmi","newCommandTimeout":14},"platformName":"android","app":"C:\\Users\\Anis\\eclipse-workspace\\Appium\\src\\ApiDemos-debug.apk","deviceName":"55272e729804","newCommandTimeout":14,"deviceUDID":"55272e729804","appPackage":"io.appium.android.apis","deviceApiLevel":24,"platformVersion":"7.0","deviceScreenSize":"1080x1920","deviceScreenDensity":480,"deviceModel":"Redmi Note 4","deviceManufacturer":"Xiaomi","pixelRatio":3,"statBarHeight":72,"viewportRect":{"left":0,"top":72,"width":1080,"height":1848},"lastScrollData":null}
&amp#27;[35m[HTTP]&amp#27;[39m &amp#27;[37m<-- GET /wd/hub/session/21ee7e2f-907f-44f3-9d10-e81ecd1af3f2 &amp#27;[39m&amp#27;[32m200&amp#27;[39m &amp#27;[90m10 ms - 858&amp#27;[39m
&amp#27;[35m[HTTP]&amp#27;[39m &amp#27;[90m&amp#27;[39m
&amp#27;[35m[HTTP]&amp#27;[39m &amp#27;[37m-->&amp#27;[39m &amp#27;[37mPOST&amp#27;[39m &amp#27;[37m/wd/hub/session/21ee7e2f-907f-44f3-9d10-e81ecd1af3f2/element&amp#27;[39m
&amp#27;[35m[HTTP]&amp#27;[39m &amp#27;[90m{"using":"xpath","value":"//android.widget.TextView[@text='3. Preference dependencies']"}&amp#27;[39m
[debug] &amp#27;[35m[W3C (21ee7e2f)]&amp#27;[39m Calling AppiumDriver.findElement() with args: ["xpath","//android.widget.TextView[@text='3. Preference dependencies']","21ee7e2f-907f-44f3-9d10-e81ecd1af3f2"]
[debug] &amp#27;[35m[BaseDriver]&amp#27;[39m Valid locator strategies for this request: xpath, id, class name, accessibility id, css selector, -android uiautomator
[debug] &amp#27;[35m[BaseDriver]&amp#27;[39m Waiting up to 0 ms for condition
[debug] &amp#27;[35m[WD Proxy]&amp#27;[39m Matched '/element' to command name 'findElement'
[debug] &amp#27;[35m[WD Proxy]&amp#27;[39m Proxying [POST /element] to [POST http://127.0.0.1:8212/wd/hub/session/efc5b3ad-1659-48e3-8dd2-c2033ff8014a/element] with body: {"strategy":"xpath","selector":"//android.widget.TextView[@text='3. Preference dependencies']","context":"","multiple":false}
[debug] &amp#27;[35m[WD Proxy]&amp#27;[39m Got response with status 200: {"sessionId":"efc5b3ad-1659-48e3-8dd2-c2033ff8014a","value":{"ELEMENT":"ad002ba7-fc39-4d08-b0a1-7201862e713a","element-6066-11e4-a52e-4f735466cecf":"ad002ba7-fc39-4d08-b0a1-7201862e713a"}}
[debug] &amp#27;[35m[W3C (21ee7e2f)]&amp#27;[39m Responding to client with driver.findElement() result: {"element-6066-11e4-a52e-4f735466cecf":"ad002ba7-fc39-4d08-b0a1-7201862e713a","ELEMENT":"ad002ba7-fc39-4d08-b0a1-7201862e713a"}
&amp#27;[35m[HTTP]&amp#27;[39m &amp#27;[37m<-- POST /wd/hub/session/21ee7e2f-907f-44f3-9d10-e81ecd1af3f2/element &amp#27;[39m&amp#27;[32m200&amp#27;[39m &amp#27;[90m39 ms - 137&amp#27;[39m
&amp#27;[35m[HTTP]&amp#27;[39m &amp#27;[90m&amp#27;[39m
&amp#27;[35m[HTTP]&amp#27;[39m &amp#27;[37m-->&amp#27;[39m &amp#27;[37mGET&amp#27;[39m &amp#27;[37m/wd/hub/session/21ee7e2f-907f-44f3-9d10-e81ecd1af3f2/element/ad002ba7-fc39-4d08-b0a1-7201862e713a/enabled&amp#27;[39m
&amp#27;[35m[HTTP]&amp#27;[39m &amp#27;[90m{}&amp#27;[39m
[debug] &amp#27;[35m[W3C (21ee7e2f)]&amp#27;[39m Calling AppiumDriver.elementEnabled() with args: ["ad002ba7-fc39-4d08-b0a1-7201862e713a","21ee7e2f-907f-44f3-9d10-e81ecd1af3f2"]
[debug] &amp#27;[35m[WD Proxy]&amp#27;[39m Matched '/element/ad002ba7-fc39-4d08-b0a1-7201862e713a/attribute/enabled' to command name 'getAttribute'
[debug] &amp#27;[35m[WD Proxy]&amp#27;[39m Proxying [GET /element/ad002ba7-fc39-4d08-b0a1-7201862e713a/attribute/enabled] to [GET http://127.0.0.1:8212/wd/hub/session/efc5b3ad-1659-48e3-8dd2-c2033ff8014a/element/ad002ba7-fc39-4d08-b0a1-7201862e713a/attribute/enabled] with no body
[debug] &amp#27;[35m[WD Proxy]&amp#27;[39m Got response with status 200: {"sessionId":"efc5b3ad-1659-48e3-8dd2-c2033ff8014a","value":"true"}
[debug] &amp#27;[35m[W3C (21ee7e2f)]&amp#27;[39m Responding to client with driver.elementEnabled() result: true
&amp#27;[35m[HTTP]&amp#27;[39m &amp#27;[37m<-- GET /wd/hub/session/21ee7e2f-907f-44f3-9d10-e81ecd1af3f2/element/ad002ba7-fc39-4d08-b0a1-7201862e713a/enabled &amp#27;[39m&amp#27;[32m200&amp#27;[39m &amp#27;[90m13 ms - 14&amp#27;[39m
&amp#27;[35m[HTTP]&amp#27;[39m &amp#27;[90m&amp#27;[39m
&amp#27;[35m[HTTP]&amp#27;[39m &amp#27;[37m-->&amp#27;[39m &amp#27;[37mPOST&amp#27;[39m &amp#27;[37m/wd/hub/session/21ee7e2f-907f-44f3-9d10-e81ecd1af3f2/timeouts&amp#27;[39m
&amp#27;[35m[HTTP]&amp#27;[39m &amp#27;[90m{"implicit":10000}&amp#27;[39m
[debug] &amp#27;[35m[W3C (21ee7e2f)]&amp#27;[39m Calling AppiumDriver.timeouts() with args: [null,null,null,null,10000,"21ee7e2f-907f-44f3-9d10-e81ecd1af3f2"]
[debug] &amp#27;[35m[BaseDriver]&amp#27;[39m W3C timeout argument: {"implicit":10000}}
[debug] &amp#27;[35m[BaseDriver]&amp#27;[39m Set implicit wait to 10000ms
[debug] &amp#27;[35m[W3C (21ee7e2f)]&amp#27;[39m Responding to client with driver.timeouts() result: null
&amp#27;[35m[HTTP]&amp#27;[39m &amp#27;[37m<-- POST /wd/hub/session/21ee7e2f-907f-44f3-9d10-e81ecd1af3f2/timeouts &amp#27;[39m&amp#27;[32m200&amp#27;[39m &amp#27;[90m3 ms - 14&amp#27;[39m
&amp#27;[35m[HTTP]&amp#27;[39m &amp#27;[90m&amp#27;[39m
&amp#27;[35m[HTTP]&amp#27;[39m &amp#27;[37m-->&amp#27;[39m &amp#27;[37mGET&amp#27;[39m &amp#27;[37m/wd/hub/session/21ee7e2f-907f-44f3-9d10-e81ecd1af3f2&amp#27;[39m
&amp#27;[35m[HTTP]&amp#27;[39m &amp#27;[90m{}&amp#27;[39m
[debug] &amp#27;[35m[W3C (21ee7e2f)]&amp#27;[39m Calling AppiumDriver.getSession() with args: ["21ee7e2f-907f-44f3-9d10-e81ecd1af3f2"]
[debug] &amp#27;[35m[UiAutomator2]&amp#27;[39m Getting session details from server to mix in
[debug] &amp#27;[35m[WD Proxy]&amp#27;[39m Matched '/' to command name 'getSession'
[debug] &amp#27;[35m[WD Proxy]&amp#27;[39m Proxying [GET /] to [GET http://127.0.0.1:8212/wd/hub/session/efc5b3ad-1659-48e3-8dd2-c2033ff8014a] with no body
[debug] &amp#27;[35m[WD Proxy]&amp#27;[39m Got response with status 200: {"sessionId":"efc5b3ad-1659-48e3-8dd2-c2033ff8014a","value":{"lastScrollData":null}}
[debug] &amp#27;[35m[W3C (21ee7e2f)]&amp#27;[39m Responding to client with driver.getSession() result: {"platform":"LINUX","webStorageEnabled":false,"takesScreenshot":true,"javascriptEnabled":true,"databaseEnabled":false,"networkConnectionEnabled":true,"locationContextEnabled":false,"warnings":{},"desired":{"platformName":"android","app":"C:\\Users\\Anis\\eclipse-workspace\\Appium\\src\\ApiDemos-debug.apk","deviceName":"Redmi","newCommandTimeout":14},"platformName":"android","app":"C:\\Users\\Anis\\eclipse-workspace\\Appium\\src\\ApiDemos-debug.apk","deviceName":"55272e729804","newCommandTimeout":14,"deviceUDID":"55272e729804","appPackage":"io.appium.android.apis","deviceApiLevel":24,"platformVersion":"7.0","deviceScreenSize":"1080x1920","deviceScreenDensity":480,"deviceModel":"Redmi Note 4","deviceManufacturer":"Xiaomi","pixelRatio":3,"statBarHeight":72,"viewportRect":{"left":0,"top":72,"width":1080,"height":1848},"lastScrollData":null}
&amp#27;[35m[HTTP]&amp#27;[39m &amp#27;[37m<-- GET /wd/hub/session/21ee7e2f-907f-44f3-9d10-e81ecd1af3f2 &amp#27;[39m&amp#27;[32m200&amp#27;[39m &amp#27;[90m9 ms - 858&amp#27;[39m
&amp#27;[35m[HTTP]&amp#27;[39m &amp#27;[90m&amp#27;[39m
&amp#27;[35m[HTTP]&amp#27;[39m &amp#27;[37m-->&amp#27;[39m &amp#27;[37mPOST&amp#27;[39m &amp#27;[37m/wd/hub/session/21ee7e2f-907f-44f3-9d10-e81ecd1af3f2/element&amp#27;[39m
&amp#27;[35m[HTTP]&amp#27;[39m &amp#27;[90m{"using":"xpath","value":"//android.widget.TextView[@text='3. Preference dependencies']"}&amp#27;[39m
[debug] &amp#27;[35m[W3C (21ee7e2f)]&amp#27;[39m Calling AppiumDriver.findElement() with args: ["xpath","//android.widget.TextView[@text='3. Preference dependencies']","21ee7e2f-907f-44f3-9d10-e81ecd1af3f2"]
[debug] &amp#27;[35m[BaseDriver]&amp#27;[39m Valid locator strategies for this request: xpath, id, class name, accessibility id, css selector, -android uiautomator
[debug] &amp#27;[35m[BaseDriver]&amp#27;[39m Waiting up to 10000 ms for condition
[debug] &amp#27;[35m[WD Proxy]&amp#27;[39m Matched '/element' to command name 'findElement'
[debug] &amp#27;[35m[WD Proxy]&amp#27;[39m Proxying [POST /element] to [POST http://127.0.0.1:8212/wd/hub/session/efc5b3ad-1659-48e3-8dd2-c2033ff8014a/element] with body: {"strategy":"xpath","selector":"//android.widget.TextView[@text='3. Preference dependencies']","context":"","multiple":false}
[debug] &amp#27;[35m[WD Proxy]&amp#27;[39m Got response with status 200: {"sessionId":"efc5b3ad-1659-48e3-8dd2-c2033ff8014a","value":{"ELEMENT":"4624b487-a69b-48c0-aa5a-572b103d84e2","element-6066-11e4-a52e-4f735466cecf":"4624b487-a69b-48c0-aa5a-572b103d84e2"}}
[debug] &amp#27;[35m[W3C (21ee7e2f)]&amp#27;[39m Responding to client with driver.findElement() result: {"element-6066-11e4-a52e-4f735466cecf":"4624b487-a69b-48c0-aa5a-572b103d84e2","ELEMENT":"4624b487-a69b-48c0-aa5a-572b103d84e2"}
&amp#27;[35m[HTTP]&amp#27;[39m &amp#27;[37m<-- POST /wd/hub/session/21ee7e2f-907f-44f3-9d10-e81ecd1af3f2/element &amp#27;[39m&amp#27;[32m200&amp#27;[39m &amp#27;[90m39 ms - 137&amp#27;[39m
&amp#27;[35m[HTTP]&amp#27;[39m &amp#27;[90m&amp#27;[39m
&amp#27;[35m[HTTP]&amp#27;[39m &amp#27;[37m-->&amp#27;[39m &amp#27;[37mPOST&amp#27;[39m &amp#27;[37m/wd/hub/session/21ee7e2f-907f-44f3-9d10-e81ecd1af3f2/element/4624b487-a69b-48c0-aa5a-572b103d84e2/click&amp#27;[39m
&amp#27;[35m[HTTP]&amp#27;[39m &amp#27;[90m{"id":"4624b487-a69b-48c0-aa5a-572b103d84e2"}&amp#27;[39m
[debug] &amp#27;[35m[W3C (21ee7e2f)]&amp#27;[39m Calling AppiumDriver.click() with args: ["4624b487-a69b-48c0-aa5a-572b103d84e2","21ee7e2f-907f-44f3-9d10-e81ecd1af3f2"]
[debug] &amp#27;[35m[WD Proxy]&amp#27;[39m Matched '/element/4624b487-a69b-48c0-aa5a-572b103d84e2/click' to command name 'click'
[debug] &amp#27;[35m[WD Proxy]&amp#27;[39m Proxying [POST /element/4624b487-a69b-48c0-aa5a-572b103d84e2/click] to [POST http://127.0.0.1:8212/wd/hub/session/efc5b3ad-1659-48e3-8dd2-c2033ff8014a/element/4624b487-a69b-48c0-aa5a-572b103d84e2/click] with body: {"element":"4624b487-a69b-48c0-aa5a-572b103d84e2"}
[debug] &amp#27;[35m[WD Proxy]&amp#27;[39m Got response with status 200: {"sessionId":"efc5b3ad-1659-48e3-8dd2-c2033ff8014a","value":null}
[debug] &amp#27;[35m[W3C (21ee7e2f)]&amp#27;[39m Responding to client with driver.click() result: null
&amp#27;[35m[HTTP]&amp#27;[39m &amp#27;[37m<-- POST /wd/hub/session/21ee7e2f-907f-44f3-9d10-e81ecd1af3f2/element/4624b487-a69b-48c0-aa5a-572b103d84e2/click &amp#27;[39m&amp#27;[32m200&amp#27;[39m &amp#27;[90m1400 ms - 14&amp#27;[39m
&amp#27;[35m[HTTP]&amp#27;[39m &amp#27;[90m&amp#27;[39m
[INFO ] 2021-06-18 15:55:06.777 [main] ExplicitWait - Waiting for element to be visible: Located by By.chained({By.id: android:id/checkbox})
[INFO ] 2021-06-18 15:55:06.778 [main] ExplicitWait - Waiting for element to be visible: Located by By.chained({By.id: android:id/checkbox})
&amp#27;[35m[HTTP]&amp#27;[39m &amp#27;[37m-->&amp#27;[39m &amp#27;[37mPOST&amp#27;[39m &amp#27;[37m/wd/hub/session/21ee7e2f-907f-44f3-9d10-e81ecd1af3f2/timeouts&amp#27;[39m
&amp#27;[35m[HTTP]&amp#27;[39m &amp#27;[90m{"implicit":0}&amp#27;[39m
[debug] &amp#27;[35m[W3C (21ee7e2f)]&amp#27;[39m Calling AppiumDriver.timeouts() with args: [null,null,null,null,0,"21ee7e2f-907f-44f3-9d10-e81ecd1af3f2"]
[debug] &amp#27;[35m[BaseDriver]&amp#27;[39m W3C timeout argument: {"implicit":0}}
[debug] &amp#27;[35m[BaseDriver]&amp#27;[39m Set implicit wait to 0ms
[debug] &amp#27;[35m[W3C (21ee7e2f)]&amp#27;[39m Responding to client with driver.timeouts() result: null
&amp#27;[35m[HTTP]&amp#27;[39m &amp#27;[37m<-- POST /wd/hub/session/21ee7e2f-907f-44f3-9d10-e81ecd1af3f2/timeouts &amp#27;[39m&amp#27;[32m200&amp#27;[39m &amp#27;[90m3 ms - 14&amp#27;[39m
&amp#27;[35m[HTTP]&amp#27;[39m &amp#27;[90m&amp#27;[39m
&amp#27;[35m[HTTP]&amp#27;[39m &amp#27;[37m-->&amp#27;[39m &amp#27;[37mGET&amp#27;[39m &amp#27;[37m/wd/hub/session/21ee7e2f-907f-44f3-9d10-e81ecd1af3f2&amp#27;[39m
&amp#27;[35m[HTTP]&amp#27;[39m &amp#27;[90m{}&amp#27;[39m
[debug] &amp#27;[35m[W3C (21ee7e2f)]&amp#27;[39m Calling AppiumDriver.getSession() with args: ["21ee7e2f-907f-44f3-9d10-e81ecd1af3f2"]
[debug] &amp#27;[35m[UiAutomator2]&amp#27;[39m Getting session details from server to mix in
[debug] &amp#27;[35m[WD Proxy]&amp#27;[39m Matched '/' to command name 'getSession'
[debug] &amp#27;[35m[WD Proxy]&amp#27;[39m Proxying [GET /] to [GET http://127.0.0.1:8212/wd/hub/session/efc5b3ad-1659-48e3-8dd2-c2033ff8014a] with no body
[debug] &amp#27;[35m[WD Proxy]&amp#27;[39m Got response with status 200: {"sessionId":"efc5b3ad-1659-48e3-8dd2-c2033ff8014a","value":{"lastScrollData":null}}
[debug] &amp#27;[35m[W3C (21ee7e2f)]&amp#27;[39m Responding to client with driver.getSession() result: {"platform":"LINUX","webStorageEnabled":false,"takesScreenshot":true,"javascriptEnabled":true,"databaseEnabled":false,"networkConnectionEnabled":true,"locationContextEnabled":false,"warnings":{},"desired":{"platformName":"android","app":"C:\\Users\\Anis\\eclipse-workspace\\Appium\\src\\ApiDemos-debug.apk","deviceName":"Redmi","newCommandTimeout":14},"platformName":"android","app":"C:\\Users\\Anis\\eclipse-workspace\\Appium\\src\\ApiDemos-debug.apk","deviceName":"55272e729804","newCommandTimeout":14,"deviceUDID":"55272e729804","appPackage":"io.appium.android.apis","deviceApiLevel":24,"platformVersion":"7.0","deviceScreenSize":"1080x1920","deviceScreenDensity":480,"deviceModel":"Redmi Note 4","deviceManufacturer":"Xiaomi","pixelRatio":3,"statBarHeight":72,"viewportRect":{"left":0,"top":72,"width":1080,"height":1848},"lastScrollData":null}
&amp#27;[35m[HTTP]&amp#27;[39m &amp#27;[37m<-- GET /wd/hub/session/21ee7e2f-907f-44f3-9d10-e81ecd1af3f2 &amp#27;[39m&amp#27;[32m200&amp#27;[39m &amp#27;[90m10 ms - 858&amp#27;[39m
&amp#27;[35m[HTTP]&amp#27;[39m &amp#27;[90m&amp#27;[39m
&amp#27;[35m[HTTP]&amp#27;[39m &amp#27;[37m-->&amp#27;[39m &amp#27;[37mPOST&amp#27;[39m &amp#27;[37m/wd/hub/session/21ee7e2f-907f-44f3-9d10-e81ecd1af3f2/element&amp#27;[39m
&amp#27;[35m[HTTP]&amp#27;[39m &amp#27;[90m{"using":"id","value":"android:id/checkbox"}&amp#27;[39m
[debug] &amp#27;[35m[W3C (21ee7e2f)]&amp#27;[39m Calling AppiumDriver.findElement() with args: ["id","android:id/checkbox","21ee7e2f-907f-44f3-9d10-e81ecd1af3f2"]
[debug] &amp#27;[35m[BaseDriver]&amp#27;[39m Valid locator strategies for this request: xpath, id, class name, accessibility id, css selector, -android uiautomator
[debug] &amp#27;[35m[BaseDriver]&amp#27;[39m Waiting up to 0 ms for condition
[debug] &amp#27;[35m[WD Proxy]&amp#27;[39m Matched '/element' to command name 'findElement'
[debug] &amp#27;[35m[WD Proxy]&amp#27;[39m Proxying [POST /element] to [POST http://127.0.0.1:8212/wd/hub/session/efc5b3ad-1659-48e3-8dd2-c2033ff8014a/element] with body: {"strategy":"id","selector":"android:id/checkbox","context":"","multiple":false}
[debug] &amp#27;[35m[WD Proxy]&amp#27;[39m Got response with status 200: {"sessionId":"efc5b3ad-1659-48e3-8dd2-c2033ff8014a","value":{"ELEMENT":"e0de720c-9c25-4103-8b92-c471cf8c27a4","element-6066-11e4-a52e-4f735466cecf":"e0de720c-9c25-4103-8b92-c471cf8c27a4"}}
[debug] &amp#27;[35m[W3C (21ee7e2f)]&amp#27;[39m Responding to client with driver.findElement() result: {"element-6066-11e4-a52e-4f735466cecf":"e0de720c-9c25-4103-8b92-c471cf8c27a4","ELEMENT":"e0de720c-9c25-4103-8b92-c471cf8c27a4"}
&amp#27;[35m[HTTP]&amp#27;[39m &amp#27;[37m<-- POST /wd/hub/session/21ee7e2f-907f-44f3-9d10-e81ecd1af3f2/element &amp#27;[39m&amp#27;[32m200&amp#27;[39m &amp#27;[90m30 ms - 137&amp#27;[39m
&amp#27;[35m[HTTP]&amp#27;[39m &amp#27;[90m&amp#27;[39m
&amp#27;[35m[HTTP]&amp#27;[39m &amp#27;[37m-->&amp#27;[39m &amp#27;[37mGET&amp#27;[39m &amp#27;[37m/wd/hub/session/21ee7e2f-907f-44f3-9d10-e81ecd1af3f2/element/e0de720c-9c25-4103-8b92-c471cf8c27a4/displayed&amp#27;[39m
&amp#27;[35m[HTTP]&amp#27;[39m &amp#27;[90m{}&amp#27;[39m
[debug] &amp#27;[35m[W3C (21ee7e2f)]&amp#27;[39m Calling AppiumDriver.elementDisplayed() with args: ["e0de720c-9c25-4103-8b92-c471cf8c27a4","21ee7e2f-907f-44f3-9d10-e81ecd1af3f2"]
[debug] &amp#27;[35m[WD Proxy]&amp#27;[39m Matched '/element/e0de720c-9c25-4103-8b92-c471cf8c27a4/attribute/displayed' to command name 'getAttribute'
[debug] &amp#27;[35m[WD Proxy]&amp#27;[39m Proxying [GET /element/e0de720c-9c25-4103-8b92-c471cf8c27a4/attribute/displayed] to [GET http://127.0.0.1:8212/wd/hub/session/efc5b3ad-1659-48e3-8dd2-c2033ff8014a/element/e0de720c-9c25-4103-8b92-c471cf8c27a4/attribute/displayed] with no body
[debug] &amp#27;[35m[WD Proxy]&amp#27;[39m Got response with status 200: {"sessionId":"efc5b3ad-1659-48e3-8dd2-c2033ff8014a","value":"true"}
[debug] &amp#27;[35m[W3C (21ee7e2f)]&amp#27;[39m Responding to client with driver.elementDisplayed() result: true
&amp#27;[35m[HTTP]&amp#27;[39m &amp#27;[37m<-- GET /wd/hub/session/21ee7e2f-907f-44f3-9d10-e81ecd1af3f2/element/e0de720c-9c25-4103-8b92-c471cf8c27a4/displayed &amp#27;[39m&amp#27;[32m200&amp#27;[39m &amp#27;[90m15 ms - 14&amp#27;[39m
&amp#27;[35m[HTTP]&amp#27;[39m &amp#27;[90m&amp#27;[39m
&amp#27;[35m[HTTP]&amp#27;[39m &amp#27;[37m-->&amp#27;[39m &amp#27;[37mPOST&amp#27;[39m &amp#27;[37m/wd/hub/session/21ee7e2f-907f-44f3-9d10-e81ecd1af3f2/timeouts&amp#27;[39m
&amp#27;[35m[HTTP]&amp#27;[39m &amp#27;[90m{"implicit":10000}&amp#27;[39m
[debug] &amp#27;[35m[W3C (21ee7e2f)]&amp#27;[39m Calling AppiumDriver.timeouts() with args: [null,null,null,null,10000,"21ee7e2f-907f-44f3-9d10-e81ecd1af3f2"]
[debug] &amp#27;[35m[BaseDriver]&amp#27;[39m W3C timeout argument: {"implicit":10000}}
[debug] &amp#27;[35m[BaseDriver]&amp#27;[39m Set implicit wait to 10000ms
[debug] &amp#27;[35m[W3C (21ee7e2f)]&amp#27;[39m Responding to client with driver.timeouts() result: null
&amp#27;[35m[HTTP]&amp#27;[39m &amp#27;[37m<-- POST /wd/hub/session/21ee7e2f-907f-44f3-9d10-e81ecd1af3f2/timeouts &amp#27;[39m&amp#27;[32m200&amp#27;[39m &amp#27;[90m3 ms - 14&amp#27;[39m
&amp#27;[35m[HTTP]&amp#27;[39m &amp#27;[90m&amp#27;[39m
[INFO ] 2021-06-18 15:55:06.883 [main] Preferences - Clicks The Checkbox
[INFO ] 2021-06-18 15:55:06.883 [main] ExplicitWait - Waiting for element to be clickable: Located by By.chained({By.id: android:id/checkbox})
&amp#27;[35m[HTTP]&amp#27;[39m &amp#27;[37m-->&amp#27;[39m &amp#27;[37mPOST&amp#27;[39m &amp#27;[37m/wd/hub/session/21ee7e2f-907f-44f3-9d10-e81ecd1af3f2/timeouts&amp#27;[39m
&amp#27;[35m[HTTP]&amp#27;[39m &amp#27;[90m{"implicit":0}&amp#27;[39m
[debug] &amp#27;[35m[W3C (21ee7e2f)]&amp#27;[39m Calling AppiumDriver.timeouts() with args: [null,null,null,null,0,"21ee7e2f-907f-44f3-9d10-e81ecd1af3f2"]
[debug] &amp#27;[35m[BaseDriver]&amp#27;[39m W3C timeout argument: {"implicit":0}}
[debug] &amp#27;[35m[BaseDriver]&amp#27;[39m Set implicit wait to 0ms
[debug] &amp#27;[35m[W3C (21ee7e2f)]&amp#27;[39m Responding to client with driver.timeouts() result: null
&amp#27;[35m[HTTP]&amp#27;[39m &amp#27;[37m<-- POST /wd/hub/session/21ee7e2f-907f-44f3-9d10-e81ecd1af3f2/timeouts &amp#27;[39m&amp#27;[32m200&amp#27;[39m &amp#27;[90m3 ms - 14&amp#27;[39m
&amp#27;[35m[HTTP]&amp#27;[39m &amp#27;[90m&amp#27;[39m
&amp#27;[35m[HTTP]&amp#27;[39m &amp#27;[37m-->&amp#27;[39m &amp#27;[37mGET&amp#27;[39m &amp#27;[37m/wd/hub/session/21ee7e2f-907f-44f3-9d10-e81ecd1af3f2&amp#27;[39m
&amp#27;[35m[HTTP]&amp#27;[39m &amp#27;[90m{}&amp#27;[39m
[debug] &amp#27;[35m[W3C (21ee7e2f)]&amp#27;[39m Calling AppiumDriver.getSession() with args: ["21ee7e2f-907f-44f3-9d10-e81ecd1af3f2"]
[debug] &amp#27;[35m[UiAutomator2]&amp#27;[39m Getting session details from server to mix in
[debug] &amp#27;[35m[WD Proxy]&amp#27;[39m Matched '/' to command name 'getSession'
[debug] &amp#27;[35m[WD Proxy]&amp#27;[39m Proxying [GET /] to [GET http://127.0.0.1:8212/wd/hub/session/efc5b3ad-1659-48e3-8dd2-c2033ff8014a] with no body
[debug] &amp#27;[35m[WD Proxy]&amp#27;[39m Got response with status 200: {"sessionId":"efc5b3ad-1659-48e3-8dd2-c2033ff8014a","value":{"lastScrollData":null}}
[debug] &amp#27;[35m[W3C (21ee7e2f)]&amp#27;[39m Responding to client with driver.getSession() result: {"platform":"LINUX","webStorageEnabled":false,"takesScreenshot":true,"javascriptEnabled":true,"databaseEnabled":false,"networkConnectionEnabled":true,"locationContextEnabled":false,"warnings":{},"desired":{"platformName":"android","app":"C:\\Users\\Anis\\eclipse-workspace\\Appium\\src\\ApiDemos-debug.apk","deviceName":"Redmi","newCommandTimeout":14},"platformName":"android","app":"C:\\Users\\Anis\\eclipse-workspace\\Appium\\src\\ApiDemos-debug.apk","deviceName":"55272e729804","newCommandTimeout":14,"deviceUDID":"55272e729804","appPackage":"io.appium.android.apis","deviceApiLevel":24,"platformVersion":"7.0","deviceScreenSize":"1080x1920","deviceScreenDensity":480,"deviceModel":"Redmi Note 4","deviceManufacturer":"Xiaomi","pixelRatio":3,"statBarHeight":72,"viewportRect":{"left":0,"top":72,"width":1080,"height":1848},"lastScrollData":null}
&amp#27;[35m[HTTP]&amp#27;[39m &amp#27;[37m<-- GET /wd/hub/session/21ee7e2f-907f-44f3-9d10-e81ecd1af3f2 &amp#27;[39m&amp#27;[32m200&amp#27;[39m &amp#27;[90m10 ms - 858&amp#27;[39m
&amp#27;[35m[HTTP]&amp#27;[39m &amp#27;[90m&amp#27;[39m
&amp#27;[35m[HTTP]&amp#27;[39m &amp#27;[37m-->&amp#27;[39m &amp#27;[37mPOST&amp#27;[39m &amp#27;[37m/wd/hub/session/21ee7e2f-907f-44f3-9d10-e81ecd1af3f2/element&amp#27;[39m
&amp#27;[35m[HTTP]&amp#27;[39m &amp#27;[90m{"using":"id","value":"android:id/checkbox"}&amp#27;[39m
[debug] &amp#27;[35m[W3C (21ee7e2f)]&amp#27;[39m Calling AppiumDriver.findElement() with args: ["id","android:id/checkbox","21ee7e2f-907f-44f3-9d10-e81ecd1af3f2"]
[debug] &amp#27;[35m[BaseDriver]&amp#27;[39m Valid locator strategies for this request: xpath, id, class name, accessibility id, css selector, -android uiautomator
[debug] &amp#27;[35m[BaseDriver]&amp#27;[39m Waiting up to 0 ms for condition
[debug] &amp#27;[35m[WD Proxy]&amp#27;[39m Matched '/element' to command name 'findElement'
[debug] &amp#27;[35m[WD Proxy]&amp#27;[39m Proxying [POST /element] to [POST http://127.0.0.1:8212/wd/hub/session/efc5b3ad-1659-48e3-8dd2-c2033ff8014a/element] with body: {"strategy":"id","selector":"android:id/checkbox","context":"","multiple":false}
[debug] &amp#27;[35m[WD Proxy]&amp#27;[39m Got response with status 200: {"sessionId":"efc5b3ad-1659-48e3-8dd2-c2033ff8014a","value":{"ELEMENT":"9f815aff-0f0b-415e-9701-ea8628453736","element-6066-11e4-a52e-4f735466cecf":"9f815aff-0f0b-415e-9701-ea8628453736"}}
[debug] &amp#27;[35m[W3C (21ee7e2f)]&amp#27;[39m Responding to client with driver.findElement() result: {"element-6066-11e4-a52e-4f735466cecf":"9f815aff-0f0b-415e-9701-ea8628453736","ELEMENT":"9f815aff-0f0b-415e-9701-ea8628453736"}
&amp#27;[35m[HTTP]&amp#27;[39m &amp#27;[37m<-- POST /wd/hub/session/21ee7e2f-907f-44f3-9d10-e81ecd1af3f2/element &amp#27;[39m&amp#27;[32m200&amp#27;[39m &amp#27;[90m23 ms - 137&amp#27;[39m
&amp#27;[35m[HTTP]&amp#27;[39m &amp#27;[90m&amp#27;[39m
&amp#27;[35m[HTTP]&amp#27;[39m &amp#27;[37m-->&amp#27;[39m &amp#27;[37mGET&amp#27;[39m &amp#27;[37m/wd/hub/session/21ee7e2f-907f-44f3-9d10-e81ecd1af3f2/element/9f815aff-0f0b-415e-9701-ea8628453736/displayed&amp#27;[39m
&amp#27;[35m[HTTP]&amp#27;[39m &amp#27;[90m{}&amp#27;[39m
[debug] &amp#27;[35m[W3C (21ee7e2f)]&amp#27;[39m Calling AppiumDriver.elementDisplayed() with args: ["9f815aff-0f0b-415e-9701-ea8628453736","21ee7e2f-907f-44f3-9d10-e81ecd1af3f2"]
[debug] &amp#27;[35m[WD Proxy]&amp#27;[39m Matched '/element/9f815aff-0f0b-415e-9701-ea8628453736/attribute/displayed' to command name 'getAttribute'
[debug] &amp#27;[35m[WD Proxy]&amp#27;[39m Proxying [GET /element/9f815aff-0f0b-415e-9701-ea8628453736/attribute/displayed] to [GET http://127.0.0.1:8212/wd/hub/session/efc5b3ad-1659-48e3-8dd2-c2033ff8014a/element/9f815aff-0f0b-415e-9701-ea8628453736/attribute/displayed] with no body
[debug] &amp#27;[35m[WD Proxy]&amp#27;[39m Got response with status 200: {"sessionId":"efc5b3ad-1659-48e3-8dd2-c2033ff8014a","value":"true"}
[debug] &amp#27;[35m[W3C (21ee7e2f)]&amp#27;[39m Responding to client with driver.elementDisplayed() result: true
&amp#27;[35m[HTTP]&amp#27;[39m &amp#27;[37m<-- GET /wd/hub/session/21ee7e2f-907f-44f3-9d10-e81ecd1af3f2/element/9f815aff-0f0b-415e-9701-ea8628453736/displayed &amp#27;[39m&amp#27;[32m200&amp#27;[39m &amp#27;[90m14 ms - 14&amp#27;[39m
&amp#27;[35m[HTTP]&amp#27;[39m &amp#27;[90m&amp#27;[39m
&amp#27;[35m[HTTP]&amp#27;[39m &amp#27;[37m-->&amp#27;[39m &amp#27;[37mGET&amp#27;[39m &amp#27;[37m/wd/hub/session/21ee7e2f-907f-44f3-9d10-e81ecd1af3f2&amp#27;[39m
&amp#27;[35m[HTTP]&amp#27;[39m &amp#27;[90m{}&amp#27;[39m
[debug] &amp#27;[35m[W3C (21ee7e2f)]&amp#27;[39m Calling AppiumDriver.getSession() with args: ["21ee7e2f-907f-44f3-9d10-e81ecd1af3f2"]
[debug] &amp#27;[35m[UiAutomator2]&amp#27;[39m Getting session details from server to mix in
[debug] &amp#27;[35m[WD Proxy]&amp#27;[39m Matched '/' to command name 'getSession'
[debug] &amp#27;[35m[WD Proxy]&amp#27;[39m Proxying [GET /] to [GET http://127.0.0.1:8212/wd/hub/session/efc5b3ad-1659-48e3-8dd2-c2033ff8014a] with no body
[debug] &amp#27;[35m[WD Proxy]&amp#27;[39m Got response with status 200: {"sessionId":"efc5b3ad-1659-48e3-8dd2-c2033ff8014a","value":{"lastScrollData":null}}
[debug] &amp#27;[35m[W3C (21ee7e2f)]&amp#27;[39m Responding to client with driver.getSession() result: {"platform":"LINUX","webStorageEnabled":false,"takesScreenshot":true,"javascriptEnabled":true,"databaseEnabled":false,"networkConnectionEnabled":true,"locationContextEnabled":false,"warnings":{},"desired":{"platformName":"android","app":"C:\\Users\\Anis\\eclipse-workspace\\Appium\\src\\ApiDemos-debug.apk","deviceName":"Redmi","newCommandTimeout":14},"platformName":"android","app":"C:\\Users\\Anis\\eclipse-workspace\\Appium\\src\\ApiDemos-debug.apk","deviceName":"55272e729804","newCommandTimeout":14,"deviceUDID":"55272e729804","appPackage":"io.appium.android.apis","deviceApiLevel":24,"platformVersion":"7.0","deviceScreenSize":"1080x1920","deviceScreenDensity":480,"deviceModel":"Redmi Note 4","deviceManufacturer":"Xiaomi","pixelRatio":3,"statBarHeight":72,"viewportRect":{"left":0,"top":72,"width":1080,"height":1848},"lastScrollData":null}
&amp#27;[35m[HTTP]&amp#27;[39m &amp#27;[37m<-- GET /wd/hub/session/21ee7e2f-907f-44f3-9d10-e81ecd1af3f2 &amp#27;[39m&amp#27;[32m200&amp#27;[39m &amp#27;[90m10 ms - 858&amp#27;[39m
&amp#27;[35m[HTTP]&amp#27;[39m &amp#27;[90m&amp#27;[39m
&amp#27;[35m[HTTP]&amp#27;[39m &amp#27;[37m-->&amp#27;[39m &amp#27;[37mPOST&amp#27;[39m &amp#27;[37m/wd/hub/session/21ee7e2f-907f-44f3-9d10-e81ecd1af3f2/element&amp#27;[39m
&amp#27;[35m[HTTP]&amp#27;[39m &amp#27;[90m{"using":"id","value":"android:id/checkbox"}&amp#27;[39m
[debug] &amp#27;[35m[W3C (21ee7e2f)]&amp#27;[39m Calling AppiumDriver.findElement() with args: ["id","android:id/checkbox","21ee7e2f-907f-44f3-9d10-e81ecd1af3f2"]
[debug] &amp#27;[35m[BaseDriver]&amp#27;[39m Valid locator strategies for this request: xpath, id, class name, accessibility id, css selector, -android uiautomator
[debug] &amp#27;[35m[BaseDriver]&amp#27;[39m Waiting up to 0 ms for condition
[debug] &amp#27;[35m[WD Proxy]&amp#27;[39m Matched '/element' to command name 'findElement'
[debug] &amp#27;[35m[WD Proxy]&amp#27;[39m Proxying [POST /element] to [POST http://127.0.0.1:8212/wd/hub/session/efc5b3ad-1659-48e3-8dd2-c2033ff8014a/element] with body: {"strategy":"id","selector":"android:id/checkbox","context":"","multiple":false}
[debug] &amp#27;[35m[WD Proxy]&amp#27;[39m Got response with status 200: {"sessionId":"efc5b3ad-1659-48e3-8dd2-c2033ff8014a","value":{"ELEMENT":"89b44250-0eb0-4476-a3b5-64c304039440","element-6066-11e4-a52e-4f735466cecf":"89b44250-0eb0-4476-a3b5-64c304039440"}}
[debug] &amp#27;[35m[W3C (21ee7e2f)]&amp#27;[39m Responding to client with driver.findElement() result: {"element-6066-11e4-a52e-4f735466cecf":"89b44250-0eb0-4476-a3b5-64c304039440","ELEMENT":"89b44250-0eb0-4476-a3b5-64c304039440"}
&amp#27;[35m[HTTP]&amp#27;[39m &amp#27;[37m<-- POST /wd/hub/session/21ee7e2f-907f-44f3-9d10-e81ecd1af3f2/element &amp#27;[39m&amp#27;[32m200&amp#27;[39m &amp#27;[90m25 ms - 137&amp#27;[39m
&amp#27;[35m[HTTP]&amp#27;[39m &amp#27;[90m&amp#27;[39m
&amp#27;[35m[HTTP]&amp#27;[39m &amp#27;[37m-->&amp#27;[39m &amp#27;[37mGET&amp#27;[39m &amp#27;[37m/wd/hub/session/21ee7e2f-907f-44f3-9d10-e81ecd1af3f2/element/89b44250-0eb0-4476-a3b5-64c304039440/enabled&amp#27;[39m
&amp#27;[35m[HTTP]&amp#27;[39m &amp#27;[90m{}&amp#27;[39m
[debug] &amp#27;[35m[W3C (21ee7e2f)]&amp#27;[39m Calling AppiumDriver.elementEnabled() with args: ["89b44250-0eb0-4476-a3b5-64c304039440","21ee7e2f-907f-44f3-9d10-e81ecd1af3f2"]
[debug] &amp#27;[35m[WD Proxy]&amp#27;[39m Matched '/element/89b44250-0eb0-4476-a3b5-64c304039440/attribute/enabled' to command name 'getAttribute'
[debug] &amp#27;[35m[WD Proxy]&amp#27;[39m Proxying [GET /element/89b44250-0eb0-4476-a3b5-64c304039440/attribute/enabled] to [GET http://127.0.0.1:8212/wd/hub/session/efc5b3ad-1659-48e3-8dd2-c2033ff8014a/element/89b44250-0eb0-4476-a3b5-64c304039440/attribute/enabled] with no body
[debug] &amp#27;[35m[WD Proxy]&amp#27;[39m Got response with status 200: {"sessionId":"efc5b3ad-1659-48e3-8dd2-c2033ff8014a","value":"true"}
[debug] &amp#27;[35m[W3C (21ee7e2f)]&amp#27;[39m Responding to client with driver.elementEnabled() result: true
&amp#27;[35m[HTTP]&amp#27;[39m &amp#27;[37m<-- GET /wd/hub/session/21ee7e2f-907f-44f3-9d10-e81ecd1af3f2/element/89b44250-0eb0-4476-a3b5-64c304039440/enabled &amp#27;[39m&amp#27;[32m200&amp#27;[39m &amp#27;[90m17 ms - 14&amp#27;[39m
&amp#27;[35m[HTTP]&amp#27;[39m &amp#27;[90m&amp#27;[39m
&amp#27;[35m[HTTP]&amp#27;[39m &amp#27;[37m-->&amp#27;[39m &amp#27;[37mPOST&amp#27;[39m &amp#27;[37m/wd/hub/session/21ee7e2f-907f-44f3-9d10-e81ecd1af3f2/timeouts&amp#27;[39m
&amp#27;[35m[HTTP]&amp#27;[39m &amp#27;[90m{"implicit":10000}&amp#27;[39m
[debug] &amp#27;[35m[W3C (21ee7e2f)]&amp#27;[39m Calling AppiumDriver.timeouts() with args: [null,null,null,null,10000,"21ee7e2f-907f-44f3-9d10-e81ecd1af3f2"]
[debug] &amp#27;[35m[BaseDriver]&amp#27;[39m W3C timeout argument: {"implicit":10000}}
[debug] &amp#27;[35m[BaseDriver]&amp#27;[39m Set implicit wait to 10000ms
[debug] &amp#27;[35m[W3C (21ee7e2f)]&amp#27;[39m Responding to client with driver.timeouts() result: null
&amp#27;[35m[HTTP]&amp#27;[39m &amp#27;[37m<-- POST /wd/hub/session/21ee7e2f-907f-44f3-9d10-e81ecd1af3f2/timeouts &amp#27;[39m&amp#27;[32m200&amp#27;[39m &amp#27;[90m3 ms - 14&amp#27;[39m
&amp#27;[35m[HTTP]&amp#27;[39m &amp#27;[90m&amp#27;[39m
&amp#27;[35m[HTTP]&amp#27;[39m &amp#27;[37m-->&amp#27;[39m &amp#27;[37mGET&amp#27;[39m &amp#27;[37m/wd/hub/session/21ee7e2f-907f-44f3-9d10-e81ecd1af3f2&amp#27;[39m
&amp#27;[35m[HTTP]&amp#27;[39m &amp#27;[90m{}&amp#27;[39m
[debug] &amp#27;[35m[W3C (21ee7e2f)]&amp#27;[39m Calling AppiumDriver.getSession() with args: ["21ee7e2f-907f-44f3-9d10-e81ecd1af3f2"]
[debug] &amp#27;[35m[UiAutomator2]&amp#27;[39m Getting session details from server to mix in
[debug] &amp#27;[35m[WD Proxy]&amp#27;[39m Matched '/' to command name 'getSession'
[debug] &amp#27;[35m[WD Proxy]&amp#27;[39m Proxying [GET /] to [GET http://127.0.0.1:8212/wd/hub/session/efc5b3ad-1659-48e3-8dd2-c2033ff8014a] with no body
[debug] &amp#27;[35m[WD Proxy]&amp#27;[39m Got response with status 200: {"sessionId":"efc5b3ad-1659-48e3-8dd2-c2033ff8014a","value":{"lastScrollData":null}}
[debug] &amp#27;[35m[W3C (21ee7e2f)]&amp#27;[39m Responding to client with driver.getSession() result: {"platform":"LINUX","webStorageEnabled":false,"takesScreenshot":true,"javascriptEnabled":true,"databaseEnabled":false,"networkConnectionEnabled":true,"locationContextEnabled":false,"warnings":{},"desired":{"platformName":"android","app":"C:\\Users\\Anis\\eclipse-workspace\\Appium\\src\\ApiDemos-debug.apk","deviceName":"Redmi","newCommandTimeout":14},"platformName":"android","app":"C:\\Users\\Anis\\eclipse-workspace\\Appium\\src\\ApiDemos-debug.apk","deviceName":"55272e729804","newCommandTimeout":14,"deviceUDID":"55272e729804","appPackage":"io.appium.android.apis","deviceApiLevel":24,"platformVersion":"7.0","deviceScreenSize":"1080x1920","deviceScreenDensity":480,"deviceModel":"Redmi Note 4","deviceManufacturer":"Xiaomi","pixelRatio":3,"statBarHeight":72,"viewportRect":{"left":0,"top":72,"width":1080,"height":1848},"lastScrollData":null}
&amp#27;[35m[HTTP]&amp#27;[39m &amp#27;[37m<-- GET /wd/hub/session/21ee7e2f-907f-44f3-9d10-e81ecd1af3f2 &amp#27;[39m&amp#27;[32m200&amp#27;[39m &amp#27;[90m10 ms - 858&amp#27;[39m
&amp#27;[35m[HTTP]&amp#27;[39m &amp#27;[90m&amp#27;[39m
&amp#27;[35m[HTTP]&amp#27;[39m &amp#27;[37m-->&amp#27;[39m &amp#27;[37mPOST&amp#27;[39m &amp#27;[37m/wd/hub/session/21ee7e2f-907f-44f3-9d10-e81ecd1af3f2/element&amp#27;[39m
&amp#27;[35m[HTTP]&amp#27;[39m &amp#27;[90m{"using":"id","value":"android:id/checkbox"}&amp#27;[39m
[debug] &amp#27;[35m[W3C (21ee7e2f)]&amp#27;[39m Calling AppiumDriver.findElement() with args: ["id","android:id/checkbox","21ee7e2f-907f-44f3-9d10-e81ecd1af3f2"]
[debug] &amp#27;[35m[BaseDriver]&amp#27;[39m Valid locator strategies for this request: xpath, id, class name, accessibility id, css selector, -android uiautomator
[debug] &amp#27;[35m[BaseDriver]&amp#27;[39m Waiting up to 10000 ms for condition
[debug] &amp#27;[35m[WD Proxy]&amp#27;[39m Matched '/element' to command name 'findElement'
[debug] &amp#27;[35m[WD Proxy]&amp#27;[39m Proxying [POST /element] to [POST http://127.0.0.1:8212/wd/hub/session/efc5b3ad-1659-48e3-8dd2-c2033ff8014a/element] with body: {"strategy":"id","selector":"android:id/checkbox","context":"","multiple":false}
[debug] &amp#27;[35m[WD Proxy]&amp#27;[39m Got response with status 200: {"sessionId":"efc5b3ad-1659-48e3-8dd2-c2033ff8014a","value":{"ELEMENT":"37d0fdb1-5913-4670-8df5-11273a06cb6b","element-6066-11e4-a52e-4f735466cecf":"37d0fdb1-5913-4670-8df5-11273a06cb6b"}}
[debug] &amp#27;[35m[W3C (21ee7e2f)]&amp#27;[39m Responding to client with driver.findElement() result: {"element-6066-11e4-a52e-4f735466cecf":"37d0fdb1-5913-4670-8df5-11273a06cb6b","ELEMENT":"37d0fdb1-5913-4670-8df5-11273a06cb6b"}
&amp#27;[35m[HTTP]&amp#27;[39m &amp#27;[37m<-- POST /wd/hub/session/21ee7e2f-907f-44f3-9d10-e81ecd1af3f2/element &amp#27;[39m&amp#27;[32m200&amp#27;[39m &amp#27;[90m23 ms - 137&amp#27;[39m
&amp#27;[35m[HTTP]&amp#27;[39m &amp#27;[90m&amp#27;[39m
&amp#27;[35m[HTTP]&amp#27;[39m &amp#27;[37m-->&amp#27;[39m &amp#27;[37mPOST&amp#27;[39m &amp#27;[37m/wd/hub/session/21ee7e2f-907f-44f3-9d10-e81ecd1af3f2/element/37d0fdb1-5913-4670-8df5-11273a06cb6b/click&amp#27;[39m
&amp#27;[35m[HTTP]&amp#27;[39m &amp#27;[90m{"id":"37d0fdb1-5913-4670-8df5-11273a06cb6b"}&amp#27;[39m
[debug] &amp#27;[35m[W3C (21ee7e2f)]&amp#27;[39m Calling AppiumDriver.click() with args: ["37d0fdb1-5913-4670-8df5-11273a06cb6b","21ee7e2f-907f-44f3-9d10-e81ecd1af3f2"]
[debug] &amp#27;[35m[WD Proxy]&amp#27;[39m Matched '/element/37d0fdb1-5913-4670-8df5-11273a06cb6b/click' to command name 'click'
[debug] &amp#27;[35m[WD Proxy]&amp#27;[39m Proxying [POST /element/37d0fdb1-5913-4670-8df5-11273a06cb6b/click] to [POST http://127.0.0.1:8212/wd/hub/session/efc5b3ad-1659-48e3-8dd2-c2033ff8014a/element/37d0fdb1-5913-4670-8df5-11273a06cb6b/click] with body: {"element":"37d0fdb1-5913-4670-8df5-11273a06cb6b"}
[debug] &amp#27;[35m[WD Proxy]&amp#27;[39m Got response with status 200: {"sessionId":"efc5b3ad-1659-48e3-8dd2-c2033ff8014a","value":null}
[debug] &amp#27;[35m[W3C (21ee7e2f)]&amp#27;[39m Responding to client with driver.click() result: null
&amp#27;[35m[HTTP]&amp#27;[39m &amp#27;[37m<-- POST /wd/hub/session/21ee7e2f-907f-44f3-9d10-e81ecd1af3f2/element/37d0fdb1-5913-4670-8df5-11273a06cb6b/click &amp#27;[39m&amp#27;[32m200&amp#27;[39m &amp#27;[90m717 ms - 14&amp#27;[39m
&amp#27;[35m[HTTP]&amp#27;[39m &amp#27;[90m&amp#27;[39m
[INFO ] 2021-06-18 15:55:07.828 [main] ExplicitWait - Waiting for element to be visible: Located by By.chained({By.xpath: (//android.widget.RelativeLayout)[2]})
[INFO ] 2021-06-18 15:55:07.829 [main] ExplicitWait - Waiting for element to be visible: Located by By.chained({By.xpath: (//android.widget.RelativeLayout)[2]})
&amp#27;[35m[HTTP]&amp#27;[39m &amp#27;[37m-->&amp#27;[39m &amp#27;[37mPOST&amp#27;[39m &amp#27;[37m/wd/hub/session/21ee7e2f-907f-44f3-9d10-e81ecd1af3f2/timeouts&amp#27;[39m
&amp#27;[35m[HTTP]&amp#27;[39m &amp#27;[90m{"implicit":0}&amp#27;[39m
[debug] &amp#27;[35m[W3C (21ee7e2f)]&amp#27;[39m Calling AppiumDriver.timeouts() with args: [null,null,null,null,0,"21ee7e2f-907f-44f3-9d10-e81ecd1af3f2"]
[debug] &amp#27;[35m[BaseDriver]&amp#27;[39m W3C timeout argument: {"implicit":0}}
[debug] &amp#27;[35m[BaseDriver]&amp#27;[39m Set implicit wait to 0ms
[debug] &amp#27;[35m[W3C (21ee7e2f)]&amp#27;[39m Responding to client with driver.timeouts() result: null
&amp#27;[35m[HTTP]&amp#27;[39m &amp#27;[37m<-- POST /wd/hub/session/21ee7e2f-907f-44f3-9d10-e81ecd1af3f2/timeouts &amp#27;[39m&amp#27;[32m200&amp#27;[39m &amp#27;[90m2 ms - 14&amp#27;[39m
&amp#27;[35m[HTTP]&amp#27;[39m &amp#27;[90m&amp#27;[39m
&amp#27;[35m[HTTP]&amp#27;[39m &amp#27;[37m-->&amp#27;[39m &amp#27;[37mGET&amp#27;[39m &amp#27;[37m/wd/hub/session/21ee7e2f-907f-44f3-9d10-e81ecd1af3f2&amp#27;[39m
&amp#27;[35m[HTTP]&amp#27;[39m &amp#27;[90m{}&amp#27;[39m
[debug] &amp#27;[35m[W3C (21ee7e2f)]&amp#27;[39m Calling AppiumDriver.getSession() with args: ["21ee7e2f-907f-44f3-9d10-e81ecd1af3f2"]
[debug] &amp#27;[35m[UiAutomator2]&amp#27;[39m Getting session details from server to mix in
[debug] &amp#27;[35m[WD Proxy]&amp#27;[39m Matched '/' to command name 'getSession'
[debug] &amp#27;[35m[WD Proxy]&amp#27;[39m Proxying [GET /] to [GET http://127.0.0.1:8212/wd/hub/session/efc5b3ad-1659-48e3-8dd2-c2033ff8014a] with no body
[debug] &amp#27;[35m[WD Proxy]&amp#27;[39m Got response with status 200: {"sessionId":"efc5b3ad-1659-48e3-8dd2-c2033ff8014a","value":{"lastScrollData":null}}
[debug] &amp#27;[35m[W3C (21ee7e2f)]&amp#27;[39m Responding to client with driver.getSession() result: {"platform":"LINUX","webStorageEnabled":false,"takesScreenshot":true,"javascriptEnabled":true,"databaseEnabled":false,"networkConnectionEnabled":true,"locationContextEnabled":false,"warnings":{},"desired":{"platformName":"android","app":"C:\\Users\\Anis\\eclipse-workspace\\Appium\\src\\ApiDemos-debug.apk","deviceName":"Redmi","newCommandTimeout":14},"platformName":"android","app":"C:\\Users\\Anis\\eclipse-workspace\\Appium\\src\\ApiDemos-debug.apk","deviceName":"55272e729804","newCommandTimeout":14,"deviceUDID":"55272e729804","appPackage":"io.appium.android.apis","deviceApiLevel":24,"platformVersion":"7.0","deviceScreenSize":"1080x1920","deviceScreenDensity":480,"deviceModel":"Redmi Note 4","deviceManufacturer":"Xiaomi","pixelRatio":3,"statBarHeight":72,"viewportRect":{"left":0,"top":72,"width":1080,"height":1848},"lastScrollData":null}
&amp#27;[35m[HTTP]&amp#27;[39m &amp#27;[37m<-- GET /wd/hub/session/21ee7e2f-907f-44f3-9d10-e81ecd1af3f2 &amp#27;[39m&amp#27;[32m200&amp#27;[39m &amp#27;[90m11 ms - 858&amp#27;[39m
&amp#27;[35m[HTTP]&amp#27;[39m &amp#27;[90m&amp#27;[39m
&amp#27;[35m[HTTP]&amp#27;[39m &amp#27;[37m-->&amp#27;[39m &amp#27;[37mPOST&amp#27;[39m &amp#27;[37m/wd/hub/session/21ee7e2f-907f-44f3-9d10-e81ecd1af3f2/element&amp#27;[39m
&amp#27;[35m[HTTP]&amp#27;[39m &amp#27;[90m{"using":"xpath","value":"(//android.widget.RelativeLayout)[2]"}&amp#27;[39m
[debug] &amp#27;[35m[W3C (21ee7e2f)]&amp#27;[39m Calling AppiumDriver.findElement() with args: ["xpath","(//android.widget.RelativeLayout)[2]","21ee7e2f-907f-44f3-9d10-e81ecd1af3f2"]
[debug] &amp#27;[35m[BaseDriver]&amp#27;[39m Valid locator strategies for this request: xpath, id, class name, accessibility id, css selector, -android uiautomator
[debug] &amp#27;[35m[BaseDriver]&amp#27;[39m Waiting up to 0 ms for condition
[debug] &amp#27;[35m[WD Proxy]&amp#27;[39m Matched '/element' to command name 'findElement'
[debug] &amp#27;[35m[WD Proxy]&amp#27;[39m Proxying [POST /element] to [POST http://127.0.0.1:8212/wd/hub/session/efc5b3ad-1659-48e3-8dd2-c2033ff8014a/element] with body: {"strategy":"xpath","selector":"(//android.widget.RelativeLayout)[2]","context":"","multiple":false}
[debug] &amp#27;[35m[WD Proxy]&amp#27;[39m Got response with status 200: {"sessionId":"efc5b3ad-1659-48e3-8dd2-c2033ff8014a","value":{"ELEMENT":"ae37def1-6a69-4167-a937-0bc3ffa513e1","element-6066-11e4-a52e-4f735466cecf":"ae37def1-6a69-4167-a937-0bc3ffa513e1"}}
[debug] &amp#27;[35m[W3C (21ee7e2f)]&amp#27;[39m Responding to client with driver.findElement() result: {"element-6066-11e4-a52e-4f735466cecf":"ae37def1-6a69-4167-a937-0bc3ffa513e1","ELEMENT":"ae37def1-6a69-4167-a937-0bc3ffa513e1"}
&amp#27;[35m[HTTP]&amp#27;[39m &amp#27;[37m<-- POST /wd/hub/session/21ee7e2f-907f-44f3-9d10-e81ecd1af3f2/element &amp#27;[39m&amp#27;[32m200&amp#27;[39m &amp#27;[90m545 ms - 137&amp#27;[39m
&amp#27;[35m[HTTP]&amp#27;[39m &amp#27;[90m&amp#27;[39m
&amp#27;[35m[HTTP]&amp#27;[39m &amp#27;[37m-->&amp#27;[39m &amp#27;[37mGET&amp#27;[39m &amp#27;[37m/wd/hub/session/21ee7e2f-907f-44f3-9d10-e81ecd1af3f2/element/ae37def1-6a69-4167-a937-0bc3ffa513e1/displayed&amp#27;[39m
&amp#27;[35m[HTTP]&amp#27;[39m &amp#27;[90m{}&amp#27;[39m
[debug] &amp#27;[35m[W3C (21ee7e2f)]&amp#27;[39m Calling AppiumDriver.elementDisplayed() with args: ["ae37def1-6a69-4167-a937-0bc3ffa513e1","21ee7e2f-907f-44f3-9d10-e81ecd1af3f2"]
[debug] &amp#27;[35m[WD Proxy]&amp#27;[39m Matched '/element/ae37def1-6a69-4167-a937-0bc3ffa513e1/attribute/displayed' to command name 'getAttribute'
[debug] &amp#27;[35m[WD Proxy]&amp#27;[39m Proxying [GET /element/ae37def1-6a69-4167-a937-0bc3ffa513e1/attribute/displayed] to [GET http://127.0.0.1:8212/wd/hub/session/efc5b3ad-1659-48e3-8dd2-c2033ff8014a/element/ae37def1-6a69-4167-a937-0bc3ffa513e1/attribute/displayed] with no body
[debug] &amp#27;[35m[WD Proxy]&amp#27;[39m Got response with status 200: {"sessionId":"efc5b3ad-1659-48e3-8dd2-c2033ff8014a","value":"true"}
[debug] &amp#27;[35m[W3C (21ee7e2f)]&amp#27;[39m Responding to client with driver.elementDisplayed() result: true
&amp#27;[35m[HTTP]&amp#27;[39m &amp#27;[37m<-- GET /wd/hub/session/21ee7e2f-907f-44f3-9d10-e81ecd1af3f2/element/ae37def1-6a69-4167-a937-0bc3ffa513e1/displayed &amp#27;[39m&amp#27;[32m200&amp#27;[39m &amp#27;[90m18 ms - 14&amp#27;[39m
&amp#27;[35m[HTTP]&amp#27;[39m &amp#27;[90m&amp#27;[39m
&amp#27;[35m[HTTP]&amp#27;[39m &amp#27;[37m-->&amp#27;[39m &amp#27;[37mPOST&amp#27;[39m &amp#27;[37m/wd/hub/session/21ee7e2f-907f-44f3-9d10-e81ecd1af3f2/timeouts&amp#27;[39m
&amp#27;[35m[HTTP]&amp#27;[39m &amp#27;[90m{"implicit":10000}&amp#27;[39m
[debug] &amp#27;[35m[W3C (21ee7e2f)]&amp#27;[39m Calling AppiumDriver.timeouts() with args: [null,null,null,null,10000,"21ee7e2f-907f-44f3-9d10-e81ecd1af3f2"]
[debug] &amp#27;[35m[BaseDriver]&amp#27;[39m W3C timeout argument: {"implicit":10000}}
[debug] &amp#27;[35m[BaseDriver]&amp#27;[39m Set implicit wait to 10000ms
[debug] &amp#27;[35m[W3C (21ee7e2f)]&amp#27;[39m Responding to client with driver.timeouts() result: null
&amp#27;[35m[HTTP]&amp#27;[39m &amp#27;[37m<-- POST /wd/hub/session/21ee7e2f-907f-44f3-9d10-e81ecd1af3f2/timeouts &amp#27;[39m&amp#27;[32m200&amp#27;[39m &amp#27;[90m3 ms - 14&amp#27;[39m
&amp#27;[35m[HTTP]&amp#27;[39m &amp#27;[90m&amp#27;[39m
[INFO ] 2021-06-18 15:55:08.447 [main] Preferences - Clicks The Layout
[INFO ] 2021-06-18 15:55:08.447 [main] ExplicitWait - Waiting for element to be clickable: Located by By.chained({By.xpath: (//android.widget.RelativeLayout)[2]})
&amp#27;[35m[HTTP]&amp#27;[39m &amp#27;[37m-->&amp#27;[39m &amp#27;[37mPOST&amp#27;[39m &amp#27;[37m/wd/hub/session/21ee7e2f-907f-44f3-9d10-e81ecd1af3f2/timeouts&amp#27;[39m
&amp#27;[35m[HTTP]&amp#27;[39m &amp#27;[90m{"implicit":0}&amp#27;[39m
[debug] &amp#27;[35m[W3C (21ee7e2f)]&amp#27;[39m Calling AppiumDriver.timeouts() with args: [null,null,null,null,0,"21ee7e2f-907f-44f3-9d10-e81ecd1af3f2"]
[debug] &amp#27;[35m[BaseDriver]&amp#27;[39m W3C timeout argument: {"implicit":0}}
[debug] &amp#27;[35m[BaseDriver]&amp#27;[39m Set implicit wait to 0ms
[debug] &amp#27;[35m[W3C (21ee7e2f)]&amp#27;[39m Responding to client with driver.timeouts() result: null
&amp#27;[35m[HTTP]&amp#27;[39m &amp#27;[37m<-- POST /wd/hub/session/21ee7e2f-907f-44f3-9d10-e81ecd1af3f2/timeouts &amp#27;[39m&amp#27;[32m200&amp#27;[39m &amp#27;[90m2 ms - 14&amp#27;[39m
&amp#27;[35m[HTTP]&amp#27;[39m &amp#27;[90m&amp#27;[39m
&amp#27;[35m[HTTP]&amp#27;[39m &amp#27;[37m-->&amp#27;[39m &amp#27;[37mGET&amp#27;[39m &amp#27;[37m/wd/hub/session/21ee7e2f-907f-44f3-9d10-e81ecd1af3f2&amp#27;[39m
&amp#27;[35m[HTTP]&amp#27;[39m &amp#27;[90m{}&amp#27;[39m
[debug] &amp#27;[35m[W3C (21ee7e2f)]&amp#27;[39m Calling AppiumDriver.getSession() with args: ["21ee7e2f-907f-44f3-9d10-e81ecd1af3f2"]
[debug] &amp#27;[35m[UiAutomator2]&amp#27;[39m Getting session details from server to mix in
[debug] &amp#27;[35m[WD Proxy]&amp#27;[39m Matched '/' to command name 'getSession'
[debug] &amp#27;[35m[WD Proxy]&amp#27;[39m Proxying [GET /] to [GET http://127.0.0.1:8212/wd/hub/session/efc5b3ad-1659-48e3-8dd2-c2033ff8014a] with no body
[debug] &amp#27;[35m[WD Proxy]&amp#27;[39m Got response with status 200: {"sessionId":"efc5b3ad-1659-48e3-8dd2-c2033ff8014a","value":{"lastScrollData":null}}
[debug] &amp#27;[35m[W3C (21ee7e2f)]&amp#27;[39m Responding to client with driver.getSession() result: {"platform":"LINUX","webStorageEnabled":false,"takesScreenshot":true,"javascriptEnabled":true,"databaseEnabled":false,"networkConnectionEnabled":true,"locationContextEnabled":false,"warnings":{},"desired":{"platformName":"android","app":"C:\\Users\\Anis\\eclipse-workspace\\Appium\\src\\ApiDemos-debug.apk","deviceName":"Redmi","newCommandTimeout":14},"platformName":"android","app":"C:\\Users\\Anis\\eclipse-workspace\\Appium\\src\\ApiDemos-debug.apk","deviceName":"55272e729804","newCommandTimeout":14,"deviceUDID":"55272e729804","appPackage":"io.appium.android.apis","deviceApiLevel":24,"platformVersion":"7.0","deviceScreenSize":"1080x1920","deviceScreenDensity":480,"deviceModel":"Redmi Note 4","deviceManufacturer":"Xiaomi","pixelRatio":3,"statBarHeight":72,"viewportRect":{"left":0,"top":72,"width":1080,"height":1848},"lastScrollData":null}
&amp#27;[35m[HTTP]&amp#27;[39m &amp#27;[37m<-- GET /wd/hub/session/21ee7e2f-907f-44f3-9d10-e81ecd1af3f2 &amp#27;[39m&amp#27;[32m200&amp#27;[39m &amp#27;[90m12 ms - 858&amp#27;[39m
&amp#27;[35m[HTTP]&amp#27;[39m &amp#27;[90m&amp#27;[39m
&amp#27;[35m[HTTP]&amp#27;[39m &amp#27;[37m-->&amp#27;[39m &amp#27;[37mPOST&amp#27;[39m &amp#27;[37m/wd/hub/session/21ee7e2f-907f-44f3-9d10-e81ecd1af3f2/element&amp#27;[39m
&amp#27;[35m[HTTP]&amp#27;[39m &amp#27;[90m{"using":"xpath","value":"(//android.widget.RelativeLayout)[2]"}&amp#27;[39m
[debug] &amp#27;[35m[W3C (21ee7e2f)]&amp#27;[39m Calling AppiumDriver.findElement() with args: ["xpath","(//android.widget.RelativeLayout)[2]","21ee7e2f-907f-44f3-9d10-e81ecd1af3f2"]
[debug] &amp#27;[35m[BaseDriver]&amp#27;[39m Valid locator strategies for this request: xpath, id, class name, accessibility id, css selector, -android uiautomator
[debug] &amp#27;[35m[BaseDriver]&amp#27;[39m Waiting up to 0 ms for condition
[debug] &amp#27;[35m[WD Proxy]&amp#27;[39m Matched '/element' to command name 'findElement'
[debug] &amp#27;[35m[WD Proxy]&amp#27;[39m Proxying [POST /element] to [POST http://127.0.0.1:8212/wd/hub/session/efc5b3ad-1659-48e3-8dd2-c2033ff8014a/element] with body: {"strategy":"xpath","selector":"(//android.widget.RelativeLayout)[2]","context":"","multiple":false}
[debug] &amp#27;[35m[WD Proxy]&amp#27;[39m Got response with status 200: {"sessionId":"efc5b3ad-1659-48e3-8dd2-c2033ff8014a","value":{"ELEMENT":"5d62e72b-29eb-4519-9f7f-eaf66f6f143f","element-6066-11e4-a52e-4f735466cecf":"5d62e72b-29eb-4519-9f7f-eaf66f6f143f"}}
[debug] &amp#27;[35m[W3C (21ee7e2f)]&amp#27;[39m Responding to client with driver.findElement() result: {"element-6066-11e4-a52e-4f735466cecf":"5d62e72b-29eb-4519-9f7f-eaf66f6f143f","ELEMENT":"5d62e72b-29eb-4519-9f7f-eaf66f6f143f"}
&amp#27;[35m[HTTP]&amp#27;[39m &amp#27;[37m<-- POST /wd/hub/session/21ee7e2f-907f-44f3-9d10-e81ecd1af3f2/element &amp#27;[39m&amp#27;[32m200&amp#27;[39m &amp#27;[90m43 ms - 137&amp#27;[39m
&amp#27;[35m[HTTP]&amp#27;[39m &amp#27;[90m&amp#27;[39m
&amp#27;[35m[HTTP]&amp#27;[39m &amp#27;[37m-->&amp#27;[39m &amp#27;[37mGET&amp#27;[39m &amp#27;[37m/wd/hub/session/21ee7e2f-907f-44f3-9d10-e81ecd1af3f2/element/5d62e72b-29eb-4519-9f7f-eaf66f6f143f/displayed&amp#27;[39m
&amp#27;[35m[HTTP]&amp#27;[39m &amp#27;[90m{}&amp#27;[39m
[debug] &amp#27;[35m[W3C (21ee7e2f)]&amp#27;[39m Calling AppiumDriver.elementDisplayed() with args: ["5d62e72b-29eb-4519-9f7f-eaf66f6f143f","21ee7e2f-907f-44f3-9d10-e81ecd1af3f2"]
[debug] &amp#27;[35m[WD Proxy]&amp#27;[39m Matched '/element/5d62e72b-29eb-4519-9f7f-eaf66f6f143f/attribute/displayed' to command name 'getAttribute'
[debug] &amp#27;[35m[WD Proxy]&amp#27;[39m Proxying [GET /element/5d62e72b-29eb-4519-9f7f-eaf66f6f143f/attribute/displayed] to [GET http://127.0.0.1:8212/wd/hub/session/efc5b3ad-1659-48e3-8dd2-c2033ff8014a/element/5d62e72b-29eb-4519-9f7f-eaf66f6f143f/attribute/displayed] with no body
[debug] &amp#27;[35m[WD Proxy]&amp#27;[39m Got response with status 200: {"sessionId":"efc5b3ad-1659-48e3-8dd2-c2033ff8014a","value":"true"}
[debug] &amp#27;[35m[W3C (21ee7e2f)]&amp#27;[39m Responding to client with driver.elementDisplayed() result: true
&amp#27;[35m[HTTP]&amp#27;[39m &amp#27;[37m<-- GET /wd/hub/session/21ee7e2f-907f-44f3-9d10-e81ecd1af3f2/element/5d62e72b-29eb-4519-9f7f-eaf66f6f143f/displayed &amp#27;[39m&amp#27;[32m200&amp#27;[39m &amp#27;[90m15 ms - 14&amp#27;[39m
&amp#27;[35m[HTTP]&amp#27;[39m &amp#27;[90m&amp#27;[39m
&amp#27;[35m[HTTP]&amp#27;[39m &amp#27;[37m-->&amp#27;[39m &amp#27;[37mGET&amp#27;[39m &amp#27;[37m/wd/hub/session/21ee7e2f-907f-44f3-9d10-e81ecd1af3f2&amp#27;[39m
&amp#27;[35m[HTTP]&amp#27;[39m &amp#27;[90m{}&amp#27;[39m
[debug] &amp#27;[35m[W3C (21ee7e2f)]&amp#27;[39m Calling AppiumDriver.getSession() with args: ["21ee7e2f-907f-44f3-9d10-e81ecd1af3f2"]
[debug] &amp#27;[35m[UiAutomator2]&amp#27;[39m Getting session details from server to mix in
[debug] &amp#27;[35m[WD Proxy]&amp#27;[39m Matched '/' to command name 'getSession'
[debug] &amp#27;[35m[WD Proxy]&amp#27;[39m Proxying [GET /] to [GET http://127.0.0.1:8212/wd/hub/session/efc5b3ad-1659-48e3-8dd2-c2033ff8014a] with no body
[debug] &amp#27;[35m[WD Proxy]&amp#27;[39m Got response with status 200: {"sessionId":"efc5b3ad-1659-48e3-8dd2-c2033ff8014a","value":{"lastScrollData":null}}
[debug] &amp#27;[35m[W3C (21ee7e2f)]&amp#27;[39m Responding to client with driver.getSession() result: {"platform":"LINUX","webStorageEnabled":false,"takesScreenshot":true,"javascriptEnabled":true,"databaseEnabled":false,"networkConnectionEnabled":true,"locationContextEnabled":false,"warnings":{},"desired":{"platformName":"android","app":"C:\\Users\\Anis\\eclipse-workspace\\Appium\\src\\ApiDemos-debug.apk","deviceName":"Redmi","newCommandTimeout":14},"platformName":"android","app":"C:\\Users\\Anis\\eclipse-workspace\\Appium\\src\\ApiDemos-debug.apk","deviceName":"55272e729804","newCommandTimeout":14,"deviceUDID":"55272e729804","appPackage":"io.appium.android.apis","deviceApiLevel":24,"platformVersion":"7.0","deviceScreenSize":"1080x1920","deviceScreenDensity":480,"deviceModel":"Redmi Note 4","deviceManufacturer":"Xiaomi","pixelRatio":3,"statBarHeight":72,"viewportRect":{"left":0,"top":72,"width":1080,"height":1848},"lastScrollData":null}
&amp#27;[35m[HTTP]&amp#27;[39m &amp#27;[37m<-- GET /wd/hub/session/21ee7e2f-907f-44f3-9d10-e81ecd1af3f2 &amp#27;[39m&amp#27;[32m200&amp#27;[39m &amp#27;[90m13 ms - 858&amp#27;[39m
&amp#27;[35m[HTTP]&amp#27;[39m &amp#27;[90m&amp#27;[39m
&amp#27;[35m[HTTP]&amp#27;[39m &amp#27;[37m-->&amp#27;[39m &amp#27;[37mPOST&amp#27;[39m &amp#27;[37m/wd/hub/session/21ee7e2f-907f-44f3-9d10-e81ecd1af3f2/element&amp#27;[39m
&amp#27;[35m[HTTP]&amp#27;[39m &amp#27;[90m{"using":"xpath","value":"(//android.widget.RelativeLayout)[2]"}&amp#27;[39m
[debug] &amp#27;[35m[W3C (21ee7e2f)]&amp#27;[39m Calling AppiumDriver.findElement() with args: ["xpath","(//android.widget.RelativeLayout)[2]","21ee7e2f-907f-44f3-9d10-e81ecd1af3f2"]
[debug] &amp#27;[35m[BaseDriver]&amp#27;[39m Valid locator strategies for this request: xpath, id, class name, accessibility id, css selector, -android uiautomator
[debug] &amp#27;[35m[BaseDriver]&amp#27;[39m Waiting up to 0 ms for condition
[debug] &amp#27;[35m[WD Proxy]&amp#27;[39m Matched '/element' to command name 'findElement'
[debug] &amp#27;[35m[WD Proxy]&amp#27;[39m Proxying [POST /element] to [POST http://127.0.0.1:8212/wd/hub/session/efc5b3ad-1659-48e3-8dd2-c2033ff8014a/element] with body: {"strategy":"xpath","selector":"(//android.widget.RelativeLayout)[2]","context":"","multiple":false}
[debug] &amp#27;[35m[WD Proxy]&amp#27;[39m Got response with status 200: {"sessionId":"efc5b3ad-1659-48e3-8dd2-c2033ff8014a","value":{"ELEMENT":"0cdaaf5b-453b-4a44-bd59-20a6762241b3","element-6066-11e4-a52e-4f735466cecf":"0cdaaf5b-453b-4a44-bd59-20a6762241b3"}}
[debug] &amp#27;[35m[W3C (21ee7e2f)]&amp#27;[39m Responding to client with driver.findElement() result: {"element-6066-11e4-a52e-4f735466cecf":"0cdaaf5b-453b-4a44-bd59-20a6762241b3","ELEMENT":"0cdaaf5b-453b-4a44-bd59-20a6762241b3"}
&amp#27;[35m[HTTP]&amp#27;[39m &amp#27;[37m<-- POST /wd/hub/session/21ee7e2f-907f-44f3-9d10-e81ecd1af3f2/element &amp#27;[39m&amp#27;[32m200&amp#27;[39m &amp#27;[90m40 ms - 137&amp#27;[39m
&amp#27;[35m[HTTP]&amp#27;[39m &amp#27;[90m&amp#27;[39m
&amp#27;[35m[HTTP]&amp#27;[39m &amp#27;[37m-->&amp#27;[39m &amp#27;[37mGET&amp#27;[39m &amp#27;[37m/wd/hub/session/21ee7e2f-907f-44f3-9d10-e81ecd1af3f2/element/0cdaaf5b-453b-4a44-bd59-20a6762241b3/enabled&amp#27;[39m
&amp#27;[35m[HTTP]&amp#27;[39m &amp#27;[90m{}&amp#27;[39m
[debug] &amp#27;[35m[W3C (21ee7e2f)]&amp#27;[39m Calling AppiumDriver.elementEnabled() with args: ["0cdaaf5b-453b-4a44-bd59-20a6762241b3","21ee7e2f-907f-44f3-9d10-e81ecd1af3f2"]
[debug] &amp#27;[35m[WD Proxy]&amp#27;[39m Matched '/element/0cdaaf5b-453b-4a44-bd59-20a6762241b3/attribute/enabled' to command name 'getAttribute'
[debug] &amp#27;[35m[WD Proxy]&amp#27;[39m Proxying [GET /element/0cdaaf5b-453b-4a44-bd59-20a6762241b3/attribute/enabled] to [GET http://127.0.0.1:8212/wd/hub/session/efc5b3ad-1659-48e3-8dd2-c2033ff8014a/element/0cdaaf5b-453b-4a44-bd59-20a6762241b3/attribute/enabled] with no body
[debug] &amp#27;[35m[WD Proxy]&amp#27;[39m Got response with status 200: {"sessionId":"efc5b3ad-1659-48e3-8dd2-c2033ff8014a","value":"true"}
[debug] &amp#27;[35m[W3C (21ee7e2f)]&amp#27;[39m Responding to client with driver.elementEnabled() result: true
&amp#27;[35m[HTTP]&amp#27;[39m &amp#27;[37m<-- GET /wd/hub/session/21ee7e2f-907f-44f3-9d10-e81ecd1af3f2/element/0cdaaf5b-453b-4a44-bd59-20a6762241b3/enabled &amp#27;[39m&amp#27;[32m200&amp#27;[39m &amp#27;[90m14 ms - 14&amp#27;[39m
&amp#27;[35m[HTTP]&amp#27;[39m &amp#27;[90m&amp#27;[39m
&amp#27;[35m[HTTP]&amp#27;[39m &amp#27;[37m-->&amp#27;[39m &amp#27;[37mPOST&amp#27;[39m &amp#27;[37m/wd/hub/session/21ee7e2f-907f-44f3-9d10-e81ecd1af3f2/timeouts&amp#27;[39m
&amp#27;[35m[HTTP]&amp#27;[39m &amp#27;[90m{"implicit":10000}&amp#27;[39m
[debug] &amp#27;[35m[W3C (21ee7e2f)]&amp#27;[39m Calling AppiumDriver.timeouts() with args: [null,null,null,null,10000,"21ee7e2f-907f-44f3-9d10-e81ecd1af3f2"]
[debug] &amp#27;[35m[BaseDriver]&amp#27;[39m W3C timeout argument: {"implicit":10000}}
[debug] &amp#27;[35m[BaseDriver]&amp#27;[39m Set implicit wait to 10000ms
[debug] &amp#27;[35m[W3C (21ee7e2f)]&amp#27;[39m Responding to client with driver.timeouts() result: null
&amp#27;[35m[HTTP]&amp#27;[39m &amp#27;[37m<-- POST /wd/hub/session/21ee7e2f-907f-44f3-9d10-e81ecd1af3f2/timeouts &amp#27;[39m&amp#27;[32m200&amp#27;[39m &amp#27;[90m3 ms - 14&amp#27;[39m
&amp#27;[35m[HTTP]&amp#27;[39m &amp#27;[90m&amp#27;[39m
&amp#27;[35m[HTTP]&amp#27;[39m &amp#27;[37m-->&amp#27;[39m &amp#27;[37mGET&amp#27;[39m &amp#27;[37m/wd/hub/session/21ee7e2f-907f-44f3-9d10-e81ecd1af3f2&amp#27;[39m
&amp#27;[35m[HTTP]&amp#27;[39m &amp#27;[90m{}&amp#27;[39m
[debug] &amp#27;[35m[W3C (21ee7e2f)]&amp#27;[39m Calling AppiumDriver.getSession() with args: ["21ee7e2f-907f-44f3-9d10-e81ecd1af3f2"]
[debug] &amp#27;[35m[UiAutomator2]&amp#27;[39m Getting session details from server to mix in
[debug] &amp#27;[35m[WD Proxy]&amp#27;[39m Matched '/' to command name 'getSession'
[debug] &amp#27;[35m[WD Proxy]&amp#27;[39m Proxying [GET /] to [GET http://127.0.0.1:8212/wd/hub/session/efc5b3ad-1659-48e3-8dd2-c2033ff8014a] with no body
[debug] &amp#27;[35m[WD Proxy]&amp#27;[39m Got response with status 200: {"sessionId":"efc5b3ad-1659-48e3-8dd2-c2033ff8014a","value":{"lastScrollData":null}}
[debug] &amp#27;[35m[W3C (21ee7e2f)]&amp#27;[39m Responding to client with driver.getSession() result: {"platform":"LINUX","webStorageEnabled":false,"takesScreenshot":true,"javascriptEnabled":true,"databaseEnabled":false,"networkConnectionEnabled":true,"locationContextEnabled":false,"warnings":{},"desired":{"platformName":"android","app":"C:\\Users\\Anis\\eclipse-workspace\\Appium\\src\\ApiDemos-debug.apk","deviceName":"Redmi","newCommandTimeout":14},"platformName":"android","app":"C:\\Users\\Anis\\eclipse-workspace\\Appium\\src\\ApiDemos-debug.apk","deviceName":"55272e729804","newCommandTimeout":14,"deviceUDID":"55272e729804","appPackage":"io.appium.android.apis","deviceApiLevel":24,"platformVersion":"7.0","deviceScreenSize":"1080x1920","deviceScreenDensity":480,"deviceModel":"Redmi Note 4","deviceManufacturer":"Xiaomi","pixelRatio":3,"statBarHeight":72,"viewportRect":{"left":0,"top":72,"width":1080,"height":1848},"lastScrollData":null}
&amp#27;[35m[HTTP]&amp#27;[39m &amp#27;[37m<-- GET /wd/hub/session/21ee7e2f-907f-44f3-9d10-e81ecd1af3f2 &amp#27;[39m&amp#27;[32m200&amp#27;[39m &amp#27;[90m10 ms - 858&amp#27;[39m
&amp#27;[35m[HTTP]&amp#27;[39m &amp#27;[90m&amp#27;[39m
&amp#27;[35m[HTTP]&amp#27;[39m &amp#27;[37m-->&amp#27;[39m &amp#27;[37mPOST&amp#27;[39m &amp#27;[37m/wd/hub/session/21ee7e2f-907f-44f3-9d10-e81ecd1af3f2/element&amp#27;[39m
&amp#27;[35m[HTTP]&amp#27;[39m &amp#27;[90m{"using":"xpath","value":"(//android.widget.RelativeLayout)[2]"}&amp#27;[39m
[debug] &amp#27;[35m[W3C (21ee7e2f)]&amp#27;[39m Calling AppiumDriver.findElement() with args: ["xpath","(//android.widget.RelativeLayout)[2]","21ee7e2f-907f-44f3-9d10-e81ecd1af3f2"]
[debug] &amp#27;[35m[BaseDriver]&amp#27;[39m Valid locator strategies for this request: xpath, id, class name, accessibility id, css selector, -android uiautomator
[debug] &amp#27;[35m[BaseDriver]&amp#27;[39m Waiting up to 10000 ms for condition
[debug] &amp#27;[35m[WD Proxy]&amp#27;[39m Matched '/element' to command name 'findElement'
[debug] &amp#27;[35m[WD Proxy]&amp#27;[39m Proxying [POST /element] to [POST http://127.0.0.1:8212/wd/hub/session/efc5b3ad-1659-48e3-8dd2-c2033ff8014a/element] with body: {"strategy":"xpath","selector":"(//android.widget.RelativeLayout)[2]","context":"","multiple":false}
[debug] &amp#27;[35m[WD Proxy]&amp#27;[39m Got response with status 200: {"sessionId":"efc5b3ad-1659-48e3-8dd2-c2033ff8014a","value":{"ELEMENT":"76a7aeb9-f81f-43fa-9623-99a5bf016f7d","element-6066-11e4-a52e-4f735466cecf":"76a7aeb9-f81f-43fa-9623-99a5bf016f7d"}}
[debug] &amp#27;[35m[W3C (21ee7e2f)]&amp#27;[39m Responding to client with driver.findElement() result: {"element-6066-11e4-a52e-4f735466cecf":"76a7aeb9-f81f-43fa-9623-99a5bf016f7d","ELEMENT":"76a7aeb9-f81f-43fa-9623-99a5bf016f7d"}
&amp#27;[35m[HTTP]&amp#27;[39m &amp#27;[37m<-- POST /wd/hub/session/21ee7e2f-907f-44f3-9d10-e81ecd1af3f2/element &amp#27;[39m&amp#27;[32m200&amp#27;[39m &amp#27;[90m42 ms - 137&amp#27;[39m
&amp#27;[35m[HTTP]&amp#27;[39m &amp#27;[90m&amp#27;[39m
&amp#27;[35m[HTTP]&amp#27;[39m &amp#27;[37m-->&amp#27;[39m &amp#27;[37mPOST&amp#27;[39m &amp#27;[37m/wd/hub/session/21ee7e2f-907f-44f3-9d10-e81ecd1af3f2/element/76a7aeb9-f81f-43fa-9623-99a5bf016f7d/click&amp#27;[39m
&amp#27;[35m[HTTP]&amp#27;[39m &amp#27;[90m{"id":"76a7aeb9-f81f-43fa-9623-99a5bf016f7d"}&amp#27;[39m
[debug] &amp#27;[35m[W3C (21ee7e2f)]&amp#27;[39m Calling AppiumDriver.click() with args: ["76a7aeb9-f81f-43fa-9623-99a5bf016f7d","21ee7e2f-907f-44f3-9d10-e81ecd1af3f2"]
[debug] &amp#27;[35m[WD Proxy]&amp#27;[39m Matched '/element/76a7aeb9-f81f-43fa-9623-99a5bf016f7d/click' to command name 'click'
[debug] &amp#27;[35m[WD Proxy]&amp#27;[39m Proxying [POST /element/76a7aeb9-f81f-43fa-9623-99a5bf016f7d/click] to [POST http://127.0.0.1:8212/wd/hub/session/efc5b3ad-1659-48e3-8dd2-c2033ff8014a/element/76a7aeb9-f81f-43fa-9623-99a5bf016f7d/click] with body: {"element":"76a7aeb9-f81f-43fa-9623-99a5bf016f7d"}
[debug] &amp#27;[35m[WD Proxy]&amp#27;[39m Got response with status 200: {"sessionId":"efc5b3ad-1659-48e3-8dd2-c2033ff8014a","value":null}
[debug] &amp#27;[35m[W3C (21ee7e2f)]&amp#27;[39m Responding to client with driver.click() result: null
&amp#27;[35m[HTTP]&amp#27;[39m &amp#27;[37m<-- POST /wd/hub/session/21ee7e2f-907f-44f3-9d10-e81ecd1af3f2/element/76a7aeb9-f81f-43fa-9623-99a5bf016f7d/click &amp#27;[39m&amp#27;[32m200&amp#27;[39m &amp#27;[90m2072 ms - 14&amp#27;[39m
&amp#27;[35m[HTTP]&amp#27;[39m &amp#27;[90m&amp#27;[39m
&amp#27;[35m[HTTP]&amp#27;[39m &amp#27;[37m-->&amp#27;[39m &amp#27;[37mGET&amp#27;[39m &amp#27;[37m/wd/hub/session/21ee7e2f-907f-44f3-9d10-e81ecd1af3f2&amp#27;[39m
&amp#27;[35m[HTTP]&amp#27;[39m &amp#27;[90m{}&amp#27;[39m
[debug] &amp#27;[35m[W3C (21ee7e2f)]&amp#27;[39m Calling AppiumDriver.getSession() with args: ["21ee7e2f-907f-44f3-9d10-e81ecd1af3f2"]
[debug] &amp#27;[35m[UiAutomator2]&amp#27;[39m Getting session details from server to mix in
[debug] &amp#27;[35m[WD Proxy]&amp#27;[39m Matched '/' to command name 'getSession'
[debug] &amp#27;[35m[WD Proxy]&amp#27;[39m Proxying [GET /] to [GET http://127.0.0.1:8212/wd/hub/session/efc5b3ad-1659-48e3-8dd2-c2033ff8014a] with no body
[debug] &amp#27;[35m[WD Proxy]&amp#27;[39m Got response with status 200: {"sessionId":"efc5b3ad-1659-48e3-8dd2-c2033ff8014a","value":{"lastScrollData":null}}
[debug] &amp#27;[35m[W3C (21ee7e2f)]&amp#27;[39m Responding to client with driver.getSession() result: {"platform":"LINUX","webStorageEnabled":false,"takesScreenshot":true,"javascriptEnabled":true,"databaseEnabled":false,"networkConnectionEnabled":true,"locationContextEnabled":false,"warnings":{},"desired":{"platformName":"android","app":"C:\\Users\\Anis\\eclipse-workspace\\Appium\\src\\ApiDemos-debug.apk","deviceName":"Redmi","newCommandTimeout":14},"platformName":"android","app":"C:\\Users\\Anis\\eclipse-workspace\\Appium\\src\\ApiDemos-debug.apk","deviceName":"55272e729804","newCommandTimeout":14,"deviceUDID":"55272e729804","appPackage":"io.appium.android.apis","deviceApiLevel":24,"platformVersion":"7.0","deviceScreenSize":"1080x1920","deviceScreenDensity":480,"deviceModel":"Redmi Note 4","deviceManufacturer":"Xiaomi","pixelRatio":3,"statBarHeight":72,"viewportRect":{"left":0,"top":72,"width":1080,"height":1848},"lastScrollData":null}
&amp#27;[35m[HTTP]&amp#27;[39m &amp#27;[37m<-- GET /wd/hub/session/21ee7e2f-907f-44f3-9d10-e81ecd1af3f2 &amp#27;[39m&amp#27;[32m200&amp#27;[39m &amp#27;[90m12 ms - 858&amp#27;[39m
&amp#27;[35m[HTTP]&amp#27;[39m &amp#27;[90m&amp#27;[39m
&amp#27;[35m[HTTP]&amp#27;[39m &amp#27;[37m-->&amp#27;[39m &amp#27;[37mPOST&amp#27;[39m &amp#27;[37m/wd/hub/session/21ee7e2f-907f-44f3-9d10-e81ecd1af3f2/element&amp#27;[39m
&amp#27;[35m[HTTP]&amp#27;[39m &amp#27;[90m{"using":"class name","value":"android.widget.EditText"}&amp#27;[39m
[debug] &amp#27;[35m[W3C (21ee7e2f)]&amp#27;[39m Calling AppiumDriver.findElement() with args: ["class name","android.widget.EditText","21ee7e2f-907f-44f3-9d10-e81ecd1af3f2"]
[debug] &amp#27;[35m[BaseDriver]&amp#27;[39m Valid locator strategies for this request: xpath, id, class name, accessibility id, css selector, -android uiautomator
[debug] &amp#27;[35m[BaseDriver]&amp#27;[39m Waiting up to 10000 ms for condition
[debug] &amp#27;[35m[WD Proxy]&amp#27;[39m Matched '/element' to command name 'findElement'
[debug] &amp#27;[35m[WD Proxy]&amp#27;[39m Proxying [POST /element] to [POST http://127.0.0.1:8212/wd/hub/session/efc5b3ad-1659-48e3-8dd2-c2033ff8014a/element] with body: {"strategy":"class name","selector":"android.widget.EditText","context":"","multiple":false}
[debug] &amp#27;[35m[WD Proxy]&amp#27;[39m Got response with status 200: {"sessionId":"efc5b3ad-1659-48e3-8dd2-c2033ff8014a","value":{"ELEMENT":"50f3587f-387e-4fe6-8e6e-9a0e55d07179","element-6066-11e4-a52e-4f735466cecf":"50f3587f-387e-4fe6-8e6e-9a0e55d07179"}}
[debug] &amp#27;[35m[W3C (21ee7e2f)]&amp#27;[39m Responding to client with driver.findElement() result: {"element-6066-11e4-a52e-4f735466cecf":"50f3587f-387e-4fe6-8e6e-9a0e55d07179","ELEMENT":"50f3587f-387e-4fe6-8e6e-9a0e55d07179"}
&amp#27;[35m[HTTP]&amp#27;[39m &amp#27;[37m<-- POST /wd/hub/session/21ee7e2f-907f-44f3-9d10-e81ecd1af3f2/element &amp#27;[39m&amp#27;[32m200&amp#27;[39m &amp#27;[90m24 ms - 137&amp#27;[39m
&amp#27;[35m[HTTP]&amp#27;[39m &amp#27;[90m&amp#27;[39m
&amp#27;[35m[HTTP]&amp#27;[39m &amp#27;[37m-->&amp#27;[39m &amp#27;[37mPOST&amp#27;[39m &amp#27;[37m/wd/hub/session/21ee7e2f-907f-44f3-9d10-e81ecd1af3f2/element/50f3587f-387e-4fe6-8e6e-9a0e55d07179/value&amp#27;[39m
&amp#27;[35m[HTTP]&amp#27;[39m &amp#27;[90m{"id":"50f3587f-387e-4fe6-8e6e-9a0e55d07179","text":"@#$%","value":["@","#","$","%"]}&amp#27;[39m
[debug] &amp#27;[35m[W3C (21ee7e2f)]&amp#27;[39m Calling AppiumDriver.setValue() with args: [["@","#","$","%"],"50f3587f-387e-4fe6-8e6e-9a0e55d07179","21ee7e2f-907f-44f3-9d10-e81ecd1af3f2"]
[debug] &amp#27;[35m[WD Proxy]&amp#27;[39m Matched '/element/50f3587f-387e-4fe6-8e6e-9a0e55d07179/value' to command name 'setValue'
[debug] &amp#27;[35m[Protocol Converter]&amp#27;[39m Added 'value' property ["@","#","$","%"] to 'setValue' request body
[debug] &amp#27;[35m[WD Proxy]&amp#27;[39m Proxying [POST /element/50f3587f-387e-4fe6-8e6e-9a0e55d07179/value] to [POST http://127.0.0.1:8212/wd/hub/session/efc5b3ad-1659-48e3-8dd2-c2033ff8014a/element/50f3587f-387e-4fe6-8e6e-9a0e55d07179/value] with body: {"elementId":"50f3587f-387e-4fe6-8e6e-9a0e55d07179","text":"@#$%","replace":false,"value":["@","#","$","%"]}
[debug] &amp#27;[35m[WD Proxy]&amp#27;[39m Got response with status 200: {"sessionId":"efc5b3ad-1659-48e3-8dd2-c2033ff8014a","value":null}
[debug] &amp#27;[35m[W3C (21ee7e2f)]&amp#27;[39m Responding to client with driver.setValue() result: null
&amp#27;[35m[HTTP]&amp#27;[39m &amp#27;[37m<-- POST /wd/hub/session/21ee7e2f-907f-44f3-9d10-e81ecd1af3f2/element/50f3587f-387e-4fe6-8e6e-9a0e55d07179/value &amp#27;[39m&amp#27;[32m200&amp#27;[39m &amp#27;[90m50 ms - 14&amp#27;[39m
&amp#27;[35m[HTTP]&amp#27;[39m &amp#27;[90m&amp#27;[39m
&amp#27;[35m[HTTP]&amp#27;[39m &amp#27;[37m-->&amp#27;[39m &amp#27;[37mGET&amp#27;[39m &amp#27;[37m/wd/hub/session/21ee7e2f-907f-44f3-9d10-e81ecd1af3f2&amp#27;[39m
&amp#27;[35m[HTTP]&amp#27;[39m &amp#27;[90m{}&amp#27;[39m
[debug] &amp#27;[35m[W3C (21ee7e2f)]&amp#27;[39m Calling AppiumDriver.getSession() with args: ["21ee7e2f-907f-44f3-9d10-e81ecd1af3f2"]
[debug] &amp#27;[35m[UiAutomator2]&amp#27;[39m Getting session details from server to mix in
[debug] &amp#27;[35m[WD Proxy]&amp#27;[39m Matched '/' to command name 'getSession'
[debug] &amp#27;[35m[WD Proxy]&amp#27;[39m Proxying [GET /] to [GET http://127.0.0.1:8212/wd/hub/session/efc5b3ad-1659-48e3-8dd2-c2033ff8014a] with no body
[debug] &amp#27;[35m[WD Proxy]&amp#27;[39m Got response with status 200: {"sessionId":"efc5b3ad-1659-48e3-8dd2-c2033ff8014a","value":{"lastScrollData":null}}
[debug] &amp#27;[35m[W3C (21ee7e2f)]&amp#27;[39m Responding to client with driver.getSession() result: {"platform":"LINUX","webStorageEnabled":false,"takesScreenshot":true,"javascriptEnabled":true,"databaseEnabled":false,"networkConnectionEnabled":true,"locationContextEnabled":false,"warnings":{},"desired":{"platformName":"android","app":"C:\\Users\\Anis\\eclipse-workspace\\Appium\\src\\ApiDemos-debug.apk","deviceName":"Redmi","newCommandTimeout":14},"platformName":"android","app":"C:\\Users\\Anis\\eclipse-workspace\\Appium\\src\\ApiDemos-debug.apk","deviceName":"55272e729804","newCommandTimeout":14,"deviceUDID":"55272e729804","appPackage":"io.appium.android.apis","deviceApiLevel":24,"platformVersion":"7.0","deviceScreenSize":"1080x1920","deviceScreenDensity":480,"deviceModel":"Redmi Note 4","deviceManufacturer":"Xiaomi","pixelRatio":3,"statBarHeight":72,"viewportRect":{"left":0,"top":72,"width":1080,"height":1848},"lastScrollData":null}
&amp#27;[35m[HTTP]&amp#27;[39m &amp#27;[37m<-- GET /wd/hub/session/21ee7e2f-907f-44f3-9d10-e81ecd1af3f2 &amp#27;[39m&amp#27;[32m200&amp#27;[39m &amp#27;[90m9 ms - 858&amp#27;[39m
&amp#27;[35m[HTTP]&amp#27;[39m &amp#27;[90m&amp#27;[39m
&amp#27;[35m[HTTP]&amp#27;[39m &amp#27;[37m-->&amp#27;[39m &amp#27;[37mPOST&amp#27;[39m &amp#27;[37m/wd/hub/session/21ee7e2f-907f-44f3-9d10-e81ecd1af3f2/elements&amp#27;[39m
&amp#27;[35m[HTTP]&amp#27;[39m &amp#27;[90m{"using":"class name","value":"android.widget.Button"}&amp#27;[39m
[debug] &amp#27;[35m[W3C (21ee7e2f)]&amp#27;[39m Calling AppiumDriver.findElements() with args: ["class name","android.widget.Button","21ee7e2f-907f-44f3-9d10-e81ecd1af3f2"]
[debug] &amp#27;[35m[BaseDriver]&amp#27;[39m Valid locator strategies for this request: xpath, id, class name, accessibility id, css selector, -android uiautomator
[debug] &amp#27;[35m[BaseDriver]&amp#27;[39m Waiting up to 10000 ms for condition
[debug] &amp#27;[35m[WD Proxy]&amp#27;[39m Matched '/elements' to command name 'findElements'
[debug] &amp#27;[35m[WD Proxy]&amp#27;[39m Proxying [POST /elements] to [POST http://127.0.0.1:8212/wd/hub/session/efc5b3ad-1659-48e3-8dd2-c2033ff8014a/elements] with body: {"strategy":"class name","selector":"android.widget.Button","context":"","multiple":true}
[debug] &amp#27;[35m[WD Proxy]&amp#27;[39m Got response with status 200: {"sessionId":"efc5b3ad-1659-48e3-8dd2-c2033ff8014a","value":[{"ELEMENT":"c36f4446-0f01-4ceb-8f37-85899ab1681a","element-6066-11e4-a52e-4f735466cecf":"c36f4446-0f01-4ceb-8f37-85899ab1681a"},{"ELEMENT":"b9bf546c-6463-493d-a310-0614dc97b8a1","element-6066-11e4-a52e-4f735466cecf":"b9bf546c-6463-493d-a310-0614dc97b8a1"}]}
[debug] &amp#27;[35m[W3C (21ee7e2f)]&amp#27;[39m Responding to client with driver.findElements() result: [{"element-6066-11e4-a52e-4f735466cecf":"c36f4446-0f01-4ceb-8f37-85899ab1681a","ELEMENT":"c36f4446-0f01-4ceb-8f37-85899ab1681a"},{"element-6066-11e4-a52e-4f735466cecf":"b9bf546c-6463-493d-a310-0614dc97b8a1","ELEMENT":"b9bf546c-6463-493d-a310-0614dc97b8a1"}]
&amp#27;[35m[HTTP]&amp#27;[39m &amp#27;[37m<-- POST /wd/hub/session/21ee7e2f-907f-44f3-9d10-e81ecd1af3f2/elements &amp#27;[39m&amp#27;[32m200&amp#27;[39m &amp#27;[90m875 ms - 267&amp#27;[39m
&amp#27;[35m[HTTP]&amp#27;[39m &amp#27;[90m&amp#27;[39m
&amp#27;[35m[HTTP]&amp#27;[39m &amp#27;[37m-->&amp#27;[39m &amp#27;[37mPOST&amp#27;[39m &amp#27;[37m/wd/hub/session/21ee7e2f-907f-44f3-9d10-e81ecd1af3f2/element/b9bf546c-6463-493d-a310-0614dc97b8a1/click&amp#27;[39m
&amp#27;[35m[HTTP]&amp#27;[39m &amp#27;[90m{"id":"b9bf546c-6463-493d-a310-0614dc97b8a1"}&amp#27;[39m
[debug] &amp#27;[35m[W3C (21ee7e2f)]&amp#27;[39m Calling AppiumDriver.click() with args: ["b9bf546c-6463-493d-a310-0614dc97b8a1","21ee7e2f-907f-44f3-9d10-e81ecd1af3f2"]
[debug] &amp#27;[35m[WD Proxy]&amp#27;[39m Matched '/element/b9bf546c-6463-493d-a310-0614dc97b8a1/click' to command name 'click'
[debug] &amp#27;[35m[WD Proxy]&amp#27;[39m Proxying [POST /element/b9bf546c-6463-493d-a310-0614dc97b8a1/click] to [POST http://127.0.0.1:8212/wd/hub/session/efc5b3ad-1659-48e3-8dd2-c2033ff8014a/element/b9bf546c-6463-493d-a310-0614dc97b8a1/click] with body: {"element":"b9bf546c-6463-493d-a310-0614dc97b8a1"}
[debug] &amp#27;[35m[WD Proxy]&amp#27;[39m Got response with status 200: {"sessionId":"efc5b3ad-1659-48e3-8dd2-c2033ff8014a","value":null}
[debug] &amp#27;[35m[W3C (21ee7e2f)]&amp#27;[39m Responding to client with driver.click() result: null
&amp#27;[35m[HTTP]&amp#27;[39m &amp#27;[37m<-- POST /wd/hub/session/21ee7e2f-907f-44f3-9d10-e81ecd1af3f2/element/b9bf546c-6463-493d-a310-0614dc97b8a1/click &amp#27;[39m&amp#27;[32m200&amp#27;[39m &amp#27;[90m794 ms - 14&amp#27;[39m
&amp#27;[35m[HTTP]&amp#27;[39m &amp#27;[90m&amp#27;[39m
[INFO ] 2021-06-18 15:55:12.623 [main] Listeners - *******************ApiDemoTest.apiDemoTest passed*******************
]]></system-out>
    <system-err><![CDATA[Jun 18, 2021 3:55:02 PM io.appium.java_client.remote.AppiumCommandExecutor$1 lambda$0
INFO: Detected dialect: W3C
]]></system-err>
  </testcase>
  <testcase name="contentTest" classname="ApiDemoTest" time="22.154">
    <system-out><![CDATA[&amp#27;[35m[Appium]&amp#27;[39m Welcome to Appium v1.21.0
&amp#27;[35m[Appium]&amp#27;[39m Appium REST http interface listener started on 0.0.0.0:4723
&amp#27;[35m[HTTP]&amp#27;[39m &amp#27;[37m-->&amp#27;[39m &amp#27;[37mGET&amp#27;[39m &amp#27;[37m/wd/hub/status&amp#27;[39m
&amp#27;[35m[HTTP]&amp#27;[39m &amp#27;[90m{}&amp#27;[39m
[debug] &amp#27;[35m[GENERIC]&amp#27;[39m Calling AppiumDriver.getStatus() with args: []
[debug] &amp#27;[35m[GENERIC]&amp#27;[39m Responding to client with driver.getStatus() result: {"build":{"version":"1.21.0"}}
&amp#27;[35m[HTTP]&amp#27;[39m &amp#27;[37m<-- GET /wd/hub/status &amp#27;[39m&amp#27;[32m200&amp#27;[39m &amp#27;[90m7 ms - 68&amp#27;[39m
&amp#27;[35m[HTTP]&amp#27;[39m &amp#27;[90m&amp#27;[39m
&amp#27;[35m[HTTP]&amp#27;[39m &amp#27;[37m-->&amp#27;[39m &amp#27;[37mPOST&amp#27;[39m &amp#27;[37m/wd/hub/session&amp#27;[39m
&amp#27;[35m[HTTP]&amp#27;[39m &amp#27;[90m{"desiredCapabilities":{"app":"C:\\Users\\Anis\\eclipse-workspace\\Appium\\src\\ApiDemos-debug.apk","platformName":"Android","deviceName":"Redmi","newCommandTimeout":14},"capabilities":{"firstMatch":[{"appium:app":"C:\\Users\\Anis\\eclipse-workspace\\Appium\\src\\ApiDemos-debug.apk","appium:deviceName":"Redmi","appium:newCommandTimeout":14,"platformName":"android"}]}}&amp#27;[39m
[debug] &amp#27;[35m[W3C]&amp#27;[39m Calling AppiumDriver.createSession() with args: [{"app":"C:\\Users\\Anis\\eclipse-workspace\\Appium\\src\\ApiDemos-debug.apk","platformName":"Android","deviceName":"Redmi","newCommandTimeout":14},null,{"firstMatch":[{"appium:app":"C:\\Users\\Anis\\eclipse-workspace\\Appium\\src\\ApiDemos-debug.apk","appium:deviceName":"Redmi","appium:newCommandTimeout":14,"platformName":"android"}]}]
[debug] &amp#27;[35m[BaseDriver]&amp#27;[39m Event 'newSessionRequested' logged at 1624011914595 (15:55:14 GMT+0530 (India Standard Time))
&amp#27;[35m[Appium]&amp#27;[39m 
&amp#27;[35m[Appium]&amp#27;[39m ======================================================================
&amp#27;[35m[Appium]&amp#27;[39m   DEPRECATION WARNING:
&amp#27;[35m[Appium]&amp#27;[39m 
&amp#27;[35m[Appium]&amp#27;[39m   The 'automationName' capability was not provided in the desired 
&amp#27;[35m[Appium]&amp#27;[39m   capabilities for this Android session
&amp#27;[35m[Appium]&amp#27;[39m 
&amp#27;[35m[Appium]&amp#27;[39m   Setting 'automationName=UiAutomator2' by default and using the 
&amp#27;[35m[Appium]&amp#27;[39m   UiAutomator2 Driver
&amp#27;[35m[Appium]&amp#27;[39m 
&amp#27;[35m[Appium]&amp#27;[39m   The next major version of Appium (2.x) will **require** the 
&amp#27;[35m[Appium]&amp#27;[39m   'automationName' capability to be set for all sessions on all 
&amp#27;[35m[Appium]&amp#27;[39m   platforms
&amp#27;[35m[Appium]&amp#27;[39m 
&amp#27;[35m[Appium]&amp#27;[39m   In previous versions (Appium <= 1.13.x), the default was 
&amp#27;[35m[Appium]&amp#27;[39m   'automationName=UiAutomator1'
&amp#27;[35m[Appium]&amp#27;[39m 
&amp#27;[35m[Appium]&amp#27;[39m   If you wish to use that automation instead of UiAutomator2, please 
&amp#27;[35m[Appium]&amp#27;[39m   add 'automationName=UiAutomator1' to your desired capabilities
&amp#27;[35m[Appium]&amp#27;[39m 
&amp#27;[35m[Appium]&amp#27;[39m   For more information about drivers, please visit 
&amp#27;[35m[Appium]&amp#27;[39m   http://appium.io/docs/en/about-appium/intro/ and explore the 
&amp#27;[35m[Appium]&amp#27;[39m   'Drivers' menu
&amp#27;[35m[Appium]&amp#27;[39m 
&amp#27;[35m[Appium]&amp#27;[39m ======================================================================
&amp#27;[35m[Appium]&amp#27;[39m 
&amp#27;[35m[Appium]&amp#27;[39m Appium v1.21.0 creating new AndroidUiautomator2Driver (v1.65.0) session
[debug] &amp#27;[35m[BaseDriver]&amp#27;[39m W3C capabilities and MJSONWP desired capabilities were provided
[debug] &amp#27;[35m[BaseDriver]&amp#27;[39m Creating session with W3C capabilities: {
[debug] &amp#27;[35m[BaseDriver]&amp#27;[39m   "alwaysMatch": {
[debug] &amp#27;[35m[BaseDriver]&amp#27;[39m     "platformName": "android",
[debug] &amp#27;[35m[BaseDriver]&amp#27;[39m     "appium:app": "C:\\Users\\Anis\\eclipse-workspace\\Appium\\src\\ApiDemos-debug.apk",
[debug] &amp#27;[35m[BaseDriver]&amp#27;[39m     "appium:deviceName": "Redmi",
[debug] &amp#27;[35m[BaseDriver]&amp#27;[39m     "appium:newCommandTimeout": 14
[debug] &amp#27;[35m[BaseDriver]&amp#27;[39m   },
[debug] &amp#27;[35m[BaseDriver]&amp#27;[39m   "firstMatch": [
[debug] &amp#27;[35m[BaseDriver]&amp#27;[39m     {}
[debug] &amp#27;[35m[BaseDriver]&amp#27;[39m   ]
[debug] &amp#27;[35m[BaseDriver]&amp#27;[39m }
&amp#27;[35m[BaseDriver]&amp#27;[39m Session created with session id: 951857eb-976e-4ab6-a925-3362ff45aa31
&amp#27;[35m[BaseDriver]&amp#27;[39m Using local app 'C:\Users\Anis\eclipse-workspace\Appium\src\ApiDemos-debug.apk'
[debug] &amp#27;[35m[UiAutomator2]&amp#27;[39m Checking whether app is actually present
&amp#27;[35m[ADB]&amp#27;[39m Found 2 'build-tools' folders under 'C:\Users\Anis\AppData\Local\Android\Sdk' (newest first):
&amp#27;[35m[ADB]&amp#27;[39m     C:/Users/Anis/AppData/Local/Android/Sdk/build-tools/31.0.0-rc4
&amp#27;[35m[ADB]&amp#27;[39m     C:/Users/Anis/AppData/Local/Android/Sdk/build-tools/30.0.3
&amp#27;[35m[ADB]&amp#27;[39m Using 'adb.exe' from 'C:\Users\Anis\AppData\Local\Android\Sdk\platform-tools\adb.exe'
[debug] &amp#27;[35m[ADB]&amp#27;[39m Running 'C:\Users\Anis\AppData\Local\Android\Sdk\platform-tools\adb.exe -P 5037 start-server'
&amp#27;[35m[AndroidDriver]&amp#27;[39m Retrieving device list
[debug] &amp#27;[35m[ADB]&amp#27;[39m Trying to find a connected android device
[debug] &amp#27;[35m[ADB]&amp#27;[39m Getting connected devices
[debug] &amp#27;[35m[ADB]&amp#27;[39m Connected devices: [{"udid":"55272e729804","state":"device"}]
&amp#27;[35m[AndroidDriver]&amp#27;[39m Using device: 55272e729804
&amp#27;[35m[ADB]&amp#27;[39m Using 'adb.exe' from 'C:\Users\Anis\AppData\Local\Android\Sdk\platform-tools\adb.exe'
[debug] &amp#27;[35m[ADB]&amp#27;[39m Running 'C:\Users\Anis\AppData\Local\Android\Sdk\platform-tools\adb.exe -P 5037 start-server'
[debug] &amp#27;[35m[ADB]&amp#27;[39m Setting device id to 55272e729804
[debug] &amp#27;[35m[ADB]&amp#27;[39m Running 'C:\Users\Anis\AppData\Local\Android\Sdk\platform-tools\adb.exe -P 5037 -s 55272e729804 shell getprop ro.build.version.sdk'
[debug] &amp#27;[35m[ADB]&amp#27;[39m Current device property 'ro.build.version.sdk': 24
[debug] &amp#27;[35m[ADB]&amp#27;[39m Device API level: 24
[debug] &amp#27;[35m[AndroidDriver]&amp#27;[39m Parsing package and activity from app manifest
&amp#27;[35m[ADB]&amp#27;[39m Package name: 'io.appium.android.apis'
&amp#27;[35m[ADB]&amp#27;[39m Main activity name: 'ApiDemos'
[debug] &amp#27;[35m[AndroidDriver]&amp#27;[39m Parsed package and activity are: io.appium.android.apis/ApiDemos
[debug] &amp#27;[35m[ADB]&amp#27;[39m Running 'C:\Users\Anis\AppData\Local\Android\Sdk\platform-tools\adb.exe -P 5037 -s 55272e729804 wait-for-device'
[debug] &amp#27;[35m[ADB]&amp#27;[39m Running 'C:\Users\Anis\AppData\Local\Android\Sdk\platform-tools\adb.exe -P 5037 -s 55272e729804 shell echo ping'
[debug] &amp#27;[35m[AndroidDriver]&amp#27;[39m Pushing settings apk to device...
[debug] &amp#27;[35m[ADB]&amp#27;[39m Getting install status for io.appium.settings
[debug] &amp#27;[35m[ADB]&amp#27;[39m Running 'C:\Users\Anis\AppData\Local\Android\Sdk\platform-tools\adb.exe -P 5037 -s 55272e729804 shell dumpsys package io.appium.settings'
[debug] &amp#27;[35m[ADB]&amp#27;[39m 'io.appium.settings' is installed
[debug] &amp#27;[35m[ADB]&amp#27;[39m Getting package info for 'io.appium.settings'
[debug] &amp#27;[35m[ADB]&amp#27;[39m Running 'C:\Users\Anis\AppData\Local\Android\Sdk\platform-tools\adb.exe -P 5037 -s 55272e729804 shell dumpsys package io.appium.settings'
[debug] &amp#27;[35m[ADB]&amp#27;[39m The version name of the installed 'io.appium.settings' is greater or equal to the application version name ('3.3.0' >= '3.3.0')
[debug] &amp#27;[35m[ADB]&amp#27;[39m There is no need to install/upgrade 'C:\Users\Anis\AppData\Roaming\npm\node_modules\appium\node_modules\io.appium.settings\apks\settings_apk-debug.apk'
[debug] &amp#27;[35m[ADB]&amp#27;[39m Getting IDs of all 'io.appium.settings' processes
[debug] &amp#27;[35m[ADB]&amp#27;[39m Running 'C:\Users\Anis\AppData\Local\Android\Sdk\platform-tools\adb.exe -P 5037 -s 55272e729804 shell 'pgrep --help; echo $?''
[debug] &amp#27;[35m[ADB]&amp#27;[39m Running 'C:\Users\Anis\AppData\Local\Android\Sdk\platform-tools\adb.exe -P 5037 -s 55272e729804 shell 'pgrep ^appium\\.settings$ || pgrep ^io\\.appium\\.setti$''
[debug] &amp#27;[35m[ADB]&amp#27;[39m Getting IDs of all 'io.appium.settings' processes
[debug] &amp#27;[35m[ADB]&amp#27;[39m Running 'C:\Users\Anis\AppData\Local\Android\Sdk\platform-tools\adb.exe -P 5037 -s 55272e729804 shell 'pgrep ^appium\\.settings$ || pgrep ^io\\.appium\\.setti$''
[debug] &amp#27;[35m[ADB]&amp#27;[39m Starting Appium Settings app
[debug] &amp#27;[35m[ADB]&amp#27;[39m Running 'C:\Users\Anis\AppData\Local\Android\Sdk\platform-tools\adb.exe -P 5037 -s 55272e729804 shell am start -n io.appium.settings/.Settings -a android.intent.action.MAIN -c android.intent.category.LAUNCHER'
[debug] &amp#27;[35m[ADB]&amp#27;[39m Getting IDs of all 'io.appium.settings' processes
[debug] &amp#27;[35m[ADB]&amp#27;[39m Running 'C:\Users\Anis\AppData\Local\Android\Sdk\platform-tools\adb.exe -P 5037 -s 55272e729804 shell 'pgrep ^appium\\.settings$ || pgrep ^io\\.appium\\.setti$''
[debug] &amp#27;[35m[ADB]&amp#27;[39m Running 'C:\Users\Anis\AppData\Local\Android\Sdk\platform-tools\adb.exe -P 5037 -s 55272e729804 shell appops set io.appium.settings android:mock_location allow'
[debug] &amp#27;[35m[Logcat]&amp#27;[39m Starting logs capture with command: C:\\Users\\Anis\\AppData\\Local\\Android\\Sdk\\platform-tools\\adb.exe -P 5037 -s 55272e729804 logcat -v threadtime
[debug] &amp#27;[35m[UiAutomator2]&amp#27;[39m Forwarding UiAutomator2 Server port 6790 to local port 8213
[debug] &amp#27;[35m[ADB]&amp#27;[39m Forwarding system: 8213 to device: 6790
[debug] &amp#27;[35m[ADB]&amp#27;[39m Running 'C:\Users\Anis\AppData\Local\Android\Sdk\platform-tools\adb.exe -P 5037 -s 55272e729804 forward tcp:8213 tcp:6790'
[debug] &amp#27;[35m[ADB]&amp#27;[39m Getting install status for io.appium.uiautomator2.server
[debug] &amp#27;[35m[ADB]&amp#27;[39m Running 'C:\Users\Anis\AppData\Local\Android\Sdk\platform-tools\adb.exe -P 5037 -s 55272e729804 shell dumpsys package io.appium.uiautomator2.server'
[debug] &amp#27;[35m[ADB]&amp#27;[39m 'io.appium.uiautomator2.server' is installed
[debug] &amp#27;[35m[ADB]&amp#27;[39m Getting package info for 'io.appium.uiautomator2.server'
[debug] &amp#27;[35m[ADB]&amp#27;[39m Running 'C:\Users\Anis\AppData\Local\Android\Sdk\platform-tools\adb.exe -P 5037 -s 55272e729804 shell dumpsys package io.appium.uiautomator2.server'
[debug] &amp#27;[35m[ADB]&amp#27;[39m The version name of the installed 'io.appium.uiautomator2.server' is greater or equal to the application version name ('4.21.1' >= '4.21.1')
[debug] &amp#27;[35m[UiAutomator2]&amp#27;[39m io.appium.uiautomator2.server installation state: sameVersionInstalled
[debug] &amp#27;[35m[ADB]&amp#27;[39m Checking app cert for C:\Users\Anis\AppData\Roaming\npm\node_modules\appium\node_modules\appium-uiautomator2-server\apks\appium-uiautomator2-server-v4.21.1.apk
&amp#27;[35m[ADB]&amp#27;[39m Using 'apksigner.jar' from 'C:\Users\Anis\AppData\Local\Android\Sdk\build-tools\31.0.0-rc4\lib\apksigner.jar'
[debug] &amp#27;[35m[ADB]&amp#27;[39m Starting apksigner: 'C:\\Program Files\\Java\\jdk-11.0.11\\bin\\java.exe' -Xmx1024M -Xss1m -jar C:\\Users\\Anis\\AppData\\Local\\Android\\Sdk\\build-tools\\31.0.0-rc4\\lib\\apksigner.jar verify --print-certs C:\\Users\\Anis\\AppData\\Roaming\\npm\\node_modules\\appium\\node_modules\\appium-uiautomator2-server\\apks\\appium-uiautomator2-server-v4.21.1.apk
[debug] &amp#27;[35m[ADB]&amp#27;[39m apksigner stdout: Signer #1 certificate DN: EMAILADDRESS=android@android.com, CN=Android, OU=Android, O=Android, L=Mountain View, ST=California, C=US
[debug] &amp#27;[35m[ADB]&amp#27;[39m Signer #1 certificate SHA-256 digest: a40da80a59d170caa950cf15c18c454d47a39b26989d8b640ecd745ba71bf5dc
[debug] &amp#27;[35m[ADB]&amp#27;[39m Signer #1 certificate SHA-1 digest: 61ed377e85d386a8dfee6b864bd85b0bfaa5af81
[debug] &amp#27;[35m[ADB]&amp#27;[39m Signer #1 certificate MD5 digest: e89b158e4bcf988ebd09eb83f5378e87
[debug] &amp#27;[35m[ADB]&amp#27;[39m 
[debug] &amp#27;[35m[ADB]&amp#27;[39m sha256 hash did match for 'appium-uiautomator2-server-v4.21.1.apk'
&amp#27;[35m[ADB]&amp#27;[39m 'C:\Users\Anis\AppData\Roaming\npm\node_modules\appium\node_modules\appium-uiautomator2-server\apks\appium-uiautomator2-server-v4.21.1.apk' is signed with the default certificate
[debug] &amp#27;[35m[ADB]&amp#27;[39m Getting install status for io.appium.uiautomator2.server.test
[debug] &amp#27;[35m[ADB]&amp#27;[39m Running 'C:\Users\Anis\AppData\Local\Android\Sdk\platform-tools\adb.exe -P 5037 -s 55272e729804 shell dumpsys package io.appium.uiautomator2.server.test'
[debug] &amp#27;[35m[ADB]&amp#27;[39m 'io.appium.uiautomator2.server.test' is installed
[debug] &amp#27;[35m[ADB]&amp#27;[39m Checking app cert for C:\Users\Anis\AppData\Roaming\npm\node_modules\appium\node_modules\appium-uiautomator2-server\apks\appium-uiautomator2-server-debug-androidTest.apk
[debug] &amp#27;[35m[ADB]&amp#27;[39m Starting apksigner: 'C:\\Program Files\\Java\\jdk-11.0.11\\bin\\java.exe' -Xmx1024M -Xss1m -jar C:\\Users\\Anis\\AppData\\Local\\Android\\Sdk\\build-tools\\31.0.0-rc4\\lib\\apksigner.jar verify --print-certs C:\\Users\\Anis\\AppData\\Roaming\\npm\\node_modules\\appium\\node_modules\\appium-uiautomator2-server\\apks\\appium-uiautomator2-server-debug-androidTest.apk
[debug] &amp#27;[35m[ADB]&amp#27;[39m apksigner stdout: Signer #1 certificate DN: EMAILADDRESS=android@android.com, CN=Android, OU=Android, O=Android, L=Mountain View, ST=California, C=US
[debug] &amp#27;[35m[ADB]&amp#27;[39m Signer #1 certificate SHA-256 digest: a40da80a59d170caa950cf15c18c454d47a39b26989d8b640ecd745ba71bf5dc
[debug] &amp#27;[35m[ADB]&amp#27;[39m Signer #1 certificate SHA-1 digest: 61ed377e85d386a8dfee6b864bd85b0bfaa5af81
[debug] &amp#27;[35m[ADB]&amp#27;[39m Signer #1 certificate MD5 digest: e89b158e4bcf988ebd09eb83f5378e87
[debug] &amp#27;[35m[ADB]&amp#27;[39m 
[debug] &amp#27;[35m[ADB]&amp#27;[39m sha256 hash did match for 'appium-uiautomator2-server-debug-androidTest.apk'
&amp#27;[35m[ADB]&amp#27;[39m 'C:\Users\Anis\AppData\Roaming\npm\node_modules\appium\node_modules\appium-uiautomator2-server\apks\appium-uiautomator2-server-debug-androidTest.apk' is signed with the default certificate
&amp#27;[35m[UiAutomator2]&amp#27;[39m Server packages are not going to be (re)installed
[debug] &amp#27;[35m[UiAutomator2]&amp#27;[39m Waiting up to 30000ms for services to be available
[debug] &amp#27;[35m[ADB]&amp#27;[39m Running 'C:\Users\Anis\AppData\Local\Android\Sdk\platform-tools\adb.exe -P 5037 -s 55272e729804 shell pm list instrumentation'
[debug] &amp#27;[35m[UiAutomator2]&amp#27;[39m Instrumentation target 'io.appium.uiautomator2.server.test/androidx.test.runner.AndroidJUnitRunner' is available
&amp#27;[35m[ADB]&amp#27;[39m Adding packages ["io.appium.settings","io.appium.uiautomator2.server","io.appium.uiautomator2.server.test"] to Doze whitelist
[debug] &amp#27;[35m[ADB]&amp#27;[39m Got the following command chunks to execute: [["dumpsys","deviceidle","whitelist","+io.appium.settings",";","dumpsys","deviceidle","whitelist","+io.appium.uiautomator2.server",";","dumpsys","deviceidle","whitelist","+io.appium.uiautomator2.server.test",";"]]
[debug] &amp#27;[35m[ADB]&amp#27;[39m Running 'C:\Users\Anis\AppData\Local\Android\Sdk\platform-tools\adb.exe -P 5037 -s 55272e729804 shell dumpsys deviceidle whitelist +io.appium.settings ; dumpsys deviceidle whitelist +io.appium.uiautomator2.server ; dumpsys deviceidle whitelist +io.appium.uiautomator2.server.test ;'
[debug] &amp#27;[35m[ADB]&amp#27;[39m Checking app cert for C:\Users\Anis\eclipse-workspace\Appium\src\ApiDemos-debug.apk
[debug] &amp#27;[35m[ADB]&amp#27;[39m Starting apksigner: 'C:\\Program Files\\Java\\jdk-11.0.11\\bin\\java.exe' -Xmx1024M -Xss1m -jar C:\\Users\\Anis\\AppData\\Local\\Android\\Sdk\\build-tools\\31.0.0-rc4\\lib\\apksigner.jar verify --print-certs C:\\Users\\Anis\\eclipse-workspace\\Appium\\src\\ApiDemos-debug.apk
[debug] &amp#27;[35m[ADB]&amp#27;[39m apksigner stdout: Signer #1 certificate DN: EMAILADDRESS=android@android.com, CN=Android, OU=Android, O=Android, L=Mountain View, ST=California, C=US
[debug] &amp#27;[35m[ADB]&amp#27;[39m Signer #1 certificate SHA-256 digest: a40da80a59d170caa950cf15c18c454d47a39b26989d8b640ecd745ba71bf5dc
[debug] &amp#27;[35m[ADB]&amp#27;[39m Signer #1 certificate SHA-1 digest: 61ed377e85d386a8dfee6b864bd85b0bfaa5af81
[debug] &amp#27;[35m[ADB]&amp#27;[39m Signer #1 certificate MD5 digest: e89b158e4bcf988ebd09eb83f5378e87
[debug] &amp#27;[35m[ADB]&amp#27;[39m 
[debug] &amp#27;[35m[ADB]&amp#27;[39m sha256 hash did match for 'ApiDemos-debug.apk'
&amp#27;[35m[ADB]&amp#27;[39m 'C:\Users\Anis\eclipse-workspace\Appium\src\ApiDemos-debug.apk' is signed with the default certificate
[debug] &amp#27;[35m[ADB]&amp#27;[39m Getting install status for io.appium.android.apis
[debug] &amp#27;[35m[ADB]&amp#27;[39m Running 'C:\Users\Anis\AppData\Local\Android\Sdk\platform-tools\adb.exe -P 5037 -s 55272e729804 shell dumpsys package io.appium.android.apis'
[debug] &amp#27;[35m[ADB]&amp#27;[39m 'io.appium.android.apis' is installed
[debug] &amp#27;[35m[ADB]&amp#27;[39m Getting package info for 'io.appium.android.apis'
[debug] &amp#27;[35m[ADB]&amp#27;[39m Running 'C:\Users\Anis\AppData\Local\Android\Sdk\platform-tools\adb.exe -P 5037 -s 55272e729804 shell dumpsys package io.appium.android.apis'
&amp#27;[35m[ADB]&amp#27;[39m Cannot read version codes of 'C:\Users\Anis\eclipse-workspace\Appium\src\ApiDemos-debug.apk' and/or 'io.appium.android.apis'
&amp#27;[35m[ADB]&amp#27;[39m Cannot read version names of 'C:\Users\Anis\eclipse-workspace\Appium\src\ApiDemos-debug.apk' and/or 'io.appium.android.apis'
[debug] &amp#27;[35m[ADB]&amp#27;[39m The current install state of 'C:\Users\Anis\eclipse-workspace\Appium\src\ApiDemos-debug.apk' is unknown. Installing anyway
[debug] &amp#27;[35m[ADB]&amp#27;[39m Running 'C:\Users\Anis\AppData\Local\Android\Sdk\platform-tools\adb.exe -P 5037 -s 55272e729804 help'
[debug] &amp#27;[35m[ADB]&amp#27;[39m Running 'C:\Users\Anis\AppData\Local\Android\Sdk\platform-tools\adb.exe -P 5037 -s 55272e729804 features'
&amp#27;[35m[ADB]&amp#27;[39m The application at 'C:\Users\Anis\eclipse-workspace\Appium\src\ApiDemos-debug.apk' will not be cached, because the device under test has confirmed the support of streamed installs
[debug] &amp#27;[35m[ADB]&amp#27;[39m Running 'C:\Users\Anis\AppData\Local\Android\Sdk\platform-tools\adb.exe -P 5037 -s 55272e729804 install -r C:\Users\Anis\eclipse-workspace\Appium\src\ApiDemos-debug.apk'
&amp#27;[35m[ADB]&amp#27;[39m The installation of 'ApiDemos-debug.apk' took 11233ms
[debug] &amp#27;[35m[ADB]&amp#27;[39m Install command stdout: Performing Streamed Install
[debug] &amp#27;[35m[ADB]&amp#27;[39m Success
&amp#27;[35m[AndroidDriver]&amp#27;[39m Performing fast reset on 'io.appium.android.apis'
[debug] &amp#27;[35m[ADB]&amp#27;[39m Getting install status for io.appium.android.apis
[debug] &amp#27;[35m[ADB]&amp#27;[39m Running 'C:\Users\Anis\AppData\Local\Android\Sdk\platform-tools\adb.exe -P 5037 -s 55272e729804 shell dumpsys package io.appium.android.apis'
[debug] &amp#27;[35m[ADB]&amp#27;[39m 'io.appium.android.apis' is installed
[debug] &amp#27;[35m[ADB]&amp#27;[39m Running 'C:\Users\Anis\AppData\Local\Android\Sdk\platform-tools\adb.exe -P 5037 -s 55272e729804 shell am force-stop io.appium.android.apis'
[debug] &amp#27;[35m[ADB]&amp#27;[39m Running 'C:\Users\Anis\AppData\Local\Android\Sdk\platform-tools\adb.exe -P 5037 -s 55272e729804 shell pm clear io.appium.android.apis'
[debug] &amp#27;[35m[AndroidDriver]&amp#27;[39m Performed fast reset on the installed 'io.appium.android.apis' application (stop and clear)
[debug] &amp#27;[35m[UiAutomator2]&amp#27;[39m Performing shallow cleanup of automation leftovers
[debug] &amp#27;[35m[UiAutomator2]&amp#27;[39m The following obsolete sessions are still running: [null]
[debug] &amp#27;[35m[UiAutomator2]&amp#27;[39m Cleaning up the obsolete sessions
[debug] &amp#27;[35m[ADB]&amp#27;[39m Running 'C:\Users\Anis\AppData\Local\Android\Sdk\platform-tools\adb.exe -P 5037 -s 55272e729804 shell am force-stop io.appium.uiautomator2.server.test'
&amp#27;[35m[UiAutomator2]&amp#27;[39m Starting UIAutomator2 server 4.21.1
&amp#27;[35m[UiAutomator2]&amp#27;[39m Using UIAutomator2 server from 'C:\Users\Anis\AppData\Roaming\npm\node_modules\appium\node_modules\appium-uiautomator2-server\apks\appium-uiautomator2-server-v4.21.1.apk' and test from 'C:\Users\Anis\AppData\Roaming\npm\node_modules\appium\node_modules\appium-uiautomator2-server\apks\appium-uiautomator2-server-debug-androidTest.apk'
&amp#27;[35m[UiAutomator2]&amp#27;[39m Waiting up to 30000ms for UiAutomator2 to be online...
[debug] &amp#27;[35m[ADB]&amp#27;[39m Creating ADB subprocess with args: ["-P",5037,"-s","55272e729804","shell","am","instrument","-w","-e","disableAnalytics",true,"io.appium.uiautomator2.server.test/androidx.test.runner.AndroidJUnitRunner"]
[debug] &amp#27;[35m[WD Proxy]&amp#27;[39m Matched '/status' to command name 'getStatus'
[debug] &amp#27;[35m[WD Proxy]&amp#27;[39m Proxying [GET /status] to [GET http://127.0.0.1:8213/wd/hub/status] with no body
&amp#27;[35m[WD Proxy]&amp#27;[39m socket hang up
[debug] &amp#27;[35m[WD Proxy]&amp#27;[39m Matched '/status' to command name 'getStatus'
[debug] &amp#27;[35m[WD Proxy]&amp#27;[39m Proxying [GET /status] to [GET http://127.0.0.1:8213/wd/hub/status] with no body
&amp#27;[35m[WD Proxy]&amp#27;[39m socket hang up
[debug] &amp#27;[35m[Instrumentation]&amp#27;[39m io.appium.uiautomator2.server.test.AppiumUiAutomator2Server:
[debug] &amp#27;[35m[WD Proxy]&amp#27;[39m Matched '/status' to command name 'getStatus'
[debug] &amp#27;[35m[WD Proxy]&amp#27;[39m Proxying [GET /status] to [GET http://127.0.0.1:8213/wd/hub/status] with no body
&amp#27;[35m[WD Proxy]&amp#27;[39m socket hang up
[debug] &amp#27;[35m[WD Proxy]&amp#27;[39m Matched '/status' to command name 'getStatus'
[debug] &amp#27;[35m[WD Proxy]&amp#27;[39m Proxying [GET /status] to [GET http://127.0.0.1:8213/wd/hub/status] with no body
&amp#27;[35m[WD Proxy]&amp#27;[39m socket hang up
[debug] &amp#27;[35m[WD Proxy]&amp#27;[39m Matched '/status' to command name 'getStatus'
[debug] &amp#27;[35m[WD Proxy]&amp#27;[39m Proxying [GET /status] to [GET http://127.0.0.1:8213/wd/hub/status] with no body
[debug] &amp#27;[35m[WD Proxy]&amp#27;[39m Got response with status 200: {"sessionId":"None","value":{"message":"UiAutomator2 Server is ready to accept commands","ready":true}}
[debug] &amp#27;[35m[UiAutomator2]&amp#27;[39m The initialization of the instrumentation process took 4081ms
[debug] &amp#27;[35m[WD Proxy]&amp#27;[39m Matched '/session' to command name 'createSession'
[debug] &amp#27;[35m[WD Proxy]&amp#27;[39m Proxying [POST /session] to [POST http://127.0.0.1:8213/wd/hub/session] with body: {"capabilities":{"firstMatch":[{"platform":"LINUX","webStorageEnabled":false,"takesScreenshot":true,"javascriptEnabled":true,"databaseEnabled":false,"networkConnectionEnabled":true,"locationContextEnabled":false,"warnings":{},"desired":{"platformName":"android","app":"C:\\Users\\Anis\\eclipse-workspace\\Appium\\src\\ApiDemos-debug.apk","deviceName":"Redmi","newCommandTimeout":14},"platformName":"android","app":"C:\\Users\\Anis\\eclipse-workspace\\Appium\\src\\ApiDemos-debug.apk","deviceName":"55272e729804","newCommandTimeout":14,"deviceUDID":"55272e729804","appPackage":"io.appium.android.apis"}],"alwaysMatch":{}}}
[debug] &amp#27;[35m[WD Proxy]&amp#27;[39m Got response with status 200: {"sessionId":"436fbe5e-5b82-4500-ad7b-01acbcb70fc5","value":{"capabilities":{"firstMatch":[{"platform":"LINUX","webStorageEnabled":false,"takesScreenshot":true,"javascriptEnabled":true,"databaseEnabled":false,"networkConnectionEnabled":true,"locationContextEnabled":false,"warnings":{},"desired":{"platformName":"android","app":"C:\\Users\\Anis\\eclipse-workspace\\Appium\\src\\ApiDemos-debug.apk","deviceName":"Redmi","newCommandTimeout":14},"platformName":"android","app":"C:\\Users\\Anis\\eclipse-workspace\\Appium\\src\\ApiDemos-debug.apk","deviceName":"55272e729804","newCommandTimeout":14,"deviceUDID":"55272e729804","appPackage":"io.appium.android.apis"}],"alwaysMatch":{}},"sessionId":"436fbe5e-5b82-4500-ad7b-01acbcb70fc5"}}
&amp#27;[35m[WD Proxy]&amp#27;[39m Determined the downstream protocol as 'W3C'
[debug] &amp#27;[35m[WD Proxy]&amp#27;[39m Proxying [GET /appium/device/info] to [GET http://127.0.0.1:8213/wd/hub/session/436fbe5e-5b82-4500-ad7b-01acbcb70fc5/appium/device/info] with no body
[debug] &amp#27;[35m[WD Proxy]&amp#27;[39m Got response with status 200: {"sessionId":"436fbe5e-5b82-4500-ad7b-01acbcb70fc5","value":{"androidId":"62e279822e2e3c5b","apiVersion":"24","bluetooth":{"state":"OFF"},"brand":"xiaomi","carrierName":"airtel","displayDensity":480,"locale":"en_GB","manufacturer":"Xiaomi","model":"Redmi Note 4","networks":[{"capabilities":{"SSID":null,"linkDownBandwidthKbps":102400,"linkUpstreamBandwidthKbps":51200,"networkCapabilities":"NET_CAPABILITY_NOT_METERED,NET_CAPABILITY_NOT_RESTRICTED,NET_CAPABILITY_IMS,NET_CAPABILITY_NOT_VPN,NET_CAPABILITY_TRUSTED,NET_CAPABILITY_VALIDATED","signalStrength":-2147483648,"transportTypes":"TRANSPORT_CELLULAR"},"detailedState":"CONNECTED","extraInfo":"ims","isAvailable":true,"isConnected":true,"isFailover":false,"isRoaming":false,"state":"CONNECTED","subtype":13,"subtypeName":"LTE","type":0,"typeName":"MOBILE"},{"capabilities":{"SSID":null,"linkDownBandwidthKbps":102400,"linkUpstreamBandwidthKbps":51200,"networkCapabilities":"NET_CAPABILITY_NOT_RESTRICTED,NET_CAPABILITY_SUPL,NET_CAPABILITY_NOT_VPN,NET_CAPABILITY_INTE...
[debug] &amp#27;[35m[ADB]&amp#27;[39m Running 'C:\Users\Anis\AppData\Local\Android\Sdk\platform-tools\adb.exe -P 5037 -s 55272e729804 shell dumpsys window'
&amp#27;[35m[AndroidDriver]&amp#27;[39m Screen already unlocked, doing nothing
&amp#27;[35m[UiAutomator2]&amp#27;[39m Starting 'io.appium.android.apis/ApiDemos and waiting for 'io.appium.android.apis/ApiDemos'
[debug] &amp#27;[35m[ADB]&amp#27;[39m Running 'C:\Users\Anis\AppData\Local\Android\Sdk\platform-tools\adb.exe -P 5037 -s 55272e729804 shell am start -W -n io.appium.android.apis/ApiDemos -S -a android.intent.action.MAIN -c android.intent.category.LAUNCHER -f 0x10200000'
[debug] &amp#27;[35m[ADB]&amp#27;[39m We tried to start an activity that doesn't exist, retrying with '.ApiDemos' activity name
[debug] &amp#27;[35m[ADB]&amp#27;[39m Running 'C:\Users\Anis\AppData\Local\Android\Sdk\platform-tools\adb.exe -P 5037 -s 55272e729804 shell am start -W -n io.appium.android.apis/.ApiDemos -S -a android.intent.action.MAIN -c android.intent.category.LAUNCHER -f 0x10200000'
[debug] &amp#27;[35m[ADB]&amp#27;[39m Waiting up to 20000ms for activity matching pkg: 'io.appium.android.apis' and activity: 'ApiDemos' to be focused
[debug] &amp#27;[35m[ADB]&amp#27;[39m Possible activities, to be checked: 'ApiDemos', 'io.appium.android.apis.ApiDemos'
[debug] &amp#27;[35m[ADB]&amp#27;[39m Getting focused package and activity
[debug] &amp#27;[35m[ADB]&amp#27;[39m Running 'C:\Users\Anis\AppData\Local\Android\Sdk\platform-tools\adb.exe -P 5037 -s 55272e729804 shell dumpsys window windows'
[debug] &amp#27;[35m[ADB]&amp#27;[39m Found package: 'io.appium.android.apis' and fully qualified activity name : 'io.appium.android.apis.ApiDemos'
[debug] &amp#27;[35m[WD Proxy]&amp#27;[39m Proxying [GET /appium/device/pixel_ratio] to [GET http://127.0.0.1:8213/wd/hub/session/436fbe5e-5b82-4500-ad7b-01acbcb70fc5/appium/device/pixel_ratio] with no body
[debug] &amp#27;[35m[WD Proxy]&amp#27;[39m Got response with status 200: {"sessionId":"436fbe5e-5b82-4500-ad7b-01acbcb70fc5","value":3}
[debug] &amp#27;[35m[WD Proxy]&amp#27;[39m Matched '/appium/device/system_bars' to command name 'getSystemBars'
[debug] &amp#27;[35m[WD Proxy]&amp#27;[39m Proxying [GET /appium/device/system_bars] to [GET http://127.0.0.1:8213/wd/hub/session/436fbe5e-5b82-4500-ad7b-01acbcb70fc5/appium/device/system_bars] with no body
[debug] &amp#27;[35m[WD Proxy]&amp#27;[39m Got response with status 200: {"sessionId":"436fbe5e-5b82-4500-ad7b-01acbcb70fc5","value":{"statusBar":72}}
[debug] &amp#27;[35m[WD Proxy]&amp#27;[39m Matched '/window/current/size' to command name 'getWindowSize'
[debug] &amp#27;[35m[WD Proxy]&amp#27;[39m Proxying [GET /window/current/size] to [GET http://127.0.0.1:8213/wd/hub/session/436fbe5e-5b82-4500-ad7b-01acbcb70fc5/window/current/size] with no body
[debug] &amp#27;[35m[WD Proxy]&amp#27;[39m Got response with status 200: {"sessionId":"436fbe5e-5b82-4500-ad7b-01acbcb70fc5","value":{"height":1920,"width":1080}}
&amp#27;[35m[Appium]&amp#27;[39m New AndroidUiautomator2Driver session created successfully, session 951857eb-976e-4ab6-a925-3362ff45aa31 added to master session list
[debug] &amp#27;[35m[BaseDriver]&amp#27;[39m Event 'newSessionStarted' logged at 1624011943990 (15:55:43 GMT+0530 (India Standard Time))
[debug] &amp#27;[35m[W3C (951857eb)]&amp#27;[39m Cached the protocol value 'W3C' for the new session 951857eb-976e-4ab6-a925-3362ff45aa31
[debug] &amp#27;[35m[W3C (951857eb)]&amp#27;[39m Responding to client with driver.createSession() result: {"capabilities":{"platform":"LINUX","webStorageEnabled":false,"takesScreenshot":true,"javascriptEnabled":true,"databaseEnabled":false,"networkConnectionEnabled":true,"locationContextEnabled":false,"warnings":{},"desired":{"platformName":"android","app":"C:\\Users\\Anis\\eclipse-workspace\\Appium\\src\\ApiDemos-debug.apk","deviceName":"Redmi","newCommandTimeout":14},"platformName":"android","app":"C:\\Users\\Anis\\eclipse-workspace\\Appium\\src\\ApiDemos-debug.apk","deviceName":"55272e729804","newCommandTimeout":14,"deviceUDID":"55272e729804","appPackage":"io.appium.android.apis","deviceApiLevel":24,"platformVersion":"7.0","deviceScreenSize":"1080x1920","deviceScreenDensity":480,"deviceModel":"Redmi Note 4","deviceManufacturer":"Xiaomi","pixelRatio":3,"statBarHeight":72,"viewportRect":{"left":0,"top":72,"width":1080,"height":1848}}}
&amp#27;[35m[HTTP]&amp#27;[39m &amp#27;[37m<-- POST /wd/hub/session &amp#27;[39m&amp#27;[32m200&amp#27;[39m &amp#27;[90m29403 ms - 904&amp#27;[39m
&amp#27;[35m[HTTP]&amp#27;[39m &amp#27;[90m&amp#27;[39m
&amp#27;[35m[HTTP]&amp#27;[39m &amp#27;[37m-->&amp#27;[39m &amp#27;[37mGET&amp#27;[39m &amp#27;[37m/wd/hub/session/951857eb-976e-4ab6-a925-3362ff45aa31&amp#27;[39m
&amp#27;[35m[HTTP]&amp#27;[39m &amp#27;[90m{}&amp#27;[39m
[debug] &amp#27;[35m[W3C (951857eb)]&amp#27;[39m Calling AppiumDriver.getSession() with args: ["951857eb-976e-4ab6-a925-3362ff45aa31"]
[debug] &amp#27;[35m[UiAutomator2]&amp#27;[39m Getting session details from server to mix in
[debug] &amp#27;[35m[WD Proxy]&amp#27;[39m Matched '/' to command name 'getSession'
[debug] &amp#27;[35m[WD Proxy]&amp#27;[39m Proxying [GET /] to [GET http://127.0.0.1:8213/wd/hub/session/436fbe5e-5b82-4500-ad7b-01acbcb70fc5] with no body
[debug] &amp#27;[35m[WD Proxy]&amp#27;[39m Got response with status 200: {"sessionId":"436fbe5e-5b82-4500-ad7b-01acbcb70fc5","value":{"lastScrollData":null}}
[debug] &amp#27;[35m[W3C (951857eb)]&amp#27;[39m Responding to client with driver.getSession() result: {"platform":"LINUX","webStorageEnabled":false,"takesScreenshot":true,"javascriptEnabled":true,"databaseEnabled":false,"networkConnectionEnabled":true,"locationContextEnabled":false,"warnings":{},"desired":{"platformName":"android","app":"C:\\Users\\Anis\\eclipse-workspace\\Appium\\src\\ApiDemos-debug.apk","deviceName":"Redmi","newCommandTimeout":14},"platformName":"android","app":"C:\\Users\\Anis\\eclipse-workspace\\Appium\\src\\ApiDemos-debug.apk","deviceName":"55272e729804","newCommandTimeout":14,"deviceUDID":"55272e729804","appPackage":"io.appium.android.apis","deviceApiLevel":24,"platformVersion":"7.0","deviceScreenSize":"1080x1920","deviceScreenDensity":480,"deviceModel":"Redmi Note 4","deviceManufacturer":"Xiaomi","pixelRatio":3,"statBarHeight":72,"viewportRect":{"left":0,"top":72,"width":1080,"height":1848},"lastScrollData":null}
&amp#27;[35m[HTTP]&amp#27;[39m &amp#27;[37m<-- GET /wd/hub/session/951857eb-976e-4ab6-a925-3362ff45aa31 &amp#27;[39m&amp#27;[32m200&amp#27;[39m &amp#27;[90m15 ms - 858&amp#27;[39m
&amp#27;[35m[HTTP]&amp#27;[39m &amp#27;[90m&amp#27;[39m
&amp#27;[35m[HTTP]&amp#27;[39m &amp#27;[37m-->&amp#27;[39m &amp#27;[37mGET&amp#27;[39m &amp#27;[37m/wd/hub/session/951857eb-976e-4ab6-a925-3362ff45aa31&amp#27;[39m
&amp#27;[35m[HTTP]&amp#27;[39m &amp#27;[90m{}&amp#27;[39m
[debug] &amp#27;[35m[W3C (951857eb)]&amp#27;[39m Calling AppiumDriver.getSession() with args: ["951857eb-976e-4ab6-a925-3362ff45aa31"]
[debug] &amp#27;[35m[UiAutomator2]&amp#27;[39m Getting session details from server to mix in
[debug] &amp#27;[35m[WD Proxy]&amp#27;[39m Matched '/' to command name 'getSession'
[debug] &amp#27;[35m[WD Proxy]&amp#27;[39m Proxying [GET /] to [GET http://127.0.0.1:8213/wd/hub/session/436fbe5e-5b82-4500-ad7b-01acbcb70fc5] with no body
[debug] &amp#27;[35m[WD Proxy]&amp#27;[39m Got response with status 200: {"sessionId":"436fbe5e-5b82-4500-ad7b-01acbcb70fc5","value":{"lastScrollData":null}}
[debug] &amp#27;[35m[W3C (951857eb)]&amp#27;[39m Responding to client with driver.getSession() result: {"platform":"LINUX","webStorageEnabled":false,"takesScreenshot":true,"javascriptEnabled":true,"databaseEnabled":false,"networkConnectionEnabled":true,"locationContextEnabled":false,"warnings":{},"desired":{"platformName":"android","app":"C:\\Users\\Anis\\eclipse-workspace\\Appium\\src\\ApiDemos-debug.apk","deviceName":"Redmi","newCommandTimeout":14},"platformName":"android","app":"C:\\Users\\Anis\\eclipse-workspace\\Appium\\src\\ApiDemos-debug.apk","deviceName":"55272e729804","newCommandTimeout":14,"deviceUDID":"55272e729804","appPackage":"io.appium.android.apis","deviceApiLevel":24,"platformVersion":"7.0","deviceScreenSize":"1080x1920","deviceScreenDensity":480,"deviceModel":"Redmi Note 4","deviceManufacturer":"Xiaomi","pixelRatio":3,"statBarHeight":72,"viewportRect":{"left":0,"top":72,"width":1080,"height":1848},"lastScrollData":null}
&amp#27;[35m[HTTP]&amp#27;[39m &amp#27;[37m<-- GET /wd/hub/session/951857eb-976e-4ab6-a925-3362ff45aa31 &amp#27;[39m&amp#27;[32m200&amp#27;[39m &amp#27;[90m12 ms - 858&amp#27;[39m
&amp#27;[35m[HTTP]&amp#27;[39m &amp#27;[90m&amp#27;[39m
&amp#27;[35m[HTTP]&amp#27;[39m &amp#27;[37m-->&amp#27;[39m &amp#27;[37mGET&amp#27;[39m &amp#27;[37m/wd/hub/session/951857eb-976e-4ab6-a925-3362ff45aa31&amp#27;[39m
&amp#27;[35m[HTTP]&amp#27;[39m &amp#27;[90m{}&amp#27;[39m
[debug] &amp#27;[35m[W3C (951857eb)]&amp#27;[39m Calling AppiumDriver.getSession() with args: ["951857eb-976e-4ab6-a925-3362ff45aa31"]
[debug] &amp#27;[35m[UiAutomator2]&amp#27;[39m Getting session details from server to mix in
[debug] &amp#27;[35m[WD Proxy]&amp#27;[39m Matched '/' to command name 'getSession'
[debug] &amp#27;[35m[WD Proxy]&amp#27;[39m Proxying [GET /] to [GET http://127.0.0.1:8213/wd/hub/session/436fbe5e-5b82-4500-ad7b-01acbcb70fc5] with no body
[debug] &amp#27;[35m[WD Proxy]&amp#27;[39m Got response with status 200: {"sessionId":"436fbe5e-5b82-4500-ad7b-01acbcb70fc5","value":{"lastScrollData":null}}
[debug] &amp#27;[35m[W3C (951857eb)]&amp#27;[39m Responding to client with driver.getSession() result: {"platform":"LINUX","webStorageEnabled":false,"takesScreenshot":true,"javascriptEnabled":true,"databaseEnabled":false,"networkConnectionEnabled":true,"locationContextEnabled":false,"warnings":{},"desired":{"platformName":"android","app":"C:\\Users\\Anis\\eclipse-workspace\\Appium\\src\\ApiDemos-debug.apk","deviceName":"Redmi","newCommandTimeout":14},"platformName":"android","app":"C:\\Users\\Anis\\eclipse-workspace\\Appium\\src\\ApiDemos-debug.apk","deviceName":"55272e729804","newCommandTimeout":14,"deviceUDID":"55272e729804","appPackage":"io.appium.android.apis","deviceApiLevel":24,"platformVersion":"7.0","deviceScreenSize":"1080x1920","deviceScreenDensity":480,"deviceModel":"Redmi Note 4","deviceManufacturer":"Xiaomi","pixelRatio":3,"statBarHeight":72,"viewportRect":{"left":0,"top":72,"width":1080,"height":1848},"lastScrollData":null}
&amp#27;[35m[HTTP]&amp#27;[39m &amp#27;[37m<-- GET /wd/hub/session/951857eb-976e-4ab6-a925-3362ff45aa31 &amp#27;[39m&amp#27;[32m200&amp#27;[39m &amp#27;[90m11 ms - 858&amp#27;[39m
&amp#27;[35m[HTTP]&amp#27;[39m &amp#27;[90m&amp#27;[39m
&amp#27;[35m[HTTP]&amp#27;[39m &amp#27;[37m-->&amp#27;[39m &amp#27;[37mGET&amp#27;[39m &amp#27;[37m/wd/hub/session/951857eb-976e-4ab6-a925-3362ff45aa31&amp#27;[39m
&amp#27;[35m[HTTP]&amp#27;[39m &amp#27;[90m{}&amp#27;[39m
[debug] &amp#27;[35m[W3C (951857eb)]&amp#27;[39m Calling AppiumDriver.getSession() with args: ["951857eb-976e-4ab6-a925-3362ff45aa31"]
[debug] &amp#27;[35m[UiAutomator2]&amp#27;[39m Getting session details from server to mix in
[debug] &amp#27;[35m[WD Proxy]&amp#27;[39m Matched '/' to command name 'getSession'
[debug] &amp#27;[35m[WD Proxy]&amp#27;[39m Proxying [GET /] to [GET http://127.0.0.1:8213/wd/hub/session/436fbe5e-5b82-4500-ad7b-01acbcb70fc5] with no body
[debug] &amp#27;[35m[WD Proxy]&amp#27;[39m Got response with status 200: {"sessionId":"436fbe5e-5b82-4500-ad7b-01acbcb70fc5","value":{"lastScrollData":null}}
[debug] &amp#27;[35m[W3C (951857eb)]&amp#27;[39m Responding to client with driver.getSession() result: {"platform":"LINUX","webStorageEnabled":false,"takesScreenshot":true,"javascriptEnabled":true,"databaseEnabled":false,"networkConnectionEnabled":true,"locationContextEnabled":false,"warnings":{},"desired":{"platformName":"android","app":"C:\\Users\\Anis\\eclipse-workspace\\Appium\\src\\ApiDemos-debug.apk","deviceName":"Redmi","newCommandTimeout":14},"platformName":"android","app":"C:\\Users\\Anis\\eclipse-workspace\\Appium\\src\\ApiDemos-debug.apk","deviceName":"55272e729804","newCommandTimeout":14,"deviceUDID":"55272e729804","appPackage":"io.appium.android.apis","deviceApiLevel":24,"platformVersion":"7.0","deviceScreenSize":"1080x1920","deviceScreenDensity":480,"deviceModel":"Redmi Note 4","deviceManufacturer":"Xiaomi","pixelRatio":3,"statBarHeight":72,"viewportRect":{"left":0,"top":72,"width":1080,"height":1848},"lastScrollData":null}
&amp#27;[35m[HTTP]&amp#27;[39m &amp#27;[37m<-- GET /wd/hub/session/951857eb-976e-4ab6-a925-3362ff45aa31 &amp#27;[39m&amp#27;[32m200&amp#27;[39m &amp#27;[90m9 ms - 858&amp#27;[39m
&amp#27;[35m[HTTP]&amp#27;[39m &amp#27;[90m&amp#27;[39m
&amp#27;[35m[HTTP]&amp#27;[39m &amp#27;[37m-->&amp#27;[39m &amp#27;[37mPOST&amp#27;[39m &amp#27;[37m/wd/hub/session/951857eb-976e-4ab6-a925-3362ff45aa31/timeouts&amp#27;[39m
&amp#27;[35m[HTTP]&amp#27;[39m &amp#27;[90m{"implicit":10000}&amp#27;[39m
[debug] &amp#27;[35m[W3C (951857eb)]&amp#27;[39m Calling AppiumDriver.timeouts() with args: [null,null,null,null,10000,"951857eb-976e-4ab6-a925-3362ff45aa31"]
[debug] &amp#27;[35m[BaseDriver]&amp#27;[39m W3C timeout argument: {"implicit":10000}}
[debug] &amp#27;[35m[BaseDriver]&amp#27;[39m Set implicit wait to 10000ms
[debug] &amp#27;[35m[W3C (951857eb)]&amp#27;[39m Responding to client with driver.timeouts() result: null
&amp#27;[35m[HTTP]&amp#27;[39m &amp#27;[37m<-- POST /wd/hub/session/951857eb-976e-4ab6-a925-3362ff45aa31/timeouts &amp#27;[39m&amp#27;[32m200&amp#27;[39m &amp#27;[90m6 ms - 14&amp#27;[39m
&amp#27;[35m[HTTP]&amp#27;[39m &amp#27;[90m&amp#27;[39m
[INFO ] 2021-06-18 15:55:44.104 [main] Listeners - *******************ApiDemoTest.contentTest started*******************
&amp#27;[35m[HTTP]&amp#27;[39m &amp#27;[37m-->&amp#27;[39m &amp#27;[37mGET&amp#27;[39m &amp#27;[37m/wd/hub/session/951857eb-976e-4ab6-a925-3362ff45aa31&amp#27;[39m
&amp#27;[35m[HTTP]&amp#27;[39m &amp#27;[90m{}&amp#27;[39m
[debug] &amp#27;[35m[W3C (951857eb)]&amp#27;[39m Calling AppiumDriver.getSession() with args: ["951857eb-976e-4ab6-a925-3362ff45aa31"]
[debug] &amp#27;[35m[UiAutomator2]&amp#27;[39m Getting session details from server to mix in
[debug] &amp#27;[35m[WD Proxy]&amp#27;[39m Matched '/' to command name 'getSession'
[debug] &amp#27;[35m[WD Proxy]&amp#27;[39m Proxying [GET /] to [GET http://127.0.0.1:8213/wd/hub/session/436fbe5e-5b82-4500-ad7b-01acbcb70fc5] with no body
[debug] &amp#27;[35m[WD Proxy]&amp#27;[39m Got response with status 200: {"sessionId":"436fbe5e-5b82-4500-ad7b-01acbcb70fc5","value":{"lastScrollData":null}}
[debug] &amp#27;[35m[W3C (951857eb)]&amp#27;[39m Responding to client with driver.getSession() result: {"platform":"LINUX","webStorageEnabled":false,"takesScreenshot":true,"javascriptEnabled":true,"databaseEnabled":false,"networkConnectionEnabled":true,"locationContextEnabled":false,"warnings":{},"desired":{"platformName":"android","app":"C:\\Users\\Anis\\eclipse-workspace\\Appium\\src\\ApiDemos-debug.apk","deviceName":"Redmi","newCommandTimeout":14},"platformName":"android","app":"C:\\Users\\Anis\\eclipse-workspace\\Appium\\src\\ApiDemos-debug.apk","deviceName":"55272e729804","newCommandTimeout":14,"deviceUDID":"55272e729804","appPackage":"io.appium.android.apis","deviceApiLevel":24,"platformVersion":"7.0","deviceScreenSize":"1080x1920","deviceScreenDensity":480,"deviceModel":"Redmi Note 4","deviceManufacturer":"Xiaomi","pixelRatio":3,"statBarHeight":72,"viewportRect":{"left":0,"top":72,"width":1080,"height":1848},"lastScrollData":null}
&amp#27;[35m[HTTP]&amp#27;[39m &amp#27;[37m<-- GET /wd/hub/session/951857eb-976e-4ab6-a925-3362ff45aa31 &amp#27;[39m&amp#27;[32m200&amp#27;[39m &amp#27;[90m9 ms - 858&amp#27;[39m
&amp#27;[35m[HTTP]&amp#27;[39m &amp#27;[90m&amp#27;[39m
&amp#27;[35m[HTTP]&amp#27;[39m &amp#27;[37m-->&amp#27;[39m &amp#27;[37mGET&amp#27;[39m &amp#27;[37m/wd/hub/session/951857eb-976e-4ab6-a925-3362ff45aa31&amp#27;[39m
&amp#27;[35m[HTTP]&amp#27;[39m &amp#27;[90m{}&amp#27;[39m
[debug] &amp#27;[35m[W3C (951857eb)]&amp#27;[39m Calling AppiumDriver.getSession() with args: ["951857eb-976e-4ab6-a925-3362ff45aa31"]
[debug] &amp#27;[35m[UiAutomator2]&amp#27;[39m Getting session details from server to mix in
[debug] &amp#27;[35m[WD Proxy]&amp#27;[39m Matched '/' to command name 'getSession'
[debug] &amp#27;[35m[WD Proxy]&amp#27;[39m Proxying [GET /] to [GET http://127.0.0.1:8213/wd/hub/session/436fbe5e-5b82-4500-ad7b-01acbcb70fc5] with no body
[debug] &amp#27;[35m[WD Proxy]&amp#27;[39m Got response with status 200: {"sessionId":"436fbe5e-5b82-4500-ad7b-01acbcb70fc5","value":{"lastScrollData":null}}
[debug] &amp#27;[35m[W3C (951857eb)]&amp#27;[39m Responding to client with driver.getSession() result: {"platform":"LINUX","webStorageEnabled":false,"takesScreenshot":true,"javascriptEnabled":true,"databaseEnabled":false,"networkConnectionEnabled":true,"locationContextEnabled":false,"warnings":{},"desired":{"platformName":"android","app":"C:\\Users\\Anis\\eclipse-workspace\\Appium\\src\\ApiDemos-debug.apk","deviceName":"Redmi","newCommandTimeout":14},"platformName":"android","app":"C:\\Users\\Anis\\eclipse-workspace\\Appium\\src\\ApiDemos-debug.apk","deviceName":"55272e729804","newCommandTimeout":14,"deviceUDID":"55272e729804","appPackage":"io.appium.android.apis","deviceApiLevel":24,"platformVersion":"7.0","deviceScreenSize":"1080x1920","deviceScreenDensity":480,"deviceModel":"Redmi Note 4","deviceManufacturer":"Xiaomi","pixelRatio":3,"statBarHeight":72,"viewportRect":{"left":0,"top":72,"width":1080,"height":1848},"lastScrollData":null}
&amp#27;[35m[HTTP]&amp#27;[39m &amp#27;[37m<-- GET /wd/hub/session/951857eb-976e-4ab6-a925-3362ff45aa31 &amp#27;[39m&amp#27;[32m200&amp#27;[39m &amp#27;[90m10 ms - 858&amp#27;[39m
&amp#27;[35m[HTTP]&amp#27;[39m &amp#27;[90m&amp#27;[39m
[INFO ] 2021-06-18 15:55:44.136 [main] ExplicitWait - Waiting for element to be visible: Located by By.chained({By.xpath: //android.widget.TextView[@content-desc="Content"]})
[INFO ] 2021-06-18 15:55:44.136 [main] ExplicitWait - Waiting for element to be visible: Located by By.chained({By.xpath: //android.widget.TextView[@content-desc="Content"]})
&amp#27;[35m[HTTP]&amp#27;[39m &amp#27;[37m-->&amp#27;[39m &amp#27;[37mPOST&amp#27;[39m &amp#27;[37m/wd/hub/session/951857eb-976e-4ab6-a925-3362ff45aa31/timeouts&amp#27;[39m
&amp#27;[35m[HTTP]&amp#27;[39m &amp#27;[90m{"implicit":0}&amp#27;[39m
[debug] &amp#27;[35m[W3C (951857eb)]&amp#27;[39m Calling AppiumDriver.timeouts() with args: [null,null,null,null,0,"951857eb-976e-4ab6-a925-3362ff45aa31"]
[debug] &amp#27;[35m[BaseDriver]&amp#27;[39m W3C timeout argument: {"implicit":0}}
[debug] &amp#27;[35m[BaseDriver]&amp#27;[39m Set implicit wait to 0ms
[debug] &amp#27;[35m[W3C (951857eb)]&amp#27;[39m Responding to client with driver.timeouts() result: null
&amp#27;[35m[HTTP]&amp#27;[39m &amp#27;[37m<-- POST /wd/hub/session/951857eb-976e-4ab6-a925-3362ff45aa31/timeouts &amp#27;[39m&amp#27;[32m200&amp#27;[39m &amp#27;[90m5 ms - 14&amp#27;[39m
&amp#27;[35m[HTTP]&amp#27;[39m &amp#27;[90m&amp#27;[39m
&amp#27;[35m[HTTP]&amp#27;[39m &amp#27;[37m-->&amp#27;[39m &amp#27;[37mGET&amp#27;[39m &amp#27;[37m/wd/hub/session/951857eb-976e-4ab6-a925-3362ff45aa31&amp#27;[39m
&amp#27;[35m[HTTP]&amp#27;[39m &amp#27;[90m{}&amp#27;[39m
[debug] &amp#27;[35m[W3C (951857eb)]&amp#27;[39m Calling AppiumDriver.getSession() with args: ["951857eb-976e-4ab6-a925-3362ff45aa31"]
[debug] &amp#27;[35m[UiAutomator2]&amp#27;[39m Getting session details from server to mix in
[debug] &amp#27;[35m[WD Proxy]&amp#27;[39m Matched '/' to command name 'getSession'
[debug] &amp#27;[35m[WD Proxy]&amp#27;[39m Proxying [GET /] to [GET http://127.0.0.1:8213/wd/hub/session/436fbe5e-5b82-4500-ad7b-01acbcb70fc5] with no body
[debug] &amp#27;[35m[WD Proxy]&amp#27;[39m Got response with status 200: {"sessionId":"436fbe5e-5b82-4500-ad7b-01acbcb70fc5","value":{"lastScrollData":null}}
[debug] &amp#27;[35m[W3C (951857eb)]&amp#27;[39m Responding to client with driver.getSession() result: {"platform":"LINUX","webStorageEnabled":false,"takesScreenshot":true,"javascriptEnabled":true,"databaseEnabled":false,"networkConnectionEnabled":true,"locationContextEnabled":false,"warnings":{},"desired":{"platformName":"android","app":"C:\\Users\\Anis\\eclipse-workspace\\Appium\\src\\ApiDemos-debug.apk","deviceName":"Redmi","newCommandTimeout":14},"platformName":"android","app":"C:\\Users\\Anis\\eclipse-workspace\\Appium\\src\\ApiDemos-debug.apk","deviceName":"55272e729804","newCommandTimeout":14,"deviceUDID":"55272e729804","appPackage":"io.appium.android.apis","deviceApiLevel":24,"platformVersion":"7.0","deviceScreenSize":"1080x1920","deviceScreenDensity":480,"deviceModel":"Redmi Note 4","deviceManufacturer":"Xiaomi","pixelRatio":3,"statBarHeight":72,"viewportRect":{"left":0,"top":72,"width":1080,"height":1848},"lastScrollData":null}
&amp#27;[35m[HTTP]&amp#27;[39m &amp#27;[37m<-- GET /wd/hub/session/951857eb-976e-4ab6-a925-3362ff45aa31 &amp#27;[39m&amp#27;[32m200&amp#27;[39m &amp#27;[90m10 ms - 858&amp#27;[39m
&amp#27;[35m[HTTP]&amp#27;[39m &amp#27;[90m&amp#27;[39m
&amp#27;[35m[HTTP]&amp#27;[39m &amp#27;[37m-->&amp#27;[39m &amp#27;[37mPOST&amp#27;[39m &amp#27;[37m/wd/hub/session/951857eb-976e-4ab6-a925-3362ff45aa31/element&amp#27;[39m
&amp#27;[35m[HTTP]&amp#27;[39m &amp#27;[90m{"using":"xpath","value":"//android.widget.TextView[@content-desc=\"Content\"]"}&amp#27;[39m
[debug] &amp#27;[35m[W3C (951857eb)]&amp#27;[39m Calling AppiumDriver.findElement() with args: ["xpath","//android.widget.TextView[@content-desc=\"Content\"]","951857eb-976e-4ab6-a925-3362ff45aa31"]
[debug] &amp#27;[35m[BaseDriver]&amp#27;[39m Valid locator strategies for this request: xpath, id, class name, accessibility id, css selector, -android uiautomator
[debug] &amp#27;[35m[BaseDriver]&amp#27;[39m Waiting up to 0 ms for condition
[debug] &amp#27;[35m[WD Proxy]&amp#27;[39m Matched '/element' to command name 'findElement'
[debug] &amp#27;[35m[WD Proxy]&amp#27;[39m Proxying [POST /element] to [POST http://127.0.0.1:8213/wd/hub/session/436fbe5e-5b82-4500-ad7b-01acbcb70fc5/element] with body: {"strategy":"xpath","selector":"//android.widget.TextView[@content-desc=\"Content\"]","context":"","multiple":false}
[debug] &amp#27;[35m[WD Proxy]&amp#27;[39m Got response with status 200: {"sessionId":"436fbe5e-5b82-4500-ad7b-01acbcb70fc5","value":{"ELEMENT":"bb5f1881-42e3-47ce-a217-87666f9854c8","element-6066-11e4-a52e-4f735466cecf":"bb5f1881-42e3-47ce-a217-87666f9854c8"}}
[debug] &amp#27;[35m[W3C (951857eb)]&amp#27;[39m Responding to client with driver.findElement() result: {"element-6066-11e4-a52e-4f735466cecf":"bb5f1881-42e3-47ce-a217-87666f9854c8","ELEMENT":"bb5f1881-42e3-47ce-a217-87666f9854c8"}
&amp#27;[35m[HTTP]&amp#27;[39m &amp#27;[37m<-- POST /wd/hub/session/951857eb-976e-4ab6-a925-3362ff45aa31/element &amp#27;[39m&amp#27;[32m200&amp#27;[39m &amp#27;[90m275 ms - 137&amp#27;[39m
&amp#27;[35m[HTTP]&amp#27;[39m &amp#27;[90m&amp#27;[39m
&amp#27;[35m[HTTP]&amp#27;[39m &amp#27;[37m-->&amp#27;[39m &amp#27;[37mGET&amp#27;[39m &amp#27;[37m/wd/hub/session/951857eb-976e-4ab6-a925-3362ff45aa31/element/bb5f1881-42e3-47ce-a217-87666f9854c8/displayed&amp#27;[39m
&amp#27;[35m[HTTP]&amp#27;[39m &amp#27;[90m{}&amp#27;[39m
[debug] &amp#27;[35m[W3C (951857eb)]&amp#27;[39m Calling AppiumDriver.elementDisplayed() with args: ["bb5f1881-42e3-47ce-a217-87666f9854c8","951857eb-976e-4ab6-a925-3362ff45aa31"]
[debug] &amp#27;[35m[WD Proxy]&amp#27;[39m Matched '/element/bb5f1881-42e3-47ce-a217-87666f9854c8/attribute/displayed' to command name 'getAttribute'
[debug] &amp#27;[35m[WD Proxy]&amp#27;[39m Proxying [GET /element/bb5f1881-42e3-47ce-a217-87666f9854c8/attribute/displayed] to [GET http://127.0.0.1:8213/wd/hub/session/436fbe5e-5b82-4500-ad7b-01acbcb70fc5/element/bb5f1881-42e3-47ce-a217-87666f9854c8/attribute/displayed] with no body
[debug] &amp#27;[35m[WD Proxy]&amp#27;[39m Got response with status 200: {"sessionId":"436fbe5e-5b82-4500-ad7b-01acbcb70fc5","value":"true"}
[debug] &amp#27;[35m[W3C (951857eb)]&amp#27;[39m Responding to client with driver.elementDisplayed() result: true
&amp#27;[35m[HTTP]&amp#27;[39m &amp#27;[37m<-- GET /wd/hub/session/951857eb-976e-4ab6-a925-3362ff45aa31/element/bb5f1881-42e3-47ce-a217-87666f9854c8/displayed &amp#27;[39m&amp#27;[32m200&amp#27;[39m &amp#27;[90m19 ms - 14&amp#27;[39m
&amp#27;[35m[HTTP]&amp#27;[39m &amp#27;[90m&amp#27;[39m
&amp#27;[35m[HTTP]&amp#27;[39m &amp#27;[37m-->&amp#27;[39m &amp#27;[37mPOST&amp#27;[39m &amp#27;[37m/wd/hub/session/951857eb-976e-4ab6-a925-3362ff45aa31/timeouts&amp#27;[39m
&amp#27;[35m[HTTP]&amp#27;[39m &amp#27;[90m{"implicit":10000}&amp#27;[39m
[debug] &amp#27;[35m[W3C (951857eb)]&amp#27;[39m Calling AppiumDriver.timeouts() with args: [null,null,null,null,10000,"951857eb-976e-4ab6-a925-3362ff45aa31"]
[debug] &amp#27;[35m[BaseDriver]&amp#27;[39m W3C timeout argument: {"implicit":10000}}
[debug] &amp#27;[35m[BaseDriver]&amp#27;[39m Set implicit wait to 10000ms
[debug] &amp#27;[35m[W3C (951857eb)]&amp#27;[39m Responding to client with driver.timeouts() result: null
&amp#27;[35m[HTTP]&amp#27;[39m &amp#27;[37m<-- POST /wd/hub/session/951857eb-976e-4ab6-a925-3362ff45aa31/timeouts &amp#27;[39m&amp#27;[32m200&amp#27;[39m &amp#27;[90m6 ms - 14&amp#27;[39m
&amp#27;[35m[HTTP]&amp#27;[39m &amp#27;[90m&amp#27;[39m
[INFO ] 2021-06-18 15:55:44.500 [main] HomePage - Clicks The Content
[INFO ] 2021-06-18 15:55:44.500 [main] ExplicitWait - Waiting for element to be clickable: Located by By.chained({By.xpath: //android.widget.TextView[@content-desc="Content"]})
&amp#27;[35m[HTTP]&amp#27;[39m &amp#27;[37m-->&amp#27;[39m &amp#27;[37mPOST&amp#27;[39m &amp#27;[37m/wd/hub/session/951857eb-976e-4ab6-a925-3362ff45aa31/timeouts&amp#27;[39m
&amp#27;[35m[HTTP]&amp#27;[39m &amp#27;[90m{"implicit":0}&amp#27;[39m
[debug] &amp#27;[35m[W3C (951857eb)]&amp#27;[39m Calling AppiumDriver.timeouts() with args: [null,null,null,null,0,"951857eb-976e-4ab6-a925-3362ff45aa31"]
[debug] &amp#27;[35m[BaseDriver]&amp#27;[39m W3C timeout argument: {"implicit":0}}
[debug] &amp#27;[35m[BaseDriver]&amp#27;[39m Set implicit wait to 0ms
[debug] &amp#27;[35m[W3C (951857eb)]&amp#27;[39m Responding to client with driver.timeouts() result: null
&amp#27;[35m[HTTP]&amp#27;[39m &amp#27;[37m<-- POST /wd/hub/session/951857eb-976e-4ab6-a925-3362ff45aa31/timeouts &amp#27;[39m&amp#27;[32m200&amp#27;[39m &amp#27;[90m3 ms - 14&amp#27;[39m
&amp#27;[35m[HTTP]&amp#27;[39m &amp#27;[90m&amp#27;[39m
&amp#27;[35m[HTTP]&amp#27;[39m &amp#27;[37m-->&amp#27;[39m &amp#27;[37mGET&amp#27;[39m &amp#27;[37m/wd/hub/session/951857eb-976e-4ab6-a925-3362ff45aa31&amp#27;[39m
&amp#27;[35m[HTTP]&amp#27;[39m &amp#27;[90m{}&amp#27;[39m
[debug] &amp#27;[35m[W3C (951857eb)]&amp#27;[39m Calling AppiumDriver.getSession() with args: ["951857eb-976e-4ab6-a925-3362ff45aa31"]
[debug] &amp#27;[35m[UiAutomator2]&amp#27;[39m Getting session details from server to mix in
[debug] &amp#27;[35m[WD Proxy]&amp#27;[39m Matched '/' to command name 'getSession'
[debug] &amp#27;[35m[WD Proxy]&amp#27;[39m Proxying [GET /] to [GET http://127.0.0.1:8213/wd/hub/session/436fbe5e-5b82-4500-ad7b-01acbcb70fc5] with no body
[debug] &amp#27;[35m[WD Proxy]&amp#27;[39m Got response with status 200: {"sessionId":"436fbe5e-5b82-4500-ad7b-01acbcb70fc5","value":{"lastScrollData":null}}
[debug] &amp#27;[35m[W3C (951857eb)]&amp#27;[39m Responding to client with driver.getSession() result: {"platform":"LINUX","webStorageEnabled":false,"takesScreenshot":true,"javascriptEnabled":true,"databaseEnabled":false,"networkConnectionEnabled":true,"locationContextEnabled":false,"warnings":{},"desired":{"platformName":"android","app":"C:\\Users\\Anis\\eclipse-workspace\\Appium\\src\\ApiDemos-debug.apk","deviceName":"Redmi","newCommandTimeout":14},"platformName":"android","app":"C:\\Users\\Anis\\eclipse-workspace\\Appium\\src\\ApiDemos-debug.apk","deviceName":"55272e729804","newCommandTimeout":14,"deviceUDID":"55272e729804","appPackage":"io.appium.android.apis","deviceApiLevel":24,"platformVersion":"7.0","deviceScreenSize":"1080x1920","deviceScreenDensity":480,"deviceModel":"Redmi Note 4","deviceManufacturer":"Xiaomi","pixelRatio":3,"statBarHeight":72,"viewportRect":{"left":0,"top":72,"width":1080,"height":1848},"lastScrollData":null}
&amp#27;[35m[HTTP]&amp#27;[39m &amp#27;[37m<-- GET /wd/hub/session/951857eb-976e-4ab6-a925-3362ff45aa31 &amp#27;[39m&amp#27;[32m200&amp#27;[39m &amp#27;[90m10 ms - 858&amp#27;[39m
&amp#27;[35m[HTTP]&amp#27;[39m &amp#27;[90m&amp#27;[39m
&amp#27;[35m[HTTP]&amp#27;[39m &amp#27;[37m-->&amp#27;[39m &amp#27;[37mPOST&amp#27;[39m &amp#27;[37m/wd/hub/session/951857eb-976e-4ab6-a925-3362ff45aa31/element&amp#27;[39m
&amp#27;[35m[HTTP]&amp#27;[39m &amp#27;[90m{"using":"xpath","value":"//android.widget.TextView[@content-desc=\"Content\"]"}&amp#27;[39m
[debug] &amp#27;[35m[W3C (951857eb)]&amp#27;[39m Calling AppiumDriver.findElement() with args: ["xpath","//android.widget.TextView[@content-desc=\"Content\"]","951857eb-976e-4ab6-a925-3362ff45aa31"]
[debug] &amp#27;[35m[BaseDriver]&amp#27;[39m Valid locator strategies for this request: xpath, id, class name, accessibility id, css selector, -android uiautomator
[debug] &amp#27;[35m[BaseDriver]&amp#27;[39m Waiting up to 0 ms for condition
[debug] &amp#27;[35m[WD Proxy]&amp#27;[39m Matched '/element' to command name 'findElement'
[debug] &amp#27;[35m[WD Proxy]&amp#27;[39m Proxying [POST /element] to [POST http://127.0.0.1:8213/wd/hub/session/436fbe5e-5b82-4500-ad7b-01acbcb70fc5/element] with body: {"strategy":"xpath","selector":"//android.widget.TextView[@content-desc=\"Content\"]","context":"","multiple":false}
[debug] &amp#27;[35m[WD Proxy]&amp#27;[39m Got response with status 200: {"sessionId":"436fbe5e-5b82-4500-ad7b-01acbcb70fc5","value":{"ELEMENT":"176d371a-22c6-4daa-b259-99473dbc5bb4","element-6066-11e4-a52e-4f735466cecf":"176d371a-22c6-4daa-b259-99473dbc5bb4"}}
[debug] &amp#27;[35m[W3C (951857eb)]&amp#27;[39m Responding to client with driver.findElement() result: {"element-6066-11e4-a52e-4f735466cecf":"176d371a-22c6-4daa-b259-99473dbc5bb4","ELEMENT":"176d371a-22c6-4daa-b259-99473dbc5bb4"}
&amp#27;[35m[HTTP]&amp#27;[39m &amp#27;[37m<-- POST /wd/hub/session/951857eb-976e-4ab6-a925-3362ff45aa31/element &amp#27;[39m&amp#27;[32m200&amp#27;[39m &amp#27;[90m468 ms - 137&amp#27;[39m
&amp#27;[35m[HTTP]&amp#27;[39m &amp#27;[90m&amp#27;[39m
&amp#27;[35m[HTTP]&amp#27;[39m &amp#27;[37m-->&amp#27;[39m &amp#27;[37mGET&amp#27;[39m &amp#27;[37m/wd/hub/session/951857eb-976e-4ab6-a925-3362ff45aa31/element/176d371a-22c6-4daa-b259-99473dbc5bb4/displayed&amp#27;[39m
&amp#27;[35m[HTTP]&amp#27;[39m &amp#27;[90m{}&amp#27;[39m
[debug] &amp#27;[35m[W3C (951857eb)]&amp#27;[39m Calling AppiumDriver.elementDisplayed() with args: ["176d371a-22c6-4daa-b259-99473dbc5bb4","951857eb-976e-4ab6-a925-3362ff45aa31"]
[debug] &amp#27;[35m[WD Proxy]&amp#27;[39m Matched '/element/176d371a-22c6-4daa-b259-99473dbc5bb4/attribute/displayed' to command name 'getAttribute'
[debug] &amp#27;[35m[WD Proxy]&amp#27;[39m Proxying [GET /element/176d371a-22c6-4daa-b259-99473dbc5bb4/attribute/displayed] to [GET http://127.0.0.1:8213/wd/hub/session/436fbe5e-5b82-4500-ad7b-01acbcb70fc5/element/176d371a-22c6-4daa-b259-99473dbc5bb4/attribute/displayed] with no body
[debug] &amp#27;[35m[WD Proxy]&amp#27;[39m Got response with status 200: {"sessionId":"436fbe5e-5b82-4500-ad7b-01acbcb70fc5","value":"true"}
[debug] &amp#27;[35m[W3C (951857eb)]&amp#27;[39m Responding to client with driver.elementDisplayed() result: true
&amp#27;[35m[HTTP]&amp#27;[39m &amp#27;[37m<-- GET /wd/hub/session/951857eb-976e-4ab6-a925-3362ff45aa31/element/176d371a-22c6-4daa-b259-99473dbc5bb4/displayed &amp#27;[39m&amp#27;[32m200&amp#27;[39m &amp#27;[90m16 ms - 14&amp#27;[39m
&amp#27;[35m[HTTP]&amp#27;[39m &amp#27;[90m&amp#27;[39m
&amp#27;[35m[HTTP]&amp#27;[39m &amp#27;[37m-->&amp#27;[39m &amp#27;[37mGET&amp#27;[39m &amp#27;[37m/wd/hub/session/951857eb-976e-4ab6-a925-3362ff45aa31&amp#27;[39m
&amp#27;[35m[HTTP]&amp#27;[39m &amp#27;[90m{}&amp#27;[39m
[debug] &amp#27;[35m[W3C (951857eb)]&amp#27;[39m Calling AppiumDriver.getSession() with args: ["951857eb-976e-4ab6-a925-3362ff45aa31"]
[debug] &amp#27;[35m[UiAutomator2]&amp#27;[39m Getting session details from server to mix in
[debug] &amp#27;[35m[WD Proxy]&amp#27;[39m Matched '/' to command name 'getSession'
[debug] &amp#27;[35m[WD Proxy]&amp#27;[39m Proxying [GET /] to [GET http://127.0.0.1:8213/wd/hub/session/436fbe5e-5b82-4500-ad7b-01acbcb70fc5] with no body
[debug] &amp#27;[35m[WD Proxy]&amp#27;[39m Got response with status 200: {"sessionId":"436fbe5e-5b82-4500-ad7b-01acbcb70fc5","value":{"lastScrollData":null}}
[debug] &amp#27;[35m[W3C (951857eb)]&amp#27;[39m Responding to client with driver.getSession() result: {"platform":"LINUX","webStorageEnabled":false,"takesScreenshot":true,"javascriptEnabled":true,"databaseEnabled":false,"networkConnectionEnabled":true,"locationContextEnabled":false,"warnings":{},"desired":{"platformName":"android","app":"C:\\Users\\Anis\\eclipse-workspace\\Appium\\src\\ApiDemos-debug.apk","deviceName":"Redmi","newCommandTimeout":14},"platformName":"android","app":"C:\\Users\\Anis\\eclipse-workspace\\Appium\\src\\ApiDemos-debug.apk","deviceName":"55272e729804","newCommandTimeout":14,"deviceUDID":"55272e729804","appPackage":"io.appium.android.apis","deviceApiLevel":24,"platformVersion":"7.0","deviceScreenSize":"1080x1920","deviceScreenDensity":480,"deviceModel":"Redmi Note 4","deviceManufacturer":"Xiaomi","pixelRatio":3,"statBarHeight":72,"viewportRect":{"left":0,"top":72,"width":1080,"height":1848},"lastScrollData":null}
&amp#27;[35m[HTTP]&amp#27;[39m &amp#27;[37m<-- GET /wd/hub/session/951857eb-976e-4ab6-a925-3362ff45aa31 &amp#27;[39m&amp#27;[32m200&amp#27;[39m &amp#27;[90m11 ms - 858&amp#27;[39m
&amp#27;[35m[HTTP]&amp#27;[39m &amp#27;[90m&amp#27;[39m
&amp#27;[35m[HTTP]&amp#27;[39m &amp#27;[37m-->&amp#27;[39m &amp#27;[37mPOST&amp#27;[39m &amp#27;[37m/wd/hub/session/951857eb-976e-4ab6-a925-3362ff45aa31/element&amp#27;[39m
&amp#27;[35m[HTTP]&amp#27;[39m &amp#27;[90m{"using":"xpath","value":"//android.widget.TextView[@content-desc=\"Content\"]"}&amp#27;[39m
[debug] &amp#27;[35m[W3C (951857eb)]&amp#27;[39m Calling AppiumDriver.findElement() with args: ["xpath","//android.widget.TextView[@content-desc=\"Content\"]","951857eb-976e-4ab6-a925-3362ff45aa31"]
[debug] &amp#27;[35m[BaseDriver]&amp#27;[39m Valid locator strategies for this request: xpath, id, class name, accessibility id, css selector, -android uiautomator
[debug] &amp#27;[35m[BaseDriver]&amp#27;[39m Waiting up to 0 ms for condition
[debug] &amp#27;[35m[WD Proxy]&amp#27;[39m Matched '/element' to command name 'findElement'
[debug] &amp#27;[35m[WD Proxy]&amp#27;[39m Proxying [POST /element] to [POST http://127.0.0.1:8213/wd/hub/session/436fbe5e-5b82-4500-ad7b-01acbcb70fc5/element] with body: {"strategy":"xpath","selector":"//android.widget.TextView[@content-desc=\"Content\"]","context":"","multiple":false}
[debug] &amp#27;[35m[WD Proxy]&amp#27;[39m Got response with status 200: {"sessionId":"436fbe5e-5b82-4500-ad7b-01acbcb70fc5","value":{"ELEMENT":"3f039aa2-063c-44bd-9dff-918d3d88b854","element-6066-11e4-a52e-4f735466cecf":"3f039aa2-063c-44bd-9dff-918d3d88b854"}}
[debug] &amp#27;[35m[W3C (951857eb)]&amp#27;[39m Responding to client with driver.findElement() result: {"element-6066-11e4-a52e-4f735466cecf":"3f039aa2-063c-44bd-9dff-918d3d88b854","ELEMENT":"3f039aa2-063c-44bd-9dff-918d3d88b854"}
&amp#27;[35m[HTTP]&amp#27;[39m &amp#27;[37m<-- POST /wd/hub/session/951857eb-976e-4ab6-a925-3362ff45aa31/element &amp#27;[39m&amp#27;[32m200&amp#27;[39m &amp#27;[90m36 ms - 137&amp#27;[39m
&amp#27;[35m[HTTP]&amp#27;[39m &amp#27;[90m&amp#27;[39m
&amp#27;[35m[HTTP]&amp#27;[39m &amp#27;[37m-->&amp#27;[39m &amp#27;[37mGET&amp#27;[39m &amp#27;[37m/wd/hub/session/951857eb-976e-4ab6-a925-3362ff45aa31/element/3f039aa2-063c-44bd-9dff-918d3d88b854/enabled&amp#27;[39m
&amp#27;[35m[HTTP]&amp#27;[39m &amp#27;[90m{}&amp#27;[39m
[debug] &amp#27;[35m[W3C (951857eb)]&amp#27;[39m Calling AppiumDriver.elementEnabled() with args: ["3f039aa2-063c-44bd-9dff-918d3d88b854","951857eb-976e-4ab6-a925-3362ff45aa31"]
[debug] &amp#27;[35m[WD Proxy]&amp#27;[39m Matched '/element/3f039aa2-063c-44bd-9dff-918d3d88b854/attribute/enabled' to command name 'getAttribute'
[debug] &amp#27;[35m[WD Proxy]&amp#27;[39m Proxying [GET /element/3f039aa2-063c-44bd-9dff-918d3d88b854/attribute/enabled] to [GET http://127.0.0.1:8213/wd/hub/session/436fbe5e-5b82-4500-ad7b-01acbcb70fc5/element/3f039aa2-063c-44bd-9dff-918d3d88b854/attribute/enabled] with no body
[debug] &amp#27;[35m[WD Proxy]&amp#27;[39m Got response with status 200: {"sessionId":"436fbe5e-5b82-4500-ad7b-01acbcb70fc5","value":"true"}
[debug] &amp#27;[35m[W3C (951857eb)]&amp#27;[39m Responding to client with driver.elementEnabled() result: true
&amp#27;[35m[HTTP]&amp#27;[39m &amp#27;[37m<-- GET /wd/hub/session/951857eb-976e-4ab6-a925-3362ff45aa31/element/3f039aa2-063c-44bd-9dff-918d3d88b854/enabled &amp#27;[39m&amp#27;[32m200&amp#27;[39m &amp#27;[90m43 ms - 14&amp#27;[39m
&amp#27;[35m[HTTP]&amp#27;[39m &amp#27;[90m&amp#27;[39m
&amp#27;[35m[HTTP]&amp#27;[39m &amp#27;[37m-->&amp#27;[39m &amp#27;[37mPOST&amp#27;[39m &amp#27;[37m/wd/hub/session/951857eb-976e-4ab6-a925-3362ff45aa31/timeouts&amp#27;[39m
&amp#27;[35m[HTTP]&amp#27;[39m &amp#27;[90m{"implicit":10000}&amp#27;[39m
[debug] &amp#27;[35m[W3C (951857eb)]&amp#27;[39m Calling AppiumDriver.timeouts() with args: [null,null,null,null,10000,"951857eb-976e-4ab6-a925-3362ff45aa31"]
[debug] &amp#27;[35m[BaseDriver]&amp#27;[39m W3C timeout argument: {"implicit":10000}}
[debug] &amp#27;[35m[BaseDriver]&amp#27;[39m Set implicit wait to 10000ms
[debug] &amp#27;[35m[W3C (951857eb)]&amp#27;[39m Responding to client with driver.timeouts() result: null
&amp#27;[35m[HTTP]&amp#27;[39m &amp#27;[37m<-- POST /wd/hub/session/951857eb-976e-4ab6-a925-3362ff45aa31/timeouts &amp#27;[39m&amp#27;[32m200&amp#27;[39m &amp#27;[90m3 ms - 14&amp#27;[39m
&amp#27;[35m[HTTP]&amp#27;[39m &amp#27;[90m&amp#27;[39m
&amp#27;[35m[HTTP]&amp#27;[39m &amp#27;[37m-->&amp#27;[39m &amp#27;[37mGET&amp#27;[39m &amp#27;[37m/wd/hub/session/951857eb-976e-4ab6-a925-3362ff45aa31&amp#27;[39m
&amp#27;[35m[HTTP]&amp#27;[39m &amp#27;[90m{}&amp#27;[39m
[debug] &amp#27;[35m[W3C (951857eb)]&amp#27;[39m Calling AppiumDriver.getSession() with args: ["951857eb-976e-4ab6-a925-3362ff45aa31"]
[debug] &amp#27;[35m[UiAutomator2]&amp#27;[39m Getting session details from server to mix in
[debug] &amp#27;[35m[WD Proxy]&amp#27;[39m Matched '/' to command name 'getSession'
[debug] &amp#27;[35m[WD Proxy]&amp#27;[39m Proxying [GET /] to [GET http://127.0.0.1:8213/wd/hub/session/436fbe5e-5b82-4500-ad7b-01acbcb70fc5] with no body
[debug] &amp#27;[35m[WD Proxy]&amp#27;[39m Got response with status 200: {"sessionId":"436fbe5e-5b82-4500-ad7b-01acbcb70fc5","value":{"lastScrollData":null}}
[debug] &amp#27;[35m[W3C (951857eb)]&amp#27;[39m Responding to client with driver.getSession() result: {"platform":"LINUX","webStorageEnabled":false,"takesScreenshot":true,"javascriptEnabled":true,"databaseEnabled":false,"networkConnectionEnabled":true,"locationContextEnabled":false,"warnings":{},"desired":{"platformName":"android","app":"C:\\Users\\Anis\\eclipse-workspace\\Appium\\src\\ApiDemos-debug.apk","deviceName":"Redmi","newCommandTimeout":14},"platformName":"android","app":"C:\\Users\\Anis\\eclipse-workspace\\Appium\\src\\ApiDemos-debug.apk","deviceName":"55272e729804","newCommandTimeout":14,"deviceUDID":"55272e729804","appPackage":"io.appium.android.apis","deviceApiLevel":24,"platformVersion":"7.0","deviceScreenSize":"1080x1920","deviceScreenDensity":480,"deviceModel":"Redmi Note 4","deviceManufacturer":"Xiaomi","pixelRatio":3,"statBarHeight":72,"viewportRect":{"left":0,"top":72,"width":1080,"height":1848},"lastScrollData":null}
&amp#27;[35m[HTTP]&amp#27;[39m &amp#27;[37m<-- GET /wd/hub/session/951857eb-976e-4ab6-a925-3362ff45aa31 &amp#27;[39m&amp#27;[32m200&amp#27;[39m &amp#27;[90m10 ms - 858&amp#27;[39m
&amp#27;[35m[HTTP]&amp#27;[39m &amp#27;[90m&amp#27;[39m
&amp#27;[35m[HTTP]&amp#27;[39m &amp#27;[37m-->&amp#27;[39m &amp#27;[37mPOST&amp#27;[39m &amp#27;[37m/wd/hub/session/951857eb-976e-4ab6-a925-3362ff45aa31/element&amp#27;[39m
&amp#27;[35m[HTTP]&amp#27;[39m &amp#27;[90m{"using":"xpath","value":"//android.widget.TextView[@content-desc=\"Content\"]"}&amp#27;[39m
[debug] &amp#27;[35m[W3C (951857eb)]&amp#27;[39m Calling AppiumDriver.findElement() with args: ["xpath","//android.widget.TextView[@content-desc=\"Content\"]","951857eb-976e-4ab6-a925-3362ff45aa31"]
[debug] &amp#27;[35m[BaseDriver]&amp#27;[39m Valid locator strategies for this request: xpath, id, class name, accessibility id, css selector, -android uiautomator
[debug] &amp#27;[35m[BaseDriver]&amp#27;[39m Waiting up to 10000 ms for condition
[debug] &amp#27;[35m[WD Proxy]&amp#27;[39m Matched '/element' to command name 'findElement'
[debug] &amp#27;[35m[WD Proxy]&amp#27;[39m Proxying [POST /element] to [POST http://127.0.0.1:8213/wd/hub/session/436fbe5e-5b82-4500-ad7b-01acbcb70fc5/element] with body: {"strategy":"xpath","selector":"//android.widget.TextView[@content-desc=\"Content\"]","context":"","multiple":false}
[debug] &amp#27;[35m[WD Proxy]&amp#27;[39m Got response with status 200: {"sessionId":"436fbe5e-5b82-4500-ad7b-01acbcb70fc5","value":{"ELEMENT":"25fdd48e-398d-4779-af31-4e497c9532f0","element-6066-11e4-a52e-4f735466cecf":"25fdd48e-398d-4779-af31-4e497c9532f0"}}
[debug] &amp#27;[35m[W3C (951857eb)]&amp#27;[39m Responding to client with driver.findElement() result: {"element-6066-11e4-a52e-4f735466cecf":"25fdd48e-398d-4779-af31-4e497c9532f0","ELEMENT":"25fdd48e-398d-4779-af31-4e497c9532f0"}
&amp#27;[35m[HTTP]&amp#27;[39m &amp#27;[37m<-- POST /wd/hub/session/951857eb-976e-4ab6-a925-3362ff45aa31/element &amp#27;[39m&amp#27;[32m200&amp#27;[39m &amp#27;[90m46 ms - 137&amp#27;[39m
&amp#27;[35m[HTTP]&amp#27;[39m &amp#27;[90m&amp#27;[39m
&amp#27;[35m[HTTP]&amp#27;[39m &amp#27;[37m-->&amp#27;[39m &amp#27;[37mPOST&amp#27;[39m &amp#27;[37m/wd/hub/session/951857eb-976e-4ab6-a925-3362ff45aa31/element/25fdd48e-398d-4779-af31-4e497c9532f0/click&amp#27;[39m
&amp#27;[35m[HTTP]&amp#27;[39m &amp#27;[90m{"id":"25fdd48e-398d-4779-af31-4e497c9532f0"}&amp#27;[39m
[debug] &amp#27;[35m[W3C (951857eb)]&amp#27;[39m Calling AppiumDriver.click() with args: ["25fdd48e-398d-4779-af31-4e497c9532f0","951857eb-976e-4ab6-a925-3362ff45aa31"]
[debug] &amp#27;[35m[WD Proxy]&amp#27;[39m Matched '/element/25fdd48e-398d-4779-af31-4e497c9532f0/click' to command name 'click'
[debug] &amp#27;[35m[WD Proxy]&amp#27;[39m Proxying [POST /element/25fdd48e-398d-4779-af31-4e497c9532f0/click] to [POST http://127.0.0.1:8213/wd/hub/session/436fbe5e-5b82-4500-ad7b-01acbcb70fc5/element/25fdd48e-398d-4779-af31-4e497c9532f0/click] with body: {"element":"25fdd48e-398d-4779-af31-4e497c9532f0"}
[debug] &amp#27;[35m[WD Proxy]&amp#27;[39m Got response with status 200: {"sessionId":"436fbe5e-5b82-4500-ad7b-01acbcb70fc5","value":null}
[debug] &amp#27;[35m[W3C (951857eb)]&amp#27;[39m Responding to client with driver.click() result: null
&amp#27;[35m[HTTP]&amp#27;[39m &amp#27;[37m<-- POST /wd/hub/session/951857eb-976e-4ab6-a925-3362ff45aa31/element/25fdd48e-398d-4779-af31-4e497c9532f0/click &amp#27;[39m&amp#27;[32m200&amp#27;[39m &amp#27;[90m1163 ms - 14&amp#27;[39m
&amp#27;[35m[HTTP]&amp#27;[39m &amp#27;[90m&amp#27;[39m
&amp#27;[35m[HTTP]&amp#27;[39m &amp#27;[37m-->&amp#27;[39m &amp#27;[37mGET&amp#27;[39m &amp#27;[37m/wd/hub/session/951857eb-976e-4ab6-a925-3362ff45aa31&amp#27;[39m
&amp#27;[35m[HTTP]&amp#27;[39m &amp#27;[90m{}&amp#27;[39m
[debug] &amp#27;[35m[W3C (951857eb)]&amp#27;[39m Calling AppiumDriver.getSession() with args: ["951857eb-976e-4ab6-a925-3362ff45aa31"]
[debug] &amp#27;[35m[UiAutomator2]&amp#27;[39m Getting session details from server to mix in
[debug] &amp#27;[35m[WD Proxy]&amp#27;[39m Matched '/' to command name 'getSession'
[debug] &amp#27;[35m[WD Proxy]&amp#27;[39m Proxying [GET /] to [GET http://127.0.0.1:8213/wd/hub/session/436fbe5e-5b82-4500-ad7b-01acbcb70fc5] with no body
[debug] &amp#27;[35m[WD Proxy]&amp#27;[39m Got response with status 200: {"sessionId":"436fbe5e-5b82-4500-ad7b-01acbcb70fc5","value":{"lastScrollData":null}}
[debug] &amp#27;[35m[W3C (951857eb)]&amp#27;[39m Responding to client with driver.getSession() result: {"platform":"LINUX","webStorageEnabled":false,"takesScreenshot":true,"javascriptEnabled":true,"databaseEnabled":false,"networkConnectionEnabled":true,"locationContextEnabled":false,"warnings":{},"desired":{"platformName":"android","app":"C:\\Users\\Anis\\eclipse-workspace\\Appium\\src\\ApiDemos-debug.apk","deviceName":"Redmi","newCommandTimeout":14},"platformName":"android","app":"C:\\Users\\Anis\\eclipse-workspace\\Appium\\src\\ApiDemos-debug.apk","deviceName":"55272e729804","newCommandTimeout":14,"deviceUDID":"55272e729804","appPackage":"io.appium.android.apis","deviceApiLevel":24,"platformVersion":"7.0","deviceScreenSize":"1080x1920","deviceScreenDensity":480,"deviceModel":"Redmi Note 4","deviceManufacturer":"Xiaomi","pixelRatio":3,"statBarHeight":72,"viewportRect":{"left":0,"top":72,"width":1080,"height":1848},"lastScrollData":null}
&amp#27;[35m[HTTP]&amp#27;[39m &amp#27;[37m<-- GET /wd/hub/session/951857eb-976e-4ab6-a925-3362ff45aa31 &amp#27;[39m&amp#27;[32m200&amp#27;[39m &amp#27;[90m11 ms - 858&amp#27;[39m
&amp#27;[35m[HTTP]&amp#27;[39m &amp#27;[90m&amp#27;[39m
&amp#27;[35m[HTTP]&amp#27;[39m &amp#27;[37m-->&amp#27;[39m &amp#27;[37mGET&amp#27;[39m &amp#27;[37m/wd/hub/session/951857eb-976e-4ab6-a925-3362ff45aa31&amp#27;[39m
&amp#27;[35m[HTTP]&amp#27;[39m &amp#27;[90m{}&amp#27;[39m
[debug] &amp#27;[35m[W3C (951857eb)]&amp#27;[39m Calling AppiumDriver.getSession() with args: ["951857eb-976e-4ab6-a925-3362ff45aa31"]
[debug] &amp#27;[35m[UiAutomator2]&amp#27;[39m Getting session details from server to mix in
[debug] &amp#27;[35m[WD Proxy]&amp#27;[39m Matched '/' to command name 'getSession'
[debug] &amp#27;[35m[WD Proxy]&amp#27;[39m Proxying [GET /] to [GET http://127.0.0.1:8213/wd/hub/session/436fbe5e-5b82-4500-ad7b-01acbcb70fc5] with no body
[debug] &amp#27;[35m[WD Proxy]&amp#27;[39m Got response with status 200: {"sessionId":"436fbe5e-5b82-4500-ad7b-01acbcb70fc5","value":{"lastScrollData":null}}
[debug] &amp#27;[35m[W3C (951857eb)]&amp#27;[39m Responding to client with driver.getSession() result: {"platform":"LINUX","webStorageEnabled":false,"takesScreenshot":true,"javascriptEnabled":true,"databaseEnabled":false,"networkConnectionEnabled":true,"locationContextEnabled":false,"warnings":{},"desired":{"platformName":"android","app":"C:\\Users\\Anis\\eclipse-workspace\\Appium\\src\\ApiDemos-debug.apk","deviceName":"Redmi","newCommandTimeout":14},"platformName":"android","app":"C:\\Users\\Anis\\eclipse-workspace\\Appium\\src\\ApiDemos-debug.apk","deviceName":"55272e729804","newCommandTimeout":14,"deviceUDID":"55272e729804","appPackage":"io.appium.android.apis","deviceApiLevel":24,"platformVersion":"7.0","deviceScreenSize":"1080x1920","deviceScreenDensity":480,"deviceModel":"Redmi Note 4","deviceManufacturer":"Xiaomi","pixelRatio":3,"statBarHeight":72,"viewportRect":{"left":0,"top":72,"width":1080,"height":1848},"lastScrollData":null}
&amp#27;[35m[HTTP]&amp#27;[39m &amp#27;[37m<-- GET /wd/hub/session/951857eb-976e-4ab6-a925-3362ff45aa31 &amp#27;[39m&amp#27;[32m200&amp#27;[39m &amp#27;[90m10 ms - 858&amp#27;[39m
&amp#27;[35m[HTTP]&amp#27;[39m &amp#27;[90m&amp#27;[39m
[INFO ] 2021-06-18 15:55:46.439 [main] ExplicitWait - Waiting for element to be visible: Located by By.chained({By.xpath: //android.widget.TextView[@content-desc="Storage"]})
[INFO ] 2021-06-18 15:55:46.439 [main] ExplicitWait - Waiting for element to be visible: Located by By.chained({By.xpath: //android.widget.TextView[@content-desc="Storage"]})
&amp#27;[35m[HTTP]&amp#27;[39m &amp#27;[37m-->&amp#27;[39m &amp#27;[37mPOST&amp#27;[39m &amp#27;[37m/wd/hub/session/951857eb-976e-4ab6-a925-3362ff45aa31/timeouts&amp#27;[39m
&amp#27;[35m[HTTP]&amp#27;[39m &amp#27;[90m{"implicit":0}&amp#27;[39m
[debug] &amp#27;[35m[W3C (951857eb)]&amp#27;[39m Calling AppiumDriver.timeouts() with args: [null,null,null,null,0,"951857eb-976e-4ab6-a925-3362ff45aa31"]
[debug] &amp#27;[35m[BaseDriver]&amp#27;[39m W3C timeout argument: {"implicit":0}}
[debug] &amp#27;[35m[BaseDriver]&amp#27;[39m Set implicit wait to 0ms
[debug] &amp#27;[35m[W3C (951857eb)]&amp#27;[39m Responding to client with driver.timeouts() result: null
&amp#27;[35m[HTTP]&amp#27;[39m &amp#27;[37m<-- POST /wd/hub/session/951857eb-976e-4ab6-a925-3362ff45aa31/timeouts &amp#27;[39m&amp#27;[32m200&amp#27;[39m &amp#27;[90m2 ms - 14&amp#27;[39m
&amp#27;[35m[HTTP]&amp#27;[39m &amp#27;[90m&amp#27;[39m
&amp#27;[35m[HTTP]&amp#27;[39m &amp#27;[37m-->&amp#27;[39m &amp#27;[37mGET&amp#27;[39m &amp#27;[37m/wd/hub/session/951857eb-976e-4ab6-a925-3362ff45aa31&amp#27;[39m
&amp#27;[35m[HTTP]&amp#27;[39m &amp#27;[90m{}&amp#27;[39m
[debug] &amp#27;[35m[W3C (951857eb)]&amp#27;[39m Calling AppiumDriver.getSession() with args: ["951857eb-976e-4ab6-a925-3362ff45aa31"]
[debug] &amp#27;[35m[UiAutomator2]&amp#27;[39m Getting session details from server to mix in
[debug] &amp#27;[35m[WD Proxy]&amp#27;[39m Matched '/' to command name 'getSession'
[debug] &amp#27;[35m[WD Proxy]&amp#27;[39m Proxying [GET /] to [GET http://127.0.0.1:8213/wd/hub/session/436fbe5e-5b82-4500-ad7b-01acbcb70fc5] with no body
[debug] &amp#27;[35m[WD Proxy]&amp#27;[39m Got response with status 200: {"sessionId":"436fbe5e-5b82-4500-ad7b-01acbcb70fc5","value":{"lastScrollData":null}}
[debug] &amp#27;[35m[W3C (951857eb)]&amp#27;[39m Responding to client with driver.getSession() result: {"platform":"LINUX","webStorageEnabled":false,"takesScreenshot":true,"javascriptEnabled":true,"databaseEnabled":false,"networkConnectionEnabled":true,"locationContextEnabled":false,"warnings":{},"desired":{"platformName":"android","app":"C:\\Users\\Anis\\eclipse-workspace\\Appium\\src\\ApiDemos-debug.apk","deviceName":"Redmi","newCommandTimeout":14},"platformName":"android","app":"C:\\Users\\Anis\\eclipse-workspace\\Appium\\src\\ApiDemos-debug.apk","deviceName":"55272e729804","newCommandTimeout":14,"deviceUDID":"55272e729804","appPackage":"io.appium.android.apis","deviceApiLevel":24,"platformVersion":"7.0","deviceScreenSize":"1080x1920","deviceScreenDensity":480,"deviceModel":"Redmi Note 4","deviceManufacturer":"Xiaomi","pixelRatio":3,"statBarHeight":72,"viewportRect":{"left":0,"top":72,"width":1080,"height":1848},"lastScrollData":null}
&amp#27;[35m[HTTP]&amp#27;[39m &amp#27;[37m<-- GET /wd/hub/session/951857eb-976e-4ab6-a925-3362ff45aa31 &amp#27;[39m&amp#27;[32m200&amp#27;[39m &amp#27;[90m11 ms - 858&amp#27;[39m
&amp#27;[35m[HTTP]&amp#27;[39m &amp#27;[90m&amp#27;[39m
&amp#27;[35m[HTTP]&amp#27;[39m &amp#27;[37m-->&amp#27;[39m &amp#27;[37mPOST&amp#27;[39m &amp#27;[37m/wd/hub/session/951857eb-976e-4ab6-a925-3362ff45aa31/element&amp#27;[39m
&amp#27;[35m[HTTP]&amp#27;[39m &amp#27;[90m{"using":"xpath","value":"//android.widget.TextView[@content-desc=\"Storage\"]"}&amp#27;[39m
[debug] &amp#27;[35m[W3C (951857eb)]&amp#27;[39m Calling AppiumDriver.findElement() with args: ["xpath","//android.widget.TextView[@content-desc=\"Storage\"]","951857eb-976e-4ab6-a925-3362ff45aa31"]
[debug] &amp#27;[35m[BaseDriver]&amp#27;[39m Valid locator strategies for this request: xpath, id, class name, accessibility id, css selector, -android uiautomator
[debug] &amp#27;[35m[BaseDriver]&amp#27;[39m Waiting up to 0 ms for condition
[debug] &amp#27;[35m[WD Proxy]&amp#27;[39m Matched '/element' to command name 'findElement'
[debug] &amp#27;[35m[WD Proxy]&amp#27;[39m Proxying [POST /element] to [POST http://127.0.0.1:8213/wd/hub/session/436fbe5e-5b82-4500-ad7b-01acbcb70fc5/element] with body: {"strategy":"xpath","selector":"//android.widget.TextView[@content-desc=\"Storage\"]","context":"","multiple":false}
[debug] &amp#27;[35m[WD Proxy]&amp#27;[39m Got response with status 200: {"sessionId":"436fbe5e-5b82-4500-ad7b-01acbcb70fc5","value":{"ELEMENT":"72879cea-e344-4877-b583-938334ce8a5c","element-6066-11e4-a52e-4f735466cecf":"72879cea-e344-4877-b583-938334ce8a5c"}}
[debug] &amp#27;[35m[W3C (951857eb)]&amp#27;[39m Responding to client with driver.findElement() result: {"element-6066-11e4-a52e-4f735466cecf":"72879cea-e344-4877-b583-938334ce8a5c","ELEMENT":"72879cea-e344-4877-b583-938334ce8a5c"}
&amp#27;[35m[HTTP]&amp#27;[39m &amp#27;[37m<-- POST /wd/hub/session/951857eb-976e-4ab6-a925-3362ff45aa31/element &amp#27;[39m&amp#27;[32m200&amp#27;[39m &amp#27;[90m52 ms - 137&amp#27;[39m
&amp#27;[35m[HTTP]&amp#27;[39m &amp#27;[90m&amp#27;[39m
&amp#27;[35m[HTTP]&amp#27;[39m &amp#27;[37m-->&amp#27;[39m &amp#27;[37mGET&amp#27;[39m &amp#27;[37m/wd/hub/session/951857eb-976e-4ab6-a925-3362ff45aa31/element/72879cea-e344-4877-b583-938334ce8a5c/displayed&amp#27;[39m
&amp#27;[35m[HTTP]&amp#27;[39m &amp#27;[90m{}&amp#27;[39m
[debug] &amp#27;[35m[W3C (951857eb)]&amp#27;[39m Calling AppiumDriver.elementDisplayed() with args: ["72879cea-e344-4877-b583-938334ce8a5c","951857eb-976e-4ab6-a925-3362ff45aa31"]
[debug] &amp#27;[35m[WD Proxy]&amp#27;[39m Matched '/element/72879cea-e344-4877-b583-938334ce8a5c/attribute/displayed' to command name 'getAttribute'
[debug] &amp#27;[35m[WD Proxy]&amp#27;[39m Proxying [GET /element/72879cea-e344-4877-b583-938334ce8a5c/attribute/displayed] to [GET http://127.0.0.1:8213/wd/hub/session/436fbe5e-5b82-4500-ad7b-01acbcb70fc5/element/72879cea-e344-4877-b583-938334ce8a5c/attribute/displayed] with no body
[debug] &amp#27;[35m[WD Proxy]&amp#27;[39m Got response with status 200: {"sessionId":"436fbe5e-5b82-4500-ad7b-01acbcb70fc5","value":"true"}
[debug] &amp#27;[35m[W3C (951857eb)]&amp#27;[39m Responding to client with driver.elementDisplayed() result: true
&amp#27;[35m[HTTP]&amp#27;[39m &amp#27;[37m<-- GET /wd/hub/session/951857eb-976e-4ab6-a925-3362ff45aa31/element/72879cea-e344-4877-b583-938334ce8a5c/displayed &amp#27;[39m&amp#27;[32m200&amp#27;[39m &amp#27;[90m481 ms - 14&amp#27;[39m
&amp#27;[35m[HTTP]&amp#27;[39m &amp#27;[90m&amp#27;[39m
&amp#27;[35m[HTTP]&amp#27;[39m &amp#27;[37m-->&amp#27;[39m &amp#27;[37mPOST&amp#27;[39m &amp#27;[37m/wd/hub/session/951857eb-976e-4ab6-a925-3362ff45aa31/timeouts&amp#27;[39m
&amp#27;[35m[HTTP]&amp#27;[39m &amp#27;[90m{"implicit":10000}&amp#27;[39m
[debug] &amp#27;[35m[W3C (951857eb)]&amp#27;[39m Calling AppiumDriver.timeouts() with args: [null,null,null,null,10000,"951857eb-976e-4ab6-a925-3362ff45aa31"]
[debug] &amp#27;[35m[BaseDriver]&amp#27;[39m W3C timeout argument: {"implicit":10000}}
[debug] &amp#27;[35m[BaseDriver]&amp#27;[39m Set implicit wait to 10000ms
[debug] &amp#27;[35m[W3C (951857eb)]&amp#27;[39m Responding to client with driver.timeouts() result: null
&amp#27;[35m[HTTP]&amp#27;[39m &amp#27;[37m<-- POST /wd/hub/session/951857eb-976e-4ab6-a925-3362ff45aa31/timeouts &amp#27;[39m&amp#27;[32m200&amp#27;[39m &amp#27;[90m2 ms - 14&amp#27;[39m
&amp#27;[35m[HTTP]&amp#27;[39m &amp#27;[90m&amp#27;[39m
[INFO ] 2021-06-18 15:55:47.033 [main] Content - Clicks The Storage
[INFO ] 2021-06-18 15:55:47.033 [main] ExplicitWait - Waiting for element to be clickable: Located by By.chained({By.xpath: //android.widget.TextView[@content-desc="Storage"]})
&amp#27;[35m[HTTP]&amp#27;[39m &amp#27;[37m-->&amp#27;[39m &amp#27;[37mPOST&amp#27;[39m &amp#27;[37m/wd/hub/session/951857eb-976e-4ab6-a925-3362ff45aa31/timeouts&amp#27;[39m
&amp#27;[35m[HTTP]&amp#27;[39m &amp#27;[90m{"implicit":0}&amp#27;[39m
[debug] &amp#27;[35m[W3C (951857eb)]&amp#27;[39m Calling AppiumDriver.timeouts() with args: [null,null,null,null,0,"951857eb-976e-4ab6-a925-3362ff45aa31"]
[debug] &amp#27;[35m[BaseDriver]&amp#27;[39m W3C timeout argument: {"implicit":0}}
[debug] &amp#27;[35m[BaseDriver]&amp#27;[39m Set implicit wait to 0ms
[debug] &amp#27;[35m[W3C (951857eb)]&amp#27;[39m Responding to client with driver.timeouts() result: null
&amp#27;[35m[HTTP]&amp#27;[39m &amp#27;[37m<-- POST /wd/hub/session/951857eb-976e-4ab6-a925-3362ff45aa31/timeouts &amp#27;[39m&amp#27;[32m200&amp#27;[39m &amp#27;[90m2 ms - 14&amp#27;[39m
&amp#27;[35m[HTTP]&amp#27;[39m &amp#27;[90m&amp#27;[39m
&amp#27;[35m[HTTP]&amp#27;[39m &amp#27;[37m-->&amp#27;[39m &amp#27;[37mGET&amp#27;[39m &amp#27;[37m/wd/hub/session/951857eb-976e-4ab6-a925-3362ff45aa31&amp#27;[39m
&amp#27;[35m[HTTP]&amp#27;[39m &amp#27;[90m{}&amp#27;[39m
[debug] &amp#27;[35m[W3C (951857eb)]&amp#27;[39m Calling AppiumDriver.getSession() with args: ["951857eb-976e-4ab6-a925-3362ff45aa31"]
[debug] &amp#27;[35m[UiAutomator2]&amp#27;[39m Getting session details from server to mix in
[debug] &amp#27;[35m[WD Proxy]&amp#27;[39m Matched '/' to command name 'getSession'
[debug] &amp#27;[35m[WD Proxy]&amp#27;[39m Proxying [GET /] to [GET http://127.0.0.1:8213/wd/hub/session/436fbe5e-5b82-4500-ad7b-01acbcb70fc5] with no body
[debug] &amp#27;[35m[WD Proxy]&amp#27;[39m Got response with status 200: {"sessionId":"436fbe5e-5b82-4500-ad7b-01acbcb70fc5","value":{"lastScrollData":null}}
[debug] &amp#27;[35m[W3C (951857eb)]&amp#27;[39m Responding to client with driver.getSession() result: {"platform":"LINUX","webStorageEnabled":false,"takesScreenshot":true,"javascriptEnabled":true,"databaseEnabled":false,"networkConnectionEnabled":true,"locationContextEnabled":false,"warnings":{},"desired":{"platformName":"android","app":"C:\\Users\\Anis\\eclipse-workspace\\Appium\\src\\ApiDemos-debug.apk","deviceName":"Redmi","newCommandTimeout":14},"platformName":"android","app":"C:\\Users\\Anis\\eclipse-workspace\\Appium\\src\\ApiDemos-debug.apk","deviceName":"55272e729804","newCommandTimeout":14,"deviceUDID":"55272e729804","appPackage":"io.appium.android.apis","deviceApiLevel":24,"platformVersion":"7.0","deviceScreenSize":"1080x1920","deviceScreenDensity":480,"deviceModel":"Redmi Note 4","deviceManufacturer":"Xiaomi","pixelRatio":3,"statBarHeight":72,"viewportRect":{"left":0,"top":72,"width":1080,"height":1848},"lastScrollData":null}
&amp#27;[35m[HTTP]&amp#27;[39m &amp#27;[37m<-- GET /wd/hub/session/951857eb-976e-4ab6-a925-3362ff45aa31 &amp#27;[39m&amp#27;[32m200&amp#27;[39m &amp#27;[90m17 ms - 858&amp#27;[39m
&amp#27;[35m[HTTP]&amp#27;[39m &amp#27;[90m&amp#27;[39m
&amp#27;[35m[HTTP]&amp#27;[39m &amp#27;[37m-->&amp#27;[39m &amp#27;[37mPOST&amp#27;[39m &amp#27;[37m/wd/hub/session/951857eb-976e-4ab6-a925-3362ff45aa31/element&amp#27;[39m
&amp#27;[35m[HTTP]&amp#27;[39m &amp#27;[90m{"using":"xpath","value":"//android.widget.TextView[@content-desc=\"Storage\"]"}&amp#27;[39m
[debug] &amp#27;[35m[W3C (951857eb)]&amp#27;[39m Calling AppiumDriver.findElement() with args: ["xpath","//android.widget.TextView[@content-desc=\"Storage\"]","951857eb-976e-4ab6-a925-3362ff45aa31"]
[debug] &amp#27;[35m[BaseDriver]&amp#27;[39m Valid locator strategies for this request: xpath, id, class name, accessibility id, css selector, -android uiautomator
[debug] &amp#27;[35m[BaseDriver]&amp#27;[39m Waiting up to 0 ms for condition
[debug] &amp#27;[35m[WD Proxy]&amp#27;[39m Matched '/element' to command name 'findElement'
[debug] &amp#27;[35m[WD Proxy]&amp#27;[39m Proxying [POST /element] to [POST http://127.0.0.1:8213/wd/hub/session/436fbe5e-5b82-4500-ad7b-01acbcb70fc5/element] with body: {"strategy":"xpath","selector":"//android.widget.TextView[@content-desc=\"Storage\"]","context":"","multiple":false}
[debug] &amp#27;[35m[WD Proxy]&amp#27;[39m Got response with status 200: {"sessionId":"436fbe5e-5b82-4500-ad7b-01acbcb70fc5","value":{"ELEMENT":"314dbd0a-bbd1-4b69-a26d-f5a44af5331e","element-6066-11e4-a52e-4f735466cecf":"314dbd0a-bbd1-4b69-a26d-f5a44af5331e"}}
[debug] &amp#27;[35m[W3C (951857eb)]&amp#27;[39m Responding to client with driver.findElement() result: {"element-6066-11e4-a52e-4f735466cecf":"314dbd0a-bbd1-4b69-a26d-f5a44af5331e","ELEMENT":"314dbd0a-bbd1-4b69-a26d-f5a44af5331e"}
&amp#27;[35m[HTTP]&amp#27;[39m &amp#27;[37m<-- POST /wd/hub/session/951857eb-976e-4ab6-a925-3362ff45aa31/element &amp#27;[39m&amp#27;[32m200&amp#27;[39m &amp#27;[90m61 ms - 137&amp#27;[39m
&amp#27;[35m[HTTP]&amp#27;[39m &amp#27;[90m&amp#27;[39m
&amp#27;[35m[HTTP]&amp#27;[39m &amp#27;[37m-->&amp#27;[39m &amp#27;[37mGET&amp#27;[39m &amp#27;[37m/wd/hub/session/951857eb-976e-4ab6-a925-3362ff45aa31/element/314dbd0a-bbd1-4b69-a26d-f5a44af5331e/displayed&amp#27;[39m
&amp#27;[35m[HTTP]&amp#27;[39m &amp#27;[90m{}&amp#27;[39m
[debug] &amp#27;[35m[W3C (951857eb)]&amp#27;[39m Calling AppiumDriver.elementDisplayed() with args: ["314dbd0a-bbd1-4b69-a26d-f5a44af5331e","951857eb-976e-4ab6-a925-3362ff45aa31"]
[debug] &amp#27;[35m[WD Proxy]&amp#27;[39m Matched '/element/314dbd0a-bbd1-4b69-a26d-f5a44af5331e/attribute/displayed' to command name 'getAttribute'
[debug] &amp#27;[35m[WD Proxy]&amp#27;[39m Proxying [GET /element/314dbd0a-bbd1-4b69-a26d-f5a44af5331e/attribute/displayed] to [GET http://127.0.0.1:8213/wd/hub/session/436fbe5e-5b82-4500-ad7b-01acbcb70fc5/element/314dbd0a-bbd1-4b69-a26d-f5a44af5331e/attribute/displayed] with no body
[debug] &amp#27;[35m[WD Proxy]&amp#27;[39m Got response with status 200: {"sessionId":"436fbe5e-5b82-4500-ad7b-01acbcb70fc5","value":"true"}
[debug] &amp#27;[35m[W3C (951857eb)]&amp#27;[39m Responding to client with driver.elementDisplayed() result: true
&amp#27;[35m[HTTP]&amp#27;[39m &amp#27;[37m<-- GET /wd/hub/session/951857eb-976e-4ab6-a925-3362ff45aa31/element/314dbd0a-bbd1-4b69-a26d-f5a44af5331e/displayed &amp#27;[39m&amp#27;[32m200&amp#27;[39m &amp#27;[90m39 ms - 14&amp#27;[39m
&amp#27;[35m[HTTP]&amp#27;[39m &amp#27;[90m&amp#27;[39m
&amp#27;[35m[HTTP]&amp#27;[39m &amp#27;[37m-->&amp#27;[39m &amp#27;[37mGET&amp#27;[39m &amp#27;[37m/wd/hub/session/951857eb-976e-4ab6-a925-3362ff45aa31&amp#27;[39m
&amp#27;[35m[HTTP]&amp#27;[39m &amp#27;[90m{}&amp#27;[39m
[debug] &amp#27;[35m[W3C (951857eb)]&amp#27;[39m Calling AppiumDriver.getSession() with args: ["951857eb-976e-4ab6-a925-3362ff45aa31"]
[debug] &amp#27;[35m[UiAutomator2]&amp#27;[39m Getting session details from server to mix in
[debug] &amp#27;[35m[WD Proxy]&amp#27;[39m Matched '/' to command name 'getSession'
[debug] &amp#27;[35m[WD Proxy]&amp#27;[39m Proxying [GET /] to [GET http://127.0.0.1:8213/wd/hub/session/436fbe5e-5b82-4500-ad7b-01acbcb70fc5] with no body
[debug] &amp#27;[35m[WD Proxy]&amp#27;[39m Got response with status 200: {"sessionId":"436fbe5e-5b82-4500-ad7b-01acbcb70fc5","value":{"lastScrollData":null}}
[debug] &amp#27;[35m[W3C (951857eb)]&amp#27;[39m Responding to client with driver.getSession() result: {"platform":"LINUX","webStorageEnabled":false,"takesScreenshot":true,"javascriptEnabled":true,"databaseEnabled":false,"networkConnectionEnabled":true,"locationContextEnabled":false,"warnings":{},"desired":{"platformName":"android","app":"C:\\Users\\Anis\\eclipse-workspace\\Appium\\src\\ApiDemos-debug.apk","deviceName":"Redmi","newCommandTimeout":14},"platformName":"android","app":"C:\\Users\\Anis\\eclipse-workspace\\Appium\\src\\ApiDemos-debug.apk","deviceName":"55272e729804","newCommandTimeout":14,"deviceUDID":"55272e729804","appPackage":"io.appium.android.apis","deviceApiLevel":24,"platformVersion":"7.0","deviceScreenSize":"1080x1920","deviceScreenDensity":480,"deviceModel":"Redmi Note 4","deviceManufacturer":"Xiaomi","pixelRatio":3,"statBarHeight":72,"viewportRect":{"left":0,"top":72,"width":1080,"height":1848},"lastScrollData":null}
&amp#27;[35m[HTTP]&amp#27;[39m &amp#27;[37m<-- GET /wd/hub/session/951857eb-976e-4ab6-a925-3362ff45aa31 &amp#27;[39m&amp#27;[32m200&amp#27;[39m &amp#27;[90m15 ms - 858&amp#27;[39m
&amp#27;[35m[HTTP]&amp#27;[39m &amp#27;[90m&amp#27;[39m
&amp#27;[35m[HTTP]&amp#27;[39m &amp#27;[37m-->&amp#27;[39m &amp#27;[37mPOST&amp#27;[39m &amp#27;[37m/wd/hub/session/951857eb-976e-4ab6-a925-3362ff45aa31/element&amp#27;[39m
&amp#27;[35m[HTTP]&amp#27;[39m &amp#27;[90m{"using":"xpath","value":"//android.widget.TextView[@content-desc=\"Storage\"]"}&amp#27;[39m
[debug] &amp#27;[35m[W3C (951857eb)]&amp#27;[39m Calling AppiumDriver.findElement() with args: ["xpath","//android.widget.TextView[@content-desc=\"Storage\"]","951857eb-976e-4ab6-a925-3362ff45aa31"]
[debug] &amp#27;[35m[BaseDriver]&amp#27;[39m Valid locator strategies for this request: xpath, id, class name, accessibility id, css selector, -android uiautomator
[debug] &amp#27;[35m[BaseDriver]&amp#27;[39m Waiting up to 0 ms for condition
[debug] &amp#27;[35m[WD Proxy]&amp#27;[39m Matched '/element' to command name 'findElement'
[debug] &amp#27;[35m[WD Proxy]&amp#27;[39m Proxying [POST /element] to [POST http://127.0.0.1:8213/wd/hub/session/436fbe5e-5b82-4500-ad7b-01acbcb70fc5/element] with body: {"strategy":"xpath","selector":"//android.widget.TextView[@content-desc=\"Storage\"]","context":"","multiple":false}
[debug] &amp#27;[35m[WD Proxy]&amp#27;[39m Got response with status 200: {"sessionId":"436fbe5e-5b82-4500-ad7b-01acbcb70fc5","value":{"ELEMENT":"e5a4ca59-c245-44f3-a949-08d8dd0e6a79","element-6066-11e4-a52e-4f735466cecf":"e5a4ca59-c245-44f3-a949-08d8dd0e6a79"}}
[debug] &amp#27;[35m[W3C (951857eb)]&amp#27;[39m Responding to client with driver.findElement() result: {"element-6066-11e4-a52e-4f735466cecf":"e5a4ca59-c245-44f3-a949-08d8dd0e6a79","ELEMENT":"e5a4ca59-c245-44f3-a949-08d8dd0e6a79"}
&amp#27;[35m[HTTP]&amp#27;[39m &amp#27;[37m<-- POST /wd/hub/session/951857eb-976e-4ab6-a925-3362ff45aa31/element &amp#27;[39m&amp#27;[32m200&amp#27;[39m &amp#27;[90m48 ms - 137&amp#27;[39m
&amp#27;[35m[HTTP]&amp#27;[39m &amp#27;[90m&amp#27;[39m
&amp#27;[35m[HTTP]&amp#27;[39m &amp#27;[37m-->&amp#27;[39m &amp#27;[37mGET&amp#27;[39m &amp#27;[37m/wd/hub/session/951857eb-976e-4ab6-a925-3362ff45aa31/element/e5a4ca59-c245-44f3-a949-08d8dd0e6a79/enabled&amp#27;[39m
&amp#27;[35m[HTTP]&amp#27;[39m &amp#27;[90m{}&amp#27;[39m
[debug] &amp#27;[35m[W3C (951857eb)]&amp#27;[39m Calling AppiumDriver.elementEnabled() with args: ["e5a4ca59-c245-44f3-a949-08d8dd0e6a79","951857eb-976e-4ab6-a925-3362ff45aa31"]
[debug] &amp#27;[35m[WD Proxy]&amp#27;[39m Matched '/element/e5a4ca59-c245-44f3-a949-08d8dd0e6a79/attribute/enabled' to command name 'getAttribute'
[debug] &amp#27;[35m[WD Proxy]&amp#27;[39m Proxying [GET /element/e5a4ca59-c245-44f3-a949-08d8dd0e6a79/attribute/enabled] to [GET http://127.0.0.1:8213/wd/hub/session/436fbe5e-5b82-4500-ad7b-01acbcb70fc5/element/e5a4ca59-c245-44f3-a949-08d8dd0e6a79/attribute/enabled] with no body
[debug] &amp#27;[35m[WD Proxy]&amp#27;[39m Got response with status 200: {"sessionId":"436fbe5e-5b82-4500-ad7b-01acbcb70fc5","value":"true"}
[debug] &amp#27;[35m[W3C (951857eb)]&amp#27;[39m Responding to client with driver.elementEnabled() result: true
&amp#27;[35m[HTTP]&amp#27;[39m &amp#27;[37m<-- GET /wd/hub/session/951857eb-976e-4ab6-a925-3362ff45aa31/element/e5a4ca59-c245-44f3-a949-08d8dd0e6a79/enabled &amp#27;[39m&amp#27;[32m200&amp#27;[39m &amp#27;[90m41 ms - 14&amp#27;[39m
&amp#27;[35m[HTTP]&amp#27;[39m &amp#27;[90m&amp#27;[39m
&amp#27;[35m[HTTP]&amp#27;[39m &amp#27;[37m-->&amp#27;[39m &amp#27;[37mPOST&amp#27;[39m &amp#27;[37m/wd/hub/session/951857eb-976e-4ab6-a925-3362ff45aa31/timeouts&amp#27;[39m
&amp#27;[35m[HTTP]&amp#27;[39m &amp#27;[90m{"implicit":10000}&amp#27;[39m
[debug] &amp#27;[35m[W3C (951857eb)]&amp#27;[39m Calling AppiumDriver.timeouts() with args: [null,null,null,null,10000,"951857eb-976e-4ab6-a925-3362ff45aa31"]
[debug] &amp#27;[35m[BaseDriver]&amp#27;[39m W3C timeout argument: {"implicit":10000}}
[debug] &amp#27;[35m[BaseDriver]&amp#27;[39m Set implicit wait to 10000ms
[debug] &amp#27;[35m[W3C (951857eb)]&amp#27;[39m Responding to client with driver.timeouts() result: null
&amp#27;[35m[HTTP]&amp#27;[39m &amp#27;[37m<-- POST /wd/hub/session/951857eb-976e-4ab6-a925-3362ff45aa31/timeouts &amp#27;[39m&amp#27;[32m200&amp#27;[39m &amp#27;[90m3 ms - 14&amp#27;[39m
&amp#27;[35m[HTTP]&amp#27;[39m &amp#27;[90m&amp#27;[39m
&amp#27;[35m[HTTP]&amp#27;[39m &amp#27;[37m-->&amp#27;[39m &amp#27;[37mGET&amp#27;[39m &amp#27;[37m/wd/hub/session/951857eb-976e-4ab6-a925-3362ff45aa31&amp#27;[39m
&amp#27;[35m[HTTP]&amp#27;[39m &amp#27;[90m{}&amp#27;[39m
[debug] &amp#27;[35m[W3C (951857eb)]&amp#27;[39m Calling AppiumDriver.getSession() with args: ["951857eb-976e-4ab6-a925-3362ff45aa31"]
[debug] &amp#27;[35m[UiAutomator2]&amp#27;[39m Getting session details from server to mix in
[debug] &amp#27;[35m[WD Proxy]&amp#27;[39m Matched '/' to command name 'getSession'
[debug] &amp#27;[35m[WD Proxy]&amp#27;[39m Proxying [GET /] to [GET http://127.0.0.1:8213/wd/hub/session/436fbe5e-5b82-4500-ad7b-01acbcb70fc5] with no body
[debug] &amp#27;[35m[WD Proxy]&amp#27;[39m Got response with status 200: {"sessionId":"436fbe5e-5b82-4500-ad7b-01acbcb70fc5","value":{"lastScrollData":null}}
[debug] &amp#27;[35m[W3C (951857eb)]&amp#27;[39m Responding to client with driver.getSession() result: {"platform":"LINUX","webStorageEnabled":false,"takesScreenshot":true,"javascriptEnabled":true,"databaseEnabled":false,"networkConnectionEnabled":true,"locationContextEnabled":false,"warnings":{},"desired":{"platformName":"android","app":"C:\\Users\\Anis\\eclipse-workspace\\Appium\\src\\ApiDemos-debug.apk","deviceName":"Redmi","newCommandTimeout":14},"platformName":"android","app":"C:\\Users\\Anis\\eclipse-workspace\\Appium\\src\\ApiDemos-debug.apk","deviceName":"55272e729804","newCommandTimeout":14,"deviceUDID":"55272e729804","appPackage":"io.appium.android.apis","deviceApiLevel":24,"platformVersion":"7.0","deviceScreenSize":"1080x1920","deviceScreenDensity":480,"deviceModel":"Redmi Note 4","deviceManufacturer":"Xiaomi","pixelRatio":3,"statBarHeight":72,"viewportRect":{"left":0,"top":72,"width":1080,"height":1848},"lastScrollData":null}
&amp#27;[35m[HTTP]&amp#27;[39m &amp#27;[37m<-- GET /wd/hub/session/951857eb-976e-4ab6-a925-3362ff45aa31 &amp#27;[39m&amp#27;[32m200&amp#27;[39m &amp#27;[90m11 ms - 858&amp#27;[39m
&amp#27;[35m[HTTP]&amp#27;[39m &amp#27;[90m&amp#27;[39m
&amp#27;[35m[HTTP]&amp#27;[39m &amp#27;[37m-->&amp#27;[39m &amp#27;[37mPOST&amp#27;[39m &amp#27;[37m/wd/hub/session/951857eb-976e-4ab6-a925-3362ff45aa31/element&amp#27;[39m
&amp#27;[35m[HTTP]&amp#27;[39m &amp#27;[90m{"using":"xpath","value":"//android.widget.TextView[@content-desc=\"Storage\"]"}&amp#27;[39m
[debug] &amp#27;[35m[W3C (951857eb)]&amp#27;[39m Calling AppiumDriver.findElement() with args: ["xpath","//android.widget.TextView[@content-desc=\"Storage\"]","951857eb-976e-4ab6-a925-3362ff45aa31"]
[debug] &amp#27;[35m[BaseDriver]&amp#27;[39m Valid locator strategies for this request: xpath, id, class name, accessibility id, css selector, -android uiautomator
[debug] &amp#27;[35m[BaseDriver]&amp#27;[39m Waiting up to 10000 ms for condition
[debug] &amp#27;[35m[WD Proxy]&amp#27;[39m Matched '/element' to command name 'findElement'
[debug] &amp#27;[35m[WD Proxy]&amp#27;[39m Proxying [POST /element] to [POST http://127.0.0.1:8213/wd/hub/session/436fbe5e-5b82-4500-ad7b-01acbcb70fc5/element] with body: {"strategy":"xpath","selector":"//android.widget.TextView[@content-desc=\"Storage\"]","context":"","multiple":false}
[debug] &amp#27;[35m[WD Proxy]&amp#27;[39m Got response with status 200: {"sessionId":"436fbe5e-5b82-4500-ad7b-01acbcb70fc5","value":{"ELEMENT":"5ee4e819-5f86-4553-a6ab-d1aac9715ed8","element-6066-11e4-a52e-4f735466cecf":"5ee4e819-5f86-4553-a6ab-d1aac9715ed8"}}
[debug] &amp#27;[35m[W3C (951857eb)]&amp#27;[39m Responding to client with driver.findElement() result: {"element-6066-11e4-a52e-4f735466cecf":"5ee4e819-5f86-4553-a6ab-d1aac9715ed8","ELEMENT":"5ee4e819-5f86-4553-a6ab-d1aac9715ed8"}
&amp#27;[35m[HTTP]&amp#27;[39m &amp#27;[37m<-- POST /wd/hub/session/951857eb-976e-4ab6-a925-3362ff45aa31/element &amp#27;[39m&amp#27;[32m200&amp#27;[39m &amp#27;[90m64 ms - 137&amp#27;[39m
&amp#27;[35m[HTTP]&amp#27;[39m &amp#27;[90m&amp#27;[39m
&amp#27;[35m[HTTP]&amp#27;[39m &amp#27;[37m-->&amp#27;[39m &amp#27;[37mPOST&amp#27;[39m &amp#27;[37m/wd/hub/session/951857eb-976e-4ab6-a925-3362ff45aa31/element/5ee4e819-5f86-4553-a6ab-d1aac9715ed8/click&amp#27;[39m
&amp#27;[35m[HTTP]&amp#27;[39m &amp#27;[90m{"id":"5ee4e819-5f86-4553-a6ab-d1aac9715ed8"}&amp#27;[39m
[debug] &amp#27;[35m[W3C (951857eb)]&amp#27;[39m Calling AppiumDriver.click() with args: ["5ee4e819-5f86-4553-a6ab-d1aac9715ed8","951857eb-976e-4ab6-a925-3362ff45aa31"]
[debug] &amp#27;[35m[WD Proxy]&amp#27;[39m Matched '/element/5ee4e819-5f86-4553-a6ab-d1aac9715ed8/click' to command name 'click'
[debug] &amp#27;[35m[WD Proxy]&amp#27;[39m Proxying [POST /element/5ee4e819-5f86-4553-a6ab-d1aac9715ed8/click] to [POST http://127.0.0.1:8213/wd/hub/session/436fbe5e-5b82-4500-ad7b-01acbcb70fc5/element/5ee4e819-5f86-4553-a6ab-d1aac9715ed8/click] with body: {"element":"5ee4e819-5f86-4553-a6ab-d1aac9715ed8"}
[debug] &amp#27;[35m[WD Proxy]&amp#27;[39m Got response with status 200: {"sessionId":"436fbe5e-5b82-4500-ad7b-01acbcb70fc5","value":null}
[debug] &amp#27;[35m[W3C (951857eb)]&amp#27;[39m Responding to client with driver.click() result: null
&amp#27;[35m[HTTP]&amp#27;[39m &amp#27;[37m<-- POST /wd/hub/session/951857eb-976e-4ab6-a925-3362ff45aa31/element/5ee4e819-5f86-4553-a6ab-d1aac9715ed8/click &amp#27;[39m&amp#27;[32m200&amp#27;[39m &amp#27;[90m1581 ms - 14&amp#27;[39m
&amp#27;[35m[HTTP]&amp#27;[39m &amp#27;[90m&amp#27;[39m
[INFO ] 2021-06-18 15:55:49.014 [main] ExplicitWait - Waiting for element to be visible: Located by By.chained({By.id: android:id/text1})
[INFO ] 2021-06-18 15:55:49.015 [main] ExplicitWait - Waiting for element to be visible: Located by By.chained({By.id: android:id/text1})
&amp#27;[35m[HTTP]&amp#27;[39m &amp#27;[37m-->&amp#27;[39m &amp#27;[37mPOST&amp#27;[39m &amp#27;[37m/wd/hub/session/951857eb-976e-4ab6-a925-3362ff45aa31/timeouts&amp#27;[39m
&amp#27;[35m[HTTP]&amp#27;[39m &amp#27;[90m{"implicit":0}&amp#27;[39m
[debug] &amp#27;[35m[W3C (951857eb)]&amp#27;[39m Calling AppiumDriver.timeouts() with args: [null,null,null,null,0,"951857eb-976e-4ab6-a925-3362ff45aa31"]
[debug] &amp#27;[35m[BaseDriver]&amp#27;[39m W3C timeout argument: {"implicit":0}}
[debug] &amp#27;[35m[BaseDriver]&amp#27;[39m Set implicit wait to 0ms
[debug] &amp#27;[35m[W3C (951857eb)]&amp#27;[39m Responding to client with driver.timeouts() result: null
&amp#27;[35m[HTTP]&amp#27;[39m &amp#27;[37m<-- POST /wd/hub/session/951857eb-976e-4ab6-a925-3362ff45aa31/timeouts &amp#27;[39m&amp#27;[32m200&amp#27;[39m &amp#27;[90m3 ms - 14&amp#27;[39m
&amp#27;[35m[HTTP]&amp#27;[39m &amp#27;[90m&amp#27;[39m
&amp#27;[35m[HTTP]&amp#27;[39m &amp#27;[37m-->&amp#27;[39m &amp#27;[37mGET&amp#27;[39m &amp#27;[37m/wd/hub/session/951857eb-976e-4ab6-a925-3362ff45aa31&amp#27;[39m
&amp#27;[35m[HTTP]&amp#27;[39m &amp#27;[90m{}&amp#27;[39m
[debug] &amp#27;[35m[W3C (951857eb)]&amp#27;[39m Calling AppiumDriver.getSession() with args: ["951857eb-976e-4ab6-a925-3362ff45aa31"]
[debug] &amp#27;[35m[UiAutomator2]&amp#27;[39m Getting session details from server to mix in
[debug] &amp#27;[35m[WD Proxy]&amp#27;[39m Matched '/' to command name 'getSession'
[debug] &amp#27;[35m[WD Proxy]&amp#27;[39m Proxying [GET /] to [GET http://127.0.0.1:8213/wd/hub/session/436fbe5e-5b82-4500-ad7b-01acbcb70fc5] with no body
[debug] &amp#27;[35m[WD Proxy]&amp#27;[39m Got response with status 200: {"sessionId":"436fbe5e-5b82-4500-ad7b-01acbcb70fc5","value":{"lastScrollData":null}}
[debug] &amp#27;[35m[W3C (951857eb)]&amp#27;[39m Responding to client with driver.getSession() result: {"platform":"LINUX","webStorageEnabled":false,"takesScreenshot":true,"javascriptEnabled":true,"databaseEnabled":false,"networkConnectionEnabled":true,"locationContextEnabled":false,"warnings":{},"desired":{"platformName":"android","app":"C:\\Users\\Anis\\eclipse-workspace\\Appium\\src\\ApiDemos-debug.apk","deviceName":"Redmi","newCommandTimeout":14},"platformName":"android","app":"C:\\Users\\Anis\\eclipse-workspace\\Appium\\src\\ApiDemos-debug.apk","deviceName":"55272e729804","newCommandTimeout":14,"deviceUDID":"55272e729804","appPackage":"io.appium.android.apis","deviceApiLevel":24,"platformVersion":"7.0","deviceScreenSize":"1080x1920","deviceScreenDensity":480,"deviceModel":"Redmi Note 4","deviceManufacturer":"Xiaomi","pixelRatio":3,"statBarHeight":72,"viewportRect":{"left":0,"top":72,"width":1080,"height":1848},"lastScrollData":null}
&amp#27;[35m[HTTP]&amp#27;[39m &amp#27;[37m<-- GET /wd/hub/session/951857eb-976e-4ab6-a925-3362ff45aa31 &amp#27;[39m&amp#27;[32m200&amp#27;[39m &amp#27;[90m11 ms - 858&amp#27;[39m
&amp#27;[35m[HTTP]&amp#27;[39m &amp#27;[90m&amp#27;[39m
&amp#27;[35m[HTTP]&amp#27;[39m &amp#27;[37m-->&amp#27;[39m &amp#27;[37mPOST&amp#27;[39m &amp#27;[37m/wd/hub/session/951857eb-976e-4ab6-a925-3362ff45aa31/element&amp#27;[39m
&amp#27;[35m[HTTP]&amp#27;[39m &amp#27;[90m{"using":"id","value":"android:id/text1"}&amp#27;[39m
[debug] &amp#27;[35m[W3C (951857eb)]&amp#27;[39m Calling AppiumDriver.findElement() with args: ["id","android:id/text1","951857eb-976e-4ab6-a925-3362ff45aa31"]
[debug] &amp#27;[35m[BaseDriver]&amp#27;[39m Valid locator strategies for this request: xpath, id, class name, accessibility id, css selector, -android uiautomator
[debug] &amp#27;[35m[BaseDriver]&amp#27;[39m Waiting up to 0 ms for condition
[debug] &amp#27;[35m[WD Proxy]&amp#27;[39m Matched '/element' to command name 'findElement'
[debug] &amp#27;[35m[WD Proxy]&amp#27;[39m Proxying [POST /element] to [POST http://127.0.0.1:8213/wd/hub/session/436fbe5e-5b82-4500-ad7b-01acbcb70fc5/element] with body: {"strategy":"id","selector":"android:id/text1","context":"","multiple":false}
[debug] &amp#27;[35m[WD Proxy]&amp#27;[39m Got response with status 200: {"sessionId":"436fbe5e-5b82-4500-ad7b-01acbcb70fc5","value":{"ELEMENT":"6dde2a0a-8428-40d4-b983-ec5f2e39df23","element-6066-11e4-a52e-4f735466cecf":"6dde2a0a-8428-40d4-b983-ec5f2e39df23"}}
[debug] &amp#27;[35m[W3C (951857eb)]&amp#27;[39m Responding to client with driver.findElement() result: {"element-6066-11e4-a52e-4f735466cecf":"6dde2a0a-8428-40d4-b983-ec5f2e39df23","ELEMENT":"6dde2a0a-8428-40d4-b983-ec5f2e39df23"}
&amp#27;[35m[HTTP]&amp#27;[39m &amp#27;[37m<-- POST /wd/hub/session/951857eb-976e-4ab6-a925-3362ff45aa31/element &amp#27;[39m&amp#27;[32m200&amp#27;[39m &amp#27;[90m23 ms - 137&amp#27;[39m
&amp#27;[35m[HTTP]&amp#27;[39m &amp#27;[90m&amp#27;[39m
&amp#27;[35m[HTTP]&amp#27;[39m &amp#27;[37m-->&amp#27;[39m &amp#27;[37mGET&amp#27;[39m &amp#27;[37m/wd/hub/session/951857eb-976e-4ab6-a925-3362ff45aa31/element/6dde2a0a-8428-40d4-b983-ec5f2e39df23/displayed&amp#27;[39m
&amp#27;[35m[HTTP]&amp#27;[39m &amp#27;[90m{}&amp#27;[39m
[debug] &amp#27;[35m[W3C (951857eb)]&amp#27;[39m Calling AppiumDriver.elementDisplayed() with args: ["6dde2a0a-8428-40d4-b983-ec5f2e39df23","951857eb-976e-4ab6-a925-3362ff45aa31"]
[debug] &amp#27;[35m[WD Proxy]&amp#27;[39m Matched '/element/6dde2a0a-8428-40d4-b983-ec5f2e39df23/attribute/displayed' to command name 'getAttribute'
[debug] &amp#27;[35m[WD Proxy]&amp#27;[39m Proxying [GET /element/6dde2a0a-8428-40d4-b983-ec5f2e39df23/attribute/displayed] to [GET http://127.0.0.1:8213/wd/hub/session/436fbe5e-5b82-4500-ad7b-01acbcb70fc5/element/6dde2a0a-8428-40d4-b983-ec5f2e39df23/attribute/displayed] with no body
[debug] &amp#27;[35m[WD Proxy]&amp#27;[39m Got response with status 200: {"sessionId":"436fbe5e-5b82-4500-ad7b-01acbcb70fc5","value":"true"}
[debug] &amp#27;[35m[W3C (951857eb)]&amp#27;[39m Responding to client with driver.elementDisplayed() result: true
&amp#27;[35m[HTTP]&amp#27;[39m &amp#27;[37m<-- GET /wd/hub/session/951857eb-976e-4ab6-a925-3362ff45aa31/element/6dde2a0a-8428-40d4-b983-ec5f2e39df23/displayed &amp#27;[39m&amp#27;[32m200&amp#27;[39m &amp#27;[90m20 ms - 14&amp#27;[39m
&amp#27;[35m[HTTP]&amp#27;[39m &amp#27;[90m&amp#27;[39m
&amp#27;[35m[HTTP]&amp#27;[39m &amp#27;[37m-->&amp#27;[39m &amp#27;[37mPOST&amp#27;[39m &amp#27;[37m/wd/hub/session/951857eb-976e-4ab6-a925-3362ff45aa31/timeouts&amp#27;[39m
&amp#27;[35m[HTTP]&amp#27;[39m &amp#27;[90m{"implicit":10000}&amp#27;[39m
[debug] &amp#27;[35m[W3C (951857eb)]&amp#27;[39m Calling AppiumDriver.timeouts() with args: [null,null,null,null,10000,"951857eb-976e-4ab6-a925-3362ff45aa31"]
[debug] &amp#27;[35m[BaseDriver]&amp#27;[39m W3C timeout argument: {"implicit":10000}}
[debug] &amp#27;[35m[BaseDriver]&amp#27;[39m Set implicit wait to 10000ms
[debug] &amp#27;[35m[W3C (951857eb)]&amp#27;[39m Responding to client with driver.timeouts() result: null
&amp#27;[35m[HTTP]&amp#27;[39m &amp#27;[37m<-- POST /wd/hub/session/951857eb-976e-4ab6-a925-3362ff45aa31/timeouts &amp#27;[39m&amp#27;[32m200&amp#27;[39m &amp#27;[90m4 ms - 14&amp#27;[39m
&amp#27;[35m[HTTP]&amp#27;[39m &amp#27;[90m&amp#27;[39m
[INFO ] 2021-06-18 15:55:49.128 [main] Content - Clicks The External Storage
[INFO ] 2021-06-18 15:55:49.129 [main] ExplicitWait - Waiting for element to be clickable: Located by By.chained({By.id: android:id/text1})
&amp#27;[35m[HTTP]&amp#27;[39m &amp#27;[37m-->&amp#27;[39m &amp#27;[37mPOST&amp#27;[39m &amp#27;[37m/wd/hub/session/951857eb-976e-4ab6-a925-3362ff45aa31/timeouts&amp#27;[39m
&amp#27;[35m[HTTP]&amp#27;[39m &amp#27;[90m{"implicit":0}&amp#27;[39m
[debug] &amp#27;[35m[W3C (951857eb)]&amp#27;[39m Calling AppiumDriver.timeouts() with args: [null,null,null,null,0,"951857eb-976e-4ab6-a925-3362ff45aa31"]
[debug] &amp#27;[35m[BaseDriver]&amp#27;[39m W3C timeout argument: {"implicit":0}}
[debug] &amp#27;[35m[BaseDriver]&amp#27;[39m Set implicit wait to 0ms
[debug] &amp#27;[35m[W3C (951857eb)]&amp#27;[39m Responding to client with driver.timeouts() result: null
&amp#27;[35m[HTTP]&amp#27;[39m &amp#27;[37m<-- POST /wd/hub/session/951857eb-976e-4ab6-a925-3362ff45aa31/timeouts &amp#27;[39m&amp#27;[32m200&amp#27;[39m &amp#27;[90m3 ms - 14&amp#27;[39m
&amp#27;[35m[HTTP]&amp#27;[39m &amp#27;[90m&amp#27;[39m
&amp#27;[35m[HTTP]&amp#27;[39m &amp#27;[37m-->&amp#27;[39m &amp#27;[37mGET&amp#27;[39m &amp#27;[37m/wd/hub/session/951857eb-976e-4ab6-a925-3362ff45aa31&amp#27;[39m
&amp#27;[35m[HTTP]&amp#27;[39m &amp#27;[90m{}&amp#27;[39m
[debug] &amp#27;[35m[W3C (951857eb)]&amp#27;[39m Calling AppiumDriver.getSession() with args: ["951857eb-976e-4ab6-a925-3362ff45aa31"]
[debug] &amp#27;[35m[UiAutomator2]&amp#27;[39m Getting session details from server to mix in
[debug] &amp#27;[35m[WD Proxy]&amp#27;[39m Matched '/' to command name 'getSession'
[debug] &amp#27;[35m[WD Proxy]&amp#27;[39m Proxying [GET /] to [GET http://127.0.0.1:8213/wd/hub/session/436fbe5e-5b82-4500-ad7b-01acbcb70fc5] with no body
[debug] &amp#27;[35m[WD Proxy]&amp#27;[39m Got response with status 200: {"sessionId":"436fbe5e-5b82-4500-ad7b-01acbcb70fc5","value":{"lastScrollData":null}}
[debug] &amp#27;[35m[W3C (951857eb)]&amp#27;[39m Responding to client with driver.getSession() result: {"platform":"LINUX","webStorageEnabled":false,"takesScreenshot":true,"javascriptEnabled":true,"databaseEnabled":false,"networkConnectionEnabled":true,"locationContextEnabled":false,"warnings":{},"desired":{"platformName":"android","app":"C:\\Users\\Anis\\eclipse-workspace\\Appium\\src\\ApiDemos-debug.apk","deviceName":"Redmi","newCommandTimeout":14},"platformName":"android","app":"C:\\Users\\Anis\\eclipse-workspace\\Appium\\src\\ApiDemos-debug.apk","deviceName":"55272e729804","newCommandTimeout":14,"deviceUDID":"55272e729804","appPackage":"io.appium.android.apis","deviceApiLevel":24,"platformVersion":"7.0","deviceScreenSize":"1080x1920","deviceScreenDensity":480,"deviceModel":"Redmi Note 4","deviceManufacturer":"Xiaomi","pixelRatio":3,"statBarHeight":72,"viewportRect":{"left":0,"top":72,"width":1080,"height":1848},"lastScrollData":null}
&amp#27;[35m[HTTP]&amp#27;[39m &amp#27;[37m<-- GET /wd/hub/session/951857eb-976e-4ab6-a925-3362ff45aa31 &amp#27;[39m&amp#27;[32m200&amp#27;[39m &amp#27;[90m8 ms - 858&amp#27;[39m
&amp#27;[35m[HTTP]&amp#27;[39m &amp#27;[90m&amp#27;[39m
&amp#27;[35m[HTTP]&amp#27;[39m &amp#27;[37m-->&amp#27;[39m &amp#27;[37mPOST&amp#27;[39m &amp#27;[37m/wd/hub/session/951857eb-976e-4ab6-a925-3362ff45aa31/element&amp#27;[39m
&amp#27;[35m[HTTP]&amp#27;[39m &amp#27;[90m{"using":"id","value":"android:id/text1"}&amp#27;[39m
[debug] &amp#27;[35m[W3C (951857eb)]&amp#27;[39m Calling AppiumDriver.findElement() with args: ["id","android:id/text1","951857eb-976e-4ab6-a925-3362ff45aa31"]
[debug] &amp#27;[35m[BaseDriver]&amp#27;[39m Valid locator strategies for this request: xpath, id, class name, accessibility id, css selector, -android uiautomator
[debug] &amp#27;[35m[BaseDriver]&amp#27;[39m Waiting up to 0 ms for condition
[debug] &amp#27;[35m[WD Proxy]&amp#27;[39m Matched '/element' to command name 'findElement'
[debug] &amp#27;[35m[WD Proxy]&amp#27;[39m Proxying [POST /element] to [POST http://127.0.0.1:8213/wd/hub/session/436fbe5e-5b82-4500-ad7b-01acbcb70fc5/element] with body: {"strategy":"id","selector":"android:id/text1","context":"","multiple":false}
[debug] &amp#27;[35m[WD Proxy]&amp#27;[39m Got response with status 200: {"sessionId":"436fbe5e-5b82-4500-ad7b-01acbcb70fc5","value":{"ELEMENT":"38b5709d-6729-4042-bda7-5d68f83b8037","element-6066-11e4-a52e-4f735466cecf":"38b5709d-6729-4042-bda7-5d68f83b8037"}}
[debug] &amp#27;[35m[W3C (951857eb)]&amp#27;[39m Responding to client with driver.findElement() result: {"element-6066-11e4-a52e-4f735466cecf":"38b5709d-6729-4042-bda7-5d68f83b8037","ELEMENT":"38b5709d-6729-4042-bda7-5d68f83b8037"}
&amp#27;[35m[HTTP]&amp#27;[39m &amp#27;[37m<-- POST /wd/hub/session/951857eb-976e-4ab6-a925-3362ff45aa31/element &amp#27;[39m&amp#27;[32m200&amp#27;[39m &amp#27;[90m18 ms - 137&amp#27;[39m
&amp#27;[35m[HTTP]&amp#27;[39m &amp#27;[90m&amp#27;[39m
&amp#27;[35m[HTTP]&amp#27;[39m &amp#27;[37m-->&amp#27;[39m &amp#27;[37mGET&amp#27;[39m &amp#27;[37m/wd/hub/session/951857eb-976e-4ab6-a925-3362ff45aa31/element/38b5709d-6729-4042-bda7-5d68f83b8037/displayed&amp#27;[39m
&amp#27;[35m[HTTP]&amp#27;[39m &amp#27;[90m{}&amp#27;[39m
[debug] &amp#27;[35m[W3C (951857eb)]&amp#27;[39m Calling AppiumDriver.elementDisplayed() with args: ["38b5709d-6729-4042-bda7-5d68f83b8037","951857eb-976e-4ab6-a925-3362ff45aa31"]
[debug] &amp#27;[35m[WD Proxy]&amp#27;[39m Matched '/element/38b5709d-6729-4042-bda7-5d68f83b8037/attribute/displayed' to command name 'getAttribute'
[debug] &amp#27;[35m[WD Proxy]&amp#27;[39m Proxying [GET /element/38b5709d-6729-4042-bda7-5d68f83b8037/attribute/displayed] to [GET http://127.0.0.1:8213/wd/hub/session/436fbe5e-5b82-4500-ad7b-01acbcb70fc5/element/38b5709d-6729-4042-bda7-5d68f83b8037/attribute/displayed] with no body
[debug] &amp#27;[35m[WD Proxy]&amp#27;[39m Got response with status 200: {"sessionId":"436fbe5e-5b82-4500-ad7b-01acbcb70fc5","value":"true"}
[debug] &amp#27;[35m[W3C (951857eb)]&amp#27;[39m Responding to client with driver.elementDisplayed() result: true
&amp#27;[35m[HTTP]&amp#27;[39m &amp#27;[37m<-- GET /wd/hub/session/951857eb-976e-4ab6-a925-3362ff45aa31/element/38b5709d-6729-4042-bda7-5d68f83b8037/displayed &amp#27;[39m&amp#27;[32m200&amp#27;[39m &amp#27;[90m12 ms - 14&amp#27;[39m
&amp#27;[35m[HTTP]&amp#27;[39m &amp#27;[90m&amp#27;[39m
&amp#27;[35m[HTTP]&amp#27;[39m &amp#27;[37m-->&amp#27;[39m &amp#27;[37mGET&amp#27;[39m &amp#27;[37m/wd/hub/session/951857eb-976e-4ab6-a925-3362ff45aa31&amp#27;[39m
&amp#27;[35m[HTTP]&amp#27;[39m &amp#27;[90m{}&amp#27;[39m
[debug] &amp#27;[35m[W3C (951857eb)]&amp#27;[39m Calling AppiumDriver.getSession() with args: ["951857eb-976e-4ab6-a925-3362ff45aa31"]
[debug] &amp#27;[35m[UiAutomator2]&amp#27;[39m Getting session details from server to mix in
[debug] &amp#27;[35m[WD Proxy]&amp#27;[39m Matched '/' to command name 'getSession'
[debug] &amp#27;[35m[WD Proxy]&amp#27;[39m Proxying [GET /] to [GET http://127.0.0.1:8213/wd/hub/session/436fbe5e-5b82-4500-ad7b-01acbcb70fc5] with no body
[debug] &amp#27;[35m[WD Proxy]&amp#27;[39m Got response with status 200: {"sessionId":"436fbe5e-5b82-4500-ad7b-01acbcb70fc5","value":{"lastScrollData":null}}
[debug] &amp#27;[35m[W3C (951857eb)]&amp#27;[39m Responding to client with driver.getSession() result: {"platform":"LINUX","webStorageEnabled":false,"takesScreenshot":true,"javascriptEnabled":true,"databaseEnabled":false,"networkConnectionEnabled":true,"locationContextEnabled":false,"warnings":{},"desired":{"platformName":"android","app":"C:\\Users\\Anis\\eclipse-workspace\\Appium\\src\\ApiDemos-debug.apk","deviceName":"Redmi","newCommandTimeout":14},"platformName":"android","app":"C:\\Users\\Anis\\eclipse-workspace\\Appium\\src\\ApiDemos-debug.apk","deviceName":"55272e729804","newCommandTimeout":14,"deviceUDID":"55272e729804","appPackage":"io.appium.android.apis","deviceApiLevel":24,"platformVersion":"7.0","deviceScreenSize":"1080x1920","deviceScreenDensity":480,"deviceModel":"Redmi Note 4","deviceManufacturer":"Xiaomi","pixelRatio":3,"statBarHeight":72,"viewportRect":{"left":0,"top":72,"width":1080,"height":1848},"lastScrollData":null}
&amp#27;[35m[HTTP]&amp#27;[39m &amp#27;[37m<-- GET /wd/hub/session/951857eb-976e-4ab6-a925-3362ff45aa31 &amp#27;[39m&amp#27;[32m200&amp#27;[39m &amp#27;[90m9 ms - 858&amp#27;[39m
&amp#27;[35m[HTTP]&amp#27;[39m &amp#27;[90m&amp#27;[39m
&amp#27;[35m[HTTP]&amp#27;[39m &amp#27;[37m-->&amp#27;[39m &amp#27;[37mPOST&amp#27;[39m &amp#27;[37m/wd/hub/session/951857eb-976e-4ab6-a925-3362ff45aa31/element&amp#27;[39m
&amp#27;[35m[HTTP]&amp#27;[39m &amp#27;[90m{"using":"id","value":"android:id/text1"}&amp#27;[39m
[debug] &amp#27;[35m[W3C (951857eb)]&amp#27;[39m Calling AppiumDriver.findElement() with args: ["id","android:id/text1","951857eb-976e-4ab6-a925-3362ff45aa31"]
[debug] &amp#27;[35m[BaseDriver]&amp#27;[39m Valid locator strategies for this request: xpath, id, class name, accessibility id, css selector, -android uiautomator
[debug] &amp#27;[35m[BaseDriver]&amp#27;[39m Waiting up to 0 ms for condition
[debug] &amp#27;[35m[WD Proxy]&amp#27;[39m Matched '/element' to command name 'findElement'
[debug] &amp#27;[35m[WD Proxy]&amp#27;[39m Proxying [POST /element] to [POST http://127.0.0.1:8213/wd/hub/session/436fbe5e-5b82-4500-ad7b-01acbcb70fc5/element] with body: {"strategy":"id","selector":"android:id/text1","context":"","multiple":false}
[debug] &amp#27;[35m[WD Proxy]&amp#27;[39m Got response with status 200: {"sessionId":"436fbe5e-5b82-4500-ad7b-01acbcb70fc5","value":{"ELEMENT":"2c763cae-5c4b-40c3-af78-d9123a2d41a0","element-6066-11e4-a52e-4f735466cecf":"2c763cae-5c4b-40c3-af78-d9123a2d41a0"}}
[debug] &amp#27;[35m[W3C (951857eb)]&amp#27;[39m Responding to client with driver.findElement() result: {"element-6066-11e4-a52e-4f735466cecf":"2c763cae-5c4b-40c3-af78-d9123a2d41a0","ELEMENT":"2c763cae-5c4b-40c3-af78-d9123a2d41a0"}
&amp#27;[35m[HTTP]&amp#27;[39m &amp#27;[37m<-- POST /wd/hub/session/951857eb-976e-4ab6-a925-3362ff45aa31/element &amp#27;[39m&amp#27;[32m200&amp#27;[39m &amp#27;[90m18 ms - 137&amp#27;[39m
&amp#27;[35m[HTTP]&amp#27;[39m &amp#27;[90m&amp#27;[39m
&amp#27;[35m[HTTP]&amp#27;[39m &amp#27;[37m-->&amp#27;[39m &amp#27;[37mGET&amp#27;[39m &amp#27;[37m/wd/hub/session/951857eb-976e-4ab6-a925-3362ff45aa31/element/2c763cae-5c4b-40c3-af78-d9123a2d41a0/enabled&amp#27;[39m
&amp#27;[35m[HTTP]&amp#27;[39m &amp#27;[90m{}&amp#27;[39m
[debug] &amp#27;[35m[W3C (951857eb)]&amp#27;[39m Calling AppiumDriver.elementEnabled() with args: ["2c763cae-5c4b-40c3-af78-d9123a2d41a0","951857eb-976e-4ab6-a925-3362ff45aa31"]
[debug] &amp#27;[35m[WD Proxy]&amp#27;[39m Matched '/element/2c763cae-5c4b-40c3-af78-d9123a2d41a0/attribute/enabled' to command name 'getAttribute'
[debug] &amp#27;[35m[WD Proxy]&amp#27;[39m Proxying [GET /element/2c763cae-5c4b-40c3-af78-d9123a2d41a0/attribute/enabled] to [GET http://127.0.0.1:8213/wd/hub/session/436fbe5e-5b82-4500-ad7b-01acbcb70fc5/element/2c763cae-5c4b-40c3-af78-d9123a2d41a0/attribute/enabled] with no body
[debug] &amp#27;[35m[WD Proxy]&amp#27;[39m Got response with status 200: {"sessionId":"436fbe5e-5b82-4500-ad7b-01acbcb70fc5","value":"true"}
[debug] &amp#27;[35m[W3C (951857eb)]&amp#27;[39m Responding to client with driver.elementEnabled() result: true
&amp#27;[35m[HTTP]&amp#27;[39m &amp#27;[37m<-- GET /wd/hub/session/951857eb-976e-4ab6-a925-3362ff45aa31/element/2c763cae-5c4b-40c3-af78-d9123a2d41a0/enabled &amp#27;[39m&amp#27;[32m200&amp#27;[39m &amp#27;[90m19 ms - 14&amp#27;[39m
&amp#27;[35m[HTTP]&amp#27;[39m &amp#27;[90m&amp#27;[39m
&amp#27;[35m[HTTP]&amp#27;[39m &amp#27;[37m-->&amp#27;[39m &amp#27;[37mPOST&amp#27;[39m &amp#27;[37m/wd/hub/session/951857eb-976e-4ab6-a925-3362ff45aa31/timeouts&amp#27;[39m
&amp#27;[35m[HTTP]&amp#27;[39m &amp#27;[90m{"implicit":10000}&amp#27;[39m
[debug] &amp#27;[35m[W3C (951857eb)]&amp#27;[39m Calling AppiumDriver.timeouts() with args: [null,null,null,null,10000,"951857eb-976e-4ab6-a925-3362ff45aa31"]
[debug] &amp#27;[35m[BaseDriver]&amp#27;[39m W3C timeout argument: {"implicit":10000}}
[debug] &amp#27;[35m[BaseDriver]&amp#27;[39m Set implicit wait to 10000ms
[debug] &amp#27;[35m[W3C (951857eb)]&amp#27;[39m Responding to client with driver.timeouts() result: null
&amp#27;[35m[HTTP]&amp#27;[39m &amp#27;[37m<-- POST /wd/hub/session/951857eb-976e-4ab6-a925-3362ff45aa31/timeouts &amp#27;[39m&amp#27;[32m200&amp#27;[39m &amp#27;[90m2 ms - 14&amp#27;[39m
&amp#27;[35m[HTTP]&amp#27;[39m &amp#27;[90m&amp#27;[39m
&amp#27;[35m[HTTP]&amp#27;[39m &amp#27;[37m-->&amp#27;[39m &amp#27;[37mGET&amp#27;[39m &amp#27;[37m/wd/hub/session/951857eb-976e-4ab6-a925-3362ff45aa31&amp#27;[39m
&amp#27;[35m[HTTP]&amp#27;[39m &amp#27;[90m{}&amp#27;[39m
[debug] &amp#27;[35m[W3C (951857eb)]&amp#27;[39m Calling AppiumDriver.getSession() with args: ["951857eb-976e-4ab6-a925-3362ff45aa31"]
[debug] &amp#27;[35m[UiAutomator2]&amp#27;[39m Getting session details from server to mix in
[debug] &amp#27;[35m[WD Proxy]&amp#27;[39m Matched '/' to command name 'getSession'
[debug] &amp#27;[35m[WD Proxy]&amp#27;[39m Proxying [GET /] to [GET http://127.0.0.1:8213/wd/hub/session/436fbe5e-5b82-4500-ad7b-01acbcb70fc5] with no body
[debug] &amp#27;[35m[WD Proxy]&amp#27;[39m Got response with status 200: {"sessionId":"436fbe5e-5b82-4500-ad7b-01acbcb70fc5","value":{"lastScrollData":null}}
[debug] &amp#27;[35m[W3C (951857eb)]&amp#27;[39m Responding to client with driver.getSession() result: {"platform":"LINUX","webStorageEnabled":false,"takesScreenshot":true,"javascriptEnabled":true,"databaseEnabled":false,"networkConnectionEnabled":true,"locationContextEnabled":false,"warnings":{},"desired":{"platformName":"android","app":"C:\\Users\\Anis\\eclipse-workspace\\Appium\\src\\ApiDemos-debug.apk","deviceName":"Redmi","newCommandTimeout":14},"platformName":"android","app":"C:\\Users\\Anis\\eclipse-workspace\\Appium\\src\\ApiDemos-debug.apk","deviceName":"55272e729804","newCommandTimeout":14,"deviceUDID":"55272e729804","appPackage":"io.appium.android.apis","deviceApiLevel":24,"platformVersion":"7.0","deviceScreenSize":"1080x1920","deviceScreenDensity":480,"deviceModel":"Redmi Note 4","deviceManufacturer":"Xiaomi","pixelRatio":3,"statBarHeight":72,"viewportRect":{"left":0,"top":72,"width":1080,"height":1848},"lastScrollData":null}
&amp#27;[35m[HTTP]&amp#27;[39m &amp#27;[37m<-- GET /wd/hub/session/951857eb-976e-4ab6-a925-3362ff45aa31 &amp#27;[39m&amp#27;[32m200&amp#27;[39m &amp#27;[90m9 ms - 858&amp#27;[39m
&amp#27;[35m[HTTP]&amp#27;[39m &amp#27;[90m&amp#27;[39m
&amp#27;[35m[HTTP]&amp#27;[39m &amp#27;[37m-->&amp#27;[39m &amp#27;[37mPOST&amp#27;[39m &amp#27;[37m/wd/hub/session/951857eb-976e-4ab6-a925-3362ff45aa31/element&amp#27;[39m
&amp#27;[35m[HTTP]&amp#27;[39m &amp#27;[90m{"using":"id","value":"android:id/text1"}&amp#27;[39m
[debug] &amp#27;[35m[W3C (951857eb)]&amp#27;[39m Calling AppiumDriver.findElement() with args: ["id","android:id/text1","951857eb-976e-4ab6-a925-3362ff45aa31"]
[debug] &amp#27;[35m[BaseDriver]&amp#27;[39m Valid locator strategies for this request: xpath, id, class name, accessibility id, css selector, -android uiautomator
[debug] &amp#27;[35m[BaseDriver]&amp#27;[39m Waiting up to 10000 ms for condition
[debug] &amp#27;[35m[WD Proxy]&amp#27;[39m Matched '/element' to command name 'findElement'
[debug] &amp#27;[35m[WD Proxy]&amp#27;[39m Proxying [POST /element] to [POST http://127.0.0.1:8213/wd/hub/session/436fbe5e-5b82-4500-ad7b-01acbcb70fc5/element] with body: {"strategy":"id","selector":"android:id/text1","context":"","multiple":false}
[debug] &amp#27;[35m[WD Proxy]&amp#27;[39m Got response with status 200: {"sessionId":"436fbe5e-5b82-4500-ad7b-01acbcb70fc5","value":{"ELEMENT":"c0b98a9a-70db-44cc-8a4f-0aae71ccd34f","element-6066-11e4-a52e-4f735466cecf":"c0b98a9a-70db-44cc-8a4f-0aae71ccd34f"}}
[debug] &amp#27;[35m[W3C (951857eb)]&amp#27;[39m Responding to client with driver.findElement() result: {"element-6066-11e4-a52e-4f735466cecf":"c0b98a9a-70db-44cc-8a4f-0aae71ccd34f","ELEMENT":"c0b98a9a-70db-44cc-8a4f-0aae71ccd34f"}
&amp#27;[35m[HTTP]&amp#27;[39m &amp#27;[37m<-- POST /wd/hub/session/951857eb-976e-4ab6-a925-3362ff45aa31/element &amp#27;[39m&amp#27;[32m200&amp#27;[39m &amp#27;[90m33 ms - 137&amp#27;[39m
&amp#27;[35m[HTTP]&amp#27;[39m &amp#27;[90m&amp#27;[39m
&amp#27;[35m[HTTP]&amp#27;[39m &amp#27;[37m-->&amp#27;[39m &amp#27;[37mPOST&amp#27;[39m &amp#27;[37m/wd/hub/session/951857eb-976e-4ab6-a925-3362ff45aa31/element/c0b98a9a-70db-44cc-8a4f-0aae71ccd34f/click&amp#27;[39m
&amp#27;[35m[HTTP]&amp#27;[39m &amp#27;[90m{"id":"c0b98a9a-70db-44cc-8a4f-0aae71ccd34f"}&amp#27;[39m
[debug] &amp#27;[35m[W3C (951857eb)]&amp#27;[39m Calling AppiumDriver.click() with args: ["c0b98a9a-70db-44cc-8a4f-0aae71ccd34f","951857eb-976e-4ab6-a925-3362ff45aa31"]
[debug] &amp#27;[35m[WD Proxy]&amp#27;[39m Matched '/element/c0b98a9a-70db-44cc-8a4f-0aae71ccd34f/click' to command name 'click'
[debug] &amp#27;[35m[WD Proxy]&amp#27;[39m Proxying [POST /element/c0b98a9a-70db-44cc-8a4f-0aae71ccd34f/click] to [POST http://127.0.0.1:8213/wd/hub/session/436fbe5e-5b82-4500-ad7b-01acbcb70fc5/element/c0b98a9a-70db-44cc-8a4f-0aae71ccd34f/click] with body: {"element":"c0b98a9a-70db-44cc-8a4f-0aae71ccd34f"}
[debug] &amp#27;[35m[WD Proxy]&amp#27;[39m Got response with status 200: {"sessionId":"436fbe5e-5b82-4500-ad7b-01acbcb70fc5","value":null}
[debug] &amp#27;[35m[W3C (951857eb)]&amp#27;[39m Responding to client with driver.click() result: null
&amp#27;[35m[HTTP]&amp#27;[39m &amp#27;[37m<-- POST /wd/hub/session/951857eb-976e-4ab6-a925-3362ff45aa31/element/c0b98a9a-70db-44cc-8a4f-0aae71ccd34f/click &amp#27;[39m&amp#27;[32m200&amp#27;[39m &amp#27;[90m632 ms - 14&amp#27;[39m
&amp#27;[35m[HTTP]&amp#27;[39m &amp#27;[90m&amp#27;[39m
[INFO ] 2021-06-18 15:55:49.992 [main] ExplicitWait - Waiting for element to be visible: Located by By.chained({By.xpath: (//android.widget.Button[@content-desc="Create"])[1]})
[INFO ] 2021-06-18 15:55:49.992 [main] ExplicitWait - Waiting for element to be visible: Located by By.chained({By.xpath: (//android.widget.Button[@content-desc="Create"])[1]})
&amp#27;[35m[HTTP]&amp#27;[39m &amp#27;[37m-->&amp#27;[39m &amp#27;[37mPOST&amp#27;[39m &amp#27;[37m/wd/hub/session/951857eb-976e-4ab6-a925-3362ff45aa31/timeouts&amp#27;[39m
&amp#27;[35m[HTTP]&amp#27;[39m &amp#27;[90m{"implicit":0}&amp#27;[39m
[debug] &amp#27;[35m[W3C (951857eb)]&amp#27;[39m Calling AppiumDriver.timeouts() with args: [null,null,null,null,0,"951857eb-976e-4ab6-a925-3362ff45aa31"]
[debug] &amp#27;[35m[BaseDriver]&amp#27;[39m W3C timeout argument: {"implicit":0}}
[debug] &amp#27;[35m[BaseDriver]&amp#27;[39m Set implicit wait to 0ms
[debug] &amp#27;[35m[W3C (951857eb)]&amp#27;[39m Responding to client with driver.timeouts() result: null
&amp#27;[35m[HTTP]&amp#27;[39m &amp#27;[37m<-- POST /wd/hub/session/951857eb-976e-4ab6-a925-3362ff45aa31/timeouts &amp#27;[39m&amp#27;[32m200&amp#27;[39m &amp#27;[90m3 ms - 14&amp#27;[39m
&amp#27;[35m[HTTP]&amp#27;[39m &amp#27;[90m&amp#27;[39m
&amp#27;[35m[HTTP]&amp#27;[39m &amp#27;[37m-->&amp#27;[39m &amp#27;[37mGET&amp#27;[39m &amp#27;[37m/wd/hub/session/951857eb-976e-4ab6-a925-3362ff45aa31&amp#27;[39m
&amp#27;[35m[HTTP]&amp#27;[39m &amp#27;[90m{}&amp#27;[39m
[debug] &amp#27;[35m[W3C (951857eb)]&amp#27;[39m Calling AppiumDriver.getSession() with args: ["951857eb-976e-4ab6-a925-3362ff45aa31"]
[debug] &amp#27;[35m[UiAutomator2]&amp#27;[39m Getting session details from server to mix in
[debug] &amp#27;[35m[WD Proxy]&amp#27;[39m Matched '/' to command name 'getSession'
[debug] &amp#27;[35m[WD Proxy]&amp#27;[39m Proxying [GET /] to [GET http://127.0.0.1:8213/wd/hub/session/436fbe5e-5b82-4500-ad7b-01acbcb70fc5] with no body
[debug] &amp#27;[35m[WD Proxy]&amp#27;[39m Got response with status 200: {"sessionId":"436fbe5e-5b82-4500-ad7b-01acbcb70fc5","value":{"lastScrollData":null}}
[debug] &amp#27;[35m[W3C (951857eb)]&amp#27;[39m Responding to client with driver.getSession() result: {"platform":"LINUX","webStorageEnabled":false,"takesScreenshot":true,"javascriptEnabled":true,"databaseEnabled":false,"networkConnectionEnabled":true,"locationContextEnabled":false,"warnings":{},"desired":{"platformName":"android","app":"C:\\Users\\Anis\\eclipse-workspace\\Appium\\src\\ApiDemos-debug.apk","deviceName":"Redmi","newCommandTimeout":14},"platformName":"android","app":"C:\\Users\\Anis\\eclipse-workspace\\Appium\\src\\ApiDemos-debug.apk","deviceName":"55272e729804","newCommandTimeout":14,"deviceUDID":"55272e729804","appPackage":"io.appium.android.apis","deviceApiLevel":24,"platformVersion":"7.0","deviceScreenSize":"1080x1920","deviceScreenDensity":480,"deviceModel":"Redmi Note 4","deviceManufacturer":"Xiaomi","pixelRatio":3,"statBarHeight":72,"viewportRect":{"left":0,"top":72,"width":1080,"height":1848},"lastScrollData":null}
&amp#27;[35m[HTTP]&amp#27;[39m &amp#27;[37m<-- GET /wd/hub/session/951857eb-976e-4ab6-a925-3362ff45aa31 &amp#27;[39m&amp#27;[32m200&amp#27;[39m &amp#27;[90m11 ms - 858&amp#27;[39m
&amp#27;[35m[HTTP]&amp#27;[39m &amp#27;[90m&amp#27;[39m
&amp#27;[35m[HTTP]&amp#27;[39m &amp#27;[37m-->&amp#27;[39m &amp#27;[37mPOST&amp#27;[39m &amp#27;[37m/wd/hub/session/951857eb-976e-4ab6-a925-3362ff45aa31/element&amp#27;[39m
&amp#27;[35m[HTTP]&amp#27;[39m &amp#27;[90m{"using":"xpath","value":"(//android.widget.Button[@content-desc=\"Create\"])[1]"}&amp#27;[39m
[debug] &amp#27;[35m[W3C (951857eb)]&amp#27;[39m Calling AppiumDriver.findElement() with args: ["xpath","(//android.widget.Button[@content-desc=\"Create\"])[1]","951857eb-976e-4ab6-a925-3362ff45aa31"]
[debug] &amp#27;[35m[BaseDriver]&amp#27;[39m Valid locator strategies for this request: xpath, id, class name, accessibility id, css selector, -android uiautomator
[debug] &amp#27;[35m[BaseDriver]&amp#27;[39m Waiting up to 0 ms for condition
[debug] &amp#27;[35m[WD Proxy]&amp#27;[39m Matched '/element' to command name 'findElement'
[debug] &amp#27;[35m[WD Proxy]&amp#27;[39m Proxying [POST /element] to [POST http://127.0.0.1:8213/wd/hub/session/436fbe5e-5b82-4500-ad7b-01acbcb70fc5/element] with body: {"strategy":"xpath","selector":"(//android.widget.Button[@content-desc=\"Create\"])[1]","context":"","multiple":false}
&amp#27;[35m[WD Proxy]&amp#27;[39m Got response with status 404: {"sessionId":"436fbe5e-5b82-4500-ad7b-01acbcb70fc5","value":{"error":"no such element","message":"An element could not be located on the page using the given search parameters","stacktrace":"io.appium.uiautomator2.common.exceptions.ElementNotFoundException: An element could not be located on the page using the given search parameters\n\tat io.appium.uiautomator2.handler.FindElement.findElement(FindElement.java:89)\n\tat io.appium.uiautomator2.handler.FindElement.safeHandle(FindElement.java:66)\n\tat io.appium.uiautomator2.handler.request.SafeRequestHandler.handle(SafeRequestHandler.java:41)\n\tat io.appium.uiautomator2.server.AppiumServlet.handleRequest(AppiumServlet.java:262)\n\tat io.appium.uiautomator2.server.AppiumServlet.handleHttpRequest(AppiumServlet.java:256)\n\tat io.appium.uiautomator2.http.ServerHandler.channelRead(ServerHandler.java:68)\n\tat io.netty.channel.AbstractChannelHandlerContext.invokeChannelRead(AbstractChannelHandlerContext.java:366)\n\tat io.netty.channel.AbstractChannelHandlerCont...
[debug] &amp#27;[35m[W3C]&amp#27;[39m Matched W3C error code 'no such element' to NoSuchElementError
[debug] &amp#27;[35m[W3C (951857eb)]&amp#27;[39m Encountered internal error running command: NoSuchElementError: An element could not be located on the page using the given search parameters.
[debug] &amp#27;[35m[W3C (951857eb)]&amp#27;[39m     at AndroidUiautomator2Driver.findElOrEls (C:\Users\Anis\AppData\Roaming\npm\node_modules\appium\node_modules\appium-android-driver\lib\commands\find.js:75:11)
[debug] &amp#27;[35m[W3C (951857eb)]&amp#27;[39m     at runMicrotasks (<anonymous>)
[debug] &amp#27;[35m[W3C (951857eb)]&amp#27;[39m     at processTicksAndRejections (internal/process/task_queues.js:93:5)
[debug] &amp#27;[35m[W3C (951857eb)]&amp#27;[39m     at AndroidUiautomator2Driver.findElOrElsWithProcessing (C:\Users\Anis\AppData\Roaming\npm\node_modules\appium\node_modules\appium-base-driver\lib\basedriver\commands\find.js:33:12)
[debug] &amp#27;[35m[W3C (951857eb)]&amp#27;[39m     at AndroidUiautomator2Driver.findElement (C:\Users\Anis\AppData\Roaming\npm\node_modules\appium\node_modules\appium-base-driver\lib\basedriver\commands\find.js:53:10)
&amp#27;[35m[HTTP]&amp#27;[39m &amp#27;[37m<-- POST /wd/hub/session/951857eb-976e-4ab6-a925-3362ff45aa31/element &amp#27;[39m&amp#27;[33m404&amp#27;[39m &amp#27;[90m173 ms - 911&amp#27;[39m
&amp#27;[35m[HTTP]&amp#27;[39m &amp#27;[90m&amp#27;[39m
&amp#27;[35m[HTTP]&amp#27;[39m &amp#27;[37m-->&amp#27;[39m &amp#27;[37mPOST&amp#27;[39m &amp#27;[37m/wd/hub/session/951857eb-976e-4ab6-a925-3362ff45aa31/element&amp#27;[39m
&amp#27;[35m[HTTP]&amp#27;[39m &amp#27;[90m{"using":"xpath","value":"(//android.widget.Button[@content-desc=\"Create\"])[1]"}&amp#27;[39m
[debug] &amp#27;[35m[W3C (951857eb)]&amp#27;[39m Calling AppiumDriver.findElement() with args: ["xpath","(//android.widget.Button[@content-desc=\"Create\"])[1]","951857eb-976e-4ab6-a925-3362ff45aa31"]
[debug] &amp#27;[35m[BaseDriver]&amp#27;[39m Valid locator strategies for this request: xpath, id, class name, accessibility id, css selector, -android uiautomator
[debug] &amp#27;[35m[BaseDriver]&amp#27;[39m Waiting up to 0 ms for condition
[debug] &amp#27;[35m[WD Proxy]&amp#27;[39m Matched '/element' to command name 'findElement'
[debug] &amp#27;[35m[WD Proxy]&amp#27;[39m Proxying [POST /element] to [POST http://127.0.0.1:8213/wd/hub/session/436fbe5e-5b82-4500-ad7b-01acbcb70fc5/element] with body: {"strategy":"xpath","selector":"(//android.widget.Button[@content-desc=\"Create\"])[1]","context":"","multiple":false}
[debug] &amp#27;[35m[WD Proxy]&amp#27;[39m Got response with status 200: {"sessionId":"436fbe5e-5b82-4500-ad7b-01acbcb70fc5","value":{"ELEMENT":"50003c2b-a5b1-409f-a14f-33bb4bdd95b2","element-6066-11e4-a52e-4f735466cecf":"50003c2b-a5b1-409f-a14f-33bb4bdd95b2"}}
[debug] &amp#27;[35m[W3C (951857eb)]&amp#27;[39m Responding to client with driver.findElement() result: {"element-6066-11e4-a52e-4f735466cecf":"50003c2b-a5b1-409f-a14f-33bb4bdd95b2","ELEMENT":"50003c2b-a5b1-409f-a14f-33bb4bdd95b2"}
&amp#27;[35m[HTTP]&amp#27;[39m &amp#27;[37m<-- POST /wd/hub/session/951857eb-976e-4ab6-a925-3362ff45aa31/element &amp#27;[39m&amp#27;[32m200&amp#27;[39m &amp#27;[90m455 ms - 137&amp#27;[39m
&amp#27;[35m[HTTP]&amp#27;[39m &amp#27;[90m&amp#27;[39m
&amp#27;[35m[HTTP]&amp#27;[39m &amp#27;[37m-->&amp#27;[39m &amp#27;[37mGET&amp#27;[39m &amp#27;[37m/wd/hub/session/951857eb-976e-4ab6-a925-3362ff45aa31/element/50003c2b-a5b1-409f-a14f-33bb4bdd95b2/displayed&amp#27;[39m
&amp#27;[35m[HTTP]&amp#27;[39m &amp#27;[90m{}&amp#27;[39m
[debug] &amp#27;[35m[W3C (951857eb)]&amp#27;[39m Calling AppiumDriver.elementDisplayed() with args: ["50003c2b-a5b1-409f-a14f-33bb4bdd95b2","951857eb-976e-4ab6-a925-3362ff45aa31"]
[debug] &amp#27;[35m[WD Proxy]&amp#27;[39m Matched '/element/50003c2b-a5b1-409f-a14f-33bb4bdd95b2/attribute/displayed' to command name 'getAttribute'
[debug] &amp#27;[35m[WD Proxy]&amp#27;[39m Proxying [GET /element/50003c2b-a5b1-409f-a14f-33bb4bdd95b2/attribute/displayed] to [GET http://127.0.0.1:8213/wd/hub/session/436fbe5e-5b82-4500-ad7b-01acbcb70fc5/element/50003c2b-a5b1-409f-a14f-33bb4bdd95b2/attribute/displayed] with no body
[debug] &amp#27;[35m[WD Proxy]&amp#27;[39m Got response with status 200: {"sessionId":"436fbe5e-5b82-4500-ad7b-01acbcb70fc5","value":"true"}
[debug] &amp#27;[35m[W3C (951857eb)]&amp#27;[39m Responding to client with driver.elementDisplayed() result: true
&amp#27;[35m[HTTP]&amp#27;[39m &amp#27;[37m<-- GET /wd/hub/session/951857eb-976e-4ab6-a925-3362ff45aa31/element/50003c2b-a5b1-409f-a14f-33bb4bdd95b2/displayed &amp#27;[39m&amp#27;[32m200&amp#27;[39m &amp#27;[90m19 ms - 14&amp#27;[39m
&amp#27;[35m[HTTP]&amp#27;[39m &amp#27;[90m&amp#27;[39m
&amp#27;[35m[HTTP]&amp#27;[39m &amp#27;[37m-->&amp#27;[39m &amp#27;[37mPOST&amp#27;[39m &amp#27;[37m/wd/hub/session/951857eb-976e-4ab6-a925-3362ff45aa31/timeouts&amp#27;[39m
&amp#27;[35m[HTTP]&amp#27;[39m &amp#27;[90m{"implicit":10000}&amp#27;[39m
[debug] &amp#27;[35m[W3C (951857eb)]&amp#27;[39m Calling AppiumDriver.timeouts() with args: [null,null,null,null,10000,"951857eb-976e-4ab6-a925-3362ff45aa31"]
[debug] &amp#27;[35m[BaseDriver]&amp#27;[39m W3C timeout argument: {"implicit":10000}}
[debug] &amp#27;[35m[BaseDriver]&amp#27;[39m Set implicit wait to 10000ms
[debug] &amp#27;[35m[W3C (951857eb)]&amp#27;[39m Responding to client with driver.timeouts() result: null
&amp#27;[35m[HTTP]&amp#27;[39m &amp#27;[37m<-- POST /wd/hub/session/951857eb-976e-4ab6-a925-3362ff45aa31/timeouts &amp#27;[39m&amp#27;[32m200&amp#27;[39m &amp#27;[90m2 ms - 14&amp#27;[39m
&amp#27;[35m[HTTP]&amp#27;[39m &amp#27;[90m&amp#27;[39m
[INFO ] 2021-06-18 15:55:51.253 [main] Content - Clicks The Create
[INFO ] 2021-06-18 15:55:51.253 [main] ExplicitWait - Waiting for element to be clickable: Located by By.chained({By.xpath: (//android.widget.Button[@content-desc="Create"])[1]})
&amp#27;[35m[HTTP]&amp#27;[39m &amp#27;[37m-->&amp#27;[39m &amp#27;[37mPOST&amp#27;[39m &amp#27;[37m/wd/hub/session/951857eb-976e-4ab6-a925-3362ff45aa31/timeouts&amp#27;[39m
&amp#27;[35m[HTTP]&amp#27;[39m &amp#27;[90m{"implicit":0}&amp#27;[39m
[debug] &amp#27;[35m[W3C (951857eb)]&amp#27;[39m Calling AppiumDriver.timeouts() with args: [null,null,null,null,0,"951857eb-976e-4ab6-a925-3362ff45aa31"]
[debug] &amp#27;[35m[BaseDriver]&amp#27;[39m W3C timeout argument: {"implicit":0}}
[debug] &amp#27;[35m[BaseDriver]&amp#27;[39m Set implicit wait to 0ms
[debug] &amp#27;[35m[W3C (951857eb)]&amp#27;[39m Responding to client with driver.timeouts() result: null
&amp#27;[35m[HTTP]&amp#27;[39m &amp#27;[37m<-- POST /wd/hub/session/951857eb-976e-4ab6-a925-3362ff45aa31/timeouts &amp#27;[39m&amp#27;[32m200&amp#27;[39m &amp#27;[90m3 ms - 14&amp#27;[39m
&amp#27;[35m[HTTP]&amp#27;[39m &amp#27;[90m&amp#27;[39m
&amp#27;[35m[HTTP]&amp#27;[39m &amp#27;[37m-->&amp#27;[39m &amp#27;[37mGET&amp#27;[39m &amp#27;[37m/wd/hub/session/951857eb-976e-4ab6-a925-3362ff45aa31&amp#27;[39m
&amp#27;[35m[HTTP]&amp#27;[39m &amp#27;[90m{}&amp#27;[39m
[debug] &amp#27;[35m[W3C (951857eb)]&amp#27;[39m Calling AppiumDriver.getSession() with args: ["951857eb-976e-4ab6-a925-3362ff45aa31"]
[debug] &amp#27;[35m[UiAutomator2]&amp#27;[39m Getting session details from server to mix in
[debug] &amp#27;[35m[WD Proxy]&amp#27;[39m Matched '/' to command name 'getSession'
[debug] &amp#27;[35m[WD Proxy]&amp#27;[39m Proxying [GET /] to [GET http://127.0.0.1:8213/wd/hub/session/436fbe5e-5b82-4500-ad7b-01acbcb70fc5] with no body
[debug] &amp#27;[35m[WD Proxy]&amp#27;[39m Got response with status 200: {"sessionId":"436fbe5e-5b82-4500-ad7b-01acbcb70fc5","value":{"lastScrollData":null}}
[debug] &amp#27;[35m[W3C (951857eb)]&amp#27;[39m Responding to client with driver.getSession() result: {"platform":"LINUX","webStorageEnabled":false,"takesScreenshot":true,"javascriptEnabled":true,"databaseEnabled":false,"networkConnectionEnabled":true,"locationContextEnabled":false,"warnings":{},"desired":{"platformName":"android","app":"C:\\Users\\Anis\\eclipse-workspace\\Appium\\src\\ApiDemos-debug.apk","deviceName":"Redmi","newCommandTimeout":14},"platformName":"android","app":"C:\\Users\\Anis\\eclipse-workspace\\Appium\\src\\ApiDemos-debug.apk","deviceName":"55272e729804","newCommandTimeout":14,"deviceUDID":"55272e729804","appPackage":"io.appium.android.apis","deviceApiLevel":24,"platformVersion":"7.0","deviceScreenSize":"1080x1920","deviceScreenDensity":480,"deviceModel":"Redmi Note 4","deviceManufacturer":"Xiaomi","pixelRatio":3,"statBarHeight":72,"viewportRect":{"left":0,"top":72,"width":1080,"height":1848},"lastScrollData":null}
&amp#27;[35m[HTTP]&amp#27;[39m &amp#27;[37m<-- GET /wd/hub/session/951857eb-976e-4ab6-a925-3362ff45aa31 &amp#27;[39m&amp#27;[32m200&amp#27;[39m &amp#27;[90m15 ms - 858&amp#27;[39m
&amp#27;[35m[HTTP]&amp#27;[39m &amp#27;[90m&amp#27;[39m
&amp#27;[35m[HTTP]&amp#27;[39m &amp#27;[37m-->&amp#27;[39m &amp#27;[37mPOST&amp#27;[39m &amp#27;[37m/wd/hub/session/951857eb-976e-4ab6-a925-3362ff45aa31/element&amp#27;[39m
&amp#27;[35m[HTTP]&amp#27;[39m &amp#27;[90m{"using":"xpath","value":"(//android.widget.Button[@content-desc=\"Create\"])[1]"}&amp#27;[39m
[debug] &amp#27;[35m[W3C (951857eb)]&amp#27;[39m Calling AppiumDriver.findElement() with args: ["xpath","(//android.widget.Button[@content-desc=\"Create\"])[1]","951857eb-976e-4ab6-a925-3362ff45aa31"]
[debug] &amp#27;[35m[BaseDriver]&amp#27;[39m Valid locator strategies for this request: xpath, id, class name, accessibility id, css selector, -android uiautomator
[debug] &amp#27;[35m[BaseDriver]&amp#27;[39m Waiting up to 0 ms for condition
[debug] &amp#27;[35m[WD Proxy]&amp#27;[39m Matched '/element' to command name 'findElement'
[debug] &amp#27;[35m[WD Proxy]&amp#27;[39m Proxying [POST /element] to [POST http://127.0.0.1:8213/wd/hub/session/436fbe5e-5b82-4500-ad7b-01acbcb70fc5/element] with body: {"strategy":"xpath","selector":"(//android.widget.Button[@content-desc=\"Create\"])[1]","context":"","multiple":false}
[debug] &amp#27;[35m[WD Proxy]&amp#27;[39m Got response with status 200: {"sessionId":"436fbe5e-5b82-4500-ad7b-01acbcb70fc5","value":{"ELEMENT":"751c6d2e-1b89-4865-a6ec-5dd33d43c95f","element-6066-11e4-a52e-4f735466cecf":"751c6d2e-1b89-4865-a6ec-5dd33d43c95f"}}
[debug] &amp#27;[35m[W3C (951857eb)]&amp#27;[39m Responding to client with driver.findElement() result: {"element-6066-11e4-a52e-4f735466cecf":"751c6d2e-1b89-4865-a6ec-5dd33d43c95f","ELEMENT":"751c6d2e-1b89-4865-a6ec-5dd33d43c95f"}
&amp#27;[35m[HTTP]&amp#27;[39m &amp#27;[37m<-- POST /wd/hub/session/951857eb-976e-4ab6-a925-3362ff45aa31/element &amp#27;[39m&amp#27;[32m200&amp#27;[39m &amp#27;[90m88 ms - 137&amp#27;[39m
&amp#27;[35m[HTTP]&amp#27;[39m &amp#27;[90m&amp#27;[39m
&amp#27;[35m[HTTP]&amp#27;[39m &amp#27;[37m-->&amp#27;[39m &amp#27;[37mGET&amp#27;[39m &amp#27;[37m/wd/hub/session/951857eb-976e-4ab6-a925-3362ff45aa31/element/751c6d2e-1b89-4865-a6ec-5dd33d43c95f/displayed&amp#27;[39m
&amp#27;[35m[HTTP]&amp#27;[39m &amp#27;[90m{}&amp#27;[39m
[debug] &amp#27;[35m[W3C (951857eb)]&amp#27;[39m Calling AppiumDriver.elementDisplayed() with args: ["751c6d2e-1b89-4865-a6ec-5dd33d43c95f","951857eb-976e-4ab6-a925-3362ff45aa31"]
[debug] &amp#27;[35m[WD Proxy]&amp#27;[39m Matched '/element/751c6d2e-1b89-4865-a6ec-5dd33d43c95f/attribute/displayed' to command name 'getAttribute'
[debug] &amp#27;[35m[WD Proxy]&amp#27;[39m Proxying [GET /element/751c6d2e-1b89-4865-a6ec-5dd33d43c95f/attribute/displayed] to [GET http://127.0.0.1:8213/wd/hub/session/436fbe5e-5b82-4500-ad7b-01acbcb70fc5/element/751c6d2e-1b89-4865-a6ec-5dd33d43c95f/attribute/displayed] with no body
[debug] &amp#27;[35m[WD Proxy]&amp#27;[39m Got response with status 200: {"sessionId":"436fbe5e-5b82-4500-ad7b-01acbcb70fc5","value":"true"}
[debug] &amp#27;[35m[W3C (951857eb)]&amp#27;[39m Responding to client with driver.elementDisplayed() result: true
&amp#27;[35m[HTTP]&amp#27;[39m &amp#27;[37m<-- GET /wd/hub/session/951857eb-976e-4ab6-a925-3362ff45aa31/element/751c6d2e-1b89-4865-a6ec-5dd33d43c95f/displayed &amp#27;[39m&amp#27;[32m200&amp#27;[39m &amp#27;[90m17 ms - 14&amp#27;[39m
&amp#27;[35m[HTTP]&amp#27;[39m &amp#27;[90m&amp#27;[39m
&amp#27;[35m[HTTP]&amp#27;[39m &amp#27;[37m-->&amp#27;[39m &amp#27;[37mGET&amp#27;[39m &amp#27;[37m/wd/hub/session/951857eb-976e-4ab6-a925-3362ff45aa31&amp#27;[39m
&amp#27;[35m[HTTP]&amp#27;[39m &amp#27;[90m{}&amp#27;[39m
[debug] &amp#27;[35m[W3C (951857eb)]&amp#27;[39m Calling AppiumDriver.getSession() with args: ["951857eb-976e-4ab6-a925-3362ff45aa31"]
[debug] &amp#27;[35m[UiAutomator2]&amp#27;[39m Getting session details from server to mix in
[debug] &amp#27;[35m[WD Proxy]&amp#27;[39m Matched '/' to command name 'getSession'
[debug] &amp#27;[35m[WD Proxy]&amp#27;[39m Proxying [GET /] to [GET http://127.0.0.1:8213/wd/hub/session/436fbe5e-5b82-4500-ad7b-01acbcb70fc5] with no body
[debug] &amp#27;[35m[WD Proxy]&amp#27;[39m Got response with status 200: {"sessionId":"436fbe5e-5b82-4500-ad7b-01acbcb70fc5","value":{"lastScrollData":null}}
[debug] &amp#27;[35m[W3C (951857eb)]&amp#27;[39m Responding to client with driver.getSession() result: {"platform":"LINUX","webStorageEnabled":false,"takesScreenshot":true,"javascriptEnabled":true,"databaseEnabled":false,"networkConnectionEnabled":true,"locationContextEnabled":false,"warnings":{},"desired":{"platformName":"android","app":"C:\\Users\\Anis\\eclipse-workspace\\Appium\\src\\ApiDemos-debug.apk","deviceName":"Redmi","newCommandTimeout":14},"platformName":"android","app":"C:\\Users\\Anis\\eclipse-workspace\\Appium\\src\\ApiDemos-debug.apk","deviceName":"55272e729804","newCommandTimeout":14,"deviceUDID":"55272e729804","appPackage":"io.appium.android.apis","deviceApiLevel":24,"platformVersion":"7.0","deviceScreenSize":"1080x1920","deviceScreenDensity":480,"deviceModel":"Redmi Note 4","deviceManufacturer":"Xiaomi","pixelRatio":3,"statBarHeight":72,"viewportRect":{"left":0,"top":72,"width":1080,"height":1848},"lastScrollData":null}
&amp#27;[35m[HTTP]&amp#27;[39m &amp#27;[37m<-- GET /wd/hub/session/951857eb-976e-4ab6-a925-3362ff45aa31 &amp#27;[39m&amp#27;[32m200&amp#27;[39m &amp#27;[90m14 ms - 858&amp#27;[39m
&amp#27;[35m[HTTP]&amp#27;[39m &amp#27;[90m&amp#27;[39m
&amp#27;[35m[HTTP]&amp#27;[39m &amp#27;[37m-->&amp#27;[39m &amp#27;[37mPOST&amp#27;[39m &amp#27;[37m/wd/hub/session/951857eb-976e-4ab6-a925-3362ff45aa31/element&amp#27;[39m
&amp#27;[35m[HTTP]&amp#27;[39m &amp#27;[90m{"using":"xpath","value":"(//android.widget.Button[@content-desc=\"Create\"])[1]"}&amp#27;[39m
[debug] &amp#27;[35m[W3C (951857eb)]&amp#27;[39m Calling AppiumDriver.findElement() with args: ["xpath","(//android.widget.Button[@content-desc=\"Create\"])[1]","951857eb-976e-4ab6-a925-3362ff45aa31"]
[debug] &amp#27;[35m[BaseDriver]&amp#27;[39m Valid locator strategies for this request: xpath, id, class name, accessibility id, css selector, -android uiautomator
[debug] &amp#27;[35m[BaseDriver]&amp#27;[39m Waiting up to 0 ms for condition
[debug] &amp#27;[35m[WD Proxy]&amp#27;[39m Matched '/element' to command name 'findElement'
[debug] &amp#27;[35m[WD Proxy]&amp#27;[39m Proxying [POST /element] to [POST http://127.0.0.1:8213/wd/hub/session/436fbe5e-5b82-4500-ad7b-01acbcb70fc5/element] with body: {"strategy":"xpath","selector":"(//android.widget.Button[@content-desc=\"Create\"])[1]","context":"","multiple":false}
[debug] &amp#27;[35m[WD Proxy]&amp#27;[39m Got response with status 200: {"sessionId":"436fbe5e-5b82-4500-ad7b-01acbcb70fc5","value":{"ELEMENT":"1842d1ec-c5dd-4d73-be22-84f08d5bf29c","element-6066-11e4-a52e-4f735466cecf":"1842d1ec-c5dd-4d73-be22-84f08d5bf29c"}}
[debug] &amp#27;[35m[W3C (951857eb)]&amp#27;[39m Responding to client with driver.findElement() result: {"element-6066-11e4-a52e-4f735466cecf":"1842d1ec-c5dd-4d73-be22-84f08d5bf29c","ELEMENT":"1842d1ec-c5dd-4d73-be22-84f08d5bf29c"}
&amp#27;[35m[HTTP]&amp#27;[39m &amp#27;[37m<-- POST /wd/hub/session/951857eb-976e-4ab6-a925-3362ff45aa31/element &amp#27;[39m&amp#27;[32m200&amp#27;[39m &amp#27;[90m87 ms - 137&amp#27;[39m
&amp#27;[35m[HTTP]&amp#27;[39m &amp#27;[90m&amp#27;[39m
&amp#27;[35m[HTTP]&amp#27;[39m &amp#27;[37m-->&amp#27;[39m &amp#27;[37mGET&amp#27;[39m &amp#27;[37m/wd/hub/session/951857eb-976e-4ab6-a925-3362ff45aa31/element/1842d1ec-c5dd-4d73-be22-84f08d5bf29c/enabled&amp#27;[39m
&amp#27;[35m[HTTP]&amp#27;[39m &amp#27;[90m{}&amp#27;[39m
[debug] &amp#27;[35m[W3C (951857eb)]&amp#27;[39m Calling AppiumDriver.elementEnabled() with args: ["1842d1ec-c5dd-4d73-be22-84f08d5bf29c","951857eb-976e-4ab6-a925-3362ff45aa31"]
[debug] &amp#27;[35m[WD Proxy]&amp#27;[39m Matched '/element/1842d1ec-c5dd-4d73-be22-84f08d5bf29c/attribute/enabled' to command name 'getAttribute'
[debug] &amp#27;[35m[WD Proxy]&amp#27;[39m Proxying [GET /element/1842d1ec-c5dd-4d73-be22-84f08d5bf29c/attribute/enabled] to [GET http://127.0.0.1:8213/wd/hub/session/436fbe5e-5b82-4500-ad7b-01acbcb70fc5/element/1842d1ec-c5dd-4d73-be22-84f08d5bf29c/attribute/enabled] with no body
[debug] &amp#27;[35m[WD Proxy]&amp#27;[39m Got response with status 200: {"sessionId":"436fbe5e-5b82-4500-ad7b-01acbcb70fc5","value":"true"}
[debug] &amp#27;[35m[W3C (951857eb)]&amp#27;[39m Responding to client with driver.elementEnabled() result: true
&amp#27;[35m[HTTP]&amp#27;[39m &amp#27;[37m<-- GET /wd/hub/session/951857eb-976e-4ab6-a925-3362ff45aa31/element/1842d1ec-c5dd-4d73-be22-84f08d5bf29c/enabled &amp#27;[39m&amp#27;[32m200&amp#27;[39m &amp#27;[90m15 ms - 14&amp#27;[39m
&amp#27;[35m[HTTP]&amp#27;[39m &amp#27;[90m&amp#27;[39m
&amp#27;[35m[HTTP]&amp#27;[39m &amp#27;[37m-->&amp#27;[39m &amp#27;[37mPOST&amp#27;[39m &amp#27;[37m/wd/hub/session/951857eb-976e-4ab6-a925-3362ff45aa31/timeouts&amp#27;[39m
&amp#27;[35m[HTTP]&amp#27;[39m &amp#27;[90m{"implicit":10000}&amp#27;[39m
[debug] &amp#27;[35m[W3C (951857eb)]&amp#27;[39m Calling AppiumDriver.timeouts() with args: [null,null,null,null,10000,"951857eb-976e-4ab6-a925-3362ff45aa31"]
[debug] &amp#27;[35m[BaseDriver]&amp#27;[39m W3C timeout argument: {"implicit":10000}}
[debug] &amp#27;[35m[BaseDriver]&amp#27;[39m Set implicit wait to 10000ms
[debug] &amp#27;[35m[W3C (951857eb)]&amp#27;[39m Responding to client with driver.timeouts() result: null
&amp#27;[35m[HTTP]&amp#27;[39m &amp#27;[37m<-- POST /wd/hub/session/951857eb-976e-4ab6-a925-3362ff45aa31/timeouts &amp#27;[39m&amp#27;[32m200&amp#27;[39m &amp#27;[90m2 ms - 14&amp#27;[39m
&amp#27;[35m[HTTP]&amp#27;[39m &amp#27;[90m&amp#27;[39m
&amp#27;[35m[HTTP]&amp#27;[39m &amp#27;[37m-->&amp#27;[39m &amp#27;[37mGET&amp#27;[39m &amp#27;[37m/wd/hub/session/951857eb-976e-4ab6-a925-3362ff45aa31&amp#27;[39m
&amp#27;[35m[HTTP]&amp#27;[39m &amp#27;[90m{}&amp#27;[39m
[debug] &amp#27;[35m[W3C (951857eb)]&amp#27;[39m Calling AppiumDriver.getSession() with args: ["951857eb-976e-4ab6-a925-3362ff45aa31"]
[debug] &amp#27;[35m[UiAutomator2]&amp#27;[39m Getting session details from server to mix in
[debug] &amp#27;[35m[WD Proxy]&amp#27;[39m Matched '/' to command name 'getSession'
[debug] &amp#27;[35m[WD Proxy]&amp#27;[39m Proxying [GET /] to [GET http://127.0.0.1:8213/wd/hub/session/436fbe5e-5b82-4500-ad7b-01acbcb70fc5] with no body
[debug] &amp#27;[35m[WD Proxy]&amp#27;[39m Got response with status 200: {"sessionId":"436fbe5e-5b82-4500-ad7b-01acbcb70fc5","value":{"lastScrollData":null}}
[debug] &amp#27;[35m[W3C (951857eb)]&amp#27;[39m Responding to client with driver.getSession() result: {"platform":"LINUX","webStorageEnabled":false,"takesScreenshot":true,"javascriptEnabled":true,"databaseEnabled":false,"networkConnectionEnabled":true,"locationContextEnabled":false,"warnings":{},"desired":{"platformName":"android","app":"C:\\Users\\Anis\\eclipse-workspace\\Appium\\src\\ApiDemos-debug.apk","deviceName":"Redmi","newCommandTimeout":14},"platformName":"android","app":"C:\\Users\\Anis\\eclipse-workspace\\Appium\\src\\ApiDemos-debug.apk","deviceName":"55272e729804","newCommandTimeout":14,"deviceUDID":"55272e729804","appPackage":"io.appium.android.apis","deviceApiLevel":24,"platformVersion":"7.0","deviceScreenSize":"1080x1920","deviceScreenDensity":480,"deviceModel":"Redmi Note 4","deviceManufacturer":"Xiaomi","pixelRatio":3,"statBarHeight":72,"viewportRect":{"left":0,"top":72,"width":1080,"height":1848},"lastScrollData":null}
&amp#27;[35m[HTTP]&amp#27;[39m &amp#27;[37m<-- GET /wd/hub/session/951857eb-976e-4ab6-a925-3362ff45aa31 &amp#27;[39m&amp#27;[32m200&amp#27;[39m &amp#27;[90m11 ms - 858&amp#27;[39m
&amp#27;[35m[HTTP]&amp#27;[39m &amp#27;[90m&amp#27;[39m
&amp#27;[35m[HTTP]&amp#27;[39m &amp#27;[37m-->&amp#27;[39m &amp#27;[37mPOST&amp#27;[39m &amp#27;[37m/wd/hub/session/951857eb-976e-4ab6-a925-3362ff45aa31/element&amp#27;[39m
&amp#27;[35m[HTTP]&amp#27;[39m &amp#27;[90m{"using":"xpath","value":"(//android.widget.Button[@content-desc=\"Create\"])[1]"}&amp#27;[39m
[debug] &amp#27;[35m[W3C (951857eb)]&amp#27;[39m Calling AppiumDriver.findElement() with args: ["xpath","(//android.widget.Button[@content-desc=\"Create\"])[1]","951857eb-976e-4ab6-a925-3362ff45aa31"]
[debug] &amp#27;[35m[BaseDriver]&amp#27;[39m Valid locator strategies for this request: xpath, id, class name, accessibility id, css selector, -android uiautomator
[debug] &amp#27;[35m[BaseDriver]&amp#27;[39m Waiting up to 10000 ms for condition
[debug] &amp#27;[35m[WD Proxy]&amp#27;[39m Matched '/element' to command name 'findElement'
[debug] &amp#27;[35m[WD Proxy]&amp#27;[39m Proxying [POST /element] to [POST http://127.0.0.1:8213/wd/hub/session/436fbe5e-5b82-4500-ad7b-01acbcb70fc5/element] with body: {"strategy":"xpath","selector":"(//android.widget.Button[@content-desc=\"Create\"])[1]","context":"","multiple":false}
[debug] &amp#27;[35m[WD Proxy]&amp#27;[39m Got response with status 200: {"sessionId":"436fbe5e-5b82-4500-ad7b-01acbcb70fc5","value":{"ELEMENT":"8ae05e39-34ae-4377-b7d9-5d6206d6f5fb","element-6066-11e4-a52e-4f735466cecf":"8ae05e39-34ae-4377-b7d9-5d6206d6f5fb"}}
[debug] &amp#27;[35m[W3C (951857eb)]&amp#27;[39m Responding to client with driver.findElement() result: {"element-6066-11e4-a52e-4f735466cecf":"8ae05e39-34ae-4377-b7d9-5d6206d6f5fb","ELEMENT":"8ae05e39-34ae-4377-b7d9-5d6206d6f5fb"}
&amp#27;[35m[HTTP]&amp#27;[39m &amp#27;[37m<-- POST /wd/hub/session/951857eb-976e-4ab6-a925-3362ff45aa31/element &amp#27;[39m&amp#27;[32m200&amp#27;[39m &amp#27;[90m87 ms - 137&amp#27;[39m
&amp#27;[35m[HTTP]&amp#27;[39m &amp#27;[90m&amp#27;[39m
&amp#27;[35m[HTTP]&amp#27;[39m &amp#27;[37m-->&amp#27;[39m &amp#27;[37mPOST&amp#27;[39m &amp#27;[37m/wd/hub/session/951857eb-976e-4ab6-a925-3362ff45aa31/element/8ae05e39-34ae-4377-b7d9-5d6206d6f5fb/click&amp#27;[39m
&amp#27;[35m[HTTP]&amp#27;[39m &amp#27;[90m{"id":"8ae05e39-34ae-4377-b7d9-5d6206d6f5fb"}&amp#27;[39m
[debug] &amp#27;[35m[W3C (951857eb)]&amp#27;[39m Calling AppiumDriver.click() with args: ["8ae05e39-34ae-4377-b7d9-5d6206d6f5fb","951857eb-976e-4ab6-a925-3362ff45aa31"]
[debug] &amp#27;[35m[WD Proxy]&amp#27;[39m Matched '/element/8ae05e39-34ae-4377-b7d9-5d6206d6f5fb/click' to command name 'click'
[debug] &amp#27;[35m[WD Proxy]&amp#27;[39m Proxying [POST /element/8ae05e39-34ae-4377-b7d9-5d6206d6f5fb/click] to [POST http://127.0.0.1:8213/wd/hub/session/436fbe5e-5b82-4500-ad7b-01acbcb70fc5/element/8ae05e39-34ae-4377-b7d9-5d6206d6f5fb/click] with body: {"element":"8ae05e39-34ae-4377-b7d9-5d6206d6f5fb"}
[debug] &amp#27;[35m[WD Proxy]&amp#27;[39m Got response with status 200: {"sessionId":"436fbe5e-5b82-4500-ad7b-01acbcb70fc5","value":null}
[debug] &amp#27;[35m[W3C (951857eb)]&amp#27;[39m Responding to client with driver.click() result: null
&amp#27;[35m[HTTP]&amp#27;[39m &amp#27;[37m<-- POST /wd/hub/session/951857eb-976e-4ab6-a925-3362ff45aa31/element/8ae05e39-34ae-4377-b7d9-5d6206d6f5fb/click &amp#27;[39m&amp#27;[32m200&amp#27;[39m &amp#27;[90m31 ms - 14&amp#27;[39m
&amp#27;[35m[HTTP]&amp#27;[39m &amp#27;[90m&amp#27;[39m
[INFO ] 2021-06-18 15:55:51.703 [main] ExplicitWait - Waiting for element to be visible: Located by By.chained({By.xpath: (//android.widget.Button[@content-desc="Delete"])[1]})
[INFO ] 2021-06-18 15:55:51.703 [main] ExplicitWait - Waiting for element to be visible: Located by By.chained({By.xpath: (//android.widget.Button[@content-desc="Delete"])[1]})
&amp#27;[35m[HTTP]&amp#27;[39m &amp#27;[37m-->&amp#27;[39m &amp#27;[37mPOST&amp#27;[39m &amp#27;[37m/wd/hub/session/951857eb-976e-4ab6-a925-3362ff45aa31/timeouts&amp#27;[39m
&amp#27;[35m[HTTP]&amp#27;[39m &amp#27;[90m{"implicit":0}&amp#27;[39m
[debug] &amp#27;[35m[W3C (951857eb)]&amp#27;[39m Calling AppiumDriver.timeouts() with args: [null,null,null,null,0,"951857eb-976e-4ab6-a925-3362ff45aa31"]
[debug] &amp#27;[35m[BaseDriver]&amp#27;[39m W3C timeout argument: {"implicit":0}}
[debug] &amp#27;[35m[BaseDriver]&amp#27;[39m Set implicit wait to 0ms
[debug] &amp#27;[35m[W3C (951857eb)]&amp#27;[39m Responding to client with driver.timeouts() result: null
&amp#27;[35m[HTTP]&amp#27;[39m &amp#27;[37m<-- POST /wd/hub/session/951857eb-976e-4ab6-a925-3362ff45aa31/timeouts &amp#27;[39m&amp#27;[32m200&amp#27;[39m &amp#27;[90m2 ms - 14&amp#27;[39m
&amp#27;[35m[HTTP]&amp#27;[39m &amp#27;[90m&amp#27;[39m
&amp#27;[35m[HTTP]&amp#27;[39m &amp#27;[37m-->&amp#27;[39m &amp#27;[37mGET&amp#27;[39m &amp#27;[37m/wd/hub/session/951857eb-976e-4ab6-a925-3362ff45aa31&amp#27;[39m
&amp#27;[35m[HTTP]&amp#27;[39m &amp#27;[90m{}&amp#27;[39m
[debug] &amp#27;[35m[W3C (951857eb)]&amp#27;[39m Calling AppiumDriver.getSession() with args: ["951857eb-976e-4ab6-a925-3362ff45aa31"]
[debug] &amp#27;[35m[UiAutomator2]&amp#27;[39m Getting session details from server to mix in
[debug] &amp#27;[35m[WD Proxy]&amp#27;[39m Matched '/' to command name 'getSession'
[debug] &amp#27;[35m[WD Proxy]&amp#27;[39m Proxying [GET /] to [GET http://127.0.0.1:8213/wd/hub/session/436fbe5e-5b82-4500-ad7b-01acbcb70fc5] with no body
[debug] &amp#27;[35m[WD Proxy]&amp#27;[39m Got response with status 200: {"sessionId":"436fbe5e-5b82-4500-ad7b-01acbcb70fc5","value":{"lastScrollData":null}}
[debug] &amp#27;[35m[W3C (951857eb)]&amp#27;[39m Responding to client with driver.getSession() result: {"platform":"LINUX","webStorageEnabled":false,"takesScreenshot":true,"javascriptEnabled":true,"databaseEnabled":false,"networkConnectionEnabled":true,"locationContextEnabled":false,"warnings":{},"desired":{"platformName":"android","app":"C:\\Users\\Anis\\eclipse-workspace\\Appium\\src\\ApiDemos-debug.apk","deviceName":"Redmi","newCommandTimeout":14},"platformName":"android","app":"C:\\Users\\Anis\\eclipse-workspace\\Appium\\src\\ApiDemos-debug.apk","deviceName":"55272e729804","newCommandTimeout":14,"deviceUDID":"55272e729804","appPackage":"io.appium.android.apis","deviceApiLevel":24,"platformVersion":"7.0","deviceScreenSize":"1080x1920","deviceScreenDensity":480,"deviceModel":"Redmi Note 4","deviceManufacturer":"Xiaomi","pixelRatio":3,"statBarHeight":72,"viewportRect":{"left":0,"top":72,"width":1080,"height":1848},"lastScrollData":null}
&amp#27;[35m[HTTP]&amp#27;[39m &amp#27;[37m<-- GET /wd/hub/session/951857eb-976e-4ab6-a925-3362ff45aa31 &amp#27;[39m&amp#27;[32m200&amp#27;[39m &amp#27;[90m16 ms - 858&amp#27;[39m
&amp#27;[35m[HTTP]&amp#27;[39m &amp#27;[90m&amp#27;[39m
&amp#27;[35m[HTTP]&amp#27;[39m &amp#27;[37m-->&amp#27;[39m &amp#27;[37mPOST&amp#27;[39m &amp#27;[37m/wd/hub/session/951857eb-976e-4ab6-a925-3362ff45aa31/element&amp#27;[39m
&amp#27;[35m[HTTP]&amp#27;[39m &amp#27;[90m{"using":"xpath","value":"(//android.widget.Button[@content-desc=\"Delete\"])[1]"}&amp#27;[39m
[debug] &amp#27;[35m[W3C (951857eb)]&amp#27;[39m Calling AppiumDriver.findElement() with args: ["xpath","(//android.widget.Button[@content-desc=\"Delete\"])[1]","951857eb-976e-4ab6-a925-3362ff45aa31"]
[debug] &amp#27;[35m[BaseDriver]&amp#27;[39m Valid locator strategies for this request: xpath, id, class name, accessibility id, css selector, -android uiautomator
[debug] &amp#27;[35m[BaseDriver]&amp#27;[39m Waiting up to 0 ms for condition
[debug] &amp#27;[35m[WD Proxy]&amp#27;[39m Matched '/element' to command name 'findElement'
[debug] &amp#27;[35m[WD Proxy]&amp#27;[39m Proxying [POST /element] to [POST http://127.0.0.1:8213/wd/hub/session/436fbe5e-5b82-4500-ad7b-01acbcb70fc5/element] with body: {"strategy":"xpath","selector":"(//android.widget.Button[@content-desc=\"Delete\"])[1]","context":"","multiple":false}
[debug] &amp#27;[35m[WD Proxy]&amp#27;[39m Got response with status 200: {"sessionId":"436fbe5e-5b82-4500-ad7b-01acbcb70fc5","value":{"ELEMENT":"2cc34ad7-fec1-4b66-9ddf-7ff397fde63d","element-6066-11e4-a52e-4f735466cecf":"2cc34ad7-fec1-4b66-9ddf-7ff397fde63d"}}
[debug] &amp#27;[35m[W3C (951857eb)]&amp#27;[39m Responding to client with driver.findElement() result: {"element-6066-11e4-a52e-4f735466cecf":"2cc34ad7-fec1-4b66-9ddf-7ff397fde63d","ELEMENT":"2cc34ad7-fec1-4b66-9ddf-7ff397fde63d"}
&amp#27;[35m[HTTP]&amp#27;[39m &amp#27;[37m<-- POST /wd/hub/session/951857eb-976e-4ab6-a925-3362ff45aa31/element &amp#27;[39m&amp#27;[32m200&amp#27;[39m &amp#27;[90m60 ms - 137&amp#27;[39m
&amp#27;[35m[HTTP]&amp#27;[39m &amp#27;[90m&amp#27;[39m
&amp#27;[35m[HTTP]&amp#27;[39m &amp#27;[37m-->&amp#27;[39m &amp#27;[37mGET&amp#27;[39m &amp#27;[37m/wd/hub/session/951857eb-976e-4ab6-a925-3362ff45aa31/element/2cc34ad7-fec1-4b66-9ddf-7ff397fde63d/displayed&amp#27;[39m
&amp#27;[35m[HTTP]&amp#27;[39m &amp#27;[90m{}&amp#27;[39m
[debug] &amp#27;[35m[W3C (951857eb)]&amp#27;[39m Calling AppiumDriver.elementDisplayed() with args: ["2cc34ad7-fec1-4b66-9ddf-7ff397fde63d","951857eb-976e-4ab6-a925-3362ff45aa31"]
[debug] &amp#27;[35m[WD Proxy]&amp#27;[39m Matched '/element/2cc34ad7-fec1-4b66-9ddf-7ff397fde63d/attribute/displayed' to command name 'getAttribute'
[debug] &amp#27;[35m[WD Proxy]&amp#27;[39m Proxying [GET /element/2cc34ad7-fec1-4b66-9ddf-7ff397fde63d/attribute/displayed] to [GET http://127.0.0.1:8213/wd/hub/session/436fbe5e-5b82-4500-ad7b-01acbcb70fc5/element/2cc34ad7-fec1-4b66-9ddf-7ff397fde63d/attribute/displayed] with no body
[debug] &amp#27;[35m[WD Proxy]&amp#27;[39m Got response with status 200: {"sessionId":"436fbe5e-5b82-4500-ad7b-01acbcb70fc5","value":"true"}
[debug] &amp#27;[35m[W3C (951857eb)]&amp#27;[39m Responding to client with driver.elementDisplayed() result: true
&amp#27;[35m[HTTP]&amp#27;[39m &amp#27;[37m<-- GET /wd/hub/session/951857eb-976e-4ab6-a925-3362ff45aa31/element/2cc34ad7-fec1-4b66-9ddf-7ff397fde63d/displayed &amp#27;[39m&amp#27;[32m200&amp#27;[39m &amp#27;[90m595 ms - 14&amp#27;[39m
&amp#27;[35m[HTTP]&amp#27;[39m &amp#27;[90m&amp#27;[39m
&amp#27;[35m[HTTP]&amp#27;[39m &amp#27;[37m-->&amp#27;[39m &amp#27;[37mPOST&amp#27;[39m &amp#27;[37m/wd/hub/session/951857eb-976e-4ab6-a925-3362ff45aa31/timeouts&amp#27;[39m
&amp#27;[35m[HTTP]&amp#27;[39m &amp#27;[90m{"implicit":10000}&amp#27;[39m
[debug] &amp#27;[35m[W3C (951857eb)]&amp#27;[39m Calling AppiumDriver.timeouts() with args: [null,null,null,null,10000,"951857eb-976e-4ab6-a925-3362ff45aa31"]
[debug] &amp#27;[35m[BaseDriver]&amp#27;[39m W3C timeout argument: {"implicit":10000}}
[debug] &amp#27;[35m[BaseDriver]&amp#27;[39m Set implicit wait to 10000ms
[debug] &amp#27;[35m[W3C (951857eb)]&amp#27;[39m Responding to client with driver.timeouts() result: null
&amp#27;[35m[HTTP]&amp#27;[39m &amp#27;[37m<-- POST /wd/hub/session/951857eb-976e-4ab6-a925-3362ff45aa31/timeouts &amp#27;[39m&amp#27;[32m200&amp#27;[39m &amp#27;[90m2 ms - 14&amp#27;[39m
&amp#27;[35m[HTTP]&amp#27;[39m &amp#27;[90m&amp#27;[39m
[INFO ] 2021-06-18 15:55:52.417 [main] Content - Clicks The Delete
[INFO ] 2021-06-18 15:55:52.418 [main] ExplicitWait - Waiting for element to be clickable: Located by By.chained({By.xpath: (//android.widget.Button[@content-desc="Delete"])[1]})
&amp#27;[35m[HTTP]&amp#27;[39m &amp#27;[37m-->&amp#27;[39m &amp#27;[37mPOST&amp#27;[39m &amp#27;[37m/wd/hub/session/951857eb-976e-4ab6-a925-3362ff45aa31/timeouts&amp#27;[39m
&amp#27;[35m[HTTP]&amp#27;[39m &amp#27;[90m{"implicit":0}&amp#27;[39m
[debug] &amp#27;[35m[W3C (951857eb)]&amp#27;[39m Calling AppiumDriver.timeouts() with args: [null,null,null,null,0,"951857eb-976e-4ab6-a925-3362ff45aa31"]
[debug] &amp#27;[35m[BaseDriver]&amp#27;[39m W3C timeout argument: {"implicit":0}}
[debug] &amp#27;[35m[BaseDriver]&amp#27;[39m Set implicit wait to 0ms
[debug] &amp#27;[35m[W3C (951857eb)]&amp#27;[39m Responding to client with driver.timeouts() result: null
&amp#27;[35m[HTTP]&amp#27;[39m &amp#27;[37m<-- POST /wd/hub/session/951857eb-976e-4ab6-a925-3362ff45aa31/timeouts &amp#27;[39m&amp#27;[32m200&amp#27;[39m &amp#27;[90m2 ms - 14&amp#27;[39m
&amp#27;[35m[HTTP]&amp#27;[39m &amp#27;[90m&amp#27;[39m
&amp#27;[35m[HTTP]&amp#27;[39m &amp#27;[37m-->&amp#27;[39m &amp#27;[37mGET&amp#27;[39m &amp#27;[37m/wd/hub/session/951857eb-976e-4ab6-a925-3362ff45aa31&amp#27;[39m
&amp#27;[35m[HTTP]&amp#27;[39m &amp#27;[90m{}&amp#27;[39m
[debug] &amp#27;[35m[W3C (951857eb)]&amp#27;[39m Calling AppiumDriver.getSession() with args: ["951857eb-976e-4ab6-a925-3362ff45aa31"]
[debug] &amp#27;[35m[UiAutomator2]&amp#27;[39m Getting session details from server to mix in
[debug] &amp#27;[35m[WD Proxy]&amp#27;[39m Matched '/' to command name 'getSession'
[debug] &amp#27;[35m[WD Proxy]&amp#27;[39m Proxying [GET /] to [GET http://127.0.0.1:8213/wd/hub/session/436fbe5e-5b82-4500-ad7b-01acbcb70fc5] with no body
[debug] &amp#27;[35m[WD Proxy]&amp#27;[39m Got response with status 200: {"sessionId":"436fbe5e-5b82-4500-ad7b-01acbcb70fc5","value":{"lastScrollData":null}}
[debug] &amp#27;[35m[W3C (951857eb)]&amp#27;[39m Responding to client with driver.getSession() result: {"platform":"LINUX","webStorageEnabled":false,"takesScreenshot":true,"javascriptEnabled":true,"databaseEnabled":false,"networkConnectionEnabled":true,"locationContextEnabled":false,"warnings":{},"desired":{"platformName":"android","app":"C:\\Users\\Anis\\eclipse-workspace\\Appium\\src\\ApiDemos-debug.apk","deviceName":"Redmi","newCommandTimeout":14},"platformName":"android","app":"C:\\Users\\Anis\\eclipse-workspace\\Appium\\src\\ApiDemos-debug.apk","deviceName":"55272e729804","newCommandTimeout":14,"deviceUDID":"55272e729804","appPackage":"io.appium.android.apis","deviceApiLevel":24,"platformVersion":"7.0","deviceScreenSize":"1080x1920","deviceScreenDensity":480,"deviceModel":"Redmi Note 4","deviceManufacturer":"Xiaomi","pixelRatio":3,"statBarHeight":72,"viewportRect":{"left":0,"top":72,"width":1080,"height":1848},"lastScrollData":null}
&amp#27;[35m[HTTP]&amp#27;[39m &amp#27;[37m<-- GET /wd/hub/session/951857eb-976e-4ab6-a925-3362ff45aa31 &amp#27;[39m&amp#27;[32m200&amp#27;[39m &amp#27;[90m15 ms - 858&amp#27;[39m
&amp#27;[35m[HTTP]&amp#27;[39m &amp#27;[90m&amp#27;[39m
&amp#27;[35m[HTTP]&amp#27;[39m &amp#27;[37m-->&amp#27;[39m &amp#27;[37mPOST&amp#27;[39m &amp#27;[37m/wd/hub/session/951857eb-976e-4ab6-a925-3362ff45aa31/element&amp#27;[39m
&amp#27;[35m[HTTP]&amp#27;[39m &amp#27;[90m{"using":"xpath","value":"(//android.widget.Button[@content-desc=\"Delete\"])[1]"}&amp#27;[39m
[debug] &amp#27;[35m[W3C (951857eb)]&amp#27;[39m Calling AppiumDriver.findElement() with args: ["xpath","(//android.widget.Button[@content-desc=\"Delete\"])[1]","951857eb-976e-4ab6-a925-3362ff45aa31"]
[debug] &amp#27;[35m[BaseDriver]&amp#27;[39m Valid locator strategies for this request: xpath, id, class name, accessibility id, css selector, -android uiautomator
[debug] &amp#27;[35m[BaseDriver]&amp#27;[39m Waiting up to 0 ms for condition
[debug] &amp#27;[35m[WD Proxy]&amp#27;[39m Matched '/element' to command name 'findElement'
[debug] &amp#27;[35m[WD Proxy]&amp#27;[39m Proxying [POST /element] to [POST http://127.0.0.1:8213/wd/hub/session/436fbe5e-5b82-4500-ad7b-01acbcb70fc5/element] with body: {"strategy":"xpath","selector":"(//android.widget.Button[@content-desc=\"Delete\"])[1]","context":"","multiple":false}
[debug] &amp#27;[35m[WD Proxy]&amp#27;[39m Got response with status 200: {"sessionId":"436fbe5e-5b82-4500-ad7b-01acbcb70fc5","value":{"ELEMENT":"13b20816-f5ef-4405-971d-c3d0feb40e25","element-6066-11e4-a52e-4f735466cecf":"13b20816-f5ef-4405-971d-c3d0feb40e25"}}
[debug] &amp#27;[35m[W3C (951857eb)]&amp#27;[39m Responding to client with driver.findElement() result: {"element-6066-11e4-a52e-4f735466cecf":"13b20816-f5ef-4405-971d-c3d0feb40e25","ELEMENT":"13b20816-f5ef-4405-971d-c3d0feb40e25"}
&amp#27;[35m[HTTP]&amp#27;[39m &amp#27;[37m<-- POST /wd/hub/session/951857eb-976e-4ab6-a925-3362ff45aa31/element &amp#27;[39m&amp#27;[32m200&amp#27;[39m &amp#27;[90m680 ms - 137&amp#27;[39m
&amp#27;[35m[HTTP]&amp#27;[39m &amp#27;[90m&amp#27;[39m
&amp#27;[35m[HTTP]&amp#27;[39m &amp#27;[37m-->&amp#27;[39m &amp#27;[37mGET&amp#27;[39m &amp#27;[37m/wd/hub/session/951857eb-976e-4ab6-a925-3362ff45aa31/element/13b20816-f5ef-4405-971d-c3d0feb40e25/displayed&amp#27;[39m
&amp#27;[35m[HTTP]&amp#27;[39m &amp#27;[90m{}&amp#27;[39m
[debug] &amp#27;[35m[W3C (951857eb)]&amp#27;[39m Calling AppiumDriver.elementDisplayed() with args: ["13b20816-f5ef-4405-971d-c3d0feb40e25","951857eb-976e-4ab6-a925-3362ff45aa31"]
[debug] &amp#27;[35m[WD Proxy]&amp#27;[39m Matched '/element/13b20816-f5ef-4405-971d-c3d0feb40e25/attribute/displayed' to command name 'getAttribute'
[debug] &amp#27;[35m[WD Proxy]&amp#27;[39m Proxying [GET /element/13b20816-f5ef-4405-971d-c3d0feb40e25/attribute/displayed] to [GET http://127.0.0.1:8213/wd/hub/session/436fbe5e-5b82-4500-ad7b-01acbcb70fc5/element/13b20816-f5ef-4405-971d-c3d0feb40e25/attribute/displayed] with no body
[debug] &amp#27;[35m[WD Proxy]&amp#27;[39m Got response with status 200: {"sessionId":"436fbe5e-5b82-4500-ad7b-01acbcb70fc5","value":"true"}
[debug] &amp#27;[35m[W3C (951857eb)]&amp#27;[39m Responding to client with driver.elementDisplayed() result: true
&amp#27;[35m[HTTP]&amp#27;[39m &amp#27;[37m<-- GET /wd/hub/session/951857eb-976e-4ab6-a925-3362ff45aa31/element/13b20816-f5ef-4405-971d-c3d0feb40e25/displayed &amp#27;[39m&amp#27;[32m200&amp#27;[39m &amp#27;[90m15 ms - 14&amp#27;[39m
&amp#27;[35m[HTTP]&amp#27;[39m &amp#27;[90m&amp#27;[39m
&amp#27;[35m[HTTP]&amp#27;[39m &amp#27;[37m-->&amp#27;[39m &amp#27;[37mGET&amp#27;[39m &amp#27;[37m/wd/hub/session/951857eb-976e-4ab6-a925-3362ff45aa31&amp#27;[39m
&amp#27;[35m[HTTP]&amp#27;[39m &amp#27;[90m{}&amp#27;[39m
[debug] &amp#27;[35m[W3C (951857eb)]&amp#27;[39m Calling AppiumDriver.getSession() with args: ["951857eb-976e-4ab6-a925-3362ff45aa31"]
[debug] &amp#27;[35m[UiAutomator2]&amp#27;[39m Getting session details from server to mix in
[debug] &amp#27;[35m[WD Proxy]&amp#27;[39m Matched '/' to command name 'getSession'
[debug] &amp#27;[35m[WD Proxy]&amp#27;[39m Proxying [GET /] to [GET http://127.0.0.1:8213/wd/hub/session/436fbe5e-5b82-4500-ad7b-01acbcb70fc5] with no body
[debug] &amp#27;[35m[WD Proxy]&amp#27;[39m Got response with status 200: {"sessionId":"436fbe5e-5b82-4500-ad7b-01acbcb70fc5","value":{"lastScrollData":null}}
[debug] &amp#27;[35m[W3C (951857eb)]&amp#27;[39m Responding to client with driver.getSession() result: {"platform":"LINUX","webStorageEnabled":false,"takesScreenshot":true,"javascriptEnabled":true,"databaseEnabled":false,"networkConnectionEnabled":true,"locationContextEnabled":false,"warnings":{},"desired":{"platformName":"android","app":"C:\\Users\\Anis\\eclipse-workspace\\Appium\\src\\ApiDemos-debug.apk","deviceName":"Redmi","newCommandTimeout":14},"platformName":"android","app":"C:\\Users\\Anis\\eclipse-workspace\\Appium\\src\\ApiDemos-debug.apk","deviceName":"55272e729804","newCommandTimeout":14,"deviceUDID":"55272e729804","appPackage":"io.appium.android.apis","deviceApiLevel":24,"platformVersion":"7.0","deviceScreenSize":"1080x1920","deviceScreenDensity":480,"deviceModel":"Redmi Note 4","deviceManufacturer":"Xiaomi","pixelRatio":3,"statBarHeight":72,"viewportRect":{"left":0,"top":72,"width":1080,"height":1848},"lastScrollData":null}
&amp#27;[35m[HTTP]&amp#27;[39m &amp#27;[37m<-- GET /wd/hub/session/951857eb-976e-4ab6-a925-3362ff45aa31 &amp#27;[39m&amp#27;[32m200&amp#27;[39m &amp#27;[90m14 ms - 858&amp#27;[39m
&amp#27;[35m[HTTP]&amp#27;[39m &amp#27;[90m&amp#27;[39m
&amp#27;[35m[HTTP]&amp#27;[39m &amp#27;[37m-->&amp#27;[39m &amp#27;[37mPOST&amp#27;[39m &amp#27;[37m/wd/hub/session/951857eb-976e-4ab6-a925-3362ff45aa31/element&amp#27;[39m
&amp#27;[35m[HTTP]&amp#27;[39m &amp#27;[90m{"using":"xpath","value":"(//android.widget.Button[@content-desc=\"Delete\"])[1]"}&amp#27;[39m
[debug] &amp#27;[35m[W3C (951857eb)]&amp#27;[39m Calling AppiumDriver.findElement() with args: ["xpath","(//android.widget.Button[@content-desc=\"Delete\"])[1]","951857eb-976e-4ab6-a925-3362ff45aa31"]
[debug] &amp#27;[35m[BaseDriver]&amp#27;[39m Valid locator strategies for this request: xpath, id, class name, accessibility id, css selector, -android uiautomator
[debug] &amp#27;[35m[BaseDriver]&amp#27;[39m Waiting up to 0 ms for condition
[debug] &amp#27;[35m[WD Proxy]&amp#27;[39m Matched '/element' to command name 'findElement'
[debug] &amp#27;[35m[WD Proxy]&amp#27;[39m Proxying [POST /element] to [POST http://127.0.0.1:8213/wd/hub/session/436fbe5e-5b82-4500-ad7b-01acbcb70fc5/element] with body: {"strategy":"xpath","selector":"(//android.widget.Button[@content-desc=\"Delete\"])[1]","context":"","multiple":false}
[debug] &amp#27;[35m[WD Proxy]&amp#27;[39m Got response with status 200: {"sessionId":"436fbe5e-5b82-4500-ad7b-01acbcb70fc5","value":{"ELEMENT":"ffe60d38-e663-44a1-9714-927754cda92c","element-6066-11e4-a52e-4f735466cecf":"ffe60d38-e663-44a1-9714-927754cda92c"}}
[debug] &amp#27;[35m[W3C (951857eb)]&amp#27;[39m Responding to client with driver.findElement() result: {"element-6066-11e4-a52e-4f735466cecf":"ffe60d38-e663-44a1-9714-927754cda92c","ELEMENT":"ffe60d38-e663-44a1-9714-927754cda92c"}
&amp#27;[35m[HTTP]&amp#27;[39m &amp#27;[37m<-- POST /wd/hub/session/951857eb-976e-4ab6-a925-3362ff45aa31/element &amp#27;[39m&amp#27;[32m200&amp#27;[39m &amp#27;[90m80 ms - 137&amp#27;[39m
&amp#27;[35m[HTTP]&amp#27;[39m &amp#27;[90m&amp#27;[39m
&amp#27;[35m[HTTP]&amp#27;[39m &amp#27;[37m-->&amp#27;[39m &amp#27;[37mGET&amp#27;[39m &amp#27;[37m/wd/hub/session/951857eb-976e-4ab6-a925-3362ff45aa31/element/ffe60d38-e663-44a1-9714-927754cda92c/enabled&amp#27;[39m
&amp#27;[35m[HTTP]&amp#27;[39m &amp#27;[90m{}&amp#27;[39m
[debug] &amp#27;[35m[W3C (951857eb)]&amp#27;[39m Calling AppiumDriver.elementEnabled() with args: ["ffe60d38-e663-44a1-9714-927754cda92c","951857eb-976e-4ab6-a925-3362ff45aa31"]
[debug] &amp#27;[35m[WD Proxy]&amp#27;[39m Matched '/element/ffe60d38-e663-44a1-9714-927754cda92c/attribute/enabled' to command name 'getAttribute'
[debug] &amp#27;[35m[WD Proxy]&amp#27;[39m Proxying [GET /element/ffe60d38-e663-44a1-9714-927754cda92c/attribute/enabled] to [GET http://127.0.0.1:8213/wd/hub/session/436fbe5e-5b82-4500-ad7b-01acbcb70fc5/element/ffe60d38-e663-44a1-9714-927754cda92c/attribute/enabled] with no body
[debug] &amp#27;[35m[WD Proxy]&amp#27;[39m Got response with status 200: {"sessionId":"436fbe5e-5b82-4500-ad7b-01acbcb70fc5","value":"true"}
[debug] &amp#27;[35m[W3C (951857eb)]&amp#27;[39m Responding to client with driver.elementEnabled() result: true
&amp#27;[35m[HTTP]&amp#27;[39m &amp#27;[37m<-- GET /wd/hub/session/951857eb-976e-4ab6-a925-3362ff45aa31/element/ffe60d38-e663-44a1-9714-927754cda92c/enabled &amp#27;[39m&amp#27;[32m200&amp#27;[39m &amp#27;[90m18 ms - 14&amp#27;[39m
&amp#27;[35m[HTTP]&amp#27;[39m &amp#27;[90m&amp#27;[39m
&amp#27;[35m[HTTP]&amp#27;[39m &amp#27;[37m-->&amp#27;[39m &amp#27;[37mPOST&amp#27;[39m &amp#27;[37m/wd/hub/session/951857eb-976e-4ab6-a925-3362ff45aa31/timeouts&amp#27;[39m
&amp#27;[35m[HTTP]&amp#27;[39m &amp#27;[90m{"implicit":10000}&amp#27;[39m
[debug] &amp#27;[35m[W3C (951857eb)]&amp#27;[39m Calling AppiumDriver.timeouts() with args: [null,null,null,null,10000,"951857eb-976e-4ab6-a925-3362ff45aa31"]
[debug] &amp#27;[35m[BaseDriver]&amp#27;[39m W3C timeout argument: {"implicit":10000}}
[debug] &amp#27;[35m[BaseDriver]&amp#27;[39m Set implicit wait to 10000ms
[debug] &amp#27;[35m[W3C (951857eb)]&amp#27;[39m Responding to client with driver.timeouts() result: null
&amp#27;[35m[HTTP]&amp#27;[39m &amp#27;[37m<-- POST /wd/hub/session/951857eb-976e-4ab6-a925-3362ff45aa31/timeouts &amp#27;[39m&amp#27;[32m200&amp#27;[39m &amp#27;[90m2 ms - 14&amp#27;[39m
&amp#27;[35m[HTTP]&amp#27;[39m &amp#27;[90m&amp#27;[39m
&amp#27;[35m[HTTP]&amp#27;[39m &amp#27;[37m-->&amp#27;[39m &amp#27;[37mGET&amp#27;[39m &amp#27;[37m/wd/hub/session/951857eb-976e-4ab6-a925-3362ff45aa31&amp#27;[39m
&amp#27;[35m[HTTP]&amp#27;[39m &amp#27;[90m{}&amp#27;[39m
[debug] &amp#27;[35m[W3C (951857eb)]&amp#27;[39m Calling AppiumDriver.getSession() with args: ["951857eb-976e-4ab6-a925-3362ff45aa31"]
[debug] &amp#27;[35m[UiAutomator2]&amp#27;[39m Getting session details from server to mix in
[debug] &amp#27;[35m[WD Proxy]&amp#27;[39m Matched '/' to command name 'getSession'
[debug] &amp#27;[35m[WD Proxy]&amp#27;[39m Proxying [GET /] to [GET http://127.0.0.1:8213/wd/hub/session/436fbe5e-5b82-4500-ad7b-01acbcb70fc5] with no body
[debug] &amp#27;[35m[WD Proxy]&amp#27;[39m Got response with status 200: {"sessionId":"436fbe5e-5b82-4500-ad7b-01acbcb70fc5","value":{"lastScrollData":null}}
[debug] &amp#27;[35m[W3C (951857eb)]&amp#27;[39m Responding to client with driver.getSession() result: {"platform":"LINUX","webStorageEnabled":false,"takesScreenshot":true,"javascriptEnabled":true,"databaseEnabled":false,"networkConnectionEnabled":true,"locationContextEnabled":false,"warnings":{},"desired":{"platformName":"android","app":"C:\\Users\\Anis\\eclipse-workspace\\Appium\\src\\ApiDemos-debug.apk","deviceName":"Redmi","newCommandTimeout":14},"platformName":"android","app":"C:\\Users\\Anis\\eclipse-workspace\\Appium\\src\\ApiDemos-debug.apk","deviceName":"55272e729804","newCommandTimeout":14,"deviceUDID":"55272e729804","appPackage":"io.appium.android.apis","deviceApiLevel":24,"platformVersion":"7.0","deviceScreenSize":"1080x1920","deviceScreenDensity":480,"deviceModel":"Redmi Note 4","deviceManufacturer":"Xiaomi","pixelRatio":3,"statBarHeight":72,"viewportRect":{"left":0,"top":72,"width":1080,"height":1848},"lastScrollData":null}
&amp#27;[35m[HTTP]&amp#27;[39m &amp#27;[37m<-- GET /wd/hub/session/951857eb-976e-4ab6-a925-3362ff45aa31 &amp#27;[39m&amp#27;[32m200&amp#27;[39m &amp#27;[90m12 ms - 858&amp#27;[39m
&amp#27;[35m[HTTP]&amp#27;[39m &amp#27;[90m&amp#27;[39m
&amp#27;[35m[HTTP]&amp#27;[39m &amp#27;[37m-->&amp#27;[39m &amp#27;[37mPOST&amp#27;[39m &amp#27;[37m/wd/hub/session/951857eb-976e-4ab6-a925-3362ff45aa31/element&amp#27;[39m
&amp#27;[35m[HTTP]&amp#27;[39m &amp#27;[90m{"using":"xpath","value":"(//android.widget.Button[@content-desc=\"Delete\"])[1]"}&amp#27;[39m
[debug] &amp#27;[35m[W3C (951857eb)]&amp#27;[39m Calling AppiumDriver.findElement() with args: ["xpath","(//android.widget.Button[@content-desc=\"Delete\"])[1]","951857eb-976e-4ab6-a925-3362ff45aa31"]
[debug] &amp#27;[35m[BaseDriver]&amp#27;[39m Valid locator strategies for this request: xpath, id, class name, accessibility id, css selector, -android uiautomator
[debug] &amp#27;[35m[BaseDriver]&amp#27;[39m Waiting up to 10000 ms for condition
[debug] &amp#27;[35m[WD Proxy]&amp#27;[39m Matched '/element' to command name 'findElement'
[debug] &amp#27;[35m[WD Proxy]&amp#27;[39m Proxying [POST /element] to [POST http://127.0.0.1:8213/wd/hub/session/436fbe5e-5b82-4500-ad7b-01acbcb70fc5/element] with body: {"strategy":"xpath","selector":"(//android.widget.Button[@content-desc=\"Delete\"])[1]","context":"","multiple":false}
[debug] &amp#27;[35m[WD Proxy]&amp#27;[39m Got response with status 200: {"sessionId":"436fbe5e-5b82-4500-ad7b-01acbcb70fc5","value":{"ELEMENT":"bfa9ec68-513d-49b7-9d01-13b282dfdc98","element-6066-11e4-a52e-4f735466cecf":"bfa9ec68-513d-49b7-9d01-13b282dfdc98"}}
[debug] &amp#27;[35m[W3C (951857eb)]&amp#27;[39m Responding to client with driver.findElement() result: {"element-6066-11e4-a52e-4f735466cecf":"bfa9ec68-513d-49b7-9d01-13b282dfdc98","ELEMENT":"bfa9ec68-513d-49b7-9d01-13b282dfdc98"}
&amp#27;[35m[HTTP]&amp#27;[39m &amp#27;[37m<-- POST /wd/hub/session/951857eb-976e-4ab6-a925-3362ff45aa31/element &amp#27;[39m&amp#27;[32m200&amp#27;[39m &amp#27;[90m81 ms - 137&amp#27;[39m
&amp#27;[35m[HTTP]&amp#27;[39m &amp#27;[90m&amp#27;[39m
&amp#27;[35m[HTTP]&amp#27;[39m &amp#27;[37m-->&amp#27;[39m &amp#27;[37mPOST&amp#27;[39m &amp#27;[37m/wd/hub/session/951857eb-976e-4ab6-a925-3362ff45aa31/element/bfa9ec68-513d-49b7-9d01-13b282dfdc98/click&amp#27;[39m
&amp#27;[35m[HTTP]&amp#27;[39m &amp#27;[90m{"id":"bfa9ec68-513d-49b7-9d01-13b282dfdc98"}&amp#27;[39m
[debug] &amp#27;[35m[W3C (951857eb)]&amp#27;[39m Calling AppiumDriver.click() with args: ["bfa9ec68-513d-49b7-9d01-13b282dfdc98","951857eb-976e-4ab6-a925-3362ff45aa31"]
[debug] &amp#27;[35m[WD Proxy]&amp#27;[39m Matched '/element/bfa9ec68-513d-49b7-9d01-13b282dfdc98/click' to command name 'click'
[debug] &amp#27;[35m[WD Proxy]&amp#27;[39m Proxying [POST /element/bfa9ec68-513d-49b7-9d01-13b282dfdc98/click] to [POST http://127.0.0.1:8213/wd/hub/session/436fbe5e-5b82-4500-ad7b-01acbcb70fc5/element/bfa9ec68-513d-49b7-9d01-13b282dfdc98/click] with body: {"element":"bfa9ec68-513d-49b7-9d01-13b282dfdc98"}
[debug] &amp#27;[35m[WD Proxy]&amp#27;[39m Got response with status 200: {"sessionId":"436fbe5e-5b82-4500-ad7b-01acbcb70fc5","value":null}
[debug] &amp#27;[35m[W3C (951857eb)]&amp#27;[39m Responding to client with driver.click() result: null
&amp#27;[35m[HTTP]&amp#27;[39m &amp#27;[37m<-- POST /wd/hub/session/951857eb-976e-4ab6-a925-3362ff45aa31/element/bfa9ec68-513d-49b7-9d01-13b282dfdc98/click &amp#27;[39m&amp#27;[32m200&amp#27;[39m &amp#27;[90m35 ms - 14&amp#27;[39m
&amp#27;[35m[HTTP]&amp#27;[39m &amp#27;[90m&amp#27;[39m
&amp#27;[35m[HTTP]&amp#27;[39m &amp#27;[37m-->&amp#27;[39m &amp#27;[37mPOST&amp#27;[39m &amp#27;[37m/wd/hub/session/951857eb-976e-4ab6-a925-3362ff45aa31/back&amp#27;[39m
&amp#27;[35m[HTTP]&amp#27;[39m &amp#27;[90m{}&amp#27;[39m
&amp#27;[35m[W3C (951857eb)]&amp#27;[39m Driver proxy active, passing request on via HTTP proxy
[debug] &amp#27;[35m[WD Proxy]&amp#27;[39m Matched '/wd/hub/session/951857eb-976e-4ab6-a925-3362ff45aa31/back' to command name 'back'
[debug] &amp#27;[35m[WD Proxy]&amp#27;[39m Proxying [POST /wd/hub/session/951857eb-976e-4ab6-a925-3362ff45aa31/back] to [POST http://127.0.0.1:8213/wd/hub/session/436fbe5e-5b82-4500-ad7b-01acbcb70fc5/back] with body: {}
[debug] &amp#27;[35m[WD Proxy]&amp#27;[39m Got response with status 200: {"sessionId":"436fbe5e-5b82-4500-ad7b-01acbcb70fc5","value":null}
&amp#27;[35m[WD Proxy]&amp#27;[39m Replacing sessionId 436fbe5e-5b82-4500-ad7b-01acbcb70fc5 with 951857eb-976e-4ab6-a925-3362ff45aa31
&amp#27;[35m[HTTP]&amp#27;[39m &amp#27;[37m<-- POST /wd/hub/session/951857eb-976e-4ab6-a925-3362ff45aa31/back &amp#27;[39m&amp#27;[32m200&amp#27;[39m &amp#27;[90m100 ms - 65&amp#27;[39m
&amp#27;[35m[HTTP]&amp#27;[39m &amp#27;[90m&amp#27;[39m
&amp#27;[35m[HTTP]&amp#27;[39m &amp#27;[37m-->&amp#27;[39m &amp#27;[37mPOST&amp#27;[39m &amp#27;[37m/wd/hub/session/951857eb-976e-4ab6-a925-3362ff45aa31/back&amp#27;[39m
&amp#27;[35m[HTTP]&amp#27;[39m &amp#27;[90m{}&amp#27;[39m
&amp#27;[35m[W3C (951857eb)]&amp#27;[39m Driver proxy active, passing request on via HTTP proxy
[debug] &amp#27;[35m[WD Proxy]&amp#27;[39m Matched '/wd/hub/session/951857eb-976e-4ab6-a925-3362ff45aa31/back' to command name 'back'
[debug] &amp#27;[35m[WD Proxy]&amp#27;[39m Proxying [POST /wd/hub/session/951857eb-976e-4ab6-a925-3362ff45aa31/back] to [POST http://127.0.0.1:8213/wd/hub/session/436fbe5e-5b82-4500-ad7b-01acbcb70fc5/back] with body: {}
[debug] &amp#27;[35m[WD Proxy]&amp#27;[39m Got response with status 200: {"sessionId":"436fbe5e-5b82-4500-ad7b-01acbcb70fc5","value":null}
&amp#27;[35m[WD Proxy]&amp#27;[39m Replacing sessionId 436fbe5e-5b82-4500-ad7b-01acbcb70fc5 with 951857eb-976e-4ab6-a925-3362ff45aa31
&amp#27;[35m[HTTP]&amp#27;[39m &amp#27;[37m<-- POST /wd/hub/session/951857eb-976e-4ab6-a925-3362f[INFO ] 2021-06-18 15:55:54.694 [main] ExplicitWait - Waiting for element to be visible: Located by By.chained({By.xpath: //android.widget.TextView[@content-desc="Provider"]})
f45aa31/back &amp#27;[39m&amp#27;[32m200&amp#27;[39m &amp#27;[90m1114 ms - 65&amp#27;[39m
&amp#27;[35m[HTTP]&amp#27;[39m &amp#27;[90m&amp#27;[39m
[INFO ] 2021-06-18 15:55:54.695 [main] ExplicitWait - Waiting for element to be visible: Located by By.chained({By.xpath: //android.widget.TextView[@content-desc="Provider"]})
&amp#27;[35m[HTTP]&amp#27;[39m &amp#27;[37m-->&amp#27;[39m &amp#27;[37mPOST&amp#27;[39m &amp#27;[37m/wd/hub/session/951857eb-976e-4ab6-a925-3362ff45aa31/timeouts&amp#27;[39m
&amp#27;[35m[HTTP]&amp#27;[39m &amp#27;[90m{"implicit":0}&amp#27;[39m
[debug] &amp#27;[35m[W3C (951857eb)]&amp#27;[39m Calling AppiumDriver.timeouts() with args: [null,null,null,null,0,"951857eb-976e-4ab6-a925-3362ff45aa31"]
[debug] &amp#27;[35m[BaseDriver]&amp#27;[39m W3C timeout argument: {"implicit":0}}
[debug] &amp#27;[35m[BaseDriver]&amp#27;[39m Set implicit wait to 0ms
[debug] &amp#27;[35m[W3C (951857eb)]&amp#27;[39m Responding to client with driver.timeouts() result: null
&amp#27;[35m[HTTP]&amp#27;[39m &amp#27;[37m<-- POST /wd/hub/session/951857eb-976e-4ab6-a925-3362ff45aa31/timeouts &amp#27;[39m&amp#27;[32m200&amp#27;[39m &amp#27;[90m3 ms - 14&amp#27;[39m
&amp#27;[35m[HTTP]&amp#27;[39m &amp#27;[90m&amp#27;[39m
&amp#27;[35m[HTTP]&amp#27;[39m &amp#27;[37m-->&amp#27;[39m &amp#27;[37mGET&amp#27;[39m &amp#27;[37m/wd/hub/session/951857eb-976e-4ab6-a925-3362ff45aa31&amp#27;[39m
&amp#27;[35m[HTTP]&amp#27;[39m &amp#27;[90m{}&amp#27;[39m
[debug] &amp#27;[35m[W3C (951857eb)]&amp#27;[39m Calling AppiumDriver.getSession() with args: ["951857eb-976e-4ab6-a925-3362ff45aa31"]
[debug] &amp#27;[35m[UiAutomator2]&amp#27;[39m Getting session details from server to mix in
[debug] &amp#27;[35m[WD Proxy]&amp#27;[39m Matched '/' to command name 'getSession'
[debug] &amp#27;[35m[WD Proxy]&amp#27;[39m Proxying [GET /] to [GET http://127.0.0.1:8213/wd/hub/session/436fbe5e-5b82-4500-ad7b-01acbcb70fc5] with no body
[debug] &amp#27;[35m[WD Proxy]&amp#27;[39m Got response with status 200: {"sessionId":"436fbe5e-5b82-4500-ad7b-01acbcb70fc5","value":{"lastScrollData":null}}
[debug] &amp#27;[35m[W3C (951857eb)]&amp#27;[39m Responding to client with driver.getSession() result: {"platform":"LINUX","webStorageEnabled":false,"takesScreenshot":true,"javascriptEnabled":true,"databaseEnabled":false,"networkConnectionEnabled":true,"locationContextEnabled":false,"warnings":{},"desired":{"platformName":"android","app":"C:\\Users\\Anis\\eclipse-workspace\\Appium\\src\\ApiDemos-debug.apk","deviceName":"Redmi","newCommandTimeout":14},"platformName":"android","app":"C:\\Users\\Anis\\eclipse-workspace\\Appium\\src\\ApiDemos-debug.apk","deviceName":"55272e729804","newCommandTimeout":14,"deviceUDID":"55272e729804","appPackage":"io.appium.android.apis","deviceApiLevel":24,"platformVersion":"7.0","deviceScreenSize":"1080x1920","deviceScreenDensity":480,"deviceModel":"Redmi Note 4","deviceManufacturer":"Xiaomi","pixelRatio":3,"statBarHeight":72,"viewportRect":{"left":0,"top":72,"width":1080,"height":1848},"lastScrollData":null}
&amp#27;[35m[HTTP]&amp#27;[39m &amp#27;[37m<-- GET /wd/hub/session/951857eb-976e-4ab6-a925-3362ff45aa31 &amp#27;[39m&amp#27;[32m200&amp#27;[39m &amp#27;[90m10 ms - 858&amp#27;[39m
&amp#27;[35m[HTTP]&amp#27;[39m &amp#27;[90m&amp#27;[39m
&amp#27;[35m[HTTP]&amp#27;[39m &amp#27;[37m-->&amp#27;[39m &amp#27;[37mPOST&amp#27;[39m &amp#27;[37m/wd/hub/session/951857eb-976e-4ab6-a925-3362ff45aa31/element&amp#27;[39m
&amp#27;[35m[HTTP]&amp#27;[39m &amp#27;[90m{"using":"xpath","value":"//android.widget.TextView[@content-desc=\"Provider\"]"}&amp#27;[39m
[debug] &amp#27;[35m[W3C (951857eb)]&amp#27;[39m Calling AppiumDriver.findElement() with args: ["xpath","//android.widget.TextView[@content-desc=\"Provider\"]","951857eb-976e-4ab6-a925-3362ff45aa31"]
[debug] &amp#27;[35m[BaseDriver]&amp#27;[39m Valid locator strategies for this request: xpath, id, class name, accessibility id, css selector, -android uiautomator
[debug] &amp#27;[35m[BaseDriver]&amp#27;[39m Waiting up to 0 ms for condition
[debug] &amp#27;[35m[WD Proxy]&amp#27;[39m Matched '/element' to command name 'findElement'
[debug] &amp#27;[35m[WD Proxy]&amp#27;[39m Proxying [POST /element] to [POST http://127.0.0.1:8213/wd/hub/session/436fbe5e-5b82-4500-ad7b-01acbcb70fc5/element] with body: {"strategy":"xpath","selector":"//android.widget.TextView[@content-desc=\"Provider\"]","context":"","multiple":false}
[debug] &amp#27;[35m[WD Proxy]&amp#27;[39m Got response with status 200: {"sessionId":"436fbe5e-5b82-4500-ad7b-01acbcb70fc5","value":{"ELEMENT":"2f15bb88-b42d-44a5-9e4b-2cbc0798fb85","element-6066-11e4-a52e-4f735466cecf":"2f15bb88-b42d-44a5-9e4b-2cbc0798fb85"}}
[debug] &amp#27;[35m[W3C (951857eb)]&amp#27;[39m Responding to client with driver.findElement() result: {"element-6066-11e4-a52e-4f735466cecf":"2f15bb88-b42d-44a5-9e4b-2cbc0798fb85","ELEMENT":"2f15bb88-b42d-44a5-9e4b-2cbc0798fb85"}
&amp#27;[35m[HTTP]&amp#27;[39m &amp#27;[37m<-- POST /wd/hub/session/951857eb-976e-4ab6-a925-3362ff45aa31/element &amp#27;[39m&amp#27;[32m200&amp#27;[39m &amp#27;[90m767 ms - 137&amp#27;[39m
&amp#27;[35m[HTTP]&amp#27;[39m &amp#27;[90m&amp#27;[39m
&amp#27;[35m[HTTP]&amp#27;[39m &amp#27;[37m-->&amp#27;[39m &amp#27;[37mGET&amp#27;[39m &amp#27;[37m/wd/hub/session/951857eb-976e-4ab6-a925-3362ff45aa31/element/2f15bb88-b42d-44a5-9e4b-2cbc0798fb85/displayed&amp#27;[39m
&amp#27;[35m[HTTP]&amp#27;[39m &amp#27;[90m{}&amp#27;[39m
[debug] &amp#27;[35m[W3C (951857eb)]&amp#27;[39m Calling AppiumDriver.elementDisplayed() with args: ["2f15bb88-b42d-44a5-9e4b-2cbc0798fb85","951857eb-976e-4ab6-a925-3362ff45aa31"]
[debug] &amp#27;[35m[WD Proxy]&amp#27;[39m Matched '/element/2f15bb88-b42d-44a5-9e4b-2cbc0798fb85/attribute/displayed' to command name 'getAttribute'
[debug] &amp#27;[35m[WD Proxy]&amp#27;[39m Proxying [GET /element/2f15bb88-b42d-44a5-9e4b-2cbc0798fb85/attribute/displayed] to [GET http://127.0.0.1:8213/wd/hub/session/436fbe5e-5b82-4500-ad7b-01acbcb70fc5/element/2f15bb88-b42d-44a5-9e4b-2cbc0798fb85/attribute/displayed] with no body
[debug] &amp#27;[35m[WD Proxy]&amp#27;[39m Got response with status 200: {"sessionId":"436fbe5e-5b82-4500-ad7b-01acbcb70fc5","value":"true"}
[debug] &amp#27;[35m[W3C (951857eb)]&amp#27;[39m Responding to client with driver.elementDisplayed() result: true
&amp#27;[35m[HTTP]&amp#27;[39m &amp#27;[37m<-- GET /wd/hub/session/951857eb-976e-4ab6-a925-3362ff45aa31/element/2f15bb88-b42d-44a5-9e4b-2cbc0798fb85/displayed &amp#27;[39m&amp#27;[32m200&amp#27;[39m &amp#27;[90m14 ms - 14&amp#27;[39m
&amp#27;[35m[HTTP]&amp#27;[39m &amp#27;[90m&amp#27;[39m
&amp#27;[35m[HTTP]&amp#27;[39m &amp#27;[37m-->&amp#27;[39m &amp#27;[37mPOST&amp#27;[39m &amp#27;[37m/wd/hub/session/951857eb-976e-4ab6-a925-3362ff45aa31/timeouts&amp#27;[39m
&amp#27;[35m[HTTP]&amp#27;[39m &amp#27;[90m{"implicit":10000}&amp#27;[39m
[debug] &amp#27;[35m[W3C (951857eb)]&amp#27;[39m Calling AppiumDriver.timeouts() with args: [null,null,null,null,10000,"951857eb-976e-4ab6-a925-3362ff45aa31"]
[debug] &amp#27;[35m[BaseDriver]&amp#27;[39m W3C timeout argument: {"implicit":10000}}
[debug] &amp#27;[35m[BaseDriver]&amp#27;[39m Set implicit wait to 10000ms
[debug] &amp#27;[35m[W3C (951857eb)]&amp#27;[39m Responding to client with driver.timeouts() result: null
&amp#27;[35m[HTTP]&amp#27;[39m &amp#27;[37m<-- POST /wd/hub/session/951857eb-976e-4ab6-a925-3362ff45aa31/timeouts &amp#27;[39m&amp#27;[32m200&amp#27;[39m &amp#27;[90m3 ms - 14&amp#27;[39m
&amp#27;[35m[HTTP]&amp#27;[39m &amp#27;[90m&amp#27;[39m
[INFO ] 2021-06-18 15:55:55.526 [main] Content - Clicks The Provider
[INFO ] 2021-06-18 15:55:55.527 [main] ExplicitWait - Waiting for element to be clickable: Located by By.chained({By.xpath: //android.widget.TextView[@content-desc="Provider"]})
&amp#27;[35m[HTTP]&amp#27;[39m &amp#27;[37m-->&amp#27;[39m &amp#27;[37mPOST&amp#27;[39m &amp#27;[37m/wd/hub/session/951857eb-976e-4ab6-a925-3362ff45aa31/timeouts&amp#27;[39m
&amp#27;[35m[HTTP]&amp#27;[39m &amp#27;[90m{"implicit":0}&amp#27;[39m
[debug] &amp#27;[35m[W3C (951857eb)]&amp#27;[39m Calling AppiumDriver.timeouts() with args: [null,null,null,null,0,"951857eb-976e-4ab6-a925-3362ff45aa31"]
[debug] &amp#27;[35m[BaseDriver]&amp#27;[39m W3C timeout argument: {"implicit":0}}
[debug] &amp#27;[35m[BaseDriver]&amp#27;[39m Set implicit wait to 0ms
[debug] &amp#27;[35m[W3C (951857eb)]&amp#27;[39m Responding to client with driver.timeouts() result: null
&amp#27;[35m[HTTP]&amp#27;[39m &amp#27;[37m<-- POST /wd/hub/session/951857eb-976e-4ab6-a925-3362ff45aa31/timeouts &amp#27;[39m&amp#27;[32m200&amp#27;[39m &amp#27;[90m2 ms - 14&amp#27;[39m
&amp#27;[35m[HTTP]&amp#27;[39m &amp#27;[90m&amp#27;[39m
&amp#27;[35m[HTTP]&amp#27;[39m &amp#27;[37m-->&amp#27;[39m &amp#27;[37mGET&amp#27;[39m &amp#27;[37m/wd/hub/session/951857eb-976e-4ab6-a925-3362ff45aa31&amp#27;[39m
&amp#27;[35m[HTTP]&amp#27;[39m &amp#27;[90m{}&amp#27;[39m
[debug] &amp#27;[35m[W3C (951857eb)]&amp#27;[39m Calling AppiumDriver.getSession() with args: ["951857eb-976e-4ab6-a925-3362ff45aa31"]
[debug] &amp#27;[35m[UiAutomator2]&amp#27;[39m Getting session details from server to mix in
[debug] &amp#27;[35m[WD Proxy]&amp#27;[39m Matched '/' to command name 'getSession'
[debug] &amp#27;[35m[WD Proxy]&amp#27;[39m Proxying [GET /] to [GET http://127.0.0.1:8213/wd/hub/session/436fbe5e-5b82-4500-ad7b-01acbcb70fc5] with no body
[debug] &amp#27;[35m[WD Proxy]&amp#27;[39m Got response with status 200: {"sessionId":"436fbe5e-5b82-4500-ad7b-01acbcb70fc5","value":{"lastScrollData":null}}
[debug] &amp#27;[35m[W3C (951857eb)]&amp#27;[39m Responding to client with driver.getSession() result: {"platform":"LINUX","webStorageEnabled":false,"takesScreenshot":true,"javascriptEnabled":true,"databaseEnabled":false,"networkConnectionEnabled":true,"locationContextEnabled":false,"warnings":{},"desired":{"platformName":"android","app":"C:\\Users\\Anis\\eclipse-workspace\\Appium\\src\\ApiDemos-debug.apk","deviceName":"Redmi","newCommandTimeout":14},"platformName":"android","app":"C:\\Users\\Anis\\eclipse-workspace\\Appium\\src\\ApiDemos-debug.apk","deviceName":"55272e729804","newCommandTimeout":14,"deviceUDID":"55272e729804","appPackage":"io.appium.android.apis","deviceApiLevel":24,"platformVersion":"7.0","deviceScreenSize":"1080x1920","deviceScreenDensity":480,"deviceModel":"Redmi Note 4","deviceManufacturer":"Xiaomi","pixelRatio":3,"statBarHeight":72,"viewportRect":{"left":0,"top":72,"width":1080,"height":1848},"lastScrollData":null}
&amp#27;[35m[HTTP]&amp#27;[39m &amp#27;[37m<-- GET /wd/hub/session/951857eb-976e-4ab6-a925-3362ff45aa31 &amp#27;[39m&amp#27;[32m200&amp#27;[39m &amp#27;[90m33 ms - 858&amp#27;[39m
&amp#27;[35m[HTTP]&amp#27;[39m &amp#27;[90m&amp#27;[39m
&amp#27;[35m[HTTP]&amp#27;[39m &amp#27;[37m-->&amp#27;[39m &amp#27;[37mPOST&amp#27;[39m &amp#27;[37m/wd/hub/session/951857eb-976e-4ab6-a925-3362ff45aa31/element&amp#27;[39m
&amp#27;[35m[HTTP]&amp#27;[39m &amp#27;[90m{"using":"xpath","value":"//android.widget.TextView[@content-desc=\"Provider\"]"}&amp#27;[39m
[debug] &amp#27;[35m[W3C (951857eb)]&amp#27;[39m Calling AppiumDriver.findElement() with args: ["xpath","//android.widget.TextView[@content-desc=\"Provider\"]","951857eb-976e-4ab6-a925-3362ff45aa31"]
[debug] &amp#27;[35m[BaseDriver]&amp#27;[39m Valid locator strategies for this request: xpath, id, class name, accessibility id, css selector, -android uiautomator
[debug] &amp#27;[35m[BaseDriver]&amp#27;[39m Waiting up to 0 ms for condition
[debug] &amp#27;[35m[WD Proxy]&amp#27;[39m Matched '/element' to command name 'findElement'
[debug] &amp#27;[35m[WD Proxy]&amp#27;[39m Proxying [POST /element] to [POST http://127.0.0.1:8213/wd/hub/session/436fbe5e-5b82-4500-ad7b-01acbcb70fc5/element] with body: {"strategy":"xpath","selector":"//android.widget.TextView[@content-desc=\"Provider\"]","context":"","multiple":false}
[debug] &amp#27;[35m[WD Proxy]&amp#27;[39m Got response with status 200: {"sessionId":"436fbe5e-5b82-4500-ad7b-01acbcb70fc5","value":{"ELEMENT":"98c29c37-1d1f-495a-9f42-07dcb9990044","element-6066-11e4-a52e-4f735466cecf":"98c29c37-1d1f-495a-9f42-07dcb9990044"}}
[debug] &amp#27;[35m[W3C (951857eb)]&amp#27;[39m Responding to client with driver.findElement() result: {"element-6066-11e4-a52e-4f735466cecf":"98c29c37-1d1f-495a-9f42-07dcb9990044","ELEMENT":"98c29c37-1d1f-495a-9f42-07dcb9990044"}
&amp#27;[35m[HTTP]&amp#27;[39m &amp#27;[37m<-- POST /wd/hub/session/951857eb-976e-4ab6-a925-3362ff45aa31/element &amp#27;[39m&amp#27;[32m200&amp#27;[39m &amp#27;[90m38 ms - 137&amp#27;[39m
&amp#27;[35m[HTTP]&amp#27;[39m &amp#27;[90m&amp#27;[39m
&amp#27;[35m[HTTP]&amp#27;[39m &amp#27;[37m-->&amp#27;[39m &amp#27;[37mGET&amp#27;[39m &amp#27;[37m/wd/hub/session/951857eb-976e-4ab6-a925-3362ff45aa31/element/98c29c37-1d1f-495a-9f42-07dcb9990044/displayed&amp#27;[39m
&amp#27;[35m[HTTP]&amp#27;[39m &amp#27;[90m{}&amp#27;[39m
[debug] &amp#27;[35m[W3C (951857eb)]&amp#27;[39m Calling AppiumDriver.elementDisplayed() with args: ["98c29c37-1d1f-495a-9f42-07dcb9990044","951857eb-976e-4ab6-a925-3362ff45aa31"]
[debug] &amp#27;[35m[WD Proxy]&amp#27;[39m Matched '/element/98c29c37-1d1f-495a-9f42-07dcb9990044/attribute/displayed' to command name 'getAttribute'
[debug] &amp#27;[35m[WD Proxy]&amp#27;[39m Proxying [GET /element/98c29c37-1d1f-495a-9f42-07dcb9990044/attribute/displayed] to [GET http://127.0.0.1:8213/wd/hub/session/436fbe5e-5b82-4500-ad7b-01acbcb70fc5/element/98c29c37-1d1f-495a-9f42-07dcb9990044/attribute/displayed] with no body
[debug] &amp#27;[35m[WD Proxy]&amp#27;[39m Got response with status 200: {"sessionId":"436fbe5e-5b82-4500-ad7b-01acbcb70fc5","value":"true"}
[debug] &amp#27;[35m[W3C (951857eb)]&amp#27;[39m Responding to client with driver.elementDisplayed() result: true
&amp#27;[35m[HTTP]&amp#27;[39m &amp#27;[37m<-- GET /wd/hub/session/951857eb-976e-4ab6-a925-3362ff45aa31/element/98c29c37-1d1f-495a-9f42-07dcb9990044/displayed &amp#27;[39m&amp#27;[32m200&amp#27;[39m &amp#27;[90m18 ms - 14&amp#27;[39m
&amp#27;[35m[HTTP]&amp#27;[39m &amp#27;[90m&amp#27;[39m
&amp#27;[35m[HTTP]&amp#27;[39m &amp#27;[37m-->&amp#27;[39m &amp#27;[37mGET&amp#27;[39m &amp#27;[37m/wd/hub/session/951857eb-976e-4ab6-a925-3362ff45aa31&amp#27;[39m
&amp#27;[35m[HTTP]&amp#27;[39m &amp#27;[90m{}&amp#27;[39m
[debug] &amp#27;[35m[W3C (951857eb)]&amp#27;[39m Calling AppiumDriver.getSession() with args: ["951857eb-976e-4ab6-a925-3362ff45aa31"]
[debug] &amp#27;[35m[UiAutomator2]&amp#27;[39m Getting session details from server to mix in
[debug] &amp#27;[35m[WD Proxy]&amp#27;[39m Matched '/' to command name 'getSession'
[debug] &amp#27;[35m[WD Proxy]&amp#27;[39m Proxying [GET /] to [GET http://127.0.0.1:8213/wd/hub/session/436fbe5e-5b82-4500-ad7b-01acbcb70fc5] with no body
[debug] &amp#27;[35m[WD Proxy]&amp#27;[39m Got response with status 200: {"sessionId":"436fbe5e-5b82-4500-ad7b-01acbcb70fc5","value":{"lastScrollData":null}}
[debug] &amp#27;[35m[W3C (951857eb)]&amp#27;[39m Responding to client with driver.getSession() result: {"platform":"LINUX","webStorageEnabled":false,"takesScreenshot":true,"javascriptEnabled":true,"databaseEnabled":false,"networkConnectionEnabled":true,"locationContextEnabled":false,"warnings":{},"desired":{"platformName":"android","app":"C:\\Users\\Anis\\eclipse-workspace\\Appium\\src\\ApiDemos-debug.apk","deviceName":"Redmi","newCommandTimeout":14},"platformName":"android","app":"C:\\Users\\Anis\\eclipse-workspace\\Appium\\src\\ApiDemos-debug.apk","deviceName":"55272e729804","newCommandTimeout":14,"deviceUDID":"55272e729804","appPackage":"io.appium.android.apis","deviceApiLevel":24,"platformVersion":"7.0","deviceScreenSize":"1080x1920","deviceScreenDensity":480,"deviceModel":"Redmi Note 4","deviceManufacturer":"Xiaomi","pixelRatio":3,"statBarHeight":72,"viewportRect":{"left":0,"top":72,"width":1080,"height":1848},"lastScrollData":null}
&amp#27;[35m[HTTP]&amp#27;[39m &amp#27;[37m<-- GET /wd/hub/session/951857eb-976e-4ab6-a925-3362ff45aa31 &amp#27;[39m&amp#27;[32m200&amp#27;[39m &amp#27;[90m10 ms - 858&amp#27;[39m
&amp#27;[35m[HTTP]&amp#27;[39m &amp#27;[90m&amp#27;[39m
&amp#27;[35m[HTTP]&amp#27;[39m &amp#27;[37m-->&amp#27;[39m &amp#27;[37mPOST&amp#27;[39m &amp#27;[37m/wd/hub/session/951857eb-976e-4ab6-a925-3362ff45aa31/element&amp#27;[39m
&amp#27;[35m[HTTP]&amp#27;[39m &amp#27;[90m{"using":"xpath","value":"//android.widget.TextView[@content-desc=\"Provider\"]"}&amp#27;[39m
[debug] &amp#27;[35m[W3C (951857eb)]&amp#27;[39m Calling AppiumDriver.findElement() with args: ["xpath","//android.widget.TextView[@content-desc=\"Provider\"]","951857eb-976e-4ab6-a925-3362ff45aa31"]
[debug] &amp#27;[35m[BaseDriver]&amp#27;[39m Valid locator strategies for this request: xpath, id, class name, accessibility id, css selector, -android uiautomator
[debug] &amp#27;[35m[BaseDriver]&amp#27;[39m Waiting up to 0 ms for condition
[debug] &amp#27;[35m[WD Proxy]&amp#27;[39m Matched '/element' to command name 'findElement'
[debug] &amp#27;[35m[WD Proxy]&amp#27;[39m Proxying [POST /element] to [POST http://127.0.0.1:8213/wd/hub/session/436fbe5e-5b82-4500-ad7b-01acbcb70fc5/element] with body: {"strategy":"xpath","selector":"//android.widget.TextView[@content-desc=\"Provider\"]","context":"","multiple":false}
[debug] &amp#27;[35m[WD Proxy]&amp#27;[39m Got response with status 200: {"sessionId":"436fbe5e-5b82-4500-ad7b-01acbcb70fc5","value":{"ELEMENT":"82f32705-b1f1-4258-8d2b-7d4e0f71710a","element-6066-11e4-a52e-4f735466cecf":"82f32705-b1f1-4258-8d2b-7d4e0f71710a"}}
[debug] &amp#27;[35m[W3C (951857eb)]&amp#27;[39m Responding to client with driver.findElement() result: {"element-6066-11e4-a52e-4f735466cecf":"82f32705-b1f1-4258-8d2b-7d4e0f71710a","ELEMENT":"82f32705-b1f1-4258-8d2b-7d4e0f71710a"}
&amp#27;[35m[HTTP]&amp#27;[39m &amp#27;[37m<-- POST /wd/hub/session/951857eb-976e-4ab6-a925-3362ff45aa31/element &amp#27;[39m&amp#27;[32m200&amp#27;[39m &amp#27;[90m63 ms - 137&amp#27;[39m
&amp#27;[35m[HTTP]&amp#27;[39m &amp#27;[90m&amp#27;[39m
&amp#27;[35m[HTTP]&amp#27;[39m &amp#27;[37m-->&amp#27;[39m &amp#27;[37mGET&amp#27;[39m &amp#27;[37m/wd/hub/session/951857eb-976e-4ab6-a925-3362ff45aa31/element/82f32705-b1f1-4258-8d2b-7d4e0f71710a/enabled&amp#27;[39m
&amp#27;[35m[HTTP]&amp#27;[39m &amp#27;[90m{}&amp#27;[39m
[debug] &amp#27;[35m[W3C (951857eb)]&amp#27;[39m Calling AppiumDriver.elementEnabled() with args: ["82f32705-b1f1-4258-8d2b-7d4e0f71710a","951857eb-976e-4ab6-a925-3362ff45aa31"]
[debug] &amp#27;[35m[WD Proxy]&amp#27;[39m Matched '/element/82f32705-b1f1-4258-8d2b-7d4e0f71710a/attribute/enabled' to command name 'getAttribute'
[debug] &amp#27;[35m[WD Proxy]&amp#27;[39m Proxying [GET /element/82f32705-b1f1-4258-8d2b-7d4e0f71710a/attribute/enabled] to [GET http://127.0.0.1:8213/wd/hub/session/436fbe5e-5b82-4500-ad7b-01acbcb70fc5/element/82f32705-b1f1-4258-8d2b-7d4e0f71710a/attribute/enabled] with no body
[debug] &amp#27;[35m[WD Proxy]&amp#27;[39m Got response with status 200: {"sessionId":"436fbe5e-5b82-4500-ad7b-01acbcb70fc5","value":"true"}
[debug] &amp#27;[35m[W3C (951857eb)]&amp#27;[39m Responding to client with driver.elementEnabled() result: true
&amp#27;[35m[HTTP]&amp#27;[39m &amp#27;[37m<-- GET /wd/hub/session/951857eb-976e-4ab6-a925-3362ff45aa31/element/82f32705-b1f1-4258-8d2b-7d4e0f71710a/enabled &amp#27;[39m&amp#27;[32m200&amp#27;[39m &amp#27;[90m17 ms - 14&amp#27;[39m
&amp#27;[35m[HTTP]&amp#27;[39m &amp#27;[90m&amp#27;[39m
&amp#27;[35m[HTTP]&amp#27;[39m &amp#27;[37m-->&amp#27;[39m &amp#27;[37mPOST&amp#27;[39m &amp#27;[37m/wd/hub/session/951857eb-976e-4ab6-a925-3362ff45aa31/timeouts&amp#27;[39m
&amp#27;[35m[HTTP]&amp#27;[39m &amp#27;[90m{"implicit":10000}&amp#27;[39m
[debug] &amp#27;[35m[W3C (951857eb)]&amp#27;[39m Calling AppiumDriver.timeouts() with args: [null,null,null,null,10000,"951857eb-976e-4ab6-a925-3362ff45aa31"]
[debug] &amp#27;[35m[BaseDriver]&amp#27;[39m W3C timeout argument: {"implicit":10000}}
[debug] &amp#27;[35m[BaseDriver]&amp#27;[39m Set implicit wait to 10000ms
[debug] &amp#27;[35m[W3C (951857eb)]&amp#27;[39m Responding to client with driver.timeouts() result: null
&amp#27;[35m[HTTP]&amp#27;[39m &amp#27;[37m<-- POST /wd/hub/session/951857eb-976e-4ab6-a925-3362ff45aa31/timeouts &amp#27;[39m&amp#27;[32m200&amp#27;[39m &amp#27;[90m2 ms - 14&amp#27;[39m
&amp#27;[35m[HTTP]&amp#27;[39m &amp#27;[90m&amp#27;[39m
&amp#27;[35m[HTTP]&amp#27;[39m &amp#27;[37m-->&amp#27;[39m &amp#27;[37mGET&amp#27;[39m &amp#27;[37m/wd/hub/session/951857eb-976e-4ab6-a925-3362ff45aa31&amp#27;[39m
&amp#27;[35m[HTTP]&amp#27;[39m &amp#27;[90m{}&amp#27;[39m
[debug] &amp#27;[35m[W3C (951857eb)]&amp#27;[39m Calling AppiumDriver.getSession() with args: ["951857eb-976e-4ab6-a925-3362ff45aa31"]
[debug] &amp#27;[35m[UiAutomator2]&amp#27;[39m Getting session details from server to mix in
[debug] &amp#27;[35m[WD Proxy]&amp#27;[39m Matched '/' to command name 'getSession'
[debug] &amp#27;[35m[WD Proxy]&amp#27;[39m Proxying [GET /] to [GET http://127.0.0.1:8213/wd/hub/session/436fbe5e-5b82-4500-ad7b-01acbcb70fc5] with no body
[debug] &amp#27;[35m[WD Proxy]&amp#27;[39m Got response with status 200: {"sessionId":"436fbe5e-5b82-4500-ad7b-01acbcb70fc5","value":{"lastScrollData":null}}
[debug] &amp#27;[35m[W3C (951857eb)]&amp#27;[39m Responding to client with driver.getSession() result: {"platform":"LINUX","webStorageEnabled":false,"takesScreenshot":true,"javascriptEnabled":true,"databaseEnabled":false,"networkConnectionEnabled":true,"locationContextEnabled":false,"warnings":{},"desired":{"platformName":"android","app":"C:\\Users\\Anis\\eclipse-workspace\\Appium\\src\\ApiDemos-debug.apk","deviceName":"Redmi","newCommandTimeout":14},"platformName":"android","app":"C:\\Users\\Anis\\eclipse-workspace\\Appium\\src\\ApiDemos-debug.apk","deviceName":"55272e729804","newCommandTimeout":14,"deviceUDID":"55272e729804","appPackage":"io.appium.android.apis","deviceApiLevel":24,"platformVersion":"7.0","deviceScreenSize":"1080x1920","deviceScreenDensity":480,"deviceModel":"Redmi Note 4","deviceManufacturer":"Xiaomi","pixelRatio":3,"statBarHeight":72,"viewportRect":{"left":0,"top":72,"width":1080,"height":1848},"lastScrollData":null}
&amp#27;[35m[HTTP]&amp#27;[39m &amp#27;[37m<-- GET /wd/hub/session/951857eb-976e-4ab6-a925-3362ff45aa31 &amp#27;[39m&amp#27;[32m200&amp#27;[39m &amp#27;[90m12 ms - 858&amp#27;[39m
&amp#27;[35m[HTTP]&amp#27;[39m &amp#27;[90m&amp#27;[39m
&amp#27;[35m[HTTP]&amp#27;[39m &amp#27;[37m-->&amp#27;[39m &amp#27;[37mPOST&amp#27;[39m &amp#27;[37m/wd/hub/session/951857eb-976e-4ab6-a925-3362ff45aa31/element&amp#27;[39m
&amp#27;[35m[HTTP]&amp#27;[39m &amp#27;[90m{"using":"xpath","value":"//android.widget.TextView[@content-desc=\"Provider\"]"}&amp#27;[39m
[debug] &amp#27;[35m[W3C (951857eb)]&amp#27;[39m Calling AppiumDriver.findElement() with args: ["xpath","//android.widget.TextView[@content-desc=\"Provider\"]","951857eb-976e-4ab6-a925-3362ff45aa31"]
[debug] &amp#27;[35m[BaseDriver]&amp#27;[39m Valid locator strategies for this request: xpath, id, class name, accessibility id, css selector, -android uiautomator
[debug] &amp#27;[35m[BaseDriver]&amp#27;[39m Waiting up to 10000 ms for condition
[debug] &amp#27;[35m[WD Proxy]&amp#27;[39m Matched '/element' to command name 'findElement'
[debug] &amp#27;[35m[WD Proxy]&amp#27;[39m Proxying [POST /element] to [POST http://127.0.0.1:8213/wd/hub/session/436fbe5e-5b82-4500-ad7b-01acbcb70fc5/element] with body: {"strategy":"xpath","selector":"//android.widget.TextView[@content-desc=\"Provider\"]","context":"","multiple":false}
[debug] &amp#27;[35m[WD Proxy]&amp#27;[39m Got response with status 200: {"sessionId":"436fbe5e-5b82-4500-ad7b-01acbcb70fc5","value":{"ELEMENT":"ae5e32f2-267e-4c78-8a3c-4fe73c1dc3e2","element-6066-11e4-a52e-4f735466cecf":"ae5e32f2-267e-4c78-8a3c-4fe73c1dc3e2"}}
[debug] &amp#27;[35m[W3C (951857eb)]&amp#27;[39m Responding to client with driver.findElement() result: {"element-6066-11e4-a52e-4f735466cecf":"ae5e32f2-267e-4c78-8a3c-4fe73c1dc3e2","ELEMENT":"ae5e32f2-267e-4c78-8a3c-4fe73c1dc3e2"}
&amp#27;[35m[HTTP]&amp#27;[39m &amp#27;[37m<-- POST /wd/hub/session/951857eb-976e-4ab6-a925-3362ff45aa31/element &amp#27;[39m&amp#27;[32m200&amp#27;[39m &amp#27;[90m66 ms - 137&amp#27;[39m
&amp#27;[35m[HTTP]&amp#27;[39m &amp#27;[90m&amp#27;[39m
&amp#27;[35m[HTTP]&amp#27;[39m &amp#27;[37m-->&amp#27;[39m &amp#27;[37mPOST&amp#27;[39m &amp#27;[37m/wd/hub/session/951857eb-976e-4ab6-a925-3362ff45aa31/element/ae5e32f2-267e-4c78-8a3c-4fe73c1dc3e2/click&amp#27;[39m
&amp#27;[35m[HTTP]&amp#27;[39m &amp#27;[90m{"id":"ae5e32f2-267e-4c78-8a3c-4fe73c1dc3e2"}&amp#27;[39m
[debug] &amp#27;[35m[W3C (951857eb)]&amp#27;[39m Calling AppiumDriver.click() with args: ["ae5e32f2-267e-4c78-8a3c-4fe73c1dc3e2","951857eb-976e-4ab6-a925-3362ff45aa31"]
[debug] &amp#27;[35m[WD Proxy]&amp#27;[39m Matched '/element/ae5e32f2-267e-4c78-8a3c-4fe73c1dc3e2/click' to command name 'click'
[debug] &amp#27;[35m[WD Proxy]&amp#27;[39m Proxying [POST /element/ae5e32f2-267e-4c78-8a3c-4fe73c1dc3e2/click] to [POST http://127.0.0.1:8213/wd/hub/session/436fbe5e-5b82-4500-ad7b-01acbcb70fc5/element/ae5e32f2-267e-4c78-8a3c-4fe73c1dc3e2/click] with body: {"element":"ae5e32f2-267e-4c78-8a3c-4fe73c1dc3e2"}
[debug] &amp#27;[35m[WD Proxy]&amp#27;[39m Got response with status 200: {"sessionId":"436fbe5e-5b82-4500-ad7b-01acbcb70fc5","value":null}
[debug] &amp#27;[35m[W3C (951857eb)]&amp#27;[39m Responding to client with driver.click() result: null
&amp#27;[35m[HTTP]&amp#27;[39m &amp#27;[37m<-- POST /wd/hub/session/951857eb-976e-4ab6-a925-3362ff45aa31/element/ae5e32f2-267e-4c78-8a3c-4fe73c1dc3e2/click &amp#27;[39m&amp#27;[32m200&amp#27;[39m &amp#27;[90m1143 ms - 14&amp#27;[39m
&amp#27;[35m[HTTP]&amp#27;[39m &amp#27;[90m&amp#27;[39m
[INFO ] 2021-06-18 15:55:57.008 [main] ExplicitWait - Waiting for element to be visible: Located by By.chained({By.xpath: //android.widget.TextView[@content-desc="Pick Contact"]})
[INFO ] 2021-06-18 15:55:57.009 [main] ExplicitWait - Waiting for element to be visible: Located by By.chained({By.xpath: //android.widget.TextView[@content-desc="Pick Contact"]})
&amp#27;[35m[HTTP]&amp#27;[39m &amp#27;[37m-->&amp#27;[39m &amp#27;[37mPOST&amp#27;[39m &amp#27;[37m/wd/hub/session/951857eb-976e-4ab6-a925-3362ff45aa31/timeouts&amp#27;[39m
&amp#27;[35m[HTTP]&amp#27;[39m &amp#27;[90m{"implicit":0}&amp#27;[39m
[debug] &amp#27;[35m[W3C (951857eb)]&amp#27;[39m Calling AppiumDriver.timeouts() with args: [null,null,null,null,0,"951857eb-976e-4ab6-a925-3362ff45aa31"]
[debug] &amp#27;[35m[BaseDriver]&amp#27;[39m W3C timeout argument: {"implicit":0}}
[debug] &amp#27;[35m[BaseDriver]&amp#27;[39m Set implicit wait to 0ms
[debug] &amp#27;[35m[W3C (951857eb)]&amp#27;[39m Responding to client with driver.timeouts() result: null
&amp#27;[35m[HTTP]&amp#27;[39m &amp#27;[37m<-- POST /wd/hub/session/951857eb-976e-4ab6-a925-3362ff45aa31/timeouts &amp#27;[39m&amp#27;[32m200&amp#27;[39m &amp#27;[90m3 ms - 14&amp#27;[39m
&amp#27;[35m[HTTP]&amp#27;[39m &amp#27;[90m&amp#27;[39m
&amp#27;[35m[HTTP]&amp#27;[39m &amp#27;[37m-->&amp#27;[39m &amp#27;[37mGET&amp#27;[39m &amp#27;[37m/wd/hub/session/951857eb-976e-4ab6-a925-3362ff45aa31&amp#27;[39m
&amp#27;[35m[HTTP]&amp#27;[39m &amp#27;[90m{}&amp#27;[39m
[debug] &amp#27;[35m[W3C (951857eb)]&amp#27;[39m Calling AppiumDriver.getSession() with args: ["951857eb-976e-4ab6-a925-3362ff45aa31"]
[debug] &amp#27;[35m[UiAutomator2]&amp#27;[39m Getting session details from server to mix in
[debug] &amp#27;[35m[WD Proxy]&amp#27;[39m Matched '/' to command name 'getSession'
[debug] &amp#27;[35m[WD Proxy]&amp#27;[39m Proxying [GET /] to [GET http://127.0.0.1:8213/wd/hub/session/436fbe5e-5b82-4500-ad7b-01acbcb70fc5] with no body
[debug] &amp#27;[35m[WD Proxy]&amp#27;[39m Got response with status 200: {"sessionId":"436fbe5e-5b82-4500-ad7b-01acbcb70fc5","value":{"lastScrollData":null}}
[debug] &amp#27;[35m[W3C (951857eb)]&amp#27;[39m Responding to client with driver.getSession() result: {"platform":"LINUX","webStorageEnabled":false,"takesScreenshot":true,"javascriptEnabled":true,"databaseEnabled":false,"networkConnectionEnabled":true,"locationContextEnabled":false,"warnings":{},"desired":{"platformName":"android","app":"C:\\Users\\Anis\\eclipse-workspace\\Appium\\src\\ApiDemos-debug.apk","deviceName":"Redmi","newCommandTimeout":14},"platformName":"android","app":"C:\\Users\\Anis\\eclipse-workspace\\Appium\\src\\ApiDemos-debug.apk","deviceName":"55272e729804","newCommandTimeout":14,"deviceUDID":"55272e729804","appPackage":"io.appium.android.apis","deviceApiLevel":24,"platformVersion":"7.0","deviceScreenSize":"1080x1920","deviceScreenDensity":480,"deviceModel":"Redmi Note 4","deviceManufacturer":"Xiaomi","pixelRatio":3,"statBarHeight":72,"viewportRect":{"left":0,"top":72,"width":1080,"height":1848},"lastScrollData":null}
&amp#27;[35m[HTTP]&amp#27;[39m &amp#27;[37m<-- GET /wd/hub/session/951857eb-976e-4ab6-a925-3362ff45aa31 &amp#27;[39m&amp#27;[32m200&amp#27;[39m &amp#27;[90m14 ms - 858&amp#27;[39m
&amp#27;[35m[HTTP]&amp#27;[39m &amp#27;[90m&amp#27;[39m
&amp#27;[35m[HTTP]&amp#27;[39m &amp#27;[37m-->&amp#27;[39m &amp#27;[37mPOST&amp#27;[39m &amp#27;[37m/wd/hub/session/951857eb-976e-4ab6-a925-3362ff45aa31/element&amp#27;[39m
&amp#27;[35m[HTTP]&amp#27;[39m &amp#27;[90m{"using":"xpath","value":"//android.widget.TextView[@content-desc=\"Pick Contact\"]"}&amp#27;[39m
[debug] &amp#27;[35m[W3C (951857eb)]&amp#27;[39m Calling AppiumDriver.findElement() with args: ["xpath","//android.widget.TextView[@content-desc=\"Pick Contact\"]","951857eb-976e-4ab6-a925-3362ff45aa31"]
[debug] &amp#27;[35m[BaseDriver]&amp#27;[39m Valid locator strategies for this request: xpath, id, class name, accessibility id, css selector, -android uiautomator
[debug] &amp#27;[35m[BaseDriver]&amp#27;[39m Waiting up to 0 ms for condition
[debug] &amp#27;[35m[WD Proxy]&amp#27;[39m Matched '/element' to command name 'findElement'
[debug] &amp#27;[35m[WD Proxy]&amp#27;[39m Proxying [POST /element] to [POST http://127.0.0.1:8213/wd/hub/session/436fbe5e-5b82-4500-ad7b-01acbcb70fc5/element] with body: {"strategy":"xpath","selector":"//android.widget.TextView[@content-desc=\"Pick Contact\"]","context":"","multiple":false}
[debug] &amp#27;[35m[WD Proxy]&amp#27;[39m Got response with status 200: {"sessionId":"436fbe5e-5b82-4500-ad7b-01acbcb70fc5","value":{"ELEMENT":"e23b64f5-d06e-4e3d-9ee7-a53dca45d39d","element-6066-11e4-a52e-4f735466cecf":"e23b64f5-d06e-4e3d-9ee7-a53dca45d39d"}}
[debug] &amp#27;[35m[W3C (951857eb)]&amp#27;[39m Responding to client with driver.findElement() result: {"element-6066-11e4-a52e-4f735466cecf":"e23b64f5-d06e-4e3d-9ee7-a53dca45d39d","ELEMENT":"e23b64f5-d06e-4e3d-9ee7-a53dca45d39d"}
&amp#27;[35m[HTTP]&amp#27;[39m &amp#27;[37m<-- POST /wd/hub/session/951857eb-976e-4ab6-a925-3362ff45aa31/element &amp#27;[39m&amp#27;[32m200&amp#27;[39m &amp#27;[90m48 ms - 137&amp#27;[39m
&amp#27;[35m[HTTP]&amp#27;[39m &amp#27;[90m&amp#27;[39m
&amp#27;[35m[HTTP]&amp#27;[39m &amp#27;[37m-->&amp#27;[39m &amp#27;[37mGET&amp#27;[39m &amp#27;[37m/wd/hub/session/951857eb-976e-4ab6-a925-3362ff45aa31/element/e23b64f5-d06e-4e3d-9ee7-a53dca45d39d/displayed&amp#27;[39m
&amp#27;[35m[HTTP]&amp#27;[39m &amp#27;[90m{}&amp#27;[39m
[debug] &amp#27;[35m[W3C (951857eb)]&amp#27;[39m Calling AppiumDriver.elementDisplayed() with args: ["e23b64f5-d06e-4e3d-9ee7-a53dca45d39d","951857eb-976e-4ab6-a925-3362ff45aa31"]
[debug] &amp#27;[35m[WD Proxy]&amp#27;[39m Matched '/element/e23b64f5-d06e-4e3d-9ee7-a53dca45d39d/attribute/displayed' to command name 'getAttribute'
[debug] &amp#27;[35m[WD Proxy]&amp#27;[39m Proxying [GET /element/e23b64f5-d06e-4e3d-9ee7-a53dca45d39d/attribute/displayed] to [GET http://127.0.0.1:8213/wd/hub/session/436fbe5e-5b82-4500-ad7b-01acbcb70fc5/element/e23b64f5-d06e-4e3d-9ee7-a53dca45d39d/attribute/displayed] with no body
[debug] &amp#27;[35m[WD Proxy]&amp#27;[39m Got response with status 200: {"sessionId":"436fbe5e-5b82-4500-ad7b-01acbcb70fc5","value":"true"}
[debug] &amp#27;[35m[W3C (951857eb)]&amp#27;[39m Responding to client with driver.elementDisplayed() result: true
&amp#27;[35m[HTTP]&amp#27;[39m &amp#27;[37m<-- GET /wd/hub/session/951857eb-976e-4ab6-a925-3362ff45aa31/element/e23b64f5-d06e-4e3d-9ee7-a53dca45d39d/displayed &amp#27;[39m&amp#27;[32m200&amp#27;[39m &amp#27;[90m15 ms - 14&amp#27;[39m
&amp#27;[35m[HTTP]&amp#27;[39m &amp#27;[90m&amp#27;[39m
&amp#27;[35m[HTTP]&amp#27;[39m &amp#27;[37m-->&amp#27;[39m &amp#27;[37mPOST&amp#27;[39m &amp#27;[37m/wd/hub/session/951857eb-976e-4ab6-a925-3362ff45aa31/timeouts&amp#27;[39m
&amp#27;[35m[HTTP]&amp#27;[39m &amp#27;[90m{"implicit":10000}&amp#27;[39m
[debug] &amp#27;[35m[W3C (951857eb)]&amp#27;[39m Calling AppiumDriver.timeouts() with args: [null,null,null,null,10000,"951857eb-976e-4ab6-a925-3362ff45aa31"]
[debug] &amp#27;[35m[BaseDriver]&amp#27;[39m W3C timeout argument: {"implicit":10000}}
[debug] &amp#27;[35m[BaseDriver]&amp#27;[39m Set implicit wait to 10000ms
[debug] &amp#27;[35m[W3C (951857eb)]&amp#27;[39m Responding to client with driver.timeouts() result: null
&amp#27;[35m[HTTP]&amp#27;[39m &amp#27;[37m<-- POST /wd/hub/session/951857eb-976e-4ab6-a925-3362ff45aa31/timeouts &amp#27;[39m&amp#27;[32m200&amp#27;[39m &amp#27;[90m3 ms - 14&amp#27;[39m
&amp#27;[35m[HTTP]&amp#27;[39m &amp#27;[90m&amp#27;[39m
[INFO ] 2021-06-18 15:55:57.137 [main] Content - Clicks The Pick Contact
[INFO ] 2021-06-18 15:55:57.138 [main] ExplicitWait - Waiting for element to be clickable: Located by By.chained({By.xpath: //android.widget.TextView[@content-desc="Pick Contact"]})
&amp#27;[35m[HTTP]&amp#27;[39m &amp#27;[37m-->&amp#27;[39m &amp#27;[37mPOST&amp#27;[39m &amp#27;[37m/wd/hub/session/951857eb-976e-4ab6-a925-3362ff45aa31/timeouts&amp#27;[39m
&amp#27;[35m[HTTP]&amp#27;[39m &amp#27;[90m{"implicit":0}&amp#27;[39m
[debug] &amp#27;[35m[W3C (951857eb)]&amp#27;[39m Calling AppiumDriver.timeouts() with args: [null,null,null,null,0,"951857eb-976e-4ab6-a925-3362ff45aa31"]
[debug] &amp#27;[35m[BaseDriver]&amp#27;[39m W3C timeout argument: {"implicit":0}}
[debug] &amp#27;[35m[BaseDriver]&amp#27;[39m Set implicit wait to 0ms
[debug] &amp#27;[35m[W3C (951857eb)]&amp#27;[39m Responding to client with driver.timeouts() result: null
&amp#27;[35m[HTTP]&amp#27;[39m &amp#27;[37m<-- POST /wd/hub/session/951857eb-976e-4ab6-a925-3362ff45aa31/timeouts &amp#27;[39m&amp#27;[32m200&amp#27;[39m &amp#27;[90m3 ms - 14&amp#27;[39m
&amp#27;[35m[HTTP]&amp#27;[39m &amp#27;[90m&amp#27;[39m
&amp#27;[35m[HTTP]&amp#27;[39m &amp#27;[37m-->&amp#27;[39m &amp#27;[37mGET&amp#27;[39m &amp#27;[37m/wd/hub/session/951857eb-976e-4ab6-a925-3362ff45aa31&amp#27;[39m
&amp#27;[35m[HTTP]&amp#27;[39m &amp#27;[90m{}&amp#27;[39m
[debug] &amp#27;[35m[W3C (951857eb)]&amp#27;[39m Calling AppiumDriver.getSession() with args: ["951857eb-976e-4ab6-a925-3362ff45aa31"]
[debug] &amp#27;[35m[UiAutomator2]&amp#27;[39m Getting session details from server to mix in
[debug] &amp#27;[35m[WD Proxy]&amp#27;[39m Matched '/' to command name 'getSession'
[debug] &amp#27;[35m[WD Proxy]&amp#27;[39m Proxying [GET /] to [GET http://127.0.0.1:8213/wd/hub/session/436fbe5e-5b82-4500-ad7b-01acbcb70fc5] with no body
[debug] &amp#27;[35m[WD Proxy]&amp#27;[39m Got response with status 200: {"sessionId":"436fbe5e-5b82-4500-ad7b-01acbcb70fc5","value":{"lastScrollData":null}}
[debug] &amp#27;[35m[W3C (951857eb)]&amp#27;[39m Responding to client with driver.getSession() result: {"platform":"LINUX","webStorageEnabled":false,"takesScreenshot":true,"javascriptEnabled":true,"databaseEnabled":false,"networkConnectionEnabled":true,"locationContextEnabled":false,"warnings":{},"desired":{"platformName":"android","app":"C:\\Users\\Anis\\eclipse-workspace\\Appium\\src\\ApiDemos-debug.apk","deviceName":"Redmi","newCommandTimeout":14},"platformName":"android","app":"C:\\Users\\Anis\\eclipse-workspace\\Appium\\src\\ApiDemos-debug.apk","deviceName":"55272e729804","newCommandTimeout":14,"deviceUDID":"55272e729804","appPackage":"io.appium.android.apis","deviceApiLevel":24,"platformVersion":"7.0","deviceScreenSize":"1080x1920","deviceScreenDensity":480,"deviceModel":"Redmi Note 4","deviceManufacturer":"Xiaomi","pixelRatio":3,"statBarHeight":72,"viewportRect":{"left":0,"top":72,"width":1080,"height":1848},"lastScrollData":null}
&amp#27;[35m[HTTP]&amp#27;[39m &amp#27;[37m<-- GET /wd/hub/session/951857eb-976e-4ab6-a925-3362ff45aa31 &amp#27;[39m&amp#27;[32m200&amp#27;[39m &amp#27;[90m10 ms - 858&amp#27;[39m
&amp#27;[35m[HTTP]&amp#27;[39m &amp#27;[90m&amp#27;[39m
&amp#27;[35m[HTTP]&amp#27;[39m &amp#27;[37m-->&amp#27;[39m &amp#27;[37mPOST&amp#27;[39m &amp#27;[37m/wd/hub/session/951857eb-976e-4ab6-a925-3362ff45aa31/element&amp#27;[39m
&amp#27;[35m[HTTP]&amp#27;[39m &amp#27;[90m{"using":"xpath","value":"//android.widget.TextView[@content-desc=\"Pick Contact\"]"}&amp#27;[39m
[debug] &amp#27;[35m[W3C (951857eb)]&amp#27;[39m Calling AppiumDriver.findElement() with args: ["xpath","//android.widget.TextView[@content-desc=\"Pick Contact\"]","951857eb-976e-4ab6-a925-3362ff45aa31"]
[debug] &amp#27;[35m[BaseDriver]&amp#27;[39m Valid locator strategies for this request: xpath, id, class name, accessibility id, css selector, -android uiautomator
[debug] &amp#27;[35m[BaseDriver]&amp#27;[39m Waiting up to 0 ms for condition
[debug] &amp#27;[35m[WD Proxy]&amp#27;[39m Matched '/element' to command name 'findElement'
[debug] &amp#27;[35m[WD Proxy]&amp#27;[39m Proxying [POST /element] to [POST http://127.0.0.1:8213/wd/hub/session/436fbe5e-5b82-4500-ad7b-01acbcb70fc5/element] with body: {"strategy":"xpath","selector":"//android.widget.TextView[@content-desc=\"Pick Contact\"]","context":"","multiple":false}
[debug] &amp#27;[35m[WD Proxy]&amp#27;[39m Got response with status 200: {"sessionId":"436fbe5e-5b82-4500-ad7b-01acbcb70fc5","value":{"ELEMENT":"8997ac3c-a89c-44a5-9af9-1733c1663e9d","element-6066-11e4-a52e-4f735466cecf":"8997ac3c-a89c-44a5-9af9-1733c1663e9d"}}
[debug] &amp#27;[35m[W3C (951857eb)]&amp#27;[39m Responding to client with driver.findElement() result: {"element-6066-11e4-a52e-4f735466cecf":"8997ac3c-a89c-44a5-9af9-1733c1663e9d","ELEMENT":"8997ac3c-a89c-44a5-9af9-1733c1663e9d"}
&amp#27;[35m[HTTP]&amp#27;[39m &amp#27;[37m<-- POST /wd/hub/session/951857eb-976e-4ab6-a925-3362ff45aa31/element &amp#27;[39m&amp#27;[32m200&amp#27;[39m &amp#27;[90m29 ms - 137&amp#27;[39m
&amp#27;[35m[HTTP]&amp#27;[39m &amp#27;[90m&amp#27;[39m
&amp#27;[35m[HTTP]&amp#27;[39m &amp#27;[37m-->&amp#27;[39m &amp#27;[37mGET&amp#27;[39m &amp#27;[37m/wd/hub/session/951857eb-976e-4ab6-a925-3362ff45aa31/element/8997ac3c-a89c-44a5-9af9-1733c1663e9d/displayed&amp#27;[39m
&amp#27;[35m[HTTP]&amp#27;[39m &amp#27;[90m{}&amp#27;[39m
[debug] &amp#27;[35m[W3C (951857eb)]&amp#27;[39m Calling AppiumDriver.elementDisplayed() with args: ["8997ac3c-a89c-44a5-9af9-1733c1663e9d","951857eb-976e-4ab6-a925-3362ff45aa31"]
[debug] &amp#27;[35m[WD Proxy]&amp#27;[39m Matched '/element/8997ac3c-a89c-44a5-9af9-1733c1663e9d/attribute/displayed' to command name 'getAttribute'
[debug] &amp#27;[35m[WD Proxy]&amp#27;[39m Proxying [GET /element/8997ac3c-a89c-44a5-9af9-1733c1663e9d/attribute/displayed] to [GET http://127.0.0.1:8213/wd/hub/session/436fbe5e-5b82-4500-ad7b-01acbcb70fc5/element/8997ac3c-a89c-44a5-9af9-1733c1663e9d/attribute/displayed] with no body
[debug] &amp#27;[35m[WD Proxy]&amp#27;[39m Got response with status 200: {"sessionId":"436fbe5e-5b82-4500-ad7b-01acbcb70fc5","value":"true"}
[debug] &amp#27;[35m[W3C (951857eb)]&amp#27;[39m Responding to client with driver.elementDisplayed() result: true
&amp#27;[35m[HTTP]&amp#27;[39m &amp#27;[37m<-- GET /wd/hub/session/951857eb-976e-4ab6-a925-3362ff45aa31/element/8997ac3c-a89c-44a5-9af9-1733c1663e9d/displayed &amp#27;[39m&amp#27;[32m200&amp#27;[39m &amp#27;[90m15 ms - 14&amp#27;[39m
&amp#27;[35m[HTTP]&amp#27;[39m &amp#27;[90m&amp#27;[39m
&amp#27;[35m[HTTP]&amp#27;[39m &amp#27;[37m-->&amp#27;[39m &amp#27;[37mGET&amp#27;[39m &amp#27;[37m/wd/hub/session/951857eb-976e-4ab6-a925-3362ff45aa31&amp#27;[39m
&amp#27;[35m[HTTP]&amp#27;[39m &amp#27;[90m{}&amp#27;[39m
[debug] &amp#27;[35m[W3C (951857eb)]&amp#27;[39m Calling AppiumDriver.getSession() with args: ["951857eb-976e-4ab6-a925-3362ff45aa31"]
[debug] &amp#27;[35m[UiAutomator2]&amp#27;[39m Getting session details from server to mix in
[debug] &amp#27;[35m[WD Proxy]&amp#27;[39m Matched '/' to command name 'getSession'
[debug] &amp#27;[35m[WD Proxy]&amp#27;[39m Proxying [GET /] to [GET http://127.0.0.1:8213/wd/hub/session/436fbe5e-5b82-4500-ad7b-01acbcb70fc5] with no body
[debug] &amp#27;[35m[WD Proxy]&amp#27;[39m Got response with status 200: {"sessionId":"436fbe5e-5b82-4500-ad7b-01acbcb70fc5","value":{"lastScrollData":null}}
[debug] &amp#27;[35m[W3C (951857eb)]&amp#27;[39m Responding to client with driver.getSession() result: {"platform":"LINUX","webStorageEnabled":false,"takesScreenshot":true,"javascriptEnabled":true,"databaseEnabled":false,"networkConnectionEnabled":true,"locationContextEnabled":false,"warnings":{},"desired":{"platformName":"android","app":"C:\\Users\\Anis\\eclipse-workspace\\Appium\\src\\ApiDemos-debug.apk","deviceName":"Redmi","newCommandTimeout":14},"platformName":"android","app":"C:\\Users\\Anis\\eclipse-workspace\\Appium\\src\\ApiDemos-debug.apk","deviceName":"55272e729804","newCommandTimeout":14,"deviceUDID":"55272e729804","appPackage":"io.appium.android.apis","deviceApiLevel":24,"platformVersion":"7.0","deviceScreenSize":"1080x1920","deviceScreenDensity":480,"deviceModel":"Redmi Note 4","deviceManufacturer":"Xiaomi","pixelRatio":3,"statBarHeight":72,"viewportRect":{"left":0,"top":72,"width":1080,"height":1848},"lastScrollData":null}
&amp#27;[35m[HTTP]&amp#27;[39m &amp#27;[37m<-- GET /wd/hub/session/951857eb-976e-4ab6-a925-3362ff45aa31 &amp#27;[39m&amp#27;[32m200&amp#27;[39m &amp#27;[90m14 ms - 858&amp#27;[39m
&amp#27;[35m[HTTP]&amp#27;[39m &amp#27;[90m&amp#27;[39m
&amp#27;[35m[HTTP]&amp#27;[39m &amp#27;[37m-->&amp#27;[39m &amp#27;[37mPOST&amp#27;[39m &amp#27;[37m/wd/hub/session/951857eb-976e-4ab6-a925-3362ff45aa31/element&amp#27;[39m
&amp#27;[35m[HTTP]&amp#27;[39m &amp#27;[90m{"using":"xpath","value":"//android.widget.TextView[@content-desc=\"Pick Contact\"]"}&amp#27;[39m
[debug] &amp#27;[35m[W3C (951857eb)]&amp#27;[39m Calling AppiumDriver.findElement() with args: ["xpath","//android.widget.TextView[@content-desc=\"Pick Contact\"]","951857eb-976e-4ab6-a925-3362ff45aa31"]
[debug] &amp#27;[35m[BaseDriver]&amp#27;[39m Valid locator strategies for this request: xpath, id, class name, accessibility id, css selector, -android uiautomator
[debug] &amp#27;[35m[BaseDriver]&amp#27;[39m Waiting up to 0 ms for condition
[debug] &amp#27;[35m[WD Proxy]&amp#27;[39m Matched '/element' to command name 'findElement'
[debug] &amp#27;[35m[WD Proxy]&amp#27;[39m Proxying [POST /element] to [POST http://127.0.0.1:8213/wd/hub/session/436fbe5e-5b82-4500-ad7b-01acbcb70fc5/element] with body: {"strategy":"xpath","selector":"//android.widget.TextView[@content-desc=\"Pick Contact\"]","context":"","multiple":false}
[debug] &amp#27;[35m[WD Proxy]&amp#27;[39m Got response with status 200: {"sessionId":"436fbe5e-5b82-4500-ad7b-01acbcb70fc5","value":{"ELEMENT":"c21da8dc-bb9d-432a-ae14-ae4fe5a5b105","element-6066-11e4-a52e-4f735466cecf":"c21da8dc-bb9d-432a-ae14-ae4fe5a5b105"}}
[debug] &amp#27;[35m[W3C (951857eb)]&amp#27;[39m Responding to client with driver.findElement() result: {"element-6066-11e4-a52e-4f735466cecf":"c21da8dc-bb9d-432a-ae14-ae4fe5a5b105","ELEMENT":"c21da8dc-bb9d-432a-ae14-ae4fe5a5b105"}
&amp#27;[35m[HTTP]&amp#27;[39m &amp#27;[37m<-- POST /wd/hub/session/951857eb-976e-4ab6-a925-3362ff45aa31/element &amp#27;[39m&amp#27;[32m200&amp#27;[39m &amp#27;[90m51 ms - 137&amp#27;[39m
&amp#27;[35m[HTTP]&amp#27;[39m &amp#27;[90m&amp#27;[39m
&amp#27;[35m[HTTP]&amp#27;[39m &amp#27;[37m-->&amp#27;[39m &amp#27;[37mGET&amp#27;[39m &amp#27;[37m/wd/hub/session/951857eb-976e-4ab6-a925-3362ff45aa31/element/c21da8dc-bb9d-432a-ae14-ae4fe5a5b105/enabled&amp#27;[39m
&amp#27;[35m[HTTP]&amp#27;[39m &amp#27;[90m{}&amp#27;[39m
[debug] &amp#27;[35m[W3C (951857eb)]&amp#27;[39m Calling AppiumDriver.elementEnabled() with args: ["c21da8dc-bb9d-432a-ae14-ae4fe5a5b105","951857eb-976e-4ab6-a925-3362ff45aa31"]
[debug] &amp#27;[35m[WD Proxy]&amp#27;[39m Matched '/element/c21da8dc-bb9d-432a-ae14-ae4fe5a5b105/attribute/enabled' to command name 'getAttribute'
[debug] &amp#27;[35m[WD Proxy]&amp#27;[39m Proxying [GET /element/c21da8dc-bb9d-432a-ae14-ae4fe5a5b105/attribute/enabled] to [GET http://127.0.0.1:8213/wd/hub/session/436fbe5e-5b82-4500-ad7b-01acbcb70fc5/element/c21da8dc-bb9d-432a-ae14-ae4fe5a5b105/attribute/enabled] with no body
[debug] &amp#27;[35m[WD Proxy]&amp#27;[39m Got response with status 200: {"sessionId":"436fbe5e-5b82-4500-ad7b-01acbcb70fc5","value":"true"}
[debug] &amp#27;[35m[W3C (951857eb)]&amp#27;[39m Responding to client with driver.elementEnabled() result: true
&amp#27;[35m[HTTP]&amp#27;[39m &amp#27;[37m<-- GET /wd/hub/session/951857eb-976e-4ab6-a925-3362ff45aa31/element/c21da8dc-bb9d-432a-ae14-ae4fe5a5b105/enabled &amp#27;[39m&amp#27;[32m200&amp#27;[39m &amp#27;[90m15 ms - 14&amp#27;[39m
&amp#27;[35m[HTTP]&amp#27;[39m &amp#27;[90m&amp#27;[39m
&amp#27;[35m[HTTP]&amp#27;[39m &amp#27;[37m-->&amp#27;[39m &amp#27;[37mPOST&amp#27;[39m &amp#27;[37m/wd/hub/session/951857eb-976e-4ab6-a925-3362ff45aa31/timeouts&amp#27;[39m
&amp#27;[35m[HTTP]&amp#27;[39m &amp#27;[90m{"implicit":10000}&amp#27;[39m
[debug] &amp#27;[35m[W3C (951857eb)]&amp#27;[39m Calling AppiumDriver.timeouts() with args: [null,null,null,null,10000,"951857eb-976e-4ab6-a925-3362ff45aa31"]
[debug] &amp#27;[35m[BaseDriver]&amp#27;[39m W3C timeout argument: {"implicit":10000}}
[debug] &amp#27;[35m[BaseDriver]&amp#27;[39m Set implicit wait to 10000ms
[debug] &amp#27;[35m[W3C (951857eb)]&amp#27;[39m Responding to client with driver.timeouts() result: null
&amp#27;[35m[HTTP]&amp#27;[39m &amp#27;[37m<-- POST /wd/hub/session/951857eb-976e-4ab6-a925-3362ff45aa31/timeouts &amp#27;[39m&amp#27;[32m200&amp#27;[39m &amp#27;[90m9 ms - 14&amp#27;[39m
&amp#27;[35m[HTTP]&amp#27;[39m &amp#27;[90m&amp#27;[39m
&amp#27;[35m[HTTP]&amp#27;[39m &amp#27;[37m-->&amp#27;[39m &amp#27;[37mGET&amp#27;[39m &amp#27;[37m/wd/hub/session/951857eb-976e-4ab6-a925-3362ff45aa31&amp#27;[39m
&amp#27;[35m[HTTP]&amp#27;[39m &amp#27;[90m{}&amp#27;[39m
[debug] &amp#27;[35m[W3C (951857eb)]&amp#27;[39m Calling AppiumDriver.getSession() with args: ["951857eb-976e-4ab6-a925-3362ff45aa31"]
[debug] &amp#27;[35m[UiAutomator2]&amp#27;[39m Getting session details from server to mix in
[debug] &amp#27;[35m[WD Proxy]&amp#27;[39m Matched '/' to command name 'getSession'
[debug] &amp#27;[35m[WD Proxy]&amp#27;[39m Proxying [GET /] to [GET http://127.0.0.1:8213/wd/hub/session/436fbe5e-5b82-4500-ad7b-01acbcb70fc5] with no body
[debug] &amp#27;[35m[WD Proxy]&amp#27;[39m Got response with status 200: {"sessionId":"436fbe5e-5b82-4500-ad7b-01acbcb70fc5","value":{"lastScrollData":null}}
[debug] &amp#27;[35m[W3C (951857eb)]&amp#27;[39m Responding to client with driver.getSession() result: {"platform":"LINUX","webStorageEnabled":false,"takesScreenshot":true,"javascriptEnabled":true,"databaseEnabled":false,"networkConnectionEnabled":true,"locationContextEnabled":false,"warnings":{},"desired":{"platformName":"android","app":"C:\\Users\\Anis\\eclipse-workspace\\Appium\\src\\ApiDemos-debug.apk","deviceName":"Redmi","newCommandTimeout":14},"platformName":"android","app":"C:\\Users\\Anis\\eclipse-workspace\\Appium\\src\\ApiDemos-debug.apk","deviceName":"55272e729804","newCommandTimeout":14,"deviceUDID":"55272e729804","appPackage":"io.appium.android.apis","deviceApiLevel":24,"platformVersion":"7.0","deviceScreenSize":"1080x1920","deviceScreenDensity":480,"deviceModel":"Redmi Note 4","deviceManufacturer":"Xiaomi","pixelRatio":3,"statBarHeight":72,"viewportRect":{"left":0,"top":72,"width":1080,"height":1848},"lastScrollData":null}
&amp#27;[35m[HTTP]&amp#27;[39m &amp#27;[37m<-- GET /wd/hub/session/951857eb-976e-4ab6-a925-3362ff45aa31 &amp#27;[39m&amp#27;[32m200&amp#27;[39m &amp#27;[90m15 ms - 858&amp#27;[39m
&amp#27;[35m[HTTP]&amp#27;[39m &amp#27;[90m&amp#27;[39m
&amp#27;[35m[HTTP]&amp#27;[39m &amp#27;[37m-->&amp#27;[39m &amp#27;[37mPOST&amp#27;[39m &amp#27;[37m/wd/hub/session/951857eb-976e-4ab6-a925-3362ff45aa31/element&amp#27;[39m
&amp#27;[35m[HTTP]&amp#27;[39m &amp#27;[90m{"using":"xpath","value":"//android.widget.TextView[@content-desc=\"Pick Contact\"]"}&amp#27;[39m
[debug] &amp#27;[35m[W3C (951857eb)]&amp#27;[39m Calling AppiumDriver.findElement() with args: ["xpath","//android.widget.TextView[@content-desc=\"Pick Contact\"]","951857eb-976e-4ab6-a925-3362ff45aa31"]
[debug] &amp#27;[35m[BaseDriver]&amp#27;[39m Valid locator strategies for this request: xpath, id, class name, accessibility id, css selector, -android uiautomator
[debug] &amp#27;[35m[BaseDriver]&amp#27;[39m Waiting up to 10000 ms for condition
[debug] &amp#27;[35m[WD Proxy]&amp#27;[39m Matched '/element' to command name 'findElement'
[debug] &amp#27;[35m[WD Proxy]&amp#27;[39m Proxying [POST /element] to [POST http://127.0.0.1:8213/wd/hub/session/436fbe5e-5b82-4500-ad7b-01acbcb70fc5/element] with body: {"strategy":"xpath","selector":"//android.widget.TextView[@content-desc=\"Pick Contact\"]","context":"","multiple":false}
[debug] &amp#27;[35m[WD Proxy]&amp#27;[39m Got response with status 200: {"sessionId":"436fbe5e-5b82-4500-ad7b-01acbcb70fc5","value":{"ELEMENT":"227a921e-e446-4cdb-855f-551bf0db7412","element-6066-11e4-a52e-4f735466cecf":"227a921e-e446-4cdb-855f-551bf0db7412"}}
[debug] &amp#27;[35m[W3C (951857eb)]&amp#27;[39m Responding to client with driver.findElement() result: {"element-6066-11e4-a52e-4f735466cecf":"227a921e-e446-4cdb-855f-551bf0db7412","ELEMENT":"227a921e-e446-4cdb-855f-551bf0db7412"}
&amp#27;[35m[HTTP]&amp#27;[39m &amp#27;[37m<-- POST /wd/hub/session/951857eb-976e-4ab6-a925-3362ff45aa31/element &amp#27;[39m&amp#27;[32m200&amp#27;[39m &amp#27;[90m53 ms - 137&amp#27;[39m
&amp#27;[35m[HTTP]&amp#27;[39m &amp#27;[90m&amp#27;[39m
&amp#27;[35m[HTTP]&amp#27;[39m &amp#27;[37m-->&amp#27;[39m &amp#27;[37mPOST&amp#27;[39m &amp#27;[37m/wd/hub/session/951857eb-976e-4ab6-a925-3362ff45aa31/element/227a921e-e446-4cdb-855f-551bf0db7412/click&amp#27;[39m
&amp#27;[35m[HTTP]&amp#27;[39m &amp#27;[90m{"id":"227a921e-e446-4cdb-855f-551bf0db7412"}&amp#27;[39m
[debug] &amp#27;[35m[W3C (951857eb)]&amp#27;[39m Calling AppiumDriver.click() with args: ["227a921e-e446-4cdb-855f-551bf0db7412","951857eb-976e-4ab6-a925-3362ff45aa31"]
[debug] &amp#27;[35m[WD Proxy]&amp#27;[39m Matched '/element/227a921e-e446-4cdb-855f-551bf0db7412/click' to command name 'click'
[debug] &amp#27;[35m[WD Proxy]&amp#27;[39m Proxying [POST /element/227a921e-e446-4cdb-855f-551bf0db7412/click] to [POST http://127.0.0.1:8213/wd/hub/session/436fbe5e-5b82-4500-ad7b-01acbcb70fc5/element/227a921e-e446-4cdb-855f-551bf0db7412/click] with body: {"element":"227a921e-e446-4cdb-855f-551bf0db7412"}
[debug] &amp#27;[35m[WD Proxy]&amp#27;[39m Got response with status 200: {"sessionId":"436fbe5e-5b82-4500-ad7b-01acbcb70fc5","value":null}
[debug] &amp#27;[35m[W3C (951857eb)]&amp#27;[39m Responding to client with driver.click() result: null
&amp#27;[35m[HTTP]&amp#27;[39m &amp#27;[37m<-- POST /wd/hub/session/951857eb-976e-4ab6-a925-3362ff45aa31/element/227a921e-e446-4cdb-855f-551bf0db7412/click &amp#27;[39m&amp#27;[32m200&amp#27;[39m &amp#27;[90m1081 ms - 14&amp#27;[39m
&amp#27;[35m[HTTP]&amp#27;[39m &amp#27;[90m&amp#27;[39m
[INFO ] 2021-06-18 15:55:58.525 [main] ExplicitWait - Waiting for element to be visible: Located by By.chained({By.id: io.appium.android.apis:id/pick_contact})
[INFO ] 2021-06-18 15:55:58.526 [main] ExplicitWait - Waiting for element to be visible: Located by By.chained({By.id: io.appium.android.apis:id/pick_contact})
&amp#27;[35m[HTTP]&amp#27;[39m &amp#27;[37m-->&amp#27;[39m &amp#27;[37mPOST&amp#27;[39m &amp#27;[37m/wd/hub/session/951857eb-976e-4ab6-a925-3362ff45aa31/timeouts&amp#27;[39m
&amp#27;[35m[HTTP]&amp#27;[39m &amp#27;[90m{"implicit":0}&amp#27;[39m
[debug] &amp#27;[35m[W3C (951857eb)]&amp#27;[39m Calling AppiumDriver.timeouts() with args: [null,null,null,null,0,"951857eb-976e-4ab6-a925-3362ff45aa31"]
[debug] &amp#27;[35m[BaseDriver]&amp#27;[39m W3C timeout argument: {"implicit":0}}
[debug] &amp#27;[35m[BaseDriver]&amp#27;[39m Set implicit wait to 0ms
[debug] &amp#27;[35m[W3C (951857eb)]&amp#27;[39m Responding to client with driver.timeouts() result: null
&amp#27;[35m[HTTP]&amp#27;[39m &amp#27;[37m<-- POST /wd/hub/session/951857eb-976e-4ab6-a925-3362ff45aa31/timeouts &amp#27;[39m&amp#27;[32m200&amp#27;[39m &amp#27;[90m2 ms - 14&amp#27;[39m
&amp#27;[35m[HTTP]&amp#27;[39m &amp#27;[90m&amp#27;[39m
&amp#27;[35m[HTTP]&amp#27;[39m &amp#27;[37m-->&amp#27;[39m &amp#27;[37mGET&amp#27;[39m &amp#27;[37m/wd/hub/session/951857eb-976e-4ab6-a925-3362ff45aa31&amp#27;[39m
&amp#27;[35m[HTTP]&amp#27;[39m &amp#27;[90m{}&amp#27;[39m
[debug] &amp#27;[35m[W3C (951857eb)]&amp#27;[39m Calling AppiumDriver.getSession() with args: ["951857eb-976e-4ab6-a925-3362ff45aa31"]
[debug] &amp#27;[35m[UiAutomator2]&amp#27;[39m Getting session details from server to mix in
[debug] &amp#27;[35m[WD Proxy]&amp#27;[39m Matched '/' to command name 'getSession'
[debug] &amp#27;[35m[WD Proxy]&amp#27;[39m Proxying [GET /] to [GET http://127.0.0.1:8213/wd/hub/session/436fbe5e-5b82-4500-ad7b-01acbcb70fc5] with no body
[debug] &amp#27;[35m[WD Proxy]&amp#27;[39m Got response with status 200: {"sessionId":"436fbe5e-5b82-4500-ad7b-01acbcb70fc5","value":{"lastScrollData":null}}
[debug] &amp#27;[35m[W3C (951857eb)]&amp#27;[39m Responding to client with driver.getSession() result: {"platform":"LINUX","webStorageEnabled":false,"takesScreenshot":true,"javascriptEnabled":true,"databaseEnabled":false,"networkConnectionEnabled":true,"locationContextEnabled":false,"warnings":{},"desired":{"platformName":"android","app":"C:\\Users\\Anis\\eclipse-workspace\\Appium\\src\\ApiDemos-debug.apk","deviceName":"Redmi","newCommandTimeout":14},"platformName":"android","app":"C:\\Users\\Anis\\eclipse-workspace\\Appium\\src\\ApiDemos-debug.apk","deviceName":"55272e729804","newCommandTimeout":14,"deviceUDID":"55272e729804","appPackage":"io.appium.android.apis","deviceApiLevel":24,"platformVersion":"7.0","deviceScreenSize":"1080x1920","deviceScreenDensity":480,"deviceModel":"Redmi Note 4","deviceManufacturer":"Xiaomi","pixelRatio":3,"statBarHeight":72,"viewportRect":{"left":0,"top":72,"width":1080,"height":1848},"lastScrollData":null}
&amp#27;[35m[HTTP]&amp#27;[39m &amp#27;[37m<-- GET /wd/hub/session/951857eb-976e-4ab6-a925-3362ff45aa31 &amp#27;[39m&amp#27;[32m200&amp#27;[39m &amp#27;[90m14 ms - 858&amp#27;[39m
&amp#27;[35m[HTTP]&amp#27;[39m &amp#27;[90m&amp#27;[39m
&amp#27;[35m[HTTP]&amp#27;[39m &amp#27;[37m-->&amp#27;[39m &amp#27;[37mPOST&amp#27;[39m &amp#27;[37m/wd/hub/session/951857eb-976e-4ab6-a925-3362ff45aa31/element&amp#27;[39m
&amp#27;[35m[HTTP]&amp#27;[39m &amp#27;[90m{"using":"id","value":"io.appium.android.apis:id/pick_contact"}&amp#27;[39m
[debug] &amp#27;[35m[W3C (951857eb)]&amp#27;[39m Calling AppiumDriver.findElement() with args: ["id","io.appium.android.apis:id/pick_contact","951857eb-976e-4ab6-a925-3362ff45aa31"]
[debug] &amp#27;[35m[BaseDriver]&amp#27;[39m Valid locator strategies for this request: xpath, id, class name, accessibility id, css selector, -android uiautomator
[debug] &amp#27;[35m[BaseDriver]&amp#27;[39m Waiting up to 0 ms for condition
[debug] &amp#27;[35m[WD Proxy]&amp#27;[39m Matched '/element' to command name 'findElement'
[debug] &amp#27;[35m[WD Proxy]&amp#27;[39m Proxying [POST /element] to [POST http://127.0.0.1:8213/wd/hub/session/436fbe5e-5b82-4500-ad7b-01acbcb70fc5/element] with body: {"strategy":"id","selector":"io.appium.android.apis:id/pick_contact","context":"","multiple":false}
[debug] &amp#27;[35m[WD Proxy]&amp#27;[39m Got response with status 200: {"sessionId":"436fbe5e-5b82-4500-ad7b-01acbcb70fc5","value":{"ELEMENT":"92b4113a-85d2-4915-9f96-dc3531f78193","element-6066-11e4-a52e-4f735466cecf":"92b4113a-85d2-4915-9f96-dc3531f78193"}}
[debug] &amp#27;[35m[W3C (951857eb)]&amp#27;[39m Responding to client with driver.findElement() result: {"element-6066-11e4-a52e-4f735466cecf":"92b4113a-85d2-4915-9f96-dc3531f78193","ELEMENT":"92b4113a-85d2-4915-9f96-dc3531f78193"}
&amp#27;[35m[HTTP]&amp#27;[39m &amp#27;[37m<-- POST /wd/hub/session/951857eb-976e-4ab6-a925-3362ff45aa31/element &amp#27;[39m&amp#27;[32m200&amp#27;[39m &amp#27;[90m507 ms - 137&amp#27;[39m
&amp#27;[35m[HTTP]&amp#27;[39m &amp#27;[90m&amp#27;[39m
&amp#27;[35m[HTTP]&amp#27;[39m &amp#27;[37m-->&amp#27;[39m &amp#27;[37mGET&amp#27;[39m &amp#27;[37m/wd/hub/session/951857eb-976e-4ab6-a925-3362ff45aa31/element/92b4113a-85d2-4915-9f96-dc3531f78193/displayed&amp#27;[39m
&amp#27;[35m[HTTP]&amp#27;[39m &amp#27;[90m{}&amp#27;[39m
[debug] &amp#27;[35m[W3C (951857eb)]&amp#27;[39m Calling AppiumDriver.elementDisplayed() with args: ["92b4113a-85d2-4915-9f96-dc3531f78193","951857eb-976e-4ab6-a925-3362ff45aa31"]
[debug] &amp#27;[35m[WD Proxy]&amp#27;[39m Matched '/element/92b4113a-85d2-4915-9f96-dc3531f78193/attribute/displayed' to command name 'getAttribute'
[debug] &amp#27;[35m[WD Proxy]&amp#27;[39m Proxying [GET /element/92b4113a-85d2-4915-9f96-dc3531f78193/attribute/displayed] to [GET http://127.0.0.1:8213/wd/hub/session/436fbe5e-5b82-4500-ad7b-01acbcb70fc5/element/92b4113a-85d2-4915-9f96-dc3531f78193/attribute/displayed] with no body
[debug] &amp#27;[35m[WD Proxy]&amp#27;[39m Got response with status 200: {"sessionId":"436fbe5e-5b82-4500-ad7b-01acbcb70fc5","value":"true"}
[debug] &amp#27;[35m[W3C (951857eb)]&amp#27;[39m Responding to client with driver.elementDisplayed() result: true
&amp#27;[35m[HTTP]&amp#27;[39m &amp#27;[37m<-- GET /wd/hub/session/951857eb-976e-4ab6-a925-3362ff45aa31/element/92b4113a-85d2-4915-9f96-dc3531f78193/displayed &amp#27;[39m&amp#27;[32m200&amp#27;[39m &amp#27;[90m15 ms - 14&amp#27;[39m
&amp#27;[35m[HTTP]&amp#27;[39m &amp#27;[90m&amp#27;[39m
&amp#27;[35m[HTTP]&amp#27;[39m &amp#27;[37m-->&amp#27;[39m &amp#27;[37mPOST&amp#27;[39m &amp#27;[37m/wd/hub/session/951857eb-976e-4ab6-a925-3362ff45aa31/timeouts&amp#27;[39m
&amp#27;[35m[HTTP]&amp#27;[39m &amp#27;[90m{"implicit":10000}&amp#27;[39m
[debug] &amp#27;[35m[W3C (951857eb)]&amp#27;[39m Calling AppiumDriver.timeouts() with args: [null,null,null,null,10000,"951857eb-976e-4ab6-a925-3362ff45aa31"]
[debug] &amp#27;[35m[BaseDriver]&amp#27;[39m W3C timeout argument: {"implicit":10000}}
[debug] &amp#27;[35m[BaseDriver]&amp#27;[39m Set implicit wait to 10000ms
[debug] &amp#27;[35m[W3C (951857eb)]&amp#27;[39m Responding to client with driver.timeouts() result: null
&amp#27;[35m[HTTP]&amp#27;[39m &amp#27;[37m<-- POST /wd/hub/session/951857eb-976e-4ab6-a925-3362ff45aa31/timeouts &amp#27;[39m&amp#27;[32m200&amp#27;[39m &amp#27;[90m2 ms - 14&amp#27;[39m
&amp#27;[35m[HTTP]&amp#27;[39m &amp#27;[90m&amp#27;[39m
[INFO ] 2021-06-18 15:55:59.097 [main] Content - Clicks The Contact Button 
[INFO ] 2021-06-18 15:55:59.097 [main] ExplicitWait - Waiting for element to be clickable: Located by By.chained({By.id: io.appium.android.apis:id/pick_contact})
&amp#27;[35m[HTTP]&amp#27;[39m &amp#27;[37m-->&amp#27;[39m &amp#27;[37mPOST&amp#27;[39m &amp#27;[37m/wd/hub/session/951857eb-976e-4ab6-a925-3362ff45aa31/timeouts&amp#27;[39m
&amp#27;[35m[HTTP]&amp#27;[39m &amp#27;[90m{"implicit":0}&amp#27;[39m
[debug] &amp#27;[35m[W3C (951857eb)]&amp#27;[39m Calling AppiumDriver.timeouts() with args: [null,null,null,null,0,"951857eb-976e-4ab6-a925-3362ff45aa31"]
[debug] &amp#27;[35m[BaseDriver]&amp#27;[39m W3C timeout argument: {"implicit":0}}
[debug] &amp#27;[35m[BaseDriver]&amp#27;[39m Set implicit wait to 0ms
[debug] &amp#27;[35m[W3C (951857eb)]&amp#27;[39m Responding to client with driver.timeouts() result: null
&amp#27;[35m[HTTP]&amp#27;[39m &amp#27;[37m<-- POST /wd/hub/session/951857eb-976e-4ab6-a925-3362ff45aa31/timeouts &amp#27;[39m&amp#27;[32m200&amp#27;[39m &amp#27;[90m2 ms - 14&amp#27;[39m
&amp#27;[35m[HTTP]&amp#27;[39m &amp#27;[90m&amp#27;[39m
&amp#27;[35m[HTTP]&amp#27;[39m &amp#27;[37m-->&amp#27;[39m &amp#27;[37mGET&amp#27;[39m &amp#27;[37m/wd/hub/session/951857eb-976e-4ab6-a925-3362ff45aa31&amp#27;[39m
&amp#27;[35m[HTTP]&amp#27;[39m &amp#27;[90m{}&amp#27;[39m
[debug] &amp#27;[35m[W3C (951857eb)]&amp#27;[39m Calling AppiumDriver.getSession() with args: ["951857eb-976e-4ab6-a925-3362ff45aa31"]
[debug] &amp#27;[35m[UiAutomator2]&amp#27;[39m Getting session details from server to mix in
[debug] &amp#27;[35m[WD Proxy]&amp#27;[39m Matched '/' to command name 'getSession'
[debug] &amp#27;[35m[WD Proxy]&amp#27;[39m Proxying [GET /] to [GET http://127.0.0.1:8213/wd/hub/session/436fbe5e-5b82-4500-ad7b-01acbcb70fc5] with no body
[debug] &amp#27;[35m[WD Proxy]&amp#27;[39m Got response with status 200: {"sessionId":"436fbe5e-5b82-4500-ad7b-01acbcb70fc5","value":{"lastScrollData":null}}
[debug] &amp#27;[35m[W3C (951857eb)]&amp#27;[39m Responding to client with driver.getSession() result: {"platform":"LINUX","webStorageEnabled":false,"takesScreenshot":true,"javascriptEnabled":true,"databaseEnabled":false,"networkConnectionEnabled":true,"locationContextEnabled":false,"warnings":{},"desired":{"platformName":"android","app":"C:\\Users\\Anis\\eclipse-workspace\\Appium\\src\\ApiDemos-debug.apk","deviceName":"Redmi","newCommandTimeout":14},"platformName":"android","app":"C:\\Users\\Anis\\eclipse-workspace\\Appium\\src\\ApiDemos-debug.apk","deviceName":"55272e729804","newCommandTimeout":14,"deviceUDID":"55272e729804","appPackage":"io.appium.android.apis","deviceApiLevel":24,"platformVersion":"7.0","deviceScreenSize":"1080x1920","deviceScreenDensity":480,"deviceModel":"Redmi Note 4","deviceManufacturer":"Xiaomi","pixelRatio":3,"statBarHeight":72,"viewportRect":{"left":0,"top":72,"width":1080,"height":1848},"lastScrollData":null}
&amp#27;[35m[HTTP]&amp#27;[39m &amp#27;[37m<-- GET /wd/hub/session/951857eb-976e-4ab6-a925-3362ff45aa31 &amp#27;[39m&amp#27;[32m200&amp#27;[39m &amp#27;[90m9 ms - 858&amp#27;[39m
&amp#27;[35m[HTTP]&amp#27;[39m &amp#27;[90m&amp#27;[39m
&amp#27;[35m[HTTP]&amp#27;[39m &amp#27;[37m-->&amp#27;[39m &amp#27;[37mPOST&amp#27;[39m &amp#27;[37m/wd/hub/session/951857eb-976e-4ab6-a925-3362ff45aa31/element&amp#27;[39m
&amp#27;[35m[HTTP]&amp#27;[39m &amp#27;[90m{"using":"id","value":"io.appium.android.apis:id/pick_contact"}&amp#27;[39m
[debug] &amp#27;[35m[W3C (951857eb)]&amp#27;[39m Calling AppiumDriver.findElement() with args: ["id","io.appium.android.apis:id/pick_contact","951857eb-976e-4ab6-a925-3362ff45aa31"]
[debug] &amp#27;[35m[BaseDriver]&amp#27;[39m Valid locator strategies for this request: xpath, id, class name, accessibility id, css selector, -android uiautomator
[debug] &amp#27;[35m[BaseDriver]&amp#27;[39m Waiting up to 0 ms for condition
[debug] &amp#27;[35m[WD Proxy]&amp#27;[39m Matched '/element' to command name 'findElement'
[debug] &amp#27;[35m[WD Proxy]&amp#27;[39m Proxying [POST /element] to [POST http://127.0.0.1:8213/wd/hub/session/436fbe5e-5b82-4500-ad7b-01acbcb70fc5/element] with body: {"strategy":"id","selector":"io.appium.android.apis:id/pick_contact","context":"","multiple":false}
[debug] &amp#27;[35m[WD Proxy]&amp#27;[39m Got response with status 200: {"sessionId":"436fbe5e-5b82-4500-ad7b-01acbcb70fc5","value":{"ELEMENT":"82c3a768-895c-4e82-a885-d8763d4e9563","element-6066-11e4-a52e-4f735466cecf":"82c3a768-895c-4e82-a885-d8763d4e9563"}}
[debug] &amp#27;[35m[W3C (951857eb)]&amp#27;[39m Responding to client with driver.findElement() result: {"element-6066-11e4-a52e-4f735466cecf":"82c3a768-895c-4e82-a885-d8763d4e9563","ELEMENT":"82c3a768-895c-4e82-a885-d8763d4e9563"}
&amp#27;[35m[HTTP]&amp#27;[39m &amp#27;[37m<-- POST /wd/hub/session/951857eb-976e-4ab6-a925-3362ff45aa31/element &amp#27;[39m&amp#27;[32m200&amp#27;[39m &amp#27;[90m27 ms - 137&amp#27;[39m
&amp#27;[35m[HTTP]&amp#27;[39m &amp#27;[90m&amp#27;[39m
&amp#27;[35m[HTTP]&amp#27;[39m &amp#27;[37m-->&amp#27;[39m &amp#27;[37mGET&amp#27;[39m &amp#27;[37m/wd/hub/session/951857eb-976e-4ab6-a925-3362ff45aa31/element/82c3a768-895c-4e82-a885-d8763d4e9563/displayed&amp#27;[39m
&amp#27;[35m[HTTP]&amp#27;[39m &amp#27;[90m{}&amp#27;[39m
[debug] &amp#27;[35m[W3C (951857eb)]&amp#27;[39m Calling AppiumDriver.elementDisplayed() with args: ["82c3a768-895c-4e82-a885-d8763d4e9563","951857eb-976e-4ab6-a925-3362ff45aa31"]
[debug] &amp#27;[35m[WD Proxy]&amp#27;[39m Matched '/element/82c3a768-895c-4e82-a885-d8763d4e9563/attribute/displayed' to command name 'getAttribute'
[debug] &amp#27;[35m[WD Proxy]&amp#27;[39m Proxying [GET /element/82c3a768-895c-4e82-a885-d8763d4e9563/attribute/displayed] to [GET http://127.0.0.1:8213/wd/hub/session/436fbe5e-5b82-4500-ad7b-01acbcb70fc5/element/82c3a768-895c-4e82-a885-d8763d4e9563/attribute/displayed] with no body
[debug] &amp#27;[35m[WD Proxy]&amp#27;[39m Got response with status 200: {"sessionId":"436fbe5e-5b82-4500-ad7b-01acbcb70fc5","value":"true"}
[debug] &amp#27;[35m[W3C (951857eb)]&amp#27;[39m Responding to client with driver.elementDisplayed() result: true
&amp#27;[35m[HTTP]&amp#27;[39m &amp#27;[37m<-- GET /wd/hub/session/951857eb-976e-4ab6-a925-3362ff45aa31/element/82c3a768-895c-4e82-a885-d8763d4e9563/displayed &amp#27;[39m&amp#27;[32m200&amp#27;[39m &amp#27;[90m13 ms - 14&amp#27;[39m
&amp#27;[35m[HTTP]&amp#27;[39m &amp#27;[90m&amp#27;[39m
&amp#27;[35m[HTTP]&amp#27;[39m &amp#27;[37m-->&amp#27;[39m &amp#27;[37mGET&amp#27;[39m &amp#27;[37m/wd/hub/session/951857eb-976e-4ab6-a925-3362ff45aa31&amp#27;[39m
&amp#27;[35m[HTTP]&amp#27;[39m &amp#27;[90m{}&amp#27;[39m
[debug] &amp#27;[35m[W3C (951857eb)]&amp#27;[39m Calling AppiumDriver.getSession() with args: ["951857eb-976e-4ab6-a925-3362ff45aa31"]
[debug] &amp#27;[35m[UiAutomator2]&amp#27;[39m Getting session details from server to mix in
[debug] &amp#27;[35m[WD Proxy]&amp#27;[39m Matched '/' to command name 'getSession'
[debug] &amp#27;[35m[WD Proxy]&amp#27;[39m Proxying [GET /] to [GET http://127.0.0.1:8213/wd/hub/session/436fbe5e-5b82-4500-ad7b-01acbcb70fc5] with no body
[debug] &amp#27;[35m[WD Proxy]&amp#27;[39m Got response with status 200: {"sessionId":"436fbe5e-5b82-4500-ad7b-01acbcb70fc5","value":{"lastScrollData":null}}
[debug] &amp#27;[35m[W3C (951857eb)]&amp#27;[39m Responding to client with driver.getSession() result: {"platform":"LINUX","webStorageEnabled":false,"takesScreenshot":true,"javascriptEnabled":true,"databaseEnabled":false,"networkConnectionEnabled":true,"locationContextEnabled":false,"warnings":{},"desired":{"platformName":"android","app":"C:\\Users\\Anis\\eclipse-workspace\\Appium\\src\\ApiDemos-debug.apk","deviceName":"Redmi","newCommandTimeout":14},"platformName":"android","app":"C:\\Users\\Anis\\eclipse-workspace\\Appium\\src\\ApiDemos-debug.apk","deviceName":"55272e729804","newCommandTimeout":14,"deviceUDID":"55272e729804","appPackage":"io.appium.android.apis","deviceApiLevel":24,"platformVersion":"7.0","deviceScreenSize":"1080x1920","deviceScreenDensity":480,"deviceModel":"Redmi Note 4","deviceManufacturer":"Xiaomi","pixelRatio":3,"statBarHeight":72,"viewportRect":{"left":0,"top":72,"width":1080,"height":1848},"lastScrollData":null}
&amp#27;[35m[HTTP]&amp#27;[39m &amp#27;[37m<-- GET /wd/hub/session/951857eb-976e-4ab6-a925-3362ff45aa31 &amp#27;[39m&amp#27;[32m200&amp#27;[39m &amp#27;[90m10 ms - 858&amp#27;[39m
&amp#27;[35m[HTTP]&amp#27;[39m &amp#27;[90m&amp#27;[39m
&amp#27;[35m[HTTP]&amp#27;[39m &amp#27;[37m-->&amp#27;[39m &amp#27;[37mPOST&amp#27;[39m &amp#27;[37m/wd/hub/session/951857eb-976e-4ab6-a925-3362ff45aa31/element&amp#27;[39m
&amp#27;[35m[HTTP]&amp#27;[39m &amp#27;[90m{"using":"id","value":"io.appium.android.apis:id/pick_contact"}&amp#27;[39m
[debug] &amp#27;[35m[W3C (951857eb)]&amp#27;[39m Calling AppiumDriver.findElement() with args: ["id","io.appium.android.apis:id/pick_contact","951857eb-976e-4ab6-a925-3362ff45aa31"]
[debug] &amp#27;[35m[BaseDriver]&amp#27;[39m Valid locator strategies for this request: xpath, id, class name, accessibility id, css selector, -android uiautomator
[debug] &amp#27;[35m[BaseDriver]&amp#27;[39m Waiting up to 0 ms for condition
[debug] &amp#27;[35m[WD Proxy]&amp#27;[39m Matched '/element' to command name 'findElement'
[debug] &amp#27;[35m[WD Proxy]&amp#27;[39m Proxying [POST /element] to [POST http://127.0.0.1:8213/wd/hub/session/436fbe5e-5b82-4500-ad7b-01acbcb70fc5/element] with body: {"strategy":"id","selector":"io.appium.android.apis:id/pick_contact","context":"","multiple":false}
[debug] &amp#27;[35m[WD Proxy]&amp#27;[39m Got response with status 200: {"sessionId":"436fbe5e-5b82-4500-ad7b-01acbcb70fc5","value":{"ELEMENT":"6b521606-f4a7-4d11-9993-c0f895a1bfb3","element-6066-11e4-a52e-4f735466cecf":"6b521606-f4a7-4d11-9993-c0f895a1bfb3"}}
[debug] &amp#27;[35m[W3C (951857eb)]&amp#27;[39m Responding to client with driver.findElement() result: {"element-6066-11e4-a52e-4f735466cecf":"6b521606-f4a7-4d11-9993-c0f895a1bfb3","ELEMENT":"6b521606-f4a7-4d11-9993-c0f895a1bfb3"}
&amp#27;[35m[HTTP]&amp#27;[39m &amp#27;[37m<-- POST /wd/hub/session/951857eb-976e-4ab6-a925-3362ff45aa31/element &amp#27;[39m&amp#27;[32m200&amp#27;[39m &amp#27;[90m19 ms - 137&amp#27;[39m
&amp#27;[35m[HTTP]&amp#27;[39m &amp#27;[90m&amp#27;[39m
&amp#27;[35m[HTTP]&amp#27;[39m &amp#27;[37m-->&amp#27;[39m &amp#27;[37mGET&amp#27;[39m &amp#27;[37m/wd/hub/session/951857eb-976e-4ab6-a925-3362ff45aa31/element/6b521606-f4a7-4d11-9993-c0f895a1bfb3/enabled&amp#27;[39m
&amp#27;[35m[HTTP]&amp#27;[39m &amp#27;[90m{}&amp#27;[39m
[debug] &amp#27;[35m[W3C (951857eb)]&amp#27;[39m Calling AppiumDriver.elementEnabled() with args: ["6b521606-f4a7-4d11-9993-c0f895a1bfb3","951857eb-976e-4ab6-a925-3362ff45aa31"]
[debug] &amp#27;[35m[WD Proxy]&amp#27;[39m Matched '/element/6b521606-f4a7-4d11-9993-c0f895a1bfb3/attribute/enabled' to command name 'getAttribute'
[debug] &amp#27;[35m[WD Proxy]&amp#27;[39m Proxying [GET /element/6b521606-f4a7-4d11-9993-c0f895a1bfb3/attribute/enabled] to [GET http://127.0.0.1:8213/wd/hub/session/436fbe5e-5b82-4500-ad7b-01acbcb70fc5/element/6b521606-f4a7-4d11-9993-c0f895a1bfb3/attribute/enabled] with no body
[debug] &amp#27;[35m[WD Proxy]&amp#27;[39m Got response with status 200: {"sessionId":"436fbe5e-5b82-4500-ad7b-01acbcb70fc5","value":"true"}
[debug] &amp#27;[35m[W3C (951857eb)]&amp#27;[39m Responding to client with driver.elementEnabled() result: true
&amp#27;[35m[HTTP]&amp#27;[39m &amp#27;[37m<-- GET /wd/hub/session/951857eb-976e-4ab6-a925-3362ff45aa31/element/6b521606-f4a7-4d11-9993-c0f895a1bfb3/enabled &amp#27;[39m&amp#27;[32m200&amp#27;[39m &amp#27;[90m15 ms - 14&amp#27;[39m
&amp#27;[35m[HTTP]&amp#27;[39m &amp#27;[90m&amp#27;[39m
&amp#27;[35m[HTTP]&amp#27;[39m &amp#27;[37m-->&amp#27;[39m &amp#27;[37mPOST&amp#27;[39m &amp#27;[37m/wd/hub/session/951857eb-976e-4ab6-a925-3362ff45aa31/timeouts&amp#27;[39m
&amp#27;[35m[HTTP]&amp#27;[39m &amp#27;[90m{"implicit":10000}&amp#27;[39m
[debug] &amp#27;[35m[W3C (951857eb)]&amp#27;[39m Calling AppiumDriver.timeouts() with args: [null,null,null,null,10000,"951857eb-976e-4ab6-a925-3362ff45aa31"]
[debug] &amp#27;[35m[BaseDriver]&amp#27;[39m W3C timeout argument: {"implicit":10000}}
[debug] &amp#27;[35m[BaseDriver]&amp#27;[39m Set implicit wait to 10000ms
[debug] &amp#27;[35m[W3C (951857eb)]&amp#27;[39m Responding to client with driver.timeouts() result: null
&amp#27;[35m[HTTP]&amp#27;[39m &amp#27;[37m<-- POST /wd/hub/session/951857eb-976e-4ab6-a925-3362ff45aa31/timeouts &amp#27;[39m&amp#27;[32m200&amp#27;[39m &amp#27;[90m2 ms - 14&amp#27;[39m
&amp#27;[35m[HTTP]&amp#27;[39m &amp#27;[90m&amp#27;[39m
&amp#27;[35m[HTTP]&amp#27;[39m &amp#27;[37m-->&amp#27;[39m &amp#27;[37mGET&amp#27;[39m &amp#27;[37m/wd/hub/session/951857eb-976e-4ab6-a925-3362ff45aa31&amp#27;[39m
&amp#27;[35m[HTTP]&amp#27;[39m &amp#27;[90m{}&amp#27;[39m
[debug] &amp#27;[35m[W3C (951857eb)]&amp#27;[39m Calling AppiumDriver.getSession() with args: ["951857eb-976e-4ab6-a925-3362ff45aa31"]
[debug] &amp#27;[35m[UiAutomator2]&amp#27;[39m Getting session details from server to mix in
[debug] &amp#27;[35m[WD Proxy]&amp#27;[39m Matched '/' to command name 'getSession'
[debug] &amp#27;[35m[WD Proxy]&amp#27;[39m Proxying [GET /] to [GET http://127.0.0.1:8213/wd/hub/session/436fbe5e-5b82-4500-ad7b-01acbcb70fc5] with no body
[debug] &amp#27;[35m[WD Proxy]&amp#27;[39m Got response with status 200: {"sessionId":"436fbe5e-5b82-4500-ad7b-01acbcb70fc5","value":{"lastScrollData":null}}
[debug] &amp#27;[35m[W3C (951857eb)]&amp#27;[39m Responding to client with driver.getSession() result: {"platform":"LINUX","webStorageEnabled":false,"takesScreenshot":true,"javascriptEnabled":true,"databaseEnabled":false,"networkConnectionEnabled":true,"locationContextEnabled":false,"warnings":{},"desired":{"platformName":"android","app":"C:\\Users\\Anis\\eclipse-workspace\\Appium\\src\\ApiDemos-debug.apk","deviceName":"Redmi","newCommandTimeout":14},"platformName":"android","app":"C:\\Users\\Anis\\eclipse-workspace\\Appium\\src\\ApiDemos-debug.apk","deviceName":"55272e729804","newCommandTimeout":14,"deviceUDID":"55272e729804","appPackage":"io.appium.android.apis","deviceApiLevel":24,"platformVersion":"7.0","deviceScreenSize":"1080x1920","deviceScreenDensity":480,"deviceModel":"Redmi Note 4","deviceManufacturer":"Xiaomi","pixelRatio":3,"statBarHeight":72,"viewportRect":{"left":0,"top":72,"width":1080,"height":1848},"lastScrollData":null}
&amp#27;[35m[HTTP]&amp#27;[39m &amp#27;[37m<-- GET /wd/hub/session/951857eb-976e-4ab6-a925-3362ff45aa31 &amp#27;[39m&amp#27;[32m200&amp#27;[39m &amp#27;[90m10 ms - 858&amp#27;[39m
&amp#27;[35m[HTTP]&amp#27;[39m &amp#27;[90m&amp#27;[39m
&amp#27;[35m[HTTP]&amp#27;[39m &amp#27;[37m-->&amp#27;[39m &amp#27;[37mPOST&amp#27;[39m &amp#27;[37m/wd/hub/session/951857eb-976e-4ab6-a925-3362ff45aa31/element&amp#27;[39m
&amp#27;[35m[HTTP]&amp#27;[39m &amp#27;[90m{"using":"id","value":"io.appium.android.apis:id/pick_contact"}&amp#27;[39m
[debug] &amp#27;[35m[W3C (951857eb)]&amp#27;[39m Calling AppiumDriver.findElement() with args: ["id","io.appium.android.apis:id/pick_contact","951857eb-976e-4ab6-a925-3362ff45aa31"]
[debug] &amp#27;[35m[BaseDriver]&amp#27;[39m Valid locator strategies for this request: xpath, id, class name, accessibility id, css selector, -android uiautomator
[debug] &amp#27;[35m[BaseDriver]&amp#27;[39m Waiting up to 10000 ms for condition
[debug] &amp#27;[35m[WD Proxy]&amp#27;[39m Matched '/element' to command name 'findElement'
[debug] &amp#27;[35m[WD Proxy]&amp#27;[39m Proxying [POST /element] to [POST http://127.0.0.1:8213/wd/hub/session/436fbe5e-5b82-4500-ad7b-01acbcb70fc5/element] with body: {"strategy":"id","selector":"io.appium.android.apis:id/pick_contact","context":"","multiple":false}
[debug] &amp#27;[35m[WD Proxy]&amp#27;[39m Got response with status 200: {"sessionId":"436fbe5e-5b82-4500-ad7b-01acbcb70fc5","value":{"ELEMENT":"e5177757-3aba-4378-9379-9e29dab1393f","element-6066-11e4-a52e-4f735466cecf":"e5177757-3aba-4378-9379-9e29dab1393f"}}
[debug] &amp#27;[35m[W3C (951857eb)]&amp#27;[39m Responding to client with driver.findElement() result: {"element-6066-11e4-a52e-4f735466cecf":"e5177757-3aba-4378-9379-9e29dab1393f","ELEMENT":"e5177757-3aba-4378-9379-9e29dab1393f"}
&amp#27;[35m[HTTP]&amp#27;[39m &amp#27;[37m<-- POST /wd/hub/session/951857eb-976e-4ab6-a925-3362ff45aa31/element &amp#27;[39m&amp#27;[32m200&amp#27;[39m &amp#27;[90m19 ms - 137&amp#27;[39m
&amp#27;[35m[HTTP]&amp#27;[39m &amp#27;[90m&amp#27;[39m
&amp#27;[35m[HTTP]&amp#27;[39m &amp#27;[37m-->&amp#27;[39m &amp#27;[37mPOST&amp#27;[39m &amp#27;[37m/wd/hub/session/951857eb-976e-4ab6-a925-3362ff45aa31/element/e5177757-3aba-4378-9379-9e29dab1393f/click&amp#27;[39m
&amp#27;[35m[HTTP]&amp#27;[39m &amp#27;[90m{"id":"e5177757-3aba-4378-9379-9e29dab1393f"}&amp#27;[39m
[debug] &amp#27;[35m[W3C (951857eb)]&amp#27;[39m Calling AppiumDriver.click() with args: ["e5177757-3aba-4378-9379-9e29dab1393f","951857eb-976e-4ab6-a925-3362ff45aa31"]
[debug] &amp#27;[35m[WD Proxy]&amp#27;[39m Matched '/element/e5177757-3aba-4378-9379-9e29dab1393f/click' to command name 'click'
[debug] &amp#27;[35m[WD Proxy]&amp#27;[39m Proxying [POST /element/e5177757-3aba-4378-9379-9e29dab1393f/click] to [POST http://127.0.0.1:8213/wd/hub/session/436fbe5e-5b82-4500-ad7b-01acbcb70fc5/element/e5177757-3aba-4378-9379-9e29dab1393f/click] with body: {"element":"e5177757-3aba-4378-9379-9e29dab1393f"}
[debug] &amp#27;[35m[WD Proxy]&amp#27;[39m Got response with status 200: {"sessionId":"436fbe5e-5b82-4500-ad7b-01acbcb70fc5","value":null}
[debug] &amp#27;[35m[W3C (951857eb)]&amp#27;[39m Responding to client with driver.click() result: null
&amp#27;[35m[HTTP]&amp#27;[39m &amp#27;[37m<-- POST /wd/hub/session/951857eb-976e-4ab6-a925-3362ff45aa31/element/e5177757-3aba-4378-9379-9e29dab1393f/click &amp#27;[39m&amp#27;[32m200&amp#27;[39m &amp#27;[90m35 ms - 14&amp#27;[39m
&amp#27;[35m[HTTP]&amp#27;[39m &amp#27;[90m&amp#27;[39m
[INFO ] 2021-06-18 15:55:59.348 [main] ExplicitWait - Waiting for element to be visible: Located by By.chained({By.xpath: //*[contains(@text,'Choose a contact')]})
[INFO ] 2021-06-18 15:55:59.348 [main] ExplicitWait - Waiting for element to be visible: Located by By.chained({By.xpath: //*[contains(@text,'Choose a contact')]})
&amp#27;[35m[HTTP]&amp#27;[39m &amp#27;[37m-->&amp#27;[39m &amp#27;[37mPOST&amp#27;[39m &amp#27;[37m/wd/hub/session/951857eb-976e-4ab6-a925-3362ff45aa31/timeouts&amp#27;[39m
&amp#27;[35m[HTTP]&amp#27;[39m &amp#27;[90m{"implicit":0}&amp#27;[39m
[debug] &amp#27;[35m[W3C (951857eb)]&amp#27;[39m Calling AppiumDriver.timeouts() with args: [null,null,null,null,0,"951857eb-976e-4ab6-a925-3362ff45aa31"]
[debug] &amp#27;[35m[BaseDriver]&amp#27;[39m W3C timeout argument: {"implicit":0}}
[debug] &amp#27;[35m[BaseDriver]&amp#27;[39m Set implicit wait to 0ms
[debug] &amp#27;[35m[W3C (951857eb)]&amp#27;[39m Responding to client with driver.timeouts() result: null
&amp#27;[35m[HTTP]&amp#27;[39m &amp#27;[37m<-- POST /wd/hub/session/951857eb-976e-4ab6-a925-3362ff45aa31/timeouts &amp#27;[39m&amp#27;[32m200&amp#27;[39m &amp#27;[90m2 ms - 14&amp#27;[39m
&amp#27;[35m[HTTP]&amp#27;[39m &amp#27;[90m&amp#27;[39m
&amp#27;[35m[HTTP]&amp#27;[39m &amp#27;[37m-->&amp#27;[39m &amp#27;[37mGET&amp#27;[39m &amp#27;[37m/wd/hub/session/951857eb-976e-4ab6-a925-3362ff45aa31&amp#27;[39m
&amp#27;[35m[HTTP]&amp#27;[39m &amp#27;[90m{}&amp#27;[39m
[debug] &amp#27;[35m[W3C (951857eb)]&amp#27;[39m Calling AppiumDriver.getSession() with args: ["951857eb-976e-4ab6-a925-3362ff45aa31"]
[debug] &amp#27;[35m[UiAutomator2]&amp#27;[39m Getting session details from server to mix in
[debug] &amp#27;[35m[WD Proxy]&amp#27;[39m Matched '/' to command name 'getSession'
[debug] &amp#27;[35m[WD Proxy]&amp#27;[39m Proxying [GET /] to [GET http://127.0.0.1:8213/wd/hub/session/436fbe5e-5b82-4500-ad7b-01acbcb70fc5] with no body
[debug] &amp#27;[35m[WD Proxy]&amp#27;[39m Got response with status 200: {"sessionId":"436fbe5e-5b82-4500-ad7b-01acbcb70fc5","value":{"lastScrollData":null}}
[debug] &amp#27;[35m[W3C (951857eb)]&amp#27;[39m Responding to client with driver.getSession() result: {"platform":"LINUX","webStorageEnabled":false,"takesScreenshot":true,"javascriptEnabled":true,"databaseEnabled":false,"networkConnectionEnabled":true,"locationContextEnabled":false,"warnings":{},"desired":{"platformName":"android","app":"C:\\Users\\Anis\\eclipse-workspace\\Appium\\src\\ApiDemos-debug.apk","deviceName":"Redmi","newCommandTimeout":14},"platformName":"android","app":"C:\\Users\\Anis\\eclipse-workspace\\Appium\\src\\ApiDemos-debug.apk","deviceName":"55272e729804","newCommandTimeout":14,"deviceUDID":"55272e729804","appPackage":"io.appium.android.apis","deviceApiLevel":24,"platformVersion":"7.0","deviceScreenSize":"1080x1920","deviceScreenDensity":480,"deviceModel":"Redmi Note 4","deviceManufacturer":"Xiaomi","pixelRatio":3,"statBarHeight":72,"viewportRect":{"left":0,"top":72,"width":1080,"height":1848},"lastScrollData":null}
&amp#27;[35m[HTTP]&amp#27;[39m &amp#27;[37m<-- GET /wd/hub/session/951857eb-976e-4ab6-a925-3362ff45aa31 &amp#27;[39m&amp#27;[32m200&amp#27;[39m &amp#27;[90m14 ms - 858&amp#27;[39m
&amp#27;[35m[HTTP]&amp#27;[39m &amp#27;[90m&amp#27;[39m
&amp#27;[35m[HTTP]&amp#27;[39m &amp#27;[37m-->&amp#27;[39m &amp#27;[37mPOST&amp#27;[39m &amp#27;[37m/wd/hub/session/951857eb-976e-4ab6-a925-3362ff45aa31/element&amp#27;[39m
&amp#27;[35m[HTTP]&amp#27;[39m &amp#27;[90m{"using":"xpath","value":"//*[contains(@text,'Choose a contact')]"}&amp#27;[39m
[debug] &amp#27;[35m[W3C (951857eb)]&amp#27;[39m Calling AppiumDriver.findElement() with args: ["xpath","//*[contains(@text,'Choose a contact')]","951857eb-976e-4ab6-a925-3362ff45aa31"]
[debug] &amp#27;[35m[BaseDriver]&amp#27;[39m Valid locator strategies for this request: xpath, id, class name, accessibility id, css selector, -android uiautomator
[debug] &amp#27;[35m[BaseDriver]&amp#27;[39m Waiting up to 0 ms for condition
[debug] &amp#27;[35m[WD Proxy]&amp#27;[39m Matched '/element' to command name 'findElement'
[debug] &amp#27;[35m[WD Proxy]&amp#27;[39m Proxying [POST /element] to [POST http://127.0.0.1:8213/wd/hub/session/436fbe5e-5b82-4500-ad7b-01acbcb70fc5/element] with body: {"strategy":"xpath","selector":"//*[contains(@text,'Choose a contact')]","context":"","multiple":false}
&amp#27;[35m[WD Proxy]&amp#27;[39m Got response with status 404: {"sessionId":"436fbe5e-5b82-4500-ad7b-01acbcb70fc5","value":{"error":"no such element","message":"An element could not be located on the page using the given search parameters","stacktrace":"io.appium.uiautomator2.common.exceptions.ElementNotFoundException: An element could not be located on the page using the given search parameters\n\tat io.appium.uiautomator2.handler.FindElement.findElement(FindElement.java:89)\n\tat io.appium.uiautomator2.handler.FindElement.safeHandle(FindElement.java:66)\n\tat io.appium.uiautomator2.handler.request.SafeRequestHandler.handle(SafeRequestHandler.java:41)\n\tat io.appium.uiautomator2.server.AppiumServlet.handleRequest(AppiumServlet.java:262)\n\tat io.appium.uiautomator2.server.AppiumServlet.handleHttpRequest(AppiumServlet.java:256)\n\tat io.appium.uiautomator2.http.ServerHandler.channelRead(ServerHandler.java:68)\n\tat io.netty.channel.AbstractChannelHandlerContext.invokeChannelRead(AbstractChannelHandlerContext.java:366)\n\tat io.netty.channel.AbstractChannelHandlerCont...
[debug] &amp#27;[35m[W3C]&amp#27;[39m Matched W3C error code 'no such element' to NoSuchElementError
[debug] &amp#27;[35m[W3C (951857eb)]&amp#27;[39m Encountered internal error running command: NoSuchElementError: An element could not be located on the page using the given search parameters.
[debug] &amp#27;[35m[W3C (951857eb)]&amp#27;[39m     at AndroidUiautomator2Driver.findElOrEls (C:\Users\Anis\AppData\Roaming\npm\node_modules\appium\node_modules\appium-android-driver\lib\commands\find.js:75:11)
[debug] &amp#27;[35m[W3C (951857eb)]&amp#27;[39m     at runMicrotasks (<anonymous>)
[debug] &amp#27;[35m[W3C (951857eb)]&amp#27;[39m     at processTicksAndRejections (internal/process/task_queues.js:93:5)
[debug] &amp#27;[35m[W3C (951857eb)]&amp#27;[39m     at AndroidUiautomator2Driver.findElOrElsWithProcessing (C:\Users\Anis\AppData\Roaming\npm\node_modules\appium\node_modules\appium-base-driver\lib\basedriver\commands\find.js:33:12)
[debug] &amp#27;[35m[W3C (951857eb)]&amp#27;[39m     at AndroidUiautomator2Driver.findElement (C:\Users\Anis\AppData\Roaming\npm\node_modules\appium\node_modules\appium-base-driver\lib\basedriver\commands\find.js:53:10)
&amp#27;[35m[HTTP]&amp#27;[39m &amp#27;[37m<-- POST /wd/hub/session/951857eb-976e-4ab6-a925-3362ff45aa31/element &amp#27;[39m&amp#27;[33m404&amp#27;[39m &amp#27;[90m39 ms - 911&amp#27;[39m
&amp#27;[35m[HTTP]&amp#27;[39m &amp#27;[90m&amp#27;[39m
&amp#27;[35m[HTTP]&amp#27;[39m &amp#27;[37m-->&amp#27;[39m &amp#27;[37mPOST&amp#27;[39m &amp#27;[37m/wd/hub/session/951857eb-976e-4ab6-a925-3362ff45aa31/element&amp#27;[39m
&amp#27;[35m[HTTP]&amp#27;[39m &amp#27;[90m{"using":"xpath","value":"//*[contains(@text,'Choose a contact')]"}&amp#27;[39m
[debug] &amp#27;[35m[W3C (951857eb)]&amp#27;[39m Calling AppiumDriver.findElement() with args: ["xpath","//*[contains(@text,'Choose a contact')]","951857eb-976e-4ab6-a925-3362ff45aa31"]
[debug] &amp#27;[35m[BaseDriver]&amp#27;[39m Valid locator strategies for this request: xpath, id, class name, accessibility id, css selector, -android uiautomator
[debug] &amp#27;[35m[BaseDriver]&amp#27;[39m Waiting up to 0 ms for condition
[debug] &amp#27;[35m[WD Proxy]&amp#27;[39m Matched '/element' to command name 'findElement'
[debug] &amp#27;[35m[WD Proxy]&amp#27;[39m Proxying [POST /element] to [POST http://127.0.0.1:8213/wd/hub/session/436fbe5e-5b82-4500-ad7b-01acbcb70fc5/element] with body: {"strategy":"xpath","selector":"//*[contains(@text,'Choose a contact')]","context":"","multiple":false}
[debug] &amp#27;[35m[WD Proxy]&amp#27;[39m Got response with status 200: {"sessionId":"436fbe5e-5b82-4500-ad7b-01acbcb70fc5","value":{"ELEMENT":"83b552a0-4d95-4d48-ac5a-1dca968c1e79","element-6066-11e4-a52e-4f735466cecf":"83b552a0-4d95-4d48-ac5a-1dca968c1e79"}}
[debug] &amp#27;[35m[W3C (951857eb)]&amp#27;[39m Responding to client with driver.findElement() result: {"element-6066-11e4-a52e-4f735466cecf":"83b552a0-4d95-4d48-ac5a-1dca968c1e79","ELEMENT":"83b552a0-4d95-4d48-ac5a-1dca968c1e79"}
&amp#27;[35m[HTTP]&amp#27;[39m &amp#27;[37m<-- POST /wd/hub/session/951857eb-976e-4ab6-a925-3362ff45aa31/element &amp#27;[39m&amp#27;[32m200&amp#27;[39m &amp#27;[90m2629 ms - 137&amp#27;[39m
&amp#27;[35m[HTTP]&amp#27;[39m &amp#27;[90m&amp#27;[39m
&amp#27;[35m[HTTP]&amp#27;[39m &amp#27;[37m-->&amp#27;[39m &amp#27;[37mGET&amp#27;[39m &amp#27;[37m/wd/hub/session/951857eb-976e-4ab6-a925-3362ff45aa31/element/83b552a0-4d95-4d48-ac5a-1dca968c1e79/displayed&amp#27;[39m
&amp#27;[35m[HTTP]&amp#27;[39m &amp#27;[90m{}&amp#27;[39m
[debug] &amp#27;[35m[W3C (951857eb)]&amp#27;[39m Calling AppiumDriver.elementDisplayed() with args: ["83b552a0-4d95-4d48-ac5a-1dca968c1e79","951857eb-976e-4ab6-a925-3362ff45aa31"]
[debug] &amp#27;[35m[WD Proxy]&amp#27;[39m Matched '/element/83b552a0-4d95-4d48-ac5a-1dca968c1e79/attribute/displayed' to command name 'getAttribute'
[debug] &amp#27;[35m[WD Proxy]&amp#27;[39m Proxying [GET /element/83b552a0-4d95-4d48-ac5a-1dca968c1e79/attribute/displayed] to [GET http://127.0.0.1:8213/wd/hub/session/436fbe5e-5b82-4500-ad7b-01acbcb70fc5/element/83b552a0-4d95-4d48-ac5a-1dca968c1e79/attribute/displayed] with no body
[debug] &amp#27;[35m[WD Proxy]&amp#27;[39m Got response with status 200: {"sessionId":"436fbe5e-5b82-4500-ad7b-01acbcb70fc5","value":"true"}
[debug] &amp#27;[35m[W3C (951857eb)]&amp#27;[39m Responding to client with driver.elementDisplayed() result: true
&amp#27;[35m[HTTP]&amp#27;[39m &amp#27;[37m<-- GET /wd/hub/session/951857eb-976e-4ab6-a925-3362ff45aa31/element/83b552a0-4d95-4d48-ac5a-1dca968c1e79/displayed &amp#27;[39m&amp#27;[32m200&amp#27;[39m &amp#27;[90m512 ms - 14&amp#27;[39m
&amp#27;[35m[HTTP]&amp#27;[39m &amp#27;[90m&amp#27;[39m
&amp#27;[35m[HTTP]&amp#27;[39m &amp#27;[37m-->&amp#27;[39m &amp#27;[37mPOST&amp#27;[39m &amp#27;[37m/wd/hub/session/951857eb-976e-4ab6-a925-3362ff45aa31/timeouts&amp#27;[39m
&amp#27;[35m[HTTP]&amp#27;[39m &amp#27;[90m{"implicit":10000}&amp#27;[39m
[debug] &amp#27;[35m[W3C (951857eb)]&amp#27;[39m Calling AppiumDriver.timeouts() with args: [null,null,null,null,10000,"951857eb-976e-4ab6-a925-3362ff45aa31"]
[debug] &amp#27;[35m[BaseDriver]&amp#27;[39m W3C timeout argument: {"implicit":10000}}
[debug] &amp#27;[35m[BaseDriver]&amp#27;[39m Set implicit wait to 10000ms
[debug] &amp#27;[35m[W3C (951857eb)]&amp#27;[39m Responding to client with driver.timeouts() result: null
&amp#27;[35m[HTTP]&amp#27;[39m &amp#27;[37m<-- POST /wd/hub/session/951857eb-976e-4ab6-a925-3362ff45aa31/timeouts &amp#27;[39m&amp#27;[32m200&amp#27;[39m &amp#27;[90m2 ms - 14&amp#27;[39m
&amp#27;[35m[HTTP]&amp#27;[39m &amp#27;[90m&amp#27;[39m
[INFO ] 2021-06-18 15:56:03.121 [main] Content - Clicks The Choose Contact
[INFO ] 2021-06-18 15:56:03.122 [main] ExplicitWait - Waiting for element to be clickable: Located by By.chained({By.xpath: //*[contains(@text,'Choose a contact')]})
&amp#27;[35m[HTTP]&amp#27;[39m &amp#27;[37m-->&amp#27;[39m &amp#27;[37mPOST&amp#27;[39m &amp#27;[37m/wd/hub/session/951857eb-976e-4ab6-a925-3362ff45aa31/timeouts&amp#27;[39m
&amp#27;[35m[HTTP]&amp#27;[39m &amp#27;[90m{"implicit":0}&amp#27;[39m
[debug] &amp#27;[35m[W3C (951857eb)]&amp#27;[39m Calling AppiumDriver.timeouts() with args: [null,null,null,null,0,"951857eb-976e-4ab6-a925-3362ff45aa31"]
[debug] &amp#27;[35m[BaseDriver]&amp#27;[39m W3C timeout argument: {"implicit":0}}
[debug] &amp#27;[35m[BaseDriver]&amp#27;[39m Set implicit wait to 0ms
[debug] &amp#27;[35m[W3C (951857eb)]&amp#27;[39m Responding to client with driver.timeouts() result: null
&amp#27;[35m[HTTP]&amp#27;[39m &amp#27;[37m<-- POST /wd/hub/session/951857eb-976e-4ab6-a925-3362ff45aa31/timeouts &amp#27;[39m&amp#27;[32m200&amp#27;[39m &amp#27;[90m3 ms - 14&amp#27;[39m
&amp#27;[35m[HTTP]&amp#27;[39m &amp#27;[90m&amp#27;[39m
&amp#27;[35m[HTTP]&amp#27;[39m &amp#27;[37m-->&amp#27;[39m &amp#27;[37mGET&amp#27;[39m &amp#27;[37m/wd/hub/session/951857eb-976e-4ab6-a925-3362ff45aa31&amp#27;[39m
&amp#27;[35m[HTTP]&amp#27;[39m &amp#27;[90m{}&amp#27;[39m
[debug] &amp#27;[35m[W3C (951857eb)]&amp#27;[39m Calling AppiumDriver.getSession() with args: ["951857eb-976e-4ab6-a925-3362ff45aa31"]
[debug] &amp#27;[35m[UiAutomator2]&amp#27;[39m Getting session details from server to mix in
[debug] &amp#27;[35m[WD Proxy]&amp#27;[39m Matched '/' to command name 'getSession'
[debug] &amp#27;[35m[WD Proxy]&amp#27;[39m Proxying [GET /] to [GET http://127.0.0.1:8213/wd/hub/session/436fbe5e-5b82-4500-ad7b-01acbcb70fc5] with no body
[debug] &amp#27;[35m[WD Proxy]&amp#27;[39m Got response with status 200: {"sessionId":"436fbe5e-5b82-4500-ad7b-01acbcb70fc5","value":{"lastScrollData":null}}
[debug] &amp#27;[35m[W3C (951857eb)]&amp#27;[39m Responding to client with driver.getSession() result: {"platform":"LINUX","webStorageEnabled":false,"takesScreenshot":true,"javascriptEnabled":true,"databaseEnabled":false,"networkConnectionEnabled":true,"locationContextEnabled":false,"warnings":{},"desired":{"platformName":"android","app":"C:\\Users\\Anis\\eclipse-workspace\\Appium\\src\\ApiDemos-debug.apk","deviceName":"Redmi","newCommandTimeout":14},"platformName":"android","app":"C:\\Users\\Anis\\eclipse-workspace\\Appium\\src\\ApiDemos-debug.apk","deviceName":"55272e729804","newCommandTimeout":14,"deviceUDID":"55272e729804","appPackage":"io.appium.android.apis","deviceApiLevel":24,"platformVersion":"7.0","deviceScreenSize":"1080x1920","deviceScreenDensity":480,"deviceModel":"Redmi Note 4","deviceManufacturer":"Xiaomi","pixelRatio":3,"statBarHeight":72,"viewportRect":{"left":0,"top":72,"width":1080,"height":1848},"lastScrollData":null}
&amp#27;[35m[HTTP]&amp#27;[39m &amp#27;[37m<-- GET /wd/hub/session/951857eb-976e-4ab6-a925-3362ff45aa31 &amp#27;[39m&amp#27;[32m200&amp#27;[39m &amp#27;[90m11 ms - 858&amp#27;[39m
&amp#27;[35m[HTTP]&amp#27;[39m &amp#27;[90m&amp#27;[39m
&amp#27;[35m[HTTP]&amp#27;[39m &amp#27;[37m-->&amp#27;[39m &amp#27;[37mPOST&amp#27;[39m &amp#27;[37m/wd/hub/session/951857eb-976e-4ab6-a925-3362ff45aa31/element&amp#27;[39m
&amp#27;[35m[HTTP]&amp#27;[39m &amp#27;[90m{"using":"xpath","value":"//*[contains(@text,'Choose a contact')]"}&amp#27;[39m
[debug] &amp#27;[35m[W3C (951857eb)]&amp#27;[39m Calling AppiumDriver.findElement() with args: ["xpath","//*[contains(@text,'Choose a contact')]","951857eb-976e-4ab6-a925-3362ff45aa31"]
[debug] &amp#27;[35m[BaseDriver]&amp#27;[39m Valid locator strategies for this request: xpath, id, class name, accessibility id, css selector, -android uiautomator
[debug] &amp#27;[35m[BaseDriver]&amp#27;[39m Waiting up to 0 ms for condition
[debug] &amp#27;[35m[WD Proxy]&amp#27;[39m Matched '/element' to command name 'findElement'
[debug] &amp#27;[35m[WD Proxy]&amp#27;[39m Proxying [POST /element] to [POST http://127.0.0.1:8213/wd/hub/session/436fbe5e-5b82-4500-ad7b-01acbcb70fc5/element] with body: {"strategy":"xpath","selector":"//*[contains(@text,'Choose a contact')]","context":"","multiple":false}
[debug] &amp#27;[35m[WD Proxy]&amp#27;[39m Got response with status 200: {"sessionId":"436fbe5e-5b82-4500-ad7b-01acbcb70fc5","value":{"ELEMENT":"a6915233-e5e8-4906-ba6e-da0dcb442169","element-6066-11e4-a52e-4f735466cecf":"a6915233-e5e8-4906-ba6e-da0dcb442169"}}
[debug] &amp#27;[35m[W3C (951857eb)]&amp#27;[39m Responding to client with driver.findElement() result: {"element-6066-11e4-a52e-4f735466cecf":"a6915233-e5e8-4906-ba6e-da0dcb442169","ELEMENT":"a6915233-e5e8-4906-ba6e-da0dcb442169"}
&amp#27;[35m[HTTP]&amp#27;[39m &amp#27;[37m<-- POST /wd/hub/session/951857eb-976e-4ab6-a925-3362ff45aa31/element &amp#27;[39m&amp#27;[32m200&amp#27;[39m &amp#27;[90m276 ms - 137&amp#27;[39m
&amp#27;[35m[HTTP]&amp#27;[39m &amp#27;[90m&amp#27;[39m
&amp#27;[35m[HTTP]&amp#27;[39m &amp#27;[37m-->&amp#27;[39m &amp#27;[37mGET&amp#27;[39m &amp#27;[37m/wd/hub/session/951857eb-976e-4ab6-a925-3362ff45aa31/element/a6915233-e5e8-4906-ba6e-da0dcb442169/displayed&amp#27;[39m
&amp#27;[35m[HTTP]&amp#27;[39m &amp#27;[90m{}&amp#27;[39m
[debug] &amp#27;[35m[W3C (951857eb)]&amp#27;[39m Calling AppiumDriver.elementDisplayed() with args: ["a6915233-e5e8-4906-ba6e-da0dcb442169","951857eb-976e-4ab6-a925-3362ff45aa31"]
[debug] &amp#27;[35m[WD Proxy]&amp#27;[39m Matched '/element/a6915233-e5e8-4906-ba6e-da0dcb442169/attribute/displayed' to command name 'getAttribute'
[debug] &amp#27;[35m[WD Proxy]&amp#27;[39m Proxying [GET /element/a6915233-e5e8-4906-ba6e-da0dcb442169/attribute/displayed] to [GET http://127.0.0.1:8213/wd/hub/session/436fbe5e-5b82-4500-ad7b-01acbcb70fc5/element/a6915233-e5e8-4906-ba6e-da0dcb442169/attribute/displayed] with no body
[debug] &amp#27;[35m[WD Proxy]&amp#27;[39m Got response with status 200: {"sessionId":"436fbe5e-5b82-4500-ad7b-01acbcb70fc5","value":"true"}
[debug] &amp#27;[35m[W3C (951857eb)]&amp#27;[39m Responding to client with driver.elementDisplayed() result: true
&amp#27;[35m[HTTP]&amp#27;[39m &amp#27;[37m<-- GET /wd/hub/session/951857eb-976e-4ab6-a925-3362ff45aa31/element/a6915233-e5e8-4906-ba6e-da0dcb442169/displayed &amp#27;[39m&amp#27;[32m200&amp#27;[39m &amp#27;[90m49 ms - 14&amp#27;[39m
&amp#27;[35m[HTTP]&amp#27;[39m &amp#27;[90m&amp#27;[39m
&amp#27;[35m[HTTP]&amp#27;[39m &amp#27;[37m-->&amp#27;[39m &amp#27;[37mGET&amp#27;[39m &amp#27;[37m/wd/hub/session/951857eb-976e-4ab6-a925-3362ff45aa31&amp#27;[39m
&amp#27;[35m[HTTP]&amp#27;[39m &amp#27;[90m{}&amp#27;[39m
[debug] &amp#27;[35m[W3C (951857eb)]&amp#27;[39m Calling AppiumDriver.getSession() with args: ["951857eb-976e-4ab6-a925-3362ff45aa31"]
[debug] &amp#27;[35m[UiAutomator2]&amp#27;[39m Getting session details from server to mix in
[debug] &amp#27;[35m[WD Proxy]&amp#27;[39m Matched '/' to command name 'getSession'
[debug] &amp#27;[35m[WD Proxy]&amp#27;[39m Proxying [GET /] to [GET http://127.0.0.1:8213/wd/hub/session/436fbe5e-5b82-4500-ad7b-01acbcb70fc5] with no body
[debug] &amp#27;[35m[WD Proxy]&amp#27;[39m Got response with status 200: {"sessionId":"436fbe5e-5b82-4500-ad7b-01acbcb70fc5","value":{"lastScrollData":null}}
[debug] &amp#27;[35m[W3C (951857eb)]&amp#27;[39m Responding to client with driver.getSession() result: {"platform":"LINUX","webStorageEnabled":false,"takesScreenshot":true,"javascriptEnabled":true,"databaseEnabled":false,"networkConnectionEnabled":true,"locationContextEnabled":false,"warnings":{},"desired":{"platformName":"android","app":"C:\\Users\\Anis\\eclipse-workspace\\Appium\\src\\ApiDemos-debug.apk","deviceName":"Redmi","newCommandTimeout":14},"platformName":"android","app":"C:\\Users\\Anis\\eclipse-workspace\\Appium\\src\\ApiDemos-debug.apk","deviceName":"55272e729804","newCommandTimeout":14,"deviceUDID":"55272e729804","appPackage":"io.appium.android.apis","deviceApiLevel":24,"platformVersion":"7.0","deviceScreenSize":"1080x1920","deviceScreenDensity":480,"deviceModel":"Redmi Note 4","deviceManufacturer":"Xiaomi","pixelRatio":3,"statBarHeight":72,"viewportRect":{"left":0,"top":72,"width":1080,"height":1848},"lastScrollData":null}
&amp#27;[35m[HTTP]&amp#27;[39m &amp#27;[37m<-- GET /wd/hub/session/951857eb-976e-4ab6-a925-3362ff45aa31 &amp#27;[39m&amp#27;[32m200&amp#27;[39m &amp#27;[90m11 ms - 858&amp#27;[39m
&amp#27;[35m[HTTP]&amp#27;[39m &amp#27;[90m&amp#27;[39m
&amp#27;[35m[HTTP]&amp#27;[39m &amp#27;[37m-->&amp#27;[39m &amp#27;[37mPOST&amp#27;[39m &amp#27;[37m/wd/hub/session/951857eb-976e-4ab6-a925-3362ff45aa31/element&amp#27;[39m
&amp#27;[35m[HTTP]&amp#27;[39m &amp#27;[90m{"using":"xpath","value":"//*[contains(@text,'Choose a contact')]"}&amp#27;[39m
[debug] &amp#27;[35m[W3C (951857eb)]&amp#27;[39m Calling AppiumDriver.findElement() with args: ["xpath","//*[contains(@text,'Choose a contact')]","951857eb-976e-4ab6-a925-3362ff45aa31"]
[debug] &amp#27;[35m[BaseDriver]&amp#27;[39m Valid locator strategies for this request: xpath, id, class name, accessibility id, css selector, -android uiautomator
[debug] &amp#27;[35m[BaseDriver]&amp#27;[39m Waiting up to 0 ms for condition
[debug] &amp#27;[35m[WD Proxy]&amp#27;[39m Matched '/element' to command name 'findElement'
[debug] &amp#27;[35m[WD Proxy]&amp#27;[39m Proxying [POST /element] to [POST http://127.0.0.1:8213/wd/hub/session/436fbe5e-5b82-4500-ad7b-01acbcb70fc5/element] with body: {"strategy":"xpath","selector":"//*[contains(@text,'Choose a contact')]","context":"","multiple":false}
[debug] &amp#27;[35m[WD Proxy]&amp#27;[39m Got response with status 200: {"sessionId":"436fbe5e-5b82-4500-ad7b-01acbcb70fc5","value":{"ELEMENT":"9b92719f-1697-4e95-a038-03767b8f945c","element-6066-11e4-a52e-4f735466cecf":"9b92719f-1697-4e95-a038-03767b8f945c"}}
[debug] &amp#27;[35m[W3C (951857eb)]&amp#27;[39m Responding to client with driver.findElement() result: {"element-6066-11e4-a52e-4f735466cecf":"9b92719f-1697-4e95-a038-03767b8f945c","ELEMENT":"9b92719f-1697-4e95-a038-03767b8f945c"}
&amp#27;[35m[HTTP]&amp#27;[39m &amp#27;[37m<-- POST /wd/hub/session/951857eb-976e-4ab6-a925-3362ff45aa31/element &amp#27;[39m&amp#27;[32m200&amp#27;[39m &amp#27;[90m305 ms - 137&amp#27;[39m
&amp#27;[35m[HTTP]&amp#27;[39m &amp#27;[90m&amp#27;[39m
&amp#27;[35m[HTTP]&amp#27;[39m &amp#27;[37m-->&amp#27;[39m &amp#27;[37mGET&amp#27;[39m &amp#27;[37m/wd/hub/session/951857eb-976e-4ab6-a925-3362ff45aa31/element/9b92719f-1697-4e95-a038-03767b8f945c/enabled&amp#27;[39m
&amp#27;[35m[HTTP]&amp#27;[39m &amp#27;[90m{}&amp#27;[39m
[debug] &amp#27;[35m[W3C (951857eb)]&amp#27;[39m Calling AppiumDriver.elementEnabled() with args: ["9b92719f-1697-4e95-a038-03767b8f945c","951857eb-976e-4ab6-a925-3362ff45aa31"]
[debug] &amp#27;[35m[WD Proxy]&amp#27;[39m Matched '/element/9b92719f-1697-4e95-a038-03767b8f945c/attribute/enabled' to command name 'getAttribute'
[debug] &amp#27;[35m[WD Proxy]&amp#27;[39m Proxying [GET /element/9b92719f-1697-4e95-a038-03767b8f945c/attribute/enabled] to [GET http://127.0.0.1:8213/wd/hub/session/436fbe5e-5b82-4500-ad7b-01acbcb70fc5/element/9b92719f-1697-4e95-a038-03767b8f945c/attribute/enabled] with no body
[debug] &amp#27;[35m[WD Proxy]&amp#27;[39m Got response with status 200: {"sessionId":"436fbe5e-5b82-4500-ad7b-01acbcb70fc5","value":"true"}
[debug] &amp#27;[35m[W3C (951857eb)]&amp#27;[39m Responding to client with driver.elementEnabled() result: true
&amp#27;[35m[HTTP]&amp#27;[39m &amp#27;[37m<-- GET /wd/hub/session/951857eb-976e-4ab6-a925-3362ff45aa31/element/9b92719f-1697-4e95-a038-03767b8f945c/enabled &amp#27;[39m&amp#27;[32m200&amp#27;[39m &amp#27;[90m612 ms - 14&amp#27;[39m
&amp#27;[35m[HTTP]&amp#27;[39m &amp#27;[90m&amp#27;[39m
&amp#27;[35m[HTTP]&amp#27;[39m &amp#27;[37m-->&amp#27;[39m &amp#27;[37mPOST&amp#27;[39m &amp#27;[37m/wd/hub/session/951857eb-976e-4ab6-a925-3362ff45aa31/timeouts&amp#27;[39m
&amp#27;[35m[HTTP]&amp#27;[39m &amp#27;[90m{"implicit":10000}&amp#27;[39m
[debug] &amp#27;[35m[W3C (951857eb)]&amp#27;[39m Calling AppiumDriver.timeouts() with args: [null,null,null,null,10000,"951857eb-976e-4ab6-a925-3362ff45aa31"]
[debug] &amp#27;[35m[BaseDriver]&amp#27;[39m W3C timeout argument: {"implicit":10000}}
[debug] &amp#27;[35m[BaseDriver]&amp#27;[39m Set implicit wait to 10000ms
[debug] &amp#27;[35m[W3C (951857eb)]&amp#27;[39m Responding to client with driver.timeouts() result: null
&amp#27;[35m[HTTP]&amp#27;[39m &amp#27;[37m<-- POST /wd/hub/session/951857eb-976e-4ab6-a925-3362ff45aa31/timeouts &amp#27;[39m&amp#27;[32m200&amp#27;[39m &amp#27;[90m3 ms - 14&amp#27;[39m
&amp#27;[35m[HTTP]&amp#27;[39m &amp#27;[90m&amp#27;[39m
&amp#27;[35m[HTTP]&amp#27;[39m &amp#27;[37m-->&amp#27;[39m &amp#27;[37mGET&amp#27;[39m &amp#27;[37m/wd/hub/session/951857eb-976e-4ab6-a925-3362ff45aa31&amp#27;[39m
&amp#27;[35m[HTTP]&amp#27;[39m &amp#27;[90m{}&amp#27;[39m
[debug] &amp#27;[35m[W3C (951857eb)]&amp#27;[39m Calling AppiumDriver.getSession() with args: ["951857eb-976e-4ab6-a925-3362ff45aa31"]
[debug] &amp#27;[35m[UiAutomator2]&amp#27;[39m Getting session details from server to mix in
[debug] &amp#27;[35m[WD Proxy]&amp#27;[39m Matched '/' to command name 'getSession'
[debug] &amp#27;[35m[WD Proxy]&amp#27;[39m Proxying [GET /] to [GET http://127.0.0.1:8213/wd/hub/session/436fbe5e-5b82-4500-ad7b-01acbcb70fc5] with no body
[debug] &amp#27;[35m[WD Proxy]&amp#27;[39m Got response with status 200: {"sessionId":"436fbe5e-5b82-4500-ad7b-01acbcb70fc5","value":{"lastScrollData":null}}
[debug] &amp#27;[35m[W3C (951857eb)]&amp#27;[39m Responding to client with driver.getSession() result: {"platform":"LINUX","webStorageEnabled":false,"takesScreenshot":true,"javascriptEnabled":true,"databaseEnabled":false,"networkConnectionEnabled":true,"locationContextEnabled":false,"warnings":{},"desired":{"platformName":"android","app":"C:\\Users\\Anis\\eclipse-workspace\\Appium\\src\\ApiDemos-debug.apk","deviceName":"Redmi","newCommandTimeout":14},"platformName":"android","app":"C:\\Users\\Anis\\eclipse-workspace\\Appium\\src\\ApiDemos-debug.apk","deviceName":"55272e729804","newCommandTimeout":14,"deviceUDID":"55272e729804","appPackage":"io.appium.android.apis","deviceApiLevel":24,"platformVersion":"7.0","deviceScreenSize":"1080x1920","deviceScreenDensity":480,"deviceModel":"Redmi Note 4","deviceManufacturer":"Xiaomi","pixelRatio":3,"statBarHeight":72,"viewportRect":{"left":0,"top":72,"width":1080,"height":1848},"lastScrollData":null}
&amp#27;[35m[HTTP]&amp#27;[39m &amp#27;[37m<-- GET /wd/hub/session/951857eb-976e-4ab6-a925-3362ff45aa31 &amp#27;[39m&amp#27;[32m200&amp#27;[39m &amp#27;[90m14 ms - 858&amp#27;[39m
&amp#27;[35m[HTTP]&amp#27;[39m &amp#27;[90m&amp#27;[39m
&amp#27;[35m[HTTP]&amp#27;[39m &amp#27;[37m-->&amp#27;[39m &amp#27;[37mPOST&amp#27;[39m &amp#27;[37m/wd/hub/session/951857eb-976e-4ab6-a925-3362ff45aa31/element&amp#27;[39m
&amp#27;[35m[HTTP]&amp#27;[39m &amp#27;[90m{"using":"xpath","value":"//*[contains(@text,'Choose a contact')]"}&amp#27;[39m
[debug] &amp#27;[35m[W3C (951857eb)]&amp#27;[39m Calling AppiumDriver.findElement() with args: ["xpath","//*[contains(@text,'Choose a contact')]","951857eb-976e-4ab6-a925-3362ff45aa31"]
[debug] &amp#27;[35m[BaseDriver]&amp#27;[39m Valid locator strategies for this request: xpath, id, class name, accessibility id, css selector, -android uiautomator
[debug] &amp#27;[35m[BaseDriver]&amp#27;[39m Waiting up to 10000 ms for condition
[debug] &amp#27;[35m[WD Proxy]&amp#27;[39m Matched '/element' to command name 'findElement'
[debug] &amp#27;[35m[WD Proxy]&amp#27;[39m Proxying [POST /element] to [POST http://127.0.0.1:8213/wd/hub/session/436fbe5e-5b82-4500-ad7b-01acbcb70fc5/element] with body: {"strategy":"xpath","selector":"//*[contains(@text,'Choose a contact')]","context":"","multiple":false}
[debug] &amp#27;[35m[WD Proxy]&amp#27;[39m Got response with status 200: {"sessionId":"436fbe5e-5b82-4500-ad7b-01acbcb70fc5","value":{"ELEMENT":"29a28854-1b18-4174-8e01-b3fd40732565","element-6066-11e4-a52e-4f735466cecf":"29a28854-1b18-4174-8e01-b3fd40732565"}}
[debug] &amp#27;[35m[W3C (951857eb)]&amp#27;[39m Responding to client with driver.findElement() result: {"element-6066-11e4-a52e-4f735466cecf":"29a28854-1b18-4174-8e01-b3fd40732565","ELEMENT":"29a28854-1b18-4174-8e01-b3fd40732565"}
&amp#27;[35m[HTTP]&amp#27;[39m &amp#27;[37m<-- POST /wd/hub/session/951857eb-976e-4ab6-a925-3362ff45aa31/element &amp#27;[39m&amp#27;[32m200&amp#27;[39m &amp#27;[90m284 ms - 137&amp#27;[39m
&amp#27;[35m[HTTP]&amp#27;[39m &amp#27;[90m&amp#27;[39m
&amp#27;[35m[HTTP]&amp#27;[39m &amp#27;[37m-->&amp#27;[39m &amp#27;[37mPOST&amp#27;[39m &amp#27;[37m/wd/hub/session/951857eb-976e-4ab6-a925-3362ff45aa31/element/29a28854-1b18-4174-8e01-b3fd40732565/click&amp#27;[39m
&amp#27;[35m[HTTP]&amp#27;[39m &amp#27;[90m{"id":"29a28854-1b18-4174-8e01-b3fd40732565"}&amp#27;[39m
[debug] &amp#27;[35m[W3C (951857eb)]&amp#27;[39m Calling AppiumDriver.click() with args: ["29a28854-1b18-4174-8e01-b3fd40732565","951857eb-976e-4ab6-a925-3362ff45aa31"]
[debug] &amp#27;[35m[WD Proxy]&amp#27;[39m Matched '/element/29a28854-1b18-4174-8e01-b3fd40732565/click' to command name 'click'
[debug] &amp#27;[35m[WD Proxy]&amp#27;[39m Proxying [POST /element/29a28854-1b18-4174-8e01-b3fd40732565/click] to [POST http://127.0.0.1:8213/wd/hub/session/436fbe5e-5b82-4500-ad7b-01acbcb70fc5/element/29a28854-1b18-4174-8e01-b3fd40732565/click] with body: {"element":"29a28854-1b18-4174-8e01-b3fd40732565"}
[debug] &amp#27;[35m[WD Proxy]&amp#27;[39m Got response with status 200: {"sessionId":"436fbe5e-5b82-4500-ad7b-01acbcb70fc5","value":null}
[debug] &amp#27;[35m[W3C (951857eb)]&amp#27;[39m Responding to client with driver.click() result: null
&amp#27;[35m[HTTP]&amp#27;[39m &amp#27;[37m<-- POST /wd/hub/session/951857eb-976e-4ab6-a925-3362ff45aa31/element/29a28854-1b18-4174-8e01-b3fd40732565/click &amp#27;[39m&amp#27;[32m200&amp#27;[39m &amp#27;[90m1655 ms - 14&amp#27;[39m
&amp#27;[35m[HTTP]&amp#27;[39m &amp#27;[90m&amp#27;[39m
[INFO ] 2021-06-18 15:56:06.429 [main] Listeners - *******************ApiDemoTest.contentTest passed*******************
]]></system-out>
    <system-err><![CDATA[Jun 18, 2021 3:55:44 PM io.appium.java_client.remote.AppiumCommandExecutor$1 lambda$0
INFO: Detected dialect: W3C
]]></system-err>
  </testcase>
  <testcase name="osTest" classname="ApiDemoTest" time="8.227">
    <system-out><![CDATA[&amp#27;[35m[Appium]&amp#27;[39m Welcome to Appium v1.21.0
&amp#27;[35m[Appium]&amp#27;[39m Appium REST http interface listener started on 0.0.0.0:4723
&amp#27;[35m[HTTP]&amp#27;[39m &amp#27;[37m-->&amp#27;[39m &amp#27;[37mGET&amp#27;[39m &amp#27;[37m/wd/hub/status&amp#27;[39m
&amp#27;[35m[HTTP]&amp#27;[39m &amp#27;[90m{}&amp#27;[39m
[debug] &amp#27;[35m[GENERIC]&amp#27;[39m Calling AppiumDriver.getStatus() with args: []
[debug] &amp#27;[35m[GENERIC]&amp#27;[39m Responding to client with driver.getStatus() result: {"build":{"version":"1.21.0"}}
&amp#27;[35m[HTTP]&amp#27;[39m &amp#27;[37m<-- GET /wd/hub/status &amp#27;[39m&amp#27;[32m200&amp#27;[39m &amp#27;[90m8 ms - 68&amp#27;[39m
&amp#27;[35m[HTTP]&amp#27;[39m &amp#27;[90m&amp#27;[39m
&amp#27;[35m[HTTP]&amp#27;[39m &amp#27;[37m-->&amp#27;[39m &amp#27;[37mPOST&amp#27;[39m &amp#27;[37m/wd/hub/session&amp#27;[39m
&amp#27;[35m[HTTP]&amp#27;[39m &amp#27;[90m{"desiredCapabilities":{"app":"C:\\Users\\Anis\\eclipse-workspace\\Appium\\src\\ApiDemos-debug.apk","platformName":"Android","deviceName":"Redmi","newCommandTimeout":14},"capabilities":{"firstMatch":[{"appium:app":"C:\\Users\\Anis\\eclipse-workspace\\Appium\\src\\ApiDemos-debug.apk","appium:deviceName":"Redmi","appium:newCommandTimeout":14,"platformName":"android"}]}}&amp#27;[39m
[debug] &amp#27;[35m[W3C]&amp#27;[39m Calling AppiumDriver.createSession() with args: [{"app":"C:\\Users\\Anis\\eclipse-workspace\\Appium\\src\\ApiDemos-debug.apk","platformName":"Android","deviceName":"Redmi","newCommandTimeout":14},null,{"firstMatch":[{"appium:app":"C:\\Users\\Anis\\eclipse-workspace\\Appium\\src\\ApiDemos-debug.apk","appium:deviceName":"Redmi","appium:newCommandTimeout":14,"platformName":"android"}]}]
[debug] &amp#27;[35m[BaseDriver]&amp#27;[39m Event 'newSessionRequested' logged at 1624011968418 (15:56:08 GMT+0530 (India Standard Time))
&amp#27;[35m[Appium]&amp#27;[39m 
&amp#27;[35m[Appium]&amp#27;[39m ======================================================================
&amp#27;[35m[Appium]&amp#27;[39m   DEPRECATION WARNING:
&amp#27;[35m[Appium]&amp#27;[39m 
&amp#27;[35m[Appium]&amp#27;[39m   The 'automationName' capability was not provided in the desired 
&amp#27;[35m[Appium]&amp#27;[39m   capabilities for this Android session
&amp#27;[35m[Appium]&amp#27;[39m 
&amp#27;[35m[Appium]&amp#27;[39m   Setting 'automationName=UiAutomator2' by default and using the 
&amp#27;[35m[Appium]&amp#27;[39m   UiAutomator2 Driver
&amp#27;[35m[Appium]&amp#27;[39m 
&amp#27;[35m[Appium]&amp#27;[39m   The next major version of Appium (2.x) will **require** the 
&amp#27;[35m[Appium]&amp#27;[39m   'automationName' capability to be set for all sessions on all 
&amp#27;[35m[Appium]&amp#27;[39m   platforms
&amp#27;[35m[Appium]&amp#27;[39m 
&amp#27;[35m[Appium]&amp#27;[39m   In previous versions (Appium <= 1.13.x), the default was 
&amp#27;[35m[Appium]&amp#27;[39m   'automationName=UiAutomator1'
&amp#27;[35m[Appium]&amp#27;[39m 
&amp#27;[35m[Appium]&amp#27;[39m   If you wish to use that automation instead of UiAutomator2, please 
&amp#27;[35m[Appium]&amp#27;[39m   add 'automationName=UiAutomator1' to your desired capabilities
&amp#27;[35m[Appium]&amp#27;[39m 
&amp#27;[35m[Appium]&amp#27;[39m   For more information about drivers, please visit 
&amp#27;[35m[Appium]&amp#27;[39m   http://appium.io/docs/en/about-appium/intro/ and explore the 
&amp#27;[35m[Appium]&amp#27;[39m   'Drivers' menu
&amp#27;[35m[Appium]&amp#27;[39m 
&amp#27;[35m[Appium]&amp#27;[39m ======================================================================
&amp#27;[35m[Appium]&amp#27;[39m 
&amp#27;[35m[Appium]&amp#27;[39m Appium v1.21.0 creating new AndroidUiautomator2Driver (v1.65.0) session
[debug] &amp#27;[35m[BaseDriver]&amp#27;[39m W3C capabilities and MJSONWP desired capabilities were provided
[debug] &amp#27;[35m[BaseDriver]&amp#27;[39m Creating session with W3C capabilities: {
[debug] &amp#27;[35m[BaseDriver]&amp#27;[39m   "alwaysMatch": {
[debug] &amp#27;[35m[BaseDriver]&amp#27;[39m     "platformName": "android",
[debug] &amp#27;[35m[BaseDriver]&amp#27;[39m     "appium:app": "C:\\Users\\Anis\\eclipse-workspace\\Appium\\src\\ApiDemos-debug.apk",
[debug] &amp#27;[35m[BaseDriver]&amp#27;[39m     "appium:deviceName": "Redmi",
[debug] &amp#27;[35m[BaseDriver]&amp#27;[39m     "appium:newCommandTimeout": 14
[debug] &amp#27;[35m[BaseDriver]&amp#27;[39m   },
[debug] &amp#27;[35m[BaseDriver]&amp#27;[39m   "firstMatch": [
[debug] &amp#27;[35m[BaseDriver]&amp#27;[39m     {}
[debug] &amp#27;[35m[BaseDriver]&amp#27;[39m   ]
[debug] &amp#27;[35m[BaseDriver]&amp#27;[39m }
&amp#27;[35m[BaseDriver]&amp#27;[39m Session created with session id: 4a132e6b-3c4a-4ba1-aa16-dd61b954d466
&amp#27;[35m[BaseDriver]&amp#27;[39m Using local app 'C:\Users\Anis\eclipse-workspace\Appium\src\ApiDemos-debug.apk'
[debug] &amp#27;[35m[UiAutomator2]&amp#27;[39m Checking whether app is actually present
&amp#27;[35m[ADB]&amp#27;[39m Found 2 'build-tools' folders under 'C:\Users\Anis\AppData\Local\Android\Sdk' (newest first):
&amp#27;[35m[ADB]&amp#27;[39m     C:/Users/Anis/AppData/Local/Android/Sdk/build-tools/31.0.0-rc4
&amp#27;[35m[ADB]&amp#27;[39m     C:/Users/Anis/AppData/Local/Android/Sdk/build-tools/30.0.3
&amp#27;[35m[ADB]&amp#27;[39m Using 'adb.exe' from 'C:\Users\Anis\AppData\Local\Android\Sdk\platform-tools\adb.exe'
[debug] &amp#27;[35m[ADB]&amp#27;[39m Running 'C:\Users\Anis\AppData\Local\Android\Sdk\platform-tools\adb.exe -P 5037 start-server'
&amp#27;[35m[AndroidDriver]&amp#27;[39m Retrieving device list
[debug] &amp#27;[35m[ADB]&amp#27;[39m Trying to find a connected android device
[debug] &amp#27;[35m[ADB]&amp#27;[39m Getting connected devices
[debug] &amp#27;[35m[ADB]&amp#27;[39m Connected devices: [{"udid":"55272e729804","state":"device"}]
&amp#27;[35m[AndroidDriver]&amp#27;[39m Using device: 55272e729804
&amp#27;[35m[ADB]&amp#27;[39m Using 'adb.exe' from 'C:\Users\Anis\AppData\Local\Android\Sdk\platform-tools\adb.exe'
[debug] &amp#27;[35m[ADB]&amp#27;[39m Running 'C:\Users\Anis\AppData\Local\Android\Sdk\platform-tools\adb.exe -P 5037 start-server'
[debug] &amp#27;[35m[ADB]&amp#27;[39m Setting device id to 55272e729804
[debug] &amp#27;[35m[ADB]&amp#27;[39m Running 'C:\Users\Anis\AppData\Local\Android\Sdk\platform-tools\adb.exe -P 5037 -s 55272e729804 shell getprop ro.build.version.sdk'
[debug] &amp#27;[35m[ADB]&amp#27;[39m Current device property 'ro.build.version.sdk': 24
[debug] &amp#27;[35m[ADB]&amp#27;[39m Device API level: 24
[debug] &amp#27;[35m[AndroidDriver]&amp#27;[39m Parsing package and activity from app manifest
&amp#27;[35m[ADB]&amp#27;[39m Package name: 'io.appium.android.apis'
&amp#27;[35m[ADB]&amp#27;[39m Main activity name: 'ApiDemos'
[debug] &amp#27;[35m[AndroidDriver]&amp#27;[39m Parsed package and activity are: io.appium.android.apis/ApiDemos
[debug] &amp#27;[35m[ADB]&amp#27;[39m Running 'C:\Users\Anis\AppData\Local\Android\Sdk\platform-tools\adb.exe -P 5037 -s 55272e729804 wait-for-device'
[debug] &amp#27;[35m[ADB]&amp#27;[39m Running 'C:\Users\Anis\AppData\Local\Android\Sdk\platform-tools\adb.exe -P 5037 -s 55272e729804 shell echo ping'
[debug] &amp#27;[35m[AndroidDriver]&amp#27;[39m Pushing settings apk to device...
[debug] &amp#27;[35m[ADB]&amp#27;[39m Getting install status for io.appium.settings
[debug] &amp#27;[35m[ADB]&amp#27;[39m Running 'C:\Users\Anis\AppData\Local\Android\Sdk\platform-tools\adb.exe -P 5037 -s 55272e729804 shell dumpsys package io.appium.settings'
[debug] &amp#27;[35m[ADB]&amp#27;[39m 'io.appium.settings' is installed
[debug] &amp#27;[35m[ADB]&amp#27;[39m Getting package info for 'io.appium.settings'
[debug] &amp#27;[35m[ADB]&amp#27;[39m Running 'C:\Users\Anis\AppData\Local\Android\Sdk\platform-tools\adb.exe -P 5037 -s 55272e729804 shell dumpsys package io.appium.settings'
[debug] &amp#27;[35m[ADB]&amp#27;[39m The version name of the installed 'io.appium.settings' is greater or equal to the application version name ('3.3.0' >= '3.3.0')
[debug] &amp#27;[35m[ADB]&amp#27;[39m There is no need to install/upgrade 'C:\Users\Anis\AppData\Roaming\npm\node_modules\appium\node_modules\io.appium.settings\apks\settings_apk-debug.apk'
[debug] &amp#27;[35m[ADB]&amp#27;[39m Getting IDs of all 'io.appium.settings' processes
[debug] &amp#27;[35m[ADB]&amp#27;[39m Running 'C:\Users\Anis\AppData\Local\Android\Sdk\platform-tools\adb.exe -P 5037 -s 55272e729804 shell 'pgrep --help; echo $?''
[debug] &amp#27;[35m[ADB]&amp#27;[39m Running 'C:\Users\Anis\AppData\Local\Android\Sdk\platform-tools\adb.exe -P 5037 -s 55272e729804 shell 'pgrep ^appium\\.settings$ || pgrep ^io\\.appium\\.setti$''
[debug] &amp#27;[35m[ADB]&amp#27;[39m Getting IDs of all 'io.appium.settings' processes
[debug] &amp#27;[35m[ADB]&amp#27;[39m Running 'C:\Users\Anis\AppData\Local\Android\Sdk\platform-tools\adb.exe -P 5037 -s 55272e729804 shell 'pgrep ^appium\\.settings$ || pgrep ^io\\.appium\\.setti$''
[debug] &amp#27;[35m[ADB]&amp#27;[39m Starting Appium Settings app
[debug] &amp#27;[35m[ADB]&amp#27;[39m Running 'C:\Users\Anis\AppData\Local\Android\Sdk\platform-tools\adb.exe -P 5037 -s 55272e729804 shell am start -n io.appium.settings/.Settings -a android.intent.action.MAIN -c android.intent.category.LAUNCHER'
[debug] &amp#27;[35m[ADB]&amp#27;[39m Getting IDs of all 'io.appium.settings' processes
[debug] &amp#27;[35m[ADB]&amp#27;[39m Running 'C:\Users\Anis\AppData\Local\Android\Sdk\platform-tools\adb.exe -P 5037 -s 55272e729804 shell 'pgrep ^appium\\.settings$ || pgrep ^io\\.appium\\.setti$''
[debug] &amp#27;[35m[ADB]&amp#27;[39m Running 'C:\Users\Anis\AppData\Local\Android\Sdk\platform-tools\adb.exe -P 5037 -s 55272e729804 shell appops set io.appium.settings android:mock_location allow'
[debug] &amp#27;[35m[Logcat]&amp#27;[39m Starting logs capture with command: C:\\Users\\Anis\\AppData\\Local\\Android\\Sdk\\platform-tools\\adb.exe -P 5037 -s 55272e729804 logcat -v threadtime
[debug] &amp#27;[35m[UiAutomator2]&amp#27;[39m Forwarding UiAutomator2 Server port 6790 to local port 8214
[debug] &amp#27;[35m[ADB]&amp#27;[39m Forwarding system: 8214 to device: 6790
[debug] &amp#27;[35m[ADB]&amp#27;[39m Running 'C:\Users\Anis\AppData\Local\Android\Sdk\platform-tools\adb.exe -P 5037 -s 55272e729804 forward tcp:8214 tcp:6790'
[debug] &amp#27;[35m[ADB]&amp#27;[39m Getting install status for io.appium.uiautomator2.server
[debug] &amp#27;[35m[ADB]&amp#27;[39m Running 'C:\Users\Anis\AppData\Local\Android\Sdk\platform-tools\adb.exe -P 5037 -s 55272e729804 shell dumpsys package io.appium.uiautomator2.server'
[debug] &amp#27;[35m[ADB]&amp#27;[39m 'io.appium.uiautomator2.server' is installed
[debug] &amp#27;[35m[ADB]&amp#27;[39m Getting package info for 'io.appium.uiautomator2.server'
[debug] &amp#27;[35m[ADB]&amp#27;[39m Running 'C:\Users\Anis\AppData\Local\Android\Sdk\platform-tools\adb.exe -P 5037 -s 55272e729804 shell dumpsys package io.appium.uiautomator2.server'
[debug] &amp#27;[35m[ADB]&amp#27;[39m The version name of the installed 'io.appium.uiautomator2.server' is greater or equal to the application version name ('4.21.1' >= '4.21.1')
[debug] &amp#27;[35m[UiAutomator2]&amp#27;[39m io.appium.uiautomator2.server installation state: sameVersionInstalled
[debug] &amp#27;[35m[ADB]&amp#27;[39m Checking app cert for C:\Users\Anis\AppData\Roaming\npm\node_modules\appium\node_modules\appium-uiautomator2-server\apks\appium-uiautomator2-server-v4.21.1.apk
&amp#27;[35m[ADB]&amp#27;[39m Using 'apksigner.jar' from 'C:\Users\Anis\AppData\Local\Android\Sdk\build-tools\31.0.0-rc4\lib\apksigner.jar'
[debug] &amp#27;[35m[ADB]&amp#27;[39m Starting apksigner: 'C:\\Program Files\\Java\\jdk-11.0.11\\bin\\java.exe' -Xmx1024M -Xss1m -jar C:\\Users\\Anis\\AppData\\Local\\Android\\Sdk\\build-tools\\31.0.0-rc4\\lib\\apksigner.jar verify --print-certs C:\\Users\\Anis\\AppData\\Roaming\\npm\\node_modules\\appium\\node_modules\\appium-uiautomator2-server\\apks\\appium-uiautomator2-server-v4.21.1.apk
[debug] &amp#27;[35m[ADB]&amp#27;[39m apksigner stdout: Signer #1 certificate DN: EMAILADDRESS=android@android.com, CN=Android, OU=Android, O=Android, L=Mountain View, ST=California, C=US
[debug] &amp#27;[35m[ADB]&amp#27;[39m Signer #1 certificate SHA-256 digest: a40da80a59d170caa950cf15c18c454d47a39b26989d8b640ecd745ba71bf5dc
[debug] &amp#27;[35m[ADB]&amp#27;[39m Signer #1 certificate SHA-1 digest: 61ed377e85d386a8dfee6b864bd85b0bfaa5af81
[debug] &amp#27;[35m[ADB]&amp#27;[39m Signer #1 certificate MD5 digest: e89b158e4bcf988ebd09eb83f5378e87
[debug] &amp#27;[35m[ADB]&amp#27;[39m 
[debug] &amp#27;[35m[ADB]&amp#27;[39m sha256 hash did match for 'appium-uiautomator2-server-v4.21.1.apk'
&amp#27;[35m[ADB]&amp#27;[39m 'C:\Users\Anis\AppData\Roaming\npm\node_modules\appium\node_modules\appium-uiautomator2-server\apks\appium-uiautomator2-server-v4.21.1.apk' is signed with the default certificate
[debug] &amp#27;[35m[ADB]&amp#27;[39m Getting install status for io.appium.uiautomator2.server.test
[debug] &amp#27;[35m[ADB]&amp#27;[39m Running 'C:\Users\Anis\AppData\Local\Android\Sdk\platform-tools\adb.exe -P 5037 -s 55272e729804 shell dumpsys package io.appium.uiautomator2.server.test'
[debug] &amp#27;[35m[ADB]&amp#27;[39m 'io.appium.uiautomator2.server.test' is installed
[debug] &amp#27;[35m[ADB]&amp#27;[39m Checking app cert for C:\Users\Anis\AppData\Roaming\npm\node_modules\appium\node_modules\appium-uiautomator2-server\apks\appium-uiautomator2-server-debug-androidTest.apk
[debug] &amp#27;[35m[ADB]&amp#27;[39m Starting apksigner: 'C:\\Program Files\\Java\\jdk-11.0.11\\bin\\java.exe' -Xmx1024M -Xss1m -jar C:\\Users\\Anis\\AppData\\Local\\Android\\Sdk\\build-tools\\31.0.0-rc4\\lib\\apksigner.jar verify --print-certs C:\\Users\\Anis\\AppData\\Roaming\\npm\\node_modules\\appium\\node_modules\\appium-uiautomator2-server\\apks\\appium-uiautomator2-server-debug-androidTest.apk
[debug] &amp#27;[35m[ADB]&amp#27;[39m apksigner stdout: Signer #1 certificate DN: EMAILADDRESS=android@android.com, CN=Android, OU=Android, O=Android, L=Mountain View, ST=California, C=US
[debug] &amp#27;[35m[ADB]&amp#27;[39m Signer #1 certificate SHA-256 digest: a40da80a59d170caa950cf15c18c454d47a39b26989d8b640ecd745ba71bf5dc
[debug] &amp#27;[35m[ADB]&amp#27;[39m Signer #1 certificate SHA-1 digest: 61ed377e85d386a8dfee6b864bd85b0bfaa5af81
[debug] &amp#27;[35m[ADB]&amp#27;[39m Signer #1 certificate MD5 digest: e89b158e4bcf988ebd09eb83f5378e87
[debug] &amp#27;[35m[ADB]&amp#27;[39m 
[debug] &amp#27;[35m[ADB]&amp#27;[39m sha256 hash did match for 'appium-uiautomator2-server-debug-androidTest.apk'
&amp#27;[35m[ADB]&amp#27;[39m 'C:\Users\Anis\AppData\Roaming\npm\node_modules\appium\node_modules\appium-uiautomator2-server\apks\appium-uiautomator2-server-debug-androidTest.apk' is signed with the default certificate
&amp#27;[35m[UiAutomator2]&amp#27;[39m Server packages are not going to be (re)installed
[debug] &amp#27;[35m[UiAutomator2]&amp#27;[39m Waiting up to 30000ms for services to be available
[debug] &amp#27;[35m[ADB]&amp#27;[39m Running 'C:\Users\Anis\AppData\Local\Android\Sdk\platform-tools\adb.exe -P 5037 -s 55272e729804 shell pm list instrumentation'
[debug] &amp#27;[35m[UiAutomator2]&amp#27;[39m Instrumentation target 'io.appium.uiautomator2.server.test/androidx.test.runner.AndroidJUnitRunner' is available
&amp#27;[35m[ADB]&amp#27;[39m Adding packages ["io.appium.settings","io.appium.uiautomator2.server","io.appium.uiautomator2.server.test"] to Doze whitelist
[debug] &amp#27;[35m[ADB]&amp#27;[39m Got the following command chunks to execute: [["dumpsys","deviceidle","whitelist","+io.appium.settings",";","dumpsys","deviceidle","whitelist","+io.appium.uiautomator2.server",";","dumpsys","deviceidle","whitelist","+io.appium.uiautomator2.server.test",";"]]
[debug] &amp#27;[35m[ADB]&amp#27;[39m Running 'C:\Users\Anis\AppData\Local\Android\Sdk\platform-tools\adb.exe -P 5037 -s 55272e729804 shell dumpsys deviceidle whitelist +io.appium.settings ; dumpsys deviceidle whitelist +io.appium.uiautomator2.server ; dumpsys deviceidle whitelist +io.appium.uiautomator2.server.test ;'
[debug] &amp#27;[35m[ADB]&amp#27;[39m Checking app cert for C:\Users\Anis\eclipse-workspace\Appium\src\ApiDemos-debug.apk
[debug] &amp#27;[35m[ADB]&amp#27;[39m Starting apksigner: 'C:\\Program Files\\Java\\jdk-11.0.11\\bin\\java.exe' -Xmx1024M -Xss1m -jar C:\\Users\\Anis\\AppData\\Local\\Android\\Sdk\\build-tools\\31.0.0-rc4\\lib\\apksigner.jar verify --print-certs C:\\Users\\Anis\\eclipse-workspace\\Appium\\src\\ApiDemos-debug.apk
[debug] &amp#27;[35m[ADB]&amp#27;[39m apksigner stdout: Signer #1 certificate DN: EMAILADDRESS=android@android.com, CN=Android, OU=Android, O=Android, L=Mountain View, ST=California, C=US
[debug] &amp#27;[35m[ADB]&amp#27;[39m Signer #1 certificate SHA-256 digest: a40da80a59d170caa950cf15c18c454d47a39b26989d8b640ecd745ba71bf5dc
[debug] &amp#27;[35m[ADB]&amp#27;[39m Signer #1 certificate SHA-1 digest: 61ed377e85d386a8dfee6b864bd85b0bfaa5af81
[debug] &amp#27;[35m[ADB]&amp#27;[39m Signer #1 certificate MD5 digest: e89b158e4bcf988ebd09eb83f5378e87
[debug] &amp#27;[35m[ADB]&amp#27;[39m 
[debug] &amp#27;[35m[ADB]&amp#27;[39m sha256 hash did match for 'ApiDemos-debug.apk'
&amp#27;[35m[ADB]&amp#27;[39m 'C:\Users\Anis\eclipse-workspace\Appium\src\ApiDemos-debug.apk' is signed with the default certificate
[debug] &amp#27;[35m[ADB]&amp#27;[39m Getting install status for io.appium.android.apis
[debug] &amp#27;[35m[ADB]&amp#27;[39m Running 'C:\Users\Anis\AppData\Local\Android\Sdk\platform-tools\adb.exe -P 5037 -s 55272e729804 shell dumpsys package io.appium.android.apis'
[debug] &amp#27;[35m[ADB]&amp#27;[39m 'io.appium.android.apis' is installed
[debug] &amp#27;[35m[ADB]&amp#27;[39m Getting package info for 'io.appium.android.apis'
[debug] &amp#27;[35m[ADB]&amp#27;[39m Running 'C:\Users\Anis\AppData\Local\Android\Sdk\platform-tools\adb.exe -P 5037 -s 55272e729804 shell dumpsys package io.appium.android.apis'
&amp#27;[35m[ADB]&amp#27;[39m Cannot read version codes of 'C:\Users\Anis\eclipse-workspace\Appium\src\ApiDemos-debug.apk' and/or 'io.appium.android.apis'
&amp#27;[35m[ADB]&amp#27;[39m Cannot read version names of 'C:\Users\Anis\eclipse-workspace\Appium\src\ApiDemos-debug.apk' and/or 'io.appium.android.apis'
[debug] &amp#27;[35m[ADB]&amp#27;[39m The current install state of 'C:\Users\Anis\eclipse-workspace\Appium\src\ApiDemos-debug.apk' is unknown. Installing anyway
[debug] &amp#27;[35m[ADB]&amp#27;[39m Running 'C:\Users\Anis\AppData\Local\Android\Sdk\platform-tools\adb.exe -P 5037 -s 55272e729804 help'
[debug] &amp#27;[35m[ADB]&amp#27;[39m Running 'C:\Users\Anis\AppData\Local\Android\Sdk\platform-tools\adb.exe -P 5037 -s 55272e729804 features'
&amp#27;[35m[ADB]&amp#27;[39m The application at 'C:\Users\Anis\eclipse-workspace\Appium\src\ApiDemos-debug.apk' will not be cached, because the device under test has confirmed the support of streamed installs
[debug] &amp#27;[35m[ADB]&amp#27;[39m Running 'C:\Users\Anis\AppData\Local\Android\Sdk\platform-tools\adb.exe -P 5037 -s 55272e729804 install -r C:\Users\Anis\eclipse-workspace\Appium\src\ApiDemos-debug.apk'
&amp#27;[35m[ADB]&amp#27;[39m The installation of 'ApiDemos-debug.apk' took 6919ms
[debug] &amp#27;[35m[ADB]&amp#27;[39m Install command stdout: Performing Streamed Install
[debug] &amp#27;[35m[ADB]&amp#27;[39m Success
&amp#27;[35m[AndroidDriver]&amp#27;[39m Performing fast reset on 'io.appium.android.apis'
[debug] &amp#27;[35m[ADB]&amp#27;[39m Getting install status for io.appium.android.apis
[debug] &amp#27;[35m[ADB]&amp#27;[39m Running 'C:\Users\Anis\AppData\Local\Android\Sdk\platform-tools\adb.exe -P 5037 -s 55272e729804 shell dumpsys package io.appium.android.apis'
[debug] &amp#27;[35m[ADB]&amp#27;[39m 'io.appium.android.apis' is installed
[debug] &amp#27;[35m[ADB]&amp#27;[39m Running 'C:\Users\Anis\AppData\Local\Android\Sdk\platform-tools\adb.exe -P 5037 -s 55272e729804 shell am force-stop io.appium.android.apis'
[debug] &amp#27;[35m[ADB]&amp#27;[39m Running 'C:\Users\Anis\AppData\Local\Android\Sdk\platform-tools\adb.exe -P 5037 -s 55272e729804 shell pm clear io.appium.android.apis'
[debug] &amp#27;[35m[AndroidDriver]&amp#27;[39m Performed fast reset on the installed 'io.appium.android.apis' application (stop and clear)
[debug] &amp#27;[35m[UiAutomator2]&amp#27;[39m Performing shallow cleanup of automation leftovers
[debug] &amp#27;[35m[UiAutomator2]&amp#27;[39m The following obsolete sessions are still running: [null]
[debug] &amp#27;[35m[UiAutomator2]&amp#27;[39m Cleaning up the obsolete sessions
[debug] &amp#27;[35m[ADB]&amp#27;[39m Running 'C:\Users\Anis\AppData\Local\Android\Sdk\platform-tools\adb.exe -P 5037 -s 55272e729804 shell am force-stop io.appium.uiautomator2.server.test'
&amp#27;[35m[UiAutomator2]&amp#27;[39m Starting UIAutomator2 server 4.21.1
&amp#27;[35m[UiAutomator2]&amp#27;[39m Using UIAutomator2 server from 'C:\Users\Anis\AppData\Roaming\npm\node_modules\appium\node_modules\appium-uiautomator2-server\apks\appium-uiautomator2-server-v4.21.1.apk' and test from 'C:\Users\Anis\AppData\Roaming\npm\node_modules\appium\node_modules\appium-uiautomator2-server\apks\appium-uiautomator2-server-debug-androidTest.apk'
&amp#27;[35m[UiAutomator2]&amp#27;[39m Waiting up to 30000ms for UiAutomator2 to be online...
[debug] &amp#27;[35m[ADB]&amp#27;[39m Creating ADB subprocess with args: ["-P",5037,"-s","55272e729804","shell","am","instrument","-w","-e","disableAnalytics",true,"io.appium.uiautomator2.server.test/androidx.test.runner.AndroidJUnitRunner"]
[debug] &amp#27;[35m[WD Proxy]&amp#27;[39m Matched '/status' to command name 'getStatus'
[debug] &amp#27;[35m[WD Proxy]&amp#27;[39m Proxying [GET /status] to [GET http://127.0.0.1:8214/wd/hub/status] with no body
&amp#27;[35m[WD Proxy]&amp#27;[39m socket hang up
[debug] &amp#27;[35m[WD Proxy]&amp#27;[39m Matched '/status' to command name 'getStatus'
[debug] &amp#27;[35m[WD Proxy]&amp#27;[39m Proxying [GET /status] to [GET http://127.0.0.1:8214/wd/hub/status] with no body
&amp#27;[35m[WD Proxy]&amp#27;[39m socket hang up
[debug] &amp#27;[35m[Instrumentation]&amp#27;[39m io.appium.uiautomator2.server.test.AppiumUiAutomator2Server:
[debug] &amp#27;[35m[WD Proxy]&amp#27;[39m Matched '/status' to command name 'getStatus'
[debug] &amp#27;[35m[WD Proxy]&amp#27;[39m Proxying [GET /status] to [GET http://127.0.0.1:8214/wd/hub/status] with no body
&amp#27;[35m[WD Proxy]&amp#27;[39m socket hang up
[debug] &amp#27;[35m[WD Proxy]&amp#27;[39m Matched '/status' to command name 'getStatus'
[debug] &amp#27;[35m[WD Proxy]&amp#27;[39m Proxying [GET /status] to [GET http://127.0.0.1:8214/wd/hub/status] with no body
[debug] &amp#27;[35m[WD Proxy]&amp#27;[39m Got response with status 200: {"sessionId":"None","value":{"message":"UiAutomator2 Server is ready to accept commands","ready":true}}
[debug] &amp#27;[35m[UiAutomator2]&amp#27;[39m The initialization of the instrumentation process took 3087ms
[debug] &amp#27;[35m[WD Proxy]&amp#27;[39m Matched '/session' to command name 'createSession'
[debug] &amp#27;[35m[WD Proxy]&amp#27;[39m Proxying [POST /session] to [POST http://127.0.0.1:8214/wd/hub/session] with body: {"capabilities":{"firstMatch":[{"platform":"LINUX","webStorageEnabled":false,"takesScreenshot":true,"javascriptEnabled":true,"databaseEnabled":false,"networkConnectionEnabled":true,"locationContextEnabled":false,"warnings":{},"desired":{"platformName":"android","app":"C:\\Users\\Anis\\eclipse-workspace\\Appium\\src\\ApiDemos-debug.apk","deviceName":"Redmi","newCommandTimeout":14},"platformName":"android","app":"C:\\Users\\Anis\\eclipse-workspace\\Appium\\src\\ApiDemos-debug.apk","deviceName":"55272e729804","newCommandTimeout":14,"deviceUDID":"55272e729804","appPackage":"io.appium.android.apis"}],"alwaysMatch":{}}}
[debug] &amp#27;[35m[WD Proxy]&amp#27;[39m Got response with status 200: {"sessionId":"4e72fe8f-6b36-4d3c-aa46-be013f0079ff","value":{"capabilities":{"firstMatch":[{"platform":"LINUX","webStorageEnabled":false,"takesScreenshot":true,"javascriptEnabled":true,"databaseEnabled":false,"networkConnectionEnabled":true,"locationContextEnabled":false,"warnings":{},"desired":{"platformName":"android","app":"C:\\Users\\Anis\\eclipse-workspace\\Appium\\src\\ApiDemos-debug.apk","deviceName":"Redmi","newCommandTimeout":14},"platformName":"android","app":"C:\\Users\\Anis\\eclipse-workspace\\Appium\\src\\ApiDemos-debug.apk","deviceName":"55272e729804","newCommandTimeout":14,"deviceUDID":"55272e729804","appPackage":"io.appium.android.apis"}],"alwaysMatch":{}},"sessionId":"4e72fe8f-6b36-4d3c-aa46-be013f0079ff"}}
&amp#27;[35m[WD Proxy]&amp#27;[39m Determined the downstream protocol as 'W3C'
[debug] &amp#27;[35m[WD Proxy]&amp#27;[39m Proxying [GET /appium/device/info] to [GET http://127.0.0.1:8214/wd/hub/session/4e72fe8f-6b36-4d3c-aa46-be013f0079ff/appium/device/info] with no body
[debug] &amp#27;[35m[WD Proxy]&amp#27;[39m Got response with status 200: {"sessionId":"4e72fe8f-6b36-4d3c-aa46-be013f0079ff","value":{"androidId":"62e279822e2e3c5b","apiVersion":"24","bluetooth":{"state":"OFF"},"brand":"xiaomi","carrierName":"airtel","displayDensity":480,"locale":"en_GB","manufacturer":"Xiaomi","model":"Redmi Note 4","networks":[{"capabilities":{"SSID":null,"linkDownBandwidthKbps":102400,"linkUpstreamBandwidthKbps":51200,"networkCapabilities":"NET_CAPABILITY_NOT_METERED,NET_CAPABILITY_NOT_RESTRICTED,NET_CAPABILITY_IMS,NET_CAPABILITY_NOT_VPN,NET_CAPABILITY_TRUSTED,NET_CAPABILITY_VALIDATED","signalStrength":-2147483648,"transportTypes":"TRANSPORT_CELLULAR"},"detailedState":"CONNECTED","extraInfo":"ims","isAvailable":true,"isConnected":true,"isFailover":false,"isRoaming":false,"state":"CONNECTED","subtype":13,"subtypeName":"LTE","type":0,"typeName":"MOBILE"},{"capabilities":{"SSID":null,"linkDownBandwidthKbps":102400,"linkUpstreamBandwidthKbps":51200,"networkCapabilities":"NET_CAPABILITY_NOT_RESTRICTED,NET_CAPABILITY_SUPL,NET_CAPABILITY_NOT_VPN,NET_CAPABILITY_INTE...
[debug] &amp#27;[35m[ADB]&amp#27;[39m Running 'C:\Users\Anis\AppData\Local\Android\Sdk\platform-tools\adb.exe -P 5037 -s 55272e729804 shell dumpsys window'
&amp#27;[35m[AndroidDriver]&amp#27;[39m Screen already unlocked, doing nothing
&amp#27;[35m[UiAutomator2]&amp#27;[39m Starting 'io.appium.android.apis/ApiDemos and waiting for 'io.appium.android.apis/ApiDemos'
[debug] &amp#27;[35m[ADB]&amp#27;[39m Running 'C:\Users\Anis\AppData\Local\Android\Sdk\platform-tools\adb.exe -P 5037 -s 55272e729804 shell am start -W -n io.appium.android.apis/ApiDemos -S -a android.intent.action.MAIN -c android.intent.category.LAUNCHER -f 0x10200000'
[debug] &amp#27;[35m[ADB]&amp#27;[39m We tried to start an activity that doesn't exist, retrying with '.ApiDemos' activity name
[debug] &amp#27;[35m[ADB]&amp#27;[39m Running 'C:\Users\Anis\AppData\Local\Android\Sdk\platform-tools\adb.exe -P 5037 -s 55272e729804 shell am start -W -n io.appium.android.apis/.ApiDemos -S -a android.intent.action.MAIN -c android.intent.category.LAUNCHER -f 0x10200000'
[debug] &amp#27;[35m[ADB]&amp#27;[39m Waiting up to 20000ms for activity matching pkg: 'io.appium.android.apis' and activity: 'ApiDemos' to be focused
[debug] &amp#27;[35m[ADB]&amp#27;[39m Possible activities, to be checked: 'ApiDemos', 'io.appium.android.apis.ApiDemos'
[debug] &amp#27;[35m[ADB]&amp#27;[39m Getting focused package and activity
[debug] &amp#27;[35m[ADB]&amp#27;[39m Running 'C:\Users\Anis\AppData\Local\Android\Sdk\platform-tools\adb.exe -P 5037 -s 55272e729804 shell dumpsys window windows'
[debug] &amp#27;[35m[ADB]&amp#27;[39m Found package: 'io.appium.android.apis' and fully qualified activity name : 'io.appium.android.apis.ApiDemos'
[debug] &amp#27;[35m[WD Proxy]&amp#27;[39m Proxying [GET /appium/device/pixel_ratio] to [GET http://127.0.0.1:8214/wd/hub/session/4e72fe8f-6b36-4d3c-aa46-be013f0079ff/appium/device/pixel_ratio] with no body
[debug] &amp#27;[35m[WD Proxy]&amp#27;[39m Got response with status 200: {"sessionId":"4e72fe8f-6b36-4d3c-aa46-be013f0079ff","value":3}
[debug] &amp#27;[35m[WD Proxy]&amp#27;[39m Matched '/appium/device/system_bars' to command name 'getSystemBars'
[debug] &amp#27;[35m[WD Proxy]&amp#27;[39m Proxying [GET /appium/device/system_bars] to [GET http://127.0.0.1:8214/wd/hub/session/4e72fe8f-6b36-4d3c-aa46-be013f0079ff/appium/device/system_bars] with no body
[debug] &amp#27;[35m[WD Proxy]&amp#27;[39m Got response with status 200: {"sessionId":"4e72fe8f-6b36-4d3c-aa46-be013f0079ff","value":{"statusBar":72}}
[debug] &amp#27;[35m[WD Proxy]&amp#27;[39m Matched '/window/current/size' to command name 'getWindowSize'
[debug] &amp#27;[35m[WD Proxy]&amp#27;[39m Proxying [GET /window/current/size] to [GET http://127.0.0.1:8214/wd/hub/session/4e72fe8f-6b36-4d3c-aa46-be013f0079ff/window/current/size] with no body
[debug] &amp#27;[35m[WD Proxy]&amp#27;[39m Got response with status 200: {"sessionId":"4e72fe8f-6b36-4d3c-aa46-be013f0079ff","value":{"height":1920,"width":1080}}
&amp#27;[35m[Appium]&amp#27;[39m New AndroidUiautomator2Driver session created successfully, session 4a132e6b-3c4a-4ba1-aa16-dd61b954d466 added to master session list
[debug] &amp#27;[35m[BaseDriver]&amp#27;[39m Event 'newSessionStarted' logged at 1624011993580 (15:56:33 GMT+0530 (India Standard Time))
[debug] &amp#27;[35m[W3C (4a132e6b)]&amp#27;[39m Cached the protocol value 'W3C' for the new session 4a132e6b-3c4a-4ba1-aa16-dd61b954d466
[debug] &amp#27;[35m[W3C (4a132e6b)]&amp#27;[39m Responding to client with driver.createSession() result: {"capabilities":{"platform":"LINUX","webStorageEnabled":false,"takesScreenshot":true,"javascriptEnabled":true,"databaseEnabled":false,"networkConnectionEnabled":true,"locationContextEnabled":false,"warnings":{},"desired":{"platformName":"android","app":"C:\\Users\\Anis\\eclipse-workspace\\Appium\\src\\ApiDemos-debug.apk","deviceName":"Redmi","newCommandTimeout":14},"platformName":"android","app":"C:\\Users\\Anis\\eclipse-workspace\\Appium\\src\\ApiDemos-debug.apk","deviceName":"55272e729804","newCommandTimeout":14,"deviceUDID":"55272e729804","appPackage":"io.appium.android.apis","deviceApiLevel":24,"platformVersion":"7.0","deviceScreenSize":"1080x1920","deviceScreenDensity":480,"deviceModel":"Redmi Note 4","deviceManufacturer":"Xiaomi","pixelRatio":3,"statBarHeight":72,"viewportRect":{"left":0,"top":72,"width":1080,"height":1848}}}
&amp#27;[35m[HTTP]&amp#27;[39m &amp#27;[37m<-- POST /wd/hub/session &amp#27;[39m&amp#27;[32m200&amp#27;[39m &amp#27;[90m25170 ms - 904&amp#27;[39m
&amp#27;[35m[HTTP]&amp#27;[39m &amp#27;[90m&amp#27;[39m
&amp#27;[35m[HTTP]&amp#27;[39m &amp#27;[37m-->&amp#27;[39m &amp#27;[37mGET&amp#27;[39m &amp#27;[37m/wd/hub/session/4a132e6b-3c4a-4ba1-aa16-dd61b954d466&amp#27;[39m
&amp#27;[35m[HTTP]&amp#27;[39m &amp#27;[90m{}&amp#27;[39m
[debug] &amp#27;[35m[W3C (4a132e6b)]&amp#27;[39m Calling AppiumDriver.getSession() with args: ["4a132e6b-3c4a-4ba1-aa16-dd61b954d466"]
[debug] &amp#27;[35m[UiAutomator2]&amp#27;[39m Getting session details from server to mix in
[debug] &amp#27;[35m[WD Proxy]&amp#27;[39m Matched '/' to command name 'getSession'
[debug] &amp#27;[35m[WD Proxy]&amp#27;[39m Proxying [GET /] to [GET http://127.0.0.1:8214/wd/hub/session/4e72fe8f-6b36-4d3c-aa46-be013f0079ff] with no body
[debug] &amp#27;[35m[WD Proxy]&amp#27;[39m Got response with status 200: {"sessionId":"4e72fe8f-6b36-4d3c-aa46-be013f0079ff","value":{"lastScrollData":null}}
[debug] &amp#27;[35m[W3C (4a132e6b)]&amp#27;[39m Responding to client with driver.getSession() result: {"platform":"LINUX","webStorageEnabled":false,"takesScreenshot":true,"javascriptEnabled":true,"databaseEnabled":false,"networkConnectionEnabled":true,"locationContextEnabled":false,"warnings":{},"desired":{"platformName":"android","app":"C:\\Users\\Anis\\eclipse-workspace\\Appium\\src\\ApiDemos-debug.apk","deviceName":"Redmi","newCommandTimeout":14},"platformName":"android","app":"C:\\Users\\Anis\\eclipse-workspace\\Appium\\src\\ApiDemos-debug.apk","deviceName":"55272e729804","newCommandTimeout":14,"deviceUDID":"55272e729804","appPackage":"io.appium.android.apis","deviceApiLevel":24,"platformVersion":"7.0","deviceScreenSize":"1080x1920","deviceScreenDensity":480,"deviceModel":"Redmi Note 4","deviceManufacturer":"Xiaomi","pixelRatio":3,"statBarHeight":72,"viewportRect":{"left":0,"top":72,"width":1080,"height":1848},"lastScrollData":null}
&amp#27;[35m[HTTP]&amp#27;[39m &amp#27;[37m<-- GET /wd/hub/session/4a132e6b-3c4a-4ba1-aa16-dd61b954d466 &amp#27;[39m&amp#27;[32m200&amp#27;[39m &amp#27;[90m15 ms - 858&amp#27;[39m
&amp#27;[35m[HTTP]&amp#27;[39m &amp#27;[90m&amp#27;[39m
&amp#27;[35m[HTTP]&amp#27;[39m &amp#27;[37m-->&amp#27;[39m &amp#27;[37mGET&amp#27;[39m &amp#27;[37m/wd/hub/session/4a132e6b-3c4a-4ba1-aa16-dd61b954d466&amp#27;[39m
&amp#27;[35m[HTTP]&amp#27;[39m &amp#27;[90m{}&amp#27;[39m
[debug] &amp#27;[35m[W3C (4a132e6b)]&amp#27;[39m Calling AppiumDriver.getSession() with args: ["4a132e6b-3c4a-4ba1-aa16-dd61b954d466"]
[debug] &amp#27;[35m[UiAutomator2]&amp#27;[39m Getting session details from server to mix in
[debug] &amp#27;[35m[WD Proxy]&amp#27;[39m Matched '/' to command name 'getSession'
[debug] &amp#27;[35m[WD Proxy]&amp#27;[39m Proxying [GET /] to [GET http://127.0.0.1:8214/wd/hub/session/4e72fe8f-6b36-4d3c-aa46-be013f0079ff] with no body
[debug] &amp#27;[35m[WD Proxy]&amp#27;[39m Got response with status 200: {"sessionId":"4e72fe8f-6b36-4d3c-aa46-be013f0079ff","value":{"lastScrollData":null}}
[debug] &amp#27;[35m[W3C (4a132e6b)]&amp#27;[39m Responding to client with driver.getSession() result: {"platform":"LINUX","webStorageEnabled":false,"takesScreenshot":true,"javascriptEnabled":true,"databaseEnabled":false,"networkConnectionEnabled":true,"locationContextEnabled":false,"warnings":{},"desired":{"platformName":"android","app":"C:\\Users\\Anis\\eclipse-workspace\\Appium\\src\\ApiDemos-debug.apk","deviceName":"Redmi","newCommandTimeout":14},"platformName":"android","app":"C:\\Users\\Anis\\eclipse-workspace\\Appium\\src\\ApiDemos-debug.apk","deviceName":"55272e729804","newCommandTimeout":14,"deviceUDID":"55272e729804","appPackage":"io.appium.android.apis","deviceApiLevel":24,"platformVersion":"7.0","deviceScreenSize":"1080x1920","deviceScreenDensity":480,"deviceModel":"Redmi Note 4","deviceManufacturer":"Xiaomi","pixelRatio":3,"statBarHeight":72,"viewportRect":{"left":0,"top":72,"width":1080,"height":1848},"lastScrollData":null}
&amp#27;[35m[HTTP]&amp#27;[39m &amp#27;[37m<-- GET /wd/hub/session/4a132e6b-3c4a-4ba1-aa16-dd61b954d466 &amp#27;[39m&amp#27;[32m200&amp#27;[39m &amp#27;[90m11 ms - 858&amp#27;[39m
&amp#27;[35m[HTTP]&amp#27;[39m &amp#27;[90m&amp#27;[39m
&amp#27;[35m[HTTP]&amp#27;[39m &amp#27;[37m-->&amp#27;[39m &amp#27;[37mGET&amp#27;[39m &amp#27;[37m/wd/hub/session/4a132e6b-3c4a-4ba1-aa16-dd61b954d466&amp#27;[39m
&amp#27;[35m[HTTP]&amp#27;[39m &amp#27;[90m{}&amp#27;[39m
[debug] &amp#27;[35m[W3C (4a132e6b)]&amp#27;[39m Calling AppiumDriver.getSession() with args: ["4a132e6b-3c4a-4ba1-aa16-dd61b954d466"]
[debug] &amp#27;[35m[UiAutomator2]&amp#27;[39m Getting session details from server to mix in
[debug] &amp#27;[35m[WD Proxy]&amp#27;[39m Matched '/' to command name 'getSession'
[debug] &amp#27;[35m[WD Proxy]&amp#27;[39m Proxying [GET /] to [GET http://127.0.0.1:8214/wd/hub/session/4e72fe8f-6b36-4d3c-aa46-be013f0079ff] with no body
[debug] &amp#27;[35m[WD Proxy]&amp#27;[39m Got response with status 200: {"sessionId":"4e72fe8f-6b36-4d3c-aa46-be013f0079ff","value":{"lastScrollData":null}}
[debug] &amp#27;[35m[W3C (4a132e6b)]&amp#27;[39m Responding to client with driver.getSession() result: {"platform":"LINUX","webStorageEnabled":false,"takesScreenshot":true,"javascriptEnabled":true,"databaseEnabled":false,"networkConnectionEnabled":true,"locationContextEnabled":false,"warnings":{},"desired":{"platformName":"android","app":"C:\\Users\\Anis\\eclipse-workspace\\Appium\\src\\ApiDemos-debug.apk","deviceName":"Redmi","newCommandTimeout":14},"platformName":"android","app":"C:\\Users\\Anis\\eclipse-workspace\\Appium\\src\\ApiDemos-debug.apk","deviceName":"55272e729804","newCommandTimeout":14,"deviceUDID":"55272e729804","appPackage":"io.appium.android.apis","deviceApiLevel":24,"platformVersion":"7.0","deviceScreenSize":"1080x1920","deviceScreenDensity":480,"deviceModel":"Redmi Note 4","deviceManufacturer":"Xiaomi","pixelRatio":3,"statBarHeight":72,"viewportRect":{"left":0,"top":72,"width":1080,"height":1848},"lastScrollData":null}
&amp#27;[35m[HTTP]&amp#27;[39m &amp#27;[37m<-- GET /wd/hub/session/4a132e6b-3c4a-4ba1-aa16-dd61b954d466 &amp#27;[39m&amp#27;[32m200&amp#27;[39m &amp#27;[90m11 ms - 858&amp#27;[39m
&amp#27;[35m[HTTP]&amp#27;[39m &amp#27;[90m&amp#27;[39m
&amp#27;[35m[HTTP]&amp#27;[39m &amp#27;[37m-->&amp#27;[39m &amp#27;[37mGET&amp#27;[39m &amp#27;[37m/wd/hub/session/4a132e6b-3c4a-4ba1-aa16-dd61b954d466&amp#27;[39m
&amp#27;[35m[HTTP]&amp#27;[39m &amp#27;[90m{}&amp#27;[39m
[debug] &amp#27;[35m[W3C (4a132e6b)]&amp#27;[39m Calling AppiumDriver.getSession() with args: ["4a132e6b-3c4a-4ba1-aa16-dd61b954d466"]
[debug] &amp#27;[35m[UiAutomator2]&amp#27;[39m Getting session details from server to mix in
[debug] &amp#27;[35m[WD Proxy]&amp#27;[39m Matched '/' to command name 'getSession'
[debug] &amp#27;[35m[WD Proxy]&amp#27;[39m Proxying [GET /] to [GET http://127.0.0.1:8214/wd/hub/session/4e72fe8f-6b36-4d3c-aa46-be013f0079ff] with no body
[debug] &amp#27;[35m[WD Proxy]&amp#27;[39m Got response with status 200: {"sessionId":"4e72fe8f-6b36-4d3c-aa46-be013f0079ff","value":{"lastScrollData":null}}
[debug] &amp#27;[35m[W3C (4a132e6b)]&amp#27;[39m Responding to client with driver.getSession() result: {"platform":"LINUX","webStorageEnabled":false,"takesScreenshot":true,"javascriptEnabled":true,"databaseEnabled":false,"networkConnectionEnabled":true,"locationContextEnabled":false,"warnings":{},"desired":{"platformName":"android","app":"C:\\Users\\Anis\\eclipse-workspace\\Appium\\src\\ApiDemos-debug.apk","deviceName":"Redmi","newCommandTimeout":14},"platformName":"android","app":"C:\\Users\\Anis\\eclipse-workspace\\Appium\\src\\ApiDemos-debug.apk","deviceName":"55272e729804","newCommandTimeout":14,"deviceUDID":"55272e729804","appPackage":"io.appium.android.apis","deviceApiLevel":24,"platformVersion":"7.0","deviceScreenSize":"1080x1920","deviceScreenDensity":480,"deviceModel":"Redmi Note 4","deviceManufacturer":"Xiaomi","pixelRatio":3,"statBarHeight":72,"viewportRect":{"left":0,"top":72,"width":1080,"height":1848},"lastScrollData":null}
&amp#27;[35m[HTTP]&amp#27;[39m &amp#27;[37m<-- GET /wd/hub/session/4a132e6b-3c4a-4ba1-aa16-dd61b954d466 &amp#27;[39m&amp#27;[32m200&amp#27;[39m &amp#27;[90m10 ms - 858&amp#27;[39m
&amp#27;[35m[HTTP]&amp#27;[39m &amp#27;[90m&amp#27;[39m
&amp#27;[35m[HTTP]&amp#27;[39m &amp#27;[37m-->&amp#27;[39m &amp#27;[37mPOST&amp#27;[39m &amp#27;[37m/wd/hub/session/4a132e6b-3c4a-4ba1-aa16-dd61b954d466/timeouts&amp#27;[39m
&amp#27;[35m[HTTP]&amp#27;[39m &amp#27;[90m{"implicit":10000}&amp#27;[39m
[debug] &amp#27;[35m[W3C (4a132e6b)]&amp#27;[39m Calling AppiumDriver.timeouts() with args: [null,null,null,null,10000,"4a132e6b-3c4a-4ba1-aa16-dd61b954d466"]
[debug] &amp#27;[35m[BaseDriver]&amp#27;[39m W3C timeout argument: {"implicit":10000}}
[debug] &amp#27;[35m[BaseDriver]&amp#27;[39m Set implicit wait to 10000ms
[debug] &amp#27;[35m[W3C (4a132e6b)]&amp#27;[39m Responding to client with driver.timeouts() result: null
&amp#27;[35m[HTTP]&amp#27;[39m &amp#27;[37m<-- POST /wd/hub/session/4a132e6b-3c4a-4ba1-aa16-dd61b954d466/timeouts &amp#27;[39m&amp#27;[32m200&amp#27;[39m &amp#27;[90m6 ms - 14&amp#27;[39m
&amp#27;[35m[HTTP]&amp#27;[39m &amp#27;[90m&amp#27;[39m
[INFO ] 2021-06-18 15:56:33.688 [main] Listeners - *******************ApiDemoTest.osTest started*******************
&amp#27;[35m[HTTP]&amp#27;[39m &amp#27;[37m-->&amp#27;[39m &amp#27;[37mGET&amp#27;[39m &amp#27;[37m/wd/hub/session/4a132e6b-3c4a-4ba1-aa16-dd61b954d466&amp#27;[39m
&amp#27;[35m[HTTP]&amp#27;[39m &amp#27;[90m{}&amp#27;[39m
[debug] &amp#27;[35m[W3C (4a132e6b)]&amp#27;[39m Calling AppiumDriver.getSession() with args: ["4a132e6b-3c4a-4ba1-aa16-dd61b954d466"]
[debug] &amp#27;[35m[UiAutomator2]&amp#27;[39m Getting session details from server to mix in
[debug] &amp#27;[35m[WD Proxy]&amp#27;[39m Matched '/' to command name 'getSession'
[debug] &amp#27;[35m[WD Proxy]&amp#27;[39m Proxying [GET /] to [GET http://127.0.0.1:8214/wd/hub/session/4e72fe8f-6b36-4d3c-aa46-be013f0079ff] with no body
[debug] &amp#27;[35m[WD Proxy]&amp#27;[39m Got response with status 200: {"sessionId":"4e72fe8f-6b36-4d3c-aa46-be013f0079ff","value":{"lastScrollData":null}}
[debug] &amp#27;[35m[W3C (4a132e6b)]&amp#27;[39m Responding to client with driver.getSession() result: {"platform":"LINUX","webStorageEnabled":false,"takesScreenshot":true,"javascriptEnabled":true,"databaseEnabled":false,"networkConnectionEnabled":true,"locationContextEnabled":false,"warnings":{},"desired":{"platformName":"android","app":"C:\\Users\\Anis\\eclipse-workspace\\Appium\\src\\ApiDemos-debug.apk","deviceName":"Redmi","newCommandTimeout":14},"platformName":"android","app":"C:\\Users\\Anis\\eclipse-workspace\\Appium\\src\\ApiDemos-debug.apk","deviceName":"55272e729804","newCommandTimeout":14,"deviceUDID":"55272e729804","appPackage":"io.appium.android.apis","deviceApiLevel":24,"platformVersion":"7.0","deviceScreenSize":"1080x1920","deviceScreenDensity":480,"deviceModel":"Redmi Note 4","deviceManufacturer":"Xiaomi","pixelRatio":3,"statBarHeight":72,"viewportRect":{"left":0,"top":72,"width":1080,"height":1848},"lastScrollData":null}
&amp#27;[35m[HTTP]&amp#27;[39m &amp#27;[37m<-- GET /wd/hub/session/4a132e6b-3c4a-4ba1-aa16-dd61b954d466 &amp#27;[39m&amp#27;[32m200&amp#27;[39m &amp#27;[90m13 ms - 858&amp#27;[39m
&amp#27;[35m[HTTP]&amp#27;[39m &amp#27;[90m&amp#27;[39m
&amp#27;[35m[HTTP]&amp#27;[39m &amp#27;[37m-->&amp#27;[39m &amp#27;[37mGET&amp#27;[39m &amp#27;[37m/wd/hub/session/4a132e6b-3c4a-4ba1-aa16-dd61b954d466&amp#27;[39m
&amp#27;[35m[HTTP]&amp#27;[39m &amp#27;[90m{}&amp#27;[39m
[debug] &amp#27;[35m[W3C (4a132e6b)]&amp#27;[39m Calling AppiumDriver.getSession() with args: ["4a132e6b-3c4a-4ba1-aa16-dd61b954d466"]
[debug] &amp#27;[35m[UiAutomator2]&amp#27;[39m Getting session details from server to mix in
[debug] &amp#27;[35m[WD Proxy]&amp#27;[39m Matched '/' to command name 'getSession'
[debug] &amp#27;[35m[WD Proxy]&amp#27;[39m Proxying [GET /] to [GET http://127.0.0.1:8214/wd/hub/session/4e72fe8f-6b36-4d3c-aa46-be013f0079ff] with no body
[debug] &amp#27;[35m[WD Proxy]&amp#27;[39m Got response with status 200: {"sessionId":"4e72fe8f-6b36-4d3c-aa46-be013f0079ff","value":{"lastScrollData":null}}
[debug] &amp#27;[35m[W3C (4a132e6b)]&amp#27;[39m Responding to client with driver.getSession() result: {"platform":"LINUX","webStorageEnabled":false,"takesScreenshot":true,"javascriptEnabled":true,"databaseEnabled":false,"networkConnectionEnabled":true,"locationContextEnabled":false,"warnings":{},"desired":{"platformName":"android","app":"C:\\Users\\Anis\\eclipse-workspace\\Appium\\src\\ApiDemos-debug.apk","deviceName":"Redmi","newCommandTimeout":14},"platformName":"android","app":"C:\\Users\\Anis\\eclipse-workspace\\Appium\\src\\ApiDemos-debug.apk","deviceName":"55272e729804","newCommandTimeout":14,"deviceUDID":"55272e729804","appPackage":"io.appium.android.apis","deviceApiLevel":24,"platformVersion":"7.0","deviceScreenSize":"1080x1920","deviceScreenDensity":480,"deviceModel":"Redmi Note 4","deviceManufacturer":"Xiaomi","pixelRatio":3,"statBarHeight":72,"viewportRect":{"left":0,"top":72,"width":1080,"heigh[INFO ] 2021-06-18 15:56:33.720 [main] ExplicitWait - Waiting for element to be visible: Located by By.chained({By.xpath: //android.widget.TextView[@content-desc="OS"]})
t":1848},"lastScrollData":null}
&amp#27;[35m[H[INFO ] 2021-06-18 15:56:33.721 [main] ExplicitWait - Waiting for element to be visible: Located by By.chained({By.xpath: //android.widget.TextView[@content-desc="OS"]})
TTP]&amp#27;[39m &amp#27;[37m<-- GET /wd/hub/session/4a132e6b-3c4a-4ba1-aa16-dd61b954d466 &amp#27;[39m&amp#27;[32m200&amp#27;[39m &amp#27;[90m10 ms - 858&amp#27;[39m
&amp#27;[35m[HTTP]&amp#27;[39m &amp#27;[90m&amp#27;[39m
&amp#27;[35m[HTTP]&amp#27;[39m &amp#27;[37m-->&amp#27;[39m &amp#27;[37mPOST&amp#27;[39m &amp#27;[37m/wd/hub/session/4a132e6b-3c4a-4ba1-aa16-dd61b954d466/timeouts&amp#27;[39m
&amp#27;[35m[HTTP]&amp#27;[39m &amp#27;[90m{"implicit":0}&amp#27;[39m
[debug] &amp#27;[35m[W3C (4a132e6b)]&amp#27;[39m Calling AppiumDriver.timeouts() with args: [null,null,null,null,0,"4a132e6b-3c4a-4ba1-aa16-dd61b954d466"]
[debug] &amp#27;[35m[BaseDriver]&amp#27;[39m W3C timeout argument: {"implicit":0}}
[debug] &amp#27;[35m[BaseDriver]&amp#27;[39m Set implicit wait to 0ms
[debug] &amp#27;[35m[W3C (4a132e6b)]&amp#27;[39m Responding to client with driver.timeouts() result: null
&amp#27;[35m[HTTP]&amp#27;[39m &amp#27;[37m<-- POST /wd/hub/session/4a132e6b-3c4a-4ba1-aa16-dd61b954d466/timeouts &amp#27;[39m&amp#27;[32m200&amp#27;[39m &amp#27;[90m5 ms - 14&amp#27;[39m
&amp#27;[35m[HTTP]&amp#27;[39m &amp#27;[90m&amp#27;[39m
&amp#27;[35m[HTTP]&amp#27;[39m &amp#27;[37m-->&amp#27;[39m &amp#27;[37mGET&amp#27;[39m &amp#27;[37m/wd/hub/session/4a132e6b-3c4a-4ba1-aa16-dd61b954d466&amp#27;[39m
&amp#27;[35m[HTTP]&amp#27;[39m &amp#27;[90m{}&amp#27;[39m
[debug] &amp#27;[35m[W3C (4a132e6b)]&amp#27;[39m Calling AppiumDriver.getSession() with args: ["4a132e6b-3c4a-4ba1-aa16-dd61b954d466"]
[debug] &amp#27;[35m[UiAutomator2]&amp#27;[39m Getting session details from server to mix in
[debug] &amp#27;[35m[WD Proxy]&amp#27;[39m Matched '/' to command name 'getSession'
[debug] &amp#27;[35m[WD Proxy]&amp#27;[39m Proxying [GET /] to [GET http://127.0.0.1:8214/wd/hub/session/4e72fe8f-6b36-4d3c-aa46-be013f0079ff] with no body
[debug] &amp#27;[35m[WD Proxy]&amp#27;[39m Got response with status 200: {"sessionId":"4e72fe8f-6b36-4d3c-aa46-be013f0079ff","value":{"lastScrollData":null}}
[debug] &amp#27;[35m[W3C (4a132e6b)]&amp#27;[39m Responding to client with driver.getSession() result: {"platform":"LINUX","webStorageEnabled":false,"takesScreenshot":true,"javascriptEnabled":true,"databaseEnabled":false,"networkConnectionEnabled":true,"locationContextEnabled":false,"warnings":{},"desired":{"platformName":"android","app":"C:\\Users\\Anis\\eclipse-workspace\\Appium\\src\\ApiDemos-debug.apk","deviceName":"Redmi","newCommandTimeout":14},"platformName":"android","app":"C:\\Users\\Anis\\eclipse-workspace\\Appium\\src\\ApiDemos-debug.apk","deviceName":"55272e729804","newCommandTimeout":14,"deviceUDID":"55272e729804","appPackage":"io.appium.android.apis","deviceApiLevel":24,"platformVersion":"7.0","deviceScreenSize":"1080x1920","deviceScreenDensity":480,"deviceModel":"Redmi Note 4","deviceManufacturer":"Xiaomi","pixelRatio":3,"statBarHeight":72,"viewportRect":{"left":0,"top":72,"width":1080,"height":1848},"lastScrollData":null}
&amp#27;[35m[HTTP]&amp#27;[39m &amp#27;[37m<-- GET /wd/hub/session/4a132e6b-3c4a-4ba1-aa16-dd61b954d466 &amp#27;[39m&amp#27;[32m200&amp#27;[39m &amp#27;[90m11 ms - 858&amp#27;[39m
&amp#27;[35m[HTTP]&amp#27;[39m &amp#27;[90m&amp#27;[39m
&amp#27;[35m[HTTP]&amp#27;[39m &amp#27;[37m-->&amp#27;[39m &amp#27;[37mPOST&amp#27;[39m &amp#27;[37m/wd/hub/session/4a132e6b-3c4a-4ba1-aa16-dd61b954d466/element&amp#27;[39m
&amp#27;[35m[HTTP]&amp#27;[39m &amp#27;[90m{"using":"xpath","value":"//android.widget.TextView[@content-desc=\"OS\"]"}&amp#27;[39m
[debug] &amp#27;[35m[W3C (4a132e6b)]&amp#27;[39m Calling AppiumDriver.findElement() with args: ["xpath","//android.widget.TextView[@content-desc=\"OS\"]","4a132e6b-3c4a-4ba1-aa16-dd61b954d466"]
[debug] &amp#27;[35m[BaseDriver]&amp#27;[39m Valid locator strategies for this request: xpath, id, class name, accessibility id, css selector, -android uiautomator
[debug] &amp#27;[35m[BaseDriver]&amp#27;[39m Waiting up to 0 ms for condition
[debug] &amp#27;[35m[WD Proxy]&amp#27;[39m Matched '/element' to command name 'findElement'
[debug] &amp#27;[35m[WD Proxy]&amp#27;[39m Proxying [POST /element] to [POST http://127.0.0.1:8214/wd/hub/session/4e72fe8f-6b36-4d3c-aa46-be013f0079ff/element] with body: {"strategy":"xpath","selector":"//android.widget.TextView[@content-desc=\"OS\"]","context":"","multiple":false}
[debug] &amp#27;[35m[WD Proxy]&amp#27;[39m Got response with status 200: {"sessionId":"4e72fe8f-6b36-4d3c-aa46-be013f0079ff","value":{"ELEMENT":"73cd3690-9815-4ffa-a17a-b4fe1c6c67c9","element-6066-11e4-a52e-4f735466cecf":"73cd3690-9815-4ffa-a17a-b4fe1c6c67c9"}}
[debug] &amp#27;[35m[W3C (4a132e6b)]&amp#27;[39m Responding to client with driver.findElement() result: {"element-6066-11e4-a52e-4f735466cecf":"73cd3690-9815-4ffa-a17a-b4fe1c6c67c9","ELEMENT":"73cd3690-9815-4ffa-a17a-b4fe1c6c67c9"}
&amp#27;[35m[HTTP]&amp#27;[39m &amp#27;[37m<-- POST /wd/hub/session/4a132e6b-3c4a-4ba1-aa16-dd61b954d466/element &amp#27;[39m&amp#27;[32m200&amp#27;[39m &amp#27;[90m154 ms - 137&amp#27;[39m
&amp#27;[35m[HTTP]&amp#27;[39m &amp#27;[90m&amp#27;[39m
&amp#27;[35m[HTTP]&amp#27;[39m &amp#27;[37m-->&amp#27;[39m &amp#27;[37mGET&amp#27;[39m &amp#27;[37m/wd/hub/session/4a132e6b-3c4a-4ba1-aa16-dd61b954d466/element/73cd3690-9815-4ffa-a17a-b4fe1c6c67c9/displayed&amp#27;[39m
&amp#27;[35m[HTTP]&amp#27;[39m &amp#27;[90m{}&amp#27;[39m
[debug] &amp#27;[35m[W3C (4a132e6b)]&amp#27;[39m Calling AppiumDriver.elementDisplayed() with args: ["73cd3690-9815-4ffa-a17a-b4fe1c6c67c9","4a132e6b-3c4a-4ba1-aa16-dd61b954d466"]
[debug] &amp#27;[35m[WD Proxy]&amp#27;[39m Matched '/element/73cd3690-9815-4ffa-a17a-b4fe1c6c67c9/attribute/displayed' to command name 'getAttribute'
[debug] &amp#27;[35m[WD Proxy]&amp#27;[39m Proxying [GET /element/73cd3690-9815-4ffa-a17a-b4fe1c6c67c9/attribute/displayed] to [GET http://127.0.0.1:8214/wd/hub/session/4e72fe8f-6b36-4d3c-aa46-be013f0079ff/element/73cd3690-9815-4ffa-a17a-b4fe1c6c67c9/attribute/displayed] with no body
[debug] &amp#27;[35m[WD Proxy]&amp#27;[39m Got response with status 200: {"sessionId":"4e72fe8f-6b36-4d3c-aa46-be013f0079ff","value":"true"}
[debug] &amp#27;[35m[W3C (4a132e6b)]&amp#27;[39m Responding to client with driver.elementDisplayed() result: true
&amp#27;[35m[HTTP]&amp#27;[39m &amp#27;[37m<-- GET /wd/hub/session/4a132e6b-3c4a-4ba1-aa16-dd61b954d466/element/73cd3690-9815-4ffa-a17a-b4fe1c6c67c9/displayed &amp#27;[39m&amp#27;[32m200&amp#27;[39m &amp#27;[90m20 ms - 14&amp#27;[39m
&amp#27;[35m[HTTP]&amp#27;[39m &amp#27;[90m&amp#27;[39m
&amp#27;[35m[HTTP]&amp#27;[39m &amp#27;[37m-->&amp#27;[39m &amp#27;[37mPOST&amp#27;[39m &amp#27;[37m/wd/hub/session/4a132e6b-3c4a-4ba1-aa16-dd61b954d466/timeouts&amp#27;[39m
&amp#27;[35m[HTTP]&amp#27;[39m &amp#27;[90m{"implicit":10000}&amp#27;[39m
[debug] &amp#27;[35m[W3C (4a132e6b)]&amp#27;[39m Calling AppiumDriver.timeouts() with args: [null,null,null,null,10000,"4a132e6b-3c4a-4ba1-aa16-dd61b954d466"]
[debug] &amp#27;[35m[BaseDriver]&amp#27;[39m W3C timeout argument: {"implicit":10000}}
[debug] &amp#27;[35m[BaseDriver]&amp#27;[39m Set implicit wait to 10000ms
[debug] &amp#27;[35m[W3C (4a132e6b)]&amp#27;[39m Responding to client with driver.timeouts() result: null
[INFO ] 2021-06-18 15:56:33.954 [main] HomePage - Clicks The Operating System
&amp#27;[35m[HTTP]&amp#27;[39m &amp#27;[3[INFO ] 2021-06-18 15:56:33.954 [main] ExplicitWait - Waiting for element to be clickable: Located by By.chained({By.xpath: //android.widget.TextView[@content-desc="OS"]})
7m<-- POST /wd/hub/session/4a132e6b-3c4a-4ba1-aa16-dd61b954d466/timeouts &amp#27;[39m&amp#27;[32m200&amp#27;[39m &amp#27;[90m3 ms - 14&amp#27;[39m
&amp#27;[35m[HTTP]&amp#27;[39m &amp#27;[90m&amp#27;[39m
&amp#27;[35m[HTTP]&amp#27;[39m &amp#27;[37m-->&amp#27;[39m &amp#27;[37mPOST&amp#27;[39m &amp#27;[37m/wd/hub/session/4a132e6b-3c4a-4ba1-aa16-dd61b954d466/timeouts&amp#27;[39m
&amp#27;[35m[HTTP]&amp#27;[39m &amp#27;[90m{"implicit":0}&amp#27;[39m
[debug] &amp#27;[35m[W3C (4a132e6b)]&amp#27;[39m Calling AppiumDriver.timeouts() with args: [null,null,null,null,0,"4a132e6b-3c4a-4ba1-aa16-dd61b954d466"]
[debug] &amp#27;[35m[BaseDriver]&amp#27;[39m W3C timeout argument: {"implicit":0}}
[debug] &amp#27;[35m[BaseDriver]&amp#27;[39m Set implicit wait to 0ms
[debug] &amp#27;[35m[W3C (4a132e6b)]&amp#27;[39m Responding to client with driver.timeouts() result: null
&amp#27;[35m[HTTP]&amp#27;[39m &amp#27;[37m<-- POST /wd/hub/session/4a132e6b-3c4a-4ba1-aa16-dd61b954d466/timeouts &amp#27;[39m&amp#27;[32m200&amp#27;[39m &amp#27;[90m4 ms - 14&amp#27;[39m
&amp#27;[35m[HTTP]&amp#27;[39m &amp#27;[90m&amp#27;[39m
&amp#27;[35m[HTTP]&amp#27;[39m &amp#27;[37m-->&amp#27;[39m &amp#27;[37mGET&amp#27;[39m &amp#27;[37m/wd/hub/session/4a132e6b-3c4a-4ba1-aa16-dd61b954d466&amp#27;[39m
&amp#27;[35m[HTTP]&amp#27;[39m &amp#27;[90m{}&amp#27;[39m
[debug] &amp#27;[35m[W3C (4a132e6b)]&amp#27;[39m Calling AppiumDriver.getSession() with args: ["4a132e6b-3c4a-4ba1-aa16-dd61b954d466"]
[debug] &amp#27;[35m[UiAutomator2]&amp#27;[39m Getting session details from server to mix in
[debug] &amp#27;[35m[WD Proxy]&amp#27;[39m Matched '/' to command name 'getSession'
[debug] &amp#27;[35m[WD Proxy]&amp#27;[39m Proxying [GET /] to [GET http://127.0.0.1:8214/wd/hub/session/4e72fe8f-6b36-4d3c-aa46-be013f0079ff] with no body
[debug] &amp#27;[35m[WD Proxy]&amp#27;[39m Got response with status 200: {"sessionId":"4e72fe8f-6b36-4d3c-aa46-be013f0079ff","value":{"lastScrollData":null}}
[debug] &amp#27;[35m[W3C (4a132e6b)]&amp#27;[39m Responding to client with driver.getSession() result: {"platform":"LINUX","webStorageEnabled":false,"takesScreenshot":true,"javascriptEnabled":true,"databaseEnabled":false,"networkConnectionEnabled":true,"locationContextEnabled":false,"warnings":{},"desired":{"platformName":"android","app":"C:\\Users\\Anis\\eclipse-workspace\\Appium\\src\\ApiDemos-debug.apk","deviceName":"Redmi","newCommandTimeout":14},"platformName":"android","app":"C:\\Users\\Anis\\eclipse-workspace\\Appium\\src\\ApiDemos-debug.apk","deviceName":"55272e729804","newCommandTimeout":14,"deviceUDID":"55272e729804","appPackage":"io.appium.android.apis","deviceApiLevel":24,"platformVersion":"7.0","deviceScreenSize":"1080x1920","deviceScreenDensity":480,"deviceModel":"Redmi Note 4","deviceManufacturer":"Xiaomi","pixelRatio":3,"statBarHeight":72,"viewportRect":{"left":0,"top":72,"width":1080,"height":1848},"lastScrollData":null}
&amp#27;[35m[HTTP]&amp#27;[39m &amp#27;[37m<-- GET /wd/hub/session/4a132e6b-3c4a-4ba1-aa16-dd61b954d466 &amp#27;[39m&amp#27;[32m200&amp#27;[39m &amp#27;[90m9 ms - 858&amp#27;[39m
&amp#27;[35m[HTTP]&amp#27;[39m &amp#27;[90m&amp#27;[39m
&amp#27;[35m[HTTP]&amp#27;[39m &amp#27;[37m-->&amp#27;[39m &amp#27;[37mPOST&amp#27;[39m &amp#27;[37m/wd/hub/session/4a132e6b-3c4a-4ba1-aa16-dd61b954d466/element&amp#27;[39m
&amp#27;[35m[HTTP]&amp#27;[39m &amp#27;[90m{"using":"xpath","value":"//android.widget.TextView[@content-desc=\"OS\"]"}&amp#27;[39m
[debug] &amp#27;[35m[W3C (4a132e6b)]&amp#27;[39m Calling AppiumDriver.findElement() with args: ["xpath","//android.widget.TextView[@content-desc=\"OS\"]","4a132e6b-3c4a-4ba1-aa16-dd61b954d466"]
[debug] &amp#27;[35m[BaseDriver]&amp#27;[39m Valid locator strategies for this request: xpath, id, class name, accessibility id, css selector, -android uiautomator
[debug] &amp#27;[35m[BaseDriver]&amp#27;[39m Waiting up to 0 ms for condition
[debug] &amp#27;[35m[WD Proxy]&amp#27;[39m Matched '/element' to command name 'findElement'
[debug] &amp#27;[35m[WD Proxy]&amp#27;[39m Proxying [POST /element] to [POST http://127.0.0.1:8214/wd/hub/session/4e72fe8f-6b36-4d3c-aa46-be013f0079ff/element] with body: {"strategy":"xpath","selector":"//android.widget.TextView[@content-desc=\"OS\"]","context":"","multiple":false}
[debug] &amp#27;[35m[WD Proxy]&amp#27;[39m Got response with status 200: {"sessionId":"4e72fe8f-6b36-4d3c-aa46-be013f0079ff","value":{"ELEMENT":"9c073ee2-fe2f-4a6b-ac02-efcc8f9d4563","element-6066-11e4-a52e-4f735466cecf":"9c073ee2-fe2f-4a6b-ac02-efcc8f9d4563"}}
[debug] &amp#27;[35m[W3C (4a132e6b)]&amp#27;[39m Responding to client with driver.findElement() result: {"element-6066-11e4-a52e-4f735466cecf":"9c073ee2-fe2f-4a6b-ac02-efcc8f9d4563","ELEMENT":"9c073ee2-fe2f-4a6b-ac02-efcc8f9d4563"}
&amp#27;[35m[HTTP]&amp#27;[39m &amp#27;[37m<-- POST /wd/hub/session/4a132e6b-3c4a-4ba1-aa16-dd61b954d466/element &amp#27;[39m&amp#27;[32m200&amp#27;[39m &amp#27;[90m35 ms - 137&amp#27;[39m
&amp#27;[35m[HTTP]&amp#27;[39m &amp#27;[90m&amp#27;[39m
&amp#27;[35m[HTTP]&amp#27;[39m &amp#27;[37m-->&amp#27;[39m &amp#27;[37mGET&amp#27;[39m &amp#27;[37m/wd/hub/session/4a132e6b-3c4a-4ba1-aa16-dd61b954d466/element/9c073ee2-fe2f-4a6b-ac02-efcc8f9d4563/displayed&amp#27;[39m
&amp#27;[35m[HTTP]&amp#27;[39m &amp#27;[90m{}&amp#27;[39m
[debug] &amp#27;[35m[W3C (4a132e6b)]&amp#27;[39m Calling AppiumDriver.elementDisplayed() with args: ["9c073ee2-fe2f-4a6b-ac02-efcc8f9d4563","4a132e6b-3c4a-4ba1-aa16-dd61b954d466"]
[debug] &amp#27;[35m[WD Proxy]&amp#27;[39m Matched '/element/9c073ee2-fe2f-4a6b-ac02-efcc8f9d4563/attribute/displayed' to command name 'getAttribute'
[debug] &amp#27;[35m[WD Proxy]&amp#27;[39m Proxying [GET /element/9c073ee2-fe2f-4a6b-ac02-efcc8f9d4563/attribute/displayed] to [GET http://127.0.0.1:8214/wd/hub/session/4e72fe8f-6b36-4d3c-aa46-be013f0079ff/element/9c073ee2-fe2f-4a6b-ac02-efcc8f9d4563/attribute/displayed] with no body
[debug] &amp#27;[35m[WD Proxy]&amp#27;[39m Got response with status 200: {"sessionId":"4e72fe8f-6b36-4d3c-aa46-be013f0079ff","value":"true"}
[debug] &amp#27;[35m[W3C (4a132e6b)]&amp#27;[39m Responding to client with driver.elementDisplayed() result: true
&amp#27;[35m[HTTP]&amp#27;[39m &amp#27;[37m<-- GET /wd/hub/session/4a132e6b-3c4a-4ba1-aa16-dd61b954d466/element/9c073ee2-fe2f-4a6b-ac02-efcc8f9d4563/displayed &amp#27;[39m&amp#27;[32m200&amp#27;[39m &amp#27;[90m18 ms - 14&amp#27;[39m
&amp#27;[35m[HTTP]&amp#27;[39m &amp#27;[90m&amp#27;[39m
&amp#27;[35m[HTTP]&amp#27;[39m &amp#27;[37m-->&amp#27;[39m &amp#27;[37mGET&amp#27;[39m &amp#27;[37m/wd/hub/session/4a132e6b-3c4a-4ba1-aa16-dd61b954d466&amp#27;[39m
&amp#27;[35m[HTTP]&amp#27;[39m &amp#27;[90m{}&amp#27;[39m
[debug] &amp#27;[35m[W3C (4a132e6b)]&amp#27;[39m Calling AppiumDriver.getSession() with args: ["4a132e6b-3c4a-4ba1-aa16-dd61b954d466"]
[debug] &amp#27;[35m[UiAutomator2]&amp#27;[39m Getting session details from server to mix in
[debug] &amp#27;[35m[WD Proxy]&amp#27;[39m Matched '/' to command name 'getSession'
[debug] &amp#27;[35m[WD Proxy]&amp#27;[39m Proxying [GET /] to [GET http://127.0.0.1:8214/wd/hub/session/4e72fe8f-6b36-4d3c-aa46-be013f0079ff] with no body
[debug] &amp#27;[35m[WD Proxy]&amp#27;[39m Got response with status 200: {"sessionId":"4e72fe8f-6b36-4d3c-aa46-be013f0079ff","value":{"lastScrollData":null}}
[debug] &amp#27;[35m[W3C (4a132e6b)]&amp#27;[39m Responding to client with driver.getSession() result: {"platform":"LINUX","webStorageEnabled":false,"takesScreenshot":true,"javascriptEnabled":true,"databaseEnabled":false,"networkConnectionEnabled":true,"locationContextEnabled":false,"warnings":{},"desired":{"platformName":"android","app":"C:\\Users\\Anis\\eclipse-workspace\\Appium\\src\\ApiDemos-debug.apk","deviceName":"Redmi","newCommandTimeout":14},"platformName":"android","app":"C:\\Users\\Anis\\eclipse-workspace\\Appium\\src\\ApiDemos-debug.apk","deviceName":"55272e729804","newCommandTimeout":14,"deviceUDID":"55272e729804","appPackage":"io.appium.android.apis","deviceApiLevel":24,"platformVersion":"7.0","deviceScreenSize":"1080x1920","deviceScreenDensity":480,"deviceModel":"Redmi Note 4","deviceManufacturer":"Xiaomi","pixelRatio":3,"statBarHeight":72,"viewportRect":{"left":0,"top":72,"width":1080,"height":1848},"lastScrollData":null}
&amp#27;[35m[HTTP]&amp#27;[39m &amp#27;[37m<-- GET /wd/hub/session/4a132e6b-3c4a-4ba1-aa16-dd61b954d466 &amp#27;[39m&amp#27;[32m200&amp#27;[39m &amp#27;[90m10 ms - 858&amp#27;[39m
&amp#27;[35m[HTTP]&amp#27;[39m &amp#27;[90m&amp#27;[39m
&amp#27;[35m[HTTP]&amp#27;[39m &amp#27;[37m-->&amp#27;[39m &amp#27;[37mPOST&amp#27;[39m &amp#27;[37m/wd/hub/session/4a132e6b-3c4a-4ba1-aa16-dd61b954d466/element&amp#27;[39m
&amp#27;[35m[HTTP]&amp#27;[39m &amp#27;[90m{"using":"xpath","value":"//android.widget.TextView[@content-desc=\"OS\"]"}&amp#27;[39m
[debug] &amp#27;[35m[W3C (4a132e6b)]&amp#27;[39m Calling AppiumDriver.findElement() with args: ["xpath","//android.widget.TextView[@content-desc=\"OS\"]","4a132e6b-3c4a-4ba1-aa16-dd61b954d466"]
[debug] &amp#27;[35m[BaseDriver]&amp#27;[39m Valid locator strategies for this request: xpath, id, class name, accessibility id, css selector, -android uiautomator
[debug] &amp#27;[35m[BaseDriver]&amp#27;[39m Waiting up to 0 ms for condition
[debug] &amp#27;[35m[WD Proxy]&amp#27;[39m Matched '/element' to command name 'findElement'
[debug] &amp#27;[35m[WD Proxy]&amp#27;[39m Proxying [POST /element] to [POST http://127.0.0.1:8214/wd/hub/session/4e72fe8f-6b36-4d3c-aa46-be013f0079ff/element] with body: {"strategy":"xpath","selector":"//android.widget.TextView[@content-desc=\"OS\"]","context":"","multiple":false}
[debug] &amp#27;[35m[WD Proxy]&amp#27;[39m Got response with status 200: {"sessionId":"4e72fe8f-6b36-4d3c-aa46-be013f0079ff","value":{"ELEMENT":"029928a5-988b-4155-a2ad-d56385965138","element-6066-11e4-a52e-4f735466cecf":"029928a5-988b-4155-a2ad-d56385965138"}}
[debug] &amp#27;[35m[W3C (4a132e6b)]&amp#27;[39m Responding to client with driver.findElement() result: {"element-6066-11e4-a52e-4f735466cecf":"029928a5-988b-4155-a2ad-d56385965138","ELEMENT":"029928a5-988b-4155-a2ad-d56385965138"}
&amp#27;[35m[HTTP]&amp#27;[39m &amp#27;[37m<-- POST /wd/hub/session/4a132e6b-3c4a-4ba1-aa16-dd61b954d466/element &amp#27;[39m&amp#27;[32m200&amp#27;[39m &amp#27;[90m34 ms - 137&amp#27;[39m
&amp#27;[35m[HTTP]&amp#27;[39m &amp#27;[90m&amp#27;[39m
&amp#27;[35m[HTTP]&amp#27;[39m &amp#27;[37m-->&amp#27;[39m &amp#27;[37mGET&amp#27;[39m &amp#27;[37m/wd/hub/session/4a132e6b-3c4a-4ba1-aa16-dd61b954d466/element/029928a5-988b-4155-a2ad-d56385965138/enabled&amp#27;[39m
&amp#27;[35m[HTTP]&amp#27;[39m &amp#27;[90m{}&amp#27;[39m
[debug] &amp#27;[35m[W3C (4a132e6b)]&amp#27;[39m Calling AppiumDriver.elementEnabled() with args: ["029928a5-988b-4155-a2ad-d56385965138","4a132e6b-3c4a-4ba1-aa16-dd61b954d466"]
[debug] &amp#27;[35m[WD Proxy]&amp#27;[39m Matched '/element/029928a5-988b-4155-a2ad-d56385965138/attribute/enabled' to command name 'getAttribute'
[debug] &amp#27;[35m[WD Proxy]&amp#27;[39m Proxying [GET /element/029928a5-988b-4155-a2ad-d56385965138/attribute/enabled] to [GET http://127.0.0.1:8214/wd/hub/session/4e72fe8f-6b36-4d3c-aa46-be013f0079ff/element/029928a5-988b-4155-a2ad-d56385965138/attribute/enabled] with no body
[debug] &amp#27;[35m[WD Proxy]&amp#27;[39m Got response with status 200: {"sessionId":"4e72fe8f-6b36-4d3c-aa46-be013f0079ff","value":"true"}
[debug] &amp#27;[35m[W3C (4a132e6b)]&amp#27;[39m Responding to client with driver.elementEnabled() result: true
&amp#27;[35m[HTTP]&amp#27;[39m &amp#27;[37m<-- GET /wd/hub/session/4a132e6b-3c4a-4ba1-aa16-dd61b954d466/element/029928a5-988b-4155-a2ad-d56385965138/enabled &amp#27;[39m&amp#27;[32m200&amp#27;[39m &amp#27;[90m13 ms - 14&amp#27;[39m
&amp#27;[35m[HTTP]&amp#27;[39m &amp#27;[90m&amp#27;[39m
&amp#27;[35m[HTTP]&amp#27;[39m &amp#27;[37m-->&amp#27;[39m &amp#27;[37mPOST&amp#27;[39m &amp#27;[37m/wd/hub/session/4a132e6b-3c4a-4ba1-aa16-dd61b954d466/timeouts&amp#27;[39m
&amp#27;[35m[HTTP]&amp#27;[39m &amp#27;[90m{"implicit":10000}&amp#27;[39m
[debug] &amp#27;[35m[W3C (4a132e6b)]&amp#27;[39m Calling AppiumDriver.timeouts() with args: [null,null,null,null,10000,"4a132e6b-3c4a-4ba1-aa16-dd61b954d466"]
[debug] &amp#27;[35m[BaseDriver]&amp#27;[39m W3C timeout argument: {"implicit":10000}}
[debug] &amp#27;[35m[BaseDriver]&amp#27;[39m Set implicit wait to 10000ms
[debug] &amp#27;[35m[W3C (4a132e6b)]&amp#27;[39m Responding to client with driver.timeouts() result: null
&amp#27;[35m[HTTP]&amp#27;[39m &amp#27;[37m<-- POST /wd/hub/session/4a132e6b-3c4a-4ba1-aa16-dd61b954d466/timeouts &amp#27;[39m&amp#27;[32m200&amp#27;[39m &amp#27;[90m3 ms - 14&amp#27;[39m
&amp#27;[35m[HTTP]&amp#27;[39m &amp#27;[90m&amp#27;[39m
&amp#27;[35m[HTTP]&amp#27;[39m &amp#27;[37m-->&amp#27;[39m &amp#27;[37mGET&amp#27;[39m &amp#27;[37m/wd/hub/session/4a132e6b-3c4a-4ba1-aa16-dd61b954d466&amp#27;[39m
&amp#27;[35m[HTTP]&amp#27;[39m &amp#27;[90m{}&amp#27;[39m
[debug] &amp#27;[35m[W3C (4a132e6b)]&amp#27;[39m Calling AppiumDriver.getSession() with args: ["4a132e6b-3c4a-4ba1-aa16-dd61b954d466"]
[debug] &amp#27;[35m[UiAutomator2]&amp#27;[39m Getting session details from server to mix in
[debug] &amp#27;[35m[WD Proxy]&amp#27;[39m Matched '/' to command name 'getSession'
[debug] &amp#27;[35m[WD Proxy]&amp#27;[39m Proxying [GET /] to [GET http://127.0.0.1:8214/wd/hub/session/4e72fe8f-6b36-4d3c-aa46-be013f0079ff] with no body
[debug] &amp#27;[35m[WD Proxy]&amp#27;[39m Got response with status 200: {"sessionId":"4e72fe8f-6b36-4d3c-aa46-be013f0079ff","value":{"lastScrollData":null}}
[debug] &amp#27;[35m[W3C (4a132e6b)]&amp#27;[39m Responding to client with driver.getSession() result: {"platform":"LINUX","webStorageEnabled":false,"takesScreenshot":true,"javascriptEnabled":true,"databaseEnabled":false,"networkConnectionEnabled":true,"locationContextEnabled":false,"warnings":{},"desired":{"platformName":"android","app":"C:\\Users\\Anis\\eclipse-workspace\\Appium\\src\\ApiDemos-debug.apk","deviceName":"Redmi","newCommandTimeout":14},"platformName":"android","app":"C:\\Users\\Anis\\eclipse-workspace\\Appium\\src\\ApiDemos-debug.apk","deviceName":"55272e729804","newCommandTimeout":14,"deviceUDID":"55272e729804","appPackage":"io.appium.android.apis","deviceApiLevel":24,"platformVersion":"7.0","deviceScreenSize":"1080x1920","deviceScreenDensity":480,"deviceModel":"Redmi Note 4","deviceManufacturer":"Xiaomi","pixelRatio":3,"statBarHeight":72,"viewportRect":{"left":0,"top":72,"width":1080,"height":1848},"lastScrollData":null}
&amp#27;[35m[HTTP]&amp#27;[39m &amp#27;[37m<-- GET /wd/hub/session/4a132e6b-3c4a-4ba1-aa16-dd61b954d466 &amp#27;[39m&amp#27;[32m200&amp#27;[39m &amp#27;[90m9 ms - 858&amp#27;[39m
&amp#27;[35m[HTTP]&amp#27;[39m &amp#27;[90m&amp#27;[39m
&amp#27;[35m[HTTP]&amp#27;[39m &amp#27;[37m-->&amp#27;[39m &amp#27;[37mPOST&amp#27;[39m &amp#27;[37m/wd/hub/session/4a132e6b-3c4a-4ba1-aa16-dd61b954d466/element&amp#27;[39m
&amp#27;[35m[HTTP]&amp#27;[39m &amp#27;[90m{"using":"xpath","value":"//android.widget.TextView[@content-desc=\"OS\"]"}&amp#27;[39m
[debug] &amp#27;[35m[W3C (4a132e6b)]&amp#27;[39m Calling AppiumDriver.findElement() with args: ["xpath","//android.widget.TextView[@content-desc=\"OS\"]","4a132e6b-3c4a-4ba1-aa16-dd61b954d466"]
[debug] &amp#27;[35m[BaseDriver]&amp#27;[39m Valid locator strategies for this request: xpath, id, class name, accessibility id, css selector, -android uiautomator
[debug] &amp#27;[35m[BaseDriver]&amp#27;[39m Waiting up to 10000 ms for condition
[debug] &amp#27;[35m[WD Proxy]&amp#27;[39m Matched '/element' to command name 'findElement'
[debug] &amp#27;[35m[WD Proxy]&amp#27;[39m Proxying [POST /element] to [POST http://127.0.0.1:8214/wd/hub/session/4e72fe8f-6b36-4d3c-aa46-be013f0079ff/element] with body: {"strategy":"xpath","selector":"//android.widget.TextView[@content-desc=\"OS\"]","context":"","multiple":false}
[debug] &amp#27;[35m[WD Proxy]&amp#27;[39m Got response with status 200: {"sessionId":"4e72fe8f-6b36-4d3c-aa46-be013f0079ff","value":{"ELEMENT":"b2a3191b-a490-456c-bb7a-46f63a91e6b2","element-6066-11e4-a52e-4f735466cecf":"b2a3191b-a490-456c-bb7a-46f63a91e6b2"}}
[debug] &amp#27;[35m[W3C (4a132e6b)]&amp#27;[39m Responding to client with driver.findElement() result: {"element-6066-11e4-a52e-4f735466cecf":"b2a3191b-a490-456c-bb7a-46f63a91e6b2","ELEMENT":"b2a3191b-a490-456c-bb7a-46f63a91e6b2"}
&amp#27;[35m[HTTP]&amp#27;[39m &amp#27;[37m<-- POST /wd/hub/session/4a132e6b-3c4a-4ba1-aa16-dd61b954d466/element &amp#27;[39m&amp#27;[32m200&amp#27;[39m &amp#27;[90m37 ms - 137&amp#27;[39m
&amp#27;[35m[HTTP]&amp#27;[39m &amp#27;[90m&amp#27;[39m
&amp#27;[35m[HTTP]&amp#27;[39m &amp#27;[37m-->&amp#27;[39m &amp#27;[37mPOST&amp#27;[39m &amp#27;[37m/wd/hub/session/4a132e6b-3c4a-4ba1-aa16-dd61b954d466/element/b2a3191b-a490-456c-bb7a-46f63a91e6b2/click&amp#27;[39m
&amp#27;[35m[HTTP]&amp#27;[39m &amp#27;[90m{"id":"b2a3191b-a490-456c-bb7a-46f63a91e6b2"}&amp#27;[39m
[debug] &amp#27;[35m[W3C (4a132e6b)]&amp#27;[39m Calling AppiumDriver.click() with args: ["b2a3191b-a490-456c-bb7a-46f63a91e6b2","4a132e6b-3c4a-4ba1-aa16-dd61b954d466"]
[debug] &amp#27;[35m[WD Proxy]&amp#27;[39m Matched '/element/b2a3191b-a490-456c-bb7a-46f63a91e6b2/click' to command name 'click'
[debug] &amp#27;[35m[WD Proxy]&amp#27;[39m Proxying [POST /element/b2a3191b-a490-456c-bb7a-46f63a91e6b2/click] to [POST http://127.0.0.1:8214/wd/hub/session/4e72fe8f-6b36-4d3c-aa46-be013f0079ff/element/b2a3191b-a490-456c-bb7a-46f63a91e6b2/click] with body: {"element":"b2a3191b-a490-456c-bb7a-46f63a91e6b2"}
[debug] &amp#27;[35m[WD Proxy]&amp#27;[39m Got response with status 200: {"sessionId":"4e72fe8f-6b36-4d3c-aa46-be013f0079ff","value":null}
[debug] &amp#27;[35m[W3C (4a132e6b)]&amp#27;[39m Responding to client with driver.click() result: null
&amp#27;[35m[HTTP]&amp#27;[39m &amp#27;[37m<-- POST /wd/hub/session/4a132e6b-3c4a-4ba1-aa16-dd61b954d466/element/b2a3191b-a490-456c-bb7a-46f63a91e6b2/click &amp#27;[39m&amp#27;[32m200&amp#27;[39m &amp#27;[90m1186 ms - 14&amp#27;[39m
&amp#27;[35m[HTTP]&amp#27;[39m &amp#27;[90m&amp#27;[39m
&amp#27;[35m[HTTP]&amp#27;[39m &amp#27;[37m-->&amp#27;[39m &amp#27;[37mGET&amp#27;[39m &amp#27;[37m/wd/hub/session/4a132e6b-3c4a-4ba1-aa16-dd61b954d466&amp#27;[39m
&amp#27;[35m[HTTP]&amp#27;[39m &amp#27;[90m{}&amp#27;[39m
[debug] &amp#27;[35m[W3C (4a132e6b)]&amp#27;[39m Calling AppiumDriver.getSession() with args: ["4a132e6b-3c4a-4ba1-aa16-dd61b954d466"]
[debug] &amp#27;[35m[UiAutomator2]&amp#27;[39m Getting session details from server to mix in
[debug] &amp#27;[35m[WD Proxy]&amp#27;[39m Matched '/' to command name 'getSession'
[debug] &amp#27;[35m[WD Proxy]&amp#27;[39m Proxying [GET /] to [GET http://127.0.0.1:8214/wd/hub/session/4e72fe8f-6b36-4d3c-aa46-be013f0079ff] with no body
[debug] &amp#27;[35m[WD Proxy]&amp#27;[39m Got response with status 200: {"sessionId":"4e72fe8f-6b36-4d3c-aa46-be013f0079ff","value":{"lastScrollData":null}}
[debug] &amp#27;[35m[W3C (4a132e6b)]&amp#27;[39m Responding to client with driver.getSession() result: {"platform":"LINUX","webStorageEnabled":false,"takesScreenshot":true,"javascriptEnabled":true,"databaseEnabled":false,"networkConnectionEnabled":true,"locationContextEnabled":false,"warnings":{},"desired":{"platformName":"android","app":"C:\\Users\\Anis\\eclipse-workspace\\Appium\\src\\ApiDemos-debug.apk","deviceName":"Redmi","newCommandTimeout":14},"platformName":"android","app":"C:\\Users\\Anis\\eclipse-workspace\\Appium\\src\\ApiDemos-debug.apk","deviceName":"55272e729804","newCommandTimeout":14,"deviceUDID":"55272e729804","appPackage":"io.appium.android.apis","deviceApiLevel":24,"platformVersion":"7.0","deviceScreenSize":"1080x1920","deviceScreenDensity":480,"deviceModel":"Redmi Note 4","deviceManufacturer":"Xiaomi","pixelRatio":3,"statBarHeight":72,"viewportRect":{"left":0,"top":72,"width":1080,"height":1848},"lastScrollData":null}
&amp#27;[35m[HTTP]&amp#27;[39m &amp#27;[37m<-- GET /wd/hub/session/4a132e6b-3c4a-4ba1-aa16-dd61b954d466 &amp#27;[39m&amp#27;[32m200&amp#27;[39m &amp#27;[90m11 ms - 858&amp#27;[39m
&amp#27;[35m[HTTP]&amp#27;[39m &amp#27;[90m&amp#27;[39m
&amp#27;[35m[HTTP]&amp#27;[39m &amp#27;[37m-->&amp#27;[39m &amp#27;[37mGET&amp#27;[39m &amp#27;[37m/wd/hub/session/4a132e6b-3c4a-4ba1-aa16-dd61b954d466&amp#27;[39m
&amp#27;[35m[HTTP]&amp#27;[39m &amp#27;[90m{}&amp#27;[39m
[debug] &amp#27;[35m[W3C (4a132e6b)]&amp#27;[39m Calling AppiumDriver.getSession() with args: ["4a132e6b-3c4a-4ba1-aa16-dd61b954d466"]
[debug] &amp#27;[35m[UiAutomator2]&amp#27;[39m Getting session details from server to mix in
[debug] &amp#27;[35m[WD Proxy]&amp#27;[39m Matched '/' to command name 'getSession'
[debug] &amp#27;[35m[WD Proxy]&amp#27;[39m Proxying [GET /] to [GET http://127.0.0.1:8214/wd/hub/session/4e72fe8f-6b36-4d3c-aa46-be013f0079ff] with no body
[debug] &amp#27;[35m[WD Proxy]&amp#27;[39m Got response with status 200: {"sessionId":"4e72fe8f-6b36-4d3c-aa46-be013f0079ff","value":{"lastScrollData":null}}
[debug] &amp#27;[35m[W3C (4a132e6b)]&amp#27;[39m Responding to client with driver.getSession() result: {"platform":"LINUX","webStorageEnabled":false,"takesScreenshot":true,"javascriptEnabled":true,"databaseEnabled":false,"networkConnectionEnabled":true,"locationContextEnabled":false,"warnings":{},"desired":{"platformName":"android","app":"C:\\Users\\Anis\\eclipse-workspace\\Appium\\src\\ApiDemos-debug.apk","deviceName":"Redmi","newCommandTimeout":14},"platformName":"android","app":"C:\\Users\\Anis\\eclipse-workspace\\Appium\\src\\ApiDemos-debug.apk","deviceName":"55272e729804","newCommandTimeout":14,"deviceUDID":"55272e729804","appPackage":"io.appium.android.apis","deviceApiLevel":24,"platformVersion":"7.0","deviceScreenSize":"1080x1920","deviceScreenDensity":480,"deviceModel":"Redmi Note 4","deviceManufacturer":"Xiaomi","pixelRatio":3,"statBarHeight":72,"viewportRect":{"left":0,"top":72,"width":1080,"height":1848},"lastScrollData":null}
&amp#27;[35m[HTTP]&amp#27;[39m &amp#27;[37m<-- GET /wd/hub/session/4a132e6b-3c4a-4ba1-aa16-dd61b954d466 &amp#27;[39m&amp#27;[32m200&amp#27;[39m &amp#27;[90m10 ms - 858&amp#27;[39m
&amp#27;[35m[HTTP]&amp#27;[39m &amp#27;[90m&amp#27;[39m
[INFO ] 2021-06-18 15:56:35.437 [main] ExplicitWait - Waiting for element to be visible: Located by By.chained({By.xpath: //android.widget.TextView[@content-desc="SMS Messaging"]})
[INFO ] 2021-06-18 15:56:35.437 [main] ExplicitWait - Waiting for element to be visible: Located by By.chained({By.xpath: //android.widget.TextView[@content-desc="SMS Messaging"]})
&amp#27;[35m[HTTP]&amp#27;[39m &amp#27;[37m-->&amp#27;[39m &amp#27;[37mPOST&amp#27;[39m &amp#27;[37m/wd/hub/session/4a132e6b-3c4a-4ba1-aa16-dd61b954d466/timeouts&amp#27;[39m
&amp#27;[35m[HTTP]&amp#27;[39m &amp#27;[90m{"implicit":0}&amp#27;[39m
[debug] &amp#27;[35m[W3C (4a132e6b)]&amp#27;[39m Calling AppiumDriver.timeouts() with args: [null,null,null,null,0,"4a132e6b-3c4a-4ba1-aa16-dd61b954d466"]
[debug] &amp#27;[35m[BaseDriver]&amp#27;[39m W3C timeout argument: {"implicit":0}}
[debug] &amp#27;[35m[BaseDriver]&amp#27;[39m Set implicit wait to 0ms
[debug] &amp#27;[35m[W3C (4a132e6b)]&amp#27;[39m Responding to client with driver.timeouts() result: null
&amp#27;[35m[HTTP]&amp#27;[39m &amp#27;[37m<-- POST /wd/hub/session/4a132e6b-3c4a-4ba1-aa16-dd61b954d466/timeouts &amp#27;[39m&amp#27;[32m200&amp#27;[39m &amp#27;[90m3 ms - 14&amp#27;[39m
&amp#27;[35m[HTTP]&amp#27;[39m &amp#27;[90m&amp#27;[39m
&amp#27;[35m[HTTP]&amp#27;[39m &amp#27;[37m-->&amp#27;[39m &amp#27;[37mGET&amp#27;[39m &amp#27;[37m/wd/hub/session/4a132e6b-3c4a-4ba1-aa16-dd61b954d466&amp#27;[39m
&amp#27;[35m[HTTP]&amp#27;[39m &amp#27;[90m{}&amp#27;[39m
[debug] &amp#27;[35m[W3C (4a132e6b)]&amp#27;[39m Calling AppiumDriver.getSession() with args: ["4a132e6b-3c4a-4ba1-aa16-dd61b954d466"]
[debug] &amp#27;[35m[UiAutomator2]&amp#27;[39m Getting session details from server to mix in
[debug] &amp#27;[35m[WD Proxy]&amp#27;[39m Matched '/' to command name 'getSession'
[debug] &amp#27;[35m[WD Proxy]&amp#27;[39m Proxying [GET /] to [GET http://127.0.0.1:8214/wd/hub/session/4e72fe8f-6b36-4d3c-aa46-be013f0079ff] with no body
[debug] &amp#27;[35m[WD Proxy]&amp#27;[39m Got response with status 200: {"sessionId":"4e72fe8f-6b36-4d3c-aa46-be013f0079ff","value":{"lastScrollData":null}}
[debug] &amp#27;[35m[W3C (4a132e6b)]&amp#27;[39m Responding to client with driver.getSession() result: {"platform":"LINUX","webStorageEnabled":false,"takesScreenshot":true,"javascriptEnabled":true,"databaseEnabled":false,"networkConnectionEnabled":true,"locationContextEnabled":false,"warnings":{},"desired":{"platformName":"android","app":"C:\\Users\\Anis\\eclipse-workspace\\Appium\\src\\ApiDemos-debug.apk","deviceName":"Redmi","newCommandTimeout":14},"platformName":"android","app":"C:\\Users\\Anis\\eclipse-workspace\\Appium\\src\\ApiDemos-debug.apk","deviceName":"55272e729804","newCommandTimeout":14,"deviceUDID":"55272e729804","appPackage":"io.appium.android.apis","deviceApiLevel":24,"platformVersion":"7.0","deviceScreenSize":"1080x1920","deviceScreenDensity":480,"deviceModel":"Redmi Note 4","deviceManufacturer":"Xiaomi","pixelRatio":3,"statBarHeight":72,"viewportRect":{"left":0,"top":72,"width":1080,"height":1848},"lastScrollData":null}
&amp#27;[35m[HTTP]&amp#27;[39m &amp#27;[37m<-- GET /wd/hub/session/4a132e6b-3c4a-4ba1-aa16-dd61b954d466 &amp#27;[39m&amp#27;[32m200&amp#27;[39m &amp#27;[90m10 ms - 858&amp#27;[39m
&amp#27;[35m[HTTP]&amp#27;[39m &amp#27;[90m&amp#27;[39m
&amp#27;[35m[HTTP]&amp#27;[39m &amp#27;[37m-->&amp#27;[39m &amp#27;[37mPOST&amp#27;[39m &amp#27;[37m/wd/hub/session/4a132e6b-3c4a-4ba1-aa16-dd61b954d466/element&amp#27;[39m
&amp#27;[35m[HTTP]&amp#27;[39m &amp#27;[90m{"using":"xpath","value":"//android.widget.TextView[@content-desc=\"SMS Messaging\"]"}&amp#27;[39m
[debug] &amp#27;[35m[W3C (4a132e6b)]&amp#27;[39m Calling AppiumDriver.findElement() with args: ["xpath","//android.widget.TextView[@content-desc=\"SMS Messaging\"]","4a132e6b-3c4a-4ba1-aa16-dd61b954d466"]
[debug] &amp#27;[35m[BaseDriver]&amp#27;[39m Valid locator strategies for this request: xpath, id, class name, accessibility id, css selector, -android uiautomator
[debug] &amp#27;[35m[BaseDriver]&amp#27;[39m Waiting up to 0 ms for condition
[debug] &amp#27;[35m[WD Proxy]&amp#27;[39m Matched '/element' to command name 'findElement'
[debug] &amp#27;[35m[WD Proxy]&amp#27;[39m Proxying [POST /element] to [POST http://127.0.0.1:8214/wd/hub/session/4e72fe8f-6b36-4d3c-aa46-be013f0079ff/element] with body: {"strategy":"xpath","selector":"//android.widget.TextView[@content-desc=\"SMS Messaging\"]","context":"","multiple":false}
[debug] &amp#27;[35m[WD Proxy]&amp#27;[39m Got response with status 200: {"sessionId":"4e72fe8f-6b36-4d3c-aa46-be013f0079ff","value":{"ELEMENT":"81198853-7ca8-481f-acf7-73e34eff9605","element-6066-11e4-a52e-4f735466cecf":"81198853-7ca8-481f-acf7-73e34eff9605"}}
[debug] &amp#27;[35m[W3C (4a132e6b)]&amp#27;[39m Responding to client with driver.findElement() result: {"element-6066-11e4-a52e-4f735466cecf":"81198853-7ca8-481f-acf7-73e34eff9605","ELEMENT":"81198853-7ca8-481f-acf7-73e34eff9605"}
&amp#27;[35m[HTTP]&amp#27;[39m &amp#27;[37m<-- POST /wd/hub/session/4a132e6b-3c4a-4ba1-aa16-dd61b954d466/element &amp#27;[39m&amp#27;[32m200&amp#27;[39m &amp#27;[90m53 ms - 137&amp#27;[39m
&amp#27;[35m[HTTP]&amp#27;[39m &amp#27;[90m&amp#27;[39m
&amp#27;[35m[HTTP]&amp#27;[39m &amp#27;[37m-->&amp#27;[39m &amp#27;[37mGET&amp#27;[39m &amp#27;[37m/wd/hub/session/4a132e6b-3c4a-4ba1-aa16-dd61b954d466/element/81198853-7ca8-481f-acf7-73e34eff9605/displayed&amp#27;[39m
&amp#27;[35m[HTTP]&amp#27;[39m &amp#27;[90m{}&amp#27;[39m
[debug] &amp#27;[35m[W3C (4a132e6b)]&amp#27;[39m Calling AppiumDriver.elementDisplayed() with args: ["81198853-7ca8-481f-acf7-73e34eff9605","4a132e6b-3c4a-4ba1-aa16-dd61b954d466"]
[debug] &amp#27;[35m[WD Proxy]&amp#27;[39m Matched '/element/81198853-7ca8-481f-acf7-73e34eff9605/attribute/displayed' to command name 'getAttribute'
[debug] &amp#27;[35m[WD Proxy]&amp#27;[39m Proxying [GET /element/81198853-7ca8-481f-acf7-73e34eff9605/attribute/displayed] to [GET http://127.0.0.1:8214/wd/hub/session/4e72fe8f-6b36-4d3c-aa46-be013f0079ff/element/81198853-7ca8-481f-acf7-73e34eff9605/attribute/displayed] with no body
[debug] &amp#27;[35m[WD Proxy]&amp#27;[39m Got response with status 200: {"sessionId":"4e72fe8f-6b36-4d3c-aa46-be013f0079ff","value":"true"}
[debug] &amp#27;[35m[W3C (4a132e6b)]&amp#27;[39m Responding to client with driver.elementDisplayed() result: true
&amp#27;[35m[HTTP]&amp#27;[39m &amp#27;[37m<-- GET /wd/hub/session/4a132e6b-3c4a-4ba1-aa16-dd61b954d466/element/81198853-7ca8-481f-acf7-73e34eff9605/displayed &amp#27;[39m&amp#27;[32m200&amp#27;[39m &amp#27;[90m13 ms - 14&amp#27;[39m
&amp#27;[35m[HTTP]&amp#27;[39m &amp#27;[90m&amp#27;[39m
&amp#27;[35m[HTTP]&amp#27;[39m &amp#27;[37m-->&amp#27;[39m &amp#27;[37mPOST&amp#27;[39m &amp#27;[37m/wd/hub/session/4a132e6b-3c4a-4ba1-aa16-dd61b954d466/timeouts&amp#27;[39m
&amp#27;[35m[HTTP]&amp#27;[39m &amp#27;[90m{"implicit":10000}&amp#27;[39m
[debug] &amp#27;[35m[W3C (4a132e6b)]&amp#27;[39m Calling AppiumDriver.timeouts() with args: [null,null,null,null,10000,"4a132e6b-3c4a-4ba1-aa16-dd61b954d466"]
[debug] &amp#27;[35m[BaseDriver]&amp#27;[39m W3C timeout argument: {"implicit":10000}}
[debug] &amp#27;[35m[BaseDriver]&amp#27;[39m Set implicit wait to 10000ms
[debug] &amp#27;[35m[W3C (4a132e6b)]&amp#27;[39m Responding to client with driver.timeouts() result: null
&amp#27;[35m[HTTP]&amp#27;[39m &amp#27;[37m<-- POST /wd/hub/session/4a132e6b-3c4a-4ba1-aa16-dd61b954d466/timeouts &amp#27;[39m&amp#27;[32m200&amp#27;[39m &amp#27;[90m3 ms - 14&amp#27;[39m
&amp#27;[35m[HTTP]&amp#27;[39m &amp#27;[90m&amp#27;[39m
[INFO ] 2021-06-18 15:56:35.568 [main] OperatingSystem - Clicks The SMS Messaging
[INFO ] 2021-06-18 15:56:35.569 [main] ExplicitWait - Waiting for element to be clickable: Located by By.chained({By.xpath: //android.widget.TextView[@content-desc="SMS Messaging"]})
&amp#27;[35m[HTTP]&amp#27;[39m &amp#27;[37m-->&amp#27;[39m &amp#27;[37mPOST&amp#27;[39m &amp#27;[37m/wd/hub/session/4a132e6b-3c4a-4ba1-aa16-dd61b954d466/timeouts&amp#27;[39m
&amp#27;[35m[HTTP]&amp#27;[39m &amp#27;[90m{"implicit":0}&amp#27;[39m
[debug] &amp#27;[35m[W3C (4a132e6b)]&amp#27;[39m Calling AppiumDriver.timeouts() with args: [null,null,null,null,0,"4a132e6b-3c4a-4ba1-aa16-dd61b954d466"]
[debug] &amp#27;[35m[BaseDriver]&amp#27;[39m W3C timeout argument: {"implicit":0}}
[debug] &amp#27;[35m[BaseDriver]&amp#27;[39m Set implicit wait to 0ms
[debug] &amp#27;[35m[W3C (4a132e6b)]&amp#27;[39m Responding to client with driver.timeouts() result: null
&amp#27;[35m[HTTP]&amp#27;[39m &amp#27;[37m<-- POST /wd/hub/session/4a132e6b-3c4a-4ba1-aa16-dd61b954d466/timeouts &amp#27;[39m&amp#27;[32m200&amp#27;[39m &amp#27;[90m2 ms - 14&amp#27;[39m
&amp#27;[35m[HTTP]&amp#27;[39m &amp#27;[90m&amp#27;[39m
&amp#27;[35m[HTTP]&amp#27;[39m &amp#27;[37m-->&amp#27;[39m &amp#27;[37mGET&amp#27;[39m &amp#27;[37m/wd/hub/session/4a132e6b-3c4a-4ba1-aa16-dd61b954d466&amp#27;[39m
&amp#27;[35m[HTTP]&amp#27;[39m &amp#27;[90m{}&amp#27;[39m
[debug] &amp#27;[35m[W3C (4a132e6b)]&amp#27;[39m Calling AppiumDriver.getSession() with args: ["4a132e6b-3c4a-4ba1-aa16-dd61b954d466"]
[debug] &amp#27;[35m[UiAutomator2]&amp#27;[39m Getting session details from server to mix in
[debug] &amp#27;[35m[WD Proxy]&amp#27;[39m Matched '/' to command name 'getSession'
[debug] &amp#27;[35m[WD Proxy]&amp#27;[39m Proxying [GET /] to [GET http://127.0.0.1:8214/wd/hub/session/4e72fe8f-6b36-4d3c-aa46-be013f0079ff] with no body
[debug] &amp#27;[35m[WD Proxy]&amp#27;[39m Got response with status 200: {"sessionId":"4e72fe8f-6b36-4d3c-aa46-be013f0079ff","value":{"lastScrollData":null}}
[debug] &amp#27;[35m[W3C (4a132e6b)]&amp#27;[39m Responding to client with driver.getSession() result: {"platform":"LINUX","webStorageEnabled":false,"takesScreenshot":true,"javascriptEnabled":true,"databaseEnabled":false,"networkConnectionEnabled":true,"locationContextEnabled":false,"warnings":{},"desired":{"platformName":"android","app":"C:\\Users\\Anis\\eclipse-workspace\\Appium\\src\\ApiDemos-debug.apk","deviceName":"Redmi","newCommandTimeout":14},"platformName":"android","app":"C:\\Users\\Anis\\eclipse-workspace\\Appium\\src\\ApiDemos-debug.apk","deviceName":"55272e729804","newCommandTimeout":14,"deviceUDID":"55272e729804","appPackage":"io.appium.android.apis","deviceApiLevel":24,"platformVersion":"7.0","deviceScreenSize":"1080x1920","deviceScreenDensity":480,"deviceModel":"Redmi Note 4","deviceManufacturer":"Xiaomi","pixelRatio":3,"statBarHeight":72,"viewportRect":{"left":0,"top":72,"width":1080,"height":1848},"lastScrollData":null}
&amp#27;[35m[HTTP]&amp#27;[39m &amp#27;[37m<-- GET /wd/hub/session/4a132e6b-3c4a-4ba1-aa16-dd61b954d466 &amp#27;[39m&amp#27;[32m200&amp#27;[39m &amp#27;[90m9 ms - 858&amp#27;[39m
&amp#27;[35m[HTTP]&amp#27;[39m &amp#27;[90m&amp#27;[39m
&amp#27;[35m[HTTP]&amp#27;[39m &amp#27;[37m-->&amp#27;[39m &amp#27;[37mPOST&amp#27;[39m &amp#27;[37m/wd/hub/session/4a132e6b-3c4a-4ba1-aa16-dd61b954d466/element&amp#27;[39m
&amp#27;[35m[HTTP]&amp#27;[39m &amp#27;[90m{"using":"xpath","value":"//android.widget.TextView[@content-desc=\"SMS Messaging\"]"}&amp#27;[39m
[debug] &amp#27;[35m[W3C (4a132e6b)]&amp#27;[39m Calling AppiumDriver.findElement() with args: ["xpath","//android.widget.TextView[@content-desc=\"SMS Messaging\"]","4a132e6b-3c4a-4ba1-aa16-dd61b954d466"]
[debug] &amp#27;[35m[BaseDriver]&amp#27;[39m Valid locator strategies for this request: xpath, id, class name, accessibility id, css selector, -android uiautomator
[debug] &amp#27;[35m[BaseDriver]&amp#27;[39m Waiting up to 0 ms for condition
[debug] &amp#27;[35m[WD Proxy]&amp#27;[39m Matched '/element' to command name 'findElement'
[debug] &amp#27;[35m[WD Proxy]&amp#27;[39m Proxying [POST /element] to [POST http://127.0.0.1:8214/wd/hub/session/4e72fe8f-6b36-4d3c-aa46-be013f0079ff/element] with body: {"strategy":"xpath","selector":"//android.widget.TextView[@content-desc=\"SMS Messaging\"]","context":"","multiple":false}
[debug] &amp#27;[35m[WD Proxy]&amp#27;[39m Got response with status 200: {"sessionId":"4e72fe8f-6b36-4d3c-aa46-be013f0079ff","value":{"ELEMENT":"a644811c-e190-4e7d-9c00-b052405783bd","element-6066-11e4-a52e-4f735466cecf":"a644811c-e190-4e7d-9c00-b052405783bd"}}
[debug] &amp#27;[35m[W3C (4a132e6b)]&amp#27;[39m Responding to client with driver.findElement() result: {"element-6066-11e4-a52e-4f735466cecf":"a644811c-e190-4e7d-9c00-b052405783bd","ELEMENT":"a644811c-e190-4e7d-9c00-b052405783bd"}
&amp#27;[35m[HTTP]&amp#27;[39m &amp#27;[37m<-- POST /wd/hub/session/4a132e6b-3c4a-4ba1-aa16-dd61b954d466/element &amp#27;[39m&amp#27;[32m200&amp#27;[39m &amp#27;[90m31 ms - 137&amp#27;[39m
&amp#27;[35m[HTTP]&amp#27;[39m &amp#27;[90m&amp#27;[39m
&amp#27;[35m[HTTP]&amp#27;[39m &amp#27;[37m-->&amp#27;[39m &amp#27;[37mGET&amp#27;[39m &amp#27;[37m/wd/hub/session/4a132e6b-3c4a-4ba1-aa16-dd61b954d466/element/a644811c-e190-4e7d-9c00-b052405783bd/displayed&amp#27;[39m
&amp#27;[35m[HTTP]&amp#27;[39m &amp#27;[90m{}&amp#27;[39m
[debug] &amp#27;[35m[W3C (4a132e6b)]&amp#27;[39m Calling AppiumDriver.elementDisplayed() with args: ["a644811c-e190-4e7d-9c00-b052405783bd","4a132e6b-3c4a-4ba1-aa16-dd61b954d466"]
[debug] &amp#27;[35m[WD Proxy]&amp#27;[39m Matched '/element/a644811c-e190-4e7d-9c00-b052405783bd/attribute/displayed' to command name 'getAttribute'
[debug] &amp#27;[35m[WD Proxy]&amp#27;[39m Proxying [GET /element/a644811c-e190-4e7d-9c00-b052405783bd/attribute/displayed] to [GET http://127.0.0.1:8214/wd/hub/session/4e72fe8f-6b36-4d3c-aa46-be013f0079ff/element/a644811c-e190-4e7d-9c00-b052405783bd/attribute/displayed] with no body
[debug] &amp#27;[35m[WD Proxy]&amp#27;[39m Got response with status 200: {"sessionId":"4e72fe8f-6b36-4d3c-aa46-be013f0079ff","value":"true"}
[debug] &amp#27;[35m[W3C (4a132e6b)]&amp#27;[39m Responding to client with driver.elementDisplayed() result: true
&amp#27;[35m[HTTP]&amp#27;[39m &amp#27;[37m<-- GET /wd/hub/session/4a132e6b-3c4a-4ba1-aa16-dd61b954d466/element/a644811c-e190-4e7d-9c00-b052405783bd/displayed &amp#27;[39m&amp#27;[32m200&amp#27;[39m &amp#27;[90m14 ms - 14&amp#27;[39m
&amp#27;[35m[HTTP]&amp#27;[39m &amp#27;[90m&amp#27;[39m
&amp#27;[35m[HTTP]&amp#27;[39m &amp#27;[37m-->&amp#27;[39m &amp#27;[37mGET&amp#27;[39m &amp#27;[37m/wd/hub/session/4a132e6b-3c4a-4ba1-aa16-dd61b954d466&amp#27;[39m
&amp#27;[35m[HTTP]&amp#27;[39m &amp#27;[90m{}&amp#27;[39m
[debug] &amp#27;[35m[W3C (4a132e6b)]&amp#27;[39m Calling AppiumDriver.getSession() with args: ["4a132e6b-3c4a-4ba1-aa16-dd61b954d466"]
[debug] &amp#27;[35m[UiAutomator2]&amp#27;[39m Getting session details from server to mix in
[debug] &amp#27;[35m[WD Proxy]&amp#27;[39m Matched '/' to command name 'getSession'
[debug] &amp#27;[35m[WD Proxy]&amp#27;[39m Proxying [GET /] to [GET http://127.0.0.1:8214/wd/hub/session/4e72fe8f-6b36-4d3c-aa46-be013f0079ff] with no body
[debug] &amp#27;[35m[WD Proxy]&amp#27;[39m Got response with status 200: {"sessionId":"4e72fe8f-6b36-4d3c-aa46-be013f0079ff","value":{"lastScrollData":null}}
[debug] &amp#27;[35m[W3C (4a132e6b)]&amp#27;[39m Responding to client with driver.getSession() result: {"platform":"LINUX","webStorageEnabled":false,"takesScreenshot":true,"javascriptEnabled":true,"databaseEnabled":false,"networkConnectionEnabled":true,"locationContextEnabled":false,"warnings":{},"desired":{"platformName":"android","app":"C:\\Users\\Anis\\eclipse-workspace\\Appium\\src\\ApiDemos-debug.apk","deviceName":"Redmi","newCommandTimeout":14},"platformName":"android","app":"C:\\Users\\Anis\\eclipse-workspace\\Appium\\src\\ApiDemos-debug.apk","deviceName":"55272e729804","newCommandTimeout":14,"deviceUDID":"55272e729804","appPackage":"io.appium.android.apis","deviceApiLevel":24,"platformVersion":"7.0","deviceScreenSize":"1080x1920","deviceScreenDensity":480,"deviceModel":"Redmi Note 4","deviceManufacturer":"Xiaomi","pixelRatio":3,"statBarHeight":72,"viewportRect":{"left":0,"top":72,"width":1080,"height":1848},"lastScrollData":null}
&amp#27;[35m[HTTP]&amp#27;[39m &amp#27;[37m<-- GET /wd/hub/session/4a132e6b-3c4a-4ba1-aa16-dd61b954d466 &amp#27;[39m&amp#27;[32m200&amp#27;[39m &amp#27;[90m8 ms - 858&amp#27;[39m
&amp#27;[35m[HTTP]&amp#27;[39m &amp#27;[90m&amp#27;[39m
&amp#27;[35m[HTTP]&amp#27;[39m &amp#27;[37m-->&amp#27;[39m &amp#27;[37mPOST&amp#27;[39m &amp#27;[37m/wd/hub/session/4a132e6b-3c4a-4ba1-aa16-dd61b954d466/element&amp#27;[39m
&amp#27;[35m[HTTP]&amp#27;[39m &amp#27;[90m{"using":"xpath","value":"//android.widget.TextView[@content-desc=\"SMS Messaging\"]"}&amp#27;[39m
[debug] &amp#27;[35m[W3C (4a132e6b)]&amp#27;[39m Calling AppiumDriver.findElement() with args: ["xpath","//android.widget.TextView[@content-desc=\"SMS Messaging\"]","4a132e6b-3c4a-4ba1-aa16-dd61b954d466"]
[debug] &amp#27;[35m[BaseDriver]&amp#27;[39m Valid locator strategies for this request: xpath, id, class name, accessibility id, css selector, -android uiautomator
[debug] &amp#27;[35m[BaseDriver]&amp#27;[39m Waiting up to 0 ms for condition
[debug] &amp#27;[35m[WD Proxy]&amp#27;[39m Matched '/element' to command name 'findElement'
[debug] &amp#27;[35m[WD Proxy]&amp#27;[39m Proxying [POST /element] to [POST http://127.0.0.1:8214/wd/hub/session/4e72fe8f-6b36-4d3c-aa46-be013f0079ff/element] with body: {"strategy":"xpath","selector":"//android.widget.TextView[@content-desc=\"SMS Messaging\"]","context":"","multiple":false}
[debug] &amp#27;[35m[WD Proxy]&amp#27;[39m Got response with status 200: {"sessionId":"4e72fe8f-6b36-4d3c-aa46-be013f0079ff","value":{"ELEMENT":"669b68d3-a635-4bd8-aeda-75923d7e8cbe","element-6066-11e4-a52e-4f735466cecf":"669b68d3-a635-4bd8-aeda-75923d7e8cbe"}}
[debug] &amp#27;[35m[W3C (4a132e6b)]&amp#27;[39m Responding to client with driver.findElement() result: {"element-6066-11e4-a52e-4f735466cecf":"669b68d3-a635-4bd8-aeda-75923d7e8cbe","ELEMENT":"669b68d3-a635-4bd8-aeda-75923d7e8cbe"}
&amp#27;[35m[HTTP]&amp#27;[39m &amp#27;[37m<-- POST /wd/hub/session/4a132e6b-3c4a-4ba1-aa16-dd61b954d466/element &amp#27;[39m&amp#27;[32m200&amp#27;[39m &amp#27;[90m37 ms - 137&amp#27;[39m
&amp#27;[35m[HTTP]&amp#27;[39m &amp#27;[90m&amp#27;[39m
&amp#27;[35m[HTTP]&amp#27;[39m &amp#27;[37m-->&amp#27;[39m &amp#27;[37mGET&amp#27;[39m &amp#27;[37m/wd/hub/session/4a132e6b-3c4a-4ba1-aa16-dd61b954d466/element/669b68d3-a635-4bd8-aeda-75923d7e8cbe/enabled&amp#27;[39m
&amp#27;[35m[HTTP]&amp#27;[39m &amp#27;[90m{}&amp#27;[39m
[debug] &amp#27;[35m[W3C (4a132e6b)]&amp#27;[39m Calling AppiumDriver.elementEnabled() with args: ["669b68d3-a635-4bd8-aeda-75923d7e8cbe","4a132e6b-3c4a-4ba1-aa16-dd61b954d466"]
[debug] &amp#27;[35m[WD Proxy]&amp#27;[39m Matched '/element/669b68d3-a635-4bd8-aeda-75923d7e8cbe/attribute/enabled' to command name 'getAttribute'
[debug] &amp#27;[35m[WD Proxy]&amp#27;[39m Proxying [GET /element/669b68d3-a635-4bd8-aeda-75923d7e8cbe/attribute/enabled] to [GET http://127.0.0.1:8214/wd/hub/session/4e72fe8f-6b36-4d3c-aa46-be013f0079ff/element/669b68d3-a635-4bd8-aeda-75923d7e8cbe/attribute/enabled] with no body
[debug] &amp#27;[35m[WD Proxy]&amp#27;[39m Got response with status 200: {"sessionId":"4e72fe8f-6b36-4d3c-aa46-be013f0079ff","value":"true"}
[debug] &amp#27;[35m[W3C (4a132e6b)]&amp#27;[39m Responding to client with driver.elementEnabled() result: true
&amp#27;[35m[HTTP]&amp#27;[39m &amp#27;[37m<-- GET /wd/hub/session/4a132e6b-3c4a-4ba1-aa16-dd61b954d466/element/669b68d3-a635-4bd8-aeda-75923d7e8cbe/enabled &amp#27;[39m&amp#27;[32m200&amp#27;[39m &amp#27;[90m13 ms - 14&amp#27;[39m
&amp#27;[35m[HTTP]&amp#27;[39m &amp#27;[90m&amp#27;[39m
&amp#27;[35m[HTTP]&amp#27;[39m &amp#27;[37m-->&amp#27;[39m &amp#27;[37mPOST&amp#27;[39m &amp#27;[37m/wd/hub/session/4a132e6b-3c4a-4ba1-aa16-dd61b954d466/timeouts&amp#27;[39m
&amp#27;[35m[HTTP]&amp#27;[39m &amp#27;[90m{"implicit":10000}&amp#27;[39m
[debug] &amp#27;[35m[W3C (4a132e6b)]&amp#27;[39m Calling AppiumDriver.timeouts() with args: [null,null,null,null,10000,"4a132e6b-3c4a-4ba1-aa16-dd61b954d466"]
[debug] &amp#27;[35m[BaseDriver]&amp#27;[39m W3C timeout argument: {"implicit":10000}}
[debug] &amp#27;[35m[BaseDriver]&amp#27;[39m Set implicit wait to 10000ms
[debug] &amp#27;[35m[W3C (4a132e6b)]&amp#27;[39m Responding to client with driver.timeouts() result: null
&amp#27;[35m[HTTP]&amp#27;[39m &amp#27;[37m<-- POST /wd/hub/session/4a132e6b-3c4a-4ba1-aa16-dd61b954d466/timeouts &amp#27;[39m&amp#27;[32m200&amp#27;[39m &amp#27;[90m3 ms - 14&amp#27;[39m
&amp#27;[35m[HTTP]&amp#27;[39m &amp#27;[90m&amp#27;[39m
&amp#27;[35m[HTTP]&amp#27;[39m &amp#27;[37m-->&amp#27;[39m &amp#27;[37mGET&amp#27;[39m &amp#27;[37m/wd/hub/session/4a132e6b-3c4a-4ba1-aa16-dd61b954d466&amp#27;[39m
&amp#27;[35m[HTTP]&amp#27;[39m &amp#27;[90m{}&amp#27;[39m
[debug] &amp#27;[35m[W3C (4a132e6b)]&amp#27;[39m Calling AppiumDriver.getSession() with args: ["4a132e6b-3c4a-4ba1-aa16-dd61b954d466"]
[debug] &amp#27;[35m[UiAutomator2]&amp#27;[39m Getting session details from server to mix in
[debug] &amp#27;[35m[WD Proxy]&amp#27;[39m Matched '/' to command name 'getSession'
[debug] &amp#27;[35m[WD Proxy]&amp#27;[39m Proxying [GET /] to [GET http://127.0.0.1:8214/wd/hub/session/4e72fe8f-6b36-4d3c-aa46-be013f0079ff] with no body
[debug] &amp#27;[35m[WD Proxy]&amp#27;[39m Got response with status 200: {"sessionId":"4e72fe8f-6b36-4d3c-aa46-be013f0079ff","value":{"lastScrollData":null}}
[debug] &amp#27;[35m[W3C (4a132e6b)]&amp#27;[39m Responding to client with driver.getSession() result: {"platform":"LINUX","webStorageEnabled":false,"takesScreenshot":true,"javascriptEnabled":true,"databaseEnabled":false,"networkConnectionEnabled":true,"locationContextEnabled":false,"warnings":{},"desired":{"platformName":"android","app":"C:\\Users\\Anis\\eclipse-workspace\\Appium\\src\\ApiDemos-debug.apk","deviceName":"Redmi","newCommandTimeout":14},"platformName":"android","app":"C:\\Users\\Anis\\eclipse-workspace\\Appium\\src\\ApiDemos-debug.apk","deviceName":"55272e729804","newCommandTimeout":14,"deviceUDID":"55272e729804","appPackage":"io.appium.android.apis","deviceApiLevel":24,"platformVersion":"7.0","deviceScreenSize":"1080x1920","deviceScreenDensity":480,"deviceModel":"Redmi Note 4","deviceManufacturer":"Xiaomi","pixelRatio":3,"statBarHeight":72,"viewportRect":{"left":0,"top":72,"width":1080,"height":1848},"lastScrollData":null}
&amp#27;[35m[HTTP]&amp#27;[39m &amp#27;[37m<-- GET /wd/hub/session/4a132e6b-3c4a-4ba1-aa16-dd61b954d466 &amp#27;[39m&amp#27;[32m200&amp#27;[39m &amp#27;[90m10 ms - 858&amp#27;[39m
&amp#27;[35m[HTTP]&amp#27;[39m &amp#27;[90m&amp#27;[39m
&amp#27;[35m[HTTP]&amp#27;[39m &amp#27;[37m-->&amp#27;[39m &amp#27;[37mPOST&amp#27;[39m &amp#27;[37m/wd/hub/session/4a132e6b-3c4a-4ba1-aa16-dd61b954d466/element&amp#27;[39m
&amp#27;[35m[HTTP]&amp#27;[39m &amp#27;[90m{"using":"xpath","value":"//android.widget.TextView[@content-desc=\"SMS Messaging\"]"}&amp#27;[39m
[debug] &amp#27;[35m[W3C (4a132e6b)]&amp#27;[39m Calling AppiumDriver.findElement() with args: ["xpath","//android.widget.TextView[@content-desc=\"SMS Messaging\"]","4a132e6b-3c4a-4ba1-aa16-dd61b954d466"]
[debug] &amp#27;[35m[BaseDriver]&amp#27;[39m Valid locator strategies for this request: xpath, id, class name, accessibility id, css selector, -android uiautomator
[debug] &amp#27;[35m[BaseDriver]&amp#27;[39m Waiting up to 10000 ms for condition
[debug] &amp#27;[35m[WD Proxy]&amp#27;[39m Matched '/element' to command name 'findElement'
[debug] &amp#27;[35m[WD Proxy]&amp#27;[39m Proxying [POST /element] to [POST http://127.0.0.1:8214/wd/hub/session/4e72fe8f-6b36-4d3c-aa46-be013f0079ff/element] with body: {"strategy":"xpath","selector":"//android.widget.TextView[@content-desc=\"SMS Messaging\"]","context":"","multiple":false}
[debug] &amp#27;[35m[WD Proxy]&amp#27;[39m Got response with status 200: {"sessionId":"4e72fe8f-6b36-4d3c-aa46-be013f0079ff","value":{"ELEMENT":"07f9a20b-f2ab-4ef6-b6c9-aa3dd26c954f","element-6066-11e4-a52e-4f735466cecf":"07f9a20b-f2ab-4ef6-b6c9-aa3dd26c954f"}}
[debug] &amp#27;[35m[W3C (4a132e6b)]&amp#27;[39m Responding to client with driver.findElement() result: {"element-6066-11e4-a52e-4f735466cecf":"07f9a20b-f2ab-4ef6-b6c9-aa3dd26c954f","ELEMENT":"07f9a20b-f2ab-4ef6-b6c9-aa3dd26c954f"}
&amp#27;[35m[HTTP]&amp#27;[39m &amp#27;[37m<-- POST /wd/hub/session/4a132e6b-3c4a-4ba1-aa16-dd61b954d466/element &amp#27;[39m&amp#27;[32m200&amp#27;[39m &amp#27;[90m36 ms - 137&amp#27;[39m
&amp#27;[35m[HTTP]&amp#27;[39m &amp#27;[90m&amp#27;[39m
&amp#27;[35m[HTTP]&amp#27;[39m &amp#27;[37m-->&amp#27;[39m &amp#27;[37mPOST&amp#27;[39m &amp#27;[37m/wd/hub/session/4a132e6b-3c4a-4ba1-aa16-dd61b954d466/element/07f9a20b-f2ab-4ef6-b6c9-aa3dd26c954f/click&amp#27;[39m
&amp#27;[35m[HTTP]&amp#27;[39m &amp#27;[90m{"id":"07f9a20b-f2ab-4ef6-b6c9-aa3dd26c954f"}&amp#27;[39m
[debug] &amp#27;[35m[W3C (4a132e6b)]&amp#27;[39m Calling AppiumDriver.click() with args: ["07f9a20b-f2ab-4ef6-b6c9-aa3dd26c954f","4a132e6b-3c4a-4ba1-aa16-dd61b954d466"]
[debug] &amp#27;[35m[WD Proxy]&amp#27;[39m Matched '/element/07f9a20b-f2ab-4ef6-b6c9-aa3dd26c954f/click' to command name 'click'
[debug] &amp#27;[35m[WD Proxy]&amp#27;[39m Proxying [POST /element/07f9a20b-f2ab-4ef6-b6c9-aa3dd26c954f/click] to [POST http://127.0.0.1:8214/wd/hub/session/4e72fe8f-6b36-4d3c-aa46-be013f0079ff/element/07f9a20b-f2ab-4ef6-b6c9-aa3dd26c954f/click] with body: {"element":"07f9a20b-f2ab-4ef6-b6c9-aa3dd26c954f"}
[debug] &amp#27;[35m[WD Proxy]&amp#27;[39m Got response with status 200: {"sessionId":"4e72fe8f-6b36-4d3c-aa46-be013f0079ff","value":null}
[debug] &amp#27;[35m[W3C (4a132e6b)]&amp#27;[39m Responding to client with driver.click() result: null
&amp#27;[35m[HTTP]&amp#27;[39m &amp#27;[37m<-- POST /wd/hub/se[INFO ] 2021-06-18 15:56:37.540 [main] ExplicitWait - Waiting for element to be visible: Located by By.chained({By.id: io.appium.android.apis:id/sms_enable_receiver})
ssion/4a132e6b-3c4a-4ba1-aa16-dd61b954d466/element/07f9a20b-f2ab-4ef6-b6c9-aa3dd26c954f/click &amp#27;[39m&amp#27;[32m200&amp#27;[39m &amp#27;[90m1709 ms - 14&amp#27;[39m
&amp#27;[35m[HTT[INFO ] 2021-06-18 15:56:37.541 [main] ExplicitWait - Waiting for element to be visible: Located by By.chained({By.id: io.appium.android.apis:id/sms_enable_receiver})
P]&amp#27;[39m &amp#27;[90m&amp#27;[39m
&amp#27;[35m[HTTP]&amp#27;[39m &amp#27;[37m-->&amp#27;[39m &amp#27;[37mPOST&amp#27;[39m &amp#27;[37m/wd/hub/session/4a132e6b-3c4a-4ba1-aa16-dd61b954d466/timeouts&amp#27;[39m
&amp#27;[35m[HTTP]&amp#27;[39m &amp#27;[90m{"implicit":0}&amp#27;[39m
[debug] &amp#27;[35m[W3C (4a132e6b)]&amp#27;[39m Calling AppiumDriver.timeouts() with args: [null,null,null,null,0,"4a132e6b-3c4a-4ba1-aa16-dd61b954d466"]
[debug] &amp#27;[35m[BaseDriver]&amp#27;[39m W3C timeout argument: {"implicit":0}}
[debug] &amp#27;[35m[BaseDriver]&amp#27;[39m Set implicit wait to 0ms
[debug] &amp#27;[35m[W3C (4a132e6b)]&amp#27;[39m Responding to client with driver.timeouts() result: null
&amp#27;[35m[HTTP]&amp#27;[39m &amp#27;[37m<-- POST /wd/hub/session/4a132e6b-3c4a-4ba1-aa16-dd61b954d466/timeouts &amp#27;[39m&amp#27;[32m200&amp#27;[39m &amp#27;[90m2 ms - 14&amp#27;[39m
&amp#27;[35m[HTTP]&amp#27;[39m &amp#27;[90m&amp#27;[39m
&amp#27;[35m[HTTP]&amp#27;[39m &amp#27;[37m-->&amp#27;[39m &amp#27;[37mGET&amp#27;[39m &amp#27;[37m/wd/hub/session/4a132e6b-3c4a-4ba1-aa16-dd61b954d466&amp#27;[39m
&amp#27;[35m[HTTP]&amp#27;[39m &amp#27;[90m{}&amp#27;[39m
[debug] &amp#27;[35m[W3C (4a132e6b)]&amp#27;[39m Calling AppiumDriver.getSession() with args: ["4a132e6b-3c4a-4ba1-aa16-dd61b954d466"]
[debug] &amp#27;[35m[UiAutomator2]&amp#27;[39m Getting session details from server to mix in
[debug] &amp#27;[35m[WD Proxy]&amp#27;[39m Matched '/' to command name 'getSession'
[debug] &amp#27;[35m[WD Proxy]&amp#27;[39m Proxying [GET /] to [GET http://127.0.0.1:8214/wd/hub/session/4e72fe8f-6b36-4d3c-aa46-be013f0079ff] with no body
[debug] &amp#27;[35m[WD Proxy]&amp#27;[39m Got response with status 200: {"sessionId":"4e72fe8f-6b36-4d3c-aa46-be013f0079ff","value":{"lastScrollData":null}}
[debug] &amp#27;[35m[W3C (4a132e6b)]&amp#27;[39m Responding to client with driver.getSession() result: {"platform":"LINUX","webStorageEnabled":false,"takesScreenshot":true,"javascriptEnabled":true,"databaseEnabled":false,"networkConnectionEnabled":true,"locationContextEnabled":false,"warnings":{},"desired":{"platformName":"android","app":"C:\\Users\\Anis\\eclipse-workspace\\Appium\\src\\ApiDemos-debug.apk","deviceName":"Redmi","newCommandTimeout":14},"platformName":"android","app":"C:\\Users\\Anis\\eclipse-workspace\\Appium\\src\\ApiDemos-debug.apk","deviceName":"55272e729804","newCommandTimeout":14,"deviceUDID":"55272e729804","appPackage":"io.appium.android.apis","deviceApiLevel":24,"platformVersion":"7.0","deviceScreenSize":"1080x1920","deviceScreenDensity":480,"deviceModel":"Redmi Note 4","deviceManufacturer":"Xiaomi","pixelRatio":3,"statBarHeight":72,"viewportRect":{"left":0,"top":72,"width":1080,"height":1848},"lastScrollData":null}
&amp#27;[35m[HTTP]&amp#27;[39m &amp#27;[37m<-- GET /wd/hub/session/4a132e6b-3c4a-4ba1-aa16-dd61b954d466 &amp#27;[39m&amp#27;[32m200&amp#27;[39m &amp#27;[90m11 ms - 858&amp#27;[39m
&amp#27;[35m[HTTP]&amp#27;[39m &amp#27;[90m&amp#27;[39m
&amp#27;[35m[HTTP]&amp#27;[39m &amp#27;[37m-->&amp#27;[39m &amp#27;[37mPOST&amp#27;[39m &amp#27;[37m/wd/hub/session/4a132e6b-3c4a-4ba1-aa16-dd61b954d466/element&amp#27;[39m
&amp#27;[35m[HTTP]&amp#27;[39m &amp#27;[90m{"using":"id","value":"io.appium.android.apis:id/sms_enable_receiver"}&amp#27;[39m
[debug] &amp#27;[35m[W3C (4a132e6b)]&amp#27;[39m Calling AppiumDriver.findElement() with args: ["id","io.appium.android.apis:id/sms_enable_receiver","4a132e6b-3c4a-4ba1-aa16-dd61b954d466"]
[debug] &amp#27;[35m[BaseDriver]&amp#27;[39m Valid locator strategies for this request: xpath, id, class name, accessibility id, css selector, -android uiautomator
[debug] &amp#27;[35m[BaseDriver]&amp#27;[39m Waiting up to 0 ms for condition
[debug] &amp#27;[35m[WD Proxy]&amp#27;[39m Matched '/element' to command name 'findElement'
[debug] &amp#27;[35m[WD Proxy]&amp#27;[39m Proxying [POST /element] to [POST http://127.0.0.1:8214/wd/hub/session/4e72fe8f-6b36-4d3c-aa46-be013f0079ff/element] with body: {"strategy":"id","selector":"io.appium.android.apis:id/sms_enable_receiver","context":"","multiple":false}
[debug] &amp#27;[35m[WD Proxy]&amp#27;[39m Got response with status 200: {"sessionId":"4e72fe8f-6b36-4d3c-aa46-be013f0079ff","value":{"ELEMENT":"daada735-343f-4ef4-8971-fdf02dace815","element-6066-11e4-a52e-4f735466cecf":"daada735-343f-4ef4-8971-fdf02dace815"}}
[debug] &amp#27;[35m[W3C (4a132e6b)]&amp#27;[39m Responding to client with driver.findElement() result: {"element-6066-11e4-a52e-4f735466cecf":"daada735-343f-4ef4-8971-fdf02dace815","ELEMENT":"daada735-343f-4ef4-8971-fdf02dace815"}
&amp#27;[35m[HTTP]&amp#27;[39m &amp#27;[37m<-- POST /wd/hub/session/4a132e6b-3c4a-4ba1-aa16-dd61b954d466/element &amp#27;[39m&amp#27;[32m200&amp#27;[39m &amp#27;[90m41 ms - 137&amp#27;[39m
&amp#27;[35m[HTTP]&amp#27;[39m &amp#27;[90m&amp#27;[39m
&amp#27;[35m[HTTP]&amp#27;[39m &amp#27;[37m-->&amp#27;[39m &amp#27;[37mGET&amp#27;[39m &amp#27;[37m/wd/hub/session/4a132e6b-3c4a-4ba1-aa16-dd61b954d466/element/daada735-343f-4ef4-8971-fdf02dace815/displayed&amp#27;[39m
&amp#27;[35m[HTTP]&amp#27;[39m &amp#27;[90m{}&amp#27;[39m
[debug] &amp#27;[35m[W3C (4a132e6b)]&amp#27;[39m Calling AppiumDriver.elementDisplayed() with args: ["daada735-343f-4ef4-8971-fdf02dace815","4a132e6b-3c4a-4ba1-aa16-dd61b954d466"]
[debug] &amp#27;[35m[WD Proxy]&amp#27;[39m Matched '/element/daada735-343f-4ef4-8971-fdf02dace815/attribute/displayed' to command name 'getAttribute'
[debug] &amp#27;[35m[WD Proxy]&amp#27;[39m Proxying [GET /element/daada735-343f-4ef4-8971-fdf02dace815/attribute/displayed] to [GET http://127.0.0.1:8214/wd/hub/session/4e72fe8f-6b36-4d3c-aa46-be013f0079ff/element/daada735-343f-4ef4-8971-fdf02dace815/attribute/displayed] with no body
[debug] &amp#27;[35m[WD Proxy]&amp#27;[39m Got response with status 200: {"sessionId":"4e72fe8f-6b36-4d3c-aa46-be013f0079ff","value":"true"}
[debug] &amp#27;[35m[W3C (4a132e6b)]&amp#27;[39m Responding to client with driver.elementDisplayed() result: true
&amp#27;[35m[HTTP]&amp#27;[39m &amp#27;[37m<-- GET /wd/hub/session/4a132e6b-3c4a-4ba1-aa16-dd61b954d466/element/daada735-343f-4ef4-8971-fdf02dace815/displayed &amp#27;[39m&amp#27;[32m200&amp#27;[39m &amp#27;[90m20 ms - 14&amp#27;[39m
&amp#27;[35m[HTTP]&amp#27;[39m &amp#27;[90m&amp#27;[39m
&amp#27;[35m[HTTP]&amp#27;[39m &amp#27;[37m-->&amp#27;[39m &amp#27;[37mPOST&amp#27;[39m &amp#27;[37m/wd/hub/session/4a132e6b-3c4a-4ba1-aa16-dd61b954d466/timeouts&amp#27;[39m
&amp#27;[35m[HTTP]&amp#27;[39m &amp#27;[90m{"implicit":10000}&amp#27;[39m
[debug] &amp#27;[35m[W3C (4a132e6b)]&amp#27;[39m Calling AppiumDriver.timeouts() with args: [null,null,null,null,10000,"4a132e6b-3c4a-4ba1-aa16-dd61b954d466"]
[debug] &amp#27;[35m[BaseDriver]&amp#27;[39m W3C timeout argument: {"implicit":10000}}
[debug] &amp#27;[35m[BaseDriver]&amp#27;[39m Set implicit wait to 10000ms
[debug] &amp#27;[35m[W3C (4a132e6b)]&amp#27;[39m Responding to client with driver.timeouts() result: null
&amp#27;[35m[HTTP]&amp#27;[39m &amp#27;[37m<-- POST /wd/hub/session/4a132e6b-3c4a-4ba1-aa16-dd61b954d466/timeouts &amp#27;[39m&amp#27;[32m200&amp#27;[39m &amp#27;[90m2 ms - 14&amp#27;[39m
&amp#27;[35m[HTTP]&amp#27;[39m &amp#27;[90m&amp#27;[39m
[INFO ] 2021-06-18 15:56:37.664 [main] OperatingSystem - Clicks The Enable Broadcast
[INFO ] 2021-06-18 15:56:37.666 [main] ExplicitWait - Waiting for element to be clickable: Located by By.chained({By.id: io.appium.android.apis:id/sms_enable_receiver})
&amp#27;[35m[HTTP]&amp#27;[39m &amp#27;[37m-->&amp#27;[39m &amp#27;[37mPOST&amp#27;[39m &amp#27;[37m/wd/hub/session/4a132e6b-3c4a-4ba1-aa16-dd61b954d466/timeouts&amp#27;[39m
&amp#27;[35m[HTTP]&amp#27;[39m &amp#27;[90m{"implicit":0}&amp#27;[39m
[debug] &amp#27;[35m[W3C (4a132e6b)]&amp#27;[39m Calling AppiumDriver.timeouts() with args: [null,null,null,null,0,"4a132e6b-3c4a-4ba1-aa16-dd61b954d466"]
[debug] &amp#27;[35m[BaseDriver]&amp#27;[39m W3C timeout argument: {"implicit":0}}
[debug] &amp#27;[35m[BaseDriver]&amp#27;[39m Set implicit wait to 0ms
[debug] &amp#27;[35m[W3C (4a132e6b)]&amp#27;[39m Responding to client with driver.timeouts() result: null
&amp#27;[35m[HTTP]&amp#27;[39m &amp#27;[37m<-- POST /wd/hub/session/4a132e6b-3c4a-4ba1-aa16-dd61b954d466/timeouts &amp#27;[39m&amp#27;[32m200&amp#27;[39m &amp#27;[90m3 ms - 14&amp#27;[39m
&amp#27;[35m[HTTP]&amp#27;[39m &amp#27;[90m&amp#27;[39m
&amp#27;[35m[HTTP]&amp#27;[39m &amp#27;[37m-->&amp#27;[39m &amp#27;[37mGET&amp#27;[39m &amp#27;[37m/wd/hub/session/4a132e6b-3c4a-4ba1-aa16-dd61b954d466&amp#27;[39m
&amp#27;[35m[HTTP]&amp#27;[39m &amp#27;[90m{}&amp#27;[39m
[debug] &amp#27;[35m[W3C (4a132e6b)]&amp#27;[39m Calling AppiumDriver.getSession() with args: ["4a132e6b-3c4a-4ba1-aa16-dd61b954d466"]
[debug] &amp#27;[35m[UiAutomator2]&amp#27;[39m Getting session details from server to mix in
[debug] &amp#27;[35m[WD Proxy]&amp#27;[39m Matched '/' to command name 'getSession'
[debug] &amp#27;[35m[WD Proxy]&amp#27;[39m Proxying [GET /] to [GET http://127.0.0.1:8214/wd/hub/session/4e72fe8f-6b36-4d3c-aa46-be013f0079ff] with no body
[debug] &amp#27;[35m[WD Proxy]&amp#27;[39m Got response with status 200: {"sessionId":"4e72fe8f-6b36-4d3c-aa46-be013f0079ff","value":{"lastScrollData":null}}
[debug] &amp#27;[35m[W3C (4a132e6b)]&amp#27;[39m Responding to client with driver.getSession() result: {"platform":"LINUX","webStorageEnabled":false,"takesScreenshot":true,"javascriptEnabled":true,"databaseEnabled":false,"networkConnectionEnabled":true,"locationContextEnabled":false,"warnings":{},"desired":{"platformName":"android","app":"C:\\Users\\Anis\\eclipse-workspace\\Appium\\src\\ApiDemos-debug.apk","deviceName":"Redmi","newCommandTimeout":14},"platformName":"android","app":"C:\\Users\\Anis\\eclipse-workspace\\Appium\\src\\ApiDemos-debug.apk","deviceName":"55272e729804","newCommandTimeout":14,"deviceUDID":"55272e729804","appPackage":"io.appium.android.apis","deviceApiLevel":24,"platformVersion":"7.0","deviceScreenSize":"1080x1920","deviceScreenDensity":480,"deviceModel":"Redmi Note 4","deviceManufacturer":"Xiaomi","pixelRatio":3,"statBarHeight":72,"viewportRect":{"left":0,"top":72,"width":1080,"height":1848},"lastScrollData":null}
&amp#27;[35m[HTTP]&amp#27;[39m &amp#27;[37m<-- GET /wd/hub/session/4a132e6b-3c4a-4ba1-aa16-dd61b954d466 &amp#27;[39m&amp#27;[32m200&amp#27;[39m &amp#27;[90m10 ms - 858&amp#27;[39m
&amp#27;[35m[HTTP]&amp#27;[39m &amp#27;[90m&amp#27;[39m
&amp#27;[35m[HTTP]&amp#27;[39m &amp#27;[37m-->&amp#27;[39m &amp#27;[37mPOST&amp#27;[39m &amp#27;[37m/wd/hub/session/4a132e6b-3c4a-4ba1-aa16-dd61b954d466/element&amp#27;[39m
&amp#27;[35m[HTTP]&amp#27;[39m &amp#27;[90m{"using":"id","value":"io.appium.android.apis:id/sms_enable_receiver"}&amp#27;[39m
[debug] &amp#27;[35m[W3C (4a132e6b)]&amp#27;[39m Calling AppiumDriver.findElement() with args: ["id","io.appium.android.apis:id/sms_enable_receiver","4a132e6b-3c4a-4ba1-aa16-dd61b954d466"]
[debug] &amp#27;[35m[BaseDriver]&amp#27;[39m Valid locator strategies for this request: xpath, id, class name, accessibility id, css selector, -android uiautomator
[debug] &amp#27;[35m[BaseDriver]&amp#27;[39m Waiting up to 0 ms for condition
[debug] &amp#27;[35m[WD Proxy]&amp#27;[39m Matched '/element' to command name 'findElement'
[debug] &amp#27;[35m[WD Proxy]&amp#27;[39m Proxying [POST /element] to [POST http://127.0.0.1:8214/wd/hub/session/4e72fe8f-6b36-4d3c-aa46-be013f0079ff/element] with body: {"strategy":"id","selector":"io.appium.android.apis:id/sms_enable_receiver","context":"","multiple":false}
[debug] &amp#27;[35m[WD Proxy]&amp#27;[39m Got response with status 200: {"sessionId":"4e72fe8f-6b36-4d3c-aa46-be013f0079ff","value":{"ELEMENT":"4bfa49df-4c8c-4508-b6bc-3d6a12e5ec51","element-6066-11e4-a52e-4f735466cecf":"4bfa49df-4c8c-4508-b6bc-3d6a12e5ec51"}}
[debug] &amp#27;[35m[W3C (4a132e6b)]&amp#27;[39m Responding to client with driver.findElement() result: {"element-6066-11e4-a52e-4f735466cecf":"4bfa49df-4c8c-4508-b6bc-3d6a12e5ec51","ELEMENT":"4bfa49df-4c8c-4508-b6bc-3d6a12e5ec51"}
&amp#27;[35m[HTTP]&amp#27;[39m &amp#27;[37m<-- POST /wd/hub/session/4a132e6b-3c4a-4ba1-aa16-dd61b954d466/element &amp#27;[39m&amp#27;[32m200&amp#27;[39m &amp#27;[90m53 ms - 137&amp#27;[39m
&amp#27;[35m[HTTP]&amp#27;[39m &amp#27;[90m&amp#27;[39m
&amp#27;[35m[HTTP]&amp#27;[39m &amp#27;[37m-->&amp#27;[39m &amp#27;[37mGET&amp#27;[39m &amp#27;[37m/wd/hub/session/4a132e6b-3c4a-4ba1-aa16-dd61b954d466/element/4bfa49df-4c8c-4508-b6bc-3d6a12e5ec51/displayed&amp#27;[39m
&amp#27;[35m[HTTP]&amp#27;[39m &amp#27;[90m{}&amp#27;[39m
[debug] &amp#27;[35m[W3C (4a132e6b)]&amp#27;[39m Calling AppiumDriver.elementDisplayed() with args: ["4bfa49df-4c8c-4508-b6bc-3d6a12e5ec51","4a132e6b-3c4a-4ba1-aa16-dd61b954d466"]
[debug] &amp#27;[35m[WD Proxy]&amp#27;[39m Matched '/element/4bfa49df-4c8c-4508-b6bc-3d6a12e5ec51/attribute/displayed' to command name 'getAttribute'
[debug] &amp#27;[35m[WD Proxy]&amp#27;[39m Proxying [GET /element/4bfa49df-4c8c-4508-b6bc-3d6a12e5ec51/attribute/displayed] to [GET http://127.0.0.1:8214/wd/hub/session/4e72fe8f-6b36-4d3c-aa46-be013f0079ff/element/4bfa49df-4c8c-4508-b6bc-3d6a12e5ec51/attribute/displayed] with no body
[debug] &amp#27;[35m[WD Proxy]&amp#27;[39m Got response with status 200: {"sessionId":"4e72fe8f-6b36-4d3c-aa46-be013f0079ff","value":"true"}
[debug] &amp#27;[35m[W3C (4a132e6b)]&amp#27;[39m Responding to client with driver.elementDisplayed() result: true
&amp#27;[35m[HTTP]&amp#27;[39m &amp#27;[37m<-- GET /wd/hub/session/4a132e6b-3c4a-4ba1-aa16-dd61b954d466/element/4bfa49df-4c8c-4508-b6bc-3d6a12e5ec51/displayed &amp#27;[39m&amp#27;[32m200&amp#27;[39m &amp#27;[90m44 ms - 14&amp#27;[39m
&amp#27;[35m[HTTP]&amp#27;[39m &amp#27;[90m&amp#27;[39m
&amp#27;[35m[HTTP]&amp#27;[39m &amp#27;[37m-->&amp#27;[39m &amp#27;[37mGET&amp#27;[39m &amp#27;[37m/wd/hub/session/4a132e6b-3c4a-4ba1-aa16-dd61b954d466&amp#27;[39m
&amp#27;[35m[HTTP]&amp#27;[39m &amp#27;[90m{}&amp#27;[39m
[debug] &amp#27;[35m[W3C (4a132e6b)]&amp#27;[39m Calling AppiumDriver.getSession() with args: ["4a132e6b-3c4a-4ba1-aa16-dd61b954d466"]
[debug] &amp#27;[35m[UiAutomator2]&amp#27;[39m Getting session details from server to mix in
[debug] &amp#27;[35m[WD Proxy]&amp#27;[39m Matched '/' to command name 'getSession'
[debug] &amp#27;[35m[WD Proxy]&amp#27;[39m Proxying [GET /] to [GET http://127.0.0.1:8214/wd/hub/session/4e72fe8f-6b36-4d3c-aa46-be013f0079ff] with no body
[debug] &amp#27;[35m[WD Proxy]&amp#27;[39m Got response with status 200: {"sessionId":"4e72fe8f-6b36-4d3c-aa46-be013f0079ff","value":{"lastScrollData":null}}
[debug] &amp#27;[35m[W3C (4a132e6b)]&amp#27;[39m Responding to client with driver.getSession() result: {"platform":"LINUX","webStorageEnabled":false,"takesScreenshot":true,"javascriptEnabled":true,"databaseEnabled":false,"networkConnectionEnabled":true,"locationContextEnabled":false,"warnings":{},"desired":{"platformName":"android","app":"C:\\Users\\Anis\\eclipse-workspace\\Appium\\src\\ApiDemos-debug.apk","deviceName":"Redmi","newCommandTimeout":14},"platformName":"android","app":"C:\\Users\\Anis\\eclipse-workspace\\Appium\\src\\ApiDemos-debug.apk","deviceName":"55272e729804","newCommandTimeout":14,"deviceUDID":"55272e729804","appPackage":"io.appium.android.apis","deviceApiLevel":24,"platformVersion":"7.0","deviceScreenSize":"1080x1920","deviceScreenDensity":480,"deviceModel":"Redmi Note 4","deviceManufacturer":"Xiaomi","pixelRatio":3,"statBarHeight":72,"viewportRect":{"left":0,"top":72,"width":1080,"height":1848},"lastScrollData":null}
&amp#27;[35m[HTTP]&amp#27;[39m &amp#27;[37m<-- GET /wd/hub/session/4a132e6b-3c4a-4ba1-aa16-dd61b954d466 &amp#27;[39m&amp#27;[32m200&amp#27;[39m &amp#27;[90m11 ms - 858&amp#27;[39m
&amp#27;[35m[HTTP]&amp#27;[39m &amp#27;[90m&amp#27;[39m
&amp#27;[35m[HTTP]&amp#27;[39m &amp#27;[37m-->&amp#27;[39m &amp#27;[37mPOST&amp#27;[39m &amp#27;[37m/wd/hub/session/4a132e6b-3c4a-4ba1-aa16-dd61b954d466/element&amp#27;[39m
&amp#27;[35m[HTTP]&amp#27;[39m &amp#27;[90m{"using":"id","value":"io.appium.android.apis:id/sms_enable_receiver"}&amp#27;[39m
[debug] &amp#27;[35m[W3C (4a132e6b)]&amp#27;[39m Calling AppiumDriver.findElement() with args: ["id","io.appium.android.apis:id/sms_enable_receiver","4a132e6b-3c4a-4ba1-aa16-dd61b954d466"]
[debug] &amp#27;[35m[BaseDriver]&amp#27;[39m Valid locator strategies for this request: xpath, id, class name, accessibility id, css selector, -android uiautomator
[debug] &amp#27;[35m[BaseDriver]&amp#27;[39m Waiting up to 0 ms for condition
[debug] &amp#27;[35m[WD Proxy]&amp#27;[39m Matched '/element' to command name 'findElement'
[debug] &amp#27;[35m[WD Proxy]&amp#27;[39m Proxying [POST /element] to [POST http://127.0.0.1:8214/wd/hub/session/4e72fe8f-6b36-4d3c-aa46-be013f0079ff/element] with body: {"strategy":"id","selector":"io.appium.android.apis:id/sms_enable_receiver","context":"","multiple":false}
[debug] &amp#27;[35m[WD Proxy]&amp#27;[39m Got response with status 200: {"sessionId":"4e72fe8f-6b36-4d3c-aa46-be013f0079ff","value":{"ELEMENT":"8928359e-6712-4c64-a534-49682d0dc668","element-6066-11e4-a52e-4f735466cecf":"8928359e-6712-4c64-a534-49682d0dc668"}}
[debug] &amp#27;[35m[W3C (4a132e6b)]&amp#27;[39m Responding to client with driver.findElement() result: {"element-6066-11e4-a52e-4f735466cecf":"8928359e-6712-4c64-a534-49682d0dc668","ELEMENT":"8928359e-6712-4c64-a534-49682d0dc668"}
&amp#27;[35m[HTTP]&amp#27;[39m &amp#27;[37m<-- POST /wd/hub/session/4a132e6b-3c4a-4ba1-aa16-dd61b954d466/element &amp#27;[39m&amp#27;[32m200&amp#27;[39m &amp#27;[90m34 ms - 137&amp#27;[39m
&amp#27;[35m[HTTP]&amp#27;[39m &amp#27;[90m&amp#27;[39m
&amp#27;[35m[HTTP]&amp#27;[39m &amp#27;[37m-->&amp#27;[39m &amp#27;[37mGET&amp#27;[39m &amp#27;[37m/wd/hub/session/4a132e6b-3c4a-4ba1-aa16-dd61b954d466/element/8928359e-6712-4c64-a534-49682d0dc668/enabled&amp#27;[39m
&amp#27;[35m[HTTP]&amp#27;[39m &amp#27;[90m{}&amp#27;[39m
[debug] &amp#27;[35m[W3C (4a132e6b)]&amp#27;[39m Calling AppiumDriver.elementEnabled() with args: ["8928359e-6712-4c64-a534-49682d0dc668","4a132e6b-3c4a-4ba1-aa16-dd61b954d466"]
[debug] &amp#27;[35m[WD Proxy]&amp#27;[39m Matched '/element/8928359e-6712-4c64-a534-49682d0dc668/attribute/enabled' to command name 'getAttribute'
[debug] &amp#27;[35m[WD Proxy]&amp#27;[39m Proxying [GET /element/8928359e-6712-4c64-a534-49682d0dc668/attribute/enabled] to [GET http://127.0.0.1:8214/wd/hub/session/4e72fe8f-6b36-4d3c-aa46-be013f0079ff/element/8928359e-6712-4c64-a534-49682d0dc668/attribute/enabled] with no body
[debug] &amp#27;[35m[WD Proxy]&amp#27;[39m Got response with status 200: {"sessionId":"4e72fe8f-6b36-4d3c-aa46-be013f0079ff","value":"true"}
[debug] &amp#27;[35m[W3C (4a132e6b)]&amp#27;[39m Responding to client with driver.elementEnabled() result: true
&amp#27;[35m[HTTP]&amp#27;[39m &amp#27;[37m<-- GET /wd/hub/session/4a132e6b-3c4a-4ba1-aa16-dd61b954d466/element/8928359e-6712-4c64-a534-49682d0dc668/enabled &amp#27;[39m&amp#27;[32m200&amp#27;[39m &amp#27;[90m41 ms - 14&amp#27;[39m
&amp#27;[35m[HTTP]&amp#27;[39m &amp#27;[90m&amp#27;[39m
&amp#27;[35m[HTTP]&amp#27;[39m &amp#27;[37m-->&amp#27;[39m &amp#27;[37mPOST&amp#27;[39m &amp#27;[37m/wd/hub/session/4a132e6b-3c4a-4ba1-aa16-dd61b954d466/timeouts&amp#27;[39m
&amp#27;[35m[HTTP]&amp#27;[39m &amp#27;[90m{"implicit":10000}&amp#27;[39m
[debug] &amp#27;[35m[W3C (4a132e6b)]&amp#27;[39m Calling AppiumDriver.timeouts() with args: [null,null,null,null,10000,"4a132e6b-3c4a-4ba1-aa16-dd61b954d466"]
[debug] &amp#27;[35m[BaseDriver]&amp#27;[39m W3C timeout argument: {"implicit":10000}}
[debug] &amp#27;[35m[BaseDriver]&amp#27;[39m Set implicit wait to 10000ms
[debug] &amp#27;[35m[W3C (4a132e6b)]&amp#27;[39m Responding to client with driver.timeouts() result: null
&amp#27;[35m[HTTP]&amp#27;[39m &amp#27;[37m<-- POST /wd/hub/session/4a132e6b-3c4a-4ba1-aa16-dd61b954d466/timeouts &amp#27;[39m&amp#27;[32m200&amp#27;[39m &amp#27;[90m2 ms - 14&amp#27;[39m
&amp#27;[35m[HTTP]&amp#27;[39m &amp#27;[90m&amp#27;[39m
&amp#27;[35m[HTTP]&amp#27;[39m &amp#27;[37m-->&amp#27;[39m &amp#27;[37mGET&amp#27;[39m &amp#27;[37m/wd/hub/session/4a132e6b-3c4a-4ba1-aa16-dd61b954d466&amp#27;[39m
&amp#27;[35m[HTTP]&amp#27;[39m &amp#27;[90m{}&amp#27;[39m
[debug] &amp#27;[35m[W3C (4a132e6b)]&amp#27;[39m Calling AppiumDriver.getSession() with args: ["4a132e6b-3c4a-4ba1-aa16-dd61b954d466"]
[debug] &amp#27;[35m[UiAutomator2]&amp#27;[39m Getting session details from server to mix in
[debug] &amp#27;[35m[WD Proxy]&amp#27;[39m Matched '/' to command name 'getSession'
[debug] &amp#27;[35m[WD Proxy]&amp#27;[39m Proxying [GET /] to [GET http://127.0.0.1:8214/wd/hub/session/4e72fe8f-6b36-4d3c-aa46-be013f0079ff] with no body
[debug] &amp#27;[35m[WD Proxy]&amp#27;[39m Got response with status 200: {"sessionId":"4e72fe8f-6b36-4d3c-aa46-be013f0079ff","value":{"lastScrollData":null}}
[debug] &amp#27;[35m[W3C (4a132e6b)]&amp#27;[39m Responding to client with driver.getSession() result: {"platform":"LINUX","webStorageEnabled":false,"takesScreenshot":true,"javascriptEnabled":true,"databaseEnabled":false,"networkConnectionEnabled":true,"locationContextEnabled":false,"warnings":{},"desired":{"platformName":"android","app":"C:\\Users\\Anis\\eclipse-workspace\\Appium\\src\\ApiDemos-debug.apk","deviceName":"Redmi","newCommandTimeout":14},"platformName":"android","app":"C:\\Users\\Anis\\eclipse-workspace\\Appium\\src\\ApiDemos-debug.apk","deviceName":"55272e729804","newCommandTimeout":14,"deviceUDID":"55272e729804","appPackage":"io.appium.android.apis","deviceApiLevel":24,"platformVersion":"7.0","deviceScreenSize":"1080x1920","deviceScreenDensity":480,"deviceModel":"Redmi Note 4","deviceManufacturer":"Xiaomi","pixelRatio":3,"statBarHeight":72,"viewportRect":{"left":0,"top":72,"width":1080,"height":1848},"lastScrollData":null}
&amp#27;[35m[HTTP]&amp#27;[39m &amp#27;[37m<-- GET /wd/hub/session/4a132e6b-3c4a-4ba1-aa16-dd61b954d466 &amp#27;[39m&amp#27;[32m200&amp#27;[39m &amp#27;[90m12 ms - 858&amp#27;[39m
&amp#27;[35m[HTTP]&amp#27;[39m &amp#27;[90m&amp#27;[39m
&amp#27;[35m[HTTP]&amp#27;[39m &amp#27;[37m-->&amp#27;[39m &amp#27;[37mPOST&amp#27;[39m &amp#27;[37m/wd/hub/session/4a132e6b-3c4a-4ba1-aa16-dd61b954d466/element&amp#27;[39m
&amp#27;[35m[HTTP]&amp#27;[39m &amp#27;[90m{"using":"id","value":"io.appium.android.apis:id/sms_enable_receiver"}&amp#27;[39m
[debug] &amp#27;[35m[W3C (4a132e6b)]&amp#27;[39m Calling AppiumDriver.findElement() with args: ["id","io.appium.android.apis:id/sms_enable_receiver","4a132e6b-3c4a-4ba1-aa16-dd61b954d466"]
[debug] &amp#27;[35m[BaseDriver]&amp#27;[39m Valid locator strategies for this request: xpath, id, class name, accessibility id, css selector, -android uiautomator
[debug] &amp#27;[35m[BaseDriver]&amp#27;[39m Waiting up to 10000 ms for condition
[debug] &amp#27;[35m[WD Proxy]&amp#27;[39m Matched '/element' to command name 'findElement'
[debug] &amp#27;[35m[WD Proxy]&amp#27;[39m Proxying [POST /element] to [POST http://127.0.0.1:8214/wd/hub/session/4e72fe8f-6b36-4d3c-aa46-be013f0079ff/element] with body: {"strategy":"id","selector":"io.appium.android.apis:id/sms_enable_receiver","context":"","multiple":false}
[debug] &amp#27;[35m[WD Proxy]&amp#27;[39m Got response with status 200: {"sessionId":"4e72fe8f-6b36-4d3c-aa46-be013f0079ff","value":{"ELEMENT":"d778cdc8-6bf7-4723-99f6-3064ce753a49","element-6066-11e4-a52e-4f735466cecf":"d778cdc8-6bf7-4723-99f6-3064ce753a49"}}
[debug] &amp#27;[35m[W3C (4a132e6b)]&amp#27;[39m Responding to client with driver.findElement() result: {"element-6066-11e4-a52e-4f735466cecf":"d778cdc8-6bf7-4723-99f6-3064ce753a49","ELEMENT":"d778cdc8-6bf7-4723-99f6-3064ce753a49"}
&amp#27;[35m[HTTP]&amp#27;[39m &amp#27;[37m<-- POST /wd/hub/session/4a132e6b-3c4a-4ba1-aa16-dd61b954d466/element &amp#27;[39m&amp#27;[32m200&amp#27;[39m &amp#27;[90m28 ms - 137&amp#27;[39m
&amp#27;[35m[HTTP]&amp#27;[39m &amp#27;[90m&amp#27;[39m
&amp#27;[35m[HTTP]&amp#27;[39m &amp#27;[37m-->&amp#27;[39m &amp#27;[37mPOST&amp#27;[39m &amp#27;[37m/wd/hub/session/4a132e6b-3c4a-4ba1-aa16-dd61b954d466/element/d778cdc8-6bf7-4723-99f6-3064ce753a49/click&amp#27;[39m
&amp#27;[35m[HTTP]&amp#27;[39m &amp#27;[90m{"id":"d778cdc8-6bf7-4723-99f6-3064ce753a49"}&amp#27;[39m
[debug] &amp#27;[35m[W3C (4a132e6b)]&amp#27;[39m Calling AppiumDriver.click() with args: ["d778cdc8-6bf7-4723-99f6-3064ce753a49","4a132e6b-3c4a-4ba1-aa16-dd61b954d466"]
[debug] &amp#27;[35m[WD Proxy]&amp#27;[39m Matched '/element/d778cdc8-6bf7-4723-99f6-3064ce753a49/click' to command name 'click'
[debug] &amp#27;[35m[WD Proxy]&amp#27;[39m Proxying [POST /element/d778cdc8-6bf7-4723-99f6-3064ce753a49/click] to [POST http://127.0.0.1:8214/wd/hub/session/4e72fe8f-6b36-4d3c-aa46-be013f0079ff/element/d778cdc8-6bf7-4723-99f6-3064ce753a49/click] with body: {"element":"d778cdc8-6bf7-4723-99f6-3064ce753a49"}
[debug] &amp#27;[35m[WD Proxy]&amp#27;[39m Got response with status 200: {"sessionId":"4e72fe8f-6b36-4d3c-aa46-be013f0079ff","value":null}
[debug] &amp#27;[35m[W3C (4a132e6b)]&amp#27;[39m Responding to client with driver.click() result: null
&amp#27;[35m[HTTP]&amp#27;[39m &amp#27;[37m<-- POST /wd/hub/session/4a132e6b-3c4a-4ba1-aa16-dd61b954d466/element/d778cdc8-6bf7-4723-99f6-3064ce753a49/click &amp#27;[39m&amp#27;[32m200&amp#27;[39m &amp#27;[90m23 ms - 14&amp#27;[39m
&amp#27;[35m[HTTP]&amp#27;[39m &amp#27;[90m&amp#27;[39m
[INFO ] 2021-06-18 15:56:38.023 [main] ExplicitWait - Waiting for element to be visible: Located by By.chained({By.id: io.appium.android.apis:id/sms_recipient})
[INFO ] 2021-06-18 15:56:38.023 [main] ExplicitWait - Waiting for element to be visible: Located by By.chained({By.id: io.appium.android.apis:id/sms_recipient})
&amp#27;[35m[HTTP]&amp#27;[39m &amp#27;[37m-->&amp#27;[39m &amp#27;[37mPOST&amp#27;[39m &amp#27;[37m/wd/hub/session/4a132e6b-3c4a-4ba1-aa16-dd61b954d466/timeouts&amp#27;[39m
&amp#27;[35m[HTTP]&amp#27;[39m &amp#27;[90m{"implicit":0}&amp#27;[39m
[debug] &amp#27;[35m[W3C (4a132e6b)]&amp#27;[39m Calling AppiumDriver.timeouts() with args: [null,null,null,null,0,"4a132e6b-3c4a-4ba1-aa16-dd61b954d466"]
[debug] &amp#27;[35m[BaseDriver]&amp#27;[39m W3C timeout argument: {"implicit":0}}
[debug] &amp#27;[35m[BaseDriver]&amp#27;[39m Set implicit wait to 0ms
[debug] &amp#27;[35m[W3C (4a132e6b)]&amp#27;[39m Responding to client with driver.timeouts() result: null
&amp#27;[35m[HTTP]&amp#27;[39m &amp#27;[37m<-- POST /wd/hub/session/4a132e6b-3c4a-4ba1-aa16-dd61b954d466/timeouts &amp#27;[39m&amp#27;[32m200&amp#27;[39m &amp#27;[90m1 ms - 14&amp#27;[39m
&amp#27;[35m[HTTP]&amp#27;[39m &amp#27;[90m&amp#27;[39m
&amp#27;[35m[HTTP]&amp#27;[39m &amp#27;[37m-->&amp#27;[39m &amp#27;[37mGET&amp#27;[39m &amp#27;[37m/wd/hub/session/4a132e6b-3c4a-4ba1-aa16-dd61b954d466&amp#27;[39m
&amp#27;[35m[HTTP]&amp#27;[39m &amp#27;[90m{}&amp#27;[39m
[debug] &amp#27;[35m[W3C (4a132e6b)]&amp#27;[39m Calling AppiumDriver.getSession() with args: ["4a132e6b-3c4a-4ba1-aa16-dd61b954d466"]
[debug] &amp#27;[35m[UiAutomator2]&amp#27;[39m Getting session details from server to mix in
[debug] &amp#27;[35m[WD Proxy]&amp#27;[39m Matched '/' to command name 'getSession'
[debug] &amp#27;[35m[WD Proxy]&amp#27;[39m Proxying [GET /] to [GET http://127.0.0.1:8214/wd/hub/session/4e72fe8f-6b36-4d3c-aa46-be013f0079ff] with no body
[debug] &amp#27;[35m[WD Proxy]&amp#27;[39m Got response with status 200: {"sessionId":"4e72fe8f-6b36-4d3c-aa46-be013f0079ff","value":{"lastScrollData":null}}
[debug] &amp#27;[35m[W3C (4a132e6b)]&amp#27;[39m Responding to client with driver.getSession() result: {"platform":"LINUX","webStorageEnabled":false,"takesScreenshot":true,"javascriptEnabled":true,"databaseEnabled":false,"networkConnectionEnabled":true,"locationContextEnabled":false,"warnings":{},"desired":{"platformName":"android","app":"C:\\Users\\Anis\\eclipse-workspace\\Appium\\src\\ApiDemos-debug.apk","deviceName":"Redmi","newCommandTimeout":14},"platformName":"android","app":"C:\\Users\\Anis\\eclipse-workspace\\Appium\\src\\ApiDemos-debug.apk","deviceName":"55272e729804","newCommandTimeout":14,"deviceUDID":"55272e729804","appPackage":"io.appium.android.apis","deviceApiLevel":24,"platformVersion":"7.0","deviceScreenSize":"1080x1920","deviceScreenDensity":480,"deviceModel":"Redmi Note 4","deviceManufacturer":"Xiaomi","pixelRatio":3,"statBarHeight":72,"viewportRect":{"left":0,"top":72,"width":1080,"height":1848},"lastScrollData":null}
&amp#27;[35m[HTTP]&amp#27;[39m &amp#27;[37m<-- GET /wd/hub/session/4a132e6b-3c4a-4ba1-aa16-dd61b954d466 &amp#27;[39m&amp#27;[32m200&amp#27;[39m &amp#27;[90m10 ms - 858&amp#27;[39m
&amp#27;[35m[HTTP]&amp#27;[39m &amp#27;[90m&amp#27;[39m
&amp#27;[35m[HTTP]&amp#27;[39m &amp#27;[37m-->&amp#27;[39m &amp#27;[37mPOST&amp#27;[39m &amp#27;[37m/wd/hub/session/4a132e6b-3c4a-4ba1-aa16-dd61b954d466/element&amp#27;[39m
&amp#27;[35m[HTTP]&amp#27;[39m &amp#27;[90m{"using":"id","value":"io.appium.android.apis:id/sms_recipient"}&amp#27;[39m
[debug] &amp#27;[35m[W3C (4a132e6b)]&amp#27;[39m Calling AppiumDriver.findElement() with args: ["id","io.appium.android.apis:id/sms_recipient","4a132e6b-3c4a-4ba1-aa16-dd61b954d466"]
[debug] &amp#27;[35m[BaseDriver]&amp#27;[39m Valid locator strategies for this request: xpath, id, class name, accessibility id, css selector, -android uiautomator
[debug] &amp#27;[35m[BaseDriver]&amp#27;[39m Waiting up to 0 ms for condition
[debug] &amp#27;[35m[WD Proxy]&amp#27;[39m Matched '/element' to command name 'findElement'
[debug] &amp#27;[35m[WD Proxy]&amp#27;[39m Proxying [POST /element] to [POST http://127.0.0.1:8214/wd/hub/session/4e72fe8f-6b36-4d3c-aa46-be013f0079ff/element] with body: {"strategy":"id","selector":"io.appium.android.apis:id/sms_recipient","context":"","multiple":false}
[debug] &amp#27;[35m[WD Proxy]&amp#27;[39m Got response with status 200: {"sessionId":"4e72fe8f-6b36-4d3c-aa46-be013f0079ff","value":{"ELEMENT":"9f70f43b-4632-419b-8a0b-8eef79a88833","element-6066-11e4-a52e-4f735466cecf":"9f70f43b-4632-419b-8a0b-8eef79a88833"}}
[debug] &amp#27;[35m[W3C (4a132e6b)]&amp#27;[39m Responding to client with driver.findElement() result: {"element-6066-11e4-a52e-4f735466cecf":"9f70f43b-4632-419b-8a0b-8eef79a88833","ELEMENT":"9f70f43b-4632-419b-8a0b-8eef79a88833"}
&amp#27;[35m[HTTP]&amp#27;[39m &amp#27;[37m<-- POST /wd/hub/session/4a132e6b-3c4a-4ba1-aa16-dd61b954d466/element &amp#27;[39m&amp#27;[32m200&amp#27;[39m &amp#27;[90m505 ms - 137&amp#27;[39m
&amp#27;[35m[HTTP]&amp#27;[39m &amp#27;[90m&amp#27;[39m
&amp#27;[35m[HTTP]&amp#27;[39m &amp#27;[37m-->&amp#27;[39m &amp#27;[37mGET&amp#27;[39m &amp#27;[37m/wd/hub/session/4a132e6b-3c4a-4ba1-aa16-dd61b954d466/element/9f70f43b-4632-419b-8a0b-8eef79a88833/displayed&amp#27;[39m
&amp#27;[35m[HTTP]&amp#27;[39m &amp#27;[90m{}&amp#27;[39m
[debug] &amp#27;[35m[W3C (4a132e6b)]&amp#27;[39m Calling AppiumDriver.elementDisplayed() with args: ["9f70f43b-4632-419b-8a0b-8eef79a88833","4a132e6b-3c4a-4ba1-aa16-dd61b954d466"]
[debug] &amp#27;[35m[WD Proxy]&amp#27;[39m Matched '/element/9f70f43b-4632-419b-8a0b-8eef79a88833/attribute/displayed' to command name 'getAttribute'
[debug] &amp#27;[35m[WD Proxy]&amp#27;[39m Proxying [GET /element/9f70f43b-4632-419b-8a0b-8eef79a88833/attribute/displayed] to [GET http://127.0.0.1:8214/wd/hub/session/4e72fe8f-6b36-4d3c-aa46-be013f0079ff/element/9f70f43b-4632-419b-8a0b-8eef79a88833/attribute/displayed] with no body
[debug] &amp#27;[35m[WD Proxy]&amp#27;[39m Got response with status 200: {"sessionId":"4e72fe8f-6b36-4d3c-aa46-be013f0079ff","value":"true"}
[debug] &amp#27;[35m[W3C (4a132e6b)]&amp#27;[39m Responding to client with driver.elementDisplayed() result: true
&amp#27;[35m[HTTP]&amp#27;[39m &amp#27;[37m<-- GET /wd/hub/session/4a132e6b-3c4a-4ba1-aa16-dd61b954d466/element/9f70f43b-4632-419b-8a0b-8eef79a88833/displayed &amp#27;[39m&amp#27;[32m200&amp#27;[39m &amp#27;[90m17 ms - 14&amp#27;[39m
&amp#27;[35m[HTTP]&amp#27;[39m &amp#27;[90m&amp#27;[39m
&amp#27;[35m[HTTP]&amp#27;[39m &amp#27;[37m-->&amp#27;[39m &amp#27;[37mPOST&amp#27;[39m &amp#27;[37m/wd/hub/session/4a132e6b-3c4a-4ba1-aa16-dd61b954d466/timeouts&amp#27;[39m
&amp#27;[35m[HTTP]&amp#27;[39m &amp#27;[90m{"implicit":10000}&amp#27;[39m
[debug] &amp#27;[35m[W3C (4a132e6b)]&amp#27;[39m Calling AppiumDriver.timeouts() with args: [null,null,null,null,10000,"4a132e6b-3c4a-4ba1-aa16-dd61b954d466"]
[debug] &amp#27;[35m[BaseDriver]&amp#27;[39m W3C timeout argument: {"implicit":10000}}
[debug] &amp#27;[35m[BaseDriver]&amp#27;[39m Set implicit wait to 10000ms
[debug] &amp#27;[35m[W3C (4a132e6b)]&amp#27;[39m Responding to client with driver.timeouts() result: null
&amp#27;[35m[HTTP]&amp#27;[3[INFO ] 2021-06-18 15:56:38.594 [main] OperatingSystem - Clicks The Recipient
9m &amp#27;[37m<-- POST /wd/hub/session/4a132e6b-3c4a-4ba1-aa16-dd61b954d466/timeouts &amp#27;[39m&amp#27;[32m200&amp#27;[39m &amp#27;[90m2 ms - 14&amp#27;[39m
&amp#27;[35m[HTTP]&amp#27;[39m &amp#27;[90m&amp#27;[39m
&amp#27;[35m[HTTP]&amp#27;[39m &amp#27;[37m-->&amp#27;[39m &amp#27;[37mGET&amp#27;[39m &amp#27;[37m/wd/hub/session/4a132e6b-3c4a-4ba1-aa16-dd61b954d466&amp#27;[39m
&amp#27;[35m[HTTP]&amp#27;[39m &amp#27;[90m{}&amp#27;[39m
[debug] &amp#27;[35m[W3C (4a132e6b)]&amp#27;[39m Calling AppiumDriver.getSession() with args: ["4a132e6b-3c4a-4ba1-aa16-dd61b954d466"]
[debug] &amp#27;[35m[UiAutomator2]&amp#27;[39m Getting session details from server to mix in
[debug] &amp#27;[35m[WD Proxy]&amp#27;[39m Matched '/' to command name 'getSession'
[debug] &amp#27;[35m[WD Proxy]&amp#27;[39m Proxying [GET /] to [GET http://127.0.0.1:8214/wd/hub/session/4e72fe8f-6b36-4d3c-aa46-be013f0079ff] with no body
[debug] &amp#27;[35m[WD Proxy]&amp#27;[39m Got response with status 200: {"sessionId":"4e72fe8f-6b36-4d3c-aa46-be013f0079ff","value":{"lastScrollData":null}}
[debug] &amp#27;[35m[W3C (4a132e6b)]&amp#27;[39m Responding to client with driver.getSession() result: {"platform":"LINUX","webStorageEnabled":false,"takesScreenshot":true,"javascriptEnabled":true,"databaseEnabled":false,"networkConnectionEnabled":true,"locationContextEnabled":false,"warnings":{},"desired":{"platformName":"android","app":"C:\\Users\\Anis\\eclipse-workspace\\Appium\\src\\ApiDemos-debug.apk","deviceName":"Redmi","newCommandTimeout":14},"platformName":"android","app":"C:\\Users\\Anis\\eclipse-workspace\\Appium\\src\\ApiDemos-debug.apk","deviceName":"55272e729804","newCommandTimeout":14,"deviceUDID":"55272e729804","appPackage":"io.appium.android.apis","deviceApiLevel":24,"platformVersion":"7.0","deviceScreenSize":"1080x1920","deviceScreenDensity":480,"deviceModel":"Redmi Note 4","deviceManufacturer":"Xiaomi","pixelRatio":3,"statBarHeight":72,"viewportRect":{"left":0,"top":72,"width":1080,"height":1848},"lastScrollData":null}
&amp#27;[35m[HTTP]&amp#27;[39m &amp#27;[37m<-- GET /wd/hub/session/4a132e6b-3c4a-4ba1-aa16-dd61b954d466 &amp#27;[39m&amp#27;[32m200&amp#27;[39m &amp#27;[90m14 ms - 858&amp#27;[39m
&amp#27;[35m[HTTP]&amp#27;[39m &amp#27;[90m&amp#27;[39m
&amp#27;[35m[HTTP]&amp#27;[39m &amp#27;[37m-->&amp#27;[39m &amp#27;[37mPOST&amp#27;[39m &amp#27;[37m/wd/hub/session/4a132e6b-3c4a-4ba1-aa16-dd61b954d466/element&amp#27;[39m
&amp#27;[35m[HTTP]&amp#27;[39m &amp#27;[90m{"using":"id","value":"io.appium.android.apis:id/sms_recipient"}&amp#27;[39m
[debug] &amp#27;[35m[W3C (4a132e6b)]&amp#27;[39m Calling AppiumDriver.findElement() with args: ["id","io.appium.android.apis:id/sms_recipient","4a132e6b-3c4a-4ba1-aa16-dd61b954d466"]
[debug] &amp#27;[35m[BaseDriver]&amp#27;[39m Valid locator strategies for this request: xpath, id, class name, accessibility id, css selector, -android uiautomator
[debug] &amp#27;[35m[BaseDriver]&amp#27;[39m Waiting up to 10000 ms for condition
[debug] &amp#27;[35m[WD Proxy]&amp#27;[39m Matched '/element' to command name 'findElement'
[debug] &amp#27;[35m[WD Proxy]&amp#27;[39m Proxying [POST /element] to [POST http://127.0.0.1:8214/wd/hub/session/4e72fe8f-6b36-4d3c-aa46-be013f0079ff/element] with body: {"strategy":"id","selector":"io.appium.android.apis:id/sms_recipient","context":"","multiple":false}
[debug] &amp#27;[35m[WD Proxy]&amp#27;[39m Got response with status 200: {"sessionId":"4e72fe8f-6b36-4d3c-aa46-be013f0079ff","value":{"ELEMENT":"8ae744e8-be56-476b-9a0a-7e1651c97dab","element-6066-11e4-a52e-4f735466cecf":"8ae744e8-be56-476b-9a0a-7e1651c97dab"}}
[debug] &amp#27;[35m[W3C (4a132e6b)]&amp#27;[39m Responding to client with driver.findElement() result: {"element-6066-11e4-a52e-4f735466cecf":"8ae744e8-be56-476b-9a0a-7e1651c97dab","ELEMENT":"8ae744e8-be56-476b-9a0a-7e1651c97dab"}
&amp#27;[35m[HTTP]&amp#27;[39m &amp#27;[37m<-- POST /wd/hub/session/4a132e6b-3c4a-4ba1-aa16-dd61b954d466/element &amp#27;[39m&amp#27;[32m200&amp#27;[39m &amp#27;[90m28 ms - 137&amp#27;[39m
&amp#27;[35m[HTTP]&amp#27;[39m &amp#27;[90m&amp#27;[39m
&amp#27;[35m[HTTP]&amp#27;[39m &amp#27;[37m-->&amp#27;[39m &amp#27;[37mPOST&amp#27;[39m &amp#27;[37m/wd/hub/session/4a132e6b-3c4a-4ba1-aa16-dd61b954d466/element/8ae744e8-be56-476b-9a0a-7e1651c97dab/clear&amp#27;[39m
&amp#27;[35m[HTTP]&amp#27;[39m &amp#27;[90m{"id":"8ae744e8-be56-476b-9a0a-7e1651c97dab"}&amp#27;[39m
[debug] &amp#27;[35m[W3C (4a132e6b)]&amp#27;[39m Calling AppiumDriver.clear() with args: ["8ae744e8-be56-476b-9a0a-7e1651c97dab","4a132e6b-3c4a-4ba1-aa16-dd61b954d466"]
[debug] &amp#27;[35m[WD Proxy]&amp#27;[39m Matched '/element/8ae744e8-be56-476b-9a0a-7e1651c97dab/clear' to command name 'clear'
[debug] &amp#27;[35m[WD Proxy]&amp#27;[39m Proxying [POST /element/8ae744e8-be56-476b-9a0a-7e1651c97dab/clear] to [POST http://127.0.0.1:8214/wd/hub/session/4e72fe8f-6b36-4d3c-aa46-be013f0079ff/element/8ae744e8-be56-476b-9a0a-7e1651c97dab/clear] with body: {"elementId":"8ae744e8-be56-476b-9a0a-7e1651c97dab"}
[debug] &amp#27;[35m[WD Proxy]&amp#27;[39m Got response with status 200: {"sessionId":"4e72fe8f-6b36-4d3c-aa46-be013f0079ff","value":null}
[debug] &amp#27;[35m[W3C (4a132e6b)]&amp#27;[39m Responding to client with driver.clear() result: null
&amp#27;[35m[HTTP]&amp#27;[39m &amp#27;[37m<-- POST /wd/hub/session/4a132e6b-3c4a-4ba1-aa16-dd61b954d466/element/8ae744e8-be56-476b-9a0a-7e1651c97dab/clear &amp#27;[39m&amp#27;[32m200&amp#27;[39m &amp#27;[90m42 ms - 14&amp#27;[39m
&amp#27;[35m[HTTP]&amp#27;[39m &amp#27;[90m&amp#27;[39m
&amp#27;[35m[HTTP]&amp#27;[39m &amp#27;[37m-->&amp#27;[39m &amp#27;[37mGET&amp#27;[39m &amp#27;[37m/wd/hub/session/4a132e6b-3c4a-4ba1-aa16-dd61b954d466&amp#27;[39m
&amp#27;[35m[HTTP]&amp#27;[39m &amp#27;[90m{}&amp#27;[39m
[debug] &amp#27;[35m[W3C (4a132e6b)]&amp#27;[39m Calling AppiumDriver.getSession() with args: ["4a132e6b-3c4a-4ba1-aa16-dd61b954d466"]
[debug] &amp#27;[35m[UiAutomator2]&amp#27;[39m Getting session details from server to mix in
[debug] &amp#27;[35m[WD Proxy]&amp#27;[39m Matched '/' to command name 'getSession'
[debug] &amp#27;[35m[WD Proxy]&amp#27;[39m Proxying [GET /] to [GET http://127.0.0.1:8214/wd/hub/session/4e72fe8f-6b36-4d3c-aa46-be013f0079ff] with no body
[debug] &amp#27;[35m[WD Proxy]&amp#27;[39m Got response with status 200: {"sessionId":"4e72fe8f-6b36-4d3c-aa46-be013f0079ff","value":{"lastScrollData":null}}
[debug] &amp#27;[35m[W3C (4a132e6b)]&amp#27;[39m Responding to client with driver.getSession() result: {"platform":"LINUX","webStorageEnabled":false,"takesScreenshot":true,"javascriptEnabled":true,"databaseEnabled":false,"networkConnectionEnabled":true,"locationContextEnabled":false,"warnings":{},"desired":{"platformName":"android","app":"C:\\Users\\Anis\\eclipse-workspace\\Appium\\src\\ApiDemos-debug.apk","deviceName":"Redmi","newCommandTimeout":14},"platformName":"android","app":"C:\\Users\\Anis\\eclipse-workspace\\Appium\\src\\ApiDemos-debug.apk","deviceName":"55272e729804","newCommandTimeout":14,"deviceUDID":"55272e729804","appPackage":"io.appium.android.apis","deviceApiLevel":24,"platformVersion":"7.0","deviceScreenSize":"1080x1920","deviceScreenDensity":480,"deviceModel":"Redmi Note 4","deviceManufacturer":"Xiaomi","pixelRatio":3,"statBarHeight":72,"viewportRect":{"left":0,"top":72,"width":1080,"height":1848},"lastScrollData":null}
&amp#27;[35m[HTTP]&amp#27;[39m &amp#27;[37m<-- GET /wd/hub/session/4a132e6b-3c4a-4ba1-aa16-dd61b954d466 &amp#27;[39m&amp#27;[32m200&amp#27;[39m &amp#27;[90m12 ms - 858&amp#27;[39m
&amp#27;[35m[HTTP]&amp#27;[39m &amp#27;[90m&amp#27;[39m
&amp#27;[35m[HTTP]&amp#27;[39m &amp#27;[37m-->&amp#27;[39m &amp#27;[37mPOST&amp#27;[39m &amp#27;[37m/wd/hub/session/4a132e6b-3c4a-4ba1-aa16-dd61b954d466/element&amp#27;[39m
&amp#27;[35m[HTTP]&amp#27;[39m &amp#27;[90m{"using":"id","value":"io.appium.android.apis:id/sms_recipient"}&amp#27;[39m
[debug] &amp#27;[35m[W3C (4a132e6b)]&amp#27;[39m Calling AppiumDriver.findElement() with args: ["id","io.appium.android.apis:id/sms_recipient","4a132e6b-3c4a-4ba1-aa16-dd61b954d466"]
[debug] &amp#27;[35m[BaseDriver]&amp#27;[39m Valid locator strategies for this request: xpath, id, class name, accessibility id, css selector, -android uiautomator
[debug] &amp#27;[35m[BaseDriver]&amp#27;[39m Waiting up to 10000 ms for condition
[debug] &amp#27;[35m[WD Proxy]&amp#27;[39m Matched '/element' to command name 'findElement'
[debug] &amp#27;[35m[WD Proxy]&amp#27;[39m Proxying [POST /element] to [POST http://127.0.0.1:8214/wd/hub/session/4e72fe8f-6b36-4d3c-aa46-be013f0079ff/element] with body: {"strategy":"id","selector":"io.appium.android.apis:id/sms_recipient","context":"","multiple":false}
[debug] &amp#27;[35m[WD Proxy]&amp#27;[39m Got response with status 200: {"sessionId":"4e72fe8f-6b36-4d3c-aa46-be013f0079ff","value":{"ELEMENT":"ff029032-0e30-42e4-95dd-4d36e143c5ca","element-6066-11e4-a52e-4f735466cecf":"ff029032-0e30-42e4-95dd-4d36e143c5ca"}}
[debug] &amp#27;[35m[W3C (4a132e6b)]&amp#27;[39m Responding to client with driver.findElement() result: {"element-6066-11e4-a52e-4f735466cecf":"ff029032-0e30-42e4-95dd-4d36e143c5ca","ELEMENT":"ff029032-0e30-42e4-95dd-4d36e143c5ca"}
&amp#27;[35m[HTTP]&amp#27;[39m &amp#27;[37m<-- POST /wd/hub/session/4a132e6b-3c4a-4ba1-aa16-dd61b954d466/element &amp#27;[39m&amp#27;[32m200&amp#27;[39m &amp#27;[90m741 ms - 137&amp#27;[39m
&amp#27;[35m[HTTP]&amp#27;[39m &amp#27;[90m&amp#27;[39m
&amp#27;[35m[HTTP]&amp#27;[39m &amp#27;[37m-->&amp#27;[39m &amp#27;[37mPOST&amp#27;[39m &amp#27;[37m/wd/hub/session/4a132e6b-3c4a-4ba1-aa16-dd61b954d466/element/ff029032-0e30-42e4-95dd-4d36e143c5ca/value&amp#27;[39m
&amp#27;[35m[HTTP]&amp#27;[39m &amp#27;[90m{"id":"ff029032-0e30-42e4-95dd-4d36e143c5ca","text":"9876543210","value":["9","8","7","6","5","4","3","2","1","0"]}&amp#27;[39m
[debug] &amp#27;[35m[W3C (4a132e6b)]&amp#27;[39m Calling AppiumDriver.setValue() with args: [["9","8","7","6","5","4","3","2","1","0"],"ff029032-0e30-42e4-95dd-4d36e143c5ca","4a132e6b-3c4a-4ba1-aa16-dd61b954d466"]
[debug] &amp#27;[35m[WD Proxy]&amp#27;[39m Matched '/element/ff029032-0e30-42e4-95dd-4d36e143c5ca/value' to command name 'setValue'
[debug] &amp#27;[35m[Protocol Converter]&amp#27;[39m Added 'value' property ["9","8","7","6","5","4","3","2","1","0"] to 'setValue' request body
[debug] &amp#27;[35m[WD Proxy]&amp#27;[39m Proxying [POST /element/ff029032-0e30-42e4-95dd-4d36e143c5ca/value] to [POST http://127.0.0.1:8214/wd/hub/session/4e72fe8f-6b36-4d3c-aa46-be013f0079ff/element/ff029032-0e30-42e4-95dd-4d36e143c5ca/value] with body: {"elementId":"ff029032-0e30-42e4-95dd-4d36e143c5ca","text":"9876543210","replace":false,"value":["9","8","7","6","5","4","3","2","1","0"]}
[debug] &amp#27;[35m[WD Proxy]&amp#27;[39m Got response with status 200: {"sessionId":"4e72fe8f-6b36-4d3c-aa46-be013f0079ff","value":null}
[debug] &amp#27;[35m[W3C (4a132e6b)]&amp#27;[39m Responding to client with driver.setValue() result: null
&amp#27;[35m[HTTP]&amp#27;[39m &amp#27;[37m<-- POST /wd/hub/session/4a132e6b-3c4a-4ba1-aa16-dd61b954d466/element/ff029032-0e30-42e4-95dd-4d36e143c5ca/val[INFO ] 2021-06-18 15:56:39.546 [main] ExplicitWait - Waiting for element to be visible: Located by By.chained({By.id: io.appium.android.apis:id/sms_content})
ue &amp#27;[39m&amp#27;[32m200&amp#27;[39m &amp#27;[90m42 ms - 14&amp#27;[39m
&amp#27;[35m[HTTP]&amp#27;[39m &amp#27;[90m&amp#27;[39m
[INFO ] 2021-06-18 15:56:39.547 [main] ExplicitWait - Waiting for element to be visible: Located by By.chained({By.id: io.appium.android.apis:id/sms_content})
&amp#27;[35m[HTTP]&amp#27;[39m &amp#27;[37m-->&amp#27;[39m &amp#27;[37mPOST&amp#27;[39m &amp#27;[37m/wd/hub/session/4a132e6b-3c4a-4ba1-aa16-dd61b954d466/timeouts&amp#27;[39m
&amp#27;[35m[HTTP]&amp#27;[39m &amp#27;[90m{"implicit":0}&amp#27;[39m
[debug] &amp#27;[35m[W3C (4a132e6b)]&amp#27;[39m Calling AppiumDriver.timeouts() with args: [null,null,null,null,0,"4a132e6b-3c4a-4ba1-aa16-dd61b954d466"]
[debug] &amp#27;[35m[BaseDriver]&amp#27;[39m W3C timeout argument: {"implicit":0}}
[debug] &amp#27;[35m[BaseDriver]&amp#27;[39m Set implicit wait to 0ms
[debug] &amp#27;[35m[W3C (4a132e6b)]&amp#27;[39m Responding to client with driver.timeouts() result: null
&amp#27;[35m[HTTP]&amp#27;[39m &amp#27;[37m<-- POST /wd/hub/session/4a132e6b-3c4a-4ba1-aa16-dd61b954d466/timeouts &amp#27;[39m&amp#27;[32m200&amp#27;[39m &amp#27;[90m1 ms - 14&amp#27;[39m
&amp#27;[35m[HTTP]&amp#27;[39m &amp#27;[90m&amp#27;[39m
&amp#27;[35m[HTTP]&amp#27;[39m &amp#27;[37m-->&amp#27;[39m &amp#27;[37mGET&amp#27;[39m &amp#27;[37m/wd/hub/session/4a132e6b-3c4a-4ba1-aa16-dd61b954d466&amp#27;[39m
&amp#27;[35m[HTTP]&amp#27;[39m &amp#27;[90m{}&amp#27;[39m
[debug] &amp#27;[35m[W3C (4a132e6b)]&amp#27;[39m Calling AppiumDriver.getSession() with args: ["4a132e6b-3c4a-4ba1-aa16-dd61b954d466"]
[debug] &amp#27;[35m[UiAutomator2]&amp#27;[39m Getting session details from server to mix in
[debug] &amp#27;[35m[WD Proxy]&amp#27;[39m Matched '/' to command name 'getSession'
[debug] &amp#27;[35m[WD Proxy]&amp#27;[39m Proxying [GET /] to [GET http://127.0.0.1:8214/wd/hub/session/4e72fe8f-6b36-4d3c-aa46-be013f0079ff] with no body
[debug] &amp#27;[35m[WD Proxy]&amp#27;[39m Got response with status 200: {"sessionId":"4e72fe8f-6b36-4d3c-aa46-be013f0079ff","value":{"lastScrollData":null}}
[debug] &amp#27;[35m[W3C (4a132e6b)]&amp#27;[39m Responding to client with driver.getSession() result: {"platform":"LINUX","webStorageEnabled":false,"takesScreenshot":true,"javascriptEnabled":true,"databaseEnabled":false,"networkConnectionEnabled":true,"locationContextEnabled":false,"warnings":{},"desired":{"platformName":"android","app":"C:\\Users\\Anis\\eclipse-workspace\\Appium\\src\\ApiDemos-debug.apk","deviceName":"Redmi","newCommandTimeout":14},"platformName":"android","app":"C:\\Users\\Anis\\eclipse-workspace\\Appium\\src\\ApiDemos-debug.apk","deviceName":"55272e729804","newCommandTimeout":14,"deviceUDID":"55272e729804","appPackage":"io.appium.android.apis","deviceApiLevel":24,"platformVersion":"7.0","deviceScreenSize":"1080x1920","deviceScreenDensity":480,"deviceModel":"Redmi Note 4","deviceManufacturer":"Xiaomi","pixelRatio":3,"statBarHeight":72,"viewportRect":{"left":0,"top":72,"width":1080,"height":1848},"lastScrollData":null}
&amp#27;[35m[HTTP]&amp#27;[39m &amp#27;[37m<-- GET /wd/hub/session/4a132e6b-3c4a-4ba1-aa16-dd61b954d466 &amp#27;[39m&amp#27;[32m200&amp#27;[39m &amp#27;[90m11 ms - 858&amp#27;[39m
&amp#27;[35m[HTTP]&amp#27;[39m &amp#27;[90m&amp#27;[39m
&amp#27;[35m[HTTP]&amp#27;[39m &amp#27;[37m-->&amp#27;[39m &amp#27;[37mPOST&amp#27;[39m &amp#27;[37m/wd/hub/session/4a132e6b-3c4a-4ba1-aa16-dd61b954d466/element&amp#27;[39m
&amp#27;[35m[HTTP]&amp#27;[39m &amp#27;[90m{"using":"id","value":"io.appium.android.apis:id/sms_content"}&amp#27;[39m
[debug] &amp#27;[35m[W3C (4a132e6b)]&amp#27;[39m Calling AppiumDriver.findElement() with args: ["id","io.appium.android.apis:id/sms_content","4a132e6b-3c4a-4ba1-aa16-dd61b954d466"]
[debug] &amp#27;[35m[BaseDriver]&amp#27;[39m Valid locator strategies for this request: xpath, id, class name, accessibility id, css selector, -android uiautomator
[debug] &amp#27;[35m[BaseDriver]&amp#27;[39m Waiting up to 0 ms for condition
[debug] &amp#27;[35m[WD Proxy]&amp#27;[39m Matched '/element' to command name 'findElement'
[debug] &amp#27;[35m[WD Proxy]&amp#27;[39m Proxying [POST /element] to [POST http://127.0.0.1:8214/wd/hub/session/4e72fe8f-6b36-4d3c-aa46-be013f0079ff/element] with body: {"strategy":"id","selector":"io.appium.android.apis:id/sms_content","context":"","multiple":false}
[debug] &amp#27;[35m[WD Proxy]&amp#27;[39m Got response with status 200: {"sessionId":"4e72fe8f-6b36-4d3c-aa46-be013f0079ff","value":{"ELEMENT":"4460c614-b5c2-4887-a824-ad90dcffcdf4","element-6066-11e4-a52e-4f735466cecf":"4460c614-b5c2-4887-a824-ad90dcffcdf4"}}
[debug] &amp#27;[35m[W3C (4a132e6b)]&amp#27;[39m Responding to client with driver.findElement() result: {"element-6066-11e4-a52e-4f735466cecf":"4460c614-b5c2-4887-a824-ad90dcffcdf4","ELEMENT":"4460c614-b5c2-4887-a824-ad90dcffcdf4"}
&amp#27;[35m[HTTP]&amp#27;[39m &amp#27;[37m<-- POST /wd/hub/session/4a132e6b-3c4a-4ba1-aa16-dd61b954d466/element &amp#27;[39m&amp#27;[32m200&amp#27;[39m &amp#27;[90m902 ms - 137&amp#27;[39m
&amp#27;[35m[HTTP]&amp#27;[39m &amp#27;[90m&amp#27;[39m
&amp#27;[35m[HTTP]&amp#27;[39m &amp#27;[37m-->&amp#27;[39m &amp#27;[37mGET&amp#27;[39m &amp#27;[37m/wd/hub/session/4a132e6b-3c4a-4ba1-aa16-dd61b954d466/element/4460c614-b5c2-4887-a824-ad90dcffcdf4/displayed&amp#27;[39m
&amp#27;[35m[HTTP]&amp#27;[39m &amp#27;[90m{}&amp#27;[39m
[debug] &amp#27;[35m[W3C (4a132e6b)]&amp#27;[39m Calling AppiumDriver.elementDisplayed() with args: ["4460c614-b5c2-4887-a824-ad90dcffcdf4","4a132e6b-3c4a-4ba1-aa16-dd61b954d466"]
[debug] &amp#27;[35m[WD Proxy]&amp#27;[39m Matched '/element/4460c614-b5c2-4887-a824-ad90dcffcdf4/attribute/displayed' to command name 'getAttribute'
[debug] &amp#27;[35m[WD Proxy]&amp#27;[39m Proxying [GET /element/4460c614-b5c2-4887-a824-ad90dcffcdf4/attribute/displayed] to [GET http://127.0.0.1:8214/wd/hub/session/4e72fe8f-6b36-4d3c-aa46-be013f0079ff/element/4460c614-b5c2-4887-a824-ad90dcffcdf4/attribute/displayed] with no body
[debug] &amp#27;[35m[WD Proxy]&amp#27;[39m Got response with status 200: {"sessionId":"4e72fe8f-6b36-4d3c-aa46-be013f0079ff","value":"true"}
[debug] &amp#27;[35m[W3C (4a132e6b)]&amp#27;[39m Responding to client with driver.elementDisplayed() result: true
&amp#27;[35m[HTTP]&amp#27;[39m &amp#27;[37m<-- GET /wd/hub/session/4a132e6b-3c4a-4ba1-aa16-dd61b954d466/element/4460c614-b5c2-4887-a824-ad90dcffcdf4/displayed &amp#27;[39m&amp#27;[32m200&amp#27;[39m &amp#27;[90m14 ms - 14&amp#27;[39m
&amp#27;[35m[HTTP]&amp#27;[39m &amp#27;[90m&amp#27;[39m
&amp#27;[35m[HTTP]&amp#27;[39m &amp#27;[37m-->&amp#27;[39m &amp#27;[37mPOST&amp#27;[39m &amp#27;[37m/wd/hub/session/4a132e6b-3c4a-4ba1-aa16-dd61b954d466/timeouts&amp#27;[39m
&amp#27;[35m[HTTP]&amp#27;[39m &amp#27;[90m{"implicit":10000}&amp#27;[39m
[debug] &amp#27;[35m[W3C (4a132e6b)]&amp#27;[39m Calling AppiumDriver.timeouts() with args: [null,null,null,null,10000,"4a132e6b-3c4a-4ba1-aa16-dd61b954d466"]
[debug] &amp#27;[35m[BaseDriver]&amp#27;[39m W3C timeout argument: {"implicit":10000}}
[debug] &amp#27;[35m[BaseDriver]&amp#27;[39m Set implicit wait to 10000ms
[debug] &amp#27;[35m[W3C (4a132e6b)]&amp#27;[39m Responding to client with driver.timeouts() result: null
&amp#27;[35m[HTTP]&amp#27;[39m &amp#27;[37m<-- POST /wd/hub/session/4a132e6b-3c4a-4ba1-aa16-dd61b954d466/timeouts &amp#27;[39m&amp#27;[32m200&amp#27;[39m &amp#27;[90m3 ms - 14&amp#27;[39m
&amp#27;[35m[HTTP]&amp#27;[39m &amp#27;[90m&amp#27;[39m
[INFO ] 2021-06-18 15:56:40.519 [main] OperatingSystem - Clicks The Message Body
&amp#27;[35m[HTTP]&amp#27;[39m &amp#27;[37m-->&amp#27;[39m &amp#27;[37mGET&amp#27;[39m &amp#27;[37m/wd/hub/session/4a132e6b-3c4a-4ba1-aa16-dd61b954d466&amp#27;[39m
&amp#27;[35m[HTTP]&amp#27;[39m &amp#27;[90m{}&amp#27;[39m
[debug] &amp#27;[35m[W3C (4a132e6b)]&amp#27;[39m Calling AppiumDriver.getSession() with args: ["4a132e6b-3c4a-4ba1-aa16-dd61b954d466"]
[debug] &amp#27;[35m[UiAutomator2]&amp#27;[39m Getting session details from server to mix in
[debug] &amp#27;[35m[WD Proxy]&amp#27;[39m Matched '/' to command name 'getSession'
[debug] &amp#27;[35m[WD Proxy]&amp#27;[39m Proxying [GET /] to [GET http://127.0.0.1:8214/wd/hub/session/4e72fe8f-6b36-4d3c-aa46-be013f0079ff] with no body
[debug] &amp#27;[35m[WD Proxy]&amp#27;[39m Got response with status 200: {"sessionId":"4e72fe8f-6b36-4d3c-aa46-be013f0079ff","value":{"lastScrollData":null}}
[debug] &amp#27;[35m[W3C (4a132e6b)]&amp#27;[39m Responding to client with driver.getSession() result: {"platform":"LINUX","webStorageEnabled":false,"takesScreenshot":true,"javascriptEnabled":true,"databaseEnabled":false,"networkConnectionEnabled":true,"locationContextEnabled":false,"warnings":{},"desired":{"platformName":"android","app":"C:\\Users\\Anis\\eclipse-workspace\\Appium\\src\\ApiDemos-debug.apk","deviceName":"Redmi","newCommandTimeout":14},"platformName":"android","app":"C:\\Users\\Anis\\eclipse-workspace\\Appium\\src\\ApiDemos-debug.apk","deviceName":"55272e729804","newCommandTimeout":14,"deviceUDID":"55272e729804","appPackage":"io.appium.android.apis","deviceApiLevel":24,"platformVersion":"7.0","deviceScreenSize":"1080x1920","deviceScreenDensity":480,"deviceModel":"Redmi Note 4","deviceManufacturer":"Xiaomi","pixelRatio":3,"statBarHeight":72,"viewportRect":{"left":0,"top":72,"width":1080,"height":1848},"lastScrollData":null}
&amp#27;[35m[HTTP]&amp#27;[39m &amp#27;[37m<-- GET /wd/hub/session/4a132e6b-3c4a-4ba1-aa16-dd61b954d466 &amp#27;[39m&amp#27;[32m200&amp#27;[39m &amp#27;[90m9 ms - 858&amp#27;[39m
&amp#27;[35m[HTTP]&amp#27;[39m &amp#27;[90m&amp#27;[39m
&amp#27;[35m[HTTP]&amp#27;[39m &amp#27;[37m-->&amp#27;[39m &amp#27;[37mPOST&amp#27;[39m &amp#27;[37m/wd/hub/session/4a132e6b-3c4a-4ba1-aa16-dd61b954d466/element&amp#27;[39m
&amp#27;[35m[HTTP]&amp#27;[39m &amp#27;[90m{"using":"id","value":"io.appium.android.apis:id/sms_content"}&amp#27;[39m
[debug] &amp#27;[35m[W3C (4a132e6b)]&amp#27;[39m Calling AppiumDriver.findElement() with args: ["id","io.appium.android.apis:id/sms_content","4a132e6b-3c4a-4ba1-aa16-dd61b954d466"]
[debug] &amp#27;[35m[BaseDriver]&amp#27;[39m Valid locator strategies for this request: xpath, id, class name, accessibility id, css selector, -android uiautomator
[debug] &amp#27;[35m[BaseDriver]&amp#27;[39m Waiting up to 10000 ms for condition
[debug] &amp#27;[35m[WD Proxy]&amp#27;[39m Matched '/element' to command name 'findElement'
[debug] &amp#27;[35m[WD Proxy]&amp#27;[39m Proxying [POST /element] to [POST http://127.0.0.1:8214/wd/hub/session/4e72fe8f-6b36-4d3c-aa46-be013f0079ff/element] with body: {"strategy":"id","selector":"io.appium.android.apis:id/sms_content","context":"","multiple":false}
[debug] &amp#27;[35m[WD Proxy]&amp#27;[39m Got response with status 200: {"sessionId":"4e72fe8f-6b36-4d3c-aa46-be013f0079ff","value":{"ELEMENT":"f1bbae1a-899c-40b1-848f-6763c75b10a4","element-6066-11e4-a52e-4f735466cecf":"f1bbae1a-899c-40b1-848f-6763c75b10a4"}}
[debug] &amp#27;[35m[W3C (4a132e6b)]&amp#27;[39m Responding to client with driver.findElement() result: {"element-6066-11e4-a52e-4f735466cecf":"f1bbae1a-899c-40b1-848f-6763c75b10a4","ELEMENT":"f1bbae1a-899c-40b1-848f-6763c75b10a4"}
&amp#27;[35m[HTTP]&amp#27;[39m &amp#27;[37m<-- POST /wd/hub/session/4a132e6b-3c4a-4ba1-aa16-dd61b954d466/element &amp#27;[39m&amp#27;[32m200&amp#27;[39m &amp#27;[90m25 ms - 137&amp#27;[39m
&amp#27;[35m[HTTP]&amp#27;[39m &amp#27;[90m&amp#27;[39m
&amp#27;[35m[HTTP]&amp#27;[39m &amp#27;[37m-->&amp#27;[39m &amp#27;[37mPOST&amp#27;[39m &amp#27;[37m/wd/hub/session/4a132e6b-3c4a-4ba1-aa16-dd61b954d466/element/f1bbae1a-899c-40b1-848f-6763c75b10a4/clear&amp#27;[39m
&amp#27;[35m[HTTP]&amp#27;[39m &amp#27;[90m{"id":"f1bbae1a-899c-40b1-848f-6763c75b10a4"}&amp#27;[39m
[debug] &amp#27;[35m[W3C (4a132e6b)]&amp#27;[39m Calling AppiumDriver.clear() with args: ["f1bbae1a-899c-40b1-848f-6763c75b10a4","4a132e6b-3c4a-4ba1-aa16-dd61b954d466"]
[debug] &amp#27;[35m[WD Proxy]&amp#27;[39m Matched '/element/f1bbae1a-899c-40b1-848f-6763c75b10a4/clear' to command name 'clear'
[debug] &amp#27;[35m[WD Proxy]&amp#27;[39m Proxying [POST /element/f1bbae1a-899c-40b1-848f-6763c75b10a4/clear] to [POST http://127.0.0.1:8214/wd/hub/session/4e72fe8f-6b36-4d3c-aa46-be013f0079ff/element/f1bbae1a-899c-40b1-848f-6763c75b10a4/clear] with body: {"elementId":"f1bbae1a-899c-40b1-848f-6763c75b10a4"}
[debug] &amp#27;[35m[WD Proxy]&amp#27;[39m Got response with status 200: {"sessionId":"4e72fe8f-6b36-4d3c-aa46-be013f0079ff","value":null}
[debug] &amp#27;[35m[W3C (4a132e6b)]&amp#27;[39m Responding to client with driver.clear() result: null
&amp#27;[35m[HTTP]&amp#27;[39m &amp#27;[37m<-- POST /wd/hub/session/4a132e6b-3c4a-4ba1-aa16-dd61b954d466/element/f1bbae1a-899c-40b1-848f-6763c75b10a4/clear &amp#27;[39m&amp#27;[32m200&amp#27;[39m &amp#27;[90m18 ms - 14&amp#27;[39m
&amp#27;[35m[HTTP]&amp#27;[39m &amp#27;[90m&amp#27;[39m
&amp#27;[35m[HTTP]&amp#27;[39m &amp#27;[37m-->&amp#27;[39m &amp#27;[37mGET&amp#27;[39m &amp#27;[37m/wd/hub/session/4a132e6b-3c4a-4ba1-aa16-dd61b954d466&amp#27;[39m
&amp#27;[35m[HTTP]&amp#27;[39m &amp#27;[90m{}&amp#27;[39m
[debug] &amp#27;[35m[W3C (4a132e6b)]&amp#27;[39m Calling AppiumDriver.getSession() with args: ["4a132e6b-3c4a-4ba1-aa16-dd61b954d466"]
[debug] &amp#27;[35m[UiAutomator2]&amp#27;[39m Getting session details from server to mix in
[debug] &amp#27;[35m[WD Proxy]&amp#27;[39m Matched '/' to command name 'getSession'
[debug] &amp#27;[35m[WD Proxy]&amp#27;[39m Proxying [GET /] to [GET http://127.0.0.1:8214/wd/hub/session/4e72fe8f-6b36-4d3c-aa46-be013f0079ff] with no body
[debug] &amp#27;[35m[WD Proxy]&amp#27;[39m Got response with status 200: {"sessionId":"4e72fe8f-6b36-4d3c-aa46-be013f0079ff","value":{"lastScrollData":null}}
[debug] &amp#27;[35m[W3C (4a132e6b)]&amp#27;[39m Responding to client with driver.getSession() result: {"platform":"LINUX","webStorageEnabled":false,"takesScreenshot":true,"javascriptEnabled":true,"databaseEnabled":false,"networkConnectionEnabled":true,"locationContextEnabled":false,"warnings":{},"desired":{"platformName":"android","app":"C:\\Users\\Anis\\eclipse-workspace\\Appium\\src\\ApiDemos-debug.apk","deviceName":"Redmi","newCommandTimeout":14},"platformName":"android","app":"C:\\Users\\Anis\\eclipse-workspace\\Appium\\src\\ApiDemos-debug.apk","deviceName":"55272e729804","newCommandTimeout":14,"deviceUDID":"55272e729804","appPackage":"io.appium.android.apis","deviceApiLevel":24,"platformVersion":"7.0","deviceScreenSize":"1080x1920","deviceScreenDensity":480,"deviceModel":"Redmi Note 4","deviceManufacturer":"Xiaomi","pixelRatio":3,"statBarHeight":72,"viewportRect":{"left":0,"top":72,"width":1080,"height":1848},"lastScrollData":null}
&amp#27;[35m[HTTP]&amp#27;[39m &amp#27;[37m<-- GET /wd/hub/session/4a132e6b-3c4a-4ba1-aa16-dd61b954d466 &amp#27;[39m&amp#27;[32m200&amp#27;[39m &amp#27;[90m11 ms - 858&amp#27;[39m
&amp#27;[35m[HTTP]&amp#27;[39m &amp#27;[90m&amp#27;[39m
&amp#27;[35m[HTTP]&amp#27;[39m &amp#27;[37m-->&amp#27;[39m &amp#27;[37mPOST&amp#27;[39m &amp#27;[37m/wd/hub/session/4a132e6b-3c4a-4ba1-aa16-dd61b954d466/element&amp#27;[39m
&amp#27;[35m[HTTP]&amp#27;[39m &amp#27;[90m{"using":"id","value":"io.appium.android.apis:id/sms_content"}&amp#27;[39m
[debug] &amp#27;[35m[W3C (4a132e6b)]&amp#27;[39m Calling AppiumDriver.findElement() with args: ["id","io.appium.android.apis:id/sms_content","4a132e6b-3c4a-4ba1-aa16-dd61b954d466"]
[debug] &amp#27;[35m[BaseDriver]&amp#27;[39m Valid locator strategies for this request: xpath, id, class name, accessibility id, css selector, -android uiautomator
[debug] &amp#27;[35m[BaseDriver]&amp#27;[39m Waiting up to 10000 ms for condition
[debug] &amp#27;[35m[WD Proxy]&amp#27;[39m Matched '/element' to command name 'findElement'
[debug] &amp#27;[35m[WD Proxy]&amp#27;[39m Proxying [POST /element] to [POST http://127.0.0.1:8214/wd/hub/session/4e72fe8f-6b36-4d3c-aa46-be013f0079ff/element] with body: {"strategy":"id","selector":"io.appium.android.apis:id/sms_content","context":"","multiple":false}
[debug] &amp#27;[35m[WD Proxy]&amp#27;[39m Got response with status 200: {"sessionId":"4e72fe8f-6b36-4d3c-aa46-be013f0079ff","value":{"ELEMENT":"036025d7-3a4d-42ba-b50c-94a0c5015448","element-6066-11e4-a52e-4f735466cecf":"036025d7-3a4d-42ba-b50c-94a0c5015448"}}
[debug] &amp#27;[35m[W3C (4a132e6b)]&amp#27;[39m Responding to client with driver.findElement() result: {"element-6066-11e4-a52e-4f735466cecf":"036025d7-3a4d-42ba-b50c-94a0c5015448","ELEMENT":"036025d7-3a4d-42ba-b50c-94a0c5015448"}
&amp#27;[35m[HTTP]&amp#27;[39m &amp#27;[37m<-- POST /wd/hub/session/4a132e6b-3c4a-4ba1-aa16-dd61b954d466/element &amp#27;[39m&amp#27;[32m200&amp#27;[39m &amp#27;[90m487 ms - 137&amp#27;[39m
&amp#27;[35m[HTTP]&amp#27;[39m &amp#27;[90m&amp#27;[39m
&amp#27;[35m[HTTP]&amp#27;[39m &amp#27;[37m-->&amp#27;[39m &amp#27;[37mPOST&amp#27;[39m &amp#27;[37m/wd/hub/session/4a132e6b-3c4a-4ba1-aa16-dd61b954d466/element/036025d7-3a4d-42ba-b50c-94a0c5015448/value&amp#27;[39m
&amp#27;[35m[HTTP]&amp#27;[39m &amp#27;[90m{"id":"036025d7-3a4d-42ba-b50c-94a0c5015448","text":"Welcome to AppSierra","value":["W","e","l","c","o","m","e"," ","t","o"," ","A","p","p","S","i","e","r","r","a"]}&amp#27;[39m
[debug] &amp#27;[35m[W3C (4a132e6b)]&amp#27;[39m Calling AppiumDriver.setValue() with args: [["W","e","l","c","o","m","e"," ","t","o"," ","A","p","p","S","i","e","r","r","a"],"036025d7-3a4d-42ba-b50c-94a0c5015448","4a132e6b-3c4a-4ba1-aa16-dd61b954d466"]
[debug] &amp#27;[35m[WD Proxy]&amp#27;[39m Matched '/element/036025d7-3a4d-42ba-b50c-94a0c5015448/value' to command name 'setValue'
[debug] &amp#27;[35m[Protocol Converter]&amp#27;[39m Added 'value' property ["W","e","l","c","o","m","e"," ","t","o"," ","A","p","p","S","i","e","r","r","a"] to 'setValue' request body
[debug] &amp#27;[35m[WD Proxy]&amp#27;[39m Proxying [POST /element/036025d7-3a4d-42ba-b50c-94a0c5015448/value] to [POST http://127.0.0.1:8214/wd/hub/session/4e72fe8f-6b36-4d3c-aa46-be013f0079ff/element/036025d7-3a4d-42ba-b50c-94a0c5015448/value] with body: {"elementId":"036025d7-3a4d-42ba-b50c-94a0c5015448","text":"Welcome to AppSierra","replace":false,"value":["W","e","l","c","o","m","e"," ","t","o"," ","A","p","p","S","i","e","r","r","a"]}
[debug] &amp#27;[35m[WD Proxy]&amp#27;[39m Got response with status 200: {"sessionId":"4e72fe8f-6b36-4d3c-aa46-be013f0079ff","value":null}
[debug] &amp#27;[35m[W3C (4a132e6b)]&amp#27;[39m Responding to client with driver.setValue() result: null
&amp#27;[35m[HTTP]&amp#27;[39m &amp#27;[37m<-- POST /wd/hub/session/4a132e6b-3c4a-4ba1-aa16-dd61b954d466/element/036025d7-3a4d-42ba-b50c-94a0c5015448/value &amp#27;[39m&amp#27;[32m200&amp#27;[39m &amp#27;[90m30 ms - 14&amp#27;[39m
&amp#27;[35m[HTTP]&amp#27;[39m &amp#27;[90m&amp#27;[39m
[INFO ] 2021-06-18 15:56:41.150 [main] ExplicitWait - Waiting for element to be visible: Located by By.chained({By.id: io.appium.android.apis:id/sms_send_message})
[INFO ] 2021-06-18 15:56:41.150 [main] ExplicitWait - Waiting for element to be visible: Located by By.chained({By.id: io.appium.android.apis:id/sms_send_message})
&amp#27;[35m[HTTP]&amp#27;[39m &amp#27;[37m-->&amp#27;[39m &amp#27;[37mPOST&amp#27;[39m &amp#27;[37m/wd/hub/session/4a132e6b-3c4a-4ba1-aa16-dd61b954d466/timeouts&amp#27;[39m
&amp#27;[35m[HTTP]&amp#27;[39m &amp#27;[90m{"implicit":0}&amp#27;[39m
[debug] &amp#27;[35m[W3C (4a132e6b)]&amp#27;[39m Calling AppiumDriver.timeouts() with args: [null,null,null,null,0,"4a132e6b-3c4a-4ba1-aa16-dd61b954d466"]
[debug] &amp#27;[35m[BaseDriver]&amp#27;[39m W3C timeout argument: {"implicit":0}}
[debug] &amp#27;[35m[BaseDriver]&amp#27;[39m Set implicit wait to 0ms
[debug] &amp#27;[35m[W3C (4a132e6b)]&amp#27;[39m Responding to client with driver.timeouts() result: null
&amp#27;[35m[HTTP]&amp#27;[39m &amp#27;[37m<-- POST /wd/hub/session/4a132e6b-3c4a-4ba1-aa16-dd61b954d466/timeouts &amp#27;[39m&amp#27;[32m200&amp#27;[39m &amp#27;[90m2 ms - 14&amp#27;[39m
&amp#27;[35m[HTTP]&amp#27;[39m &amp#27;[90m&amp#27;[39m
&amp#27;[35m[HTTP]&amp#27;[39m &amp#27;[37m-->&amp#27;[39m &amp#27;[37mGET&amp#27;[39m &amp#27;[37m/wd/hub/session/4a132e6b-3c4a-4ba1-aa16-dd61b954d466&amp#27;[39m
&amp#27;[35m[HTTP]&amp#27;[39m &amp#27;[90m{}&amp#27;[39m
[debug] &amp#27;[35m[W3C (4a132e6b)]&amp#27;[39m Calling AppiumDriver.getSession() with args: ["4a132e6b-3c4a-4ba1-aa16-dd61b954d466"]
[debug] &amp#27;[35m[UiAutomator2]&amp#27;[39m Getting session details from server to mix in
[debug] &amp#27;[35m[WD Proxy]&amp#27;[39m Matched '/' to command name 'getSession'
[debug] &amp#27;[35m[WD Proxy]&amp#27;[39m Proxying [GET /] to [GET http://127.0.0.1:8214/wd/hub/session/4e72fe8f-6b36-4d3c-aa46-be013f0079ff] with no body
[debug] &amp#27;[35m[WD Proxy]&amp#27;[39m Got response with status 200: {"sessionId":"4e72fe8f-6b36-4d3c-aa46-be013f0079ff","value":{"lastScrollData":null}}
[debug] &amp#27;[35m[W3C (4a132e6b)]&amp#27;[39m Responding to client with driver.getSession() result: {"platform":"LINUX","webStorageEnabled":false,"takesScreenshot":true,"javascriptEnabled":true,"databaseEnabled":false,"networkConnectionEnabled":true,"locationContextEnabled":false,"warnings":{},"desired":{"platformName":"android","app":"C:\\Users\\Anis\\eclipse-workspace\\Appium\\src\\ApiDemos-debug.apk","deviceName":"Redmi","newCommandTimeout":14},"platformName":"android","app":"C:\\Users\\Anis\\eclipse-workspace\\Appium\\src\\ApiDemos-debug.apk","deviceName":"55272e729804","newCommandTimeout":14,"deviceUDID":"55272e729804","appPackage":"io.appium.android.apis","deviceApiLevel":24,"platformVersion":"7.0","deviceScreenSize":"1080x1920","deviceScreenDensity":480,"deviceModel":"Redmi Note 4","deviceManufacturer":"Xiaomi","pixelRatio":3,"statBarHeight":72,"viewportRect":{"left":0,"top":72,"width":1080,"height":1848},"lastScrollData":null}
&amp#27;[35m[HTTP]&amp#27;[39m &amp#27;[37m<-- GET /wd/hub/session/4a132e6b-3c4a-4ba1-aa16-dd61b954d466 &amp#27;[39m&amp#27;[32m200&amp#27;[39m &amp#27;[90m12 ms - 858&amp#27;[39m
&amp#27;[35m[HTTP]&amp#27;[39m &amp#27;[90m&amp#27;[39m
&amp#27;[35m[HTTP]&amp#27;[39m &amp#27;[37m-->&amp#27;[39m &amp#27;[37mPOST&amp#27;[39m &amp#27;[37m/wd/hub/session/4a132e6b-3c4a-4ba1-aa16-dd61b954d466/element&amp#27;[39m
&amp#27;[35m[HTTP]&amp#27;[39m &amp#27;[90m{"using":"id","value":"io.appium.android.apis:id/sms_send_message"}&amp#27;[39m
[debug] &amp#27;[35m[W3C (4a132e6b)]&amp#27;[39m Calling AppiumDriver.findElement() with args: ["id","io.appium.android.apis:id/sms_send_message","4a132e6b-3c4a-4ba1-aa16-dd61b954d466"]
[debug] &amp#27;[35m[BaseDriver]&amp#27;[39m Valid locator strategies for this request: xpath, id, class name, accessibility id, css selector, -android uiautomator
[debug] &amp#27;[35m[BaseDriver]&amp#27;[39m Waiting up to 0 ms for condition
[debug] &amp#27;[35m[WD Proxy]&amp#27;[39m Matched '/element' to command name 'findElement'
[debug] &amp#27;[35m[WD Proxy]&amp#27;[39m Proxying [POST /element] to [POST http://127.0.0.1:8214/wd/hub/session/4e72fe8f-6b36-4d3c-aa46-be013f0079ff/element] with body: {"strategy":"id","selector":"io.appium.android.apis:id/sms_send_message","context":"","multiple":false}
[debug] &amp#27;[35m[WD Proxy]&amp#27;[39m Got response with status 200: {"sessionId":"4e72fe8f-6b36-4d3c-aa46-be013f0079ff","value":{"ELEMENT":"d5cc0bfc-e94f-4148-979f-ec0e73325bea","element-6066-11e4-a52e-4f735466cecf":"d5cc0bfc-e94f-4148-979f-ec0e73325bea"}}
[debug] &amp#27;[35m[W3C (4a132e6b)]&amp#27;[39m Responding to client with driver.findElement() result: {"element-6066-11e4-a52e-4f735466cecf":"d5cc0bfc-e94f-4148-979f-ec0e73325bea","ELEMENT":"d5cc0bfc-e94f-4148-979f-ec0e73325bea"}
&amp#27;[35m[HTTP]&amp#27;[39m &amp#27;[37m<-- POST /wd/hub/session/4a132e6b-3c4a-4ba1-aa16-dd61b954d466/element &amp#27;[39m&amp#27;[32m200&amp#27;[39m &amp#27;[90m465 ms - 137&amp#27;[39m
&amp#27;[35m[HTTP]&amp#27;[39m &amp#27;[90m&amp#27;[39m
&amp#27;[35m[HTTP]&amp#27;[39m &amp#27;[37m-->&amp#27;[39m &amp#27;[37mGET&amp#27;[39m &amp#27;[37m/wd/hub/session/4a132e6b-3c4a-4ba1-aa16-dd61b954d466/element/d5cc0bfc-e94f-4148-979f-ec0e73325bea/displayed&amp#27;[39m
&amp#27;[35m[HTTP]&amp#27;[39m &amp#27;[90m{}&amp#27;[39m
[debug] &amp#27;[35m[W3C (4a132e6b)]&amp#27;[39m Calling AppiumDriver.elementDisplayed() with args: ["d5cc0bfc-e94f-4148-979f-ec0e73325bea","4a132e6b-3c4a-4ba1-aa16-dd61b954d466"]
[debug] &amp#27;[35m[WD Proxy]&amp#27;[39m Matched '/element/d5cc0bfc-e94f-4148-979f-ec0e73325bea/attribute/displayed' to command name 'getAttribute'
[debug] &amp#27;[35m[WD Proxy]&amp#27;[39m Proxying [GET /element/d5cc0bfc-e94f-4148-979f-ec0e73325bea/attribute/displayed] to [GET http://127.0.0.1:8214/wd/hub/session/4e72fe8f-6b36-4d3c-aa46-be013f0079ff/element/d5cc0bfc-e94f-4148-979f-ec0e73325bea/attribute/displayed] with no body
[debug] &amp#27;[35m[WD Proxy]&amp#27;[39m Got response with status 200: {"sessionId":"4e72fe8f-6b36-4d3c-aa46-be013f0079ff","value":"true"}
[debug] &amp#27;[35m[W3C (4a132e6b)]&amp#27;[39m Responding to client with driver.elementDisplayed() result: true
&amp#27;[35m[HTTP]&amp#27;[39m &amp#27;[37m<-- GET /wd/hub/session/4a132e6b-3c4a-4ba1-aa16-dd61b954d466/element/d5cc0bfc-e94f-4148-979f-ec0e73325bea/displayed &amp#27;[39m&amp#27;[32m200&amp#27;[39m &amp#27;[90m15 ms - 14&amp#27;[39m
&amp#27;[35m[HTTP]&amp#27;[39m &amp#27;[90m&amp#27;[39m
&amp#27;[35m[HTTP]&amp#27;[39m &amp#27;[37m-->&amp#27;[39m &amp#27;[37mPOST&amp#27;[39m &amp#27;[37m/wd/hub/session/4a132e6b-3c4a-4ba1-aa16-dd61b954d466/timeouts&amp#27;[39m
&amp#27;[35m[HTTP]&amp#27;[39m &amp#27;[90m{"implicit":10000}&amp#27;[39m
[debug] &amp#27;[35m[W3C (4a132e6b)]&amp#27;[39m Calling AppiumDriver.timeouts() with args: [null,null,null,null,10000,"4a132e6b-3c4a-4ba1-aa16-dd61b954d466"]
[debug] &amp#27;[35m[BaseDriver]&amp#27;[39m W3C timeout argument: {"implicit":10000}}
[debug] &amp#27;[35m[BaseDriver]&amp#27;[39m Set implicit wait to 10000ms
[debug] &amp#27;[35m[W3C (4a132e6b)]&amp#27;[39m Responding to client with driver.timeouts() result: null
&amp#27;[35m[HTTP]&amp#27;[39m &amp#27;[37m<-- POST /wd/hub/session/4a132e6b-3c4a-4ba1-aa16-dd61b954d466/timeouts &amp#27;[39m&amp#27;[32m200&amp#27;[39m &amp#27;[90m2 ms - 14&amp#27;[39m
&amp#27;[35m[HTTP]&amp#27;[39m &amp#27;[90m&amp#27;[39m
[INFO ] 2021-06-18 15:56:41.697 [main] OperatingSystem - Clicks The Send Button
[INFO ] 2021-06-18 15:56:41.697 [main] ExplicitWait - Waiting for element to be clickable: Located by By.chained({By.id: io.appium.android.apis:id/sms_send_message})
&amp#27;[35m[HTTP]&amp#27;[39m &amp#27;[37m-->&amp#27;[39m &amp#27;[37mPOST&amp#27;[39m &amp#27;[37m/wd/hub/session/4a132e6b-3c4a-4ba1-aa16-dd61b954d466/timeouts&amp#27;[39m
&amp#27;[35m[HTTP]&amp#27;[39m &amp#27;[90m{"implicit":0}&amp#27;[39m
[debug] &amp#27;[35m[W3C (4a132e6b)]&amp#27;[39m Calling AppiumDriver.timeouts() with args: [null,null,null,null,0,"4a132e6b-3c4a-4ba1-aa16-dd61b954d466"]
[debug] &amp#27;[35m[BaseDriver]&amp#27;[39m W3C timeout argument: {"implicit":0}}
[debug] &amp#27;[35m[BaseDriver]&amp#27;[39m Set implicit wait to 0ms
[debug] &amp#27;[35m[W3C (4a132e6b)]&amp#27;[39m Responding to client with driver.timeouts() result: null
&amp#27;[35m[HTTP]&amp#27;[39m &amp#27;[37m<-- POST /wd/hub/session/4a132e6b-3c4a-4ba1-aa16-dd61b954d466/timeouts &amp#27;[39m&amp#27;[32m200&amp#27;[39m &amp#27;[90m2 ms - 14&amp#27;[39m
&amp#27;[35m[HTTP]&amp#27;[39m &amp#27;[90m&amp#27;[39m
&amp#27;[35m[HTTP]&amp#27;[39m &amp#27;[37m-->&amp#27;[39m &amp#27;[37mGET&amp#27;[39m &amp#27;[37m/wd/hub/session/4a132e6b-3c4a-4ba1-aa16-dd61b954d466&amp#27;[39m
&amp#27;[35m[HTTP]&amp#27;[39m &amp#27;[90m{}&amp#27;[39m
[debug] &amp#27;[35m[W3C (4a132e6b)]&amp#27;[39m Calling AppiumDriver.getSession() with args: ["4a132e6b-3c4a-4ba1-aa16-dd61b954d466"]
[debug] &amp#27;[35m[UiAutomator2]&amp#27;[39m Getting session details from server to mix in
[debug] &amp#27;[35m[WD Proxy]&amp#27;[39m Matched '/' to command name 'getSession'
[debug] &amp#27;[35m[WD Proxy]&amp#27;[39m Proxying [GET /] to [GET http://127.0.0.1:8214/wd/hub/session/4e72fe8f-6b36-4d3c-aa46-be013f0079ff] with no body
[debug] &amp#27;[35m[WD Proxy]&amp#27;[39m Got response with status 200: {"sessionId":"4e72fe8f-6b36-4d3c-aa46-be013f0079ff","value":{"lastScrollData":null}}
[debug] &amp#27;[35m[W3C (4a132e6b)]&amp#27;[39m Responding to client with driver.getSession() result: {"platform":"LINUX","webStorageEnabled":false,"takesScreenshot":true,"javascriptEnabled":true,"databaseEnabled":false,"networkConnectionEnabled":true,"locationContextEnabled":false,"warnings":{},"desired":{"platformName":"android","app":"C:\\Users\\Anis\\eclipse-workspace\\Appium\\src\\ApiDemos-debug.apk","deviceName":"Redmi","newCommandTimeout":14},"platformName":"android","app":"C:\\Users\\Anis\\eclipse-workspace\\Appium\\src\\ApiDemos-debug.apk","deviceName":"55272e729804","newCommandTimeout":14,"deviceUDID":"55272e729804","appPackage":"io.appium.android.apis","deviceApiLevel":24,"platformVersion":"7.0","deviceScreenSize":"1080x1920","deviceScreenDensity":480,"deviceModel":"Redmi Note 4","deviceManufacturer":"Xiaomi","pixelRatio":3,"statBarHeight":72,"viewportRect":{"left":0,"top":72,"width":1080,"height":1848},"lastScrollData":null}
&amp#27;[35m[HTTP]&amp#27;[39m &amp#27;[37m<-- GET /wd/hub/session/4a132e6b-3c4a-4ba1-aa16-dd61b954d466 &amp#27;[39m&amp#27;[32m200&amp#27;[39m &amp#27;[90m10 ms - 858&amp#27;[39m
&amp#27;[35m[HTTP]&amp#27;[39m &amp#27;[90m&amp#27;[39m
&amp#27;[35m[HTTP]&amp#27;[39m &amp#27;[37m-->&amp#27;[39m &amp#27;[37mPOST&amp#27;[39m &amp#27;[37m/wd/hub/session/4a132e6b-3c4a-4ba1-aa16-dd61b954d466/element&amp#27;[39m
&amp#27;[35m[HTTP]&amp#27;[39m &amp#27;[90m{"using":"id","value":"io.appium.android.apis:id/sms_send_message"}&amp#27;[39m
[debug] &amp#27;[35m[W3C (4a132e6b)]&amp#27;[39m Calling AppiumDriver.findElement() with args: ["id","io.appium.android.apis:id/sms_send_message","4a132e6b-3c4a-4ba1-aa16-dd61b954d466"]
[debug] &amp#27;[35m[BaseDriver]&amp#27;[39m Valid locator strategies for this request: xpath, id, class name, accessibility id, css selector, -android uiautomator
[debug] &amp#27;[35m[BaseDriver]&amp#27;[39m Waiting up to 0 ms for condition
[debug] &amp#27;[35m[WD Proxy]&amp#27;[39m Matched '/element' to command name 'findElement'
[debug] &amp#27;[35m[WD Proxy]&amp#27;[39m Proxying [POST /element] to [POST http://127.0.0.1:8214/wd/hub/session/4e72fe8f-6b36-4d3c-aa46-be013f0079ff/element] with body: {"strategy":"id","selector":"io.appium.android.apis:id/sms_send_message","context":"","multiple":false}
[debug] &amp#27;[35m[WD Proxy]&amp#27;[39m Got response with status 200: {"sessionId":"4e72fe8f-6b36-4d3c-aa46-be013f0079ff","value":{"ELEMENT":"cc8d7466-821f-4ec3-b230-1bedd54e8b1e","element-6066-11e4-a52e-4f735466cecf":"cc8d7466-821f-4ec3-b230-1bedd54e8b1e"}}
[debug] &amp#27;[35m[W3C (4a132e6b)]&amp#27;[39m Responding to client with driver.findElement() result: {"element-6066-11e4-a52e-4f735466cecf":"cc8d7466-821f-4ec3-b230-1bedd54e8b1e","ELEMENT":"cc8d7466-821f-4ec3-b230-1bedd54e8b1e"}
&amp#27;[35m[HTTP]&amp#27;[39m &amp#27;[37m<-- POST /wd/hub/session/4a132e6b-3c4a-4ba1-aa16-dd61b954d466/element &amp#27;[39m&amp#27;[32m200&amp#27;[39m &amp#27;[90m22 ms - 137&amp#27;[39m
&amp#27;[35m[HTTP]&amp#27;[39m &amp#27;[90m&amp#27;[39m
&amp#27;[35m[HTTP]&amp#27;[39m &amp#27;[37m-->&amp#27;[39m &amp#27;[37mGET&amp#27;[39m &amp#27;[37m/wd/hub/session/4a132e6b-3c4a-4ba1-aa16-dd61b954d466/element/cc8d7466-821f-4ec3-b230-1bedd54e8b1e/displayed&amp#27;[39m
&amp#27;[35m[HTTP]&amp#27;[39m &amp#27;[90m{}&amp#27;[39m
[debug] &amp#27;[35m[W3C (4a132e6b)]&amp#27;[39m Calling AppiumDriver.elementDisplayed() with args: ["cc8d7466-821f-4ec3-b230-1bedd54e8b1e","4a132e6b-3c4a-4ba1-aa16-dd61b954d466"]
[debug] &amp#27;[35m[WD Proxy]&amp#27;[39m Matched '/element/cc8d7466-821f-4ec3-b230-1bedd54e8b1e/attribute/displayed' to command name 'getAttribute'
[debug] &amp#27;[35m[WD Proxy]&amp#27;[39m Proxying [GET /element/cc8d7466-821f-4ec3-b230-1bedd54e8b1e/attribute/displayed] to [GET http://127.0.0.1:8214/wd/hub/session/4e72fe8f-6b36-4d3c-aa46-be013f0079ff/element/cc8d7466-821f-4ec3-b230-1bedd54e8b1e/attribute/displayed] with no body
[debug] &amp#27;[35m[WD Proxy]&amp#27;[39m Got response with status 200: {"sessionId":"4e72fe8f-6b36-4d3c-aa46-be013f0079ff","value":"true"}
[debug] &amp#27;[35m[W3C (4a132e6b)]&amp#27;[39m Responding to client with driver.elementDisplayed() result: true
&amp#27;[35m[HTTP]&amp#27;[39m &amp#27;[37m<-- GET /wd/hub/session/4a132e6b-3c4a-4ba1-aa16-dd61b954d466/element/cc8d7466-821f-4ec3-b230-1bedd54e8b1e/displayed &amp#27;[39m&amp#27;[32m200&amp#27;[39m &amp#27;[90m14 ms - 14&amp#27;[39m
&amp#27;[35m[HTTP]&amp#27;[39m &amp#27;[90m&amp#27;[39m
&amp#27;[35m[HTTP]&amp#27;[39m &amp#27;[37m-->&amp#27;[39m &amp#27;[37mGET&amp#27;[39m &amp#27;[37m/wd/hub/session/4a132e6b-3c4a-4ba1-aa16-dd61b954d466&amp#27;[39m
&amp#27;[35m[HTTP]&amp#27;[39m &amp#27;[90m{}&amp#27;[39m
[debug] &amp#27;[35m[W3C (4a132e6b)]&amp#27;[39m Calling AppiumDriver.getSession() with args: ["4a132e6b-3c4a-4ba1-aa16-dd61b954d466"]
[debug] &amp#27;[35m[UiAutomator2]&amp#27;[39m Getting session details from server to mix in
[debug] &amp#27;[35m[WD Proxy]&amp#27;[39m Matched '/' to command name 'getSession'
[debug] &amp#27;[35m[WD Proxy]&amp#27;[39m Proxying [GET /] to [GET http://127.0.0.1:8214/wd/hub/session/4e72fe8f-6b36-4d3c-aa46-be013f0079ff] with no body
[debug] &amp#27;[35m[WD Proxy]&amp#27;[39m Got response with status 200: {"sessionId":"4e72fe8f-6b36-4d3c-aa46-be013f0079ff","value":{"lastScrollData":null}}
[debug] &amp#27;[35m[W3C (4a132e6b)]&amp#27;[39m Responding to client with driver.getSession() result: {"platform":"LINUX","webStorageEnabled":false,"takesScreenshot":true,"javascriptEnabled":true,"databaseEnabled":false,"networkConnectionEnabled":true,"locationContextEnabled":false,"warnings":{},"desired":{"platformName":"android","app":"C:\\Users\\Anis\\eclipse-workspace\\Appium\\src\\ApiDemos-debug.apk","deviceName":"Redmi","newCommandTimeout":14},"platformName":"android","app":"C:\\Users\\Anis\\eclipse-workspace\\Appium\\src\\ApiDemos-debug.apk","deviceName":"55272e729804","newCommandTimeout":14,"deviceUDID":"55272e729804","appPackage":"io.appium.android.apis","deviceApiLevel":24,"platformVersion":"7.0","deviceScreenSize":"1080x1920","deviceScreenDensity":480,"deviceModel":"Redmi Note 4","deviceManufacturer":"Xiaomi","pixelRatio":3,"statBarHeight":72,"viewportRect":{"left":0,"top":72,"width":1080,"height":1848},"lastScrollData":null}
&amp#27;[35m[HTTP]&amp#27;[39m &amp#27;[37m<-- GET /wd/hub/session/4a132e6b-3c4a-4ba1-aa16-dd61b954d466 &amp#27;[39m&amp#27;[32m200&amp#27;[39m &amp#27;[90m11 ms - 858&amp#27;[39m
&amp#27;[35m[HTTP]&amp#27;[39m &amp#27;[90m&amp#27;[39m
&amp#27;[35m[HTTP]&amp#27;[39m &amp#27;[37m-->&amp#27;[39m &amp#27;[37mPOST&amp#27;[39m &amp#27;[37m/wd/hub/session/4a132e6b-3c4a-4ba1-aa16-dd61b954d466/element&amp#27;[39m
&amp#27;[35m[HTTP]&amp#27;[39m &amp#27;[90m{"using":"id","value":"io.appium.android.apis:id/sms_send_message"}&amp#27;[39m
[debug] &amp#27;[35m[W3C (4a132e6b)]&amp#27;[39m Calling AppiumDriver.findElement() with args: ["id","io.appium.android.apis:id/sms_send_message","4a132e6b-3c4a-4ba1-aa16-dd61b954d466"]
[debug] &amp#27;[35m[BaseDriver]&amp#27;[39m Valid locator strategies for this request: xpath, id, class name, accessibility id, css selector, -android uiautomator
[debug] &amp#27;[35m[BaseDriver]&amp#27;[39m Waiting up to 0 ms for condition
[debug] &amp#27;[35m[WD Proxy]&amp#27;[39m Matched '/element' to command name 'findElement'
[debug] &amp#27;[35m[WD Proxy]&amp#27;[39m Proxying [POST /element] to [POST http://127.0.0.1:8214/wd/hub/session/4e72fe8f-6b36-4d3c-aa46-be013f0079ff/element] with body: {"strategy":"id","selector":"io.appium.android.apis:id/sms_send_message","context":"","multiple":false}
[debug] &amp#27;[35m[WD Proxy]&amp#27;[39m Got response with status 200: {"sessionId":"4e72fe8f-6b36-4d3c-aa46-be013f0079ff","value":{"ELEMENT":"a01cac56-e14a-4e1c-9738-271798b26b76","element-6066-11e4-a52e-4f735466cecf":"a01cac56-e14a-4e1c-9738-271798b26b76"}}
[debug] &amp#27;[35m[W3C (4a132e6b)]&amp#27;[39m Responding to client with driver.findElement() result: {"element-6066-11e4-a52e-4f735466cecf":"a01cac56-e14a-4e1c-9738-271798b26b76","ELEMENT":"a01cac56-e14a-4e1c-9738-271798b26b76"}
&amp#27;[35m[HTTP]&amp#27;[39m &amp#27;[37m<-- POST /wd/hub/session/4a132e6b-3c4a-4ba1-aa16-dd61b954d466/element &amp#27;[39m&amp#27;[32m200&amp#27;[39m &amp#27;[90m26 ms - 137&amp#27;[39m
&amp#27;[35m[HTTP]&amp#27;[39m &amp#27;[90m&amp#27;[39m
&amp#27;[35m[HTTP]&amp#27;[39m &amp#27;[37m-->&amp#27;[39m &amp#27;[37mGET&amp#27;[39m &amp#27;[37m/wd/hub/session/4a132e6b-3c4a-4ba1-aa16-dd61b954d466/element/a01cac56-e14a-4e1c-9738-271798b26b76/enabled&amp#27;[39m
&amp#27;[35m[HTTP]&amp#27;[39m &amp#27;[90m{}&amp#27;[39m
[debug] &amp#27;[35m[W3C (4a132e6b)]&amp#27;[39m Calling AppiumDriver.elementEnabled() with args: ["a01cac56-e14a-4e1c-9738-271798b26b76","4a132e6b-3c4a-4ba1-aa16-dd61b954d466"]
[debug] &amp#27;[35m[WD Proxy]&amp#27;[39m Matched '/element/a01cac56-e14a-4e1c-9738-271798b26b76/attribute/enabled' to command name 'getAttribute'
[debug] &amp#27;[35m[WD Proxy]&amp#27;[39m Proxying [GET /element/a01cac56-e14a-4e1c-9738-271798b26b76/attribute/enabled] to [GET http://127.0.0.1:8214/wd/hub/session/4e72fe8f-6b36-4d3c-aa46-be013f0079ff/element/a01cac56-e14a-4e1c-9738-271798b26b76/attribute/enabled] with no body
[debug] &amp#27;[35m[WD Proxy]&amp#27;[39m Got response with status 200: {"sessionId":"4e72fe8f-6b36-4d3c-aa46-be013f0079ff","value":"true"}
[debug] &amp#27;[35m[W3C (4a132e6b)]&amp#27;[39m Responding to client with driver.elementEnabled() result: true
&amp#27;[35m[HTTP]&amp#27;[39m &amp#27;[37m<-- GET /wd/hub/session/4a132e6b-3c4a-4ba1-aa16-dd61b954d466/element/a01cac56-e14a-4e1c-9738-271798b26b76/enabled &amp#27;[39m&amp#27;[32m200&amp#27;[39m &amp#27;[90m16 ms - 14&amp#27;[39m
&amp#27;[35m[HTTP]&amp#27;[39m &amp#27;[90m&amp#27;[39m
&amp#27;[35m[HTTP]&amp#27;[39m &amp#27;[37m-->&amp#27;[39m &amp#27;[37mPOST&amp#27;[39m &amp#27;[37m/wd/hub/session/4a132e6b-3c4a-4ba1-aa16-dd61b954d466/timeouts&amp#27;[39m
&amp#27;[35m[HTTP]&amp#27;[39m &amp#27;[90m{"implicit":10000}&amp#27;[39m
[debug] &amp#27;[35m[W3C (4a132e6b)]&amp#27;[39m Calling AppiumDriver.timeouts() with args: [null,null,null,null,10000,"4a132e6b-3c4a-4ba1-aa16-dd61b954d466"]
[debug] &amp#27;[35m[BaseDriver]&amp#27;[39m W3C timeout argument: {"implicit":10000}}
[debug] &amp#27;[35m[BaseDriver]&amp#27;[39m Set implicit wait to 10000ms
[debug] &amp#27;[35m[W3C (4a132e6b)]&amp#27;[39m Responding to client with driver.timeouts() result: null
&amp#27;[35m[HTTP]&amp#27;[39m &amp#27;[37m<-- POST /wd/hub/session/4a132e6b-3c4a-4ba1-aa16-dd61b954d466/timeouts &amp#27;[39m&amp#27;[32m200&amp#27;[39m &amp#27;[90m2 ms - 14&amp#27;[39m
&amp#27;[35m[HTTP]&amp#27;[39m &amp#27;[90m&amp#27;[39m
&amp#27;[35m[HTTP]&amp#27;[39m &amp#27;[37m-->&amp#27;[39m &amp#27;[37mGET&amp#27;[39m &amp#27;[37m/wd/hub/session/4a132e6b-3c4a-4ba1-aa16-dd61b954d466&amp#27;[39m
&amp#27;[35m[HTTP]&amp#27;[39m &amp#27;[90m{}&amp#27;[39m
[debug] &amp#27;[35m[W3C (4a132e6b)]&amp#27;[39m Calling AppiumDriver.getSession() with args: ["4a132e6b-3c4a-4ba1-aa16-dd61b954d466"]
[debug] &amp#27;[35m[UiAutomator2]&amp#27;[39m Getting session details from server to mix in
[debug] &amp#27;[35m[WD Proxy]&amp#27;[39m Matched '/' to command name 'getSession'
[debug] &amp#27;[35m[WD Proxy]&amp#27;[39m Proxying [GET /] to [GET http://127.0.0.1:8214/wd/hub/session/4e72fe8f-6b36-4d3c-aa46-be013f0079ff] with no body
[debug] &amp#27;[35m[WD Proxy]&amp#27;[39m Got response with status 200: {"sessionId":"4e72fe8f-6b36-4d3c-aa46-be013f0079ff","value":{"lastScrollData":null}}
[debug] &amp#27;[35m[W3C (4a132e6b)]&amp#27;[39m Responding to client with driver.getSession() result: {"platform":"LINUX","webStorageEnabled":false,"takesScreenshot":true,"javascriptEnabled":true,"databaseEnabled":false,"networkConnectionEnabled":true,"locationContextEnabled":false,"warnings":{},"desired":{"platformName":"android","app":"C:\\Users\\Anis\\eclipse-workspace\\Appium\\src\\ApiDemos-debug.apk","deviceName":"Redmi","newCommandTimeout":14},"platformName":"android","app":"C:\\Users\\Anis\\eclipse-workspace\\Appium\\src\\ApiDemos-debug.apk","deviceName":"55272e729804","newCommandTimeout":14,"deviceUDID":"55272e729804","appPackage":"io.appium.android.apis","deviceApiLevel":24,"platformVersion":"7.0","deviceScreenSize":"1080x1920","deviceScreenDensity":480,"deviceModel":"Redmi Note 4","deviceManufacturer":"Xiaomi","pixelRatio":3,"statBarHeight":72,"viewportRect":{"left":0,"top":72,"width":1080,"height":1848},"lastScrollData":null}
&amp#27;[35m[HTTP]&amp#27;[39m &amp#27;[37m<-- GET /wd/hub/session/4a132e6b-3c4a-4ba1-aa16-dd61b954d466 &amp#27;[39m&amp#27;[32m200&amp#27;[39m &amp#27;[90m12 ms - 858&amp#27;[39m
&amp#27;[35m[HTTP]&amp#27;[39m &amp#27;[90m&amp#27;[39m
&amp#27;[35m[HTTP]&amp#27;[39m &amp#27;[37m-->&amp#27;[39m &amp#27;[37mPOST&amp#27;[39m &amp#27;[37m/wd/hub/session/4a132e6b-3c4a-4ba1-aa16-dd61b954d466/element&amp#27;[39m
&amp#27;[35m[HTTP]&amp#27;[39m &amp#27;[90m{"using":"id","value":"io.appium.android.apis:id/sms_send_message"}&amp#27;[39m
[debug] &amp#27;[35m[W3C (4a132e6b)]&amp#27;[39m Calling AppiumDriver.findElement() with args: ["id","io.appium.android.apis:id/sms_send_message","4a132e6b-3c4a-4ba1-aa16-dd61b954d466"]
[debug] &amp#27;[35m[BaseDriver]&amp#27;[39m Valid locator strategies for this request: xpath, id, class name, accessibility id, css selector, -android uiautomator
[debug] &amp#27;[35m[BaseDriver]&amp#27;[39m Waiting up to 10000 ms for condition
[debug] &amp#27;[35m[WD Proxy]&amp#27;[39m Matched '/element' to command name 'findElement'
[debug] &amp#27;[35m[WD Proxy]&amp#27;[39m Proxying [POST /element] to [POST http://127.0.0.1:8214/wd/hub/session/4e72fe8f-6b36-4d3c-aa46-be013f0079ff/element] with body: {"strategy":"id","selector":"io.appium.android.apis:id/sms_send_message","context":"","multiple":false}
[debug] &amp#27;[35m[WD Proxy]&amp#27;[39m Got response with status 200: {"sessionId":"4e72fe8f-6b36-4d3c-aa46-be013f0079ff","value":{"ELEMENT":"1b738c1e-280f-4f60-a651-bc07c3c953ec","element-6066-11e4-a52e-4f735466cecf":"1b738c1e-280f-4f60-a651-bc07c3c953ec"}}
[debug] &amp#27;[35m[W3C (4a132e6b)]&amp#27;[39m Responding to client with driver.findElement() result: {"element-6066-11e4-a52e-4f735466cecf":"1b738c1e-280f-4f60-a651-bc07c3c953ec","ELEMENT":"1b738c1e-280f-4f60-a651-bc07c3c953ec"}
&amp#27;[35m[HTTP]&amp#27;[39m &amp#27;[37m<-- POST /wd/hub/session/4a132e6b-3c4a-4ba1-aa16-dd61b954d466/element &amp#27;[39m&amp#27;[32m200&amp#27;[39m &amp#27;[90m21 ms - 137&amp#27;[39m
&amp#27;[35m[HTTP]&amp#27;[39m &amp#27;[90m&amp#27;[39m
&amp#27;[35m[HTTP]&amp#27;[39m &amp#27;[37m-->&amp#27;[39m &amp#27;[37mPOST&amp#27;[39m &amp#27;[37m/wd/hub/session/4a132e6b-3c4a-4ba1-aa16-dd61b954d466/element/1b738c1e-280f-4f60-a651-bc07c3c953ec/click&amp#27;[39m
&amp#27;[35m[HTTP]&amp#27;[39m &amp#27;[90m{"id":"1b738c1e-280f-4f60-a651-bc07c3c953ec"}&amp#27;[39m
[debug] &amp#27;[35m[W3C (4a132e6b)]&amp#27;[39m Calling AppiumDriver.click() with args: ["1b738c1e-280f-4f60-a651-bc07c3c953ec","4a132e6b-3c4a-4ba1-aa16-dd61b954d466"]
[debug] &amp#27;[35m[WD Proxy]&amp#27;[39m Matched '/element/1b738c1e-280f-4f60-a651-bc07c3c953ec/click' to command name 'click'
[debug] &amp#27;[35m[WD Proxy]&amp#27;[39m Proxying [POST /element/1b738c1e-280f-4f60-a651-bc07c3c953ec/click] to [POST http://127.0.0.1:8214/wd/hub/session/4e72fe8f-6b36-4d3c-aa46-be013f0079ff/element/1b738c1e-280f-4f60-a651-bc07c3c953ec/click] with body: {"element":"1b738c1e-280f-4f60-a651-bc07c3c953ec"}
[debug] &amp#27;[35m[WD Proxy]&amp#27;[39m Got response with status 200: {"sessionId":"4e72fe8f-6b36-4d3c-aa46-be013f0079ff","value":null}
[debug] &amp#27;[35m[W3C (4a132e6b)]&amp#27;[39m Responding to client with driver.click() result: null
&amp#27;[35m[HTTP]&amp#27;[39m &amp#27;[37m<-- POST /wd/hub/session/4a132e6b-3c4a-4ba1-aa16-dd61b954d466/element/1b738c1e-280f-4f60-a651-bc07c3c953ec/click &amp#27;[39m&amp#27;[32m200&amp#27;[39m &amp#27;[90m22 ms - 14&amp#27;[39m
&amp#27;[35m[HTTP]&amp#27;[39m &amp#27;[90m&amp#27;[39m
[INFO ] 2021-06-18 15:56:41.951 [main] Listeners - *******************ApiDemoTest.osTest passed*******************
]]></system-out>
    <system-err><![CDATA[Jun 18, 2021 3:56:33 PM io.appium.java_client.remote.AppiumCommandExecutor$1 lambda$0
INFO: Detected dialect: W3C
]]></system-err>
  </testcase>
  <testcase name="dragging" classname="ApiDemoTest2" time="27.274">
    <system-out><![CDATA[&amp#27;[35m[Appium]&amp#27;[39m Welcome to Appium v1.21.0
&amp#27;[35m[Appium]&amp#27;[39m Appium REST http interface listener started on 0.0.0.0:4723
&amp#27;[35m[HTTP]&amp#27;[39m &amp#27;[37m-->&amp#27;[39m &amp#27;[37mGET&amp#27;[39m &amp#27;[37m/wd/hub/status&amp#27;[39m
&amp#27;[35m[HTTP]&amp#27;[39m &amp#27;[90m{}&amp#27;[39m
[debug] &amp#27;[35m[GENERIC]&amp#27;[39m Calling AppiumDriver.getStatus() with args: []
[debug] &amp#27;[35m[GENERIC]&amp#27;[39m Responding to client with driver.getStatus() result: {"build":{"version":"1.21.0"}}
&amp#27;[35m[HTTP]&amp#27;[39m &amp#27;[37m<-- GET /wd/hub/status &amp#27;[39m&amp#27;[32m200&amp#27;[39m &amp#27;[90m7 ms - 68&amp#27;[39m
&amp#27;[35m[HTTP]&amp#27;[39m &amp#27;[90m&amp#27;[39m
&amp#27;[35m[HTTP]&amp#27;[39m &amp#27;[37m-->&amp#27;[39m &amp#27;[37mPOST&amp#27;[39m &amp#27;[37m/wd/hub/session&amp#27;[39m
&amp#27;[35m[HTTP]&amp#27;[39m &amp#27;[90m{"desiredCapabilities":{"app":"C:\\Users\\Anis\\eclipse-workspace\\Appium\\src\\ApiDemos-debug.apk","platformName":"Android","deviceName":"Redmi","newCommandTimeout":14},"capabilities":{"firstMatch":[{"appium:app":"C:\\Users\\Anis\\eclipse-workspace\\Appium\\src\\ApiDemos-debug.apk","appium:deviceName":"Redmi","appium:newCommandTimeout":14,"platformName":"android"}]}}&amp#27;[39m
[debug] &amp#27;[35m[W3C]&amp#27;[39m Calling AppiumDriver.createSession() with args: [{"app":"C:\\Users\\Anis\\eclipse-workspace\\Appium\\src\\ApiDemos-debug.apk","platformName":"Android","deviceName":"Redmi","newCommandTimeout":14},null,{"firstMatch":[{"appium:app":"C:\\Users\\Anis\\eclipse-workspace\\Appium\\src\\ApiDemos-debug.apk","appium:deviceName":"Redmi","appium:newCommandTimeout":14,"platformName":"android"}]}]
[debug] &amp#27;[35m[BaseDriver]&amp#27;[39m Event 'newSessionRequested' logged at 1624012003930 (15:56:43 GMT+0530 (India Standard Time))
&amp#27;[35m[Appium]&amp#27;[39m 
&amp#27;[35m[Appium]&amp#27;[39m ======================================================================
&amp#27;[35m[Appium]&amp#27;[39m   DEPRECATION WARNING:
&amp#27;[35m[Appium]&amp#27;[39m 
&amp#27;[35m[Appium]&amp#27;[39m   The 'automationName' capability was not provided in the desired 
&amp#27;[35m[Appium]&amp#27;[39m   capabilities for this Android session
&amp#27;[35m[Appium]&amp#27;[39m 
&amp#27;[35m[Appium]&amp#27;[39m   Setting 'automationName=UiAutomator2' by default and using the 
&amp#27;[35m[Appium]&amp#27;[39m   UiAutomator2 Driver
&amp#27;[35m[Appium]&amp#27;[39m 
&amp#27;[35m[Appium]&amp#27;[39m   The next major version of Appium (2.x) will **require** the 
&amp#27;[35m[Appium]&amp#27;[39m   'automationName' capability to be set for all sessions on all 
&amp#27;[35m[Appium]&amp#27;[39m   platforms
&amp#27;[35m[Appium]&amp#27;[39m 
&amp#27;[35m[Appium]&amp#27;[39m   In previous versions (Appium <= 1.13.x), the default was 
&amp#27;[35m[Appium]&amp#27;[39m   'automationName=UiAutomator1'
&amp#27;[35m[Appium]&amp#27;[39m 
&amp#27;[35m[Appium]&amp#27;[39m   If you wish to use that automation instead of UiAutomator2, please 
&amp#27;[35m[Appium]&amp#27;[39m   add 'automationName=UiAutomator1' to your desired capabilities
&amp#27;[35m[Appium]&amp#27;[39m 
&amp#27;[35m[Appium]&amp#27;[39m   For more information about drivers, please visit 
&amp#27;[35m[Appium]&amp#27;[39m   http://appium.io/docs/en/about-appium/intro/ and explore the 
&amp#27;[35m[Appium]&amp#27;[39m   'Drivers' menu
&amp#27;[35m[Appium]&amp#27;[39m 
&amp#27;[35m[Appium]&amp#27;[39m ======================================================================
&amp#27;[35m[Appium]&amp#27;[39m 
&amp#27;[35m[Appium]&amp#27;[39m Appium v1.21.0 creating new AndroidUiautomator2Driver (v1.65.0) session
[debug] &amp#27;[35m[BaseDriver]&amp#27;[39m W3C capabilities and MJSONWP desired capabilities were provided
[debug] &amp#27;[35m[BaseDriver]&amp#27;[39m Creating session with W3C capabilities: {
[debug] &amp#27;[35m[BaseDriver]&amp#27;[39m   "alwaysMatch": {
[debug] &amp#27;[35m[BaseDriver]&amp#27;[39m     "platformName": "android",
[debug] &amp#27;[35m[BaseDriver]&amp#27;[39m     "appium:app": "C:\\Users\\Anis\\eclipse-workspace\\Appium\\src\\ApiDemos-debug.apk",
[debug] &amp#27;[35m[BaseDriver]&amp#27;[39m     "appium:deviceName": "Redmi",
[debug] &amp#27;[35m[BaseDriver]&amp#27;[39m     "appium:newCommandTimeout": 14
[debug] &amp#27;[35m[BaseDriver]&amp#27;[39m   },
[debug] &amp#27;[35m[BaseDriver]&amp#27;[39m   "firstMatch": [
[debug] &amp#27;[35m[BaseDriver]&amp#27;[39m     {}
[debug] &amp#27;[35m[BaseDriver]&amp#27;[39m   ]
[debug] &amp#27;[35m[BaseDriver]&amp#27;[39m }
&amp#27;[35m[BaseDriver]&amp#27;[39m Session created with session id: cd98397c-9398-4a86-9a73-688adb2a4c5c
&amp#27;[35m[BaseDriver]&amp#27;[39m Using local app 'C:\Users\Anis\eclipse-workspace\Appium\src\ApiDemos-debug.apk'
[debug] &amp#27;[35m[UiAutomator2]&amp#27;[39m Checking whether app is actually present
&amp#27;[35m[ADB]&amp#27;[39m Found 2 'build-tools' folders under 'C:\Users\Anis\AppData\Local\Android\Sdk' (newest first):
&amp#27;[35m[ADB]&amp#27;[39m     C:/Users/Anis/AppData/Local/Android/Sdk/build-tools/31.0.0-rc4
&amp#27;[35m[ADB]&amp#27;[39m     C:/Users/Anis/AppData/Local/Android/Sdk/build-tools/30.0.3
&amp#27;[35m[ADB]&amp#27;[39m Using 'adb.exe' from 'C:\Users\Anis\AppData\Local\Android\Sdk\platform-tools\adb.exe'
[debug] &amp#27;[35m[ADB]&amp#27;[39m Running 'C:\Users\Anis\AppData\Local\Android\Sdk\platform-tools\adb.exe -P 5037 start-server'
&amp#27;[35m[AndroidDriver]&amp#27;[39m Retrieving device list
[debug] &amp#27;[35m[ADB]&amp#27;[39m Trying to find a connected android device
[debug] &amp#27;[35m[ADB]&amp#27;[39m Getting connected devices
[debug] &amp#27;[35m[ADB]&amp#27;[39m Connected devices: [{"udid":"55272e729804","state":"device"}]
&amp#27;[35m[AndroidDriver]&amp#27;[39m Using device: 55272e729804
&amp#27;[35m[ADB]&amp#27;[39m Using 'adb.exe' from 'C:\Users\Anis\AppData\Local\Android\Sdk\platform-tools\adb.exe'
[debug] &amp#27;[35m[ADB]&amp#27;[39m Running 'C:\Users\Anis\AppData\Local\Android\Sdk\platform-tools\adb.exe -P 5037 start-server'
[debug] &amp#27;[35m[ADB]&amp#27;[39m Setting device id to 55272e729804
[debug] &amp#27;[35m[ADB]&amp#27;[39m Running 'C:\Users\Anis\AppData\Local\Android\Sdk\platform-tools\adb.exe -P 5037 -s 55272e729804 shell getprop ro.build.version.sdk'
[debug] &amp#27;[35m[ADB]&amp#27;[39m Current device property 'ro.build.version.sdk': 24
[debug] &amp#27;[35m[ADB]&amp#27;[39m Device API level: 24
[debug] &amp#27;[35m[AndroidDriver]&amp#27;[39m Parsing package and activity from app manifest
&amp#27;[35m[ADB]&amp#27;[39m Package name: 'io.appium.android.apis'
&amp#27;[35m[ADB]&amp#27;[39m Main activity name: 'ApiDemos'
[debug] &amp#27;[35m[AndroidDriver]&amp#27;[39m Parsed package and activity are: io.appium.android.apis/ApiDemos
[debug] &amp#27;[35m[ADB]&amp#27;[39m Running 'C:\Users\Anis\AppData\Local\Android\Sdk\platform-tools\adb.exe -P 5037 -s 55272e729804 wait-for-device'
[debug] &amp#27;[35m[ADB]&amp#27;[39m Running 'C:\Users\Anis\AppData\Local\Android\Sdk\platform-tools\adb.exe -P 5037 -s 55272e729804 shell echo ping'
[debug] &amp#27;[35m[AndroidDriver]&amp#27;[39m Pushing settings apk to device...
[debug] &amp#27;[35m[ADB]&amp#27;[39m Getting install status for io.appium.settings
[debug] &amp#27;[35m[ADB]&amp#27;[39m Running 'C:\Users\Anis\AppData\Local\Android\Sdk\platform-tools\adb.exe -P 5037 -s 55272e729804 shell dumpsys package io.appium.settings'
[debug] &amp#27;[35m[ADB]&amp#27;[39m 'io.appium.settings' is installed
[debug] &amp#27;[35m[ADB]&amp#27;[39m Getting package info for 'io.appium.settings'
[debug] &amp#27;[35m[ADB]&amp#27;[39m Running 'C:\Users\Anis\AppData\Local\Android\Sdk\platform-tools\adb.exe -P 5037 -s 55272e729804 shell dumpsys package io.appium.settings'
[debug] &amp#27;[35m[ADB]&amp#27;[39m The version name of the installed 'io.appium.settings' is greater or equal to the application version name ('3.3.0' >= '3.3.0')
[debug] &amp#27;[35m[ADB]&amp#27;[39m There is no need to install/upgrade 'C:\Users\Anis\AppData\Roaming\npm\node_modules\appium\node_modules\io.appium.settings\apks\settings_apk-debug.apk'
[debug] &amp#27;[35m[ADB]&amp#27;[39m Getting IDs of all 'io.appium.settings' processes
[debug] &amp#27;[35m[ADB]&amp#27;[39m Running 'C:\Users\Anis\AppData\Local\Android\Sdk\platform-tools\adb.exe -P 5037 -s 55272e729804 shell 'pgrep --help; echo $?''
[debug] &amp#27;[35m[ADB]&amp#27;[39m Running 'C:\Users\Anis\AppData\Local\Android\Sdk\platform-tools\adb.exe -P 5037 -s 55272e729804 shell 'pgrep ^appium\\.settings$ || pgrep ^io\\.appium\\.setti$''
[debug] &amp#27;[35m[ADB]&amp#27;[39m Getting IDs of all 'io.appium.settings' processes
[debug] &amp#27;[35m[ADB]&amp#27;[39m Running 'C:\Users\Anis\AppData\Local\Android\Sdk\platform-tools\adb.exe -P 5037 -s 55272e729804 shell 'pgrep ^appium\\.settings$ || pgrep ^io\\.appium\\.setti$''
[debug] &amp#27;[35m[ADB]&amp#27;[39m Starting Appium Settings app
[debug] &amp#27;[35m[ADB]&amp#27;[39m Running 'C:\Users\Anis\AppData\Local\Android\Sdk\platform-tools\adb.exe -P 5037 -s 55272e729804 shell am start -n io.appium.settings/.Settings -a android.intent.action.MAIN -c android.intent.category.LAUNCHER'
[debug] &amp#27;[35m[ADB]&amp#27;[39m Getting IDs of all 'io.appium.settings' processes
[debug] &amp#27;[35m[ADB]&amp#27;[39m Running 'C:\Users\Anis\AppData\Local\Android\Sdk\platform-tools\adb.exe -P 5037 -s 55272e729804 shell 'pgrep ^appium\\.settings$ || pgrep ^io\\.appium\\.setti$''
[debug] &amp#27;[35m[ADB]&amp#27;[39m Running 'C:\Users\Anis\AppData\Local\Android\Sdk\platform-tools\adb.exe -P 5037 -s 55272e729804 shell appops set io.appium.settings android:mock_location allow'
[debug] &amp#27;[35m[Logcat]&amp#27;[39m Starting logs capture with command: C:\\Users\\Anis\\AppData\\Local\\Android\\Sdk\\platform-tools\\adb.exe -P 5037 -s 55272e729804 logcat -v threadtime
[debug] &amp#27;[35m[UiAutomator2]&amp#27;[39m Forwarding UiAutomator2 Server port 6790 to local port 8215
[debug] &amp#27;[35m[ADB]&amp#27;[39m Forwarding system: 8215 to device: 6790
[debug] &amp#27;[35m[ADB]&amp#27;[39m Running 'C:\Users\Anis\AppData\Local\Android\Sdk\platform-tools\adb.exe -P 5037 -s 55272e729804 forward tcp:8215 tcp:6790'
[debug] &amp#27;[35m[ADB]&amp#27;[39m Getting install status for io.appium.uiautomator2.server
[debug] &amp#27;[35m[ADB]&amp#27;[39m Running 'C:\Users\Anis\AppData\Local\Android\Sdk\platform-tools\adb.exe -P 5037 -s 55272e729804 shell dumpsys package io.appium.uiautomator2.server'
[debug] &amp#27;[35m[ADB]&amp#27;[39m 'io.appium.uiautomator2.server' is installed
[debug] &amp#27;[35m[ADB]&amp#27;[39m Getting package info for 'io.appium.uiautomator2.server'
[debug] &amp#27;[35m[ADB]&amp#27;[39m Running 'C:\Users\Anis\AppData\Local\Android\Sdk\platform-tools\adb.exe -P 5037 -s 55272e729804 shell dumpsys package io.appium.uiautomator2.server'
[debug] &amp#27;[35m[ADB]&amp#27;[39m The version name of the installed 'io.appium.uiautomator2.server' is greater or equal to the application version name ('4.21.1' >= '4.21.1')
[debug] &amp#27;[35m[UiAutomator2]&amp#27;[39m io.appium.uiautomator2.server installation state: sameVersionInstalled
[debug] &amp#27;[35m[ADB]&amp#27;[39m Checking app cert for C:\Users\Anis\AppData\Roaming\npm\node_modules\appium\node_modules\appium-uiautomator2-server\apks\appium-uiautomator2-server-v4.21.1.apk
&amp#27;[35m[ADB]&amp#27;[39m Using 'apksigner.jar' from 'C:\Users\Anis\AppData\Local\Android\Sdk\build-tools\31.0.0-rc4\lib\apksigner.jar'
[debug] &amp#27;[35m[ADB]&amp#27;[39m Starting apksigner: 'C:\\Program Files\\Java\\jdk-11.0.11\\bin\\java.exe' -Xmx1024M -Xss1m -jar C:\\Users\\Anis\\AppData\\Local\\Android\\Sdk\\build-tools\\31.0.0-rc4\\lib\\apksigner.jar verify --print-certs C:\\Users\\Anis\\AppData\\Roaming\\npm\\node_modules\\appium\\node_modules\\appium-uiautomator2-server\\apks\\appium-uiautomator2-server-v4.21.1.apk
[debug] &amp#27;[35m[ADB]&amp#27;[39m apksigner stdout: Signer #1 certificate DN: EMAILADDRESS=android@android.com, CN=Android, OU=Android, O=Android, L=Mountain View, ST=California, C=US
[debug] &amp#27;[35m[ADB]&amp#27;[39m Signer #1 certificate SHA-256 digest: a40da80a59d170caa950cf15c18c454d47a39b26989d8b640ecd745ba71bf5dc
[debug] &amp#27;[35m[ADB]&amp#27;[39m Signer #1 certificate SHA-1 digest: 61ed377e85d386a8dfee6b864bd85b0bfaa5af81
[debug] &amp#27;[35m[ADB]&amp#27;[39m Signer #1 certificate MD5 digest: e89b158e4bcf988ebd09eb83f5378e87
[debug] &amp#27;[35m[ADB]&amp#27;[39m 
[debug] &amp#27;[35m[ADB]&amp#27;[39m sha256 hash did match for 'appium-uiautomator2-server-v4.21.1.apk'
&amp#27;[35m[ADB]&amp#27;[39m 'C:\Users\Anis\AppData\Roaming\npm\node_modules\appium\node_modules\appium-uiautomator2-server\apks\appium-uiautomator2-server-v4.21.1.apk' is signed with the default certificate
[debug] &amp#27;[35m[ADB]&amp#27;[39m Getting install status for io.appium.uiautomator2.server.test
[debug] &amp#27;[35m[ADB]&amp#27;[39m Running 'C:\Users\Anis\AppData\Local\Android\Sdk\platform-tools\adb.exe -P 5037 -s 55272e729804 shell dumpsys package io.appium.uiautomator2.server.test'
[debug] &amp#27;[35m[ADB]&amp#27;[39m 'io.appium.uiautomator2.server.test' is installed
[debug] &amp#27;[35m[ADB]&amp#27;[39m Checking app cert for C:\Users\Anis\AppData\Roaming\npm\node_modules\appium\node_modules\appium-uiautomator2-server\apks\appium-uiautomator2-server-debug-androidTest.apk
[debug] &amp#27;[35m[ADB]&amp#27;[39m Starting apksigner: 'C:\\Program Files\\Java\\jdk-11.0.11\\bin\\java.exe' -Xmx1024M -Xss1m -jar C:\\Users\\Anis\\AppData\\Local\\Android\\Sdk\\build-tools\\31.0.0-rc4\\lib\\apksigner.jar verify --print-certs C:\\Users\\Anis\\AppData\\Roaming\\npm\\node_modules\\appium\\node_modules\\appium-uiautomator2-server\\apks\\appium-uiautomator2-server-debug-androidTest.apk
[debug] &amp#27;[35m[ADB]&amp#27;[39m apksigner stdout: Signer #1 certificate DN: EMAILADDRESS=android@android.com, CN=Android, OU=Android, O=Android, L=Mountain View, ST=California, C=US
[debug] &amp#27;[35m[ADB]&amp#27;[39m Signer #1 certificate SHA-256 digest: a40da80a59d170caa950cf15c18c454d47a39b26989d8b640ecd745ba71bf5dc
[debug] &amp#27;[35m[ADB]&amp#27;[39m Signer #1 certificate SHA-1 digest: 61ed377e85d386a8dfee6b864bd85b0bfaa5af81
[debug] &amp#27;[35m[ADB]&amp#27;[39m Signer #1 certificate MD5 digest: e89b158e4bcf988ebd09eb83f5378e87
[debug] &amp#27;[35m[ADB]&amp#27;[39m 
[debug] &amp#27;[35m[ADB]&amp#27;[39m sha256 hash did match for 'appium-uiautomator2-server-debug-androidTest.apk'
&amp#27;[35m[ADB]&amp#27;[39m 'C:\Users\Anis\AppData\Roaming\npm\node_modules\appium\node_modules\appium-uiautomator2-server\apks\appium-uiautomator2-server-debug-androidTest.apk' is signed with the default certificate
&amp#27;[35m[UiAutomator2]&amp#27;[39m Server packages are not going to be (re)installed
[debug] &amp#27;[35m[UiAutomator2]&amp#27;[39m Waiting up to 30000ms for services to be available
[debug] &amp#27;[35m[ADB]&amp#27;[39m Running 'C:\Users\Anis\AppData\Local\Android\Sdk\platform-tools\adb.exe -P 5037 -s 55272e729804 shell pm list instrumentation'
[debug] &amp#27;[35m[UiAutomator2]&amp#27;[39m Instrumentation target 'io.appium.uiautomator2.server.test/androidx.test.runner.AndroidJUnitRunner' is available
&amp#27;[35m[ADB]&amp#27;[39m Adding packages ["io.appium.settings","io.appium.uiautomator2.server","io.appium.uiautomator2.server.test"] to Doze whitelist
[debug] &amp#27;[35m[ADB]&amp#27;[39m Got the following command chunks to execute: [["dumpsys","deviceidle","whitelist","+io.appium.settings",";","dumpsys","deviceidle","whitelist","+io.appium.uiautomator2.server",";","dumpsys","deviceidle","whitelist","+io.appium.uiautomator2.server.test",";"]]
[debug] &amp#27;[35m[ADB]&amp#27;[39m Running 'C:\Users\Anis\AppData\Local\Android\Sdk\platform-tools\adb.exe -P 5037 -s 55272e729804 shell dumpsys deviceidle whitelist +io.appium.settings ; dumpsys deviceidle whitelist +io.appium.uiautomator2.server ; dumpsys deviceidle whitelist +io.appium.uiautomator2.server.test ;'
[debug] &amp#27;[35m[ADB]&amp#27;[39m Checking app cert for C:\Users\Anis\eclipse-workspace\Appium\src\ApiDemos-debug.apk
[debug] &amp#27;[35m[ADB]&amp#27;[39m Starting apksigner: 'C:\\Program Files\\Java\\jdk-11.0.11\\bin\\java.exe' -Xmx1024M -Xss1m -jar C:\\Users\\Anis\\AppData\\Local\\Android\\Sdk\\build-tools\\31.0.0-rc4\\lib\\apksigner.jar verify --print-certs C:\\Users\\Anis\\eclipse-workspace\\Appium\\src\\ApiDemos-debug.apk
[debug] &amp#27;[35m[ADB]&amp#27;[39m apksigner stdout: Signer #1 certificate DN: EMAILADDRESS=android@android.com, CN=Android, OU=Android, O=Android, L=Mountain View, ST=California, C=US
[debug] &amp#27;[35m[ADB]&amp#27;[39m Signer #1 certificate SHA-256 digest: a40da80a59d170caa950cf15c18c454d47a39b26989d8b640ecd745ba71bf5dc
[debug] &amp#27;[35m[ADB]&amp#27;[39m Signer #1 certificate SHA-1 digest: 61ed377e85d386a8dfee6b864bd85b0bfaa5af81
[debug] &amp#27;[35m[ADB]&amp#27;[39m Signer #1 certificate MD5 digest: e89b158e4bcf988ebd09eb83f5378e87
[debug] &amp#27;[35m[ADB]&amp#27;[39m 
[debug] &amp#27;[35m[ADB]&amp#27;[39m sha256 hash did match for 'ApiDemos-debug.apk'
&amp#27;[35m[ADB]&amp#27;[39m 'C:\Users\Anis\eclipse-workspace\Appium\src\ApiDemos-debug.apk' is signed with the default certificate
[debug] &amp#27;[35m[ADB]&amp#27;[39m Getting install status for io.appium.android.apis
[debug] &amp#27;[35m[ADB]&amp#27;[39m Running 'C:\Users\Anis\AppData\Local\Android\Sdk\platform-tools\adb.exe -P 5037 -s 55272e729804 shell dumpsys package io.appium.android.apis'
[debug] &amp#27;[35m[ADB]&amp#27;[39m 'io.appium.android.apis' is installed
[debug] &amp#27;[35m[ADB]&amp#27;[39m Getting package info for 'io.appium.android.apis'
[debug] &amp#27;[35m[ADB]&amp#27;[39m Running 'C:\Users\Anis\AppData\Local\Android\Sdk\platform-tools\adb.exe -P 5037 -s 55272e729804 shell dumpsys package io.appium.android.apis'
&amp#27;[35m[ADB]&amp#27;[39m Cannot read version codes of 'C:\Users\Anis\eclipse-workspace\Appium\src\ApiDemos-debug.apk' and/or 'io.appium.android.apis'
&amp#27;[35m[ADB]&amp#27;[39m Cannot read version names of 'C:\Users\Anis\eclipse-workspace\Appium\src\ApiDemos-debug.apk' and/or 'io.appium.android.apis'
[debug] &amp#27;[35m[ADB]&amp#27;[39m The current install state of 'C:\Users\Anis\eclipse-workspace\Appium\src\ApiDemos-debug.apk' is unknown. Installing anyway
[debug] &amp#27;[35m[ADB]&amp#27;[39m Running 'C:\Users\Anis\AppData\Local\Android\Sdk\platform-tools\adb.exe -P 5037 -s 55272e729804 help'
[debug] &amp#27;[35m[ADB]&amp#27;[39m Running 'C:\Users\Anis\AppData\Local\Android\Sdk\platform-tools\adb.exe -P 5037 -s 55272e729804 features'
&amp#27;[35m[ADB]&amp#27;[39m The application at 'C:\Users\Anis\eclipse-workspace\Appium\src\ApiDemos-debug.apk' will not be cached, because the device under test has confirmed the support of streamed installs
[debug] &amp#27;[35m[ADB]&amp#27;[39m Running 'C:\Users\Anis\AppData\Local\Android\Sdk\platform-tools\adb.exe -P 5037 -s 55272e729804 install -r C:\Users\Anis\eclipse-workspace\Appium\src\ApiDemos-debug.apk'
&amp#27;[35m[ADB]&amp#27;[39m The installation of 'ApiDemos-debug.apk' took 7963ms
[debug] &amp#27;[35m[ADB]&amp#27;[39m Install command stdout: Performing Streamed Install
[debug] &amp#27;[35m[ADB]&amp#27;[39m Success
&amp#27;[35m[AndroidDriver]&amp#27;[39m Performing fast reset on 'io.appium.android.apis'
[debug] &amp#27;[35m[ADB]&amp#27;[39m Getting install status for io.appium.android.apis
[debug] &amp#27;[35m[ADB]&amp#27;[39m Running 'C:\Users\Anis\AppData\Local\Android\Sdk\platform-tools\adb.exe -P 5037 -s 55272e729804 shell dumpsys package io.appium.android.apis'
[debug] &amp#27;[35m[ADB]&amp#27;[39m 'io.appium.android.apis' is installed
[debug] &amp#27;[35m[ADB]&amp#27;[39m Running 'C:\Users\Anis\AppData\Local\Android\Sdk\platform-tools\adb.exe -P 5037 -s 55272e729804 shell am force-stop io.appium.android.apis'
[debug] &amp#27;[35m[ADB]&amp#27;[39m Running 'C:\Users\Anis\AppData\Local\Android\Sdk\platform-tools\adb.exe -P 5037 -s 55272e729804 shell pm clear io.appium.android.apis'
[debug] &amp#27;[35m[AndroidDriver]&amp#27;[39m Performed fast reset on the installed 'io.appium.android.apis' application (stop and clear)
[debug] &amp#27;[35m[UiAutomator2]&amp#27;[39m Performing shallow cleanup of automation leftovers
[debug] &amp#27;[35m[UiAutomator2]&amp#27;[39m The following obsolete sessions are still running: [null]
[debug] &amp#27;[35m[UiAutomator2]&amp#27;[39m Cleaning up the obsolete sessions
[debug] &amp#27;[35m[ADB]&amp#27;[39m Running 'C:\Users\Anis\AppData\Local\Android\Sdk\platform-tools\adb.exe -P 5037 -s 55272e729804 shell am force-stop io.appium.uiautomator2.server.test'
&amp#27;[35m[UiAutomator2]&amp#27;[39m Starting UIAutomator2 server 4.21.1
&amp#27;[35m[UiAutomator2]&amp#27;[39m Using UIAutomator2 server from 'C:\Users\Anis\AppData\Roaming\npm\node_modules\appium\node_modules\appium-uiautomator2-server\apks\appium-uiautomator2-server-v4.21.1.apk' and test from 'C:\Users\Anis\AppData\Roaming\npm\node_modules\appium\node_modules\appium-uiautomator2-server\apks\appium-uiautomator2-server-debug-androidTest.apk'
&amp#27;[35m[UiAutomator2]&amp#27;[39m Waiting up to 30000ms for UiAutomator2 to be online...
[debug] &amp#27;[35m[ADB]&amp#27;[39m Creating ADB subprocess with args: ["-P",5037,"-s","55272e729804","shell","am","instrument","-w","-e","disableAnalytics",true,"io.appium.uiautomator2.server.test/androidx.test.runner.AndroidJUnitRunner"]
[debug] &amp#27;[35m[WD Proxy]&amp#27;[39m Matched '/status' to command name 'getStatus'
[debug] &amp#27;[35m[WD Proxy]&amp#27;[39m Proxying [GET /status] to [GET http://127.0.0.1:8215/wd/hub/status] with no body
&amp#27;[35m[WD Proxy]&amp#27;[39m socket hang up
[debug] &amp#27;[35m[WD Proxy]&amp#27;[39m Matched '/status' to command name 'getStatus'
[debug] &amp#27;[35m[WD Proxy]&amp#27;[39m Proxying [GET /status] to [GET http://127.0.0.1:8215/wd/hub/status] with no body
&amp#27;[35m[WD Proxy]&amp#27;[39m socket hang up
[debug] &amp#27;[35m[Instrumentation]&amp#27;[39m io.appium.uiautomator2.server.test.AppiumUiAutomator2Server:
[debug] &amp#27;[35m[WD Proxy]&amp#27;[39m Matched '/status' to command name 'getStatus'
[debug] &amp#27;[35m[WD Proxy]&amp#27;[39m Proxying [GET /status] to [GET http://127.0.0.1:8215/wd/hub/status] with no body
&amp#27;[35m[WD Proxy]&amp#27;[39m socket hang up
[debug] &amp#27;[35m[WD Proxy]&amp#27;[39m Matched '/status' to command name 'getStatus'
[debug] &amp#27;[35m[WD Proxy]&amp#27;[39m Proxying [GET /status] to [GET http://127.0.0.1:8215/wd/hub/status] with no body
[debug] &amp#27;[35m[WD Proxy]&amp#27;[39m Got response with status 200: {"sessionId":"None","value":{"message":"UiAutomator2 Server is ready to accept commands","ready":true}}
[debug] &amp#27;[35m[UiAutomator2]&amp#27;[39m The initialization of the instrumentation process took 3097ms
[debug] &amp#27;[35m[WD Proxy]&amp#27;[39m Matched '/session' to command name 'createSession'
[debug] &amp#27;[35m[WD Proxy]&amp#27;[39m Proxying [POST /session] to [POST http://127.0.0.1:8215/wd/hub/session] with body: {"capabilities":{"firstMatch":[{"platform":"LINUX","webStorageEnabled":false,"takesScreenshot":true,"javascriptEnabled":true,"databaseEnabled":false,"networkConnectionEnabled":true,"locationContextEnabled":false,"warnings":{},"desired":{"platformName":"android","app":"C:\\Users\\Anis\\eclipse-workspace\\Appium\\src\\ApiDemos-debug.apk","deviceName":"Redmi","newCommandTimeout":14},"platformName":"android","app":"C:\\Users\\Anis\\eclipse-workspace\\Appium\\src\\ApiDemos-debug.apk","deviceName":"55272e729804","newCommandTimeout":14,"deviceUDID":"55272e729804","appPackage":"io.appium.android.apis"}],"alwaysMatch":{}}}
[debug] &amp#27;[35m[WD Proxy]&amp#27;[39m Got response with status 200: {"sessionId":"18c72223-96ff-456f-a013-759294f76d4e","value":{"capabilities":{"firstMatch":[{"platform":"LINUX","webStorageEnabled":false,"takesScreenshot":true,"javascriptEnabled":true,"databaseEnabled":false,"networkConnectionEnabled":true,"locationContextEnabled":false,"warnings":{},"desired":{"platformName":"android","app":"C:\\Users\\Anis\\eclipse-workspace\\Appium\\src\\ApiDemos-debug.apk","deviceName":"Redmi","newCommandTimeout":14},"platformName":"android","app":"C:\\Users\\Anis\\eclipse-workspace\\Appium\\src\\ApiDemos-debug.apk","deviceName":"55272e729804","newCommandTimeout":14,"deviceUDID":"55272e729804","appPackage":"io.appium.android.apis"}],"alwaysMatch":{}},"sessionId":"18c72223-96ff-456f-a013-759294f76d4e"}}
&amp#27;[35m[WD Proxy]&amp#27;[39m Determined the downstream protocol as 'W3C'
[debug] &amp#27;[35m[WD Proxy]&amp#27;[39m Proxying [GET /appium/device/info] to [GET http://127.0.0.1:8215/wd/hub/session/18c72223-96ff-456f-a013-759294f76d4e/appium/device/info] with no body
[debug] &amp#27;[35m[WD Proxy]&amp#27;[39m Got response with status 200: {"sessionId":"18c72223-96ff-456f-a013-759294f76d4e","value":{"androidId":"62e279822e2e3c5b","apiVersion":"24","bluetooth":{"state":"OFF"},"brand":"xiaomi","carrierName":"airtel","displayDensity":480,"locale":"en_GB","manufacturer":"Xiaomi","model":"Redmi Note 4","networks":[{"capabilities":{"SSID":null,"linkDownBandwidthKbps":102400,"linkUpstreamBandwidthKbps":51200,"networkCapabilities":"NET_CAPABILITY_NOT_METERED,NET_CAPABILITY_NOT_RESTRICTED,NET_CAPABILITY_IMS,NET_CAPABILITY_NOT_VPN,NET_CAPABILITY_TRUSTED,NET_CAPABILITY_VALIDATED","signalStrength":-2147483648,"transportTypes":"TRANSPORT_CELLULAR"},"detailedState":"CONNECTED","extraInfo":"ims","isAvailable":true,"isConnected":true,"isFailover":false,"isRoaming":false,"state":"CONNECTED","subtype":13,"subtypeName":"LTE","type":0,"typeName":"MOBILE"},{"capabilities":{"SSID":null,"linkDownBandwidthKbps":102400,"linkUpstreamBandwidthKbps":51200,"networkCapabilities":"NET_CAPABILITY_NOT_RESTRICTED,NET_CAPABILITY_SUPL,NET_CAPABILITY_NOT_VPN,NET_CAPABILITY_INTE...
[debug] &amp#27;[35m[ADB]&amp#27;[39m Running 'C:\Users\Anis\AppData\Local\Android\Sdk\platform-tools\adb.exe -P 5037 -s 55272e729804 shell dumpsys window'
&amp#27;[35m[AndroidDriver]&amp#27;[39m Screen already unlocked, doing nothing
&amp#27;[35m[UiAutomator2]&amp#27;[39m Starting 'io.appium.android.apis/ApiDemos and waiting for 'io.appium.android.apis/ApiDemos'
[debug] &amp#27;[35m[ADB]&amp#27;[39m Running 'C:\Users\Anis\AppData\Local\Android\Sdk\platform-tools\adb.exe -P 5037 -s 55272e729804 shell am start -W -n io.appium.android.apis/ApiDemos -S -a android.intent.action.MAIN -c android.intent.category.LAUNCHER -f 0x10200000'
[debug] &amp#27;[35m[ADB]&amp#27;[39m We tried to start an activity that doesn't exist, retrying with '.ApiDemos' activity name
[debug] &amp#27;[35m[ADB]&amp#27;[39m Running 'C:\Users\Anis\AppData\Local\Android\Sdk\platform-tools\adb.exe -P 5037 -s 55272e729804 shell am start -W -n io.appium.android.apis/.ApiDemos -S -a android.intent.action.MAIN -c android.intent.category.LAUNCHER -f 0x10200000'
[debug] &amp#27;[35m[ADB]&amp#27;[39m Waiting up to 20000ms for activity matching pkg: 'io.appium.android.apis' and activity: 'ApiDemos' to be focused
[debug] &amp#27;[35m[ADB]&amp#27;[39m Possible activities, to be checked: 'ApiDemos', 'io.appium.android.apis.ApiDemos'
[debug] &amp#27;[35m[ADB]&amp#27;[39m Getting focused package and activity
[debug] &amp#27;[35m[ADB]&amp#27;[39m Running 'C:\Users\Anis\AppData\Local\Android\Sdk\platform-tools\adb.exe -P 5037 -s 55272e729804 shell dumpsys window windows'
[debug] &amp#27;[35m[ADB]&amp#27;[39m Found package: 'io.appium.android.apis' and fully qualified activity name : 'io.appium.android.apis.ApiDemos'
[debug] &amp#27;[35m[WD Proxy]&amp#27;[39m Proxying [GET /appium/device/pixel_ratio] to [GET http://127.0.0.1:8215/wd/hub/session/18c72223-96ff-456f-a013-759294f76d4e/appium/device/pixel_ratio] with no body
[debug] &amp#27;[35m[WD Proxy]&amp#27;[39m Got response with status 200: {"sessionId":"18c72223-96ff-456f-a013-759294f76d4e","value":3}
[debug] &amp#27;[35m[WD Proxy]&amp#27;[39m Matched '/appium/device/system_bars' to command name 'getSystemBars'
[debug] &amp#27;[35m[WD Proxy]&amp#27;[39m Proxying [GET /appium/device/system_bars] to [GET http://127.0.0.1:8215/wd/hub/session/18c72223-96ff-456f-a013-759294f76d4e/appium/device/system_bars] with no body
[debug] &amp#27;[35m[WD Proxy]&amp#27;[39m Got response with status 200: {"sessionId":"18c72223-96ff-456f-a013-759294f76d4e","value":{"statusBar":72}}
[debug] &amp#27;[35m[WD Proxy]&amp#27;[39m Matched '/window/current/size' to command name 'getWindowSize'
[debug] &amp#27;[35m[WD Proxy]&amp#27;[39m Proxying [GET /window/current/size] to [GET http://127.0.0.1:8215/wd/hub/session/18c72223-96ff-456f-a013-759294f76d4e/window/current/size] with no body
[debug] &amp#27;[35m[WD Proxy]&amp#27;[39m Got response with status 200: {"sessionId":"18c72223-96ff-456f-a013-759294f76d4e","value":{"height":1920,"width":1080}}
&amp#27;[35m[Appium]&amp#27;[39m New AndroidUiautomator2Driver session created successfully, session cd98397c-9398-4a86-9a73-688adb2a4c5c added to master session list
[debug] &amp#27;[35m[BaseDriver]&amp#27;[39m Event 'newSessionStarted' logged at 1624012033773 (15:57:13 GMT+0530 (India Standard Time))
[debug] &amp#27;[35m[W3C (cd98397c)]&amp#27;[39m Cached the protocol value 'W3C' for the new session cd98397c-9398-4a86-9a73-688adb2a4c5c
[debug] &amp#27;[35m[W3C (cd98397c)]&amp#27;[39m Responding to client with driver.createSession() result: {"capabilities":{"platform":"LINUX","webStorageEnabled":false,"takesScreenshot":true,"javascriptEnabled":true,"databaseEnabled":false,"networkConnectionEnabled":true,"locationContextEnabled":false,"warnings":{},"desired":{"platformName":"android","app":"C:\\Users\\Anis\\eclipse-workspace\\Appium\\src\\ApiDemos-debug.apk","deviceName":"Redmi","newCommandTimeout":14},"platformName":"android","app":"C:\\Users\\Anis\\eclipse-workspace\\Appium\\src\\ApiDemos-debug.apk","deviceName":"55272e729804","newCommandTimeout":14,"deviceUDID":"55272e729804","appPackage":"io.appium.android.apis","deviceApiLevel":24,"platformVersion":"7.0","deviceScreenSize":"1080x1920","deviceScreenDensity":480,"deviceModel":"Redmi Note 4","deviceManufacturer":"Xiaomi","pixelRatio":3,"statBarHeight":72,"viewportRect":{"left":0,"top":72,"width":1080,"height":1848}}}
&amp#27;[35m[HTTP]&amp#27;[39m &amp#27;[37m<-- POST /wd/hub/session &amp#27;[39m&amp#27;[32m200&amp#27;[39m &amp#27;[90m29852 ms - 904&amp#27;[39m
&amp#27;[35m[HTTP]&amp#27;[39m &amp#27;[90m&amp#27;[39m
&amp#27;[35m[HTTP]&amp#27;[39m &amp#27;[37m-->&amp#27;[39m &amp#27;[37mGET&amp#27;[39m &amp#27;[37m/wd/hub/session/cd98397c-9398-4a86-9a73-688adb2a4c5c&amp#27;[39m
&amp#27;[35m[HTTP]&amp#27;[39m &amp#27;[90m{}&amp#27;[39m
[debug] &amp#27;[35m[W3C (cd98397c)]&amp#27;[39m Calling AppiumDriver.getSession() with args: ["cd98397c-9398-4a86-9a73-688adb2a4c5c"]
[debug] &amp#27;[35m[UiAutomator2]&amp#27;[39m Getting session details from server to mix in
[debug] &amp#27;[35m[WD Proxy]&amp#27;[39m Matched '/' to command name 'getSession'
[debug] &amp#27;[35m[WD Proxy]&amp#27;[39m Proxying [GET /] to [GET http://127.0.0.1:8215/wd/hub/session/18c72223-96ff-456f-a013-759294f76d4e] with no body
[debug] &amp#27;[35m[WD Proxy]&amp#27;[39m Got response with status 200: {"sessionId":"18c72223-96ff-456f-a013-759294f76d4e","value":{"lastScrollData":null}}
[debug] &amp#27;[35m[W3C (cd98397c)]&amp#27;[39m Responding to client with driver.getSession() result: {"platform":"LINUX","webStorageEnabled":false,"takesScreenshot":true,"javascriptEnabled":true,"databaseEnabled":false,"networkConnectionEnabled":true,"locationContextEnabled":false,"warnings":{},"desired":{"platformName":"android","app":"C:\\Users\\Anis\\eclipse-workspace\\Appium\\src\\ApiDemos-debug.apk","deviceName":"Redmi","newCommandTimeout":14},"platformName":"android","app":"C:\\Users\\Anis\\eclipse-workspace\\Appium\\src\\ApiDemos-debug.apk","deviceName":"55272e729804","newCommandTimeout":14,"deviceUDID":"55272e729804","appPackage":"io.appium.android.apis","deviceApiLevel":24,"platformVersion":"7.0","deviceScreenSize":"1080x1920","deviceScreenDensity":480,"deviceModel":"Redmi Note 4","deviceManufacturer":"Xiaomi","pixelRatio":3,"statBarHeight":72,"viewportRect":{"left":0,"top":72,"width":1080,"height":1848},"lastScrollData":null}
&amp#27;[35m[HTTP]&amp#27;[39m &amp#27;[37m<-- GET /wd/hub/session/cd98397c-9398-4a86-9a73-688adb2a4c5c &amp#27;[39m&amp#27;[32m200&amp#27;[39m &amp#27;[90m45 ms - 858&amp#27;[39m
&amp#27;[35m[HTTP]&amp#27;[39m &amp#27;[90m&amp#27;[39m
&amp#27;[35m[HTTP]&amp#27;[39m &amp#27;[37m-->&amp#27;[39m &amp#27;[37mGET&amp#27;[39m &amp#27;[37m/wd/hub/session/cd98397c-9398-4a86-9a73-688adb2a4c5c&amp#27;[39m
&amp#27;[35m[HTTP]&amp#27;[39m &amp#27;[90m{}&amp#27;[39m
[debug] &amp#27;[35m[W3C (cd98397c)]&amp#27;[39m Calling AppiumDriver.getSession() with args: ["cd98397c-9398-4a86-9a73-688adb2a4c5c"]
[debug] &amp#27;[35m[UiAutomator2]&amp#27;[39m Getting session details from server to mix in
[debug] &amp#27;[35m[WD Proxy]&amp#27;[39m Matched '/' to command name 'getSession'
[debug] &amp#27;[35m[WD Proxy]&amp#27;[39m Proxying [GET /] to [GET http://127.0.0.1:8215/wd/hub/session/18c72223-96ff-456f-a013-759294f76d4e] with no body
[debug] &amp#27;[35m[WD Proxy]&amp#27;[39m Got response with status 200: {"sessionId":"18c72223-96ff-456f-a013-759294f76d4e","value":{"lastScrollData":null}}
[debug] &amp#27;[35m[W3C (cd98397c)]&amp#27;[39m Responding to client with driver.getSession() result: {"platform":"LINUX","webStorageEnabled":false,"takesScreenshot":true,"javascriptEnabled":true,"databaseEnabled":false,"networkConnectionEnabled":true,"locationContextEnabled":false,"warnings":{},"desired":{"platformName":"android","app":"C:\\Users\\Anis\\eclipse-workspace\\Appium\\src\\ApiDemos-debug.apk","deviceName":"Redmi","newCommandTimeout":14},"platformName":"android","app":"C:\\Users\\Anis\\eclipse-workspace\\Appium\\src\\ApiDemos-debug.apk","deviceName":"55272e729804","newCommandTimeout":14,"deviceUDID":"55272e729804","appPackage":"io.appium.android.apis","deviceApiLevel":24,"platformVersion":"7.0","deviceScreenSize":"1080x1920","deviceScreenDensity":480,"deviceModel":"Redmi Note 4","deviceManufacturer":"Xiaomi","pixelRatio":3,"statBarHeight":72,"viewportRect":{"left":0,"top":72,"width":1080,"height":1848},"lastScrollData":null}
&amp#27;[35m[HTTP]&amp#27;[39m &amp#27;[37m<-- GET /wd/hub/session/cd98397c-9398-4a86-9a73-688adb2a4c5c &amp#27;[39m&amp#27;[32m200&amp#27;[39m &amp#27;[90m11 ms - 858&amp#27;[39m
&amp#27;[35m[HTTP]&amp#27;[39m &amp#27;[90m&amp#27;[39m
&amp#27;[35m[HTTP]&amp#27;[39m &amp#27;[37m-->&amp#27;[39m &amp#27;[37mGET&amp#27;[39m &amp#27;[37m/wd/hub/session/cd98397c-9398-4a86-9a73-688adb2a4c5c&amp#27;[39m
&amp#27;[35m[HTTP]&amp#27;[39m &amp#27;[90m{}&amp#27;[39m
[debug] &amp#27;[35m[W3C (cd98397c)]&amp#27;[39m Calling AppiumDriver.getSession() with args: ["cd98397c-9398-4a86-9a73-688adb2a4c5c"]
[debug] &amp#27;[35m[UiAutomator2]&amp#27;[39m Getting session details from server to mix in
[debug] &amp#27;[35m[WD Proxy]&amp#27;[39m Matched '/' to command name 'getSession'
[debug] &amp#27;[35m[WD Proxy]&amp#27;[39m Proxying [GET /] to [GET http://127.0.0.1:8215/wd/hub/session/18c72223-96ff-456f-a013-759294f76d4e] with no body
[debug] &amp#27;[35m[WD Proxy]&amp#27;[39m Got response with status 200: {"sessionId":"18c72223-96ff-456f-a013-759294f76d4e","value":{"lastScrollData":null}}
[debug] &amp#27;[35m[W3C (cd98397c)]&amp#27;[39m Responding to client with driver.getSession() result: {"platform":"LINUX","webStorageEnabled":false,"takesScreenshot":true,"javascriptEnabled":true,"databaseEnabled":false,"networkConnectionEnabled":true,"locationContextEnabled":false,"warnings":{},"desired":{"platformName":"android","app":"C:\\Users\\Anis\\eclipse-workspace\\Appium\\src\\ApiDemos-debug.apk","deviceName":"Redmi","newCommandTimeout":14},"platformName":"android","app":"C:\\Users\\Anis\\eclipse-workspace\\Appium\\src\\ApiDemos-debug.apk","deviceName":"55272e729804","newCommandTimeout":14,"deviceUDID":"55272e729804","appPackage":"io.appium.android.apis","deviceApiLevel":24,"platformVersion":"7.0","deviceScreenSize":"1080x1920","deviceScreenDensity":480,"deviceModel":"Redmi Note 4","deviceManufacturer":"Xiaomi","pixelRatio":3,"statBarHeight":72,"viewportRect":{"left":0,"top":72,"width":1080,"height":1848},"lastScrollData":null}
&amp#27;[35m[HTTP]&amp#27;[39m &amp#27;[37m<-- GET /wd/hub/session/cd98397c-9398-4a86-9a73-688adb2a4c5c &amp#27;[39m&amp#27;[32m200&amp#27;[39m &amp#27;[90m10 ms - 858&amp#27;[39m
&amp#27;[35m[HTTP]&amp#27;[39m &amp#27;[90m&amp#27;[39m
&amp#27;[35m[HTTP]&amp#27;[39m &amp#27;[37m-->&amp#27;[39m &amp#27;[37mGET&amp#27;[39m &amp#27;[37m/wd/hub/session/cd98397c-9398-4a86-9a73-688adb2a4c5c&amp#27;[39m
&amp#27;[35m[HTTP]&amp#27;[39m &amp#27;[90m{}&amp#27;[39m
[debug] &amp#27;[35m[W3C (cd98397c)]&amp#27;[39m Calling AppiumDriver.getSession() with args: ["cd98397c-9398-4a86-9a73-688adb2a4c5c"]
[debug] &amp#27;[35m[UiAutomator2]&amp#27;[39m Getting session details from server to mix in
[debug] &amp#27;[35m[WD Proxy]&amp#27;[39m Matched '/' to command name 'getSession'
[debug] &amp#27;[35m[WD Proxy]&amp#27;[39m Proxying [GET /] to [GET http://127.0.0.1:8215/wd/hub/session/18c72223-96ff-456f-a013-759294f76d4e] with no body
[debug] &amp#27;[35m[WD Proxy]&amp#27;[39m Got response with status 200: {"sessionId":"18c72223-96ff-456f-a013-759294f76d4e","value":{"lastScrollData":null}}
[debug] &amp#27;[35m[W3C (cd98397c)]&amp#27;[39m Responding to client with driver.getSession() result: {"platform":"LINUX","webStorageEnabled":false,"takesScreenshot":true,"javascriptEnabled":true,"databaseEnabled":false,"networkConnectionEnabled":true,"locationContextEnabled":false,"warnings":{},"desired":{"platformName":"android","app":"C:\\Users\\Anis\\eclipse-workspace\\Appium\\src\\ApiDemos-debug.apk","deviceName":"Redmi","newCommandTimeout":14},"platformName":"android","app":"C:\\Users\\Anis\\eclipse-workspace\\Appium\\src\\ApiDemos-debug.apk","deviceName":"55272e729804","newCommandTimeout":14,"deviceUDID":"55272e729804","appPackage":"io.appium.android.apis","deviceApiLevel":24,"platformVersion":"7.0","deviceScreenSize":"1080x1920","deviceScreenDensity":480,"deviceModel":"Redmi Note 4","deviceManufacturer":"Xiaomi","pixelRatio":3,"statBarHeight":72,"viewportRect":{"left":0,"top":72,"width":1080,"height":1848},"lastScrollData":null}
&amp#27;[35m[HTTP]&amp#27;[39m &amp#27;[37m<-- GET /wd/hub/session/cd98397c-9398-4a86-9a73-688adb2a4c5c &amp#27;[39m&amp#27;[32m200&amp#27;[39m &amp#27;[90m10 ms - 858&amp#27;[39m
&amp#27;[35m[HTTP]&amp#27;[39m &amp#27;[90m&amp#27;[39m
&amp#27;[35m[HTTP]&amp#27;[39m &amp#27;[37m-->&amp#27;[39m &amp#27;[37mPOST&amp#27;[39m &amp#27;[37m/wd/hub/session/cd98397c-9398-4a86-9a73-688adb2a4c5c/timeouts&amp#27;[39m
&amp#27;[35m[HTTP]&amp#27;[39m &amp#27;[90m{"implicit":10000}&amp#27;[39m
[debug] &amp#27;[35m[W3C (cd98397c)]&amp#27;[39m Calling AppiumDriver.timeouts() with args: [null,null,null,null,10000,"cd98397c-9398-4a86-9a73-688adb2a4c5c"]
[debug] &amp#27;[35m[BaseDriver]&amp#27;[39m W3C timeout argument: {"implicit":10000}}
[debug] &amp#27;[35m[BaseDriver]&amp#27;[39m Set implicit wait to 10000ms
[debug] &amp#27;[35m[W3C (cd98397c)]&amp#27;[39m Responding to client with driver.timeouts() result: null
&amp#27;[35m[HTTP]&amp#27;[39m &amp#27;[37m<-- POST /wd/hub/session/cd98397c-9398-4a86-9a73-688adb2a4c5c/timeouts &amp#27;[39m&amp#27;[32m200&amp#27;[39m &amp#27;[90m6 ms - 14&amp#27;[39m
&amp#27;[35m[HTTP]&amp#27;[39m &amp#27;[90m&amp#27;[39m
[INFO ] 2021-06-18 15:57:13.907 [main] Listeners - *******************ApiDemoTest2.dragging started*******************
&amp#27;[35m[HTTP]&amp#27;[39m &amp#27;[37m-->&amp#27;[39m &amp#27;[37mGET&amp#27;[39m &amp#27;[37m/wd/hub/session/cd98397c-9398-4a86-9a73-688adb2a4c5c&amp#27;[39m
&amp#27;[35m[HTTP]&amp#27;[39m &amp#27;[90m{}&amp#27;[39m
[debug] &amp#27;[35m[W3C (cd98397c)]&amp#27;[39m Calling AppiumDriver.getSession() with args: ["cd98397c-9398-4a86-9a73-688adb2a4c5c"]
[debug] &amp#27;[35m[UiAutomator2]&amp#27;[39m Getting session details from server to mix in
[debug] &amp#27;[35m[WD Proxy]&amp#27;[39m Matched '/' to command name 'getSession'
[debug] &amp#27;[35m[WD Proxy]&amp#27;[39m Proxying [GET /] to [GET http://127.0.0.1:8215/wd/hub/session/18c72223-96ff-456f-a013-759294f76d4e] with no body
[debug] &amp#27;[35m[WD Proxy]&amp#27;[39m Got response with status 200: {"sessionId":"18c72223-96ff-456f-a013-759294f76d4e","value":{"lastScrollData":null}}
[debug] &amp#27;[35m[W3C (cd98397c)]&amp#27;[39m Responding to client with driver.getSession() result: {"platform":"LINUX","webStorageEnabled":false,"takesScreenshot":true,"javascriptEnabled":true,"databaseEnabled":false,"networkConnectionEnabled":true,"locationContextEnabled":false,"warnings":{},"desired":{"platformName":"android","app":"C:\\Users\\Anis\\eclipse-workspace\\Appium\\src\\ApiDemos-debug.apk","deviceName":"Redmi","newCommandTimeout":14},"platformName":"android","app":"C:\\Users\\Anis\\eclipse-workspace\\Appium\\src\\ApiDemos-debug.apk","deviceName":"55272e729804","newCommandTimeout":14,"deviceUDID":"55272e729804","appPackage":"io.appium.android.apis","deviceApiLevel":24,"platformVersion":"7.0","deviceScreenSize":"1080x1920","deviceScreenDensity":480,"deviceModel":"Redmi Note 4","deviceManufacturer":"Xiaomi","pixelRatio":3,"statBarHeight":72,"viewportRect":{"left":0,"top":72,"width":1080,"height":1848},"lastScrollData":null}
&amp#27;[35m[HTTP]&amp#27;[39m &amp#27;[37m<-- GET /wd/hub/session/cd98397c-9398-4a86-9a73-688adb2a4c5c &amp#27;[39m&amp#27;[32m200&amp#27;[39m &amp#27;[90m9 ms - 858&amp#27;[39m
&amp#27;[35m[HTTP]&amp#27;[39m &amp#27;[90m&amp#27;[39m
&amp#27;[35m[HTTP]&amp#27;[39m &amp#27;[37m-->&amp#27;[39m &amp#27;[37mGET&amp#27;[39m &amp#27;[37m/wd/hub/session/cd98397c-9398-4a86-9a73-688adb2a4c5c&amp#27;[39m
&amp#27;[35m[HTTP]&amp#27;[39m &amp#27;[90m{}&amp#27;[39m
[debug] &amp#27;[35m[W3C (cd98397c)]&amp#27;[39m Calling AppiumDriver.getSession() with args: ["cd98397c-9398-4a86-9a73-688adb2a4c5c"]
[debug] &amp#27;[35m[UiAutomator2]&amp#27;[39m Getting session details from server to mix in
[debug] &amp#27;[35m[WD Proxy]&amp#27;[39m Matched '/' to command name 'getSession'
[debug] &amp#27;[35m[WD Proxy]&amp#27;[39m Proxying [GET /] to [GET http://127.0.0.1:8215/wd/hub/session/18c72223-96ff-456f-a013-759294f76d4e] with no body
[debug] &amp#27;[35m[WD Proxy]&amp#27;[39m Got response with status 200: {"sessionId":"18c72223-96ff-456f-a013-759294f76d4e","value":{"lastScrollData":null}}
[debug] &amp#27;[35m[W3C (cd98397c)]&amp#27;[39m Responding to client with driver.getSession() result: {"platform":"LINUX","webStorageEnabled":false,"takesScreenshot":true,"javascriptEnabled":true,"databaseEnabled":false,"networkConnectionEnabled":true,"locationContextEnabled":false,"warnings":{},"desired":{"platformName":"android","app":"C:\\Users\\Anis\\eclipse-workspace\\Appium\\src\\ApiDemos-debug.apk","deviceName":"Redmi","newCommandTimeout":14},"platformName":"android","app":"C:\\Users\\Anis\\eclipse-workspace\\Appium\\src\\ApiDemos-debug.apk","deviceName":"55272e729804","newCommandTimeout":14,"deviceUDID":"55272e729804","appPackage":"io.appium.android.apis","deviceApiLevel":24,"platformVersion":"7.0","deviceScreenSize":"1080x1920","deviceScreenDensity":480,"deviceModel":"Redmi Note 4","deviceManufacturer":"Xiaomi","pixelRatio":3,"statBarHeight":72,"viewportRect":{"left":0,"top":72,"width":1080,"height":1848},"lastScrollData":null}
[INFO ] 2021-06-18 15:57:13.934 [main] ExplicitWait - Waiting for element to be visible: Located by By.chained({By.xpath: //android.widget.TextView[@content-desc="Views"]})
&amp#27;[35m[HTTP[INFO ] 2021-06-18 15:57:13.934 [main] ExplicitWait - Waiting for element to be visible: Located by By.chained({By.xpath: //android.widget.TextView[@content-desc="Views"]})
]&amp#27;[39m &amp#27;[37m<-- GET /wd/hub/session/cd98397c-9398-4a86-9a73-688adb2a4c5c &amp#27;[39m&amp#27;[32m200&amp#27;[39m &amp#27;[90m9 ms - 858&amp#27;[39m
&amp#27;[35m[HTTP]&amp#27;[39m &amp#27;[90m&amp#27;[39m
&amp#27;[35m[HTTP]&amp#27;[39m &amp#27;[37m-->&amp#27;[39m &amp#27;[37mPOST&amp#27;[39m &amp#27;[37m/wd/hub/session/cd98397c-9398-4a86-9a73-688adb2a4c5c/timeouts&amp#27;[39m
&amp#27;[35m[HTTP]&amp#27;[39m &amp#27;[90m{"implicit":0}&amp#27;[39m
[debug] &amp#27;[35m[W3C (cd98397c)]&amp#27;[39m Calling AppiumDriver.timeouts() with args: [null,null,null,null,0,"cd98397c-9398-4a86-9a73-688adb2a4c5c"]
[debug] &amp#27;[35m[BaseDriver]&amp#27;[39m W3C timeout argument: {"implicit":0}}
[debug] &amp#27;[35m[BaseDriver]&amp#27;[39m Set implicit wait to 0ms
[debug] &amp#27;[35m[W3C (cd98397c)]&amp#27;[39m Responding to client with driver.timeouts() result: null
&amp#27;[35m[HTTP]&amp#27;[39m &amp#27;[37m<-- POST /wd/hub/session/cd98397c-9398-4a86-9a73-688adb2a4c5c/timeouts &amp#27;[39m&amp#27;[32m200&amp#27;[39m &amp#27;[90m5 ms - 14&amp#27;[39m
&amp#27;[35m[HTTP]&amp#27;[39m &amp#27;[90m&amp#27;[39m
&amp#27;[35m[HTTP]&amp#27;[39m &amp#27;[37m-->&amp#27;[39m &amp#27;[37mGET&amp#27;[39m &amp#27;[37m/wd/hub/session/cd98397c-9398-4a86-9a73-688adb2a4c5c&amp#27;[39m
&amp#27;[35m[HTTP]&amp#27;[39m &amp#27;[90m{}&amp#27;[39m
[debug] &amp#27;[35m[W3C (cd98397c)]&amp#27;[39m Calling AppiumDriver.getSession() with args: ["cd98397c-9398-4a86-9a73-688adb2a4c5c"]
[debug] &amp#27;[35m[UiAutomator2]&amp#27;[39m Getting session details from server to mix in
[debug] &amp#27;[35m[WD Proxy]&amp#27;[39m Matched '/' to command name 'getSession'
[debug] &amp#27;[35m[WD Proxy]&amp#27;[39m Proxying [GET /] to [GET http://127.0.0.1:8215/wd/hub/session/18c72223-96ff-456f-a013-759294f76d4e] with no body
[debug] &amp#27;[35m[WD Proxy]&amp#27;[39m Got response with status 200: {"sessionId":"18c72223-96ff-456f-a013-759294f76d4e","value":{"lastScrollData":null}}
[debug] &amp#27;[35m[W3C (cd98397c)]&amp#27;[39m Responding to client with driver.getSession() result: {"platform":"LINUX","webStorageEnabled":false,"takesScreenshot":true,"javascriptEnabled":true,"databaseEnabled":false,"networkConnectionEnabled":true,"locationContextEnabled":false,"warnings":{},"desired":{"platformName":"android","app":"C:\\Users\\Anis\\eclipse-workspace\\Appium\\src\\ApiDemos-debug.apk","deviceName":"Redmi","newCommandTimeout":14},"platformName":"android","app":"C:\\Users\\Anis\\eclipse-workspace\\Appium\\src\\ApiDemos-debug.apk","deviceName":"55272e729804","newCommandTimeout":14,"deviceUDID":"55272e729804","appPackage":"io.appium.android.apis","deviceApiLevel":24,"platformVersion":"7.0","deviceScreenSize":"1080x1920","deviceScreenDensity":480,"deviceModel":"Redmi Note 4","deviceManufacturer":"Xiaomi","pixelRatio":3,"statBarHeight":72,"viewportRect":{"left":0,"top":72,"width":1080,"height":1848},"lastScrollData":null}
&amp#27;[35m[HTTP]&amp#27;[39m &amp#27;[37m<-- GET /wd/hub/session/cd98397c-9398-4a86-9a73-688adb2a4c5c &amp#27;[39m&amp#27;[32m200&amp#27;[39m &amp#27;[90m9 ms - 858&amp#27;[39m
&amp#27;[35m[HTTP]&amp#27;[39m &amp#27;[90m&amp#27;[39m
&amp#27;[35m[HTTP]&amp#27;[39m &amp#27;[37m-->&amp#27;[39m &amp#27;[37mPOST&amp#27;[39m &amp#27;[37m/wd/hub/session/cd98397c-9398-4a86-9a73-688adb2a4c5c/element&amp#27;[39m
&amp#27;[35m[HTTP]&amp#27;[39m &amp#27;[90m{"using":"xpath","value":"//android.widget.TextView[@content-desc=\"Views\"]"}&amp#27;[39m
[debug] &amp#27;[35m[W3C (cd98397c)]&amp#27;[39m Calling AppiumDriver.findElement() with args: ["xpath","//android.widget.TextView[@content-desc=\"Views\"]","cd98397c-9398-4a86-9a73-688adb2a4c5c"]
[debug] &amp#27;[35m[BaseDriver]&amp#27;[39m Valid locator strategies for this request: xpath, id, class name, accessibility id, css selector, -android uiautomator
[debug] &amp#27;[35m[BaseDriver]&amp#27;[39m Waiting up to 0 ms for condition
[debug] &amp#27;[35m[WD Proxy]&amp#27;[39m Matched '/element' to command name 'findElement'
[debug] &amp#27;[35m[WD Proxy]&amp#27;[39m Proxying [POST /element] to [POST http://127.0.0.1:8215/wd/hub/session/18c72223-96ff-456f-a013-759294f76d4e/element] with body: {"strategy":"xpath","selector":"//android.widget.TextView[@content-desc=\"Views\"]","context":"","multiple":false}
[debug] &amp#27;[35m[WD Proxy]&amp#27;[39m Got response with status 200: {"sessionId":"18c72223-96ff-456f-a013-759294f76d4e","value":{"ELEMENT":"1b3b47e6-9dca-4e78-994d-7369ab5a31a1","element-6066-11e4-a52e-4f735466cecf":"1b3b47e6-9dca-4e78-994d-7369ab5a31a1"}}
[debug] &amp#27;[35m[W3C (cd98397c)]&amp#27;[39m Responding to client with driver.findElement() result: {"element-6066-11e4-a52e-4f735466cecf":"1b3b47e6-9dca-4e78-994d-7369ab5a31a1","ELEMENT":"1b3b47e6-9dca-4e78-994d-7369ab5a31a1"}
&amp#27;[35m[HTTP]&amp#27;[39m &amp#27;[37m<-- POST /wd/hub/session/cd98397c-9398-4a86-9a73-688adb2a4c5c/element &amp#27;[39m&amp#27;[32m200&amp#27;[39m &amp#27;[90m243 ms - 137&amp#27;[39m
&amp#27;[35m[HTTP]&amp#27;[39m &amp#27;[90m&amp#27;[39m
&amp#27;[35m[HTTP]&amp#27;[39m &amp#27;[37m-->&amp#27;[39m &amp#27;[37mGET&amp#27;[39m &amp#27;[37m/wd/hub/session/cd98397c-9398-4a86-9a73-688adb2a4c5c/element/1b3b47e6-9dca-4e78-994d-7369ab5a31a1/displayed&amp#27;[39m
&amp#27;[35m[HTTP]&amp#27;[39m &amp#27;[90m{}&amp#27;[39m
[debug] &amp#27;[35m[W3C (cd98397c)]&amp#27;[39m Calling AppiumDriver.elementDisplayed() with args: ["1b3b47e6-9dca-4e78-994d-7369ab5a31a1","cd98397c-9398-4a86-9a73-688adb2a4c5c"]
[debug] &amp#27;[35m[WD Proxy]&amp#27;[39m Matched '/element/1b3b47e6-9dca-4e78-994d-7369ab5a31a1/attribute/displayed' to command name 'getAttribute'
[debug] &amp#27;[35m[WD Proxy]&amp#27;[39m Proxying [GET /element/1b3b47e6-9dca-4e78-994d-7369ab5a31a1/attribute/displayed] to [GET http://127.0.0.1:8215/wd/hub/session/18c72223-96ff-456f-a013-759294f76d4e/element/1b3b47e6-9dca-4e78-994d-7369ab5a31a1/attribute/displayed] with no body
[debug] &amp#27;[35m[WD Proxy]&amp#27;[39m Got response with status 200: {"sessionId":"18c72223-96ff-456f-a013-759294f76d4e","value":"true"}
[debug] &amp#27;[35m[W3C (cd98397c)]&amp#27;[39m Responding to client with driver.elementDisplayed() result: true
&amp#27;[35m[HTTP]&amp#27;[39m &amp#27;[37m<-- GET /wd/hub/session/cd98397c-9398-4a86-9a73-688adb2a4c5c/element/1b3b47e6-9dca-4e78-994d-7369ab5a31a1/displayed &amp#27;[39m&amp#27;[32m200&amp#27;[39m &amp#27;[90m49 ms - 14&amp#27;[39m
&amp#27;[35m[HTTP]&amp#27;[39m &amp#27;[90m&amp#27;[39m
&amp#27;[35m[HTTP]&amp#27;[39m &amp#27;[37m-->&amp#27;[39m &amp#27;[37mPOST&amp#27;[39m &amp#27;[37m/wd/hub/session/cd98397c-9398-4a86-9a73-688adb2a4c5c/timeouts&amp#27;[39m
&amp#27;[35m[HTTP]&amp#27;[39m &amp#27;[90m{"implicit":10000}&amp#27;[39m
[debug] &amp#27;[35m[W3C (cd98397c)]&amp#27;[39m Calling AppiumDriver.timeouts() with args: [null,null,null,null,10000,"cd98397c-9398-4a86-9a73-688adb2a4c5c"]
[debug] &amp#27;[35m[BaseDriver]&amp#27;[39m W3C timeout argument: {"implicit":10000}}
[debug] &amp#27;[35m[BaseDriver]&amp#27;[39m Set implicit wait to 10000ms
[debug] &amp#27;[35m[W3C (cd98397c)]&amp#27;[39m Responding to client with driver.timeouts() result: null
&amp#27;[35m[HTTP]&amp#27;[39m &amp#27;[37m<-- POST /wd/hub/session/cd98397c-9398-4a86-9a73-688adb2a4c5c/timeouts &amp#27;[39m&amp#27;[32m200&amp#27;[39m &amp#27;[90m2 ms - 14&amp#27;[39m
&amp#27;[35m[HTTP]&amp#27;[39m &amp#27;[90m&amp#27;[39m
[INFO ] 2021-06-18 15:57:14.288 [main] HomePage - Clicks The Views
[INFO ] 2021-06-18 15:57:14.289 [main] ExplicitWait - Waiting for element to be clickable: Located by By.chained({By.xpath: //android.widget.TextView[@content-desc="Views"]})
&amp#27;[35m[HTTP]&amp#27;[39m &amp#27;[37m-->&amp#27;[39m &amp#27;[37mPOST&amp#27;[39m &amp#27;[37m/wd/hub/session/cd98397c-9398-4a86-9a73-688adb2a4c5c/timeouts&amp#27;[39m
&amp#27;[35m[HTTP]&amp#27;[39m &amp#27;[90m{"implicit":0}&amp#27;[39m
[debug] &amp#27;[35m[W3C (cd98397c)]&amp#27;[39m Calling AppiumDriver.timeouts() with args: [null,null,null,null,0,"cd98397c-9398-4a86-9a73-688adb2a4c5c"]
[debug] &amp#27;[35m[BaseDriver]&amp#27;[39m W3C timeout argument: {"implicit":0}}
[debug] &amp#27;[35m[BaseDriver]&amp#27;[39m Set implicit wait to 0ms
[debug] &amp#27;[35m[W3C (cd98397c)]&amp#27;[39m Responding to client with driver.timeouts() result: null
&amp#27;[35m[HTTP]&amp#27;[39m &amp#27;[37m<-- POST /wd/hub/session/cd98397c-9398-4a86-9a73-688adb2a4c5c/timeouts &amp#27;[39m&amp#27;[32m200&amp#27;[39m &amp#27;[90m3 ms - 14&amp#27;[39m
&amp#27;[35m[HTTP]&amp#27;[39m &amp#27;[90m&amp#27;[39m
&amp#27;[35m[HTTP]&amp#27;[39m &amp#27;[37m-->&amp#27;[39m &amp#27;[37mGET&amp#27;[39m &amp#27;[37m/wd/hub/session/cd98397c-9398-4a86-9a73-688adb2a4c5c&amp#27;[39m
&amp#27;[35m[HTTP]&amp#27;[39m &amp#27;[90m{}&amp#27;[39m
[debug] &amp#27;[35m[W3C (cd98397c)]&amp#27;[39m Calling AppiumDriver.getSession() with args: ["cd98397c-9398-4a86-9a73-688adb2a4c5c"]
[debug] &amp#27;[35m[UiAutomator2]&amp#27;[39m Getting session details from server to mix in
[debug] &amp#27;[35m[WD Proxy]&amp#27;[39m Matched '/' to command name 'getSession'
[debug] &amp#27;[35m[WD Proxy]&amp#27;[39m Proxying [GET /] to [GET http://127.0.0.1:8215/wd/hub/session/18c72223-96ff-456f-a013-759294f76d4e] with no body
[debug] &amp#27;[35m[WD Proxy]&amp#27;[39m Got response with status 200: {"sessionId":"18c72223-96ff-456f-a013-759294f76d4e","value":{"lastScrollData":null}}
[debug] &amp#27;[35m[W3C (cd98397c)]&amp#27;[39m Responding to client with driver.getSession() result: {"platform":"LINUX","webStorageEnabled":false,"takesScreenshot":true,"javascriptEnabled":true,"databaseEnabled":false,"networkConnectionEnabled":true,"locationContextEnabled":false,"warnings":{},"desired":{"platformName":"android","app":"C:\\Users\\Anis\\eclipse-workspace\\Appium\\src\\ApiDemos-debug.apk","deviceName":"Redmi","newCommandTimeout":14},"platformName":"android","app":"C:\\Users\\Anis\\eclipse-workspace\\Appium\\src\\ApiDemos-debug.apk","deviceName":"55272e729804","newCommandTimeout":14,"deviceUDID":"55272e729804","appPackage":"io.appium.android.apis","deviceApiLevel":24,"platformVersion":"7.0","deviceScreenSize":"1080x1920","deviceScreenDensity":480,"deviceModel":"Redmi Note 4","deviceManufacturer":"Xiaomi","pixelRatio":3,"statBarHeight":72,"viewportRect":{"left":0,"top":72,"width":1080,"height":1848},"lastScrollData":null}
&amp#27;[35m[HTTP]&amp#27;[39m &amp#27;[37m<-- GET /wd/hub/session/cd98397c-9398-4a86-9a73-688adb2a4c5c &amp#27;[39m&amp#27;[32m200&amp#27;[39m &amp#27;[90m11 ms - 858&amp#27;[39m
&amp#27;[35m[HTTP]&amp#27;[39m &amp#27;[90m&amp#27;[39m
&amp#27;[35m[HTTP]&amp#27;[39m &amp#27;[37m-->&amp#27;[39m &amp#27;[37mPOST&amp#27;[39m &amp#27;[37m/wd/hub/session/cd98397c-9398-4a86-9a73-688adb2a4c5c/element&amp#27;[39m
&amp#27;[35m[HTTP]&amp#27;[39m &amp#27;[90m{"using":"xpath","value":"//android.widget.TextView[@content-desc=\"Views\"]"}&amp#27;[39m
[debug] &amp#27;[35m[W3C (cd98397c)]&amp#27;[39m Calling AppiumDriver.findElement() with args: ["xpath","//android.widget.TextView[@content-desc=\"Views\"]","cd98397c-9398-4a86-9a73-688adb2a4c5c"]
[debug] &amp#27;[35m[BaseDriver]&amp#27;[39m Valid locator strategies for this request: xpath, id, class name, accessibility id, css selector, -android uiautomator
[debug] &amp#27;[35m[BaseDriver]&amp#27;[39m Waiting up to 0 ms for condition
[debug] &amp#27;[35m[WD Proxy]&amp#27;[39m Matched '/element' to command name 'findElement'
[debug] &amp#27;[35m[WD Proxy]&amp#27;[39m Proxying [POST /element] to [POST http://127.0.0.1:8215/wd/hub/session/18c72223-96ff-456f-a013-759294f76d4e/element] with body: {"strategy":"xpath","selector":"//android.widget.TextView[@content-desc=\"Views\"]","context":"","multiple":false}
[debug] &amp#27;[35m[WD Proxy]&amp#27;[39m Got response with status 200: {"sessionId":"18c72223-96ff-456f-a013-759294f76d4e","value":{"ELEMENT":"9dbd98d2-e915-4b19-be66-3cadcc8b746c","element-6066-11e4-a52e-4f735466cecf":"9dbd98d2-e915-4b19-be66-3cadcc8b746c"}}
[debug] &amp#27;[35m[W3C (cd98397c)]&amp#27;[39m Responding to client with driver.findElement() result: {"element-6066-11e4-a52e-4f735466cecf":"9dbd98d2-e915-4b19-be66-3cadcc8b746c","ELEMENT":"9dbd98d2-e915-4b19-be66-3cadcc8b746c"}
&amp#27;[35m[HTTP]&amp#27;[39m &amp#27;[37m<-- POST /wd/hub/session/cd98397c-9398-4a86-9a73-688adb2a4c5c/element &amp#27;[39m&amp#27;[32m200&amp#27;[39m &amp#27;[90m44 ms - 137&amp#27;[39m
&amp#27;[35m[HTTP]&amp#27;[39m &amp#27;[90m&amp#27;[39m
&amp#27;[35m[HTTP]&amp#27;[39m &amp#27;[37m-->&amp#27;[39m &amp#27;[37mGET&amp#27;[39m &amp#27;[37m/wd/hub/session/cd98397c-9398-4a86-9a73-688adb2a4c5c/element/9dbd98d2-e915-4b19-be66-3cadcc8b746c/displayed&amp#27;[39m
&amp#27;[35m[HTTP]&amp#27;[39m &amp#27;[90m{}&amp#27;[39m
[debug] &amp#27;[35m[W3C (cd98397c)]&amp#27;[39m Calling AppiumDriver.elementDisplayed() with args: ["9dbd98d2-e915-4b19-be66-3cadcc8b746c","cd98397c-9398-4a86-9a73-688adb2a4c5c"]
[debug] &amp#27;[35m[WD Proxy]&amp#27;[39m Matched '/element/9dbd98d2-e915-4b19-be66-3cadcc8b746c/attribute/displayed' to command name 'getAttribute'
[debug] &amp#27;[35m[WD Proxy]&amp#27;[39m Proxying [GET /element/9dbd98d2-e915-4b19-be66-3cadcc8b746c/attribute/displayed] to [GET http://127.0.0.1:8215/wd/hub/session/18c72223-96ff-456f-a013-759294f76d4e/element/9dbd98d2-e915-4b19-be66-3cadcc8b746c/attribute/displayed] with no body
[debug] &amp#27;[35m[WD Proxy]&amp#27;[39m Got response with status 200: {"sessionId":"18c72223-96ff-456f-a013-759294f76d4e","value":"true"}
[debug] &amp#27;[35m[W3C (cd98397c)]&amp#27;[39m Responding to client with driver.elementDisplayed() result: true
&amp#27;[35m[HTTP]&amp#27;[39m &amp#27;[37m<-- GET /wd/hub/session/cd98397c-9398-4a86-9a73-688adb2a4c5c/element/9dbd98d2-e915-4b19-be66-3cadcc8b746c/displayed &amp#27;[39m&amp#27;[32m200&amp#27;[39m &amp#27;[90m18 ms - 14&amp#27;[39m
&amp#27;[35m[HTTP]&amp#27;[39m &amp#27;[90m&amp#27;[39m
&amp#27;[35m[HTTP]&amp#27;[39m &amp#27;[37m-->&amp#27;[39m &amp#27;[37mGET&amp#27;[39m &amp#27;[37m/wd/hub/session/cd98397c-9398-4a86-9a73-688adb2a4c5c&amp#27;[39m
&amp#27;[35m[HTTP]&amp#27;[39m &amp#27;[90m{}&amp#27;[39m
[debug] &amp#27;[35m[W3C (cd98397c)]&amp#27;[39m Calling AppiumDriver.getSession() with args: ["cd98397c-9398-4a86-9a73-688adb2a4c5c"]
[debug] &amp#27;[35m[UiAutomator2]&amp#27;[39m Getting session details from server to mix in
[debug] &amp#27;[35m[WD Proxy]&amp#27;[39m Matched '/' to command name 'getSession'
[debug] &amp#27;[35m[WD Proxy]&amp#27;[39m Proxying [GET /] to [GET http://127.0.0.1:8215/wd/hub/session/18c72223-96ff-456f-a013-759294f76d4e] with no body
[debug] &amp#27;[35m[WD Proxy]&amp#27;[39m Got response with status 200: {"sessionId":"18c72223-96ff-456f-a013-759294f76d4e","value":{"lastScrollData":null}}
[debug] &amp#27;[35m[W3C (cd98397c)]&amp#27;[39m Responding to client with driver.getSession() result: {"platform":"LINUX","webStorageEnabled":false,"takesScreenshot":true,"javascriptEnabled":true,"databaseEnabled":false,"networkConnectionEnabled":true,"locationContextEnabled":false,"warnings":{},"desired":{"platformName":"android","app":"C:\\Users\\Anis\\eclipse-workspace\\Appium\\src\\ApiDemos-debug.apk","deviceName":"Redmi","newCommandTimeout":14},"platformName":"android","app":"C:\\Users\\Anis\\eclipse-workspace\\Appium\\src\\ApiDemos-debug.apk","deviceName":"55272e729804","newCommandTimeout":14,"deviceUDID":"55272e729804","appPackage":"io.appium.android.apis","deviceApiLevel":24,"platformVersion":"7.0","deviceScreenSize":"1080x1920","deviceScreenDensity":480,"deviceModel":"Redmi Note 4","deviceManufacturer":"Xiaomi","pixelRatio":3,"statBarHeight":72,"viewportRect":{"left":0,"top":72,"width":1080,"height":1848},"lastScrollData":null}
&amp#27;[35m[HTTP]&amp#27;[39m &amp#27;[37m<-- GET /wd/hub/session/cd98397c-9398-4a86-9a73-688adb2a4c5c &amp#27;[39m&amp#27;[32m200&amp#27;[39m &amp#27;[90m10 ms - 858&amp#27;[39m
&amp#27;[35m[HTTP]&amp#27;[39m &amp#27;[90m&amp#27;[39m
&amp#27;[35m[HTTP]&amp#27;[39m &amp#27;[37m-->&amp#27;[39m &amp#27;[37mPOST&amp#27;[39m &amp#27;[37m/wd/hub/session/cd98397c-9398-4a86-9a73-688adb2a4c5c/element&amp#27;[39m
&amp#27;[35m[HTTP]&amp#27;[39m &amp#27;[90m{"using":"xpath","value":"//android.widget.TextView[@content-desc=\"Views\"]"}&amp#27;[39m
[debug] &amp#27;[35m[W3C (cd98397c)]&amp#27;[39m Calling AppiumDriver.findElement() with args: ["xpath","//android.widget.TextView[@content-desc=\"Views\"]","cd98397c-9398-4a86-9a73-688adb2a4c5c"]
[debug] &amp#27;[35m[BaseDriver]&amp#27;[39m Valid locator strategies for this request: xpath, id, class name, accessibility id, css selector, -android uiautomator
[debug] &amp#27;[35m[BaseDriver]&amp#27;[39m Waiting up to 0 ms for condition
[debug] &amp#27;[35m[WD Proxy]&amp#27;[39m Matched '/element' to command name 'findElement'
[debug] &amp#27;[35m[WD Proxy]&amp#27;[39m Proxying [POST /element] to [POST http://127.0.0.1:8215/wd/hub/session/18c72223-96ff-456f-a013-759294f76d4e/element] with body: {"strategy":"xpath","selector":"//android.widget.TextView[@content-desc=\"Views\"]","context":"","multiple":false}
[debug] &amp#27;[35m[WD Proxy]&amp#27;[39m Got response with status 200: {"sessionId":"18c72223-96ff-456f-a013-759294f76d4e","value":{"ELEMENT":"575b82f9-fbfb-4797-9fa5-710140b7df7d","element-6066-11e4-a52e-4f735466cecf":"575b82f9-fbfb-4797-9fa5-710140b7df7d"}}
[debug] &amp#27;[35m[W3C (cd98397c)]&amp#27;[39m Responding to client with driver.findElement() result: {"element-6066-11e4-a52e-4f735466cecf":"575b82f9-fbfb-4797-9fa5-710140b7df7d","ELEMENT":"575b82f9-fbfb-4797-9fa5-710140b7df7d"}
&amp#27;[35m[HTTP]&amp#27;[39m &amp#27;[37m<-- POST /wd/hub/session/cd98397c-9398-4a86-9a73-688adb2a4c5c/element &amp#27;[39m&amp#27;[32m200&amp#27;[39m &amp#27;[90m45 ms - 137&amp#27;[39m
&amp#27;[35m[HTTP]&amp#27;[39m &amp#27;[90m&amp#27;[39m
&amp#27;[35m[HTTP]&amp#27;[39m &amp#27;[37m-->&amp#27;[39m &amp#27;[37mGET&amp#27;[39m &amp#27;[37m/wd/hub/session/cd98397c-9398-4a86-9a73-688adb2a4c5c/element/575b82f9-fbfb-4797-9fa5-710140b7df7d/enabled&amp#27;[39m
&amp#27;[35m[HTTP]&amp#27;[39m &amp#27;[90m{}&amp#27;[39m
[debug] &amp#27;[35m[W3C (cd98397c)]&amp#27;[39m Calling AppiumDriver.elementEnabled() with args: ["575b82f9-fbfb-4797-9fa5-710140b7df7d","cd98397c-9398-4a86-9a73-688adb2a4c5c"]
[debug] &amp#27;[35m[WD Proxy]&amp#27;[39m Matched '/element/575b82f9-fbfb-4797-9fa5-710140b7df7d/attribute/enabled' to command name 'getAttribute'
[debug] &amp#27;[35m[WD Proxy]&amp#27;[39m Proxying [GET /element/575b82f9-fbfb-4797-9fa5-710140b7df7d/attribute/enabled] to [GET http://127.0.0.1:8215/wd/hub/session/18c72223-96ff-456f-a013-759294f76d4e/element/575b82f9-fbfb-4797-9fa5-710140b7df7d/attribute/enabled] with no body
[debug] &amp#27;[35m[WD Proxy]&amp#27;[39m Got response with status 200: {"sessionId":"18c72223-96ff-456f-a013-759294f76d4e","value":"true"}
[debug] &amp#27;[35m[W3C (cd98397c)]&amp#27;[39m Responding to client with driver.elementEnabled() result: true
&amp#27;[35m[HTTP]&amp#27;[39m &amp#27;[37m<-- GET /wd/hub/session/cd98397c-9398-4a86-9a73-688adb2a4c5c/element/575b82f9-fbfb-4797-9fa5-710140b7df7d/enabled &amp#27;[39m&amp#27;[32m200&amp#27;[39m &amp#27;[90m14 ms - 14&amp#27;[39m
&amp#27;[35m[HTTP]&amp#27;[39m &amp#27;[90m&amp#27;[39m
&amp#27;[35m[HTTP]&amp#27;[39m &amp#27;[37m-->&amp#27;[39m &amp#27;[37mPOST&amp#27;[39m &amp#27;[37m/wd/hub/session/cd98397c-9398-4a86-9a73-688adb2a4c5c/timeouts&amp#27;[39m
&amp#27;[35m[HTTP]&amp#27;[39m &amp#27;[90m{"implicit":10000}&amp#27;[39m
[debug] &amp#27;[35m[W3C (cd98397c)]&amp#27;[39m Calling AppiumDriver.timeouts() with args: [null,null,null,null,10000,"cd98397c-9398-4a86-9a73-688adb2a4c5c"]
[debug] &amp#27;[35m[BaseDriver]&amp#27;[39m W3C timeout argument: {"implicit":10000}}
[debug] &amp#27;[35m[BaseDriver]&amp#27;[39m Set implicit wait to 10000ms
[debug] &amp#27;[35m[W3C (cd98397c)]&amp#27;[39m Responding to client with driver.timeouts() result: null
&amp#27;[35m[HTTP]&amp#27;[39m &amp#27;[37m<-- POST /wd/hub/session/cd98397c-9398-4a86-9a73-688adb2a4c5c/timeouts &amp#27;[39m&amp#27;[32m200&amp#27;[39m &amp#27;[90m3 ms - 14&amp#27;[39m
&amp#27;[35m[HTTP]&amp#27;[39m &amp#27;[90m&amp#27;[39m
&amp#27;[35m[HTTP]&amp#27;[39m &amp#27;[37m-->&amp#27;[39m &amp#27;[37mGET&amp#27;[39m &amp#27;[37m/wd/hub/session/cd98397c-9398-4a86-9a73-688adb2a4c5c&amp#27;[39m
&amp#27;[35m[HTTP]&amp#27;[39m &amp#27;[90m{}&amp#27;[39m
[debug] &amp#27;[35m[W3C (cd98397c)]&amp#27;[39m Calling AppiumDriver.getSession() with args: ["cd98397c-9398-4a86-9a73-688adb2a4c5c"]
[debug] &amp#27;[35m[UiAutomator2]&amp#27;[39m Getting session details from server to mix in
[debug] &amp#27;[35m[WD Proxy]&amp#27;[39m Matched '/' to command name 'getSession'
[debug] &amp#27;[35m[WD Proxy]&amp#27;[39m Proxying [GET /] to [GET http://127.0.0.1:8215/wd/hub/session/18c72223-96ff-456f-a013-759294f76d4e] with no body
[debug] &amp#27;[35m[WD Proxy]&amp#27;[39m Got response with status 200: {"sessionId":"18c72223-96ff-456f-a013-759294f76d4e","value":{"lastScrollData":null}}
[debug] &amp#27;[35m[W3C (cd98397c)]&amp#27;[39m Responding to client with driver.getSession() result: {"platform":"LINUX","webStorageEnabled":false,"takesScreenshot":true,"javascriptEnabled":true,"databaseEnabled":false,"networkConnectionEnabled":true,"locationContextEnabled":false,"warnings":{},"desired":{"platformName":"android","app":"C:\\Users\\Anis\\eclipse-workspace\\Appium\\src\\ApiDemos-debug.apk","deviceName":"Redmi","newCommandTimeout":14},"platformName":"android","app":"C:\\Users\\Anis\\eclipse-workspace\\Appium\\src\\ApiDemos-debug.apk","deviceName":"55272e729804","newCommandTimeout":14,"deviceUDID":"55272e729804","appPackage":"io.appium.android.apis","deviceApiLevel":24,"platformVersion":"7.0","deviceScreenSize":"1080x1920","deviceScreenDensity":480,"deviceModel":"Redmi Note 4","deviceManufacturer":"Xiaomi","pixelRatio":3,"statBarHeight":72,"viewportRect":{"left":0,"top":72,"width":1080,"height":1848},"lastScrollData":null}
&amp#27;[35m[HTTP]&amp#27;[39m &amp#27;[37m<-- GET /wd/hub/session/cd98397c-9398-4a86-9a73-688adb2a4c5c &amp#27;[39m&amp#27;[32m200&amp#27;[39m &amp#27;[90m9 ms - 858&amp#27;[39m
&amp#27;[35m[HTTP]&amp#27;[39m &amp#27;[90m&amp#27;[39m
&amp#27;[35m[HTTP]&amp#27;[39m &amp#27;[37m-->&amp#27;[39m &amp#27;[37mPOST&amp#27;[39m &amp#27;[37m/wd/hub/session/cd98397c-9398-4a86-9a73-688adb2a4c5c/element&amp#27;[39m
&amp#27;[35m[HTTP]&amp#27;[39m &amp#27;[90m{"using":"xpath","value":"//android.widget.TextView[@content-desc=\"Views\"]"}&amp#27;[39m
[debug] &amp#27;[35m[W3C (cd98397c)]&amp#27;[39m Calling AppiumDriver.findElement() with args: ["xpath","//android.widget.TextView[@content-desc=\"Views\"]","cd98397c-9398-4a86-9a73-688adb2a4c5c"]
[debug] &amp#27;[35m[BaseDriver]&amp#27;[39m Valid locator strategies for this request: xpath, id, class name, accessibility id, css selector, -android uiautomator
[debug] &amp#27;[35m[BaseDriver]&amp#27;[39m Waiting up to 10000 ms for condition
[debug] &amp#27;[35m[WD Proxy]&amp#27;[39m Matched '/element' to command name 'findElement'
[debug] &amp#27;[35m[WD Proxy]&amp#27;[39m Proxying [POST /element] to [POST http://127.0.0.1:8215/wd/hub/session/18c72223-96ff-456f-a013-759294f76d4e/element] with body: {"strategy":"xpath","selector":"//android.widget.TextView[@content-desc=\"Views\"]","context":"","multiple":false}
[debug] &amp#27;[35m[WD Proxy]&amp#27;[39m Got response with status 200: {"sessionId":"18c72223-96ff-456f-a013-759294f76d4e","value":{"ELEMENT":"658ae424-9cee-4e78-b454-79bab5a648ca","element-6066-11e4-a52e-4f735466cecf":"658ae424-9cee-4e78-b454-79bab5a648ca"}}
[debug] &amp#27;[35m[W3C (cd98397c)]&amp#27;[39m Responding to client with driver.findElement() result: {"element-6066-11e4-a52e-4f735466cecf":"658ae424-9cee-4e78-b454-79bab5a648ca","ELEMENT":"658ae424-9cee-4e78-b454-79bab5a648ca"}
&amp#27;[35m[HTTP]&amp#27;[39m &amp#27;[37m<-- POST /wd/hub/session/cd98397c-9398-4a86-9a73-688adb2a4c5c/element &amp#27;[39m&amp#27;[32m200&amp#27;[39m &amp#27;[90m39 ms - 137&amp#27;[39m
&amp#27;[35m[HTTP]&amp#27;[39m &amp#27;[90m&amp#27;[39m
&amp#27;[35m[HTTP]&amp#27;[39m &amp#27;[37m-->&amp#27;[39m &amp#27;[37mPOST&amp#27;[39m &amp#27;[37m/wd/hub/session/cd98397c-9398-4a86-9a73-688adb2a4c5c/element/658ae424-9cee-4e78-b454-79bab5a648ca/click&amp#27;[39m
&amp#27;[35m[HTTP]&amp#27;[39m &amp#27;[90m{"id":"658ae424-9cee-4e78-b454-79bab5a648ca"}&amp#27;[39m
[debug] &amp#27;[35m[W3C (cd98397c)]&amp#27;[39m Calling AppiumDriver.click() with args: ["658ae424-9cee-4e78-b454-79bab5a648ca","cd98397c-9398-4a86-9a73-688adb2a4c5c"]
[debug] &amp#27;[35m[WD Proxy]&amp#27;[39m Matched '/element/658ae424-9cee-4e78-b454-79bab5a648ca/click' to command name 'click'
[debug] &amp#27;[35m[WD Proxy]&amp#27;[39m Proxying [POST /element/658ae424-9cee-4e78-b454-79bab5a648ca/click] to [POST http://127.0.0.1:8215/wd/hub/session/18c72223-96ff-456f-a013-759294f76d4e/element/658ae424-9cee-4e78-b454-79bab5a648ca/click] with body: {"element":"658ae424-9cee-4e78-b454-79bab5a648ca"}
[debug] &amp#27;[35m[WD Proxy]&amp#27;[39m Got response with status 200: {"sessionId":"18c72223-96ff-456f-a013-759294f76d4e","value":null}
[debug] &amp#27;[35m[W3C (cd98397c)]&amp#27;[39m Responding to client with driver.click() result: null
&amp#27;[35m[HTTP]&amp#27;[39m &amp#27;[37m<-- POST /wd/hub/session/cd98397c-9398-4a86-9a73-688adb2a4c5c/element/658ae424-9cee-4e78-b454-79bab5a648ca/click &amp#27;[39m&amp#27;[32m200&amp#27;[39m &amp#27;[90m1220 ms - 14&amp#27;[39m
&amp#27;[35m[HTTP]&amp#27;[39m &amp#27;[90m&amp#27;[39m
&amp#27;[35m[HTTP]&amp#27;[39m &amp#27;[37m-->&amp#27;[39m &amp#27;[37mGET&amp#27;[39m &amp#27;[37m/wd/hub/session/cd98397c-9398-4a86-9a73-688adb2a4c5c&amp#27;[39m
&amp#27;[35m[HTTP]&amp#27;[39m &amp#27;[90m{}&amp#27;[39m
[debug] &amp#27;[35m[W3C (cd98397c)]&amp#27;[39m Calling AppiumDriver.getSession() with args: ["cd98397c-9398-4a86-9a73-688adb2a4c5c"]
[debug] &amp#27;[35m[UiAutomator2]&amp#27;[39m Getting session details from server to mix in
[debug] &amp#27;[35m[WD Proxy]&amp#27;[39m Matched '/' to command name 'getSession'
[debug] &amp#27;[35m[WD Proxy]&amp#27;[39m Proxying [GET /] to [GET http://127.0.0.1:8215/wd/hub/session/18c72223-96ff-456f-a013-759294f76d4e] with no body
[debug] &amp#27;[35m[WD Proxy]&amp#27;[39m Got response with status 200: {"sessionId":"18c72223-96ff-456f-a013-759294f76d4e","value":{"lastScrollData":null}}
[debug] &amp#27;[35m[W3C (cd98397c)]&amp#27;[39m Responding to client with driver.getSession() result: {"platform":"LINUX","webStorageEnabled":false,"takesScreenshot":true,"javascriptEnabled":true,"databaseEnabled":false,"networkConnectionEnabled":true,"locationContextEnabled":false,"warnings":{},"desired":{"platformName":"android","app":"C:\\Users\\Anis\\eclipse-workspace\\Appium\\src\\ApiDemos-debug.apk","deviceName":"Redmi","newCommandTimeout":14},"platformName":"android","app":"C:\\Users\\Anis\\eclipse-workspace\\Appium\\src\\ApiDemos-debug.apk","deviceName":"55272e729804","newCommandTimeout":14,"deviceUDID":"55272e729804","appPackage":"io.appium.android.apis","deviceApiLevel":24,"platformVersion":"7.0","deviceScreenSize":"1080x1920","deviceScreenDensity":480,"deviceModel":"Redmi Note 4","deviceManufacturer":"Xiaomi","pixelRatio":3,"statBarHeight":72,"viewportRect":{"left":0,"top":72,"width":1080,"height":1848},"lastScrollData":null}
&amp#27;[35m[HTTP]&amp#27;[39m &amp#27;[37m<-- GET /wd/hub/session/cd98397c-9398-4a86-9a73-688adb2a4c5c &amp#27;[39m&amp#27;[32m200&amp#27;[39m &amp#27;[90m10 ms - 858&amp#27;[39m
&amp#27;[35m[HTTP]&amp#27;[39m &amp#27;[90m&amp#27;[39m
&amp#27;[35m[HTTP]&amp#27;[39m &amp#27;[37m-->&amp#27;[39m &amp#27;[37mGET&amp#27;[39m &amp#27;[37m/wd/hub/session/cd98397c-9398-4a86-9a73-688adb2a4c5c&amp#27;[39m
&amp#27;[35m[HTTP]&amp#27;[39m &amp#27;[90m{}&amp#27;[39m
[debug] &amp#27;[35m[W3C (cd98397c)]&amp#27;[39m Calling AppiumDriver.getSession() with args: ["cd98397c-9398-4a86-9a73-688adb2a4c5c"]
[debug] &amp#27;[35m[UiAutomator2]&amp#27;[39m Getting session details from server to mix in
[debug] &amp#27;[35m[WD Proxy]&amp#27;[39m Matched '/' to command name 'getSession'
[debug] &amp#27;[35m[WD Proxy]&amp#27;[39m Proxying [GET /] to [GET http://127.0.0.1:8215/wd/hub/session/18c72223-96ff-456f-a013-759294f76d4e] with no body
[debug] &amp#27;[35m[WD Proxy]&amp#27;[39m Got response with status 200: {"sessionId":"18c72223-96ff-456f-a013-759294f76d4e","value":{"lastScrollData":null}}
[debug] &amp#27;[35m[W3C (cd98397c)]&amp#27;[39m Responding to client with driver.getSession() result: {"platform":"LINUX","webStorageEnabled":false,"takesScreenshot":true,"javascriptEnabled":true,"databaseEnabled":false,"networkConnectionEnabled":true,"locationContextEnabled":false,"warnings":{},"desired":{"platformName":"android","app":"C:\\Users\\Anis\\eclipse-workspace\\Appium\\src\\ApiDemos-debug.apk","deviceName":"Redmi","newCommandTimeout":14},"platformName":"android","app":"C:\\Users\\Anis\\eclipse-workspace\\Appium\\src\\ApiDemos-debug.apk","deviceName":"55272e729804","newCommandTimeout":14,"deviceUDID":"55272e729804","appPackage":"io.appium.android.apis","deviceApiLevel":24,"platformVersion":"7.0","deviceScreenSize":"1080x1920","deviceScreenDensity":480,"deviceModel":"Redmi Note 4","deviceManufacturer":"Xiaomi","pixelRatio":3,"statBarHeight":72,"viewportRect":{"left":0,"top":72,"width":1080,"height":1848},"lastScrollData":null}
&amp#27;[35m[HTTP]&amp#27;[39m &amp#27;[37m<-- GET /wd/hub/session/cd98397c-9398-4a86-9a73-688adb2a4c5c &amp#27;[39m&amp#27;[32m200&amp#27;[39m &amp#27;[90m10 ms - 858&amp#27;[39m
&amp#27;[35m[HTTP]&amp#27;[39m &amp#27;[90m&amp#27;[39m
[INFO ] 2021-06-18 15:57:15.843 [main] ExplicitWait - Waiting for element to be visible: Located by By.chained({By.xpath: //android.widget.TextView[@content-desc="Date Widgets"]})
[INFO ] 2021-06-18 15:57:15.844 [main] ExplicitWait - Waiting for element to be visible: Located by By.chained({By.xpath: //android.widget.TextView[@content-desc="Date Widgets"]})
&amp#27;[35m[HTTP]&amp#27;[39m &amp#27;[37m-->&amp#27;[39m &amp#27;[37mPOST&amp#27;[39m &amp#27;[37m/wd/hub/session/cd98397c-9398-4a86-9a73-688adb2a4c5c/timeouts&amp#27;[39m
&amp#27;[35m[HTTP]&amp#27;[39m &amp#27;[90m{"implicit":0}&amp#27;[39m
[debug] &amp#27;[35m[W3C (cd98397c)]&amp#27;[39m Calling AppiumDriver.timeouts() with args: [null,null,null,null,0,"cd98397c-9398-4a86-9a73-688adb2a4c5c"]
[debug] &amp#27;[35m[BaseDriver]&amp#27;[39m W3C timeout argument: {"implicit":0}}
[debug] &amp#27;[35m[BaseDriver]&amp#27;[39m Set implicit wait to 0ms
[debug] &amp#27;[35m[W3C (cd98397c)]&amp#27;[39m Responding to client with driver.timeouts() result: null
&amp#27;[35m[HTTP]&amp#27;[39m &amp#27;[37m<-- POST /wd/hub/session/cd98397c-9398-4a86-9a73-688adb2a4c5c/timeouts &amp#27;[39m&amp#27;[32m200&amp#27;[39m &amp#27;[90m3 ms - 14&amp#27;[39m
&amp#27;[35m[HTTP]&amp#27;[39m &amp#27;[90m&amp#27;[39m
&amp#27;[35m[HTTP]&amp#27;[39m &amp#27;[37m-->&amp#27;[39m &amp#27;[37mGET&amp#27;[39m &amp#27;[37m/wd/hub/session/cd98397c-9398-4a86-9a73-688adb2a4c5c&amp#27;[39m
&amp#27;[35m[HTTP]&amp#27;[39m &amp#27;[90m{}&amp#27;[39m
[debug] &amp#27;[35m[W3C (cd98397c)]&amp#27;[39m Calling AppiumDriver.getSession() with args: ["cd98397c-9398-4a86-9a73-688adb2a4c5c"]
[debug] &amp#27;[35m[UiAutomator2]&amp#27;[39m Getting session details from server to mix in
[debug] &amp#27;[35m[WD Proxy]&amp#27;[39m Matched '/' to command name 'getSession'
[debug] &amp#27;[35m[WD Proxy]&amp#27;[39m Proxying [GET /] to [GET http://127.0.0.1:8215/wd/hub/session/18c72223-96ff-456f-a013-759294f76d4e] with no body
[debug] &amp#27;[35m[WD Proxy]&amp#27;[39m Got response with status 200: {"sessionId":"18c72223-96ff-456f-a013-759294f76d4e","value":{"lastScrollData":null}}
[debug] &amp#27;[35m[W3C (cd98397c)]&amp#27;[39m Responding to client with driver.getSession() result: {"platform":"LINUX","webStorageEnabled":false,"takesScreenshot":true,"javascriptEnabled":true,"databaseEnabled":false,"networkConnectionEnabled":true,"locationContextEnabled":false,"warnings":{},"desired":{"platformName":"android","app":"C:\\Users\\Anis\\eclipse-workspace\\Appium\\src\\ApiDemos-debug.apk","deviceName":"Redmi","newCommandTimeout":14},"platformName":"android","app":"C:\\Users\\Anis\\eclipse-workspace\\Appium\\src\\ApiDemos-debug.apk","deviceName":"55272e729804","newCommandTimeout":14,"deviceUDID":"55272e729804","appPackage":"io.appium.android.apis","deviceApiLevel":24,"platformVersion":"7.0","deviceScreenSize":"1080x1920","deviceScreenDensity":480,"deviceModel":"Redmi Note 4","deviceManufacturer":"Xiaomi","pixelRatio":3,"statBarHeight":72,"viewportRect":{"left":0,"top":72,"width":1080,"height":1848},"lastScrollData":null}
&amp#27;[35m[HTTP]&amp#27;[39m &amp#27;[37m<-- GET /wd/hub/session/cd98397c-9398-4a86-9a73-688adb2a4c5c &amp#27;[39m&amp#27;[32m200&amp#27;[39m &amp#27;[90m10 ms - 858&amp#27;[39m
&amp#27;[35m[HTTP]&amp#27;[39m &amp#27;[90m&amp#27;[39m
&amp#27;[35m[HTTP]&amp#27;[39m &amp#27;[37m-->&amp#27;[39m &amp#27;[37mPOST&amp#27;[39m &amp#27;[37m/wd/hub/session/cd98397c-9398-4a86-9a73-688adb2a4c5c/element&amp#27;[39m
&amp#27;[35m[HTTP]&amp#27;[39m &amp#27;[90m{"using":"xpath","value":"//android.widget.TextView[@content-desc=\"Date Widgets\"]"}&amp#27;[39m
[debug] &amp#27;[35m[W3C (cd98397c)]&amp#27;[39m Calling AppiumDriver.findElement() with args: ["xpath","//android.widget.TextView[@content-desc=\"Date Widgets\"]","cd98397c-9398-4a86-9a73-688adb2a4c5c"]
[debug] &amp#27;[35m[BaseDriver]&amp#27;[39m Valid locator strategies for this request: xpath, id, class name, accessibility id, css selector, -android uiautomator
[debug] &amp#27;[35m[BaseDriver]&amp#27;[39m Waiting up to 0 ms for condition
[debug] &amp#27;[35m[WD Proxy]&amp#27;[39m Matched '/element' to command name 'findElement'
[debug] &amp#27;[35m[WD Proxy]&amp#27;[39m Proxying [POST /element] to [POST http://127.0.0.1:8215/wd/hub/session/18c72223-96ff-456f-a013-759294f76d4e/element] with body: {"strategy":"xpath","selector":"//android.widget.TextView[@content-desc=\"Date Widgets\"]","context":"","multiple":false}
[debug] &amp#27;[35m[WD Proxy]&amp#27;[39m Got response with status 200: {"sessionId":"18c72223-96ff-456f-a013-759294f76d4e","value":{"ELEMENT":"d2876248-28b8-4f09-a97e-861d4c37c993","element-6066-11e4-a52e-4f735466cecf":"d2876248-28b8-4f09-a97e-861d4c37c993"}}
[debug] &amp#27;[35m[W3C (cd98397c)]&amp#27;[39m Responding to client with driver.findElement() result: {"element-6066-11e4-a52e-4f735466cecf":"d2876248-28b8-4f09-a97e-861d4c37c993","ELEMENT":"d2876248-28b8-4f09-a97e-861d4c37c993"}
&amp#27;[35m[HTTP]&amp#27;[39m &amp#27;[37m<-- POST /wd/hub/session/cd98397c-9398-4a86-9a73-688adb2a4c5c/element &amp#27;[39m&amp#27;[32m200&amp#27;[39m &amp#27;[90m44 ms - 137&amp#27;[39m
&amp#27;[35m[HTTP]&amp#27;[39m &amp#27;[90m&amp#27;[39m
&amp#27;[35m[HTTP]&amp#27;[39m &amp#27;[37m-->&amp#27;[39m &amp#27;[37mGET&amp#27;[39m &amp#27;[37m/wd/hub/session/cd98397c-9398-4a86-9a73-688adb2a4c5c/element/d2876248-28b8-4f09-a97e-861d4c37c993/displayed&amp#27;[39m
&amp#27;[35m[HTTP]&amp#27;[39m &amp#27;[90m{}&amp#27;[39m
[debug] &amp#27;[35m[W3C (cd98397c)]&amp#27;[39m Calling AppiumDriver.elementDisplayed() with args: ["d2876248-28b8-4f09-a97e-861d4c37c993","cd98397c-9398-4a86-9a73-688adb2a4c5c"]
[debug] &amp#27;[35m[WD Proxy]&amp#27;[39m Matched '/element/d2876248-28b8-4f09-a97e-861d4c37c993/attribute/displayed' to command name 'getAttribute'
[debug] &amp#27;[35m[WD Proxy]&amp#27;[39m Proxying [GET /element/d2876248-28b8-4f09-a97e-861d4c37c993/attribute/displayed] to [GET http://127.0.0.1:8215/wd/hub/session/18c72223-96ff-456f-a013-759294f76d4e/element/d2876248-28b8-4f09-a97e-861d4c37c993/attribute/displayed] with no body
[debug] &amp#27;[35m[WD Proxy]&amp#27;[39m Got response with status 200: {"sessionId":"18c72223-96ff-456f-a013-759294f76d4e","value":"true"}
[debug] &amp#27;[35m[W3C (cd98397c)]&amp#27;[39m Responding to client with driver.elementDisplayed() result: true
&amp#27;[35m[HTTP]&amp#27;[39m &amp#27;[37m<-- GET /wd/hub/session/cd98397c-9398-4a86-9a73-688adb2a4c5c/element/d2876248-28b8-4f09-a97e-861d4c37c993/displayed &amp#27;[39m&amp#27;[32m200&amp#27;[39m &amp#27;[90m21 ms - 14&amp#27;[39m
&amp#27;[35m[HTTP]&amp#27;[39m &amp#27;[90m&amp#27;[39m
&amp#27;[35m[HTTP]&amp#27;[39m &amp#27;[37m-->&amp#27;[39m &amp#27;[37mPOST&amp#27;[39m &amp#27;[37m/wd/hub/session/cd98397c-9398-4a86-9a73-688adb2a4c5c/timeouts&amp#27;[39m
&amp#27;[35m[HTTP]&amp#27;[39m &amp#27;[90m{"implicit":10000}&amp#27;[39m
[debug] &amp#27;[35m[W3C (cd98397c)]&amp#27;[39m Calling AppiumDriver.timeouts() with args: [null,null,null,null,10000,"cd98397c-9398-4a86-9a73-688adb2a4c5c"]
[debug] &amp#27;[35m[BaseDriver]&amp#27;[39m W3C timeout argument: {"implicit":10000}}
[debug] &amp#27;[35m[BaseDriver]&amp#27;[39m Set implicit wait to 10000ms
[debug] &amp#27;[35m[W3C (cd98397c)]&amp#27;[39m Responding to client with driver.timeouts() result: null
&amp#27;[35m[HTTP]&amp#27;[39m &amp#27;[37m<-- POST /wd/hub/session/cd98397c-9398-4a86-9a73-688adb2a4c5c/timeouts &amp#27;[39m&amp#27;[32m200&amp#27;[39m &amp#27;[90m3 ms - 14&amp#27;[39m
&amp#27;[35m[HTTP]&amp#27;[39m &amp#27;[90m&amp#27;[39m
[INFO ] 2021-06-18 15:57:15.973 [main] ViewsPage - Clicks The Date Widgets
[INFO ] 2021-06-18 15:57:15.973 [main] ExplicitWait - Waiting for element to be clickable: Located by By.chained({By.xpath: //android.widget.TextView[@content-desc="Date Widgets"]})
&amp#27;[35m[HTTP]&amp#27;[39m &amp#27;[37m-->&amp#27;[39m &amp#27;[37mPOST&amp#27;[39m &amp#27;[37m/wd/hub/session/cd98397c-9398-4a86-9a73-688adb2a4c5c/timeouts&amp#27;[39m
&amp#27;[35m[HTTP]&amp#27;[39m &amp#27;[90m{"implicit":0}&amp#27;[39m
[debug] &amp#27;[35m[W3C (cd98397c)]&amp#27;[39m Calling AppiumDriver.timeouts() with args: [null,null,null,null,0,"cd98397c-9398-4a86-9a73-688adb2a4c5c"]
[debug] &amp#27;[35m[BaseDriver]&amp#27;[39m W3C timeout argument: {"implicit":0}}
[debug] &amp#27;[35m[BaseDriver]&amp#27;[39m Set implicit wait to 0ms
[debug] &amp#27;[35m[W3C (cd98397c)]&amp#27;[39m Responding to client with driver.timeouts() result: null
&amp#27;[35m[HTTP]&amp#27;[39m &amp#27;[37m<-- POST /wd/hub/session/cd98397c-9398-4a86-9a73-688adb2a4c5c/timeouts &amp#27;[39m&amp#27;[32m200&amp#27;[39m &amp#27;[90m3 ms - 14&amp#27;[39m
&amp#27;[35m[HTTP]&amp#27;[39m &amp#27;[90m&amp#27;[39m
&amp#27;[35m[HTTP]&amp#27;[39m &amp#27;[37m-->&amp#27;[39m &amp#27;[37mGET&amp#27;[39m &amp#27;[37m/wd/hub/session/cd98397c-9398-4a86-9a73-688adb2a4c5c&amp#27;[39m
&amp#27;[35m[HTTP]&amp#27;[39m &amp#27;[90m{}&amp#27;[39m
[debug] &amp#27;[35m[W3C (cd98397c)]&amp#27;[39m Calling AppiumDriver.getSession() with args: ["cd98397c-9398-4a86-9a73-688adb2a4c5c"]
[debug] &amp#27;[35m[UiAutomator2]&amp#27;[39m Getting session details from server to mix in
[debug] &amp#27;[35m[WD Proxy]&amp#27;[39m Matched '/' to command name 'getSession'
[debug] &amp#27;[35m[WD Proxy]&amp#27;[39m Proxying [GET /] to [GET http://127.0.0.1:8215/wd/hub/session/18c72223-96ff-456f-a013-759294f76d4e] with no body
[debug] &amp#27;[35m[WD Proxy]&amp#27;[39m Got response with status 200: {"sessionId":"18c72223-96ff-456f-a013-759294f76d4e","value":{"lastScrollData":null}}
[debug] &amp#27;[35m[W3C (cd98397c)]&amp#27;[39m Responding to client with driver.getSession() result: {"platform":"LINUX","webStorageEnabled":false,"takesScreenshot":true,"javascriptEnabled":true,"databaseEnabled":false,"networkConnectionEnabled":true,"locationContextEnabled":false,"warnings":{},"desired":{"platformName":"android","app":"C:\\Users\\Anis\\eclipse-workspace\\Appium\\src\\ApiDemos-debug.apk","deviceName":"Redmi","newCommandTimeout":14},"platformName":"android","app":"C:\\Users\\Anis\\eclipse-workspace\\Appium\\src\\ApiDemos-debug.apk","deviceName":"55272e729804","newCommandTimeout":14,"deviceUDID":"55272e729804","appPackage":"io.appium.android.apis","deviceApiLevel":24,"platformVersion":"7.0","deviceScreenSize":"1080x1920","deviceScreenDensity":480,"deviceModel":"Redmi Note 4","deviceManufacturer":"Xiaomi","pixelRatio":3,"statBarHeight":72,"viewportRect":{"left":0,"top":72,"width":1080,"height":1848},"lastScrollData":null}
&amp#27;[35m[HTTP]&amp#27;[39m &amp#27;[37m<-- GET /wd/hub/session/cd98397c-9398-4a86-9a73-688adb2a4c5c &amp#27;[39m&amp#27;[32m200&amp#27;[39m &amp#27;[90m10 ms - 858&amp#27;[39m
&amp#27;[35m[HTTP]&amp#27;[39m &amp#27;[90m&amp#27;[39m
&amp#27;[35m[HTTP]&amp#27;[39m &amp#27;[37m-->&amp#27;[39m &amp#27;[37mPOST&amp#27;[39m &amp#27;[37m/wd/hub/session/cd98397c-9398-4a86-9a73-688adb2a4c5c/element&amp#27;[39m
&amp#27;[35m[HTTP]&amp#27;[39m &amp#27;[90m{"using":"xpath","value":"//android.widget.TextView[@content-desc=\"Date Widgets\"]"}&amp#27;[39m
[debug] &amp#27;[35m[W3C (cd98397c)]&amp#27;[39m Calling AppiumDriver.findElement() with args: ["xpath","//android.widget.TextView[@content-desc=\"Date Widgets\"]","cd98397c-9398-4a86-9a73-688adb2a4c5c"]
[debug] &amp#27;[35m[BaseDriver]&amp#27;[39m Valid locator strategies for this request: xpath, id, class name, accessibility id, css selector, -android uiautomator
[debug] &amp#27;[35m[BaseDriver]&amp#27;[39m Waiting up to 0 ms for condition
[debug] &amp#27;[35m[WD Proxy]&amp#27;[39m Matched '/element' to command name 'findElement'
[debug] &amp#27;[35m[WD Proxy]&amp#27;[39m Proxying [POST /element] to [POST http://127.0.0.1:8215/wd/hub/session/18c72223-96ff-456f-a013-759294f76d4e/element] with body: {"strategy":"xpath","selector":"//android.widget.TextView[@content-desc=\"Date Widgets\"]","context":"","multiple":false}
[debug] &amp#27;[35m[WD Proxy]&amp#27;[39m Got response with status 200: {"sessionId":"18c72223-96ff-456f-a013-759294f76d4e","value":{"ELEMENT":"38cc92a8-7ff3-48bb-aa9d-9e648f5a2288","element-6066-11e4-a52e-4f735466cecf":"38cc92a8-7ff3-48bb-aa9d-9e648f5a2288"}}
[debug] &amp#27;[35m[W3C (cd98397c)]&amp#27;[39m Responding to client with driver.findElement() result: {"element-6066-11e4-a52e-4f735466cecf":"38cc92a8-7ff3-48bb-aa9d-9e648f5a2288","ELEMENT":"38cc92a8-7ff3-48bb-aa9d-9e648f5a2288"}
&amp#27;[35m[HTTP]&amp#27;[39m &amp#27;[37m<-- POST /wd/hub/session/cd98397c-9398-4a86-9a73-688adb2a4c5c/element &amp#27;[39m&amp#27;[32m200&amp#27;[39m &amp#27;[90m56 ms - 137&amp#27;[39m
&amp#27;[35m[HTTP]&amp#27;[39m &amp#27;[90m&amp#27;[39m
&amp#27;[35m[HTTP]&amp#27;[39m &amp#27;[37m-->&amp#27;[39m &amp#27;[37mGET&amp#27;[39m &amp#27;[37m/wd/hub/session/cd98397c-9398-4a86-9a73-688adb2a4c5c/element/38cc92a8-7ff3-48bb-aa9d-9e648f5a2288/displayed&amp#27;[39m
&amp#27;[35m[HTTP]&amp#27;[39m &amp#27;[90m{}&amp#27;[39m
[debug] &amp#27;[35m[W3C (cd98397c)]&amp#27;[39m Calling AppiumDriver.elementDisplayed() with args: ["38cc92a8-7ff3-48bb-aa9d-9e648f5a2288","cd98397c-9398-4a86-9a73-688adb2a4c5c"]
[debug] &amp#27;[35m[WD Proxy]&amp#27;[39m Matched '/element/38cc92a8-7ff3-48bb-aa9d-9e648f5a2288/attribute/displayed' to command name 'getAttribute'
[debug] &amp#27;[35m[WD Proxy]&amp#27;[39m Proxying [GET /element/38cc92a8-7ff3-48bb-aa9d-9e648f5a2288/attribute/displayed] to [GET http://127.0.0.1:8215/wd/hub/session/18c72223-96ff-456f-a013-759294f76d4e/element/38cc92a8-7ff3-48bb-aa9d-9e648f5a2288/attribute/displayed] with no body
[debug] &amp#27;[35m[WD Proxy]&amp#27;[39m Got response with status 200: {"sessionId":"18c72223-96ff-456f-a013-759294f76d4e","value":"true"}
[debug] &amp#27;[35m[W3C (cd98397c)]&amp#27;[39m Responding to client with driver.elementDisplayed() result: true
&amp#27;[35m[HTTP]&amp#27;[39m &amp#27;[37m<-- GET /wd/hub/session/cd98397c-9398-4a86-9a73-688adb2a4c5c/element/38cc92a8-7ff3-48bb-aa9d-9e648f5a2288/displayed &amp#27;[39m&amp#27;[32m200&amp#27;[39m &amp#27;[90m484 ms - 14&amp#27;[39m
&amp#27;[35m[HTTP]&amp#27;[39m &amp#27;[90m&amp#27;[39m
&amp#27;[35m[HTTP]&amp#27;[39m &amp#27;[37m-->&amp#27;[39m &amp#27;[37mGET&amp#27;[39m &amp#27;[37m/wd/hub/session/cd98397c-9398-4a86-9a73-688adb2a4c5c&amp#27;[39m
&amp#27;[35m[HTTP]&amp#27;[39m &amp#27;[90m{}&amp#27;[39m
[debug] &amp#27;[35m[W3C (cd98397c)]&amp#27;[39m Calling AppiumDriver.getSession() with args: ["cd98397c-9398-4a86-9a73-688adb2a4c5c"]
[debug] &amp#27;[35m[UiAutomator2]&amp#27;[39m Getting session details from server to mix in
[debug] &amp#27;[35m[WD Proxy]&amp#27;[39m Matched '/' to command name 'getSession'
[debug] &amp#27;[35m[WD Proxy]&amp#27;[39m Proxying [GET /] to [GET http://127.0.0.1:8215/wd/hub/session/18c72223-96ff-456f-a013-759294f76d4e] with no body
[debug] &amp#27;[35m[WD Proxy]&amp#27;[39m Got response with status 200: {"sessionId":"18c72223-96ff-456f-a013-759294f76d4e","value":{"lastScrollData":null}}
[debug] &amp#27;[35m[W3C (cd98397c)]&amp#27;[39m Responding to client with driver.getSession() result: {"platform":"LINUX","webStorageEnabled":false,"takesScreenshot":true,"javascriptEnabled":true,"databaseEnabled":false,"networkConnectionEnabled":true,"locationContextEnabled":false,"warnings":{},"desired":{"platformName":"android","app":"C:\\Users\\Anis\\eclipse-workspace\\Appium\\src\\ApiDemos-debug.apk","deviceName":"Redmi","newCommandTimeout":14},"platformName":"android","app":"C:\\Users\\Anis\\eclipse-workspace\\Appium\\src\\ApiDemos-debug.apk","deviceName":"55272e729804","newCommandTimeout":14,"deviceUDID":"55272e729804","appPackage":"io.appium.android.apis","deviceApiLevel":24,"platformVersion":"7.0","deviceScreenSize":"1080x1920","deviceScreenDensity":480,"deviceModel":"Redmi Note 4","deviceManufacturer":"Xiaomi","pixelRatio":3,"statBarHeight":72,"viewportRect":{"left":0,"top":72,"width":1080,"height":1848},"lastScrollData":null}
&amp#27;[35m[HTTP]&amp#27;[39m &amp#27;[37m<-- GET /wd/hub/session/cd98397c-9398-4a86-9a73-688adb2a4c5c &amp#27;[39m&amp#27;[32m200&amp#27;[39m &amp#27;[90m19 ms - 858&amp#27;[39m
&amp#27;[35m[HTTP]&amp#27;[39m &amp#27;[90m&amp#27;[39m
&amp#27;[35m[HTTP]&amp#27;[39m &amp#27;[37m-->&amp#27;[39m &amp#27;[37mPOST&amp#27;[39m &amp#27;[37m/wd/hub/session/cd98397c-9398-4a86-9a73-688adb2a4c5c/element&amp#27;[39m
&amp#27;[35m[HTTP]&amp#27;[39m &amp#27;[90m{"using":"xpath","value":"//android.widget.TextView[@content-desc=\"Date Widgets\"]"}&amp#27;[39m
[debug] &amp#27;[35m[W3C (cd98397c)]&amp#27;[39m Calling AppiumDriver.findElement() with args: ["xpath","//android.widget.TextView[@content-desc=\"Date Widgets\"]","cd98397c-9398-4a86-9a73-688adb2a4c5c"]
[debug] &amp#27;[35m[BaseDriver]&amp#27;[39m Valid locator strategies for this request: xpath, id, class name, accessibility id, css selector, -android uiautomator
[debug] &amp#27;[35m[BaseDriver]&amp#27;[39m Waiting up to 0 ms for condition
[debug] &amp#27;[35m[WD Proxy]&amp#27;[39m Matched '/element' to command name 'findElement'
[debug] &amp#27;[35m[WD Proxy]&amp#27;[39m Proxying [POST /element] to [POST http://127.0.0.1:8215/wd/hub/session/18c72223-96ff-456f-a013-759294f76d4e/element] with body: {"strategy":"xpath","selector":"//android.widget.TextView[@content-desc=\"Date Widgets\"]","context":"","multiple":false}
[debug] &amp#27;[35m[WD Proxy]&amp#27;[39m Got response with status 200: {"sessionId":"18c72223-96ff-456f-a013-759294f76d4e","value":{"ELEMENT":"e4325a73-d942-437b-be5f-9d4219b10081","element-6066-11e4-a52e-4f735466cecf":"e4325a73-d942-437b-be5f-9d4219b10081"}}
[debug] &amp#27;[35m[W3C (cd98397c)]&amp#27;[39m Responding to client with driver.findElement() result: {"element-6066-11e4-a52e-4f735466cecf":"e4325a73-d942-437b-be5f-9d4219b10081","ELEMENT":"e4325a73-d942-437b-be5f-9d4219b10081"}
&amp#27;[35m[HTTP]&amp#27;[39m &amp#27;[37m<-- POST /wd/hub/session/cd98397c-9398-4a86-9a73-688adb2a4c5c/element &amp#27;[39m&amp#27;[32m200&amp#27;[39m &amp#27;[90m68 ms - 137&amp#27;[39m
&amp#27;[35m[HTTP]&amp#27;[39m &amp#27;[90m&amp#27;[39m
&amp#27;[35m[HTTP]&amp#27;[39m &amp#27;[37m-->&amp#27;[39m &amp#27;[37mGET&amp#27;[39m &amp#27;[37m/wd/hub/session/cd98397c-9398-4a86-9a73-688adb2a4c5c/element/e4325a73-d942-437b-be5f-9d4219b10081/enabled&amp#27;[39m
&amp#27;[35m[HTTP]&amp#27;[39m &amp#27;[90m{}&amp#27;[39m
[debug] &amp#27;[35m[W3C (cd98397c)]&amp#27;[39m Calling AppiumDriver.elementEnabled() with args: ["e4325a73-d942-437b-be5f-9d4219b10081","cd98397c-9398-4a86-9a73-688adb2a4c5c"]
[debug] &amp#27;[35m[WD Proxy]&amp#27;[39m Matched '/element/e4325a73-d942-437b-be5f-9d4219b10081/attribute/enabled' to command name 'getAttribute'
[debug] &amp#27;[35m[WD Proxy]&amp#27;[39m Proxying [GET /element/e4325a73-d942-437b-be5f-9d4219b10081/attribute/enabled] to [GET http://127.0.0.1:8215/wd/hub/session/18c72223-96ff-456f-a013-759294f76d4e/element/e4325a73-d942-437b-be5f-9d4219b10081/attribute/enabled] with no body
[debug] &amp#27;[35m[WD Proxy]&amp#27;[39m Got response with status 200: {"sessionId":"18c72223-96ff-456f-a013-759294f76d4e","value":"true"}
[debug] &amp#27;[35m[W3C (cd98397c)]&amp#27;[39m Responding to client with driver.elementEnabled() result: true
&amp#27;[35m[HTTP]&amp#27;[39m &amp#27;[37m<-- GET /wd/hub/session/cd98397c-9398-4a86-9a73-688adb2a4c5c/element/e4325a73-d942-437b-be5f-9d4219b10081/enabled &amp#27;[39m&amp#27;[32m200&amp#27;[39m &amp#27;[90m47 ms - 14&amp#27;[39m
&amp#27;[35m[HTTP]&amp#27;[39m &amp#27;[90m&amp#27;[39m
&amp#27;[35m[HTTP]&amp#27;[39m &amp#27;[37m-->&amp#27;[39m &amp#27;[37mPOST&amp#27;[39m &amp#27;[37m/wd/hub/session/cd98397c-9398-4a86-9a73-688adb2a4c5c/timeouts&amp#27;[39m
&amp#27;[35m[HTTP]&amp#27;[39m &amp#27;[90m{"implicit":10000}&amp#27;[39m
[debug] &amp#27;[35m[W3C (cd98397c)]&amp#27;[39m Calling AppiumDriver.timeouts() with args: [null,null,null,null,10000,"cd98397c-9398-4a86-9a73-688adb2a4c5c"]
[debug] &amp#27;[35m[BaseDriver]&amp#27;[39m W3C timeout argument: {"implicit":10000}}
[debug] &amp#27;[35m[BaseDriver]&amp#27;[39m Set implicit wait to 10000ms
[debug] &amp#27;[35m[W3C (cd98397c)]&amp#27;[39m Responding to client with driver.timeouts() result: null
&amp#27;[35m[HTTP]&amp#27;[39m &amp#27;[37m<-- POST /wd/hub/session/cd98397c-9398-4a86-9a73-688adb2a4c5c/timeouts &amp#27;[39m&amp#27;[32m200&amp#27;[39m &amp#27;[90m3 ms - 14&amp#27;[39m
&amp#27;[35m[HTTP]&amp#27;[39m &amp#27;[90m&amp#27;[39m
&amp#27;[35m[HTTP]&amp#27;[39m &amp#27;[37m-->&amp#27;[39m &amp#27;[37mGET&amp#27;[39m &amp#27;[37m/wd/hub/session/cd98397c-9398-4a86-9a73-688adb2a4c5c&amp#27;[39m
&amp#27;[35m[HTTP]&amp#27;[39m &amp#27;[90m{}&amp#27;[39m
[debug] &amp#27;[35m[W3C (cd98397c)]&amp#27;[39m Calling AppiumDriver.getSession() with args: ["cd98397c-9398-4a86-9a73-688adb2a4c5c"]
[debug] &amp#27;[35m[UiAutomator2]&amp#27;[39m Getting session details from server to mix in
[debug] &amp#27;[35m[WD Proxy]&amp#27;[39m Matched '/' to command name 'getSession'
[debug] &amp#27;[35m[WD Proxy]&amp#27;[39m Proxying [GET /] to [GET http://127.0.0.1:8215/wd/hub/session/18c72223-96ff-456f-a013-759294f76d4e] with no body
[debug] &amp#27;[35m[WD Proxy]&amp#27;[39m Got response with status 200: {"sessionId":"18c72223-96ff-456f-a013-759294f76d4e","value":{"lastScrollData":null}}
[debug] &amp#27;[35m[W3C (cd98397c)]&amp#27;[39m Responding to client with driver.getSession() result: {"platform":"LINUX","webStorageEnabled":false,"takesScreenshot":true,"javascriptEnabled":true,"databaseEnabled":false,"networkConnectionEnabled":true,"locationContextEnabled":false,"warnings":{},"desired":{"platformName":"android","app":"C:\\Users\\Anis\\eclipse-workspace\\Appium\\src\\ApiDemos-debug.apk","deviceName":"Redmi","newCommandTimeout":14},"platformName":"android","app":"C:\\Users\\Anis\\eclipse-workspace\\Appium\\src\\ApiDemos-debug.apk","deviceName":"55272e729804","newCommandTimeout":14,"deviceUDID":"55272e729804","appPackage":"io.appium.android.apis","deviceApiLevel":24,"platformVersion":"7.0","deviceScreenSize":"1080x1920","deviceScreenDensity":480,"deviceModel":"Redmi Note 4","deviceManufacturer":"Xiaomi","pixelRatio":3,"statBarHeight":72,"viewportRect":{"left":0,"top":72,"width":1080,"height":1848},"lastScrollData":null}
&amp#27;[35m[HTTP]&amp#27;[39m &amp#27;[37m<-- GET /wd/hub/session/cd98397c-9398-4a86-9a73-688adb2a4c5c &amp#27;[39m&amp#27;[32m200&amp#27;[39m &amp#27;[90m14 ms - 858&amp#27;[39m
&amp#27;[35m[HTTP]&amp#27;[39m &amp#27;[90m&amp#27;[39m
&amp#27;[35m[HTTP]&amp#27;[39m &amp#27;[37m-->&amp#27;[39m &amp#27;[37mPOST&amp#27;[39m &amp#27;[37m/wd/hub/session/cd98397c-9398-4a86-9a73-688adb2a4c5c/element&amp#27;[39m
&amp#27;[35m[HTTP]&amp#27;[39m &amp#27;[90m{"using":"xpath","value":"//android.widget.TextView[@content-desc=\"Date Widgets\"]"}&amp#27;[39m
[debug] &amp#27;[35m[W3C (cd98397c)]&amp#27;[39m Calling AppiumDriver.findElement() with args: ["xpath","//android.widget.TextView[@content-desc=\"Date Widgets\"]","cd98397c-9398-4a86-9a73-688adb2a4c5c"]
[debug] &amp#27;[35m[BaseDriver]&amp#27;[39m Valid locator strategies for this request: xpath, id, class name, accessibility id, css selector, -android uiautomator
[debug] &amp#27;[35m[BaseDriver]&amp#27;[39m Waiting up to 10000 ms for condition
[debug] &amp#27;[35m[WD Proxy]&amp#27;[39m Matched '/element' to command name 'findElement'
[debug] &amp#27;[35m[WD Proxy]&amp#27;[39m Proxying [POST /element] to [POST http://127.0.0.1:8215/wd/hub/session/18c72223-96ff-456f-a013-759294f76d4e/element] with body: {"strategy":"xpath","selector":"//android.widget.TextView[@content-desc=\"Date Widgets\"]","context":"","multiple":false}
[debug] &amp#27;[35m[WD Proxy]&amp#27;[39m Got response with status 200: {"sessionId":"18c72223-96ff-456f-a013-759294f76d4e","value":{"ELEMENT":"5623f2c5-d53f-4081-805c-217c3afb7a0c","element-6066-11e4-a52e-4f735466cecf":"5623f2c5-d53f-4081-805c-217c3afb7a0c"}}
[debug] &amp#27;[35m[W3C (cd98397c)]&amp#27;[39m Responding to client with driver.findElement() result: {"element-6066-11e4-a52e-4f735466cecf":"5623f2c5-d53f-4081-805c-217c3afb7a0c","ELEMENT":"5623f2c5-d53f-4081-805c-217c3afb7a0c"}
&amp#27;[35m[HTTP]&amp#27;[39m &amp#27;[37m<-- POST /wd/hub/session/cd98397c-9398-4a86-9a73-688adb2a4c5c/element &amp#27;[39m&amp#27;[32m200&amp#27;[39m &amp#27;[90m56 ms - 137&amp#27;[39m
&amp#27;[35m[HTTP]&amp#27;[39m &amp#27;[90m&amp#27;[39m
&amp#27;[35m[HTTP]&amp#27;[39m &amp#27;[37m-->&amp#27;[39m &amp#27;[37mPOST&amp#27;[39m &amp#27;[37m/wd/hub/session/cd98397c-9398-4a86-9a73-688adb2a4c5c/element/5623f2c5-d53f-4081-805c-217c3afb7a0c/click&amp#27;[39m
&amp#27;[35m[HTTP]&amp#27;[39m &amp#27;[90m{"id":"5623f2c5-d53f-4081-805c-217c3afb7a0c"}&amp#27;[39m
[debug] &amp#27;[35m[W3C (cd98397c)]&amp#27;[39m Calling AppiumDriver.click() with args: ["5623f2c5-d53f-4081-805c-217c3afb7a0c","cd98397c-9398-4a86-9a73-688adb2a4c5c"]
[debug] &amp#27;[35m[WD Proxy]&amp#27;[39m Matched '/element/5623f2c5-d53f-4081-805c-217c3afb7a0c/click' to command name 'click'
[debug] &amp#27;[35m[WD Proxy]&amp#27;[39m Proxying [POST /element/5623f2c5-d53f-4081-805c-217c3afb7a0c/click] to [POST http://127.0.0.1:8215/wd/hub/session/18c72223-96ff-456f-a013-759294f76d4e/element/5623f2c5-d53f-4081-805c-217c3afb7a0c/click] with body: {"element":"5623f2c5-d53f-4081-805c-217c3afb7a0c"}
[debug] &amp#27;[35m[WD Proxy]&amp#27;[39m Got response with status 200: {"sessionId":"18c72223-96ff-456f-a013-759294f76d4e","value":null}
[debug] &amp#27;[35m[W3C (cd98397c)]&amp#27;[39m Responding to client with driver.click() result: null
&amp#27;[35m[HTTP]&amp#27;[39m &amp#27;[37m<-- POST /wd/hub/session/cd98397c-9398-4a86-9a73-688adb2a4c5c/element/5623f2c5-d53f-4081-805c-217c3afb7a0c/click &amp#27;[39m&amp#27;[32m200&amp#27;[39m &amp#27;[90m1166 ms - 14&amp#27;[39m
&amp#27;[35m[HTTP]&amp#27;[39m &amp#27;[90m&amp#27;[39m
[INFO ] 2021-06-18 15:57:17.973 [main] ExplicitWait - Waiting for element to be visible: Located by By.chained({By.xpath: //android.widget.TextView[@content-desc="2. Inline"]})
[INFO ] 2021-06-18 15:57:17.973 [main] ExplicitWait - Waiting for element to be visible: Located by By.chained({By.xpath: //android.widget.TextView[@content-desc="2. Inline"]})
&amp#27;[35m[HTTP]&amp#27;[39m &amp#27;[37m-->&amp#27;[39m &amp#27;[37mPOST&amp#27;[39m &amp#27;[37m/wd/hub/session/cd98397c-9398-4a86-9a73-688adb2a4c5c/timeouts&amp#27;[39m
&amp#27;[35m[HTTP]&amp#27;[39m &amp#27;[90m{"implicit":0}&amp#27;[39m
[debug] &amp#27;[35m[W3C (cd98397c)]&amp#27;[39m Calling AppiumDriver.timeouts() with args: [null,null,null,null,0,"cd98397c-9398-4a86-9a73-688adb2a4c5c"]
[debug] &amp#27;[35m[BaseDriver]&amp#27;[39m W3C timeout argument: {"implicit":0}}
[debug] &amp#27;[35m[BaseDriver]&amp#27;[39m Set implicit wait to 0ms
[debug] &amp#27;[35m[W3C (cd98397c)]&amp#27;[39m Responding to client with driver.timeouts() result: null
&amp#27;[35m[HTTP]&amp#27;[39m &amp#27;[37m<-- POST /wd/hub/session/cd98397c-9398-4a86-9a73-688adb2a4c5c/timeouts &amp#27;[39m&amp#27;[32m200&amp#27;[39m &amp#27;[90m2 ms - 14&amp#27;[39m
&amp#27;[35m[HTTP]&amp#27;[39m &amp#27;[90m&amp#27;[39m
&amp#27;[35m[HTTP]&amp#27;[39m &amp#27;[37m-->&amp#27;[39m &amp#27;[37mGET&amp#27;[39m &amp#27;[37m/wd/hub/session/cd98397c-9398-4a86-9a73-688adb2a4c5c&amp#27;[39m
&amp#27;[35m[HTTP]&amp#27;[39m &amp#27;[90m{}&amp#27;[39m
[debug] &amp#27;[35m[W3C (cd98397c)]&amp#27;[39m Calling AppiumDriver.getSession() with args: ["cd98397c-9398-4a86-9a73-688adb2a4c5c"]
[debug] &amp#27;[35m[UiAutomator2]&amp#27;[39m Getting session details from server to mix in
[debug] &amp#27;[35m[WD Proxy]&amp#27;[39m Matched '/' to command name 'getSession'
[debug] &amp#27;[35m[WD Proxy]&amp#27;[39m Proxying [GET /] to [GET http://127.0.0.1:8215/wd/hub/session/18c72223-96ff-456f-a013-759294f76d4e] with no body
[debug] &amp#27;[35m[WD Proxy]&amp#27;[39m Got response with status 200: {"sessionId":"18c72223-96ff-456f-a013-759294f76d4e","value":{"lastScrollData":null}}
[debug] &amp#27;[35m[W3C (cd98397c)]&amp#27;[39m Responding to client with driver.getSession() result: {"platform":"LINUX","webStorageEnabled":false,"takesScreenshot":true,"javascriptEnabled":true,"databaseEnabled":false,"networkConnectionEnabled":true,"locationContextEnabled":false,"warnings":{},"desired":{"platformName":"android","app":"C:\\Users\\Anis\\eclipse-workspace\\Appium\\src\\ApiDemos-debug.apk","deviceName":"Redmi","newCommandTimeout":14},"platformName":"android","app":"C:\\Users\\Anis\\eclipse-workspace\\Appium\\src\\ApiDemos-debug.apk","deviceName":"55272e729804","newCommandTimeout":14,"deviceUDID":"55272e729804","appPackage":"io.appium.android.apis","deviceApiLevel":24,"platformVersion":"7.0","deviceScreenSize":"1080x1920","deviceScreenDensity":480,"deviceModel":"Redmi Note 4","deviceManufacturer":"Xiaomi","pixelRatio":3,"statBarHeight":72,"viewportRect":{"left":0,"top":72,"width":1080,"height":1848},"lastScrollData":null}
&amp#27;[35m[HTTP]&amp#27;[39m &amp#27;[37m<-- GET /wd/hub/session/cd98397c-9398-4a86-9a73-688adb2a4c5c &amp#27;[39m&amp#27;[32m200&amp#27;[39m &amp#27;[90m11 ms - 858&amp#27;[39m
&amp#27;[35m[HTTP]&amp#27;[39m &amp#27;[90m&amp#27;[39m
&amp#27;[35m[HTTP]&amp#27;[39m &amp#27;[37m-->&amp#27;[39m &amp#27;[37mPOST&amp#27;[39m &amp#27;[37m/wd/hub/session/cd98397c-9398-4a86-9a73-688adb2a4c5c/element&amp#27;[39m
&amp#27;[35m[HTTP]&amp#27;[39m &amp#27;[90m{"using":"xpath","value":"//android.widget.TextView[@content-desc=\"2. Inline\"]"}&amp#27;[39m
[debug] &amp#27;[35m[W3C (cd98397c)]&amp#27;[39m Calling AppiumDriver.findElement() with args: ["xpath","//android.widget.TextView[@content-desc=\"2. Inline\"]","cd98397c-9398-4a86-9a73-688adb2a4c5c"]
[debug] &amp#27;[35m[BaseDriver]&amp#27;[39m Valid locator strategies for this request: xpath, id, class name, accessibility id, css selector, -android uiautomator
[debug] &amp#27;[35m[BaseDriver]&amp#27;[39m Waiting up to 0 ms for condition
[debug] &amp#27;[35m[WD Proxy]&amp#27;[39m Matched '/element' to command name 'findElement'
[debug] &amp#27;[35m[WD Proxy]&amp#27;[39m Proxying [POST /element] to [POST http://127.0.0.1:8215/wd/hub/session/18c72223-96ff-456f-a013-759294f76d4e/element] with body: {"strategy":"xpath","selector":"//android.widget.TextView[@content-desc=\"2. Inline\"]","context":"","multiple":false}
[debug] &amp#27;[35m[WD Proxy]&amp#27;[39m Got response with status 200: {"sessionId":"18c72223-96ff-456f-a013-759294f76d4e","value":{"ELEMENT":"09b0b060-f875-45f9-b167-a70dabf1a6cb","element-6066-11e4-a52e-4f735466cecf":"09b0b060-f875-45f9-b167-a70dabf1a6cb"}}
[debug] &amp#27;[35m[W3C (cd98397c)]&amp#27;[39m Responding to client with driver.findElement() result: {"element-6066-11e4-a52e-4f735466cecf":"09b0b060-f875-45f9-b167-a70dabf1a6cb","ELEMENT":"09b0b060-f875-45f9-b167-a70dabf1a6cb"}
&amp#27;[35m[HTTP]&amp#27;[39m &amp#27;[37m<-- POST /wd/hub/session/cd98397c-9398-4a86-9a73-688adb2a4c5c/element &amp#27;[39m&amp#27;[32m200&amp#27;[39m &amp#27;[90m494 ms - 137&amp#27;[39m
&amp#27;[35m[HTTP]&amp#27;[39m &amp#27;[90m&amp#27;[39m
&amp#27;[35m[HTTP]&amp#27;[39m &amp#27;[37m-->&amp#27;[39m &amp#27;[37mGET&amp#27;[39m &amp#27;[37m/wd/hub/session/cd98397c-9398-4a86-9a73-688adb2a4c5c/element/09b0b060-f875-45f9-b167-a70dabf1a6cb/displayed&amp#27;[39m
&amp#27;[35m[HTTP]&amp#27;[39m &amp#27;[90m{}&amp#27;[39m
[debug] &amp#27;[35m[W3C (cd98397c)]&amp#27;[39m Calling AppiumDriver.elementDisplayed() with args: ["09b0b060-f875-45f9-b167-a70dabf1a6cb","cd98397c-9398-4a86-9a73-688adb2a4c5c"]
[debug] &amp#27;[35m[WD Proxy]&amp#27;[39m Matched '/element/09b0b060-f875-45f9-b167-a70dabf1a6cb/attribute/displayed' to command name 'getAttribute'
[debug] &amp#27;[35m[WD Proxy]&amp#27;[39m Proxying [GET /element/09b0b060-f875-45f9-b167-a70dabf1a6cb/attribute/displayed] to [GET http://127.0.0.1:8215/wd/hub/session/18c72223-96ff-456f-a013-759294f76d4e/element/09b0b060-f875-45f9-b167-a70dabf1a6cb/attribute/displayed] with no body
[debug] &amp#27;[35m[WD Proxy]&amp#27;[39m Got response with status 200: {"sessionId":"18c72223-96ff-456f-a013-759294f76d4e","value":"true"}
[debug] &amp#27;[35m[W3C (cd98397c)]&amp#27;[39m Responding to client with driver.elementDisplayed() result: true
&amp#27;[35m[HTTP]&amp#27;[39m &amp#27;[37m<-- GET /wd/hub/session/cd98397c-9398-4a86-9a73-688adb2a4c5c/element/09b0b060-f875-45f9-b167-a70dabf1a6cb/displayed &amp#27;[39m&amp#27;[32m200&amp#27;[39m &amp#27;[90m15 ms - 14&amp#27;[39m
&amp#27;[35m[HTTP]&amp#27;[39m &amp#27;[90m&amp#27;[39m
&amp#27;[35m[HTTP]&amp#27;[39m &amp#27;[37m-->&amp#27;[39m &amp#27;[37mPOST&amp#27;[39m &amp#27;[37m/wd/hub/session/cd98397c-9398-4a86-9a73-688adb2a4c5c/timeouts&amp#27;[39m
&amp#27;[35m[HTTP]&amp#27;[39m &amp#27;[90m{"implicit":10000}&amp#27;[39m
[debug] &amp#27;[35m[W3C (cd98397c)]&amp#27;[39m Calling AppiumDriver.timeouts() with args: [null,null,null,null,10000,"cd98397c-9398-4a86-9a73-688adb2a4c5c"]
[debug] &amp#27;[35m[BaseDriver]&amp#27;[39m W3C timeout argument: {"implicit":10000}}
[debug] &amp#27;[35m[BaseDriver]&amp#27;[39m Set implicit wait to 10000ms
[debug] &amp#27;[35m[W3C (cd98397c)]&amp#27;[39m Responding to client with driver.timeouts() result: null
&amp#27;[35m[HTTP]&amp#27;[39m &amp#27;[37m<-- POST /wd/hub/session/cd98397c-9398-4a86-9a73-688adb2a4c5c/timeouts &amp#27;[39m&amp#27;[32m200&amp#27;[39m &amp#27;[90m2 ms - 14&amp#27;[39m
&amp#27;[35m[HTTP]&amp#27;[39m &amp#27;[90m&amp#27;[39m
[INFO ] 2021-06-18 15:57:18.543 [main] ViewsPage - Clicks The Inline
[INFO ] 2021-06-18 15:57:18.543 [main] ExplicitWait - Waiting for element to be clickable: Located by By.chained({By.xpath: //android.widget.TextView[@content-desc="2. Inline"]})
&amp#27;[35m[HTTP]&amp#27;[39m &amp#27;[37m-->&amp#27;[39m &amp#27;[37mPOST&amp#27;[39m &amp#27;[37m/wd/hub/session/cd98397c-9398-4a86-9a73-688adb2a4c5c/timeouts&amp#27;[39m
&amp#27;[35m[HTTP]&amp#27;[39m &amp#27;[90m{"implicit":0}&amp#27;[39m
[debug] &amp#27;[35m[W3C (cd98397c)]&amp#27;[39m Calling AppiumDriver.timeouts() with args: [null,null,null,null,0,"cd98397c-9398-4a86-9a73-688adb2a4c5c"]
[debug] &amp#27;[35m[BaseDriver]&amp#27;[39m W3C timeout argument: {"implicit":0}}
[debug] &amp#27;[35m[BaseDriver]&amp#27;[39m Set implicit wait to 0ms
[debug] &amp#27;[35m[W3C (cd98397c)]&amp#27;[39m Responding to client with driver.timeouts() result: null
&amp#27;[35m[HTTP]&amp#27;[39m &amp#27;[37m<-- POST /wd/hub/session/cd98397c-9398-4a86-9a73-688adb2a4c5c/timeouts &amp#27;[39m&amp#27;[32m200&amp#27;[39m &amp#27;[90m3 ms - 14&amp#27;[39m
&amp#27;[35m[HTTP]&amp#27;[39m &amp#27;[90m&amp#27;[39m
&amp#27;[35m[HTTP]&amp#27;[39m &amp#27;[37m-->&amp#27;[39m &amp#27;[37mGET&amp#27;[39m &amp#27;[37m/wd/hub/session/cd98397c-9398-4a86-9a73-688adb2a4c5c&amp#27;[39m
&amp#27;[35m[HTTP]&amp#27;[39m &amp#27;[90m{}&amp#27;[39m
[debug] &amp#27;[35m[W3C (cd98397c)]&amp#27;[39m Calling AppiumDriver.getSession() with args: ["cd98397c-9398-4a86-9a73-688adb2a4c5c"]
[debug] &amp#27;[35m[UiAutomator2]&amp#27;[39m Getting session details from server to mix in
[debug] &amp#27;[35m[WD Proxy]&amp#27;[39m Matched '/' to command name 'getSession'
[debug] &amp#27;[35m[WD Proxy]&amp#27;[39m Proxying [GET /] to [GET http://127.0.0.1:8215/wd/hub/session/18c72223-96ff-456f-a013-759294f76d4e] with no body
[debug] &amp#27;[35m[WD Proxy]&amp#27;[39m Got response with status 200: {"sessionId":"18c72223-96ff-456f-a013-759294f76d4e","value":{"lastScrollData":null}}
[debug] &amp#27;[35m[W3C (cd98397c)]&amp#27;[39m Responding to client with driver.getSession() result: {"platform":"LINUX","webStorageEnabled":false,"takesScreenshot":true,"javascriptEnabled":true,"databaseEnabled":false,"networkConnectionEnabled":true,"locationContextEnabled":false,"warnings":{},"desired":{"platformName":"android","app":"C:\\Users\\Anis\\eclipse-workspace\\Appium\\src\\ApiDemos-debug.apk","deviceName":"Redmi","newCommandTimeout":14},"platformName":"android","app":"C:\\Users\\Anis\\eclipse-workspace\\Appium\\src\\ApiDemos-debug.apk","deviceName":"55272e729804","newCommandTimeout":14,"deviceUDID":"55272e729804","appPackage":"io.appium.android.apis","deviceApiLevel":24,"platformVersion":"7.0","deviceScreenSize":"1080x1920","deviceScreenDensity":480,"deviceModel":"Redmi Note 4","deviceManufacturer":"Xiaomi","pixelRatio":3,"statBarHeight":72,"viewportRect":{"left":0,"top":72,"width":1080,"height":1848},"lastScrollData":null}
&amp#27;[35m[HTTP]&amp#27;[39m &amp#27;[37m<-- GET /wd/hub/session/cd98397c-9398-4a86-9a73-688adb2a4c5c &amp#27;[39m&amp#27;[32m200&amp#27;[39m &amp#27;[90m11 ms - 858&amp#27;[39m
&amp#27;[35m[HTTP]&amp#27;[39m &amp#27;[90m&amp#27;[39m
&amp#27;[35m[HTTP]&amp#27;[39m &amp#27;[37m-->&amp#27;[39m &amp#27;[37mPOST&amp#27;[39m &amp#27;[37m/wd/hub/session/cd98397c-9398-4a86-9a73-688adb2a4c5c/element&amp#27;[39m
&amp#27;[35m[HTTP]&amp#27;[39m &amp#27;[90m{"using":"xpath","value":"//android.widget.TextView[@content-desc=\"2. Inline\"]"}&amp#27;[39m
[debug] &amp#27;[35m[W3C (cd98397c)]&amp#27;[39m Calling AppiumDriver.findElement() with args: ["xpath","//android.widget.TextView[@content-desc=\"2. Inline\"]","cd98397c-9398-4a86-9a73-688adb2a4c5c"]
[debug] &amp#27;[35m[BaseDriver]&amp#27;[39m Valid locator strategies for this request: xpath, id, class name, accessibility id, css selector, -android uiautomator
[debug] &amp#27;[35m[BaseDriver]&amp#27;[39m Waiting up to 0 ms for condition
[debug] &amp#27;[35m[WD Proxy]&amp#27;[39m Matched '/element' to command name 'findElement'
[debug] &amp#27;[35m[WD Proxy]&amp#27;[39m Proxying [POST /element] to [POST http://127.0.0.1:8215/wd/hub/session/18c72223-96ff-456f-a013-759294f76d4e/element] with body: {"strategy":"xpath","selector":"//android.widget.TextView[@content-desc=\"2. Inline\"]","context":"","multiple":false}
[debug] &amp#27;[35m[WD Proxy]&amp#27;[39m Got response with status 200: {"sessionId":"18c72223-96ff-456f-a013-759294f76d4e","value":{"ELEMENT":"5c571f31-5dc9-4126-a6bd-7ec23444214a","element-6066-11e4-a52e-4f735466cecf":"5c571f31-5dc9-4126-a6bd-7ec23444214a"}}
[debug] &amp#27;[35m[W3C (cd98397c)]&amp#27;[39m Responding to client with driver.findElement() result: {"element-6066-11e4-a52e-4f735466cecf":"5c571f31-5dc9-4126-a6bd-7ec23444214a","ELEMENT":"5c571f31-5dc9-4126-a6bd-7ec23444214a"}
&amp#27;[35m[HTTP]&amp#27;[39m &amp#27;[37m<-- POST /wd/hub/session/cd98397c-9398-4a86-9a73-688adb2a4c5c/element &amp#27;[39m&amp#27;[32m200&amp#27;[39m &amp#27;[90m28 ms - 137&amp#27;[39m
&amp#27;[35m[HTTP]&amp#27;[39m &amp#27;[90m&amp#27;[39m
&amp#27;[35m[HTTP]&amp#27;[39m &amp#27;[37m-->&amp#27;[39m &amp#27;[37mGET&amp#27;[39m &amp#27;[37m/wd/hub/session/cd98397c-9398-4a86-9a73-688adb2a4c5c/element/5c571f31-5dc9-4126-a6bd-7ec23444214a/displayed&amp#27;[39m
&amp#27;[35m[HTTP]&amp#27;[39m &amp#27;[90m{}&amp#27;[39m
[debug] &amp#27;[35m[W3C (cd98397c)]&amp#27;[39m Calling AppiumDriver.elementDisplayed() with args: ["5c571f31-5dc9-4126-a6bd-7ec23444214a","cd98397c-9398-4a86-9a73-688adb2a4c5c"]
[debug] &amp#27;[35m[WD Proxy]&amp#27;[39m Matched '/element/5c571f31-5dc9-4126-a6bd-7ec23444214a/attribute/displayed' to command name 'getAttribute'
[debug] &amp#27;[35m[WD Proxy]&amp#27;[39m Proxying [GET /element/5c571f31-5dc9-4126-a6bd-7ec23444214a/attribute/displayed] to [GET http://127.0.0.1:8215/wd/hub/session/18c72223-96ff-456f-a013-759294f76d4e/element/5c571f31-5dc9-4126-a6bd-7ec23444214a/attribute/displayed] with no body
[debug] &amp#27;[35m[WD Proxy]&amp#27;[39m Got response with status 200: {"sessionId":"18c72223-96ff-456f-a013-759294f76d4e","value":"true"}
[debug] &amp#27;[35m[W3C (cd98397c)]&amp#27;[39m Responding to client with driver.elementDisplayed() result: true
&amp#27;[35m[HTTP]&amp#27;[39m &amp#27;[37m<-- GET /wd/hub/session/cd98397c-9398-4a86-9a73-688adb2a4c5c/element/5c571f31-5dc9-4126-a6bd-7ec23444214a/displayed &amp#27;[39m&amp#27;[32m200&amp#27;[39m &amp#27;[90m135 ms - 14&amp#27;[39m
&amp#27;[35m[HTTP]&amp#27;[39m &amp#27;[90m&amp#27;[39m
&amp#27;[35m[HTTP]&amp#27;[39m &amp#27;[37m-->&amp#27;[39m &amp#27;[37mGET&amp#27;[39m &amp#27;[37m/wd/hub/session/cd98397c-9398-4a86-9a73-688adb2a4c5c&amp#27;[39m
&amp#27;[35m[HTTP]&amp#27;[39m &amp#27;[90m{}&amp#27;[39m
[debug] &amp#27;[35m[W3C (cd98397c)]&amp#27;[39m Calling AppiumDriver.getSession() with args: ["cd98397c-9398-4a86-9a73-688adb2a4c5c"]
[debug] &amp#27;[35m[UiAutomator2]&amp#27;[39m Getting session details from server to mix in
[debug] &amp#27;[35m[WD Proxy]&amp#27;[39m Matched '/' to command name 'getSession'
[debug] &amp#27;[35m[WD Proxy]&amp#27;[39m Proxying [GET /] to [GET http://127.0.0.1:8215/wd/hub/session/18c72223-96ff-456f-a013-759294f76d4e] with no body
[debug] &amp#27;[35m[WD Proxy]&amp#27;[39m Got response with status 200: {"sessionId":"18c72223-96ff-456f-a013-759294f76d4e","value":{"lastScrollData":null}}
[debug] &amp#27;[35m[W3C (cd98397c)]&amp#27;[39m Responding to client with driver.getSession() result: {"platform":"LINUX","webStorageEnabled":false,"takesScreenshot":true,"javascriptEnabled":true,"databaseEnabled":false,"networkConnectionEnabled":true,"locationContextEnabled":false,"warnings":{},"desired":{"platformName":"android","app":"C:\\Users\\Anis\\eclipse-workspace\\Appium\\src\\ApiDemos-debug.apk","deviceName":"Redmi","newCommandTimeout":14},"platformName":"android","app":"C:\\Users\\Anis\\eclipse-workspace\\Appium\\src\\ApiDemos-debug.apk","deviceName":"55272e729804","newCommandTimeout":14,"deviceUDID":"55272e729804","appPackage":"io.appium.android.apis","deviceApiLevel":24,"platformVersion":"7.0","deviceScreenSize":"1080x1920","deviceScreenDensity":480,"deviceModel":"Redmi Note 4","deviceManufacturer":"Xiaomi","pixelRatio":3,"statBarHeight":72,"viewportRect":{"left":0,"top":72,"width":1080,"height":1848},"lastScrollData":null}
&amp#27;[35m[HTTP]&amp#27;[39m &amp#27;[37m<-- GET /wd/hub/session/cd98397c-9398-4a86-9a73-688adb2a4c5c &amp#27;[39m&amp#27;[32m200&amp#27;[39m &amp#27;[90m10 ms - 858&amp#27;[39m
&amp#27;[35m[HTTP]&amp#27;[39m &amp#27;[90m&amp#27;[39m
&amp#27;[35m[HTTP]&amp#27;[39m &amp#27;[37m-->&amp#27;[39m &amp#27;[37mPOST&amp#27;[39m &amp#27;[37m/wd/hub/session/cd98397c-9398-4a86-9a73-688adb2a4c5c/element&amp#27;[39m
&amp#27;[35m[HTTP]&amp#27;[39m &amp#27;[90m{"using":"xpath","value":"//android.widget.TextView[@content-desc=\"2. Inline\"]"}&amp#27;[39m
[debug] &amp#27;[35m[W3C (cd98397c)]&amp#27;[39m Calling AppiumDriver.findElement() with args: ["xpath","//android.widget.TextView[@content-desc=\"2. Inline\"]","cd98397c-9398-4a86-9a73-688adb2a4c5c"]
[debug] &amp#27;[35m[BaseDriver]&amp#27;[39m Valid locator strategies for this request: xpath, id, class name, accessibility id, css selector, -android uiautomator
[debug] &amp#27;[35m[BaseDriver]&amp#27;[39m Waiting up to 0 ms for condition
[debug] &amp#27;[35m[WD Proxy]&amp#27;[39m Matched '/element' to command name 'findElement'
[debug] &amp#27;[35m[WD Proxy]&amp#27;[39m Proxying [POST /element] to [POST http://127.0.0.1:8215/wd/hub/session/18c72223-96ff-456f-a013-759294f76d4e/element] with body: {"strategy":"xpath","selector":"//android.widget.TextView[@content-desc=\"2. Inline\"]","context":"","multiple":false}
[debug] &amp#27;[35m[WD Proxy]&amp#27;[39m Got response with status 200: {"sessionId":"18c72223-96ff-456f-a013-759294f76d4e","value":{"ELEMENT":"6991b74e-6dcc-46e5-8a6d-7a96466a85b6","element-6066-11e4-a52e-4f735466cecf":"6991b74e-6dcc-46e5-8a6d-7a96466a85b6"}}
[debug] &amp#27;[35m[W3C (cd98397c)]&amp#27;[39m Responding to client with driver.findElement() result: {"element-6066-11e4-a52e-4f735466cecf":"6991b74e-6dcc-46e5-8a6d-7a96466a85b6","ELEMENT":"6991b74e-6dcc-46e5-8a6d-7a96466a85b6"}
&amp#27;[35m[HTTP]&amp#27;[39m &amp#27;[37m<-- POST /wd/hub/session/cd98397c-9398-4a86-9a73-688adb2a4c5c/element &amp#27;[39m&amp#27;[32m200&amp#27;[39m &amp#27;[90m50 ms - 137&amp#27;[39m
&amp#27;[35m[HTTP]&amp#27;[39m &amp#27;[90m&amp#27;[39m
&amp#27;[35m[HTTP]&amp#27;[39m &amp#27;[37m-->&amp#27;[39m &amp#27;[37mGET&amp#27;[39m &amp#27;[37m/wd/hub/session/cd98397c-9398-4a86-9a73-688adb2a4c5c/element/6991b74e-6dcc-46e5-8a6d-7a96466a85b6/enabled&amp#27;[39m
&amp#27;[35m[HTTP]&amp#27;[39m &amp#27;[90m{}&amp#27;[39m
[debug] &amp#27;[35m[W3C (cd98397c)]&amp#27;[39m Calling AppiumDriver.elementEnabled() with args: ["6991b74e-6dcc-46e5-8a6d-7a96466a85b6","cd98397c-9398-4a86-9a73-688adb2a4c5c"]
[debug] &amp#27;[35m[WD Proxy]&amp#27;[39m Matched '/element/6991b74e-6dcc-46e5-8a6d-7a96466a85b6/attribute/enabled' to command name 'getAttribute'
[debug] &amp#27;[35m[WD Proxy]&amp#27;[39m Proxying [GET /element/6991b74e-6dcc-46e5-8a6d-7a96466a85b6/attribute/enabled] to [GET http://127.0.0.1:8215/wd/hub/session/18c72223-96ff-456f-a013-759294f76d4e/element/6991b74e-6dcc-46e5-8a6d-7a96466a85b6/attribute/enabled] with no body
[debug] &amp#27;[35m[WD Proxy]&amp#27;[39m Got response with status 200: {"sessionId":"18c72223-96ff-456f-a013-759294f76d4e","value":"true"}
[debug] &amp#27;[35m[W3C (cd98397c)]&amp#27;[39m Responding to client with driver.elementEnabled() result: true
&amp#27;[35m[HTTP]&amp#27;[39m &amp#27;[37m<-- GET /wd/hub/session/cd98397c-9398-4a86-9a73-688adb2a4c5c/element/6991b74e-6dcc-46e5-8a6d-7a96466a85b6/enabled &amp#27;[39m&amp#27;[32m200&amp#27;[39m &amp#27;[90m50 ms - 14&amp#27;[39m
&amp#27;[35m[HTTP]&amp#27;[39m &amp#27;[90m&amp#27;[39m
&amp#27;[35m[HTTP]&amp#27;[39m &amp#27;[37m-->&amp#27;[39m &amp#27;[37mPOST&amp#27;[39m &amp#27;[37m/wd/hub/session/cd98397c-9398-4a86-9a73-688adb2a4c5c/timeouts&amp#27;[39m
&amp#27;[35m[HTTP]&amp#27;[39m &amp#27;[90m{"implicit":10000}&amp#27;[39m
[debug] &amp#27;[35m[W3C (cd98397c)]&amp#27;[39m Calling AppiumDriver.timeouts() with args: [null,null,null,null,10000,"cd98397c-9398-4a86-9a73-688adb2a4c5c"]
[debug] &amp#27;[35m[BaseDriver]&amp#27;[39m W3C timeout argument: {"implicit":10000}}
[debug] &amp#27;[35m[BaseDriver]&amp#27;[39m Set implicit wait to 10000ms
[debug] &amp#27;[35m[W3C (cd98397c)]&amp#27;[39m Responding to client with driver.timeouts() result: null
&amp#27;[35m[HTTP]&amp#27;[39m &amp#27;[37m<-- POST /wd/hub/session/cd98397c-9398-4a86-9a73-688adb2a4c5c/timeouts &amp#27;[39m&amp#27;[32m200&amp#27;[39m &amp#27;[90m2 ms - 14&amp#27;[39m
&amp#27;[35m[HTTP]&amp#27;[39m &amp#27;[90m&amp#27;[39m
&amp#27;[35m[HTTP]&amp#27;[39m &amp#27;[37m-->&amp#27;[39m &amp#27;[37mGET&amp#27;[39m &amp#27;[37m/wd/hub/session/cd98397c-9398-4a86-9a73-688adb2a4c5c&amp#27;[39m
&amp#27;[35m[HTTP]&amp#27;[39m &amp#27;[90m{}&amp#27;[39m
[debug] &amp#27;[35m[W3C (cd98397c)]&amp#27;[39m Calling AppiumDriver.getSession() with args: ["cd98397c-9398-4a86-9a73-688adb2a4c5c"]
[debug] &amp#27;[35m[UiAutomator2]&amp#27;[39m Getting session details from server to mix in
[debug] &amp#27;[35m[WD Proxy]&amp#27;[39m Matched '/' to command name 'getSession'
[debug] &amp#27;[35m[WD Proxy]&amp#27;[39m Proxying [GET /] to [GET http://127.0.0.1:8215/wd/hub/session/18c72223-96ff-456f-a013-759294f76d4e] with no body
[debug] &amp#27;[35m[WD Proxy]&amp#27;[39m Got response with status 200: {"sessionId":"18c72223-96ff-456f-a013-759294f76d4e","value":{"lastScrollData":null}}
[debug] &amp#27;[35m[W3C (cd98397c)]&amp#27;[39m Responding to client with driver.getSession() result: {"platform":"LINUX","webStorageEnabled":false,"takesScreenshot":true,"javascriptEnabled":true,"databaseEnabled":false,"networkConnectionEnabled":true,"locationContextEnabled":false,"warnings":{},"desired":{"platformName":"android","app":"C:\\Users\\Anis\\eclipse-workspace\\Appium\\src\\ApiDemos-debug.apk","deviceName":"Redmi","newCommandTimeout":14},"platformName":"android","app":"C:\\Users\\Anis\\eclipse-workspace\\Appium\\src\\ApiDemos-debug.apk","deviceName":"55272e729804","newCommandTimeout":14,"deviceUDID":"55272e729804","appPackage":"io.appium.android.apis","deviceApiLevel":24,"platformVersion":"7.0","deviceScreenSize":"1080x1920","deviceScreenDensity":480,"deviceModel":"Redmi Note 4","deviceManufacturer":"Xiaomi","pixelRatio":3,"statBarHeight":72,"viewportRect":{"left":0,"top":72,"width":1080,"height":1848},"lastScrollData":null}
&amp#27;[35m[HTTP]&amp#27;[39m &amp#27;[37m<-- GET /wd/hub/session/cd98397c-9398-4a86-9a73-688adb2a4c5c &amp#27;[39m&amp#27;[32m200&amp#27;[39m &amp#27;[90m14 ms - 858&amp#27;[39m
&amp#27;[35m[HTTP]&amp#27;[39m &amp#27;[90m&amp#27;[39m
&amp#27;[35m[HTTP]&amp#27;[39m &amp#27;[37m-->&amp#27;[39m &amp#27;[37mPOST&amp#27;[39m &amp#27;[37m/wd/hub/session/cd98397c-9398-4a86-9a73-688adb2a4c5c/element&amp#27;[39m
&amp#27;[35m[HTTP]&amp#27;[39m &amp#27;[90m{"using":"xpath","value":"//android.widget.TextView[@content-desc=\"2. Inline\"]"}&amp#27;[39m
[debug] &amp#27;[35m[W3C (cd98397c)]&amp#27;[39m Calling AppiumDriver.findElement() with args: ["xpath","//android.widget.TextView[@content-desc=\"2. Inline\"]","cd98397c-9398-4a86-9a73-688adb2a4c5c"]
[debug] &amp#27;[35m[BaseDriver]&amp#27;[39m Valid locator strategies for this request: xpath, id, class name, accessibility id, css selector, -android uiautomator
[debug] &amp#27;[35m[BaseDriver]&amp#27;[39m Waiting up to 10000 ms for condition
[debug] &amp#27;[35m[WD Proxy]&amp#27;[39m Matched '/element' to command name 'findElement'
[debug] &amp#27;[35m[WD Proxy]&amp#27;[39m Proxying [POST /element] to [POST http://127.0.0.1:8215/wd/hub/session/18c72223-96ff-456f-a013-759294f76d4e/element] with body: {"strategy":"xpath","selector":"//android.widget.TextView[@content-desc=\"2. Inline\"]","context":"","multiple":false}
[debug] &amp#27;[35m[WD Proxy]&amp#27;[39m Got response with status 200: {"sessionId":"18c72223-96ff-456f-a013-759294f76d4e","value":{"ELEMENT":"37585b2b-a164-4934-b050-3e7ff6d51815","element-6066-11e4-a52e-4f735466cecf":"37585b2b-a164-4934-b050-3e7ff6d51815"}}
[debug] &amp#27;[35m[W3C (cd98397c)]&amp#27;[39m Responding to client with driver.findElement() result: {"element-6066-11e4-a52e-4f735466cecf":"37585b2b-a164-4934-b050-3e7ff6d51815","ELEMENT":"37585b2b-a164-4934-b050-3e7ff6d51815"}
&amp#27;[35m[HTTP]&amp#27;[39m &amp#27;[37m<-- POST /wd/hub/session/cd98397c-9398-4a86-9a73-688adb2a4c5c/element &amp#27;[39m&amp#27;[32m200&amp#27;[39m &amp#27;[90m28 ms - 137&amp#27;[39m
&amp#27;[35m[HTTP]&amp#27;[39m &amp#27;[90m&amp#27;[39m
&amp#27;[35m[HTTP]&amp#27;[39m &amp#27;[37m-->&amp#27;[39m &amp#27;[37mPOST&amp#27;[39m &amp#27;[37m/wd/hub/session/cd98397c-9398-4a86-9a73-688adb2a4c5c/element/37585b2b-a164-4934-b050-3e7ff6d51815/click&amp#27;[39m
&amp#27;[35m[HTTP]&amp#27;[39m &amp#27;[90m{"id":"37585b2b-a164-4934-b050-3e7ff6d51815"}&amp#27;[39m
[debug] &amp#27;[35m[W3C (cd98397c)]&amp#27;[39m Calling AppiumDriver.click() with args: ["37585b2b-a164-4934-b050-3e7ff6d51815","cd98397c-9398-4a86-9a73-688adb2a4c5c"]
[debug] &amp#27;[35m[WD Proxy]&amp#27;[39m Matched '/element/37585b2b-a164-4934-b050-3e7ff6d51815/click' to command name 'click'
[debug] &amp#27;[35m[WD Proxy]&amp#27;[39m Proxying [POST /element/37585b2b-a164-4934-b050-3e7ff6d51815/click] to [POST http://127.0.0.1:8215/wd/hub/session/18c72223-96ff-456f-a013-759294f76d4e/element/37585b2b-a164-4934-b050-3e7ff6d51815/click] with body: {"element":"37585b2b-a164-4934-b050-3e7ff6d51815"}
[debug] &amp#27;[35m[WD Proxy]&amp#27;[39m Got response with status 200: {"sessionId":"18c72223-96ff-456f-a013-759294f76d4e","value":null}
[debug] &amp#27;[35m[W3C (cd98397c)]&amp#27;[39m Responding to client with driver.click() result: null
&amp#27;[35m[HTTP]&amp#27;[39m &amp#27;[37m<-- POST /wd/hub/session/cd98397c-9398-4a86-9a73-688adb2a4c5c/element/37585b2b-a164-4934-b050-3e7ff6d51815/click &amp#27;[39m&amp#27;[32m200&amp#27;[39m &amp#27;[90m1571 ms - 14&amp#27;[39m
&amp#27;[35m[HTTP]&amp#27;[39m &amp#27;[90m&amp#27;[39m
[INFO ] 2021-06-18 15:57:20.529 [main] ExplicitWait - Waiting for element to be visible: Located by By.chained({By.xpath: //android.widget.RadialTimePickerView.RadialPickerTouchHelper[@content-desc="9"]})
[INFO ] 2021-06-18 15:57:20.530 [main] ExplicitWait - Waiting for element to be visible: Located by By.chained({By.xpath: //android.widget.RadialTimePickerView.RadialPickerTouchHelper[@content-desc="9"]})
&amp#27;[35m[HTTP]&amp#27;[39m &amp#27;[37m-->&amp#27;[39m &amp#27;[37mPOST&amp#27;[39m &amp#27;[37m/wd/hub/session/cd98397c-9398-4a86-9a73-688adb2a4c5c/timeouts&amp#27;[39m
&amp#27;[35m[HTTP]&amp#27;[39m &amp#27;[90m{"implicit":0}&amp#27;[39m
[debug] &amp#27;[35m[W3C (cd98397c)]&amp#27;[39m Calling AppiumDriver.timeouts() with args: [null,null,null,null,0,"cd98397c-9398-4a86-9a73-688adb2a4c5c"]
[debug] &amp#27;[35m[BaseDriver]&amp#27;[39m W3C timeout argument: {"implicit":0}}
[debug] &amp#27;[35m[BaseDriver]&amp#27;[39m Set implicit wait to 0ms
[debug] &amp#27;[35m[W3C (cd98397c)]&amp#27;[39m Responding to client with driver.timeouts() result: null
&amp#27;[35m[HTTP]&amp#27;[39m &amp#27;[37m<-- POST /wd/hub/session/cd98397c-9398-4a86-9a73-688adb2a4c5c/timeouts &amp#27;[39m&amp#27;[32m200&amp#27;[39m &amp#27;[90m2 ms - 14&amp#27;[39m
&amp#27;[35m[HTTP]&amp#27;[39m &amp#27;[90m&amp#27;[39m
&amp#27;[35m[HTTP]&amp#27;[39m &amp#27;[37m-->&amp#27;[39m &amp#27;[37mGET&amp#27;[39m &amp#27;[37m/wd/hub/session/cd98397c-9398-4a86-9a73-688adb2a4c5c&amp#27;[39m
&amp#27;[35m[HTTP]&amp#27;[39m &amp#27;[90m{}&amp#27;[39m
[debug] &amp#27;[35m[W3C (cd98397c)]&amp#27;[39m Calling AppiumDriver.getSession() with args: ["cd98397c-9398-4a86-9a73-688adb2a4c5c"]
[debug] &amp#27;[35m[UiAutomator2]&amp#27;[39m Getting session details from server to mix in
[debug] &amp#27;[35m[WD Proxy]&amp#27;[39m Matched '/' to command name 'getSession'
[debug] &amp#27;[35m[WD Proxy]&amp#27;[39m Proxying [GET /] to [GET http://127.0.0.1:8215/wd/hub/session/18c72223-96ff-456f-a013-759294f76d4e] with no body
[debug] &amp#27;[35m[WD Proxy]&amp#27;[39m Got response with status 200: {"sessionId":"18c72223-96ff-456f-a013-759294f76d4e","value":{"lastScrollData":null}}
[debug] &amp#27;[35m[W3C (cd98397c)]&amp#27;[39m Responding to client with driver.getSession() result: {"platform":"LINUX","webStorageEnabled":false,"takesScreenshot":true,"javascriptEnabled":true,"databaseEnabled":false,"networkConnectionEnabled":true,"locationContextEnabled":false,"warnings":{},"desired":{"platformName":"android","app":"C:\\Users\\Anis\\eclipse-workspace\\Appium\\src\\ApiDemos-debug.apk","deviceName":"Redmi","newCommandTimeout":14},"platformName":"android","app":"C:\\Users\\Anis\\eclipse-workspace\\Appium\\src\\ApiDemos-debug.apk","deviceName":"55272e729804","newCommandTimeout":14,"deviceUDID":"55272e729804","appPackage":"io.appium.android.apis","deviceApiLevel":24,"platformVersion":"7.0","deviceScreenSize":"1080x1920","deviceScreenDensity":480,"deviceModel":"Redmi Note 4","deviceManufacturer":"Xiaomi","pixelRatio":3,"statBarHeight":72,"viewportRect":{"left":0,"top":72,"width":1080,"height":1848},"lastScrollData":null}
&amp#27;[35m[HTTP]&amp#27;[39m &amp#27;[37m<-- GET /wd/hub/session/cd98397c-9398-4a86-9a73-688adb2a4c5c &amp#27;[39m&amp#27;[32m200&amp#27;[39m &amp#27;[90m10 ms - 858&amp#27;[39m
&amp#27;[35m[HTTP]&amp#27;[39m &amp#27;[90m&amp#27;[39m
&amp#27;[35m[HTTP]&amp#27;[39m &amp#27;[37m-->&amp#27;[39m &amp#27;[37mPOST&amp#27;[39m &amp#27;[37m/wd/hub/session/cd98397c-9398-4a86-9a73-688adb2a4c5c/element&amp#27;[39m
&amp#27;[35m[HTTP]&amp#27;[39m &amp#27;[90m{"using":"xpath","value":"//android.widget.RadialTimePickerView.RadialPickerTouchHelper[@content-desc=\"9\"]"}&amp#27;[39m
[debug] &amp#27;[35m[W3C (cd98397c)]&amp#27;[39m Calling AppiumDriver.findElement() with args: ["xpath","//android.widget.RadialTimePickerView.RadialPickerTouchHelper[@content-desc=\"9\"]","cd98397c-9398-4a86-9a73-688adb2a4c5c"]
[debug] &amp#27;[35m[BaseDriver]&amp#27;[39m Valid locator strategies for this request: xpath, id, class name, accessibility id, css selector, -android uiautomator
[debug] &amp#27;[35m[BaseDriver]&amp#27;[39m Waiting up to 0 ms for condition
[debug] &amp#27;[35m[WD Proxy]&amp#27;[39m Matched '/element' to command name 'findElement'
[debug] &amp#27;[35m[WD Proxy]&amp#27;[39m Proxying [POST /element] to [POST http://127.0.0.1:8215/wd/hub/session/18c72223-96ff-456f-a013-759294f76d4e/element] with body: {"strategy":"xpath","selector":"//android.widget.RadialTimePickerView.RadialPickerTouchHelper[@content-desc=\"9\"]","context":"","multiple":false}
[debug] &amp#27;[35m[WD Proxy]&amp#27;[39m Got response with status 200: {"sessionId":"18c72223-96ff-456f-a013-759294f76d4e","value":{"ELEMENT":"91b9ee91-55d0-4ffa-aefd-3d32ff0a6f7c","element-6066-11e4-a52e-4f735466cecf":"91b9ee91-55d0-4ffa-aefd-3d32ff0a6f7c"}}
[debug] &amp#27;[35m[W3C (cd98397c)]&amp#27;[39m Responding to client with driver.findElement() result: {"element-6066-11e4-a52e-4f735466cecf":"91b9ee91-55d0-4ffa-aefd-3d32ff0a6f7c","ELEMENT":"91b9ee91-55d0-4ffa-aefd-3d32ff0a6f7c"}
&amp#27;[35m[HTTP]&amp#27;[39m &amp#27;[37m<-- POST /wd/hub/session/cd98397c-9398-4a86-9a73-688adb2a4c5c/element &amp#27;[39m&amp#27;[32m200&amp#27;[39m &amp#27;[90m81 ms - 137&amp#27;[39m
&amp#27;[35m[HTTP]&amp#27;[39m &amp#27;[90m&amp#27;[39m
&amp#27;[35m[HTTP]&amp#27;[39m &amp#27;[37m-->&amp#27;[39m &amp#27;[37mGET&amp#27;[39m &amp#27;[37m/wd/hub/session/cd98397c-9398-4a86-9a73-688adb2a4c5c/element/91b9ee91-55d0-4ffa-aefd-3d32ff0a6f7c/displayed&amp#27;[39m
&amp#27;[35m[HTTP]&amp#27;[39m &amp#27;[90m{}&amp#27;[39m
[debug] &amp#27;[35m[W3C (cd98397c)]&amp#27;[39m Calling AppiumDriver.elementDisplayed() with args: ["91b9ee91-55d0-4ffa-aefd-3d32ff0a6f7c","cd98397c-9398-4a86-9a73-688adb2a4c5c"]
[debug] &amp#27;[35m[WD Proxy]&amp#27;[39m Matched '/element/91b9ee91-55d0-4ffa-aefd-3d32ff0a6f7c/attribute/displayed' to command name 'getAttribute'
[debug] &amp#27;[35m[WD Proxy]&amp#27;[39m Proxying [GET /element/91b9ee91-55d0-4ffa-aefd-3d32ff0a6f7c/attribute/displayed] to [GET http://127.0.0.1:8215/wd/hub/session/18c72223-96ff-456f-a013-759294f76d4e/element/91b9ee91-55d0-4ffa-aefd-3d32ff0a6f7c/attribute/displayed] with no body
[debug] &amp#27;[35m[WD Proxy]&amp#27;[39m Got response with status 200: {"sessionId":"18c72223-96ff-456f-a013-759294f76d4e","value":"true"}
[debug] &amp#27;[35m[W3C (cd98397c)]&amp#27;[39m Responding to client with driver.elementDisplayed() result: true
&amp#27;[35m[HTTP]&amp#27;[39m &amp#27;[37m<-- GET /wd/hub/session/cd98397c-9398-4a86-9a73-688adb2a4c5c/element/91b9ee91-55d0-4ffa-aefd-3d32ff0a6f7c/displayed &amp#27;[39m&amp#27;[32m200&amp#27;[39m &amp#27;[90m13 ms - 14&amp#27;[39m
&amp#27;[35m[HTTP]&amp#27;[39m &amp#27;[90m&amp#27;[39m
&amp#27;[35m[HTTP]&amp#27;[39m &amp#27;[37m-->&amp#27;[39m &amp#27;[37mPOST&amp#27;[39m &amp#27;[37m/wd/hub/session/cd98397c-9398-4a86-9a73-688adb2a4c5c/timeouts&amp#27;[39m
&amp#27;[35m[HTTP]&amp#27;[39m &amp#27;[90m{"implicit":10000}&amp#27;[39m
[debug] &amp#27;[35m[W3C (cd98397c)]&amp#27;[39m Calling AppiumDriver.timeouts() with args: [null,null,null,null,10000,"cd98397c-9398-4a86-9a73-688adb2a4c5c"]
[debug] &amp#27;[35m[BaseDriver]&amp#27;[39m W3C timeout argument: {"implicit":10000}}
[debug] &amp#27;[35m[BaseDriver]&amp#27;[39m Set implicit wait to 10000ms
[debug] &amp#27;[35m[W3C (cd98397c)]&amp#27;[39m Responding to client with driver.timeouts() result: null
&amp#27;[35m[HTTP]&amp#27;[39m &amp#27;[37m<-- POST /wd/hub/session/cd98397c-9398-4a86-9a73-688adb2a4c5c/timeouts &amp#27;[39m&amp#27;[32m200&amp#27;[39m &amp#27;[90m3 ms - 14&amp#27;[39m
&amp#27;[35m[HTTP]&amp#27;[39m &amp#27;[90m&amp#27;[39m[INFO ] 2021-06-18 15:57:20.690 [main] ViewsPage - Clicks The 9 In The Clock

[INFO ] 2021-06-18 15:57:20.690 [main] ExplicitWait - Waiting for element to be clickable: Located by By.chained({By.xpath: //android.widget.RadialTimePickerView.RadialPickerTouchHelper[@content-desc="9"]})
&amp#27;[35m[HTTP]&amp#27;[39m &amp#27;[37m-->&amp#27;[39m &amp#27;[37mPOST&amp#27;[39m &amp#27;[37m/wd/hub/session/cd98397c-9398-4a86-9a73-688adb2a4c5c/timeouts&amp#27;[39m
&amp#27;[35m[HTTP]&amp#27;[39m &amp#27;[90m{"implicit":0}&amp#27;[39m
[debug] &amp#27;[35m[W3C (cd98397c)]&amp#27;[39m Calling AppiumDriver.timeouts() with args: [null,null,null,null,0,"cd98397c-9398-4a86-9a73-688adb2a4c5c"]
[debug] &amp#27;[35m[BaseDriver]&amp#27;[39m W3C timeout argument: {"implicit":0}}
[debug] &amp#27;[35m[BaseDriver]&amp#27;[39m Set implicit wait to 0ms
[debug] &amp#27;[35m[W3C (cd98397c)]&amp#27;[39m Responding to client with driver.timeouts() result: null
&amp#27;[35m[HTTP]&amp#27;[39m &amp#27;[37m<-- POST /wd/hub/session/cd98397c-9398-4a86-9a73-688adb2a4c5c/timeouts &amp#27;[39m&amp#27;[32m200&amp#27;[39m &amp#27;[90m2 ms - 14&amp#27;[39m
&amp#27;[35m[HTTP]&amp#27;[39m &amp#27;[90m&amp#27;[39m
&amp#27;[35m[HTTP]&amp#27;[39m &amp#27;[37m-->&amp#27;[39m &amp#27;[37mGET&amp#27;[39m &amp#27;[37m/wd/hub/session/cd98397c-9398-4a86-9a73-688adb2a4c5c&amp#27;[39m
&amp#27;[35m[HTTP]&amp#27;[39m &amp#27;[90m{}&amp#27;[39m
[debug] &amp#27;[35m[W3C (cd98397c)]&amp#27;[39m Calling AppiumDriver.getSession() with args: ["cd98397c-9398-4a86-9a73-688adb2a4c5c"]
[debug] &amp#27;[35m[UiAutomator2]&amp#27;[39m Getting session details from server to mix in
[debug] &amp#27;[35m[WD Proxy]&amp#27;[39m Matched '/' to command name 'getSession'
[debug] &amp#27;[35m[WD Proxy]&amp#27;[39m Proxying [GET /] to [GET http://127.0.0.1:8215/wd/hub/session/18c72223-96ff-456f-a013-759294f76d4e] with no body
[debug] &amp#27;[35m[WD Proxy]&amp#27;[39m Got response with status 200: {"sessionId":"18c72223-96ff-456f-a013-759294f76d4e","value":{"lastScrollData":null}}
[debug] &amp#27;[35m[W3C (cd98397c)]&amp#27;[39m Responding to client with driver.getSession() result: {"platform":"LINUX","webStorageEnabled":false,"takesScreenshot":true,"javascriptEnabled":true,"databaseEnabled":false,"networkConnectionEnabled":true,"locationContextEnabled":false,"warnings":{},"desired":{"platformName":"android","app":"C:\\Users\\Anis\\eclipse-workspace\\Appium\\src\\ApiDemos-debug.apk","deviceName":"Redmi","newCommandTimeout":14},"platformName":"android","app":"C:\\Users\\Anis\\eclipse-workspace\\Appium\\src\\ApiDemos-debug.apk","deviceName":"55272e729804","newCommandTimeout":14,"deviceUDID":"55272e729804","appPackage":"io.appium.android.apis","deviceApiLevel":24,"platformVersion":"7.0","deviceScreenSize":"1080x1920","deviceScreenDensity":480,"deviceModel":"Redmi Note 4","deviceManufacturer":"Xiaomi","pixelRatio":3,"statBarHeight":72,"viewportRect":{"left":0,"top":72,"width":1080,"height":1848},"lastScrollData":null}
&amp#27;[35m[HTTP]&amp#27;[39m &amp#27;[37m<-- GET /wd/hub/session/cd98397c-9398-4a86-9a73-688adb2a4c5c &amp#27;[39m&amp#27;[32m200&amp#27;[39m &amp#27;[90m10 ms - 858&amp#27;[39m
&amp#27;[35m[HTTP]&amp#27;[39m &amp#27;[90m&amp#27;[39m
&amp#27;[35m[HTTP]&amp#27;[39m &amp#27;[37m-->&amp#27;[39m &amp#27;[37mPOST&amp#27;[39m &amp#27;[37m/wd/hub/session/cd98397c-9398-4a86-9a73-688adb2a4c5c/element&amp#27;[39m
&amp#27;[35m[HTTP]&amp#27;[39m &amp#27;[90m{"using":"xpath","value":"//android.widget.RadialTimePickerView.RadialPickerTouchHelper[@content-desc=\"9\"]"}&amp#27;[39m
[debug] &amp#27;[35m[W3C (cd98397c)]&amp#27;[39m Calling AppiumDriver.findElement() with args: ["xpath","//android.widget.RadialTimePickerView.RadialPickerTouchHelper[@content-desc=\"9\"]","cd98397c-9398-4a86-9a73-688adb2a4c5c"]
[debug] &amp#27;[35m[BaseDriver]&amp#27;[39m Valid locator strategies for this request: xpath, id, class name, accessibility id, css selector, -android uiautomator
[debug] &amp#27;[35m[BaseDriver]&amp#27;[39m Waiting up to 0 ms for condition
[debug] &amp#27;[35m[WD Proxy]&amp#27;[39m Matched '/element' to command name 'findElement'
[debug] &amp#27;[35m[WD Proxy]&amp#27;[39m Proxying [POST /element] to [POST http://127.0.0.1:8215/wd/hub/session/18c72223-96ff-456f-a013-759294f76d4e/element] with body: {"strategy":"xpath","selector":"//android.widget.RadialTimePickerView.RadialPickerTouchHelper[@content-desc=\"9\"]","context":"","multiple":false}
[debug] &amp#27;[35m[WD Proxy]&amp#27;[39m Got response with status 200: {"sessionId":"18c72223-96ff-456f-a013-759294f76d4e","value":{"ELEMENT":"45c20a5a-d562-4d69-b158-c5dd075043c5","element-6066-11e4-a52e-4f735466cecf":"45c20a5a-d562-4d69-b158-c5dd075043c5"}}
[debug] &amp#27;[35m[W3C (cd98397c)]&amp#27;[39m Responding to client with driver.findElement() result: {"element-6066-11e4-a52e-4f735466cecf":"45c20a5a-d562-4d69-b158-c5dd075043c5","ELEMENT":"45c20a5a-d562-4d69-b158-c5dd075043c5"}
&amp#27;[35m[HTTP]&amp#27;[39m &amp#27;[37m<-- POST /wd/hub/session/cd98397c-9398-4a86-9a73-688adb2a4c5c/element &amp#27;[39m&amp#27;[32m200&amp#27;[39m &amp#27;[90m48 ms - 137&amp#27;[39m
&amp#27;[35m[HTTP]&amp#27;[39m &amp#27;[90m&amp#27;[39m
&amp#27;[35m[HTTP]&amp#27;[39m &amp#27;[37m-->&amp#27;[39m &amp#27;[37mGET&amp#27;[39m &amp#27;[37m/wd/hub/session/cd98397c-9398-4a86-9a73-688adb2a4c5c/element/45c20a5a-d562-4d69-b158-c5dd075043c5/displayed&amp#27;[39m
&amp#27;[35m[HTTP]&amp#27;[39m &amp#27;[90m{}&amp#27;[39m
[debug] &amp#27;[35m[W3C (cd98397c)]&amp#27;[39m Calling AppiumDriver.elementDisplayed() with args: ["45c20a5a-d562-4d69-b158-c5dd075043c5","cd98397c-9398-4a86-9a73-688adb2a4c5c"]
[debug] &amp#27;[35m[WD Proxy]&amp#27;[39m Matched '/element/45c20a5a-d562-4d69-b158-c5dd075043c5/attribute/displayed' to command name 'getAttribute'
[debug] &amp#27;[35m[WD Proxy]&amp#27;[39m Proxying [GET /element/45c20a5a-d562-4d69-b158-c5dd075043c5/attribute/displayed] to [GET http://127.0.0.1:8215/wd/hub/session/18c72223-96ff-456f-a013-759294f76d4e/element/45c20a5a-d562-4d69-b158-c5dd075043c5/attribute/displayed] with no body
[debug] &amp#27;[35m[WD Proxy]&amp#27;[39m Got response with status 200: {"sessionId":"18c72223-96ff-456f-a013-759294f76d4e","value":"true"}
[debug] &amp#27;[35m[W3C (cd98397c)]&amp#27;[39m Responding to client with driver.elementDisplayed() result: true
&amp#27;[35m[HTTP]&amp#27;[39m &amp#27;[37m<-- GET /wd/hub/session/cd98397c-9398-4a86-9a73-688adb2a4c5c/element/45c20a5a-d562-4d69-b158-c5dd075043c5/displayed &amp#27;[39m&amp#27;[32m200&amp#27;[39m &amp#27;[90m14 ms - 14&amp#27;[39m
&amp#27;[35m[HTTP]&amp#27;[39m &amp#27;[90m&amp#27;[39m
&amp#27;[35m[HTTP]&amp#27;[39m &amp#27;[37m-->&amp#27;[39m &amp#27;[37mGET&amp#27;[39m &amp#27;[37m/wd/hub/session/cd98397c-9398-4a86-9a73-688adb2a4c5c&amp#27;[39m
&amp#27;[35m[HTTP]&amp#27;[39m &amp#27;[90m{}&amp#27;[39m
[debug] &amp#27;[35m[W3C (cd98397c)]&amp#27;[39m Calling AppiumDriver.getSession() with args: ["cd98397c-9398-4a86-9a73-688adb2a4c5c"]
[debug] &amp#27;[35m[UiAutomator2]&amp#27;[39m Getting session details from server to mix in
[debug] &amp#27;[35m[WD Proxy]&amp#27;[39m Matched '/' to command name 'getSession'
[debug] &amp#27;[35m[WD Proxy]&amp#27;[39m Proxying [GET /] to [GET http://127.0.0.1:8215/wd/hub/session/18c72223-96ff-456f-a013-759294f76d4e] with no body
[debug] &amp#27;[35m[WD Proxy]&amp#27;[39m Got response with status 200: {"sessionId":"18c72223-96ff-456f-a013-759294f76d4e","value":{"lastScrollData":null}}
[debug] &amp#27;[35m[W3C (cd98397c)]&amp#27;[39m Responding to client with driver.getSession() result: {"platform":"LINUX","webStorageEnabled":false,"takesScreenshot":true,"javascriptEnabled":true,"databaseEnabled":false,"networkConnectionEnabled":true,"locationContextEnabled":false,"warnings":{},"desired":{"platformName":"android","app":"C:\\Users\\Anis\\eclipse-workspace\\Appium\\src\\ApiDemos-debug.apk","deviceName":"Redmi","newCommandTimeout":14},"platformName":"android","app":"C:\\Users\\Anis\\eclipse-workspace\\Appium\\src\\ApiDemos-debug.apk","deviceName":"55272e729804","newCommandTimeout":14,"deviceUDID":"55272e729804","appPackage":"io.appium.android.apis","deviceApiLevel":24,"platformVersion":"7.0","deviceScreenSize":"1080x1920","deviceScreenDensity":480,"deviceModel":"Redmi Note 4","deviceManufacturer":"Xiaomi","pixelRatio":3,"statBarHeight":72,"viewportRect":{"left":0,"top":72,"width":1080,"height":1848},"lastScrollData":null}
&amp#27;[35m[HTTP]&amp#27;[39m &amp#27;[37m<-- GET /wd/hub/session/cd98397c-9398-4a86-9a73-688adb2a4c5c &amp#27;[39m&amp#27;[32m200&amp#27;[39m &amp#27;[90m11 ms - 858&amp#27;[39m
&amp#27;[35m[HTTP]&amp#27;[39m &amp#27;[90m&amp#27;[39m
&amp#27;[35m[HTTP]&amp#27;[39m &amp#27;[37m-->&amp#27;[39m &amp#27;[37mPOST&amp#27;[39m &amp#27;[37m/wd/hub/session/cd98397c-9398-4a86-9a73-688adb2a4c5c/element&amp#27;[39m
&amp#27;[35m[HTTP]&amp#27;[39m &amp#27;[90m{"using":"xpath","value":"//android.widget.RadialTimePickerView.RadialPickerTouchHelper[@content-desc=\"9\"]"}&amp#27;[39m
[debug] &amp#27;[35m[W3C (cd98397c)]&amp#27;[39m Calling AppiumDriver.findElement() with args: ["xpath","//android.widget.RadialTimePickerView.RadialPickerTouchHelper[@content-desc=\"9\"]","cd98397c-9398-4a86-9a73-688adb2a4c5c"]
[debug] &amp#27;[35m[BaseDriver]&amp#27;[39m Valid locator strategies for this request: xpath, id, class name, accessibility id, css selector, -android uiautomator
[debug] &amp#27;[35m[BaseDriver]&amp#27;[39m Waiting up to 0 ms for condition
[debug] &amp#27;[35m[WD Proxy]&amp#27;[39m Matched '/element' to command name 'findElement'
[debug] &amp#27;[35m[WD Proxy]&amp#27;[39m Proxying [POST /element] to [POST http://127.0.0.1:8215/wd/hub/session/18c72223-96ff-456f-a013-759294f76d4e/element] with body: {"strategy":"xpath","selector":"//android.widget.RadialTimePickerView.RadialPickerTouchHelper[@content-desc=\"9\"]","context":"","multiple":false}
[debug] &amp#27;[35m[WD Proxy]&amp#27;[39m Got response with status 200: {"sessionId":"18c72223-96ff-456f-a013-759294f76d4e","value":{"ELEMENT":"2602be44-265b-4181-9eb3-c963f365f973","element-6066-11e4-a52e-4f735466cecf":"2602be44-265b-4181-9eb3-c963f365f973"}}
[debug] &amp#27;[35m[W3C (cd98397c)]&amp#27;[39m Responding to client with driver.findElement() result: {"element-6066-11e4-a52e-4f735466cecf":"2602be44-265b-4181-9eb3-c963f365f973","ELEMENT":"2602be44-265b-4181-9eb3-c963f365f973"}
&amp#27;[35m[HTTP]&amp#27;[39m &amp#27;[37m<-- POST /wd/hub/session/cd98397c-9398-4a86-9a73-688adb2a4c5c/element &amp#27;[39m&amp#27;[32m200&amp#27;[39m &amp#27;[90m58 ms - 137&amp#27;[39m
&amp#27;[35m[HTTP]&amp#27;[39m &amp#27;[90m&amp#27;[39m
&amp#27;[35m[HTTP]&amp#27;[39m &amp#27;[37m-->&amp#27;[39m &amp#27;[37mGET&amp#27;[39m &amp#27;[37m/wd/hub/session/cd98397c-9398-4a86-9a73-688adb2a4c5c/element/2602be44-265b-4181-9eb3-c963f365f973/enabled&amp#27;[39m
&amp#27;[35m[HTTP]&amp#27;[39m &amp#27;[90m{}&amp#27;[39m
[debug] &amp#27;[35m[W3C (cd98397c)]&amp#27;[39m Calling AppiumDriver.elementEnabled() with args: ["2602be44-265b-4181-9eb3-c963f365f973","cd98397c-9398-4a86-9a73-688adb2a4c5c"]
[debug] &amp#27;[35m[WD Proxy]&amp#27;[39m Matched '/element/2602be44-265b-4181-9eb3-c963f365f973/attribute/enabled' to command name 'getAttribute'
[debug] &amp#27;[35m[WD Proxy]&amp#27;[39m Proxying [GET /element/2602be44-265b-4181-9eb3-c963f365f973/attribute/enabled] to [GET http://127.0.0.1:8215/wd/hub/session/18c72223-96ff-456f-a013-759294f76d4e/element/2602be44-265b-4181-9eb3-c963f365f973/attribute/enabled] with no body
[debug] &amp#27;[35m[WD Proxy]&amp#27;[39m Got response with status 200: {"sessionId":"18c72223-96ff-456f-a013-759294f76d4e","value":"true"}
[debug] &amp#27;[35m[W3C (cd98397c)]&amp#27;[39m Responding to client with driver.elementEnabled() result: true
&amp#27;[35m[HTTP]&amp#27;[39m &amp#27;[37m<-- GET /wd/hub/session/cd98397c-9398-4a86-9a73-688adb2a4c5c/element/2602be44-265b-4181-9eb3-c963f365f973/enabled &amp#27;[39m&amp#27;[32m200&amp#27;[39m &amp#27;[90m12 ms - 14&amp#27;[39m
&amp#27;[35m[HTTP]&amp#27;[39m &amp#27;[90m&amp#27;[39m
&amp#27;[35m[HTTP]&amp#27;[39m &amp#27;[37m-->&amp#27;[39m &amp#27;[37mPOST&amp#27;[39m &amp#27;[37m/wd/hub/session/cd98397c-9398-4a86-9a73-688adb2a4c5c/timeouts&amp#27;[39m
&amp#27;[35m[HTTP]&amp#27;[39m &amp#27;[90m{"implicit":10000}&amp#27;[39m
[debug] &amp#27;[35m[W3C (cd98397c)]&amp#27;[39m Calling AppiumDriver.timeouts() with args: [null,null,null,null,10000,"cd98397c-9398-4a86-9a73-688adb2a4c5c"]
[debug] &amp#27;[35m[BaseDriver]&amp#27;[39m W3C timeout argument: {"implicit":10000}}
[debug] &amp#27;[35m[BaseDriver]&amp#27;[39m Set implicit wait to 10000ms
[debug] &amp#27;[35m[W3C (cd98397c)]&amp#27;[39m Responding to client with driver.timeouts() result: null
&amp#27;[35m[HTTP]&amp#27;[39m &amp#27;[37m<-- POST /wd/hub/session/cd98397c-9398-4a86-9a73-688adb2a4c5c/timeouts &amp#27;[39m&amp#27;[32m200&amp#27;[39m &amp#27;[90m2 ms - 14&amp#27;[39m
&amp#27;[35m[HTTP]&amp#27;[39m &amp#27;[90m&amp#27;[39m
&amp#27;[35m[HTTP]&amp#27;[39m &amp#27;[37m-->&amp#27;[39m &amp#27;[37mGET&amp#27;[39m &amp#27;[37m/wd/hub/session/cd98397c-9398-4a86-9a73-688adb2a4c5c&amp#27;[39m
&amp#27;[35m[HTTP]&amp#27;[39m &amp#27;[90m{}&amp#27;[39m
[debug] &amp#27;[35m[W3C (cd98397c)]&amp#27;[39m Calling AppiumDriver.getSession() with args: ["cd98397c-9398-4a86-9a73-688adb2a4c5c"]
[debug] &amp#27;[35m[UiAutomator2]&amp#27;[39m Getting session details from server to mix in
[debug] &amp#27;[35m[WD Proxy]&amp#27;[39m Matched '/' to command name 'getSession'
[debug] &amp#27;[35m[WD Proxy]&amp#27;[39m Proxying [GET /] to [GET http://127.0.0.1:8215/wd/hub/session/18c72223-96ff-456f-a013-759294f76d4e] with no body
[debug] &amp#27;[35m[WD Proxy]&amp#27;[39m Got response with status 200: {"sessionId":"18c72223-96ff-456f-a013-759294f76d4e","value":{"lastScrollData":null}}
[debug] &amp#27;[35m[W3C (cd98397c)]&amp#27;[39m Responding to client with driver.getSession() result: {"platform":"LINUX","webStorageEnabled":false,"takesScreenshot":true,"javascriptEnabled":true,"databaseEnabled":false,"networkConnectionEnabled":true,"locationContextEnabled":false,"warnings":{},"desired":{"platformName":"android","app":"C:\\Users\\Anis\\eclipse-workspace\\Appium\\src\\ApiDemos-debug.apk","deviceName":"Redmi","newCommandTimeout":14},"platformName":"android","app":"C:\\Users\\Anis\\eclipse-workspace\\Appium\\src\\ApiDemos-debug.apk","deviceName":"55272e729804","newCommandTimeout":14,"deviceUDID":"55272e729804","appPackage":"io.appium.android.apis","deviceApiLevel":24,"platformVersion":"7.0","deviceScreenSize":"1080x1920","deviceScreenDensity":480,"deviceModel":"Redmi Note 4","deviceManufacturer":"Xiaomi","pixelRatio":3,"statBarHeight":72,"viewportRect":{"left":0,"top":72,"width":1080,"height":1848},"lastScrollData":null}
&amp#27;[35m[HTTP]&amp#27;[39m &amp#27;[37m<-- GET /wd/hub/session/cd98397c-9398-4a86-9a73-688adb2a4c5c &amp#27;[39m&amp#27;[32m200&amp#27;[39m &amp#27;[90m9 ms - 858&amp#27;[39m
&amp#27;[35m[HTTP]&amp#27;[39m &amp#27;[90m&amp#27;[39m
&amp#27;[35m[HTTP]&amp#27;[39m &amp#27;[37m-->&amp#27;[39m &amp#27;[37mPOST&amp#27;[39m &amp#27;[37m/wd/hub/session/cd98397c-9398-4a86-9a73-688adb2a4c5c/element&amp#27;[39m
&amp#27;[35m[HTTP]&amp#27;[39m &amp#27;[90m{"using":"xpath","value":"//android.widget.RadialTimePickerView.RadialPickerTouchHelper[@content-desc=\"9\"]"}&amp#27;[39m
[debug] &amp#27;[35m[W3C (cd98397c)]&amp#27;[39m Calling AppiumDriver.findElement() with args: ["xpath","//android.widget.RadialTimePickerView.RadialPickerTouchHelper[@content-desc=\"9\"]","cd98397c-9398-4a86-9a73-688adb2a4c5c"]
[debug] &amp#27;[35m[BaseDriver]&amp#27;[39m Valid locator strategies for this request: xpath, id, class name, accessibility id, css selector, -android uiautomator
[debug] &amp#27;[35m[BaseDriver]&amp#27;[39m Waiting up to 10000 ms for condition
[debug] &amp#27;[35m[WD Proxy]&amp#27;[39m Matched '/element' to command name 'findElement'
[debug] &amp#27;[35m[WD Proxy]&amp#27;[39m Proxying [POST /element] to [POST http://127.0.0.1:8215/wd/hub/session/18c72223-96ff-456f-a013-759294f76d4e/element] with body: {"strategy":"xpath","selector":"//android.widget.RadialTimePickerView.RadialPickerTouchHelper[@content-desc=\"9\"]","context":"","multiple":false}
[debug] &amp#27;[35m[WD Proxy]&amp#27;[39m Got response with status 200: {"sessionId":"18c72223-96ff-456f-a013-759294f76d4e","value":{"ELEMENT":"c24bc4bf-9dbc-412a-9eb8-867de19c59bf","element-6066-11e4-a52e-4f735466cecf":"c24bc4bf-9dbc-412a-9eb8-867de19c59bf"}}
[debug] &amp#27;[35m[W3C (cd98397c)]&amp#27;[39m Responding to client with driver.findElement() result: {"element-6066-11e4-a52e-4f735466cecf":"c24bc4bf-9dbc-412a-9eb8-867de19c59bf","ELEMENT":"c24bc4bf-9dbc-412a-9eb8-867de19c59bf"}
&amp#27;[35m[HTTP]&amp#27;[39m &amp#27;[37m<-- POST /wd/hub/session/cd98397c-9398-4a86-9a73-688adb2a4c5c/element &amp#27;[39m&amp#27;[32m200&amp#27;[39m &amp#27;[90m58 ms - 137&amp#27;[39m
&amp#27;[35m[HTTP]&amp#27;[39m &amp#27;[90m&amp#27;[39m
&amp#27;[35m[HTTP]&amp#27;[39m &amp#27;[37m-->&amp#27;[39m &amp#27;[37mPOST&amp#27;[39m &amp#27;[37m/wd/hub/session/cd98397c-9398-4a86-9a73-688adb2a4c5c/element/c24bc4bf-9dbc-412a-9eb8-867de19c59bf/click&amp#27;[39m
&amp#27;[35m[HTTP]&amp#27;[39m &amp#27;[90m{"id":"c24bc4bf-9dbc-412a-9eb8-867de19c59bf"}&amp#27;[39m
[debug] &amp#27;[35m[W3C (cd98397c)]&amp#27;[39m Calling AppiumDriver.click() with args: ["c24bc4bf-9dbc-412a-9eb8-867de19c59bf","cd98397c-9398-4a86-9a73-688adb2a4c5c"]
[debug] &amp#27;[35m[WD Proxy]&amp#27;[39m Matched '/element/c24bc4bf-9dbc-412a-9eb8-867de19c59bf/click' to command name 'click'
[debug] &amp#27;[35m[WD Proxy]&amp#27;[39m Proxying [POST /element/c24bc4bf-9dbc-412a-9eb8-867de19c59bf/click] to [POST http://127.0.0.1:8215/wd/hub/session/18c72223-96ff-456f-a013-759294f76d4e/element/c24bc4bf-9dbc-412a-9eb8-867de19c59bf/click] with body: {"element":"c24bc4bf-9dbc-412a-9eb8-867de19c59bf"}
[debug] &amp#27;[35m[WD Proxy]&amp#27;[39m Got response with status 200: {"sessionId":"18c72223-96ff-456f-a013-759294f76d4e","value":null}
[debug] &amp#27;[35m[W3C (cd98397c)]&amp#27;[39m Responding to client with driver.click() result: null
&amp#27;[35m[HTTP]&amp#27;[39m &amp#27;[37m<-- POST /wd/hub/session/cd98397c-9398-4a86-9a73-688adb2a4c5c/element/c24bc4bf-9dbc-412a-9eb8-867de19c59bf/click &amp#27;[39m&amp#27;[32m200&amp#27;[39m &amp#27;[90m654 ms - 14&amp#27;[39m
&amp#27;[35m[HTTP]&amp#27;[39m &amp#27;[90m&amp#27;[39m
&amp#27;[35m[HTTP]&amp#27;[39m &amp#27;[37m-->&amp#27;[39m &amp#27;[37mGET&amp#27;[39m &amp#27;[37m/wd/hub/session/cd98397c-9398-4a86-9a73-688adb2a4c5c&amp#27;[39m
&amp#27;[35m[HTTP]&amp#27;[39m &amp#27;[90m{}&amp#27;[39m
[debug] &amp#27;[35m[W3C (cd98397c)]&amp#27;[39m Calling AppiumDriver.getSession() with args: ["cd98397c-9398-4a86-9a73-688adb2a4c5c"]
[debug] &amp#27;[35m[UiAutomator2]&amp#27;[39m Getting session details from server to mix in
[debug] &amp#27;[35m[WD Proxy]&amp#27;[39m Matched '/' to command name 'getSession'
[debug] &amp#27;[35m[WD Proxy]&amp#27;[39m Proxying [GET /] to [GET http://127.0.0.1:8215/wd/hub/session/18c72223-96ff-456f-a013-759294f76d4e] with no body
[debug] &amp#27;[35m[WD Proxy]&amp#27;[39m Got response with status 200: {"sessionId":"18c72223-96ff-456f-a013-759294f76d4e","value":{"lastScrollData":null}}
[debug] &amp#27;[35m[W3C (cd98397c)]&amp#27;[39m Responding to client with driver.getSession() result: {"platform":"LINUX","webStorageEnabled":false,"takesScreenshot":true,"javascriptEnabled":true,"databaseEnabled":false,"networkConnectionEnabled":true,"locationContextEnabled":false,"warnings":{},"desired":{"platformName":"android","app":"C:\\Users\\Anis\\eclipse-workspace\\Appium\\src\\ApiDemos-debug.apk","deviceName":"Redmi","newCommandTimeout":14},"platformName":"android","app":"C:\\Users\\Anis\\eclipse-workspace\\Appium\\src\\ApiDemos-debug.apk","deviceName":"55272e729804","newCommandTimeout":14,"deviceUDID":"55272e729804","appPackage":"io.appium.android.apis","deviceApiLevel":24,"platformVersion":"7.0","deviceScreenSize":"1080x1920","deviceScreenDensity":480,"deviceModel":"Redmi Note 4","deviceManufacturer":"Xiaomi","pixelRatio":3,"statBarHeight":72,"viewportRect":{"left":0,"top":72,"width":1080,"height":1848},"lastScrollData":null}
&amp#27;[35m[HTTP]&amp#27;[39m &amp#27;[37m<-- GET /wd/hub/session/cd98397c-9398-4a86-9a73-688adb2a4c5c &amp#27;[39m&amp#27;[32m200&amp#27;[39m &amp#27;[90m13 ms - 858&amp#27;[39m
&amp#27;[35m[HTTP]&amp#27;[39m &amp#27;[90m&amp#27;[39m
&amp#27;[35m[HTTP]&amp#27;[39m &amp#27;[37m-->&amp#27;[39m &amp#27;[37mGET&amp#27;[39m &amp#27;[37m/wd/hub/session/cd98397c-9398-4a86-9a73-688adb2a4c5c&amp#27;[39m
&amp#27;[35m[HTTP]&amp#27;[39m &amp#27;[90m{}&amp#27;[39m
[debug] &amp#27;[35m[W3C (cd98397c)]&amp#27;[39m Calling AppiumDriver.getSession() with args: ["cd98397c-9398-4a86-9a73-688adb2a4c5c"]
[debug] &amp#27;[35m[UiAutomator2]&amp#27;[39m Getting session details from server to mix in
[debug] &amp#27;[35m[WD Proxy]&amp#27;[39m Matched '/' to command name 'getSession'
[debug] &amp#27;[35m[WD Proxy]&amp#27;[39m Proxying [GET /] to [GET http://127.0.0.1:8215/wd/hub/session/18c72223-96ff-456f-a013-759294f76d4e] with no body
[debug] &amp#27;[35m[WD Proxy]&amp#27;[39m Got response with status 200: {"sessionId":"18c72223-96ff-456f-a013-759294f76d4e","value":{"lastScrollData":null}}
[debug] &amp#27;[35m[W3C (cd98397c)]&amp#27;[39m Responding to client with driver.getSession() result: {"platform":"LINUX","webStorageEnabled":false,"takesScreenshot":true,"javascriptEnabled":true,"databaseEnabled":false,"networkConnectionEnabled":true,"locationContextEnabled":false,"warnings":{},"desired":{"platformName":"android","app":"C:\\Users\\Anis\\eclipse-workspace\\Appium\\src\\ApiDemos-debug.apk","deviceName":"Redmi","newCommandTimeout":14},"platformName":"android","app":"C:\\Users\\Anis\\eclipse-workspace\\Appium\\src\\ApiDemos-debug.apk","deviceName":"55272e729804","newCommandTimeout":14,"deviceUDID":"55272e729804","appPackage":"io.appium.android.apis","deviceApiLevel":24,"platformVersion":"7.0","deviceScreenSize":"1080x1920","deviceScreenDensity":480,"deviceModel":"Redmi Note 4","deviceManufacturer":"Xiaomi","pixelRatio":3,"statBarHeight":72,"viewportRect":{"left":0,"top":72,"width":1080,"height":1848},"lastScrollData":null}
&amp#27;[35m[HTTP]&amp#27;[39m &amp#27;[37m<-- GET /wd/hub/session/cd98397c-9398-4a86-9a73-688adb2a4c5c &amp#27;[39m&amp#27;[32m200&amp#27;[39m &amp#27;[90m9 ms - 858&amp#27;[39m
&amp#27;[35m[HTTP]&amp#27;[39m &amp#27;[90m&amp#27;[39m
&amp#27;[35m[HTTP]&amp#27;[39m &amp#27;[37m-->&amp#27;[39m &amp#27;[37mGET&amp#27;[39m &amp#27;[37m/wd/hub/session/cd98397c-9398-4a86-9a73-688adb2a4c5c&amp#27;[39m
&amp#27;[35m[HTTP]&amp#27;[39m &amp#27;[90m{}&amp#27;[39m
[debug] &amp#27;[35m[W3C (cd98397c)]&amp#27;[39m Calling AppiumDriver.getSession() with args: ["cd98397c-9398-4a86-9a73-688adb2a4c5c"]
[debug] &amp#27;[35m[UiAutomator2]&amp#27;[39m Getting session details from server to mix in
[debug] &amp#27;[35m[WD Proxy]&amp#27;[39m Matched '/' to command name 'getSession'
[debug] &amp#27;[35m[WD Proxy]&amp#27;[39m Proxying [GET /] to [GET http://127.0.0.1:8215/wd/hub/session/18c72223-96ff-456f-a013-759294f76d4e] with no body
[debug] &amp#27;[35m[WD Proxy]&amp#27;[39m Got response with status 200: {"sessionId":"18c72223-96ff-456f-a013-759294f76d4e","value":{"lastScrollData":null}}
[debug] &amp#27;[35m[W3C (cd98397c)]&amp#27;[39m Responding to client with driver.getSession() result: {"platform":"LINUX","webStorageEnabled":false,"takesScreenshot":true,"javascriptEnabled":true,"databaseEnabled":false,"networkConnectionEnabled":true,"locationContextEnabled":false,"warnings":{},"desired":{"platformName":"android","app":"C:\\Users\\Anis\\eclipse-workspace\\Appium\\src\\ApiDemos-debug.apk","deviceName":"Redmi","newCommandTimeout":14},"platformName":"android","app":"C:\\Users\\Anis\\eclipse-workspace\\Appium\\src\\ApiDemos-debug.apk","deviceName":"55272e729804","newCommandTimeout":14,"deviceUDID":"55272e729804","appPackage":"io.appium.android.apis","deviceApiLevel":24,"platformVersion":"7.0","deviceScreenSize":"1080x1920","deviceScreenDensity":480,"deviceModel":"Redmi Note 4","deviceManufacturer":"Xiaomi","pixelRatio":3,"statBarHeight":72,"viewportRect":{"left":0,"top":72,"width":1080,"height":1848},"lastScrollData":null}
&amp#27;[35m[HTTP]&amp#27;[39m &amp#27;[37m<-- GET /wd/hub/session/cd98397c-9398-4a86-9a73-688adb2a4c5c &amp#27;[39m&amp#27;[32m200&amp#27;[39m &amp#27;[90m10 ms - 858&amp#27;[39m
&amp#27;[35m[HTTP]&amp#27;[39m &amp#27;[90m&amp#27;[39m
&amp#27;[35m[HTTP]&amp#27;[39m &amp#27;[37m-->&amp#27;[39m &amp#27;[37mPOST&amp#27;[39m &amp#27;[37m/wd/hub/session/cd98397c-9398-4a86-9a73-688adb2a4c5c/element&amp#27;[39m
&amp#27;[35m[HTTP]&amp#27;[39m &amp#27;[90m{"using":"xpath","value":"//android.widget.RadialTimePickerView.RadialPickerTouchHelper[@content-desc=\"15\"]"}&amp#27;[39m
[debug] &amp#27;[35m[W3C (cd98397c)]&amp#27;[39m Calling AppiumDriver.findElement() with args: ["xpath","//android.widget.RadialTimePickerView.RadialPickerTouchHelper[@content-desc=\"15\"]","cd98397c-9398-4a86-9a73-688adb2a4c5c"]
[debug] &amp#27;[35m[BaseDriver]&amp#27;[39m Valid locator strategies for this request: xpath, id, class name, accessibility id, css selector, -android uiautomator
[debug] &amp#27;[35m[BaseDriver]&amp#27;[39m Waiting up to 10000 ms for condition
[debug] &amp#27;[35m[WD Proxy]&amp#27;[39m Matched '/element' to command name 'findElement'
[debug] &amp#27;[35m[WD Proxy]&amp#27;[39m Proxying [POST /element] to [POST http://127.0.0.1:8215/wd/hub/session/18c72223-96ff-456f-a013-759294f76d4e/element] with body: {"strategy":"xpath","selector":"//android.widget.RadialTimePickerView.RadialPickerTouchHelper[@content-desc=\"15\"]","context":"","multiple":false}
[debug] &amp#27;[35m[WD Proxy]&amp#27;[39m Got response with status 200: {"sessionId":"18c72223-96ff-456f-a013-759294f76d4e","value":{"ELEMENT":"c773e47c-1ead-40cd-8058-bbe2379e5503","element-6066-11e4-a52e-4f735466cecf":"c773e47c-1ead-40cd-8058-bbe2379e5503"}}
[debug] &amp#27;[35m[W3C (cd98397c)]&amp#27;[39m Responding to client with driver.findElement() result: {"element-6066-11e4-a52e-4f735466cecf":"c773e47c-1ead-40cd-8058-bbe2379e5503","ELEMENT":"c773e47c-1ead-40cd-8058-bbe2379e5503"}
&amp#27;[35m[HTTP]&amp#27;[39m &amp#27;[37m<-- POST /wd/hub/session/cd98397c-9398-4a86-9a73-688adb2a4c5c/element &amp#27;[39m&amp#27;[32m200&amp#27;[39m &amp#27;[90m51 ms - 137&amp#27;[39m
&amp#27;[35m[HTTP]&amp#27;[39m &amp#27;[90m&amp#27;[39m
&amp#27;[35m[HTTP]&amp#27;[39m &amp#27;[37m-->&amp#27;[39m &amp#27;[37mGET&amp#27;[39m &amp#27;[37m/wd/hub/session/cd98397c-9398-4a86-9a73-688adb2a4c5c&amp#27;[39m
&amp#27;[35m[HTTP]&amp#27;[39m &amp#27;[90m{}&amp#27;[39m
[debug] &amp#27;[35m[W3C (cd98397c)]&amp#27;[39m Calling AppiumDriver.getSession() with args: ["cd98397c-9398-4a86-9a73-688adb2a4c5c"]
[debug] &amp#27;[35m[UiAutomator2]&amp#27;[39m Getting session details from server to mix in
[debug] &amp#27;[35m[WD Proxy]&amp#27;[39m Matched '/' to command name 'getSession'
[debug] &amp#27;[35m[WD Proxy]&amp#27;[39m Proxying [GET /] to [GET http://127.0.0.1:8215/wd/hub/session/18c72223-96ff-456f-a013-759294f76d4e] with no body
[debug] &amp#27;[35m[WD Proxy]&amp#27;[39m Got response with status 200: {"sessionId":"18c72223-96ff-456f-a013-759294f76d4e","value":{"lastScrollData":null}}
[debug] &amp#27;[35m[W3C (cd98397c)]&amp#27;[39m Responding to client with driver.getSession() result: {"platform":"LINUX","webStorageEnabled":false,"takesScreenshot":true,"javascriptEnabled":true,"databaseEnabled":false,"networkConnectionEnabled":true,"locationContextEnabled":false,"warnings":{},"desired":{"platformName":"android","app":"C:\\Users\\Anis\\eclipse-workspace\\Appium\\src\\ApiDemos-debug.apk","deviceName":"Redmi","newCommandTimeout":14},"platformName":"android","app":"C:\\Users\\Anis\\eclipse-workspace\\Appium\\src\\ApiDemos-debug.apk","deviceName":"55272e729804","newCommandTimeout":14,"deviceUDID":"55272e729804","appPackage":"io.appium.android.apis","deviceApiLevel":24,"platformVersion":"7.0","deviceScreenSize":"1080x1920","deviceScreenDensity":480,"deviceModel":"Redmi Note 4","deviceManufacturer":"Xiaomi","pixelRatio":3,"statBarHeight":72,"viewportRect":{"left":0,"top":72,"width":1080,"height":1848},"lastScrollData":null}
&amp#27;[35m[HTTP]&amp#27;[39m &amp#27;[37m<-- GET /wd/hub/session/cd98397c-9398-4a86-9a73-688adb2a4c5c &amp#27;[39m&amp#27;[32m200&amp#27;[39m &amp#27;[90m13 ms - 858&amp#27;[39m
&amp#27;[35m[HTTP]&amp#27;[39m &amp#27;[90m&amp#27;[39m
&amp#27;[35m[HTTP]&amp#27;[39m &amp#27;[37m-->&amp#27;[39m &amp#27;[37mPOST&amp#27;[39m &amp#27;[37m/wd/hub/session/cd98397c-9398-4a86-9a73-688adb2a4c5c/element&amp#27;[39m
&amp#27;[35m[HTTP]&amp#27;[39m &amp#27;[90m{"using":"xpath","value":"//android.widget.RadialTimePickerView.RadialPickerTouchHelper[@content-desc=\"45\"]"}&amp#27;[39m
[debug] &amp#27;[35m[W3C (cd98397c)]&amp#27;[39m Calling AppiumDriver.findElement() with args: ["xpath","//android.widget.RadialTimePickerView.RadialPickerTouchHelper[@content-desc=\"45\"]","cd98397c-9398-4a86-9a73-688adb2a4c5c"]
[debug] &amp#27;[35m[BaseDriver]&amp#27;[39m Valid locator strategies for this request: xpath, id, class name, accessibility id, css selector, -android uiautomator
[debug] &amp#27;[35m[BaseDriver]&amp#27;[39m Waiting up to 10000 ms for condition
[debug] &amp#27;[35m[WD Proxy]&amp#27;[39m Matched '/element' to command name 'findElement'
[debug] &amp#27;[35m[WD Proxy]&amp#27;[39m Proxying [POST /element] to [POST http://127.0.0.1:8215/wd/hub/session/18c72223-96ff-456f-a013-759294f76d4e/element] with body: {"strategy":"xpath","selector":"//android.widget.RadialTimePickerView.RadialPickerTouchHelper[@content-desc=\"45\"]","context":"","multiple":false}
[debug] &amp#27;[35m[WD Proxy]&amp#27;[39m Got response with status 200: {"sessionId":"18c72223-96ff-456f-a013-759294f76d4e","value":{"ELEMENT":"1b7ff5b8-665d-46c3-aca2-3f7f045f19f9","element-6066-11e4-a52e-4f735466cecf":"1b7ff5b8-665d-46c3-aca2-3f7f045f19f9"}}
[debug] &amp#27;[35m[W3C (cd98397c)]&amp#27;[39m Responding to client with driver.findElement() result: {"element-6066-11e4-a52e-4f735466cecf":"1b7ff5b8-665d-46c3-aca2-3f7f045f19f9","ELEMENT":"1b7ff5b8-665d-46c3-aca2-3f7f045f19f9"}
&amp#27;[35m[HTTP]&amp#27;[39m &amp#27;[37m<-- POST /wd/hub/session/cd98397c-9398-4a86-9a73-688adb2a4c5c/element &amp#27;[39m&amp#27;[32m200&amp#27;[39m &amp#27;[90m52 ms - 137&amp#27;[39m
&amp#27;[35m[HTTP]&amp#27;[39m &amp#27;[90m&amp#27;[39m
&amp#27;[35m[HTTP]&amp#27;[39m &amp#27;[37m-->&amp#27;[39m &amp#27;[37mPOST&amp#27;[39m &amp#27;[37m/wd/hub/session/cd98397c-9398-4a86-9a73-688adb2a4c5c/touch/perform&amp#27;[39m
&amp#27;[35m[HTTP]&amp#27;[39m &amp#27;[90m{"actions":[{"action":"longPress","options":{"duration":2000,"element":"c773e47c-1ead-40cd-8058-bbe2379e5503"}},{"action":"moveTo","options":{"element":"1b7ff5b8-665d-46c3-aca2-3f7f045f19f9"}},{"action":"release","options":{}}]}&amp#27;[39m
[debug] &amp#27;[35m[W3C (cd98397c)]&amp#27;[39m Calling AppiumDriver.performTouch() with args: [[{"action":"longPress","options":{"duration":2000,"element":"c773e47c-1ead-40cd-8058-bbe2379e5503"}},{"action":"moveTo","options":{"element":"1b7ff5b8-665d-46c3-aca2-3f7f045f19f9"}},{"action":"release","options":{}}],"cd98397c-9398-4a86-9a73-688adb2a4c5c"]
&amp#27;[35m[UiAutomator2]&amp#27;[39m calling get location: c773e47c-1ead-40cd-8058-bbe2379e5503
[debug] &amp#27;[35m[WD Proxy]&amp#27;[39m Matched '/element/c773e47c-1ead-40cd-8058-bbe2379e5503/location' to command name 'getLocation'
[debug] &amp#27;[35m[WD Proxy]&amp#27;[39m Proxying [GET /element/c773e47c-1ead-40cd-8058-bbe2379e5503/location] to [GET http://127.0.0.1:8215/wd/hub/session/18c72223-96ff-456f-a013-759294f76d4e/element/c773e47c-1ead-40cd-8058-bbe2379e5503/location] with no body
[debug] &amp#27;[35m[WD Proxy]&amp#27;[39m Got response with status 200: {"sessionId":"18c72223-96ff-456f-a013-759294f76d4e","value":{"x":750,"y":852}}
&amp#27;[35m[UiAutomator2]&amp#27;[39m calling get location: 1b7ff5b8-665d-46c3-aca2-3f7f045f19f9
[debug] &amp#27;[35m[WD Proxy]&amp#27;[39m Matched '/element/1b7ff5b8-665d-46c3-aca2-3f7f045f19f9/location' to command name 'getLocation'
[debug] &amp#27;[35m[WD Proxy]&amp#27;[39m Proxying [GET /element/1b7ff5b8-665d-46c3-aca2-3f7f045f19f9/location] to [GET http://127.0.0.1:8215/wd/hub/session/18c72223-96ff-456f-a013-759294f76d4e/element/1b7ff5b8-665d-46c3-aca2-3f7f045f19f9/location] with no body
[debug] &amp#27;[35m[WD Proxy]&amp#27;[39m Got response with status 200: {"sessionId":"18c72223-96ff-456f-a013-759294f76d4e","value":{"x":210,"y":852}}
[debug] &amp#27;[35m[WD Proxy]&amp#27;[39m Proxying [POST /touch/drag] to [POST http://127.0.0.1:8215/wd/hub/session/18c72223-96ff-456f-a013-759294f76d4e/touch/drag] with body: {"elementId":"c773e47c-1ead-40cd-8058-bbe2379e5503","destElId":"1b7ff5b8-665d-46c3-aca2-3f7f045f19f9","startX":750,"startY":852,"endX":210,"endY":852,"steps":80}
[debug] &amp#27;[35m[WD Proxy]&amp#27;[39m Got response with status 200: {"sessionId":"18c72223-96ff-456f-a013-759294f76d4e","value":null}
[debug] &amp#27;[35m[W3C (cd98397c)]&amp#27;[39m Responding to client with driver.performTouch() result: null
&amp#27;[35m[HTTP]&amp#27;[39m &amp#27;[37m<-- POST /wd/hub/session/cd98397c-9398-4a86-9a73-688adb2a4c5c/touch/perform &amp#27;[39m&amp#27;[32m200&amp#27;[39m &amp#27;[90m7386 ms - 14&amp#27;[39m
&amp#27;[35m[HTTP]&amp#27;[39m &amp#27;[90m&amp#27;[39m
&amp#27;[35m[HTTP]&amp#27;[39m &amp#27;[37m-->&amp#27;[39m &amp#27;[37mPOST&amp#27;[39m &amp#27;[37m/wd/hub/session/cd98397c-9398-4a86-9a73-688adb2a4c5c/back&amp#27;[39m
&amp#27;[35m[HTTP]&amp#27;[39m &amp#27;[90m{}&amp#27;[39m
&amp#27;[35m[W3C (cd98397c)]&amp#27;[39m Driver proxy active, passing request on via HTTP proxy
[debug] &amp#27;[35m[WD Proxy]&amp#27;[39m Matched '/wd/hub/session/cd98397c-9398-4a86-9a73-688adb2a4c5c/back' to command name 'back'
[debug] &amp#27;[35m[WD Proxy]&amp#27;[39m Proxying [POST /wd/hub/session/cd98397c-9398-4a86-9a73-688adb2a4c5c/back] to [POST http://127.0.0.1:8215/wd/hub/session/18c72223-96ff-456f-a013-759294f76d4e/back] with body: {}
[debug] &amp#27;[35m[WD Proxy]&amp#27;[39m Got response with status 200: {"sessionId":"18c72223-96ff-456f-a013-759294f76d4e","value":null}
&amp#27;[35m[WD Proxy]&amp#27;[39m Replacing sessionId 18c72223-96ff-456f-a013-759294f76d4e with cd98397c-9398-4a86-9a73-688adb2a4c5c
&amp#27;[35m[HTTP]&amp#27;[39m &amp#27;[37m<-- POST /wd/hub/session/cd98397c-9398-4a86-9a73-688adb2a4c5c/back &amp#27;[39m&amp#27;[32m200&amp#27;[39m &amp#27;[90m783 ms - 65&amp#27;[39m
&amp#27;[35m[HTTP]&amp#27;[39m &amp#27;[90m&amp#27;[39m
&amp#27;[35m[HTTP]&amp#27;[39m &amp#27;[37m-->&amp#27;[39m &amp#27;[37mPOST&amp#27;[39m &amp#27;[37m/wd/hub/session/cd98397c-9398-4a86-9a73-688adb2a4c5c/back&amp#27;[39m
&amp#27;[35m[HTTP]&amp#27;[39m &amp#27;[90m{}&amp#27;[39m
&amp#27;[35m[W3C (cd98397c)]&amp#27;[39m Driver proxy active, passing request on via HTTP proxy
[debug] &amp#27;[35m[WD Proxy]&amp#27;[39m Matched '/wd/hub/session/cd98397c-9398-4a86-9a73-688adb2a4c5c/back' to command name 'back'
[debug] &amp#27;[35m[WD Proxy]&amp#27;[39m Proxying [POST /wd/hub/session/cd98397c-9398-4a86-9a73-688adb2a4c5c/back] to [POST http://127.0.0.1:8215/wd/hub/session/18c72223-96ff-456f-a013-759294f76d4e/back] with body: {}
[debug] &amp#27;[35m[WD Proxy]&amp#27;[39m Got response with status 200: {"sessionId":"18c72223-96ff-456f-a013-759294f76d4e","value":null}
&amp#27;[35m[WD Proxy]&amp#27;[39m Replacing sessionId 18c72223-96ff-456f-a013-759294f76d4e with cd98397c-9398-4a86-9a73-688adb2a4c5c
&amp#27;[35m[HTTP]&amp#27;[39m &amp#27;[37m<-- POST /wd/hub/session/cd98397c-9398-4a86-9a73-688adb2a4c5c/back &amp#27;[39m&amp#27;[32m200&amp#27;[39m &amp#27;[90m994 ms - 65&amp#27;[39m
&amp#27;[35m[HTTP]&amp#27;[39m &amp#27;[90m&amp#27;[39m
[INFO ] 2021-06-18 15:57:31.032 [main] ExplicitWait - Waiting for element to be visible: Located by By.chained({By.xpath: //android.widget.TextView[@content-desc="Drag and Drop"]})
[INFO ] 2021-06-18 15:57:31.033 [main] ExplicitWait - Waiting for element to be visible: Located by By.chained({By.xpath: //android.widget.TextView[@content-desc="Drag and Drop"]})
&amp#27;[35m[HTTP]&amp#27;[39m &amp#27;[37m-->&amp#27;[39m &amp#27;[37mPOST&amp#27;[39m &amp#27;[37m/wd/hub/session/cd98397c-9398-4a86-9a73-688adb2a4c5c/timeouts&amp#27;[39m
&amp#27;[35m[HTTP]&amp#27;[39m &amp#27;[90m{"implicit":0}&amp#27;[39m
[debug] &amp#27;[35m[W3C (cd98397c)]&amp#27;[39m Calling AppiumDriver.timeouts() with args: [null,null,null,null,0,"cd98397c-9398-4a86-9a73-688adb2a4c5c"]
[debug] &amp#27;[35m[BaseDriver]&amp#27;[39m W3C timeout argument: {"implicit":0}}
[debug] &amp#27;[35m[BaseDriver]&amp#27;[39m Set implicit wait to 0ms
[debug] &amp#27;[35m[W3C (cd98397c)]&amp#27;[39m Responding to client with driver.timeouts() result: null
&amp#27;[35m[HTTP]&amp#27;[39m &amp#27;[37m<-- POST /wd/hub/session/cd98397c-9398-4a86-9a73-688adb2a4c5c/timeouts &amp#27;[39m&amp#27;[32m200&amp#27;[39m &amp#27;[90m3 ms - 14&amp#27;[39m
&amp#27;[35m[HTTP]&amp#27;[39m &amp#27;[90m&amp#27;[39m
&amp#27;[35m[HTTP]&amp#27;[39m &amp#27;[37m-->&amp#27;[39m &amp#27;[37mGET&amp#27;[39m &amp#27;[37m/wd/hub/session/cd98397c-9398-4a86-9a73-688adb2a4c5c&amp#27;[39m
&amp#27;[35m[HTTP]&amp#27;[39m &amp#27;[90m{}&amp#27;[39m
[debug] &amp#27;[35m[W3C (cd98397c)]&amp#27;[39m Calling AppiumDriver.getSession() with args: ["cd98397c-9398-4a86-9a73-688adb2a4c5c"]
[debug] &amp#27;[35m[UiAutomator2]&amp#27;[39m Getting session details from server to mix in
[debug] &amp#27;[35m[WD Proxy]&amp#27;[39m Matched '/' to command name 'getSession'
[debug] &amp#27;[35m[WD Proxy]&amp#27;[39m Proxying [GET /] to [GET http://127.0.0.1:8215/wd/hub/session/18c72223-96ff-456f-a013-759294f76d4e] with no body
[debug] &amp#27;[35m[WD Proxy]&amp#27;[39m Got response with status 200: {"sessionId":"18c72223-96ff-456f-a013-759294f76d4e","value":{"lastScrollData":null}}
[debug] &amp#27;[35m[W3C (cd98397c)]&amp#27;[39m Responding to client with driver.getSession() result: {"platform":"LINUX","webStorageEnabled":false,"takesScreenshot":true,"javascriptEnabled":true,"databaseEnabled":false,"networkConnectionEnabled":true,"locationContextEnabled":false,"warnings":{},"desired":{"platformName":"android","app":"C:\\Users\\Anis\\eclipse-workspace\\Appium\\src\\ApiDemos-debug.apk","deviceName":"Redmi","newCommandTimeout":14},"platformName":"android","app":"C:\\Users\\Anis\\eclipse-workspace\\Appium\\src\\ApiDemos-debug.apk","deviceName":"55272e729804","newCommandTimeout":14,"deviceUDID":"55272e729804","appPackage":"io.appium.android.apis","deviceApiLevel":24,"platformVersion":"7.0","deviceScreenSize":"1080x1920","deviceScreenDensity":480,"deviceModel":"Redmi Note 4","deviceManufacturer":"Xiaomi","pixelRatio":3,"statBarHeight":72,"viewportRect":{"left":0,"top":72,"width":1080,"height":1848},"lastScrollData":null}
&amp#27;[35m[HTTP]&amp#27;[39m &amp#27;[37m<-- GET /wd/hub/session/cd98397c-9398-4a86-9a73-688adb2a4c5c &amp#27;[39m&amp#27;[32m200&amp#27;[39m &amp#27;[90m36 ms - 858&amp#27;[39m
&amp#27;[35m[HTTP]&amp#27;[39m &amp#27;[90m&amp#27;[39m
&amp#27;[35m[HTTP]&amp#27;[39m &amp#27;[37m-->&amp#27;[39m &amp#27;[37mPOST&amp#27;[39m &amp#27;[37m/wd/hub/session/cd98397c-9398-4a86-9a73-688adb2a4c5c/element&amp#27;[39m
&amp#27;[35m[HTTP]&amp#27;[39m &amp#27;[90m{"using":"xpath","value":"//android.widget.TextView[@content-desc=\"Drag and Drop\"]"}&amp#27;[39m
[debug] &amp#27;[35m[W3C (cd98397c)]&amp#27;[39m Calling AppiumDriver.findElement() with args: ["xpath","//android.widget.TextView[@content-desc=\"Drag and Drop\"]","cd98397c-9398-4a86-9a73-688adb2a4c5c"]
[debug] &amp#27;[35m[BaseDriver]&amp#27;[39m Valid locator strategies for this request: xpath, id, class name, accessibility id, css selector, -android uiautomator
[debug] &amp#27;[35m[BaseDriver]&amp#27;[39m Waiting up to 0 ms for condition
[debug] &amp#27;[35m[WD Proxy]&amp#27;[39m Matched '/element' to command name 'findElement'
[debug] &amp#27;[35m[WD Proxy]&amp#27;[39m Proxying [POST /element] to [POST http://127.0.0.1:8215/wd/hub/session/18c72223-96ff-456f-a013-759294f76d4e/element] with body: {"strategy":"xpath","selector":"//android.widget.TextView[@content-desc=\"Drag and Drop\"]","context":"","multiple":false}
[debug] &amp#27;[35m[WD Proxy]&amp#27;[39m Got response with status 200: {"sessionId":"18c72223-96ff-456f-a013-759294f76d4e","value":{"ELEMENT":"59686461-e6b6-4bd5-bcd9-c5d7db9a37b8","element-6066-11e4-a52e-4f735466cecf":"59686461-e6b6-4bd5-bcd9-c5d7db9a37b8"}}
[debug] &amp#27;[35m[W3C (cd98397c)]&amp#27;[39m Responding to client with driver.findElement() result: {"element-6066-11e4-a52e-4f735466cecf":"59686461-e6b6-4bd5-bcd9-c5d7db9a37b8","ELEMENT":"59686461-e6b6-4bd5-bcd9-c5d7db9a37b8"}
&amp#27;[35m[HTTP]&amp#27;[39m &amp#27;[37m<-- POST /wd/hub/session/cd98397c-9398-4a86-9a73-688adb2a4c5c/element &amp#27;[39m&amp#27;[32m200&amp#27;[39m &amp#27;[90m564 ms - 137&amp#27;[39m
&amp#27;[35m[HTTP]&amp#27;[39m &amp#27;[90m&amp#27;[39m
&amp#27;[35m[HTTP]&amp#27;[39m &amp#27;[37m-->&amp#27;[39m &amp#27;[37mGET&amp#27;[39m &amp#27;[37m/wd/hub/session/cd98397c-9398-4a86-9a73-688adb2a4c5c/element/59686461-e6b6-4bd5-bcd9-c5d7db9a37b8/displayed&amp#27;[39m
&amp#27;[35m[HTTP]&amp#27;[39m &amp#27;[90m{}&amp#27;[39m
[debug] &amp#27;[35m[W3C (cd98397c)]&amp#27;[39m Calling AppiumDriver.elementDisplayed() with args: ["59686461-e6b6-4bd5-bcd9-c5d7db9a37b8","cd98397c-9398-4a86-9a73-688adb2a4c5c"]
[debug] &amp#27;[35m[WD Proxy]&amp#27;[39m Matched '/element/59686461-e6b6-4bd5-bcd9-c5d7db9a37b8/attribute/displayed' to command name 'getAttribute'
[debug] &amp#27;[35m[WD Proxy]&amp#27;[39m Proxying [GET /element/59686461-e6b6-4bd5-bcd9-c5d7db9a37b8/attribute/displayed] to [GET http://127.0.0.1:8215/wd/hub/session/18c72223-96ff-456f-a013-759294f76d4e/element/59686461-e6b6-4bd5-bcd9-c5d7db9a37b8/attribute/displayed] with no body
[debug] &amp#27;[35m[WD Proxy]&amp#27;[39m Got response with status 200: {"sessionId":"18c72223-96ff-456f-a013-759294f76d4e","value":"true"}
[debug] &amp#27;[35m[W3C (cd98397c)]&amp#27;[39m Responding to client with driver.elementDisplayed() result: true
&amp#27;[35m[HTTP]&amp#27;[39m &amp#27;[37m<-- GET /wd/hub/session/cd98397c-9398-4a86-9a73-688adb2a4c5c/element/59686461-e6b6-4bd5-bcd9-c5d7db9a37b8/displayed &amp#27;[39m&amp#27;[32m200&amp#27;[39m &amp#27;[90m15 ms - 14&amp#27;[39m
&amp#27;[35m[HTTP]&amp#27;[39m &amp#27;[90m&amp#27;[39m
&amp#27;[35m[HTTP]&amp#27;[39m &amp#27;[37m-->&amp#27;[39m &amp#27;[37mPOST&amp#27;[39m &amp#27;[37m/wd/hub/session/cd98397c-9398-4a86-9a73-688adb2a4c5c/timeouts&amp#27;[39m
&amp#27;[35m[HTTP]&amp#27;[39m &amp#27;[90m{"implicit":10000}&amp#27;[39m
[debug] &amp#27;[35m[W3C (cd98397c)]&amp#27;[39m Calling AppiumDriver.timeouts() with args: [null,null,null,null,10000,"cd98397c-9398-4a86-9a73-688adb2a4c5c"]
[debug] &amp#27;[35m[BaseDriver]&amp#27;[39m W3C timeout argument: {"implicit":10000}}
[debug] &amp#27;[35m[BaseDriver]&amp#27;[39m Set implicit wait to 10000ms
[debug] &amp#27;[35m[W3C (cd98397c)]&amp#27;[39m Responding to client with driver.timeouts() result: null
[INFO ] 2021-06-18 15:57:31.706 [main] ViewsPage - Clicks The Drag Drop
&amp#27;[35m[HTTP]&amp#27;[39m &amp#27;[3[INFO ] 2021-06-18 15:57:31.706 [main] ExplicitWait - Waiting for element to be clickable: Located by By.chained({By.xpath: //android.widget.TextView[@content-desc="Drag and Drop"]})
7m<-- POST /wd/hub/session/cd98397c-9398-4a86-9a73-688adb2a4c5c/timeouts &amp#27;[39m&amp#27;[32m200&amp#27;[39m &amp#27;[90m2 ms - 14&amp#27;[39m
&amp#27;[35m[HTTP]&amp#27;[39m &amp#27;[90m&amp#27;[39m
&amp#27;[35m[HTTP]&amp#27;[39m &amp#27;[37m-->&amp#27;[39m &amp#27;[37mPOST&amp#27;[39m &amp#27;[37m/wd/hub/session/cd98397c-9398-4a86-9a73-688adb2a4c5c/timeouts&amp#27;[39m
&amp#27;[35m[HTTP]&amp#27;[39m &amp#27;[90m{"implicit":0}&amp#27;[39m
[debug] &amp#27;[35m[W3C (cd98397c)]&amp#27;[39m Calling AppiumDriver.timeouts() with args: [null,null,null,null,0,"cd98397c-9398-4a86-9a73-688adb2a4c5c"]
[debug] &amp#27;[35m[BaseDriver]&amp#27;[39m W3C timeout argument: {"implicit":0}}
[debug] &amp#27;[35m[BaseDriver]&amp#27;[39m Set implicit wait to 0ms
[debug] &amp#27;[35m[W3C (cd98397c)]&amp#27;[39m Responding to client with driver.timeouts() result: null
&amp#27;[35m[HTTP]&amp#27;[39m &amp#27;[37m<-- POST /wd/hub/session/cd98397c-9398-4a86-9a73-688adb2a4c5c/timeouts &amp#27;[39m&amp#27;[32m200&amp#27;[39m &amp#27;[90m2 ms - 14&amp#27;[39m
&amp#27;[35m[HTTP]&amp#27;[39m &amp#27;[90m&amp#27;[39m
&amp#27;[35m[HTTP]&amp#27;[39m &amp#27;[37m-->&amp#27;[39m &amp#27;[37mGET&amp#27;[39m &amp#27;[37m/wd/hub/session/cd98397c-9398-4a86-9a73-688adb2a4c5c&amp#27;[39m
&amp#27;[35m[HTTP]&amp#27;[39m &amp#27;[90m{}&amp#27;[39m
[debug] &amp#27;[35m[W3C (cd98397c)]&amp#27;[39m Calling AppiumDriver.getSession() with args: ["cd98397c-9398-4a86-9a73-688adb2a4c5c"]
[debug] &amp#27;[35m[UiAutomator2]&amp#27;[39m Getting session details from server to mix in
[debug] &amp#27;[35m[WD Proxy]&amp#27;[39m Matched '/' to command name 'getSession'
[debug] &amp#27;[35m[WD Proxy]&amp#27;[39m Proxying [GET /] to [GET http://127.0.0.1:8215/wd/hub/session/18c72223-96ff-456f-a013-759294f76d4e] with no body
[debug] &amp#27;[35m[WD Proxy]&amp#27;[39m Got response with status 200: {"sessionId":"18c72223-96ff-456f-a013-759294f76d4e","value":{"lastScrollData":null}}
[debug] &amp#27;[35m[W3C (cd98397c)]&amp#27;[39m Responding to client with driver.getSession() result: {"platform":"LINUX","webStorageEnabled":false,"takesScreenshot":true,"javascriptEnabled":true,"databaseEnabled":false,"networkConnectionEnabled":true,"locationContextEnabled":false,"warnings":{},"desired":{"platformName":"android","app":"C:\\Users\\Anis\\eclipse-workspace\\Appium\\src\\ApiDemos-debug.apk","deviceName":"Redmi","newCommandTimeout":14},"platformName":"android","app":"C:\\Users\\Anis\\eclipse-workspace\\Appium\\src\\ApiDemos-debug.apk","deviceName":"55272e729804","newCommandTimeout":14,"deviceUDID":"55272e729804","appPackage":"io.appium.android.apis","deviceApiLevel":24,"platformVersion":"7.0","deviceScreenSize":"1080x1920","deviceScreenDensity":480,"deviceModel":"Redmi Note 4","deviceManufacturer":"Xiaomi","pixelRatio":3,"statBarHeight":72,"viewportRect":{"left":0,"top":72,"width":1080,"height":1848},"lastScrollData":null}
&amp#27;[35m[HTTP]&amp#27;[39m &amp#27;[37m<-- GET /wd/hub/session/cd98397c-9398-4a86-9a73-688adb2a4c5c &amp#27;[39m&amp#27;[32m200&amp#27;[39m &amp#27;[90m11 ms - 858&amp#27;[39m
&amp#27;[35m[HTTP]&amp#27;[39m &amp#27;[90m&amp#27;[39m
&amp#27;[35m[HTTP]&amp#27;[39m &amp#27;[37m-->&amp#27;[39m &amp#27;[37mPOST&amp#27;[39m &amp#27;[37m/wd/hub/session/cd98397c-9398-4a86-9a73-688adb2a4c5c/element&amp#27;[39m
&amp#27;[35m[HTTP]&amp#27;[39m &amp#27;[90m{"using":"xpath","value":"//android.widget.TextView[@content-desc=\"Drag and Drop\"]"}&amp#27;[39m
[debug] &amp#27;[35m[W3C (cd98397c)]&amp#27;[39m Calling AppiumDriver.findElement() with args: ["xpath","//android.widget.TextView[@content-desc=\"Drag and Drop\"]","cd98397c-9398-4a86-9a73-688adb2a4c5c"]
[debug] &amp#27;[35m[BaseDriver]&amp#27;[39m Valid locator strategies for this request: xpath, id, class name, accessibility id, css selector, -android uiautomator
[debug] &amp#27;[35m[BaseDriver]&amp#27;[39m Waiting up to 0 ms for condition
[debug] &amp#27;[35m[WD Proxy]&amp#27;[39m Matched '/element' to command name 'findElement'
[debug] &amp#27;[35m[WD Proxy]&amp#27;[39m Proxying [POST /element] to [POST http://127.0.0.1:8215/wd/hub/session/18c72223-96ff-456f-a013-759294f76d4e/element] with body: {"strategy":"xpath","selector":"//android.widget.TextView[@content-desc=\"Drag and Drop\"]","context":"","multiple":false}
[debug] &amp#27;[35m[WD Proxy]&amp#27;[39m Got response with status 200: {"sessionId":"18c72223-96ff-456f-a013-759294f76d4e","value":{"ELEMENT":"e0a44154-c551-4495-9c56-791d02075a53","element-6066-11e4-a52e-4f735466cecf":"e0a44154-c551-4495-9c56-791d02075a53"}}
[debug] &amp#27;[35m[W3C (cd98397c)]&amp#27;[39m Responding to client with driver.findElement() result: {"element-6066-11e4-a52e-4f735466cecf":"e0a44154-c551-4495-9c56-791d02075a53","ELEMENT":"e0a44154-c551-4495-9c56-791d02075a53"}
&amp#27;[35m[HTTP]&amp#27;[39m &amp#27;[37m<-- POST /wd/hub/session/cd98397c-9398-4a86-9a73-688adb2a4c5c/element &amp#27;[39m&amp#27;[32m200&amp#27;[39m &amp#27;[90m44 ms - 137&amp#27;[39m
&amp#27;[35m[HTTP]&amp#27;[39m &amp#27;[90m&amp#27;[39m
&amp#27;[35m[HTTP]&amp#27;[39m &amp#27;[37m-->&amp#27;[39m &amp#27;[37mGET&amp#27;[39m &amp#27;[37m/wd/hub/session/cd98397c-9398-4a86-9a73-688adb2a4c5c/element/e0a44154-c551-4495-9c56-791d02075a53/displayed&amp#27;[39m
&amp#27;[35m[HTTP]&amp#27;[39m &amp#27;[90m{}&amp#27;[39m
[debug] &amp#27;[35m[W3C (cd98397c)]&amp#27;[39m Calling AppiumDriver.elementDisplayed() with args: ["e0a44154-c551-4495-9c56-791d02075a53","cd98397c-9398-4a86-9a73-688adb2a4c5c"]
[debug] &amp#27;[35m[WD Proxy]&amp#27;[39m Matched '/element/e0a44154-c551-4495-9c56-791d02075a53/attribute/displayed' to command name 'getAttribute'
[debug] &amp#27;[35m[WD Proxy]&amp#27;[39m Proxying [GET /element/e0a44154-c551-4495-9c56-791d02075a53/attribute/displayed] to [GET http://127.0.0.1:8215/wd/hub/session/18c72223-96ff-456f-a013-759294f76d4e/element/e0a44154-c551-4495-9c56-791d02075a53/attribute/displayed] with no body
[debug] &amp#27;[35m[WD Proxy]&amp#27;[39m Got response with status 200: {"sessionId":"18c72223-96ff-456f-a013-759294f76d4e","value":"true"}
[debug] &amp#27;[35m[W3C (cd98397c)]&amp#27;[39m Responding to client with driver.elementDisplayed() result: true
&amp#27;[35m[HTTP]&amp#27;[39m &amp#27;[37m<-- GET /wd/hub/session/cd98397c-9398-4a86-9a73-688adb2a4c5c/element/e0a44154-c551-4495-9c56-791d02075a53/displayed &amp#27;[39m&amp#27;[32m200&amp#27;[39m &amp#27;[90m14 ms - 14&amp#27;[39m
&amp#27;[35m[HTTP]&amp#27;[39m &amp#27;[90m&amp#27;[39m
&amp#27;[35m[HTTP]&amp#27;[39m &amp#27;[37m-->&amp#27;[39m &amp#27;[37mGET&amp#27;[39m &amp#27;[37m/wd/hub/session/cd98397c-9398-4a86-9a73-688adb2a4c5c&amp#27;[39m
&amp#27;[35m[HTTP]&amp#27;[39m &amp#27;[90m{}&amp#27;[39m
[debug] &amp#27;[35m[W3C (cd98397c)]&amp#27;[39m Calling AppiumDriver.getSession() with args: ["cd98397c-9398-4a86-9a73-688adb2a4c5c"]
[debug] &amp#27;[35m[UiAutomator2]&amp#27;[39m Getting session details from server to mix in
[debug] &amp#27;[35m[WD Proxy]&amp#27;[39m Matched '/' to command name 'getSession'
[debug] &amp#27;[35m[WD Proxy]&amp#27;[39m Proxying [GET /] to [GET http://127.0.0.1:8215/wd/hub/session/18c72223-96ff-456f-a013-759294f76d4e] with no body
[debug] &amp#27;[35m[WD Proxy]&amp#27;[39m Got response with status 200: {"sessionId":"18c72223-96ff-456f-a013-759294f76d4e","value":{"lastScrollData":null}}
[debug] &amp#27;[35m[W3C (cd98397c)]&amp#27;[39m Responding to client with driver.getSession() result: {"platform":"LINUX","webStorageEnabled":false,"takesScreenshot":true,"javascriptEnabled":true,"databaseEnabled":false,"networkConnectionEnabled":true,"locationContextEnabled":false,"warnings":{},"desired":{"platformName":"android","app":"C:\\Users\\Anis\\eclipse-workspace\\Appium\\src\\ApiDemos-debug.apk","deviceName":"Redmi","newCommandTimeout":14},"platformName":"android","app":"C:\\Users\\Anis\\eclipse-workspace\\Appium\\src\\ApiDemos-debug.apk","deviceName":"55272e729804","newCommandTimeout":14,"deviceUDID":"55272e729804","appPackage":"io.appium.android.apis","deviceApiLevel":24,"platformVersion":"7.0","deviceScreenSize":"1080x1920","deviceScreenDensity":480,"deviceModel":"Redmi Note 4","deviceManufacturer":"Xiaomi","pixelRatio":3,"statBarHeight":72,"viewportRect":{"left":0,"top":72,"width":1080,"height":1848},"lastScrollData":null}
&amp#27;[35m[HTTP]&amp#27;[39m &amp#27;[37m<-- GET /wd/hub/session/cd98397c-9398-4a86-9a73-688adb2a4c5c &amp#27;[39m&amp#27;[32m200&amp#27;[39m &amp#27;[90m10 ms - 858&amp#27;[39m
&amp#27;[35m[HTTP]&amp#27;[39m &amp#27;[90m&amp#27;[39m
&amp#27;[35m[HTTP]&amp#27;[39m &amp#27;[37m-->&amp#27;[39m &amp#27;[37mPOST&amp#27;[39m &amp#27;[37m/wd/hub/session/cd98397c-9398-4a86-9a73-688adb2a4c5c/element&amp#27;[39m
&amp#27;[35m[HTTP]&amp#27;[39m &amp#27;[90m{"using":"xpath","value":"//android.widget.TextView[@content-desc=\"Drag and Drop\"]"}&amp#27;[39m
[debug] &amp#27;[35m[W3C (cd98397c)]&amp#27;[39m Calling AppiumDriver.findElement() with args: ["xpath","//android.widget.TextView[@content-desc=\"Drag and Drop\"]","cd98397c-9398-4a86-9a73-688adb2a4c5c"]
[debug] &amp#27;[35m[BaseDriver]&amp#27;[39m Valid locator strategies for this request: xpath, id, class name, accessibility id, css selector, -android uiautomator
[debug] &amp#27;[35m[BaseDriver]&amp#27;[39m Waiting up to 0 ms for condition
[debug] &amp#27;[35m[WD Proxy]&amp#27;[39m Matched '/element' to command name 'findElement'
[debug] &amp#27;[35m[WD Proxy]&amp#27;[39m Proxying [POST /element] to [POST http://127.0.0.1:8215/wd/hub/session/18c72223-96ff-456f-a013-759294f76d4e/element] with body: {"strategy":"xpath","selector":"//android.widget.TextView[@content-desc=\"Drag and Drop\"]","context":"","multiple":false}
[debug] &amp#27;[35m[WD Proxy]&amp#27;[39m Got response with status 200: {"sessionId":"18c72223-96ff-456f-a013-759294f76d4e","value":{"ELEMENT":"09fa6333-4c3e-4efb-a734-53c9b25173b5","element-6066-11e4-a52e-4f735466cecf":"09fa6333-4c3e-4efb-a734-53c9b25173b5"}}
[debug] &amp#27;[35m[W3C (cd98397c)]&amp#27;[39m Responding to client with driver.findElement() result: {"element-6066-11e4-a52e-4f735466cecf":"09fa6333-4c3e-4efb-a734-53c9b25173b5","ELEMENT":"09fa6333-4c3e-4efb-a734-53c9b25173b5"}
&amp#27;[35m[HTTP]&amp#27;[39m &amp#27;[37m<-- POST /wd/hub/session/cd98397c-9398-4a86-9a73-688adb2a4c5c/element &amp#27;[39m&amp#27;[32m200&amp#27;[39m &amp#27;[90m93 ms - 137&amp#27;[39m
&amp#27;[35m[HTTP]&amp#27;[39m &amp#27;[90m&amp#27;[39m
&amp#27;[35m[HTTP]&amp#27;[39m &amp#27;[37m-->&amp#27;[39m &amp#27;[37mGET&amp#27;[39m &amp#27;[37m/wd/hub/session/cd98397c-9398-4a86-9a73-688adb2a4c5c/element/09fa6333-4c3e-4efb-a734-53c9b25173b5/enabled&amp#27;[39m
&amp#27;[35m[HTTP]&amp#27;[39m &amp#27;[90m{}&amp#27;[39m
[debug] &amp#27;[35m[W3C (cd98397c)]&amp#27;[39m Calling AppiumDriver.elementEnabled() with args: ["09fa6333-4c3e-4efb-a734-53c9b25173b5","cd98397c-9398-4a86-9a73-688adb2a4c5c"]
[debug] &amp#27;[35m[WD Proxy]&amp#27;[39m Matched '/element/09fa6333-4c3e-4efb-a734-53c9b25173b5/attribute/enabled' to command name 'getAttribute'
[debug] &amp#27;[35m[WD Proxy]&amp#27;[39m Proxying [GET /element/09fa6333-4c3e-4efb-a734-53c9b25173b5/attribute/enabled] to [GET http://127.0.0.1:8215/wd/hub/session/18c72223-96ff-456f-a013-759294f76d4e/element/09fa6333-4c3e-4efb-a734-53c9b25173b5/attribute/enabled] with no body
[debug] &amp#27;[35m[WD Proxy]&amp#27;[39m Got response with status 200: {"sessionId":"18c72223-96ff-456f-a013-759294f76d4e","value":"true"}
[debug] &amp#27;[35m[W3C (cd98397c)]&amp#27;[39m Responding to client with driver.elementEnabled() result: true
&amp#27;[35m[HTTP]&amp#27;[39m &amp#27;[37m<-- GET /wd/hub/session/cd98397c-9398-4a86-9a73-688adb2a4c5c/element/09fa6333-4c3e-4efb-a734-53c9b25173b5/enabled &amp#27;[39m&amp#27;[32m200&amp#27;[39m &amp#27;[90m14 ms - 14&amp#27;[39m
&amp#27;[35m[HTTP]&amp#27;[39m &amp#27;[90m&amp#27;[39m
&amp#27;[35m[HTTP]&amp#27;[39m &amp#27;[37m-->&amp#27;[39m &amp#27;[37mPOST&amp#27;[39m &amp#27;[37m/wd/hub/session/cd98397c-9398-4a86-9a73-688adb2a4c5c/timeouts&amp#27;[39m
&amp#27;[35m[HTTP]&amp#27;[39m &amp#27;[90m{"implicit":10000}&amp#27;[39m
[debug] &amp#27;[35m[W3C (cd98397c)]&amp#27;[39m Calling AppiumDriver.timeouts() with args: [null,null,null,null,10000,"cd98397c-9398-4a86-9a73-688adb2a4c5c"]
[debug] &amp#27;[35m[BaseDriver]&amp#27;[39m W3C timeout argument: {"implicit":10000}}
[debug] &amp#27;[35m[BaseDriver]&amp#27;[39m Set implicit wait to 10000ms
[debug] &amp#27;[35m[W3C (cd98397c)]&amp#27;[39m Responding to client with driver.timeouts() result: null
&amp#27;[35m[HTTP]&amp#27;[39m &amp#27;[37m<-- POST /wd/hub/session/cd98397c-9398-4a86-9a73-688adb2a4c5c/timeouts &amp#27;[39m&amp#27;[32m200&amp#27;[39m &amp#27;[90m3 ms - 14&amp#27;[39m
&amp#27;[35m[HTTP]&amp#27;[39m &amp#27;[90m&amp#27;[39m
&amp#27;[35m[HTTP]&amp#27;[39m &amp#27;[37m-->&amp#27;[39m &amp#27;[37mGET&amp#27;[39m &amp#27;[37m/wd/hub/session/cd98397c-9398-4a86-9a73-688adb2a4c5c&amp#27;[39m
&amp#27;[35m[HTTP]&amp#27;[39m &amp#27;[90m{}&amp#27;[39m
[debug] &amp#27;[35m[W3C (cd98397c)]&amp#27;[39m Calling AppiumDriver.getSession() with args: ["cd98397c-9398-4a86-9a73-688adb2a4c5c"]
[debug] &amp#27;[35m[UiAutomator2]&amp#27;[39m Getting session details from server to mix in
[debug] &amp#27;[35m[WD Proxy]&amp#27;[39m Matched '/' to command name 'getSession'
[debug] &amp#27;[35m[WD Proxy]&amp#27;[39m Proxying [GET /] to [GET http://127.0.0.1:8215/wd/hub/session/18c72223-96ff-456f-a013-759294f76d4e] with no body
[debug] &amp#27;[35m[WD Proxy]&amp#27;[39m Got response with status 200: {"sessionId":"18c72223-96ff-456f-a013-759294f76d4e","value":{"lastScrollData":null}}
[debug] &amp#27;[35m[W3C (cd98397c)]&amp#27;[39m Responding to client with driver.getSession() result: {"platform":"LINUX","webStorageEnabled":false,"takesScreenshot":true,"javascriptEnabled":true,"databaseEnabled":false,"networkConnectionEnabled":true,"locationContextEnabled":false,"warnings":{},"desired":{"platformName":"android","app":"C:\\Users\\Anis\\eclipse-workspace\\Appium\\src\\ApiDemos-debug.apk","deviceName":"Redmi","newCommandTimeout":14},"platformName":"android","app":"C:\\Users\\Anis\\eclipse-workspace\\Appium\\src\\ApiDemos-debug.apk","deviceName":"55272e729804","newCommandTimeout":14,"deviceUDID":"55272e729804","appPackage":"io.appium.android.apis","deviceApiLevel":24,"platformVersion":"7.0","deviceScreenSize":"1080x1920","deviceScreenDensity":480,"deviceModel":"Redmi Note 4","deviceManufacturer":"Xiaomi","pixelRatio":3,"statBarHeight":72,"viewportRect":{"left":0,"top":72,"width":1080,"height":1848},"lastScrollData":null}
&amp#27;[35m[HTTP]&amp#27;[39m &amp#27;[37m<-- GET /wd/hub/session/cd98397c-9398-4a86-9a73-688adb2a4c5c &amp#27;[39m&amp#27;[32m200&amp#27;[39m &amp#27;[90m9 ms - 858&amp#27;[39m
&amp#27;[35m[HTTP]&amp#27;[39m &amp#27;[90m&amp#27;[39m
&amp#27;[35m[HTTP]&amp#27;[39m &amp#27;[37m-->&amp#27;[39m &amp#27;[37mPOST&amp#27;[39m &amp#27;[37m/wd/hub/session/cd98397c-9398-4a86-9a73-688adb2a4c5c/element&amp#27;[39m
&amp#27;[35m[HTTP]&amp#27;[39m &amp#27;[90m{"using":"xpath","value":"//android.widget.TextView[@content-desc=\"Drag and Drop\"]"}&amp#27;[39m
[debug] &amp#27;[35m[W3C (cd98397c)]&amp#27;[39m Calling AppiumDriver.findElement() with args: ["xpath","//android.widget.TextView[@content-desc=\"Drag and Drop\"]","cd98397c-9398-4a86-9a73-688adb2a4c5c"]
[debug] &amp#27;[35m[BaseDriver]&amp#27;[39m Valid locator strategies for this request: xpath, id, class name, accessibility id, css selector, -android uiautomator
[debug] &amp#27;[35m[BaseDriver]&amp#27;[39m Waiting up to 10000 ms for condition
[debug] &amp#27;[35m[WD Proxy]&amp#27;[39m Matched '/element' to command name 'findElement'
[debug] &amp#27;[35m[WD Proxy]&amp#27;[39m Proxying [POST /element] to [POST http://127.0.0.1:8215/wd/hub/session/18c72223-96ff-456f-a013-759294f76d4e/element] with body: {"strategy":"xpath","selector":"//android.widget.TextView[@content-desc=\"Drag and Drop\"]","context":"","multiple":false}
[debug] &amp#27;[35m[WD Proxy]&amp#27;[39m Got response with status 200: {"sessionId":"18c72223-96ff-456f-a013-759294f76d4e","value":{"ELEMENT":"ae3f4341-0d49-456f-b65b-3dacf6d2d11c","element-6066-11e4-a52e-4f735466cecf":"ae3f4341-0d49-456f-b65b-3dacf6d2d11c"}}
[debug] &amp#27;[35m[W3C (cd98397c)]&amp#27;[39m Responding to client with driver.findElement() result: {"element-6066-11e4-a52e-4f735466cecf":"ae3f4341-0d49-456f-b65b-3dacf6d2d11c","ELEMENT":"ae3f4341-0d49-456f-b65b-3dacf6d2d11c"}
&amp#27;[35m[HTTP]&amp#27;[39m &amp#27;[37m<-- POST /wd/hub/session/cd98397c-9398-4a86-9a73-688adb2a4c5c/element &amp#27;[39m&amp#27;[32m200&amp#27;[39m &amp#27;[90m42 ms - 137&amp#27;[39m
&amp#27;[35m[HTTP]&amp#27;[39m &amp#27;[90m&amp#27;[39m
&amp#27;[35m[HTTP]&amp#27;[39m &amp#27;[37m-->&amp#27;[39m &amp#27;[37mPOST&amp#27;[39m &amp#27;[37m/wd/hub/session/cd98397c-9398-4a86-9a73-688adb2a4c5c/element/ae3f4341-0d49-456f-b65b-3dacf6d2d11c/click&amp#27;[39m
&amp#27;[35m[HTTP]&amp#27;[39m &amp#27;[90m{"id":"ae3f4341-0d49-456f-b65b-3dacf6d2d11c"}&amp#27;[39m
[debug] &amp#27;[35m[W3C (cd98397c)]&amp#27;[39m Calling AppiumDriver.click() with args: ["ae3f4341-0d49-456f-b65b-3dacf6d2d11c","cd98397c-9398-4a86-9a73-688adb2a4c5c"]
[debug] &amp#27;[35m[WD Proxy]&amp#27;[39m Matched '/element/ae3f4341-0d49-456f-b65b-3dacf6d2d11c/click' to command name 'click'
[debug] &amp#27;[35m[WD Proxy]&amp#27;[39m Proxying [POST /element/ae3f4341-0d49-456f-b65b-3dacf6d2d11c/click] to [POST http://127.0.0.1:8215/wd/hub/session/18c72223-96ff-456f-a013-759294f76d4e/element/ae3f4341-0d49-456f-b65b-3dacf6d2d11c/click] with body: {"element":"ae3f4341-0d49-456f-b65b-3dacf6d2d11c"}
[debug] &amp#27;[35m[WD Proxy]&amp#27;[39m Got response with status 200: {"sessionId":"18c72223-96ff-456f-a013-759294f76d4e","value":null}
[debug] &amp#27;[35m[W3C (cd98397c)]&amp#27;[39m Responding to client with driver.click() result: null
&amp#27;[35m[HTTP]&amp#27;[39m &amp#27;[37m<-- POST /wd/hub/session/cd98397c-9398-4a86-9a73-688adb2a4c5c/element/ae3f4341-0d49-456f-b65b-3dacf6d2d11c/click &amp#27;[39m&amp#27;[32m200&amp#27;[39m &amp#27;[90m1506 ms - 14&amp#27;[39m
&amp#27;[35m[HTTP]&amp#27;[39m &amp#27;[90m&amp#27;[39m
&amp#27;[35m[HTTP]&amp#27;[39m &amp#27;[37m-->&amp#27;[39m &amp#27;[37mGET&amp#27;[39m &amp#27;[37m/wd/hub/session/cd98397c-9398-4a86-9a73-688adb2a4c5c&amp#27;[39m
&amp#27;[35m[HTTP]&amp#27;[39m &amp#27;[90m{}&amp#27;[39m
[debug] &amp#27;[35m[W3C (cd98397c)]&amp#27;[39m Calling AppiumDriver.getSession() with args: ["cd98397c-9398-4a86-9a73-688adb2a4c5c"]
[debug] &amp#27;[35m[UiAutomator2]&amp#27;[39m Getting session details from server to mix in
[debug] &amp#27;[35m[WD Proxy]&amp#27;[39m Matched '/' to command name 'getSession'
[debug] &amp#27;[35m[WD Proxy]&amp#27;[39m Proxying [GET /] to [GET http://127.0.0.1:8215/wd/hub/session/18c72223-96ff-456f-a013-759294f76d4e] with no body
[debug] &amp#27;[35m[WD Proxy]&amp#27;[39m Got response with status 200: {"sessionId":"18c72223-96ff-456f-a013-759294f76d4e","value":{"lastScrollData":null}}
[debug] &amp#27;[35m[W3C (cd98397c)]&amp#27;[39m Responding to client with driver.getSession() result: {"platform":"LINUX","webStorageEnabled":false,"takesScreenshot":true,"javascriptEnabled":true,"databaseEnabled":false,"networkConnectionEnabled":true,"locationContextEnabled":false,"warnings":{},"desired":{"platformName":"android","app":"C:\\Users\\Anis\\eclipse-workspace\\Appium\\src\\ApiDemos-debug.apk","deviceName":"Redmi","newCommandTimeout":14},"platformName":"android","app":"C:\\Users\\Anis\\eclipse-workspace\\Appium\\src\\ApiDemos-debug.apk","deviceName":"55272e729804","newCommandTimeout":14,"deviceUDID":"55272e729804","appPackage":"io.appium.android.apis","deviceApiLevel":24,"platformVersion":"7.0","deviceScreenSize":"1080x1920","deviceScreenDensity":480,"deviceModel":"Redmi Note 4","deviceManufacturer":"Xiaomi","pixelRatio":3,"statBarHeight":72,"viewportRect":{"left":0,"top":72,"width":1080,"height":1848},"lastScrollData":null}
&amp#27;[35m[HTTP]&amp#27;[39m &amp#27;[37m<-- GET /wd/hub/session/cd98397c-9398-4a86-9a73-688adb2a4c5c &amp#27;[39m&amp#27;[32m200&amp#27;[39m &amp#27;[90m12 ms - 858&amp#27;[39m
&amp#27;[35m[HTTP]&amp#27;[39m &amp#27;[90m&amp#27;[39m
&amp#27;[35m[HTTP]&amp#27;[39m &amp#27;[37m-->&amp#27;[39m &amp#27;[37mGET&amp#27;[39m &amp#27;[37m/wd/hub/session/cd98397c-9398-4a86-9a73-688adb2a4c5c&amp#27;[39m
&amp#27;[35m[HTTP]&amp#27;[39m &amp#27;[90m{}&amp#27;[39m
[debug] &amp#27;[35m[W3C (cd98397c)]&amp#27;[39m Calling AppiumDriver.getSession() with args: ["cd98397c-9398-4a86-9a73-688adb2a4c5c"]
[debug] &amp#27;[35m[UiAutomator2]&amp#27;[39m Getting session details from server to mix in
[debug] &amp#27;[35m[WD Proxy]&amp#27;[39m Matched '/' to command name 'getSession'
[debug] &amp#27;[35m[WD Proxy]&amp#27;[39m Proxying [GET /] to [GET http://127.0.0.1:8215/wd/hub/session/18c72223-96ff-456f-a013-759294f76d4e] with no body
[debug] &amp#27;[35m[WD Proxy]&amp#27;[39m Got response with status 200: {"sessionId":"18c72223-96ff-456f-a013-759294f76d4e","value":{"lastScrollData":null}}
[debug] &amp#27;[35m[W3C (cd98397c)]&amp#27;[39m Responding to client with driver.getSession() result: {"platform":"LINUX","webStorageEnabled":false,"takesScreenshot":true,"javascriptEnabled":true,"databaseEnabled":false,"networkConnectionEnabled":true,"locationContextEnabled":false,"warnings":{},"desired":{"platformName":"android","app":"C:\\Users\\Anis\\eclipse-workspace\\Appium\\src\\ApiDemos-debug.apk","deviceName":"Redmi","newCommandTimeout":14},"platformName":"android","app":"C:\\Users\\Anis\\eclipse-workspace\\Appium\\src\\ApiDemos-debug.apk","deviceName":"55272e729804","newCommandTimeout":14,"deviceUDID":"55272e729804","appPackage":"io.appium.android.apis","deviceApiLevel":24,"platformVersion":"7.0","deviceScreenSize":"1080x1920","deviceScreenDensity":480,"deviceModel":"Redmi Note 4","deviceManufacturer":"Xiaomi","pixelRatio":3,"statBarHeight":72,"viewportRect":{"left":0,"top":72,"width":1080,"height":1848},"lastScrollData":null}
&amp#27;[35m[HTTP]&amp#27;[39m &amp#27;[37m<-- GET /wd/hub/session/cd98397c-9398-4a86-9a73-688adb2a4c5c &amp#27;[39m&amp#27;[32m200&amp#27;[39m &amp#27;[90m10 ms - 858&amp#27;[39m
&amp#27;[35m[HTTP]&amp#27;[39m &amp#27;[90m&amp#27;[39m
&amp#27;[35m[HTTP]&amp#27;[39m &amp#27;[37m-->&amp#27;[39m &amp#27;[37mGET&amp#27;[39m &amp#27;[37m/wd/hub/session/cd98397c-9398-4a86-9a73-688adb2a4c5c&amp#27;[39m
&amp#27;[35m[HTTP]&amp#27;[39m &amp#27;[90m{}&amp#27;[39m
[debug] &amp#27;[35m[W3C (cd98397c)]&amp#27;[39m Calling AppiumDriver.getSession() with args: ["cd98397c-9398-4a86-9a73-688adb2a4c5c"]
[debug] &amp#27;[35m[UiAutomator2]&amp#27;[39m Getting session details from server to mix in
[debug] &amp#27;[35m[WD Proxy]&amp#27;[39m Matched '/' to command name 'getSession'
[debug] &amp#27;[35m[WD Proxy]&amp#27;[39m Proxying [GET /] to [GET http://127.0.0.1:8215/wd/hub/session/18c72223-96ff-456f-a013-759294f76d4e] with no body
[debug] &amp#27;[35m[WD Proxy]&amp#27;[39m Got response with status 200: {"sessionId":"18c72223-96ff-456f-a013-759294f76d4e","value":{"lastScrollData":null}}
[debug] &amp#27;[35m[W3C (cd98397c)]&amp#27;[39m Responding to client with driver.getSession() result: {"platform":"LINUX","webStorageEnabled":false,"takesScreenshot":true,"javascriptEnabled":true,"databaseEnabled":false,"networkConnectionEnabled":true,"locationContextEnabled":false,"warnings":{},"desired":{"platformName":"android","app":"C:\\Users\\Anis\\eclipse-workspace\\Appium\\src\\ApiDemos-debug.apk","deviceName":"Redmi","newCommandTimeout":14},"platformName":"android","app":"C:\\Users\\Anis\\eclipse-workspace\\Appium\\src\\ApiDemos-debug.apk","deviceName":"55272e729804","newCommandTimeout":14,"deviceUDID":"55272e729804","appPackage":"io.appium.android.apis","deviceApiLevel":24,"platformVersion":"7.0","deviceScreenSize":"1080x1920","deviceScreenDensity":480,"deviceModel":"Redmi Note 4","deviceManufacturer":"Xiaomi","pixelRatio":3,"statBarHeight":72,"viewportRect":{"left":0,"top":72,"width":1080,"height":1848},"lastScrollData":null}
&amp#27;[35m[HTTP]&amp#27;[39m &amp#27;[37m<-- GET /wd/hub/session/cd98397c-9398-4a86-9a73-688adb2a4c5c &amp#27;[39m&amp#27;[32m200&amp#27;[39m &amp#27;[90m10 ms - 858&amp#27;[39m
&amp#27;[35m[HTTP]&amp#27;[39m &amp#27;[90m&amp#27;[39m
&amp#27;[35m[HTTP]&amp#27;[39m &amp#27;[37m-->&amp#27;[39m &amp#27;[37mPOST&amp#27;[39m &amp#27;[37m/wd/hub/session/cd98397c-9398-4a86-9a73-688adb2a4c5c/element&amp#27;[39m
&amp#27;[35m[HTTP]&amp#27;[39m &amp#27;[90m{"using":"id","value":"io.appium.android.apis:id/drag_dot_1"}&amp#27;[39m
[debug] &amp#27;[35m[W3C (cd98397c)]&amp#27;[39m Calling AppiumDriver.findElement() with args: ["id","io.appium.android.apis:id/drag_dot_1","cd98397c-9398-4a86-9a73-688adb2a4c5c"]
[debug] &amp#27;[35m[BaseDriver]&amp#27;[39m Valid locator strategies for this request: xpath, id, class name, accessibility id, css selector, -android uiautomator
[debug] &amp#27;[35m[BaseDriver]&amp#27;[39m Waiting up to 10000 ms for condition
[debug] &amp#27;[35m[WD Proxy]&amp#27;[39m Matched '/element' to command name 'findElement'
[debug] &amp#27;[35m[WD Proxy]&amp#27;[39m Proxying [POST /element] to [POST http://127.0.0.1:8215/wd/hub/session/18c72223-96ff-456f-a013-759294f76d4e/element] with body: {"strategy":"id","selector":"io.appium.android.apis:id/drag_dot_1","context":"","multiple":false}
&amp#27;[35m[WD Proxy]&amp#27;[39m Got response with status 404: {"sessionId":"18c72223-96ff-456f-a013-759294f76d4e","value":{"error":"no such element","message":"An element could not be located on the page using the given search parameters","stacktrace":"io.appium.uiautomator2.common.exceptions.ElementNotFoundException: An element could not be located on the page using the given search parameters\n\tat io.appium.uiautomator2.handler.FindElement.safeHandle(FindElement.java:68)\n\tat io.appium.uiautomator2.handler.request.SafeRequestHandler.handle(SafeRequestHandler.java:41)\n\tat io.appium.uiautomator2.server.AppiumServlet.handleRequest(AppiumServlet.java:262)\n\tat io.appium.uiautomator2.server.AppiumServlet.handleHttpRequest(AppiumServlet.java:256)\n\tat io.appium.uiautomator2.http.ServerHandler.channelRead(ServerHandler.java:68)\n\tat io.netty.channel.AbstractChannelHandlerContext.invokeChannelRead(AbstractChannelHandlerContext.java:366)\n\tat io.netty.channel.AbstractChannelHandlerContext.invokeChannelRead(AbstractChannelHandlerContext.java:352)\n\tat io.netty.chann...
[debug] &amp#27;[35m[W3C]&amp#27;[39m Matched W3C error code 'no such element' to NoSuchElementError
[debug] &amp#27;[35m[BaseDriver]&amp#27;[39m Waited for 525 ms so far
[debug] &amp#27;[35m[WD Proxy]&amp#27;[39m Matched '/element' to command name 'findElement'
[debug] &amp#27;[35m[WD Proxy]&amp#27;[39m Proxying [POST /element] to [POST http://127.0.0.1:8215/wd/hub/session/18c72223-96ff-456f-a013-759294f76d4e/element] with body: {"strategy":"id","selector":"io.appium.android.apis:id/drag_dot_1","context":"","multiple":false}
[debug] &amp#27;[35m[WD Proxy]&amp#27;[39m Got response with status 200: {"sessionId":"18c72223-96ff-456f-a013-759294f76d4e","value":{"ELEMENT":"5a302e5f-bf42-4c50-a4fc-88d1726001ae","element-6066-11e4-a52e-4f735466cecf":"5a302e5f-bf42-4c50-a4fc-88d1726001ae"}}
[debug] &amp#27;[35m[W3C (cd98397c)]&amp#27;[39m Responding to client with driver.findElement() result: {"element-6066-11e4-a52e-4f735466cecf":"5a302e5f-bf42-4c50-a4fc-88d1726001ae","ELEMENT":"5a302e5f-bf42-4c50-a4fc-88d1726001ae"}
&amp#27;[35m[HTTP]&amp#27;[39m &amp#27;[37m<-- POST /wd/hub/session/cd98397c-9398-4a86-9a73-688adb2a4c5c/element &amp#27;[39m&amp#27;[32m200&amp#27;[39m &amp#27;[90m1234 ms - 137&amp#27;[39m
&amp#27;[35m[HTTP]&amp#27;[39m &amp#27;[90m&amp#27;[39m
&amp#27;[35m[HTTP]&amp#27;[39m &amp#27;[37m-->&amp#27;[39m &amp#27;[37mGET&amp#27;[39m &amp#27;[37m/wd/hub/session/cd98397c-9398-4a86-9a73-688adb2a4c5c&amp#27;[39m
&amp#27;[35m[HTTP]&amp#27;[39m &amp#27;[90m{}&amp#27;[39m
[debug] &amp#27;[35m[W3C (cd98397c)]&amp#27;[39m Calling AppiumDriver.getSession() with args: ["cd98397c-9398-4a86-9a73-688adb2a4c5c"]
[debug] &amp#27;[35m[UiAutomator2]&amp#27;[39m Getting session details from server to mix in
[debug] &amp#27;[35m[WD Proxy]&amp#27;[39m Matched '/' to command name 'getSession'
[debug] &amp#27;[35m[WD Proxy]&amp#27;[39m Proxying [GET /] to [GET http://127.0.0.1:8215/wd/hub/session/18c72223-96ff-456f-a013-759294f76d4e] with no body
[debug] &amp#27;[35m[WD Proxy]&amp#27;[39m Got response with status 200: {"sessionId":"18c72223-96ff-456f-a013-759294f76d4e","value":{"lastScrollData":null}}
[debug] &amp#27;[35m[W3C (cd98397c)]&amp#27;[39m Responding to client with driver.getSession() result: {"platform":"LINUX","webStorageEnabled":false,"takesScreenshot":true,"javascriptEnabled":true,"databaseEnabled":false,"networkConnectionEnabled":true,"locationContextEnabled":false,"warnings":{},"desired":{"platformName":"android","app":"C:\\Users\\Anis\\eclipse-workspace\\Appium\\src\\ApiDemos-debug.apk","deviceName":"Redmi","newCommandTimeout":14},"platformName":"android","app":"C:\\Users\\Anis\\eclipse-workspace\\Appium\\src\\ApiDemos-debug.apk","deviceName":"55272e729804","newCommandTimeout":14,"deviceUDID":"55272e729804","appPackage":"io.appium.android.apis","deviceApiLevel":24,"platformVersion":"7.0","deviceScreenSize":"1080x1920","deviceScreenDensity":480,"deviceModel":"Redmi Note 4","deviceManufacturer":"Xiaomi","pixelRatio":3,"statBarHeight":72,"viewportRect":{"left":0,"top":72,"width":1080,"height":1848},"lastScrollData":null}
&amp#27;[35m[HTTP]&amp#27;[39m &amp#27;[37m<-- GET /wd/hub/session/cd98397c-9398-4a86-9a73-688adb2a4c5c &amp#27;[39m&amp#27;[32m200&amp#27;[39m &amp#27;[90m11 ms - 858&amp#27;[39m
&amp#27;[35m[HTTP]&amp#27;[39m &amp#27;[90m&amp#27;[39m
&amp#27;[35m[HTTP]&amp#27;[39m &amp#27;[37m-->&amp#27;[39m &amp#27;[37mPOST&amp#27;[39m &amp#27;[37m/wd/hub/session/cd98397c-9398-4a86-9a73-688adb2a4c5c/element&amp#27;[39m
&amp#27;[35m[HTTP]&amp#27;[39m &amp#27;[90m{"using":"id","value":"io.appium.android.apis:id/drag_dot_2"}&amp#27;[39m
[debug] &amp#27;[35m[W3C (cd98397c)]&amp#27;[39m Calling AppiumDriver.findElement() with args: ["id","io.appium.android.apis:id/drag_dot_2","cd98397c-9398-4a86-9a73-688adb2a4c5c"]
[debug] &amp#27;[35m[BaseDriver]&amp#27;[39m Valid locator strategies for this request: xpath, id, class name, accessibility id, css selector, -android uiautomator
[debug] &amp#27;[35m[BaseDriver]&amp#27;[39m Waiting up to 10000 ms for condition
[debug] &amp#27;[35m[WD Proxy]&amp#27;[39m Matched '/element' to command name 'findElement'
[debug] &amp#27;[35m[WD Proxy]&amp#27;[39m Proxying [POST /element] to [POST http://127.0.0.1:8215/wd/hub/session/18c72223-96ff-456f-a013-759294f76d4e/element] with body: {"strategy":"id","selector":"io.appium.android.apis:id/drag_dot_2","context":"","multiple":false}
[debug] &amp#27;[35m[WD Proxy]&amp#27;[39m Got response with status 200: {"sessionId":"18c72223-96ff-456f-a013-759294f76d4e","value":{"ELEMENT":"bc4b9c55-7d8f-45f8-a1e4-8709a75fe67a","element-6066-11e4-a52e-4f735466cecf":"bc4b9c55-7d8f-45f8-a1e4-8709a75fe67a"}}
[debug] &amp#27;[35m[W3C (cd98397c)]&amp#27;[39m Responding to client with driver.findElement() result: {"element-6066-11e4-a52e-4f735466cecf":"bc4b9c55-7d8f-45f8-a1e4-8709a75fe67a","ELEMENT":"bc4b9c55-7d8f-45f8-a1e4-8709a75fe67a"}
&amp#27;[35m[HTTP]&amp#27;[39m &amp#27;[37m<-- POST /wd/hub/session/cd98397c-9398-4a86-9a73-688adb2a4c5c/element &amp#27;[39m&amp#27;[32m200&amp#27;[39m &amp#27;[90m22 ms - 137&amp#27;[39m
&amp#27;[35m[HTTP]&amp#27;[39m &amp#27;[90m&amp#27;[39m
&amp#27;[35m[HTTP]&amp#27;[39m &amp#27;[37m-->&amp#27;[39m &amp#27;[37mPOST&amp#27;[39m &amp#27;[37m/wd/hub/session/cd98397c-9398-4a86-9a73-688adb2a4c5c/touch/perform&amp#27;[39m
&amp#27;[35m[HTTP]&amp#27;[39m &amp#27;[90m{"actions":[{"action":"longPress","options":{"element":"5a302e5f-bf42-4c50-a4fc-88d1726001ae"}},{"action":"moveTo","options":{"element":"bc4b9c55-7d8f-45f8-a1e4-8709a75fe67a"}},{"action":"release","options":{}}]}&amp#27;[39m
[debug] &amp#27;[35m[W3C (cd98397c)]&amp#27;[39m Calling AppiumDriver.performTouch() with args: [[{"action":"longPress","options":{"element":"5a302e5f-bf42-4c50-a4fc-88d1726001ae"}},{"action":"moveTo","options":{"element":"bc4b9c55-7d8f-45f8-a1e4-8709a75fe67a"}},{"action":"release","options":{}}],"cd98397c-9398-4a86-9a73-688adb2a4c5c"]
&amp#27;[35m[UiAutomator2]&amp#27;[39m calling get location: 5a302e5f-bf42-4c50-a4fc-88d1726001ae
[debug] &amp#27;[35m[WD Proxy]&amp#27;[39m Matched '/element/5a302e5f-bf42-4c50-a4fc-88d1726001ae/location' to command name 'getLocation'
[debug] &amp#27;[35m[WD Proxy]&amp#27;[39m Proxying [GET /element/5a302e5f-bf42-4c50-a4fc-88d1726001ae/location] to [GET http://127.0.0.1:8215/wd/hub/session/18c72223-96ff-456f-a013-759294f76d4e/element/5a302e5f-bf42-4c50-a4fc-88d1726001ae/location] with no body
[debug] &amp#27;[35m[WD Proxy]&amp#27;[39m Got response with status 200: {"sessionId":"18c72223-96ff-456f-a013-759294f76d4e","value":{"x":0,"y":395}}
&amp#27;[35m[UiAutomator2]&amp#27;[39m calling get location: bc4b9c55-7d8f-45f8-a1e4-8709a75fe67a
[debug] &amp#27;[35m[WD Proxy]&amp#27;[39m Matched '/element/bc4b9c55-7d8f-45f8-a1e4-8709a75fe67a/location' to command name 'getLocation'
[debug] &amp#27;[35m[WD Proxy]&amp#27;[39m Proxying [GET /element/bc4b9c55-7d8f-45f8-a1e4-8709a75fe67a/location] to [GET http://127.0.0.1:8215/wd/hub/session/18c72223-96ff-456f-a013-759294f76d4e/element/bc4b9c55-7d8f-45f8-a1e4-8709a75fe67a/location] with no body
[debug] &amp#27;[35m[WD Proxy]&amp#27;[39m Got response with status 200: {"sessionId":"18c72223-96ff-456f-a013-759294f76d4e","value":{"x":474,"y":395}}
[debug] &amp#27;[35m[WD Proxy]&amp#27;[39m Proxying [POST /touch/drag] to [POST http://127.0.0.1:8215/wd/hub/session/18c72223-96ff-456f-a013-759294f76d4e/touch/drag] with body: {"elementId":"5a302e5f-bf42-4c50-a4fc-88d1726001ae","destElId":"bc4b9c55-7d8f-45f8-a1e4-8709a75fe67a","startX":0,"startY":395,"endX":474,"endY":395,"steps":80}
[debug] &amp#27;[35m[WD Proxy]&amp#27;[39m Got response with status 200: {"sessionId":"18c72223-96ff-456f-a013-759294f76d4e","value":null}
[debug] &amp#27;[35m[W3C (cd98397c)]&amp#27;[39m Responding to client with driver.performTouch() result: null
&amp#27;[35m[HTTP]&amp#27;[39m &amp#27;[37m<-- POST /wd/hub/session/cd98397c-9398-4a86-9a73-688adb2a4c5c/touch/perform &amp#27;[39m&amp#27;[32m200&amp#27;[39m &amp#27;[90m6479 ms - 14&amp#27;[39m
&amp#27;[35m[HTTP]&amp#27;[39m &amp#27;[90m&amp#27;[39m
[INFO ] 2021-06-18 15:57:41.363 [main] Listeners - *******************ApiDemoTest2.dragging passed*******************
]]></system-out>
    <system-err><![CDATA[Jun 18, 2021 3:57:13 PM io.appium.java_client.remote.AppiumCommandExecutor$1 lambda$0
INFO: Detected dialect: W3C
]]></system-err>
  </testcase>
  <testcase name="popUpMenu" classname="ApiDemoTest2" time="26.411">
    <system-out><![CDATA[&amp#27;[35m[Appium]&amp#27;[39m Welcome to Appium v1.21.0
&amp#27;[35m[Appium]&amp#27;[39m Appium REST http interface listener started on 0.0.0.0:4723
&amp#27;[35m[HTTP]&amp#27;[39m &amp#27;[37m-->&amp#27;[39m &amp#27;[37mGET&amp#27;[39m &amp#27;[37m/wd/hub/status&amp#27;[39m
&amp#27;[35m[HTTP]&amp#27;[39m &amp#27;[90m{}&amp#27;[39m
[debug] &amp#27;[35m[GENERIC]&amp#27;[39m Calling AppiumDriver.getStatus() with args: []
[debug] &amp#27;[35m[GENERIC]&amp#27;[39m Responding to client with driver.getStatus() result: {"build":{"version":"1.21.0"}}
&amp#27;[35m[HTTP]&amp#27;[39m &amp#27;[37m<-- GET /wd/hub/status &amp#27;[39m&amp#27;[32m200&amp#27;[39m &amp#27;[90m6 ms - 68&amp#27;[39m
&amp#27;[35m[HTTP]&amp#27;[39m &amp#27;[90m&amp#27;[39m
&amp#27;[35m[HTTP]&amp#27;[39m &amp#27;[37m-->&amp#27;[39m &amp#27;[37mPOST&amp#27;[39m &amp#27;[37m/wd/hub/session&amp#27;[39m
&amp#27;[35m[HTTP]&amp#27;[39m &amp#27;[90m{"desiredCapabilities":{"app":"C:\\Users\\Anis\\eclipse-workspace\\Appium\\src\\ApiDemos-debug.apk","platformName":"Android","deviceName":"Redmi","newCommandTimeout":14},"capabilities":{"firstMatch":[{"appium:app":"C:\\Users\\Anis\\eclipse-workspace\\Appium\\src\\ApiDemos-debug.apk","appium:deviceName":"Redmi","appium:newCommandTimeout":14,"platformName":"android"}]}}&amp#27;[39m
[debug] &amp#27;[35m[W3C]&amp#27;[39m Calling AppiumDriver.createSession() with args: [{"app":"C:\\Users\\Anis\\eclipse-workspace\\Appium\\src\\ApiDemos-debug.apk","platformName":"Android","deviceName":"Redmi","newCommandTimeout":14},null,{"firstMatch":[{"appium:app":"C:\\Users\\Anis\\eclipse-workspace\\Appium\\src\\ApiDemos-debug.apk","appium:deviceName":"Redmi","appium:newCommandTimeout":14,"platformName":"android"}]}]
[debug] &amp#27;[35m[BaseDriver]&amp#27;[39m Event 'newSessionRequested' logged at 1624012063282 (15:57:43 GMT+0530 (India Standard Time))
&amp#27;[35m[Appium]&amp#27;[39m 
&amp#27;[35m[Appium]&amp#27;[39m ======================================================================
&amp#27;[35m[Appium]&amp#27;[39m   DEPRECATION WARNING:
&amp#27;[35m[Appium]&amp#27;[39m 
&amp#27;[35m[Appium]&amp#27;[39m   The 'automationName' capability was not provided in the desired 
&amp#27;[35m[Appium]&amp#27;[39m   capabilities for this Android session
&amp#27;[35m[Appium]&amp#27;[39m 
&amp#27;[35m[Appium]&amp#27;[39m   Setting 'automationName=UiAutomator2' by default and using the 
&amp#27;[35m[Appium]&amp#27;[39m   UiAutomator2 Driver
&amp#27;[35m[Appium]&amp#27;[39m 
&amp#27;[35m[Appium]&amp#27;[39m   The next major version of Appium (2.x) will **require** the 
&amp#27;[35m[Appium]&amp#27;[39m   'automationName' capability to be set for all sessions on all 
&amp#27;[35m[Appium]&amp#27;[39m   platforms
&amp#27;[35m[Appium]&amp#27;[39m 
&amp#27;[35m[Appium]&amp#27;[39m   In previous versions (Appium <= 1.13.x), the default was 
&amp#27;[35m[Appium]&amp#27;[39m   'automationName=UiAutomator1'
&amp#27;[35m[Appium]&amp#27;[39m 
&amp#27;[35m[Appium]&amp#27;[39m   If you wish to use that automation instead of UiAutomator2, please 
&amp#27;[35m[Appium]&amp#27;[39m   add 'automationName=UiAutomator1' to your desired capabilities
&amp#27;[35m[Appium]&amp#27;[39m 
&amp#27;[35m[Appium]&amp#27;[39m   For more information about drivers, please visit 
&amp#27;[35m[Appium]&amp#27;[39m   http://appium.io/docs/en/about-appium/intro/ and explore the 
&amp#27;[35m[Appium]&amp#27;[39m   'Drivers' menu
&amp#27;[35m[Appium]&amp#27;[39m 
&amp#27;[35m[Appium]&amp#27;[39m ======================================================================
&amp#27;[35m[Appium]&amp#27;[39m 
&amp#27;[35m[Appium]&amp#27;[39m Appium v1.21.0 creating new AndroidUiautomator2Driver (v1.65.0) session
[debug] &amp#27;[35m[BaseDriver]&amp#27;[39m W3C capabilities and MJSONWP desired capabilities were provided
[debug] &amp#27;[35m[BaseDriver]&amp#27;[39m Creating session with W3C capabilities: {
[debug] &amp#27;[35m[BaseDriver]&amp#27;[39m   "alwaysMatch": {
[debug] &amp#27;[35m[BaseDriver]&amp#27;[39m     "platformName": "android",
[debug] &amp#27;[35m[BaseDriver]&amp#27;[39m     "appium:app": "C:\\Users\\Anis\\eclipse-workspace\\Appium\\src\\ApiDemos-debug.apk",
[debug] &amp#27;[35m[BaseDriver]&amp#27;[39m     "appium:deviceName": "Redmi",
[debug] &amp#27;[35m[BaseDriver]&amp#27;[39m     "appium:newCommandTimeout": 14
[debug] &amp#27;[35m[BaseDriver]&amp#27;[39m   },
[debug] &amp#27;[35m[BaseDriver]&amp#27;[39m   "firstMatch": [
[debug] &amp#27;[35m[BaseDriver]&amp#27;[39m     {}
[debug] &amp#27;[35m[BaseDriver]&amp#27;[39m   ]
[debug] &amp#27;[35m[BaseDriver]&amp#27;[39m }
&amp#27;[35m[BaseDriver]&amp#27;[39m Session created with session id: 34394bf9-0c01-4d1d-b0c9-6a63b2f7d538
&amp#27;[35m[BaseDriver]&amp#27;[39m Using local app 'C:\Users\Anis\eclipse-workspace\Appium\src\ApiDemos-debug.apk'
[debug] &amp#27;[35m[UiAutomator2]&amp#27;[39m Checking whether app is actually present
&amp#27;[35m[ADB]&amp#27;[39m Found 2 'build-tools' folders under 'C:\Users\Anis\AppData\Local\Android\Sdk' (newest first):
&amp#27;[35m[ADB]&amp#27;[39m     C:/Users/Anis/AppData/Local/Android/Sdk/build-tools/31.0.0-rc4
&amp#27;[35m[ADB]&amp#27;[39m     C:/Users/Anis/AppData/Local/Android/Sdk/build-tools/30.0.3
&amp#27;[35m[ADB]&amp#27;[39m Using 'adb.exe' from 'C:\Users\Anis\AppData\Local\Android\Sdk\platform-tools\adb.exe'
[debug] &amp#27;[35m[ADB]&amp#27;[39m Running 'C:\Users\Anis\AppData\Local\Android\Sdk\platform-tools\adb.exe -P 5037 start-server'
&amp#27;[35m[AndroidDriver]&amp#27;[39m Retrieving device list
[debug] &amp#27;[35m[ADB]&amp#27;[39m Trying to find a connected android device
[debug] &amp#27;[35m[ADB]&amp#27;[39m Getting connected devices
[debug] &amp#27;[35m[ADB]&amp#27;[39m Connected devices: [{"udid":"55272e729804","state":"device"}]
&amp#27;[35m[AndroidDriver]&amp#27;[39m Using device: 55272e729804
&amp#27;[35m[ADB]&amp#27;[39m Using 'adb.exe' from 'C:\Users\Anis\AppData\Local\Android\Sdk\platform-tools\adb.exe'
[debug] &amp#27;[35m[ADB]&amp#27;[39m Running 'C:\Users\Anis\AppData\Local\Android\Sdk\platform-tools\adb.exe -P 5037 start-server'
[debug] &amp#27;[35m[ADB]&amp#27;[39m Setting device id to 55272e729804
[debug] &amp#27;[35m[ADB]&amp#27;[39m Running 'C:\Users\Anis\AppData\Local\Android\Sdk\platform-tools\adb.exe -P 5037 -s 55272e729804 shell getprop ro.build.version.sdk'
[debug] &amp#27;[35m[ADB]&amp#27;[39m Current device property 'ro.build.version.sdk': 24
[debug] &amp#27;[35m[ADB]&amp#27;[39m Device API level: 24
[debug] &amp#27;[35m[AndroidDriver]&amp#27;[39m Parsing package and activity from app manifest
&amp#27;[35m[ADB]&amp#27;[39m Package name: 'io.appium.android.apis'
&amp#27;[35m[ADB]&amp#27;[39m Main activity name: 'ApiDemos'
[debug] &amp#27;[35m[AndroidDriver]&amp#27;[39m Parsed package and activity are: io.appium.android.apis/ApiDemos
[debug] &amp#27;[35m[ADB]&amp#27;[39m Running 'C:\Users\Anis\AppData\Local\Android\Sdk\platform-tools\adb.exe -P 5037 -s 55272e729804 wait-for-device'
[debug] &amp#27;[35m[ADB]&amp#27;[39m Running 'C:\Users\Anis\AppData\Local\Android\Sdk\platform-tools\adb.exe -P 5037 -s 55272e729804 shell echo ping'
[debug] &amp#27;[35m[AndroidDriver]&amp#27;[39m Pushing settings apk to device...
[debug] &amp#27;[35m[ADB]&amp#27;[39m Getting install status for io.appium.settings
[debug] &amp#27;[35m[ADB]&amp#27;[39m Running 'C:\Users\Anis\AppData\Local\Android\Sdk\platform-tools\adb.exe -P 5037 -s 55272e729804 shell dumpsys package io.appium.settings'
[debug] &amp#27;[35m[ADB]&amp#27;[39m 'io.appium.settings' is installed
[debug] &amp#27;[35m[ADB]&amp#27;[39m Getting package info for 'io.appium.settings'
[debug] &amp#27;[35m[ADB]&amp#27;[39m Running 'C:\Users\Anis\AppData\Local\Android\Sdk\platform-tools\adb.exe -P 5037 -s 55272e729804 shell dumpsys package io.appium.settings'
[debug] &amp#27;[35m[ADB]&amp#27;[39m The version name of the installed 'io.appium.settings' is greater or equal to the application version name ('3.3.0' >= '3.3.0')
[debug] &amp#27;[35m[ADB]&amp#27;[39m There is no need to install/upgrade 'C:\Users\Anis\AppData\Roaming\npm\node_modules\appium\node_modules\io.appium.settings\apks\settings_apk-debug.apk'
[debug] &amp#27;[35m[ADB]&amp#27;[39m Getting IDs of all 'io.appium.settings' processes
[debug] &amp#27;[35m[ADB]&amp#27;[39m Running 'C:\Users\Anis\AppData\Local\Android\Sdk\platform-tools\adb.exe -P 5037 -s 55272e729804 shell 'pgrep --help; echo $?''
[debug] &amp#27;[35m[ADB]&amp#27;[39m Running 'C:\Users\Anis\AppData\Local\Android\Sdk\platform-tools\adb.exe -P 5037 -s 55272e729804 shell 'pgrep ^appium\\.settings$ || pgrep ^io\\.appium\\.setti$''
[debug] &amp#27;[35m[ADB]&amp#27;[39m Getting IDs of all 'io.appium.settings' processes
[debug] &amp#27;[35m[ADB]&amp#27;[39m Running 'C:\Users\Anis\AppData\Local\Android\Sdk\platform-tools\adb.exe -P 5037 -s 55272e729804 shell 'pgrep ^appium\\.settings$ || pgrep ^io\\.appium\\.setti$''
[debug] &amp#27;[35m[ADB]&amp#27;[39m Starting Appium Settings app
[debug] &amp#27;[35m[ADB]&amp#27;[39m Running 'C:\Users\Anis\AppData\Local\Android\Sdk\platform-tools\adb.exe -P 5037 -s 55272e729804 shell am start -n io.appium.settings/.Settings -a android.intent.action.MAIN -c android.intent.category.LAUNCHER'
[debug] &amp#27;[35m[ADB]&amp#27;[39m Getting IDs of all 'io.appium.settings' processes
[debug] &amp#27;[35m[ADB]&amp#27;[39m Running 'C:\Users\Anis\AppData\Local\Android\Sdk\platform-tools\adb.exe -P 5037 -s 55272e729804 shell 'pgrep ^appium\\.settings$ || pgrep ^io\\.appium\\.setti$''
[debug] &amp#27;[35m[ADB]&amp#27;[39m Running 'C:\Users\Anis\AppData\Local\Android\Sdk\platform-tools\adb.exe -P 5037 -s 55272e729804 shell appops set io.appium.settings android:mock_location allow'
[debug] &amp#27;[35m[Logcat]&amp#27;[39m Starting logs capture with command: C:\\Users\\Anis\\AppData\\Local\\Android\\Sdk\\platform-tools\\adb.exe -P 5037 -s 55272e729804 logcat -v threadtime
[debug] &amp#27;[35m[UiAutomator2]&amp#27;[39m Forwarding UiAutomator2 Server port 6790 to local port 8216
[debug] &amp#27;[35m[ADB]&amp#27;[39m Forwarding system: 8216 to device: 6790
[debug] &amp#27;[35m[ADB]&amp#27;[39m Running 'C:\Users\Anis\AppData\Local\Android\Sdk\platform-tools\adb.exe -P 5037 -s 55272e729804 forward tcp:8216 tcp:6790'
[debug] &amp#27;[35m[ADB]&amp#27;[39m Getting install status for io.appium.uiautomator2.server
[debug] &amp#27;[35m[ADB]&amp#27;[39m Running 'C:\Users\Anis\AppData\Local\Android\Sdk\platform-tools\adb.exe -P 5037 -s 55272e729804 shell dumpsys package io.appium.uiautomator2.server'
[debug] &amp#27;[35m[ADB]&amp#27;[39m 'io.appium.uiautomator2.server' is installed
[debug] &amp#27;[35m[ADB]&amp#27;[39m Getting package info for 'io.appium.uiautomator2.server'
[debug] &amp#27;[35m[ADB]&amp#27;[39m Running 'C:\Users\Anis\AppData\Local\Android\Sdk\platform-tools\adb.exe -P 5037 -s 55272e729804 shell dumpsys package io.appium.uiautomator2.server'
[debug] &amp#27;[35m[ADB]&amp#27;[39m The version name of the installed 'io.appium.uiautomator2.server' is greater or equal to the application version name ('4.21.1' >= '4.21.1')
[debug] &amp#27;[35m[UiAutomator2]&amp#27;[39m io.appium.uiautomator2.server installation state: sameVersionInstalled
[debug] &amp#27;[35m[ADB]&amp#27;[39m Checking app cert for C:\Users\Anis\AppData\Roaming\npm\node_modules\appium\node_modules\appium-uiautomator2-server\apks\appium-uiautomator2-server-v4.21.1.apk
&amp#27;[35m[ADB]&amp#27;[39m Using 'apksigner.jar' from 'C:\Users\Anis\AppData\Local\Android\Sdk\build-tools\31.0.0-rc4\lib\apksigner.jar'
[debug] &amp#27;[35m[ADB]&amp#27;[39m Starting apksigner: 'C:\\Program Files\\Java\\jdk-11.0.11\\bin\\java.exe' -Xmx1024M -Xss1m -jar C:\\Users\\Anis\\AppData\\Local\\Android\\Sdk\\build-tools\\31.0.0-rc4\\lib\\apksigner.jar verify --print-certs C:\\Users\\Anis\\AppData\\Roaming\\npm\\node_modules\\appium\\node_modules\\appium-uiautomator2-server\\apks\\appium-uiautomator2-server-v4.21.1.apk
[debug] &amp#27;[35m[ADB]&amp#27;[39m apksigner stdout: Signer #1 certificate DN: EMAILADDRESS=android@android.com, CN=Android, OU=Android, O=Android, L=Mountain View, ST=California, C=US
[debug] &amp#27;[35m[ADB]&amp#27;[39m Signer #1 certificate SHA-256 digest: a40da80a59d170caa950cf15c18c454d47a39b26989d8b640ecd745ba71bf5dc
[debug] &amp#27;[35m[ADB]&amp#27;[39m Signer #1 certificate SHA-1 digest: 61ed377e85d386a8dfee6b864bd85b0bfaa5af81
[debug] &amp#27;[35m[ADB]&amp#27;[39m Signer #1 certificate MD5 digest: e89b158e4bcf988ebd09eb83f5378e87
[debug] &amp#27;[35m[ADB]&amp#27;[39m 
[debug] &amp#27;[35m[ADB]&amp#27;[39m sha256 hash did match for 'appium-uiautomator2-server-v4.21.1.apk'
&amp#27;[35m[ADB]&amp#27;[39m 'C:\Users\Anis\AppData\Roaming\npm\node_modules\appium\node_modules\appium-uiautomator2-server\apks\appium-uiautomator2-server-v4.21.1.apk' is signed with the default certificate
[debug] &amp#27;[35m[ADB]&amp#27;[39m Getting install status for io.appium.uiautomator2.server.test
[debug] &amp#27;[35m[ADB]&amp#27;[39m Running 'C:\Users\Anis\AppData\Local\Android\Sdk\platform-tools\adb.exe -P 5037 -s 55272e729804 shell dumpsys package io.appium.uiautomator2.server.test'
[debug] &amp#27;[35m[ADB]&amp#27;[39m 'io.appium.uiautomator2.server.test' is installed
[debug] &amp#27;[35m[ADB]&amp#27;[39m Checking app cert for C:\Users\Anis\AppData\Roaming\npm\node_modules\appium\node_modules\appium-uiautomator2-server\apks\appium-uiautomator2-server-debug-androidTest.apk
[debug] &amp#27;[35m[ADB]&amp#27;[39m Starting apksigner: 'C:\\Program Files\\Java\\jdk-11.0.11\\bin\\java.exe' -Xmx1024M -Xss1m -jar C:\\Users\\Anis\\AppData\\Local\\Android\\Sdk\\build-tools\\31.0.0-rc4\\lib\\apksigner.jar verify --print-certs C:\\Users\\Anis\\AppData\\Roaming\\npm\\node_modules\\appium\\node_modules\\appium-uiautomator2-server\\apks\\appium-uiautomator2-server-debug-androidTest.apk
[debug] &amp#27;[35m[ADB]&amp#27;[39m apksigner stdout: Signer #1 certificate DN: EMAILADDRESS=android@android.com, CN=Android, OU=Android, O=Android, L=Mountain View, ST=California, C=US
[debug] &amp#27;[35m[ADB]&amp#27;[39m Signer #1 certificate SHA-256 digest: a40da80a59d170caa950cf15c18c454d47a39b26989d8b640ecd745ba71bf5dc
[debug] &amp#27;[35m[ADB]&amp#27;[39m Signer #1 certificate SHA-1 digest: 61ed377e85d386a8dfee6b864bd85b0bfaa5af81
[debug] &amp#27;[35m[ADB]&amp#27;[39m Signer #1 certificate MD5 digest: e89b158e4bcf988ebd09eb83f5378e87
[debug] &amp#27;[35m[ADB]&amp#27;[39m 
[debug] &amp#27;[35m[ADB]&amp#27;[39m sha256 hash did match for 'appium-uiautomator2-server-debug-androidTest.apk'
&amp#27;[35m[ADB]&amp#27;[39m 'C:\Users\Anis\AppData\Roaming\npm\node_modules\appium\node_modules\appium-uiautomator2-server\apks\appium-uiautomator2-server-debug-androidTest.apk' is signed with the default certificate
&amp#27;[35m[UiAutomator2]&amp#27;[39m Server packages are not going to be (re)installed
[debug] &amp#27;[35m[UiAutomator2]&amp#27;[39m Waiting up to 30000ms for services to be available
[debug] &amp#27;[35m[ADB]&amp#27;[39m Running 'C:\Users\Anis\AppData\Local\Android\Sdk\platform-tools\adb.exe -P 5037 -s 55272e729804 shell pm list instrumentation'
[debug] &amp#27;[35m[UiAutomator2]&amp#27;[39m Instrumentation target 'io.appium.uiautomator2.server.test/androidx.test.runner.AndroidJUnitRunner' is available
&amp#27;[35m[ADB]&amp#27;[39m Adding packages ["io.appium.settings","io.appium.uiautomator2.server","io.appium.uiautomator2.server.test"] to Doze whitelist
[debug] &amp#27;[35m[ADB]&amp#27;[39m Got the following command chunks to execute: [["dumpsys","deviceidle","whitelist","+io.appium.settings",";","dumpsys","deviceidle","whitelist","+io.appium.uiautomator2.server",";","dumpsys","deviceidle","whitelist","+io.appium.uiautomator2.server.test",";"]]
[debug] &amp#27;[35m[ADB]&amp#27;[39m Running 'C:\Users\Anis\AppData\Local\Android\Sdk\platform-tools\adb.exe -P 5037 -s 55272e729804 shell dumpsys deviceidle whitelist +io.appium.settings ; dumpsys deviceidle whitelist +io.appium.uiautomator2.server ; dumpsys deviceidle whitelist +io.appium.uiautomator2.server.test ;'
[debug] &amp#27;[35m[ADB]&amp#27;[39m Checking app cert for C:\Users\Anis\eclipse-workspace\Appium\src\ApiDemos-debug.apk
[debug] &amp#27;[35m[ADB]&amp#27;[39m Starting apksigner: 'C:\\Program Files\\Java\\jdk-11.0.11\\bin\\java.exe' -Xmx1024M -Xss1m -jar C:\\Users\\Anis\\AppData\\Local\\Android\\Sdk\\build-tools\\31.0.0-rc4\\lib\\apksigner.jar verify --print-certs C:\\Users\\Anis\\eclipse-workspace\\Appium\\src\\ApiDemos-debug.apk
[debug] &amp#27;[35m[ADB]&amp#27;[39m apksigner stdout: Signer #1 certificate DN: EMAILADDRESS=android@android.com, CN=Android, OU=Android, O=Android, L=Mountain View, ST=California, C=US
[debug] &amp#27;[35m[ADB]&amp#27;[39m Signer #1 certificate SHA-256 digest: a40da80a59d170caa950cf15c18c454d47a39b26989d8b640ecd745ba71bf5dc
[debug] &amp#27;[35m[ADB]&amp#27;[39m Signer #1 certificate SHA-1 digest: 61ed377e85d386a8dfee6b864bd85b0bfaa5af81
[debug] &amp#27;[35m[ADB]&amp#27;[39m Signer #1 certificate MD5 digest: e89b158e4bcf988ebd09eb83f5378e87
[debug] &amp#27;[35m[ADB]&amp#27;[39m 
[debug] &amp#27;[35m[ADB]&amp#27;[39m sha256 hash did match for 'ApiDemos-debug.apk'
&amp#27;[35m[ADB]&amp#27;[39m 'C:\Users\Anis\eclipse-workspace\Appium\src\ApiDemos-debug.apk' is signed with the default certificate
[debug] &amp#27;[35m[ADB]&amp#27;[39m Getting install status for io.appium.android.apis
[debug] &amp#27;[35m[ADB]&amp#27;[39m Running 'C:\Users\Anis\AppData\Local\Android\Sdk\platform-tools\adb.exe -P 5037 -s 55272e729804 shell dumpsys package io.appium.android.apis'
[debug] &amp#27;[35m[ADB]&amp#27;[39m 'io.appium.android.apis' is installed
[debug] &amp#27;[35m[ADB]&amp#27;[39m Getting package info for 'io.appium.android.apis'
[debug] &amp#27;[35m[ADB]&amp#27;[39m Running 'C:\Users\Anis\AppData\Local\Android\Sdk\platform-tools\adb.exe -P 5037 -s 55272e729804 shell dumpsys package io.appium.android.apis'
&amp#27;[35m[ADB]&amp#27;[39m Cannot read version codes of 'C:\Users\Anis\eclipse-workspace\Appium\src\ApiDemos-debug.apk' and/or 'io.appium.android.apis'
&amp#27;[35m[ADB]&amp#27;[39m Cannot read version names of 'C:\Users\Anis\eclipse-workspace\Appium\src\ApiDemos-debug.apk' and/or 'io.appium.android.apis'
[debug] &amp#27;[35m[ADB]&amp#27;[39m The current install state of 'C:\Users\Anis\eclipse-workspace\Appium\src\ApiDemos-debug.apk' is unknown. Installing anyway
[debug] &amp#27;[35m[ADB]&amp#27;[39m Running 'C:\Users\Anis\AppData\Local\Android\Sdk\platform-tools\adb.exe -P 5037 -s 55272e729804 help'
[debug] &amp#27;[35m[ADB]&amp#27;[39m Running 'C:\Users\Anis\AppData\Local\Android\Sdk\platform-tools\adb.exe -P 5037 -s 55272e729804 features'
&amp#27;[35m[ADB]&amp#27;[39m The application at 'C:\Users\Anis\eclipse-workspace\Appium\src\ApiDemos-debug.apk' will not be cached, because the device under test has confirmed the support of streamed installs
[debug] &amp#27;[35m[ADB]&amp#27;[39m Running 'C:\Users\Anis\AppData\Local\Android\Sdk\platform-tools\adb.exe -P 5037 -s 55272e729804 install -r C:\Users\Anis\eclipse-workspace\Appium\src\ApiDemos-debug.apk'
&amp#27;[35m[ADB]&amp#27;[39m The installation of 'ApiDemos-debug.apk' took 6022ms
[debug] &amp#27;[35m[ADB]&amp#27;[39m Install command stdout: Performing Streamed Install
[debug] &amp#27;[35m[ADB]&amp#27;[39m Success
&amp#27;[35m[AndroidDriver]&amp#27;[39m Performing fast reset on 'io.appium.android.apis'
[debug] &amp#27;[35m[ADB]&amp#27;[39m Getting install status for io.appium.android.apis
[debug] &amp#27;[35m[ADB]&amp#27;[39m Running 'C:\Users\Anis\AppData\Local\Android\Sdk\platform-tools\adb.exe -P 5037 -s 55272e729804 shell dumpsys package io.appium.android.apis'
[debug] &amp#27;[35m[ADB]&amp#27;[39m 'io.appium.android.apis' is installed
[debug] &amp#27;[35m[ADB]&amp#27;[39m Running 'C:\Users\Anis\AppData\Local\Android\Sdk\platform-tools\adb.exe -P 5037 -s 55272e729804 shell am force-stop io.appium.android.apis'
[debug] &amp#27;[35m[ADB]&amp#27;[39m Running 'C:\Users\Anis\AppData\Local\Android\Sdk\platform-tools\adb.exe -P 5037 -s 55272e729804 shell pm clear io.appium.android.apis'
[debug] &amp#27;[35m[AndroidDriver]&amp#27;[39m Performed fast reset on the installed 'io.appium.android.apis' application (stop and clear)
[debug] &amp#27;[35m[UiAutomator2]&amp#27;[39m Performing shallow cleanup of automation leftovers
[debug] &amp#27;[35m[UiAutomator2]&amp#27;[39m The following obsolete sessions are still running: [null]
[debug] &amp#27;[35m[UiAutomator2]&amp#27;[39m Cleaning up the obsolete sessions
[debug] &amp#27;[35m[ADB]&amp#27;[39m Running 'C:\Users\Anis\AppData\Local\Android\Sdk\platform-tools\adb.exe -P 5037 -s 55272e729804 shell am force-stop io.appium.uiautomator2.server.test'
&amp#27;[35m[UiAutomator2]&amp#27;[39m Starting UIAutomator2 server 4.21.1
&amp#27;[35m[UiAutomator2]&amp#27;[39m Using UIAutomator2 server from 'C:\Users\Anis\AppData\Roaming\npm\node_modules\appium\node_modules\appium-uiautomator2-server\apks\appium-uiautomator2-server-v4.21.1.apk' and test from 'C:\Users\Anis\AppData\Roaming\npm\node_modules\appium\node_modules\appium-uiautomator2-server\apks\appium-uiautomator2-server-debug-androidTest.apk'
&amp#27;[35m[UiAutomator2]&amp#27;[39m Waiting up to 30000ms for UiAutomator2 to be online...
[debug] &amp#27;[35m[ADB]&amp#27;[39m Creating ADB subprocess with args: ["-P",5037,"-s","55272e729804","shell","am","instrument","-w","-e","disableAnalytics",true,"io.appium.uiautomator2.server.test/androidx.test.runner.AndroidJUnitRunner"]
[debug] &amp#27;[35m[WD Proxy]&amp#27;[39m Matched '/status' to command name 'getStatus'
[debug] &amp#27;[35m[WD Proxy]&amp#27;[39m Proxying [GET /status] to [GET http://127.0.0.1:8216/wd/hub/status] with no body
&amp#27;[35m[WD Proxy]&amp#27;[39m socket hang up
[debug] &amp#27;[35m[WD Proxy]&amp#27;[39m Matched '/status' to command name 'getStatus'
[debug] &amp#27;[35m[WD Proxy]&amp#27;[39m Proxying [GET /status] to [GET http://127.0.0.1:8216/wd/hub/status] with no body
&amp#27;[35m[WD Proxy]&amp#27;[39m socket hang up
[debug] &amp#27;[35m[Instrumentation]&amp#27;[39m io.appium.uiautomator2.server.test.AppiumUiAutomator2Server:
[debug] &amp#27;[35m[WD Proxy]&amp#27;[39m Matched '/status' to command name 'getStatus'
[debug] &amp#27;[35m[WD Proxy]&amp#27;[39m Proxying [GET /status] to [GET http://127.0.0.1:8216/wd/hub/status] with no body
&amp#27;[35m[WD Proxy]&amp#27;[39m socket hang up
[debug] &amp#27;[35m[WD Proxy]&amp#27;[39m Matched '/status' to command name 'getStatus'
[debug] &amp#27;[35m[WD Proxy]&amp#27;[39m Proxying [GET /status] to [GET http://127.0.0.1:8216/wd/hub/status] with no body
[debug] &amp#27;[35m[WD Proxy]&amp#27;[39m Got response with status 200: {"sessionId":"None","value":{"message":"UiAutomator2 Server is ready to accept commands","ready":true}}
[debug] &amp#27;[35m[UiAutomator2]&amp#27;[39m The initialization of the instrumentation process took 3097ms
[debug] &amp#27;[35m[WD Proxy]&amp#27;[39m Matched '/session' to command name 'createSession'
[debug] &amp#27;[35m[WD Proxy]&amp#27;[39m Proxying [POST /session] to [POST http://127.0.0.1:8216/wd/hub/session] with body: {"capabilities":{"firstMatch":[{"platform":"LINUX","webStorageEnabled":false,"takesScreenshot":true,"javascriptEnabled":true,"databaseEnabled":false,"networkConnectionEnabled":true,"locationContextEnabled":false,"warnings":{},"desired":{"platformName":"android","app":"C:\\Users\\Anis\\eclipse-workspace\\Appium\\src\\ApiDemos-debug.apk","deviceName":"Redmi","newCommandTimeout":14},"platformName":"android","app":"C:\\Users\\Anis\\eclipse-workspace\\Appium\\src\\ApiDemos-debug.apk","deviceName":"55272e729804","newCommandTimeout":14,"deviceUDID":"55272e729804","appPackage":"io.appium.android.apis"}],"alwaysMatch":{}}}
[debug] &amp#27;[35m[WD Proxy]&amp#27;[39m Got response with status 200: {"sessionId":"bc4fa27b-1e85-4865-ac82-015b335267d9","value":{"capabilities":{"firstMatch":[{"platform":"LINUX","webStorageEnabled":false,"takesScreenshot":true,"javascriptEnabled":true,"databaseEnabled":false,"networkConnectionEnabled":true,"locationContextEnabled":false,"warnings":{},"desired":{"platformName":"android","app":"C:\\Users\\Anis\\eclipse-workspace\\Appium\\src\\ApiDemos-debug.apk","deviceName":"Redmi","newCommandTimeout":14},"platformName":"android","app":"C:\\Users\\Anis\\eclipse-workspace\\Appium\\src\\ApiDemos-debug.apk","deviceName":"55272e729804","newCommandTimeout":14,"deviceUDID":"55272e729804","appPackage":"io.appium.android.apis"}],"alwaysMatch":{}},"sessionId":"bc4fa27b-1e85-4865-ac82-015b335267d9"}}
&amp#27;[35m[WD Proxy]&amp#27;[39m Determined the downstream protocol as 'W3C'
[debug] &amp#27;[35m[WD Proxy]&amp#27;[39m Proxying [GET /appium/device/info] to [GET http://127.0.0.1:8216/wd/hub/session/bc4fa27b-1e85-4865-ac82-015b335267d9/appium/device/info] with no body
[debug] &amp#27;[35m[WD Proxy]&amp#27;[39m Got response with status 200: {"sessionId":"bc4fa27b-1e85-4865-ac82-015b335267d9","value":{"androidId":"62e279822e2e3c5b","apiVersion":"24","bluetooth":{"state":"OFF"},"brand":"xiaomi","carrierName":"airtel","displayDensity":480,"locale":"en_GB","manufacturer":"Xiaomi","model":"Redmi Note 4","networks":[{"capabilities":{"SSID":null,"linkDownBandwidthKbps":102400,"linkUpstreamBandwidthKbps":51200,"networkCapabilities":"NET_CAPABILITY_NOT_METERED,NET_CAPABILITY_NOT_RESTRICTED,NET_CAPABILITY_IMS,NET_CAPABILITY_NOT_VPN,NET_CAPABILITY_TRUSTED,NET_CAPABILITY_VALIDATED","signalStrength":-2147483648,"transportTypes":"TRANSPORT_CELLULAR"},"detailedState":"CONNECTED","extraInfo":"ims","isAvailable":true,"isConnected":true,"isFailover":false,"isRoaming":false,"state":"CONNECTED","subtype":13,"subtypeName":"LTE","type":0,"typeName":"MOBILE"},{"capabilities":{"SSID":null,"linkDownBandwidthKbps":102400,"linkUpstreamBandwidthKbps":51200,"networkCapabilities":"NET_CAPABILITY_NOT_RESTRICTED,NET_CAPABILITY_SUPL,NET_CAPABILITY_NOT_VPN,NET_CAPABILITY_INTE...
[debug] &amp#27;[35m[ADB]&amp#27;[39m Running 'C:\Users\Anis\AppData\Local\Android\Sdk\platform-tools\adb.exe -P 5037 -s 55272e729804 shell dumpsys window'
&amp#27;[35m[AndroidDriver]&amp#27;[39m Screen already unlocked, doing nothing
&amp#27;[35m[UiAutomator2]&amp#27;[39m Starting 'io.appium.android.apis/ApiDemos and waiting for 'io.appium.android.apis/ApiDemos'
[debug] &amp#27;[35m[ADB]&amp#27;[39m Running 'C:\Users\Anis\AppData\Local\Android\Sdk\platform-tools\adb.exe -P 5037 -s 55272e729804 shell am start -W -n io.appium.android.apis/ApiDemos -S -a android.intent.action.MAIN -c android.intent.category.LAUNCHER -f 0x10200000'
[debug] &amp#27;[35m[ADB]&amp#27;[39m We tried to start an activity that doesn't exist, retrying with '.ApiDemos' activity name
[debug] &amp#27;[35m[ADB]&amp#27;[39m Running 'C:\Users\Anis\AppData\Local\Android\Sdk\platform-tools\adb.exe -P 5037 -s 55272e729804 shell am start -W -n io.appium.android.apis/.ApiDemos -S -a android.intent.action.MAIN -c android.intent.category.LAUNCHER -f 0x10200000'
[debug] &amp#27;[35m[ADB]&amp#27;[39m Waiting up to 20000ms for activity matching pkg: 'io.appium.android.apis' and activity: 'ApiDemos' to be focused
[debug] &amp#27;[35m[ADB]&amp#27;[39m Possible activities, to be checked: 'ApiDemos', 'io.appium.android.apis.ApiDemos'
[debug] &amp#27;[35m[ADB]&amp#27;[39m Getting focused package and activity
[debug] &amp#27;[35m[ADB]&amp#27;[39m Running 'C:\Users\Anis\AppData\Local\Android\Sdk\platform-tools\adb.exe -P 5037 -s 55272e729804 shell dumpsys window windows'
[debug] &amp#27;[35m[ADB]&amp#27;[39m Found package: 'io.appium.android.apis' and fully qualified activity name : 'io.appium.android.apis.ApiDemos'
[debug] &amp#27;[35m[WD Proxy]&amp#27;[39m Proxying [GET /appium/device/pixel_ratio] to [GET http://127.0.0.1:8216/wd/hub/session/bc4fa27b-1e85-4865-ac82-015b335267d9/appium/device/pixel_ratio] with no body
[debug] &amp#27;[35m[WD Proxy]&amp#27;[39m Got response with status 200: {"sessionId":"bc4fa27b-1e85-4865-ac82-015b335267d9","value":3}
[debug] &amp#27;[35m[WD Proxy]&amp#27;[39m Matched '/appium/device/system_bars' to command name 'getSystemBars'
[debug] &amp#27;[35m[WD Proxy]&amp#27;[39m Proxying [GET /appium/device/system_bars] to [GET http://127.0.0.1:8216/wd/hub/session/bc4fa27b-1e85-4865-ac82-015b335267d9/appium/device/system_bars] with no body
[debug] &amp#27;[35m[WD Proxy]&amp#27;[39m Got response with status 200: {"sessionId":"bc4fa27b-1e85-4865-ac82-015b335267d9","value":{"statusBar":72}}
[debug] &amp#27;[35m[WD Proxy]&amp#27;[39m Matched '/window/current/size' to command name 'getWindowSize'
[debug] &amp#27;[35m[WD Proxy]&amp#27;[39m Proxying [GET /window/current/size] to [GET http://127.0.0.1:8216/wd/hub/session/bc4fa27b-1e85-4865-ac82-015b335267d9/window/current/size] with no body
[debug] &amp#27;[35m[WD Proxy]&amp#27;[39m Got response with status 200: {"sessionId":"bc4fa27b-1e85-4865-ac82-015b335267d9","value":{"height":1920,"width":1080}}
&amp#27;[35m[Appium]&amp#27;[39m New AndroidUiautomator2Driver session created successfully, session 34394bf9-0c01-4d1d-b0c9-6a63b2f7d538 added to master session list
[debug] &amp#27;[35m[BaseDriver]&amp#27;[39m Event 'newSessionStarted' logged at 1624012088442 (15:58:08 GMT+0530 (India Standard Time))
[debug] &amp#27;[35m[W3C (34394bf9)]&amp#27;[39m Cached the protocol value 'W3C' for the new session 34394bf9-0c01-4d1d-b0c9-6a63b2f7d538
[debug] &amp#27;[35m[W3C (34394bf9)]&amp#27;[39m Responding to client with driver.createSession() result: {"capabilities":{"platform":"LINUX","webStorageEnabled":false,"takesScreenshot":true,"javascriptEnabled":true,"databaseEnabled":false,"networkConnectionEnabled":true,"locationContextEnabled":false,"warnings":{},"desired":{"platformName":"android","app":"C:\\Users\\Anis\\eclipse-workspace\\Appium\\src\\ApiDemos-debug.apk","deviceName":"Redmi","newCommandTimeout":14},"platformName":"android","app":"C:\\Users\\Anis\\eclipse-workspace\\Appium\\src\\ApiDemos-debug.apk","deviceName":"55272e729804","newCommandTimeout":14,"deviceUDID":"55272e729804","appPackage":"io.appium.android.apis","deviceApiLevel":24,"platformVersion":"7.0","deviceScreenSize":"1080x1920","deviceScreenDensity":480,"deviceModel":"Redmi Note 4","deviceManufacturer":"Xiaomi","pixelRatio":3,"statBarHeight":72,"viewportRect":{"left":0,"top":72,"width":1080,"height":1848}}}
&amp#27;[35m[HTTP]&amp#27;[39m &amp#27;[37m<-- POST /wd/hub/session &amp#27;[39m&amp#27;[32m200&amp#27;[39m &amp#27;[90m25169 ms - 904&amp#27;[39m
&amp#27;[35m[HTTP]&amp#27;[39m &amp#27;[90m&amp#27;[39m
&amp#27;[35m[HTTP]&amp#27;[39m &amp#27;[37m-->&amp#27;[39m &amp#27;[37mGET&amp#27;[39m &amp#27;[37m/wd/hub/session/34394bf9-0c01-4d1d-b0c9-6a63b2f7d538&amp#27;[39m
&amp#27;[35m[HTTP]&amp#27;[39m &amp#27;[90m{}&amp#27;[39m
[debug] &amp#27;[35m[W3C (34394bf9)]&amp#27;[39m Calling AppiumDriver.getSession() with args: ["34394bf9-0c01-4d1d-b0c9-6a63b2f7d538"]
[debug] &amp#27;[35m[UiAutomator2]&amp#27;[39m Getting session details from server to mix in
[debug] &amp#27;[35m[WD Proxy]&amp#27;[39m Matched '/' to command name 'getSession'
[debug] &amp#27;[35m[WD Proxy]&amp#27;[39m Proxying [GET /] to [GET http://127.0.0.1:8216/wd/hub/session/bc4fa27b-1e85-4865-ac82-015b335267d9] with no body
[debug] &amp#27;[35m[WD Proxy]&amp#27;[39m Got response with status 200: {"sessionId":"bc4fa27b-1e85-4865-ac82-015b335267d9","value":{"lastScrollData":null}}
[debug] &amp#27;[35m[W3C (34394bf9)]&amp#27;[39m Responding to client with driver.getSession() result: {"platform":"LINUX","webStorageEnabled":false,"takesScreenshot":true,"javascriptEnabled":true,"databaseEnabled":false,"networkConnectionEnabled":true,"locationContextEnabled":false,"warnings":{},"desired":{"platformName":"android","app":"C:\\Users\\Anis\\eclipse-workspace\\Appium\\src\\ApiDemos-debug.apk","deviceName":"Redmi","newCommandTimeout":14},"platformName":"android","app":"C:\\Users\\Anis\\eclipse-workspace\\Appium\\src\\ApiDemos-debug.apk","deviceName":"55272e729804","newCommandTimeout":14,"deviceUDID":"55272e729804","appPackage":"io.appium.android.apis","deviceApiLevel":24,"platformVersion":"7.0","deviceScreenSize":"1080x1920","deviceScreenDensity":480,"deviceModel":"Redmi Note 4","deviceManufacturer":"Xiaomi","pixelRatio":3,"statBarHeight":72,"viewportRect":{"left":0,"top":72,"width":1080,"height":1848},"lastScrollData":null}
&amp#27;[35m[HTTP]&amp#27;[39m &amp#27;[37m<-- GET /wd/hub/session/34394bf9-0c01-4d1d-b0c9-6a63b2f7d538 &amp#27;[39m&amp#27;[32m200&amp#27;[39m &amp#27;[90m16 ms - 858&amp#27;[39m
&amp#27;[35m[HTTP]&amp#27;[39m &amp#27;[90m&amp#27;[39m
&amp#27;[35m[HTTP]&amp#27;[39m &amp#27;[37m-->&amp#27;[39m &amp#27;[37mGET&amp#27;[39m &amp#27;[37m/wd/hub/session/34394bf9-0c01-4d1d-b0c9-6a63b2f7d538&amp#27;[39m
&amp#27;[35m[HTTP]&amp#27;[39m &amp#27;[90m{}&amp#27;[39m
[debug] &amp#27;[35m[W3C (34394bf9)]&amp#27;[39m Calling AppiumDriver.getSession() with args: ["34394bf9-0c01-4d1d-b0c9-6a63b2f7d538"]
[debug] &amp#27;[35m[UiAutomator2]&amp#27;[39m Getting session details from server to mix in
[debug] &amp#27;[35m[WD Proxy]&amp#27;[39m Matched '/' to command name 'getSession'
[debug] &amp#27;[35m[WD Proxy]&amp#27;[39m Proxying [GET /] to [GET http://127.0.0.1:8216/wd/hub/session/bc4fa27b-1e85-4865-ac82-015b335267d9] with no body
[debug] &amp#27;[35m[WD Proxy]&amp#27;[39m Got response with status 200: {"sessionId":"bc4fa27b-1e85-4865-ac82-015b335267d9","value":{"lastScrollData":null}}
[debug] &amp#27;[35m[W3C (34394bf9)]&amp#27;[39m Responding to client with driver.getSession() result: {"platform":"LINUX","webStorageEnabled":false,"takesScreenshot":true,"javascriptEnabled":true,"databaseEnabled":false,"networkConnectionEnabled":true,"locationContextEnabled":false,"warnings":{},"desired":{"platformName":"android","app":"C:\\Users\\Anis\\eclipse-workspace\\Appium\\src\\ApiDemos-debug.apk","deviceName":"Redmi","newCommandTimeout":14},"platformName":"android","app":"C:\\Users\\Anis\\eclipse-workspace\\Appium\\src\\ApiDemos-debug.apk","deviceName":"55272e729804","newCommandTimeout":14,"deviceUDID":"55272e729804","appPackage":"io.appium.android.apis","deviceApiLevel":24,"platformVersion":"7.0","deviceScreenSize":"1080x1920","deviceScreenDensity":480,"deviceModel":"Redmi Note 4","deviceManufacturer":"Xiaomi","pixelRatio":3,"statBarHeight":72,"viewportRect":{"left":0,"top":72,"width":1080,"height":1848},"lastScrollData":null}
&amp#27;[35m[HTTP]&amp#27;[39m &amp#27;[37m<-- GET /wd/hub/session/34394bf9-0c01-4d1d-b0c9-6a63b2f7d538 &amp#27;[39m&amp#27;[32m200&amp#27;[39m &amp#27;[90m9 ms - 858&amp#27;[39m
&amp#27;[35m[HTTP]&amp#27;[39m &amp#27;[90m&amp#27;[39m
&amp#27;[35m[HTTP]&amp#27;[39m &amp#27;[37m-->&amp#27;[39m &amp#27;[37mGET&amp#27;[39m &amp#27;[37m/wd/hub/session/34394bf9-0c01-4d1d-b0c9-6a63b2f7d538&amp#27;[39m
&amp#27;[35m[HTTP]&amp#27;[39m &amp#27;[90m{}&amp#27;[39m
[debug] &amp#27;[35m[W3C (34394bf9)]&amp#27;[39m Calling AppiumDriver.getSession() with args: ["34394bf9-0c01-4d1d-b0c9-6a63b2f7d538"]
[debug] &amp#27;[35m[UiAutomator2]&amp#27;[39m Getting session details from server to mix in
[debug] &amp#27;[35m[WD Proxy]&amp#27;[39m Matched '/' to command name 'getSession'
[debug] &amp#27;[35m[WD Proxy]&amp#27;[39m Proxying [GET /] to [GET http://127.0.0.1:8216/wd/hub/session/bc4fa27b-1e85-4865-ac82-015b335267d9] with no body
[debug] &amp#27;[35m[WD Proxy]&amp#27;[39m Got response with status 200: {"sessionId":"bc4fa27b-1e85-4865-ac82-015b335267d9","value":{"lastScrollData":null}}
[debug] &amp#27;[35m[W3C (34394bf9)]&amp#27;[39m Responding to client with driver.getSession() result: {"platform":"LINUX","webStorageEnabled":false,"takesScreenshot":true,"javascriptEnabled":true,"databaseEnabled":false,"networkConnectionEnabled":true,"locationContextEnabled":false,"warnings":{},"desired":{"platformName":"android","app":"C:\\Users\\Anis\\eclipse-workspace\\Appium\\src\\ApiDemos-debug.apk","deviceName":"Redmi","newCommandTimeout":14},"platformName":"android","app":"C:\\Users\\Anis\\eclipse-workspace\\Appium\\src\\ApiDemos-debug.apk","deviceName":"55272e729804","newCommandTimeout":14,"deviceUDID":"55272e729804","appPackage":"io.appium.android.apis","deviceApiLevel":24,"platformVersion":"7.0","deviceScreenSize":"1080x1920","deviceScreenDensity":480,"deviceModel":"Redmi Note 4","deviceManufacturer":"Xiaomi","pixelRatio":3,"statBarHeight":72,"viewportRect":{"left":0,"top":72,"width":1080,"height":1848},"lastScrollData":null}
&amp#27;[35m[HTTP]&amp#27;[39m &amp#27;[37m<-- GET /wd/hub/session/34394bf9-0c01-4d1d-b0c9-6a63b2f7d538 &amp#27;[39m&amp#27;[32m200&amp#27;[39m &amp#27;[90m11 ms - 858&amp#27;[39m
&amp#27;[35m[HTTP]&amp#27;[39m &amp#27;[90m&amp#27;[39m
&amp#27;[35m[HTTP]&amp#27;[39m &amp#27;[37m-->&amp#27;[39m &amp#27;[37mGET&amp#27;[39m &amp#27;[37m/wd/hub/session/34394bf9-0c01-4d1d-b0c9-6a63b2f7d538&amp#27;[39m
&amp#27;[35m[HTTP]&amp#27;[39m &amp#27;[90m{}&amp#27;[39m
[debug] &amp#27;[35m[W3C (34394bf9)]&amp#27;[39m Calling AppiumDriver.getSession() with args: ["34394bf9-0c01-4d1d-b0c9-6a63b2f7d538"]
[debug] &amp#27;[35m[UiAutomator2]&amp#27;[39m Getting session details from server to mix in
[debug] &amp#27;[35m[WD Proxy]&amp#27;[39m Matched '/' to command name 'getSession'
[debug] &amp#27;[35m[WD Proxy]&amp#27;[39m Proxying [GET /] to [GET http://127.0.0.1:8216/wd/hub/session/bc4fa27b-1e85-4865-ac82-015b335267d9] with no body
[debug] &amp#27;[35m[WD Proxy]&amp#27;[39m Got response with status 200: {"sessionId":"bc4fa27b-1e85-4865-ac82-015b335267d9","value":{"lastScrollData":null}}
[debug] &amp#27;[35m[W3C (34394bf9)]&amp#27;[39m Responding to client with driver.getSession() result: {"platform":"LINUX","webStorageEnabled":false,"takesScreenshot":true,"javascriptEnabled":true,"databaseEnabled":false,"networkConnectionEnabled":true,"locationContextEnabled":false,"warnings":{},"desired":{"platformName":"android","app":"C:\\Users\\Anis\\eclipse-workspace\\Appium\\src\\ApiDemos-debug.apk","deviceName":"Redmi","newCommandTimeout":14},"platformName":"android","app":"C:\\Users\\Anis\\eclipse-workspace\\Appium\\src\\ApiDemos-debug.apk","deviceName":"55272e729804","newCommandTimeout":14,"deviceUDID":"55272e729804","appPackage":"io.appium.android.apis","deviceApiLevel":24,"platformVersion":"7.0","deviceScreenSize":"1080x1920","deviceScreenDensity":480,"deviceModel":"Redmi Note 4","deviceManufacturer":"Xiaomi","pixelRatio":3,"statBarHeight":72,"viewportRect":{"left":0,"top":72,"width":1080,"height":1848},"lastScrollData":null}
&amp#27;[35m[HTTP]&amp#27;[39m &amp#27;[37m<-- GET /wd/hub/session/34394bf9-0c01-4d1d-b0c9-6a63b2f7d538 &amp#27;[39m&amp#27;[32m200&amp#27;[39m &amp#27;[90m11 ms - 858&amp#27;[39m
&amp#27;[35m[HTTP]&amp#27;[39m &amp#27;[90m&amp#27;[39m
&amp#27;[35m[HTTP]&amp#27;[39m &amp#27;[37m-->&amp#27;[39m &amp#27;[37mPOST&amp#27;[39m &amp#27;[37m/wd/hub/session/34394bf9-0c01-4d1d-b0c9-6a63b2f7d538/timeouts&amp#27;[39m
&amp#27;[35m[HTTP]&amp#27;[39m &amp#27;[90m{"implicit":10000}&amp#27;[39m
[debug] &amp#27;[35m[W3C (34394bf9)]&amp#27;[39m Calling AppiumDriver.timeouts() with args: [null,null,null,null,10000,"34394bf9-0c01-4d1d-b0c9-6a63b2f7d538"]
[debug] &amp#27;[35m[BaseDriver]&amp#27;[39m W3C timeout argument: {"implicit":10000}}
[debug] &amp#27;[35m[BaseDriver]&amp#27;[39m Set implicit wait to 10000ms
[debug] &amp#27;[35m[W3C (34394bf9)]&amp#27;[39m Responding to client with driver.timeouts() result: null
[INFO ] 2021-06-18 15:58:08.549 [main] Listeners - *******************ApiDemoTest2.popUpMenu started*******************
&amp#27;[35m[HTTP]&amp#27;[39m &amp#27;[37m<-- POST /wd/hub/session/34394bf9-0c01-4d1d-b0c9-6a63b2f7d538/timeouts &amp#27;[39m&amp#27;[32m200&amp#27;[39m &amp#27;[90m5 ms - 14&amp#27;[39m
&amp#27;[35m[HTTP]&amp#27;[39m &amp#27;[90m&amp#27;[39m
&amp#27;[35m[HTTP]&amp#27;[39m &amp#27;[37m-->&amp#27;[39m &amp#27;[37mGET&amp#27;[39m &amp#27;[37m/wd/hub/session/34394bf9-0c01-4d1d-b0c9-6a63b2f7d538&amp#27;[39m
&amp#27;[35m[HTTP]&amp#27;[39m &amp#27;[90m{}&amp#27;[39m
[debug] &amp#27;[35m[W3C (34394bf9)]&amp#27;[39m Calling AppiumDriver.getSession() with args: ["34394bf9-0c01-4d1d-b0c9-6a63b2f7d538"]
[debug] &amp#27;[35m[UiAutomator2]&amp#27;[39m Getting session details from server to mix in
[debug] &amp#27;[35m[WD Proxy]&amp#27;[39m Matched '/' to command name 'getSession'
[debug] &amp#27;[35m[WD Proxy]&amp#27;[39m Proxying [GET /] to [GET http://127.0.0.1:8216/wd/hub/session/bc4fa27b-1e85-4865-ac82-015b335267d9] with no body
[debug] &amp#27;[35m[WD Proxy]&amp#27;[39m Got response with status 200: {"sessionId":"bc4fa27b-1e85-4865-ac82-015b335267d9","value":{"lastScrollData":null}}
[debug] &amp#27;[35m[W3C (34394bf9)]&amp#27;[39m Responding to client with driver.getSession() result: {"platform":"LINUX","webStorageEnabled":false,"takesScreenshot":true,"javascriptEnabled":true,"databaseEnabled":false,"networkConnectionEnabled":true,"locationContextEnabled":false,"warnings":{},"desired":{"platformName":"android","app":"C:\\Users\\Anis\\eclipse-workspace\\Appium\\src\\ApiDemos-debug.apk","deviceName":"Redmi","newCommandTimeout":14},"platformName":"android","app":"C:\\Users\\Anis\\eclipse-workspace\\Appium\\src\\ApiDemos-debug.apk","deviceName":"55272e729804","newCommandTimeout":14,"deviceUDID":"55272e729804","appPackage":"io.appium.android.apis","deviceApiLevel":24,"platformVersion":"7.0","deviceScreenSize":"1080x1920","deviceScreenDensity":480,"deviceModel":"Redmi Note 4","deviceManufacturer":"Xiaomi","pixelRatio":3,"statBarHeight":72,"viewportRect":{"left":0,"top":72,"width":1080,"height":1848},"lastScrollData":null}
&amp#27;[35m[HTTP]&amp#27;[39m &amp#27;[37m<-- GET /wd/hub/session/34394bf9-0c01-4d1d-b0c9-6a63b2f7d538 &amp#27;[39m&amp#27;[32m200&amp#27;[39m &amp#27;[90m10 ms - 858&amp#27;[39m
&amp#27;[35m[HTTP]&amp#27;[39m &amp#27;[90m&amp#27;[39m
&amp#27;[35m[HTTP]&amp#27;[39m &amp#27;[37m-->&amp#27;[39m &amp#27;[37mGET&amp#27;[39m &amp#27;[37m/wd/hub/session/34394bf9-0c01-4d1d-b0c9-6a63b2f7d538&amp#27;[39m
&amp#27;[35m[HTTP]&amp#27;[39m &amp#27;[90m{}&amp#27;[39m
[debug] &amp#27;[35m[W3C (34394bf9)]&amp#27;[39m Calling AppiumDriver.getSession() with args: ["34394bf9-0c01-4d1d-b0c9-6a63b2f7d538"]
[debug] &amp#27;[35m[UiAutomator2]&amp#27;[39m Getting session details from server to mix in
[debug] &amp#27;[35m[WD Proxy]&amp#27;[39m Matched '/' to command name 'getSession'
[debug] &amp#27;[35m[WD Proxy]&amp#27;[39m Proxying [GET /] to [GET http://127.0.0.1:8216/wd/hub/session/bc4fa27b-1e85-4865-ac82-015b335267d9] with no body
[debug] &amp#27;[35m[WD Proxy]&amp#27;[39m Got response with status 200: {"sessionId":"bc4fa27b-1e85-4865-ac82-015b335267d9","value":{"lastScrollData":null}}
[debug] &amp#27;[35m[W3C (34394bf9)]&amp#27;[39m Responding to client with driver.getSession() result: {"platform":"LINUX","webStorageEnabled":false,"takesScreenshot":true,"javascriptEnabled":true,"databaseEnabled":false,"networkConnectionEnabled":true,"locationContextEnabled":false,"warnings":{},"desired":{"platformName":"android","app":"C:\\Users\\Anis\\eclipse-workspace\\Appium\\src\\ApiDemos-debug.apk","deviceName":"Redmi","newCommandTimeout":14},"platformName":"android","app":"C:\\Users\\Anis\\eclipse-workspace\\Appium\\src\\ApiDemos-debug.apk","deviceName":"55272e729804","newCommandTimeout":14,"deviceUDID":"55272e729804","appPackage":"io.appium.android.apis","deviceApiLevel":24,"platformVersion":"7.0","deviceScreenSize":"1080x1920","deviceScreenDensity":480,"deviceModel":"Redmi Note 4","deviceManufacturer":"Xiaomi","pixelRatio":3,"statBarHeight":72,"viewportRect":{"left":0,"top":72,"width":1080,"height":1848},"lastScrollData":null}
&amp#27;[35m[HTTP]&amp#27;[39m &amp#27;[37m<-- GET /wd/hub/session/34394bf9-0c01-4d1d-b0c9-6a63b2f7d538 &amp#27;[39m&amp#27;[32m200&amp#27;[39m &amp#27;[90m9 ms - 858&amp#27;[39m
&amp#27;[35m[HTTP]&amp#27;[39m &amp#27;[90m&amp#27;[39m
[INFO ] 2021-06-18 15:58:08.579 [main] ExplicitWait - Waiting for element to be visible: Located by By.chained({By.xpath: //android.widget.TextView[@content-desc="Views"]})
[INFO ] 2021-06-18 15:58:08.579 [main] ExplicitWait - Waiting for element to be visible: Located by By.chained({By.xpath: //android.widget.TextView[@content-desc="Views"]})
&amp#27;[35m[HTTP]&amp#27;[39m &amp#27;[37m-->&amp#27;[39m &amp#27;[37mPOST&amp#27;[39m &amp#27;[37m/wd/hub/session/34394bf9-0c01-4d1d-b0c9-6a63b2f7d538/timeouts&amp#27;[39m
&amp#27;[35m[HTTP]&amp#27;[39m &amp#27;[90m{"implicit":0}&amp#27;[39m
[debug] &amp#27;[35m[W3C (34394bf9)]&amp#27;[39m Calling AppiumDriver.timeouts() with args: [null,null,null,null,0,"34394bf9-0c01-4d1d-b0c9-6a63b2f7d538"]
[debug] &amp#27;[35m[BaseDriver]&amp#27;[39m W3C timeout argument: {"implicit":0}}
[debug] &amp#27;[35m[BaseDriver]&amp#27;[39m Set implicit wait to 0ms
[debug] &amp#27;[35m[W3C (34394bf9)]&amp#27;[39m Responding to client with driver.timeouts() result: null
&amp#27;[35m[HTTP]&amp#27;[39m &amp#27;[37m<-- POST /wd/hub/session/34394bf9-0c01-4d1d-b0c9-6a63b2f7d538/timeouts &amp#27;[39m&amp#27;[32m200&amp#27;[39m &amp#27;[90m5 ms - 14&amp#27;[39m
&amp#27;[35m[HTTP]&amp#27;[39m &amp#27;[90m&amp#27;[39m
&amp#27;[35m[HTTP]&amp#27;[39m &amp#27;[37m-->&amp#27;[39m &amp#27;[37mGET&amp#27;[39m &amp#27;[37m/wd/hub/session/34394bf9-0c01-4d1d-b0c9-6a63b2f7d538&amp#27;[39m
&amp#27;[35m[HTTP]&amp#27;[39m &amp#27;[90m{}&amp#27;[39m
[debug] &amp#27;[35m[W3C (34394bf9)]&amp#27;[39m Calling AppiumDriver.getSession() with args: ["34394bf9-0c01-4d1d-b0c9-6a63b2f7d538"]
[debug] &amp#27;[35m[UiAutomator2]&amp#27;[39m Getting session details from server to mix in
[debug] &amp#27;[35m[WD Proxy]&amp#27;[39m Matched '/' to command name 'getSession'
[debug] &amp#27;[35m[WD Proxy]&amp#27;[39m Proxying [GET /] to [GET http://127.0.0.1:8216/wd/hub/session/bc4fa27b-1e85-4865-ac82-015b335267d9] with no body
[debug] &amp#27;[35m[WD Proxy]&amp#27;[39m Got response with status 200: {"sessionId":"bc4fa27b-1e85-4865-ac82-015b335267d9","value":{"lastScrollData":null}}
[debug] &amp#27;[35m[W3C (34394bf9)]&amp#27;[39m Responding to client with driver.getSession() result: {"platform":"LINUX","webStorageEnabled":false,"takesScreenshot":true,"javascriptEnabled":true,"databaseEnabled":false,"networkConnectionEnabled":true,"locationContextEnabled":false,"warnings":{},"desired":{"platformName":"android","app":"C:\\Users\\Anis\\eclipse-workspace\\Appium\\src\\ApiDemos-debug.apk","deviceName":"Redmi","newCommandTimeout":14},"platformName":"android","app":"C:\\Users\\Anis\\eclipse-workspace\\Appium\\src\\ApiDemos-debug.apk","deviceName":"55272e729804","newCommandTimeout":14,"deviceUDID":"55272e729804","appPackage":"io.appium.android.apis","deviceApiLevel":24,"platformVersion":"7.0","deviceScreenSize":"1080x1920","deviceScreenDensity":480,"deviceModel":"Redmi Note 4","deviceManufacturer":"Xiaomi","pixelRatio":3,"statBarHeight":72,"viewportRect":{"left":0,"top":72,"width":1080,"height":1848},"lastScrollData":null}
&amp#27;[35m[HTTP]&amp#27;[39m &amp#27;[37m<-- GET /wd/hub/session/34394bf9-0c01-4d1d-b0c9-6a63b2f7d538 &amp#27;[39m&amp#27;[32m200&amp#27;[39m &amp#27;[90m11 ms - 858&amp#27;[39m
&amp#27;[35m[HTTP]&amp#27;[39m &amp#27;[90m&amp#27;[39m
&amp#27;[35m[HTTP]&amp#27;[39m &amp#27;[37m-->&amp#27;[39m &amp#27;[37mPOST&amp#27;[39m &amp#27;[37m/wd/hub/session/34394bf9-0c01-4d1d-b0c9-6a63b2f7d538/element&amp#27;[39m
&amp#27;[35m[HTTP]&amp#27;[39m &amp#27;[90m{"using":"xpath","value":"//android.widget.TextView[@content-desc=\"Views\"]"}&amp#27;[39m
[debug] &amp#27;[35m[W3C (34394bf9)]&amp#27;[39m Calling AppiumDriver.findElement() with args: ["xpath","//android.widget.TextView[@content-desc=\"Views\"]","34394bf9-0c01-4d1d-b0c9-6a63b2f7d538"]
[debug] &amp#27;[35m[BaseDriver]&amp#27;[39m Valid locator strategies for this request: xpath, id, class name, accessibility id, css selector, -android uiautomator
[debug] &amp#27;[35m[BaseDriver]&amp#27;[39m Waiting up to 0 ms for condition
[debug] &amp#27;[35m[WD Proxy]&amp#27;[39m Matched '/element' to command name 'findElement'
[debug] &amp#27;[35m[WD Proxy]&amp#27;[39m Proxying [POST /element] to [POST http://127.0.0.1:8216/wd/hub/session/bc4fa27b-1e85-4865-ac82-015b335267d9/element] with body: {"strategy":"xpath","selector":"//android.widget.TextView[@content-desc=\"Views\"]","context":"","multiple":false}
[debug] &amp#27;[35m[WD Proxy]&amp#27;[39m Got response with status 200: {"sessionId":"bc4fa27b-1e85-4865-ac82-015b335267d9","value":{"ELEMENT":"dbe9d570-5977-4a05-9872-314d1dfccd79","element-6066-11e4-a52e-4f735466cecf":"dbe9d570-5977-4a05-9872-314d1dfccd79"}}
[debug] &amp#27;[35m[W3C (34394bf9)]&amp#27;[39m Responding to client with driver.findElement() result: {"element-6066-11e4-a52e-4f735466cecf":"dbe9d570-5977-4a05-9872-314d1dfccd79","ELEMENT":"dbe9d570-5977-4a05-9872-314d1dfccd79"}
&amp#27;[35m[HTTP]&amp#27;[39m &amp#27;[37m<-- POST /wd/hub/session/34394bf9-0c01-4d1d-b0c9-6a63b2f7d538/element &amp#27;[39m&amp#27;[32m200&amp#27;[39m &amp#27;[90m201 ms - 137&amp#27;[39m
&amp#27;[35m[HTTP]&amp#27;[39m &amp#27;[90m&amp#27;[39m
&amp#27;[35m[HTTP]&amp#27;[39m &amp#27;[37m-->&amp#27;[39m &amp#27;[37mGET&amp#27;[39m &amp#27;[37m/wd/hub/session/34394bf9-0c01-4d1d-b0c9-6a63b2f7d538/element/dbe9d570-5977-4a05-9872-314d1dfccd79/displayed&amp#27;[39m
&amp#27;[35m[HTTP]&amp#27;[39m &amp#27;[90m{}&amp#27;[39m
[debug] &amp#27;[35m[W3C (34394bf9)]&amp#27;[39m Calling AppiumDriver.elementDisplayed() with args: ["dbe9d570-5977-4a05-9872-314d1dfccd79","34394bf9-0c01-4d1d-b0c9-6a63b2f7d538"]
[debug] &amp#27;[35m[WD Proxy]&amp#27;[39m Matched '/element/dbe9d570-5977-4a05-9872-314d1dfccd79/attribute/displayed' to command name 'getAttribute'
[debug] &amp#27;[35m[WD Proxy]&amp#27;[39m Proxying [GET /element/dbe9d570-5977-4a05-9872-314d1dfccd79/attribute/displayed] to [GET http://127.0.0.1:8216/wd/hub/session/bc4fa27b-1e85-4865-ac82-015b335267d9/element/dbe9d570-5977-4a05-9872-314d1dfccd79/attribute/displayed] with no body
[debug] &amp#27;[35m[WD Proxy]&amp#27;[39m Got response with status 200: {"sessionId":"bc4fa27b-1e85-4865-ac82-015b335267d9","value":"true"}
[debug] &amp#27;[35m[W3C (34394bf9)]&amp#27;[39m Responding to client with driver.elementDisplayed() result: true
&amp#27;[35m[HTTP]&amp#27;[39m &amp#27;[37m<-- GET /wd/hub/session/34394bf9-0c01-4d1d-b0c9-6a63b2f7d538/element/dbe9d570-5977-4a05-9872-314d1dfccd79/displayed &amp#27;[39m&amp#27;[32m200&amp#27;[39m &amp#27;[90m907 ms - 14&amp#27;[39m
&amp#27;[35m[HTTP]&amp#27;[39m &amp#27;[90m&amp#27;[39m
&amp#27;[35m[HTTP]&amp#27;[39m &amp#27;[37m-->&amp#27;[39m &amp#27;[37mPOST&amp#27;[39m &amp#27;[37m/wd/hub/session/34394bf9-0c01-4d1d-b0c9-6a63b2f7d538/timeouts&amp#27;[39m
&amp#27;[35m[HTTP]&amp#27;[39m &amp#27;[90m{"implicit":10000}&amp#27;[39m
[debug] &amp#27;[35m[W3C (34394bf9)]&amp#27;[39m Calling AppiumDriver.timeouts() with args: [null,null,null,null,10000,"34394bf9-0c01-4d1d-b0c9-6a63b2f7d538"]
[debug] &amp#27;[35m[BaseDriver]&amp#27;[39m W3C timeout argument: {"implicit":10000}}
[debug] &amp#27;[35m[BaseDriver]&amp#27;[39m Set implicit wait to 10000ms
[debug] &amp#27;[35m[W3C (34394bf9)]&amp#27;[39m Responding to client with driver.timeouts() result: null
&amp#27;[35m[HTTP]&amp#27;[39m &amp#27;[37m<-- POST /wd/hub/session/34394bf9-0c01-4d1d-b0c9-6a63b2f7d5[INFO ] 2021-06-18 15:58:09.738 [main] HomePage - Clicks The Views
38/timeouts &amp#27;[39m&amp#27;[32m200&amp#27;[39m &amp#27;[90m4 ms - 14&amp#27;[39m
&amp#27;[35m[HTTP]&amp#27;[39m &amp#27;[90m&amp#27;[39m
[INFO ] 2021-06-18 15:58:09.738 [main] ExplicitWait - Waiting for element to be clickable: Located by By.chained({By.xpath: //android.widget.TextView[@content-desc="Views"]})
&amp#27;[35m[HTTP]&amp#27;[39m &amp#27;[37m-->&amp#27;[39m &amp#27;[37mPOST&amp#27;[39m &amp#27;[37m/wd/hub/session/34394bf9-0c01-4d1d-b0c9-6a63b2f7d538/timeouts&amp#27;[39m
&amp#27;[35m[HTTP]&amp#27;[39m &amp#27;[90m{"implicit":0}&amp#27;[39m
[debug] &amp#27;[35m[W3C (34394bf9)]&amp#27;[39m Calling AppiumDriver.timeouts() with args: [null,null,null,null,0,"34394bf9-0c01-4d1d-b0c9-6a63b2f7d538"]
[debug] &amp#27;[35m[BaseDriver]&amp#27;[39m W3C timeout argument: {"implicit":0}}
[debug] &amp#27;[35m[BaseDriver]&amp#27;[39m Set implicit wait to 0ms
[debug] &amp#27;[35m[W3C (34394bf9)]&amp#27;[39m Responding to client with driver.timeouts() result: null
&amp#27;[35m[HTTP]&amp#27;[39m &amp#27;[37m<-- POST /wd/hub/session/34394bf9-0c01-4d1d-b0c9-6a63b2f7d538/timeouts &amp#27;[39m&amp#27;[32m200&amp#27;[39m &amp#27;[90m3 ms - 14&amp#27;[39m
&amp#27;[35m[HTTP]&amp#27;[39m &amp#27;[90m&amp#27;[39m
&amp#27;[35m[HTTP]&amp#27;[39m &amp#27;[37m-->&amp#27;[39m &amp#27;[37mGET&amp#27;[39m &amp#27;[37m/wd/hub/session/34394bf9-0c01-4d1d-b0c9-6a63b2f7d538&amp#27;[39m
&amp#27;[35m[HTTP]&amp#27;[39m &amp#27;[90m{}&amp#27;[39m
[debug] &amp#27;[35m[W3C (34394bf9)]&amp#27;[39m Calling AppiumDriver.getSession() with args: ["34394bf9-0c01-4d1d-b0c9-6a63b2f7d538"]
[debug] &amp#27;[35m[UiAutomator2]&amp#27;[39m Getting session details from server to mix in
[debug] &amp#27;[35m[WD Proxy]&amp#27;[39m Matched '/' to command name 'getSession'
[debug] &amp#27;[35m[WD Proxy]&amp#27;[39m Proxying [GET /] to [GET http://127.0.0.1:8216/wd/hub/session/bc4fa27b-1e85-4865-ac82-015b335267d9] with no body
[debug] &amp#27;[35m[WD Proxy]&amp#27;[39m Got response with status 200: {"sessionId":"bc4fa27b-1e85-4865-ac82-015b335267d9","value":{"lastScrollData":null}}
[debug] &amp#27;[35m[W3C (34394bf9)]&amp#27;[39m Responding to client with driver.getSession() result: {"platform":"LINUX","webStorageEnabled":false,"takesScreenshot":true,"javascriptEnabled":true,"databaseEnabled":false,"networkConnectionEnabled":true,"locationContextEnabled":false,"warnings":{},"desired":{"platformName":"android","app":"C:\\Users\\Anis\\eclipse-workspace\\Appium\\src\\ApiDemos-debug.apk","deviceName":"Redmi","newCommandTimeout":14},"platformName":"android","app":"C:\\Users\\Anis\\eclipse-workspace\\Appium\\src\\ApiDemos-debug.apk","deviceName":"55272e729804","newCommandTimeout":14,"deviceUDID":"55272e729804","appPackage":"io.appium.android.apis","deviceApiLevel":24,"platformVersion":"7.0","deviceScreenSize":"1080x1920","deviceScreenDensity":480,"deviceModel":"Redmi Note 4","deviceManufacturer":"Xiaomi","pixelRatio":3,"statBarHeight":72,"viewportRect":{"left":0,"top":72,"width":1080,"height":1848},"lastScrollData":null}
&amp#27;[35m[HTTP]&amp#27;[39m &amp#27;[37m<-- GET /wd/hub/session/34394bf9-0c01-4d1d-b0c9-6a63b2f7d538 &amp#27;[39m&amp#27;[32m200&amp#27;[39m &amp#27;[90m10 ms - 858&amp#27;[39m
&amp#27;[35m[HTTP]&amp#27;[39m &amp#27;[90m&amp#27;[39m
&amp#27;[35m[HTTP]&amp#27;[39m &amp#27;[37m-->&amp#27;[39m &amp#27;[37mPOST&amp#27;[39m &amp#27;[37m/wd/hub/session/34394bf9-0c01-4d1d-b0c9-6a63b2f7d538/element&amp#27;[39m
&amp#27;[35m[HTTP]&amp#27;[39m &amp#27;[90m{"using":"xpath","value":"//android.widget.TextView[@content-desc=\"Views\"]"}&amp#27;[39m
[debug] &amp#27;[35m[W3C (34394bf9)]&amp#27;[39m Calling AppiumDriver.findElement() with args: ["xpath","//android.widget.TextView[@content-desc=\"Views\"]","34394bf9-0c01-4d1d-b0c9-6a63b2f7d538"]
[debug] &amp#27;[35m[BaseDriver]&amp#27;[39m Valid locator strategies for this request: xpath, id, class name, accessibility id, css selector, -android uiautomator
[debug] &amp#27;[35m[BaseDriver]&amp#27;[39m Waiting up to 0 ms for condition
[debug] &amp#27;[35m[WD Proxy]&amp#27;[39m Matched '/element' to command name 'findElement'
[debug] &amp#27;[35m[WD Proxy]&amp#27;[39m Proxying [POST /element] to [POST http://127.0.0.1:8216/wd/hub/session/bc4fa27b-1e85-4865-ac82-015b335267d9/element] with body: {"strategy":"xpath","selector":"//android.widget.TextView[@content-desc=\"Views\"]","context":"","multiple":false}
[debug] &amp#27;[35m[WD Proxy]&amp#27;[39m Got response with status 200: {"sessionId":"bc4fa27b-1e85-4865-ac82-015b335267d9","value":{"ELEMENT":"28891511-4500-47b9-b0de-8c54763495e1","element-6066-11e4-a52e-4f735466cecf":"28891511-4500-47b9-b0de-8c54763495e1"}}
[debug] &amp#27;[35m[W3C (34394bf9)]&amp#27;[39m Responding to client with driver.findElement() result: {"element-6066-11e4-a52e-4f735466cecf":"28891511-4500-47b9-b0de-8c54763495e1","ELEMENT":"28891511-4500-47b9-b0de-8c54763495e1"}
&amp#27;[35m[HTTP]&amp#27;[39m &amp#27;[37m<-- POST /wd/hub/session/34394bf9-0c01-4d1d-b0c9-6a63b2f7d538/element &amp#27;[39m&amp#27;[32m200&amp#27;[39m &amp#27;[90m36 ms - 137&amp#27;[39m
&amp#27;[35m[HTTP]&amp#27;[39m &amp#27;[90m&amp#27;[39m
&amp#27;[35m[HTTP]&amp#27;[39m &amp#27;[37m-->&amp#27;[39m &amp#27;[37mGET&amp#27;[39m &amp#27;[37m/wd/hub/session/34394bf9-0c01-4d1d-b0c9-6a63b2f7d538/element/28891511-4500-47b9-b0de-8c54763495e1/displayed&amp#27;[39m
&amp#27;[35m[HTTP]&amp#27;[39m &amp#27;[90m{}&amp#27;[39m
[debug] &amp#27;[35m[W3C (34394bf9)]&amp#27;[39m Calling AppiumDriver.elementDisplayed() with args: ["28891511-4500-47b9-b0de-8c54763495e1","34394bf9-0c01-4d1d-b0c9-6a63b2f7d538"]
[debug] &amp#27;[35m[WD Proxy]&amp#27;[39m Matched '/element/28891511-4500-47b9-b0de-8c54763495e1/attribute/displayed' to command name 'getAttribute'
[debug] &amp#27;[35m[WD Proxy]&amp#27;[39m Proxying [GET /element/28891511-4500-47b9-b0de-8c54763495e1/attribute/displayed] to [GET http://127.0.0.1:8216/wd/hub/session/bc4fa27b-1e85-4865-ac82-015b335267d9/element/28891511-4500-47b9-b0de-8c54763495e1/attribute/displayed] with no body
[debug] &amp#27;[35m[WD Proxy]&amp#27;[39m Got response with status 200: {"sessionId":"bc4fa27b-1e85-4865-ac82-015b335267d9","value":"true"}
[debug] &amp#27;[35m[W3C (34394bf9)]&amp#27;[39m Responding to client with driver.elementDisplayed() result: true
&amp#27;[35m[HTTP]&amp#27;[39m &amp#27;[37m<-- GET /wd/hub/session/34394bf9-0c01-4d1d-b0c9-6a63b2f7d538/element/28891511-4500-47b9-b0de-8c54763495e1/displayed &amp#27;[39m&amp#27;[32m200&amp#27;[39m &amp#27;[90m17 ms - 14&amp#27;[39m
&amp#27;[35m[HTTP]&amp#27;[39m &amp#27;[90m&amp#27;[39m
&amp#27;[35m[HTTP]&amp#27;[39m &amp#27;[37m-->&amp#27;[39m &amp#27;[37mGET&amp#27;[39m &amp#27;[37m/wd/hub/session/34394bf9-0c01-4d1d-b0c9-6a63b2f7d538&amp#27;[39m
&amp#27;[35m[HTTP]&amp#27;[39m &amp#27;[90m{}&amp#27;[39m
[debug] &amp#27;[35m[W3C (34394bf9)]&amp#27;[39m Calling AppiumDriver.getSession() with args: ["34394bf9-0c01-4d1d-b0c9-6a63b2f7d538"]
[debug] &amp#27;[35m[UiAutomator2]&amp#27;[39m Getting session details from server to mix in
[debug] &amp#27;[35m[WD Proxy]&amp#27;[39m Matched '/' to command name 'getSession'
[debug] &amp#27;[35m[WD Proxy]&amp#27;[39m Proxying [GET /] to [GET http://127.0.0.1:8216/wd/hub/session/bc4fa27b-1e85-4865-ac82-015b335267d9] with no body
[debug] &amp#27;[35m[WD Proxy]&amp#27;[39m Got response with status 200: {"sessionId":"bc4fa27b-1e85-4865-ac82-015b335267d9","value":{"lastScrollData":null}}
[debug] &amp#27;[35m[W3C (34394bf9)]&amp#27;[39m Responding to client with driver.getSession() result: {"platform":"LINUX","webStorageEnabled":false,"takesScreenshot":true,"javascriptEnabled":true,"databaseEnabled":false,"networkConnectionEnabled":true,"locationContextEnabled":false,"warnings":{},"desired":{"platformName":"android","app":"C:\\Users\\Anis\\eclipse-workspace\\Appium\\src\\ApiDemos-debug.apk","deviceName":"Redmi","newCommandTimeout":14},"platformName":"android","app":"C:\\Users\\Anis\\eclipse-workspace\\Appium\\src\\ApiDemos-debug.apk","deviceName":"55272e729804","newCommandTimeout":14,"deviceUDID":"55272e729804","appPackage":"io.appium.android.apis","deviceApiLevel":24,"platformVersion":"7.0","deviceScreenSize":"1080x1920","deviceScreenDensity":480,"deviceModel":"Redmi Note 4","deviceManufacturer":"Xiaomi","pixelRatio":3,"statBarHeight":72,"viewportRect":{"left":0,"top":72,"width":1080,"height":1848},"lastScrollData":null}
&amp#27;[35m[HTTP]&amp#27;[39m &amp#27;[37m<-- GET /wd/hub/session/34394bf9-0c01-4d1d-b0c9-6a63b2f7d538 &amp#27;[39m&amp#27;[32m200&amp#27;[39m &amp#27;[90m9 ms - 858&amp#27;[39m
&amp#27;[35m[HTTP]&amp#27;[39m &amp#27;[90m&amp#27;[39m
&amp#27;[35m[HTTP]&amp#27;[39m &amp#27;[37m-->&amp#27;[39m &amp#27;[37mPOST&amp#27;[39m &amp#27;[37m/wd/hub/session/34394bf9-0c01-4d1d-b0c9-6a63b2f7d538/element&amp#27;[39m
&amp#27;[35m[HTTP]&amp#27;[39m &amp#27;[90m{"using":"xpath","value":"//android.widget.TextView[@content-desc=\"Views\"]"}&amp#27;[39m
[debug] &amp#27;[35m[W3C (34394bf9)]&amp#27;[39m Calling AppiumDriver.findElement() with args: ["xpath","//android.widget.TextView[@content-desc=\"Views\"]","34394bf9-0c01-4d1d-b0c9-6a63b2f7d538"]
[debug] &amp#27;[35m[BaseDriver]&amp#27;[39m Valid locator strategies for this request: xpath, id, class name, accessibility id, css selector, -android uiautomator
[debug] &amp#27;[35m[BaseDriver]&amp#27;[39m Waiting up to 0 ms for condition
[debug] &amp#27;[35m[WD Proxy]&amp#27;[39m Matched '/element' to command name 'findElement'
[debug] &amp#27;[35m[WD Proxy]&amp#27;[39m Proxying [POST /element] to [POST http://127.0.0.1:8216/wd/hub/session/bc4fa27b-1e85-4865-ac82-015b335267d9/element] with body: {"strategy":"xpath","selector":"//android.widget.TextView[@content-desc=\"Views\"]","context":"","multiple":false}
[debug] &amp#27;[35m[WD Proxy]&amp#27;[39m Got response with status 200: {"sessionId":"bc4fa27b-1e85-4865-ac82-015b335267d9","value":{"ELEMENT":"3768ddc1-64b1-4fcd-9079-35e86f71ffb4","element-6066-11e4-a52e-4f735466cecf":"3768ddc1-64b1-4fcd-9079-35e86f71ffb4"}}
[debug] &amp#27;[35m[W3C (34394bf9)]&amp#27;[39m Responding to client with driver.findElement() result: {"element-6066-11e4-a52e-4f735466cecf":"3768ddc1-64b1-4fcd-9079-35e86f71ffb4","ELEMENT":"3768ddc1-64b1-4fcd-9079-35e86f71ffb4"}
&amp#27;[35m[HTTP]&amp#27;[39m &amp#27;[37m<-- POST /wd/hub/session/34394bf9-0c01-4d1d-b0c9-6a63b2f7d538/element &amp#27;[39m&amp#27;[32m200&amp#27;[39m &amp#27;[90m35 ms - 137&amp#27;[39m
&amp#27;[35m[HTTP]&amp#27;[39m &amp#27;[90m&amp#27;[39m
&amp#27;[35m[HTTP]&amp#27;[39m &amp#27;[37m-->&amp#27;[39m &amp#27;[37mGET&amp#27;[39m &amp#27;[37m/wd/hub/session/34394bf9-0c01-4d1d-b0c9-6a63b2f7d538/element/3768ddc1-64b1-4fcd-9079-35e86f71ffb4/enabled&amp#27;[39m
&amp#27;[35m[HTTP]&amp#27;[39m &amp#27;[90m{}&amp#27;[39m
[debug] &amp#27;[35m[W3C (34394bf9)]&amp#27;[39m Calling AppiumDriver.elementEnabled() with args: ["3768ddc1-64b1-4fcd-9079-35e86f71ffb4","34394bf9-0c01-4d1d-b0c9-6a63b2f7d538"]
[debug] &amp#27;[35m[WD Proxy]&amp#27;[39m Matched '/element/3768ddc1-64b1-4fcd-9079-35e86f71ffb4/attribute/enabled' to command name 'getAttribute'
[debug] &amp#27;[35m[WD Proxy]&amp#27;[39m Proxying [GET /element/3768ddc1-64b1-4fcd-9079-35e86f71ffb4/attribute/enabled] to [GET http://127.0.0.1:8216/wd/hub/session/bc4fa27b-1e85-4865-ac82-015b335267d9/element/3768ddc1-64b1-4fcd-9079-35e86f71ffb4/attribute/enabled] with no body
[debug] &amp#27;[35m[WD Proxy]&amp#27;[39m Got response with status 200: {"sessionId":"bc4fa27b-1e85-4865-ac82-015b335267d9","value":"true"}
[debug] &amp#27;[35m[W3C (34394bf9)]&amp#27;[39m Responding to client with driver.elementEnabled() result: true
&amp#27;[35m[HTTP]&amp#27;[39m &amp#27;[37m<-- GET /wd/hub/session/34394bf9-0c01-4d1d-b0c9-6a63b2f7d538/element/3768ddc1-64b1-4fcd-9079-35e86f71ffb4/enabled &amp#27;[39m&amp#27;[32m200&amp#27;[39m &amp#27;[90m15 ms - 14&amp#27;[39m
&amp#27;[35m[HTTP]&amp#27;[39m &amp#27;[90m&amp#27;[39m
&amp#27;[35m[HTTP]&amp#27;[39m &amp#27;[37m-->&amp#27;[39m &amp#27;[37mPOST&amp#27;[39m &amp#27;[37m/wd/hub/session/34394bf9-0c01-4d1d-b0c9-6a63b2f7d538/timeouts&amp#27;[39m
&amp#27;[35m[HTTP]&amp#27;[39m &amp#27;[90m{"implicit":10000}&amp#27;[39m
[debug] &amp#27;[35m[W3C (34394bf9)]&amp#27;[39m Calling AppiumDriver.timeouts() with args: [null,null,null,null,10000,"34394bf9-0c01-4d1d-b0c9-6a63b2f7d538"]
[debug] &amp#27;[35m[BaseDriver]&amp#27;[39m W3C timeout argument: {"implicit":10000}}
[debug] &amp#27;[35m[BaseDriver]&amp#27;[39m Set implicit wait to 10000ms
[debug] &amp#27;[35m[W3C (34394bf9)]&amp#27;[39m Responding to client with driver.timeouts() result: null
&amp#27;[35m[HTTP]&amp#27;[39m &amp#27;[37m<-- POST /wd/hub/session/34394bf9-0c01-4d1d-b0c9-6a63b2f7d538/timeouts &amp#27;[39m&amp#27;[32m200&amp#27;[39m &amp#27;[90m3 ms - 14&amp#27;[39m
&amp#27;[35m[HTTP]&amp#27;[39m &amp#27;[90m&amp#27;[39m
&amp#27;[35m[HTTP]&amp#27;[39m &amp#27;[37m-->&amp#27;[39m &amp#27;[37mGET&amp#27;[39m &amp#27;[37m/wd/hub/session/34394bf9-0c01-4d1d-b0c9-6a63b2f7d538&amp#27;[39m
&amp#27;[35m[HTTP]&amp#27;[39m &amp#27;[90m{}&amp#27;[39m
[debug] &amp#27;[35m[W3C (34394bf9)]&amp#27;[39m Calling AppiumDriver.getSession() with args: ["34394bf9-0c01-4d1d-b0c9-6a63b2f7d538"]
[debug] &amp#27;[35m[UiAutomator2]&amp#27;[39m Getting session details from server to mix in
[debug] &amp#27;[35m[WD Proxy]&amp#27;[39m Matched '/' to command name 'getSession'
[debug] &amp#27;[35m[WD Proxy]&amp#27;[39m Proxying [GET /] to [GET http://127.0.0.1:8216/wd/hub/session/bc4fa27b-1e85-4865-ac82-015b335267d9] with no body
[debug] &amp#27;[35m[WD Proxy]&amp#27;[39m Got response with status 200: {"sessionId":"bc4fa27b-1e85-4865-ac82-015b335267d9","value":{"lastScrollData":null}}
[debug] &amp#27;[35m[W3C (34394bf9)]&amp#27;[39m Responding to client with driver.getSession() result: {"platform":"LINUX","webStorageEnabled":false,"takesScreenshot":true,"javascriptEnabled":true,"databaseEnabled":false,"networkConnectionEnabled":true,"locationContextEnabled":false,"warnings":{},"desired":{"platformName":"android","app":"C:\\Users\\Anis\\eclipse-workspace\\Appium\\src\\ApiDemos-debug.apk","deviceName":"Redmi","newCommandTimeout":14},"platformName":"android","app":"C:\\Users\\Anis\\eclipse-workspace\\Appium\\src\\ApiDemos-debug.apk","deviceName":"55272e729804","newCommandTimeout":14,"deviceUDID":"55272e729804","appPackage":"io.appium.android.apis","deviceApiLevel":24,"platformVersion":"7.0","deviceScreenSize":"1080x1920","deviceScreenDensity":480,"deviceModel":"Redmi Note 4","deviceManufacturer":"Xiaomi","pixelRatio":3,"statBarHeight":72,"viewportRect":{"left":0,"top":72,"width":1080,"height":1848},"lastScrollData":null}
&amp#27;[35m[HTTP]&amp#27;[39m &amp#27;[37m<-- GET /wd/hub/session/34394bf9-0c01-4d1d-b0c9-6a63b2f7d538 &amp#27;[39m&amp#27;[32m200&amp#27;[39m &amp#27;[90m10 ms - 858&amp#27;[39m
&amp#27;[35m[HTTP]&amp#27;[39m &amp#27;[90m&amp#27;[39m
&amp#27;[35m[HTTP]&amp#27;[39m &amp#27;[37m-->&amp#27;[39m &amp#27;[37mPOST&amp#27;[39m &amp#27;[37m/wd/hub/session/34394bf9-0c01-4d1d-b0c9-6a63b2f7d538/element&amp#27;[39m
&amp#27;[35m[HTTP]&amp#27;[39m &amp#27;[90m{"using":"xpath","value":"//android.widget.TextView[@content-desc=\"Views\"]"}&amp#27;[39m
[debug] &amp#27;[35m[W3C (34394bf9)]&amp#27;[39m Calling AppiumDriver.findElement() with args: ["xpath","//android.widget.TextView[@content-desc=\"Views\"]","34394bf9-0c01-4d1d-b0c9-6a63b2f7d538"]
[debug] &amp#27;[35m[BaseDriver]&amp#27;[39m Valid locator strategies for this request: xpath, id, class name, accessibility id, css selector, -android uiautomator
[debug] &amp#27;[35m[BaseDriver]&amp#27;[39m Waiting up to 10000 ms for condition
[debug] &amp#27;[35m[WD Proxy]&amp#27;[39m Matched '/element' to command name 'findElement'
[debug] &amp#27;[35m[WD Proxy]&amp#27;[39m Proxying [POST /element] to [POST http://127.0.0.1:8216/wd/hub/session/bc4fa27b-1e85-4865-ac82-015b335267d9/element] with body: {"strategy":"xpath","selector":"//android.widget.TextView[@content-desc=\"Views\"]","context":"","multiple":false}
[debug] &amp#27;[35m[WD Proxy]&amp#27;[39m Got response with status 200: {"sessionId":"bc4fa27b-1e85-4865-ac82-015b335267d9","value":{"ELEMENT":"2ec548e1-9010-492d-9086-e82d18e68276","element-6066-11e4-a52e-4f735466cecf":"2ec548e1-9010-492d-9086-e82d18e68276"}}
[debug] &amp#27;[35m[W3C (34394bf9)]&amp#27;[39m Responding to client with driver.findElement() result: {"element-6066-11e4-a52e-4f735466cecf":"2ec548e1-9010-492d-9086-e82d18e68276","ELEMENT":"2ec548e1-9010-492d-9086-e82d18e68276"}
&amp#27;[35m[HTTP]&amp#27;[39m &amp#27;[37m<-- POST /wd/hub/session/34394bf9-0c01-4d1d-b0c9-6a63b2f7d538/element &amp#27;[39m&amp#27;[32m200&amp#27;[39m &amp#27;[90m37 ms - 137&amp#27;[39m
&amp#27;[35m[HTTP]&amp#27;[39m &amp#27;[90m&amp#27;[39m
&amp#27;[35m[HTTP]&amp#27;[39m &amp#27;[37m-->&amp#27;[39m &amp#27;[37mPOST&amp#27;[39m &amp#27;[37m/wd/hub/session/34394bf9-0c01-4d1d-b0c9-6a63b2f7d538/element/2ec548e1-9010-492d-9086-e82d18e68276/click&amp#27;[39m
&amp#27;[35m[HTTP]&amp#27;[39m &amp#27;[90m{"id":"2ec548e1-9010-492d-9086-e82d18e68276"}&amp#27;[39m
[debug] &amp#27;[35m[W3C (34394bf9)]&amp#27;[39m Calling AppiumDriver.click() with args: ["2ec548e1-9010-492d-9086-e82d18e68276","34394bf9-0c01-4d1d-b0c9-6a63b2f7d538"]
[debug] &amp#27;[35m[WD Proxy]&amp#27;[39m Matched '/element/2ec548e1-9010-492d-9086-e82d18e68276/click' to command name 'click'
[debug] &amp#27;[35m[WD Proxy]&amp#27;[39m Proxying [POST /element/2ec548e1-9010-492d-9086-e82d18e68276/click] to [POST http://127.0.0.1:8216/wd/hub/session/bc4fa27b-1e85-4865-ac82-015b335267d9/element/2ec548e1-9010-492d-9086-e82d18e68276/click] with body: {"element":"2ec548e1-9010-492d-9086-e82d18e68276"}
[debug] &amp#27;[35m[WD Proxy]&amp#27;[39m Got response with status 200: {"sessionId":"bc4fa27b-1e85-4865-ac82-015b335267d9","value":null}
[debug] &amp#27;[35m[W3C (34394bf9)]&amp#27;[39m Responding to client with driver.click() result: null
&amp#27;[35m[HTTP]&amp#27;[39m &amp#27;[37m<-- POST /wd/hub/session/34394bf9-0c01-4d1d-b0c9-6a63b2f7d538/element/2ec548e1-9010-492d-9086-e82d18e68276/click &amp#27;[39m&amp#27;[32m200&amp#27;[39m &amp#27;[90m1227 ms - 14&amp#27;[39m
&amp#27;[35m[HTTP]&amp#27;[39m &amp#27;[90m&amp#27;[39m
&amp#27;[35m[HTTP]&amp#27;[39m &amp#27;[37m-->&amp#27;[39m &amp#27;[37mGET&amp#27;[39m &amp#27;[37m/wd/hub/session/34394bf9-0c01-4d1d-b0c9-6a63b2f7d538&amp#27;[39m
&amp#27;[35m[HTTP]&amp#27;[39m &amp#27;[90m{}&amp#27;[39m
[debug] &amp#27;[35m[W3C (34394bf9)]&amp#27;[39m Calling AppiumDriver.getSession() with args: ["34394bf9-0c01-4d1d-b0c9-6a63b2f7d538"]
[debug] &amp#27;[35m[UiAutomator2]&amp#27;[39m Getting session details from server to mix in
[debug] &amp#27;[35m[WD Proxy]&amp#27;[39m Matched '/' to command name 'getSession'
[debug] &amp#27;[35m[WD Proxy]&amp#27;[39m Proxying [GET /] to [GET http://127.0.0.1:8216/wd/hub/session/bc4fa27b-1e85-4865-ac82-015b335267d9] with no body
[debug] &amp#27;[35m[WD Proxy]&amp#27;[39m Got response with status 200: {"sessionId":"bc4fa27b-1e85-4865-ac82-015b335267d9","value":{"lastScrollData":null}}
[debug] &amp#27;[35m[W3C (34394bf9)]&amp#27;[39m Responding to client with driver.getSession() result: {"platform":"LINUX","webStorageEnabled":false,"takesScreenshot":true,"javascriptEnabled":true,"databaseEnabled":false,"networkConnectionEnabled":true,"locationContextEnabled":false,"warnings":{},"desired":{"platformName":"android","app":"C:\\Users\\Anis\\eclipse-workspace\\Appium\\src\\ApiDemos-debug.apk","deviceName":"Redmi","newCommandTimeout":14},"platformName":"android","app":"C:\\Users\\Anis\\eclipse-workspace\\Appium\\src\\ApiDemos-debug.apk","deviceName":"55272e729804","newCommandTimeout":14,"deviceUDID":"55272e729804","appPackage":"io.appium.android.apis","deviceApiLevel":24,"platformVersion":"7.0","deviceScreenSize":"1080x1920","deviceScreenDensity":480,"deviceModel":"Redmi Note 4","deviceManufacturer":"Xiaomi","pixelRatio":3,"statBarHeight":72,"viewportRect":{"left":0,"top":72,"width":1080,"height":1848},"lastScrollData":null}
&amp#27;[35m[HTTP]&amp#27;[39m &amp#27;[37m<-- GET /wd/hub/session/34394bf9-0c01-4d1d-b0c9-6a63b2f7d538 &amp#27;[39m&amp#27;[32m200&amp#27;[39m &amp#27;[90m11 ms - 858&amp#27;[39m
&amp#27;[35m[HTTP]&amp#27;[39m &amp#27;[90m&amp#27;[39m
&amp#27;[35m[HTTP]&amp#27;[39m &amp#27;[37m-->&amp#27;[39m &amp#27;[37mGET&amp#27;[39m &amp#27;[37m/wd/hub/session/34394bf9-0c01-4d1d-b0c9-6a63b2f7d538&amp#27;[39m
&amp#27;[35m[HTTP]&amp#27;[39m &amp#27;[90m{}&amp#27;[39m
[debug] &amp#27;[35m[W3C (34394bf9)]&amp#27;[39m Calling AppiumDriver.getSession() with args: ["34394bf9-0c01-4d1d-b0c9-6a63b2f7d538"]
[debug] &amp#27;[35m[UiAutomator2]&amp#27;[39m Getting session details from server to mix in
[debug] &amp#27;[35m[WD Proxy]&amp#27;[39m Matched '/' to command name 'getSession'
[debug] &amp#27;[35m[WD Proxy]&amp#27;[39m Proxying [GET /] to [GET http://127.0.0.1:8216/wd/hub/session/bc4fa27b-1e85-4865-ac82-015b335267d9] with no body
[debug] &amp#27;[35m[WD Proxy]&amp#27;[39m Got response with status 200: {"sessionId":"bc4fa27b-1e85-4865-ac82-015b335267d9","value":{"lastScrollData":null}}
[debug] &amp#27;[35m[W3C (34394bf9)]&amp#27;[39m Responding to client with driver.getSession() result: {"platform":"LINUX","webStorageEnabled":false,"takesScreenshot":true,"javascriptEnabled":true,"databaseEnabled":false,"networkConnectionEnabled":true,"locationContextEnabled":false,"warnings":{},"desired":{"platformName":"android","app":"C:\\Users\\Anis\\eclipse-workspace\\Appium\\src\\ApiDemos-debug.apk","deviceName":"Redmi","newCommandTimeout":14},"platformName":"android","app":"C:\\Users\\Anis\\eclipse-workspace\\Appium\\src\\ApiDemos-debug.apk","deviceName":"55272e729804","newCommandTimeout":14,"deviceUDID":"55272e729804","appPackage":"io.appium.android.apis","deviceApiLevel":24,"platformVersion":"7.0","deviceScreenSize":"1080x1920","deviceScreenDensity":480,"deviceModel":"Redmi Note 4","deviceManufacturer":"Xiaomi","pixelRatio":3,"statBarHeight":72,"viewportRect":{"left":0,"top":72,"width":1080,"height":1848},"lastScrollData":null}
&amp#27;[35m[HTTP]&amp#27;[39m &amp#27;[37m<-- GET /wd/hub/session/34394bf9-0c01-4d1d-b0c9-6a63b2f7d538 &amp#27;[39m&amp#27;[32m200&amp#27;[39m &amp#27;[90m14 ms - 858&amp#27;[39m
&amp#27;[35m[HTTP]&amp#27;[39m &amp#27;[90m&amp#27;[39m
&amp#27;[35m[HTTP]&amp#27;[39m &amp#27;[37m-->&amp#27;[39m &amp#27;[37mGET&amp#27;[39m &amp#27;[37m/wd/hub/session/34394bf9-0c01-4d1d-b0c9-6a63b2f7d538&amp#27;[39m
&amp#27;[35m[HTTP]&amp#27;[39m &amp#27;[90m{}&amp#27;[39m
[debug] &amp#27;[35m[W3C (34394bf9)]&amp#27;[39m Calling AppiumDriver.getSession() with args: ["34394bf9-0c01-4d1d-b0c9-6a63b2f7d538"]
[debug] &amp#27;[35m[UiAutomator2]&amp#27;[39m Getting session details from server to mix in
[debug] &amp#27;[35m[WD Proxy]&amp#27;[39m Matched '/' to command name 'getSession'
[debug] &amp#27;[35m[WD Proxy]&amp#27;[39m Proxying [GET /] to [GET http://127.0.0.1:8216/wd/hub/session/bc4fa27b-1e85-4865-ac82-015b335267d9] with no body
[debug] &amp#27;[35m[WD Proxy]&amp#27;[39m Got response with status 200: {"sessionId":"bc4fa27b-1e85-4865-ac82-015b335267d9","value":{"lastScrollData":null}}
[debug] &amp#27;[35m[W3C (34394bf9)]&amp#27;[39m Responding to client with driver.getSession() result: {"platform":"LINUX","webStorageEnabled":false,"takesScreenshot":true,"javascriptEnabled":true,"databaseEnabled":false,"networkConnectionEnabled":true,"locationContextEnabled":false,"warnings":{},"desired":{"platformName":"android","app":"C:\\Users\\Anis\\eclipse-workspace\\Appium\\src\\ApiDemos-debug.apk","deviceName":"Redmi","newCommandTimeout":14},"platformName":"android","app":"C:\\Users\\Anis\\eclipse-workspace\\Appium\\src\\ApiDemos-debug.apk","deviceName":"55272e729804","newCommandTimeout":14,"deviceUDID":"55272e729804","appPackage":"io.appium.android.apis","deviceApiLevel":24,"platformVersion":"7.0","deviceScreenSize":"1080x1920","deviceScreenDensity":480,"deviceModel":"Redmi Note 4","deviceManufacturer":"Xiaomi","pixelRatio":3,"statBarHeight":72,"viewportRect":{"left":0,"top":72,"width":1080,"height":1848},"lastScrollData":null}
&amp#27;[35m[HTTP]&amp#27;[39m &amp#27;[37m<-- GET /wd/hub/session/34394bf9-0c01-4d1d-b0c9-6a63b2f7d538 &amp#27;[39m&amp#27;[32m200&amp#27;[39m &amp#27;[90m11 ms - 858&amp#27;[39m
&amp#27;[35m[HTTP]&amp#27;[39m &amp#27;[90m&amp#27;[39m
&amp#27;[35m[HTTP]&amp#27;[39m &amp#27;[37m-->&amp#27;[39m &amp#27;[37mGET&amp#27;[39m &amp#27;[37m/wd/hub/session/34394bf9-0c01-4d1d-b0c9-6a63b2f7d538&amp#27;[39m
&amp#27;[35m[HTTP]&amp#27;[39m &amp#27;[90m{}&amp#27;[39m
[debug] &amp#27;[35m[W3C (34394bf9)]&amp#27;[39m Calling AppiumDriver.getSession() with args: ["34394bf9-0c01-4d1d-b0c9-6a63b2f7d538"]
[debug] &amp#27;[35m[UiAutomator2]&amp#27;[39m Getting session details from server to mix in
[debug] &amp#27;[35m[WD Proxy]&amp#27;[39m Matched '/' to command name 'getSession'
[debug] &amp#27;[35m[WD Proxy]&amp#27;[39m Proxying [GET /] to [GET http://127.0.0.1:8216/wd/hub/session/bc4fa27b-1e85-4865-ac82-015b335267d9] with no body
[debug] &amp#27;[35m[WD Proxy]&amp#27;[39m Got response with status 200: {"sessionId":"bc4fa27b-1e85-4865-ac82-015b335267d9","value":{"lastScrollData":null}}
[debug] &amp#27;[35m[W3C (34394bf9)]&amp#27;[39m Responding to client with driver.getSession() result: {"platform":"LINUX","webStorageEnabled":false,"takesScreenshot":true,"javascriptEnabled":true,"databaseEnabled":false,"networkConnectionEnabled":true,"locationContextEnabled":false,"warnings":{},"desired":{"platformName":"android","app":"C:\\Users\\Anis\\eclipse-workspace\\Appium\\src\\ApiDemos-debug.apk","deviceName":"Redmi","newCommandTimeout":14},"platformName":"android","app":"C:\\Users\\Anis\\eclipse-workspace\\Appium\\src\\ApiDemos-debug.apk","deviceName":"55272e729804","newCommandTimeout":14,"deviceUDID":"55272e729804","appPackage":"io.appium.android.apis","deviceApiLevel":24,"platformVersion":"7.0","deviceScreenSize":"1080x1920","deviceScreenDensity":480,"deviceModel":"Redmi Note 4","deviceManufacturer":"Xiaomi","pixelRatio":3,"statBarHeight":72,"viewportRect":{"left":0,"top":72,"width":1080,"height":1848},"lastScrollData":null}
&amp#27;[35m[HTTP]&amp#27;[39m &amp#27;[37m<-- GET /wd/hub/session/34394bf9-0c01-4d1d-b0c9-6a63b2f7d538 &amp#27;[39m&amp#27;[32m200&amp#27;[39m &amp#27;[90m17 ms - 858&amp#27;[39m
&amp#27;[35m[HTTP]&amp#27;[39m &amp#27;[90m&amp#27;[39m
&amp#27;[35m[HTTP]&amp#27;[39m &amp#27;[37m-->&amp#27;[39m &amp#27;[37mPOST&amp#27;[39m &amp#27;[37m/wd/hub/session/34394bf9-0c01-4d1d-b0c9-6a63b2f7d538/element&amp#27;[39m
&amp#27;[35m[HTTP]&amp#27;[39m &amp#27;[90m{"using":"-android uiautomator","value":"new UiScrollable(new UiSelector()).scrollIntoView(text(\"Popup Menu\"));"}&amp#27;[39m
[debug] &amp#27;[35m[W3C (34394bf9)]&amp#27;[39m Calling AppiumDriver.findElement() with args: ["-android uiautomator","new UiScrollable(new UiSelector()).scrollIntoView(text(\"Popup Menu\"));","34394bf9-0c01-4d1d-b0c9-6a63b2f7d538"]
[debug] &amp#27;[35m[BaseDriver]&amp#27;[39m Valid locator strategies for this request: xpath, id, class name, accessibility id, css selector, -android uiautomator
[debug] &amp#27;[35m[BaseDriver]&amp#27;[39m Waiting up to 10000 ms for condition
[debug] &amp#27;[35m[WD Proxy]&amp#27;[39m Matched '/element' to command name 'findElement'
[debug] &amp#27;[35m[WD Proxy]&amp#27;[39m Proxying [POST /element] to [POST http://127.0.0.1:8216/wd/hub/session/bc4fa27b-1e85-4865-ac82-015b335267d9/element] with body: {"strategy":"-android uiautomator","selector":"new UiScrollable(new UiSelector()).scrollIntoView(text(\"Popup Menu\"));","context":"","multiple":false}
[debug] &amp#27;[35m[WD Proxy]&amp#27;[39m Got response with status 200: {"sessionId":"bc4fa27b-1e85-4865-ac82-015b335267d9","value":{"ELEMENT":"b27042e1-a320-4b00-b672-2f3c8534b4de","element-6066-11e4-a52e-4f735466cecf":"b27042e1-a320-4b00-b672-2f3c8534b4de"}}
[debug] &amp#27;[35m[W3C (34394bf9)]&amp#27;[39m Responding to client with driver.findElement() result: {"element-6066-11e4-a52e-4f735466cecf":"b27042e1-a320-4b00-b672-2f3c8534b4de","ELEMENT":"b27042e1-a320-4b00-b672-2f3c8534b4de"}
&amp#27;[35m[HTTP]&amp#27;[39m &amp#27;[37m<-- POST /wd/hub/session/34394bf9-0c01-4d1d-b0c9-6a63b2f7d538/element &amp#27;[39m&amp#27;[32m200&amp#27;[39m &amp#27;[90m3629 ms - 137&amp#27;[39m
&amp#27;[35m[HTTP]&amp#27;[39m &amp#27;[90m&amp#27;[39m
[INFO ] 2021-06-18 15:58:14.933 [main] ExplicitWait - Waiting for element to be visible: Located by By.chained({By.xpath: //android.widget.TextView[@content-desc="Popup Menu"]})
[INFO ] 2021-06-18 15:58:14.933 [main] ExplicitWait - Waiting for element to be visible: Located by By.chained({By.xpath: //android.widget.TextView[@content-desc="Popup Menu"]})
&amp#27;[35m[HTTP]&amp#27;[39m &amp#27;[37m-->&amp#27;[39m &amp#27;[37mPOST&amp#27;[39m &amp#27;[37m/wd/hub/session/34394bf9-0c01-4d1d-b0c9-6a63b2f7d538/timeouts&amp#27;[39m
&amp#27;[35m[HTTP]&amp#27;[39m &amp#27;[90m{"implicit":0}&amp#27;[39m
[debug] &amp#27;[35m[W3C (34394bf9)]&amp#27;[39m Calling AppiumDriver.timeouts() with args: [null,null,null,null,0,"34394bf9-0c01-4d1d-b0c9-6a63b2f7d538"]
[debug] &amp#27;[35m[BaseDriver]&amp#27;[39m W3C timeout argument: {"implicit":0}}
[debug] &amp#27;[35m[BaseDriver]&amp#27;[39m Set implicit wait to 0ms
[debug] &amp#27;[35m[W3C (34394bf9)]&amp#27;[39m Responding to client with driver.timeouts() result: null
&amp#27;[35m[HTTP]&amp#27;[39m &amp#27;[37m<-- POST /wd/hub/session/34394bf9-0c01-4d1d-b0c9-6a63b2f7d538/timeouts &amp#27;[39m&amp#27;[32m200&amp#27;[39m &amp#27;[90m3 ms - 14&amp#27;[39m
&amp#27;[35m[HTTP]&amp#27;[39m &amp#27;[90m&amp#27;[39m
&amp#27;[35m[HTTP]&amp#27;[39m &amp#27;[37m-->&amp#27;[39m &amp#27;[37mGET&amp#27;[39m &amp#27;[37m/wd/hub/session/34394bf9-0c01-4d1d-b0c9-6a63b2f7d538&amp#27;[39m
&amp#27;[35m[HTTP]&amp#27;[39m &amp#27;[90m{}&amp#27;[39m
[debug] &amp#27;[35m[W3C (34394bf9)]&amp#27;[39m Calling AppiumDriver.getSession() with args: ["34394bf9-0c01-4d1d-b0c9-6a63b2f7d538"]
[debug] &amp#27;[35m[UiAutomator2]&amp#27;[39m Getting session details from server to mix in
[debug] &amp#27;[35m[WD Proxy]&amp#27;[39m Matched '/' to command name 'getSession'
[debug] &amp#27;[35m[WD Proxy]&amp#27;[39m Proxying [GET /] to [GET http://127.0.0.1:8216/wd/hub/session/bc4fa27b-1e85-4865-ac82-015b335267d9] with no body
[debug] &amp#27;[35m[WD Proxy]&amp#27;[39m Got response with status 200: {"sessionId":"bc4fa27b-1e85-4865-ac82-015b335267d9","value":{"lastScrollData":null}}
[debug] &amp#27;[35m[W3C (34394bf9)]&amp#27;[39m Responding to client with driver.getSession() result: {"platform":"LINUX","webStorageEnabled":false,"takesScreenshot":true,"javascriptEnabled":true,"databaseEnabled":false,"networkConnectionEnabled":true,"locationContextEnabled":false,"warnings":{},"desired":{"platformName":"android","app":"C:\\Users\\Anis\\eclipse-workspace\\Appium\\src\\ApiDemos-debug.apk","deviceName":"Redmi","newCommandTimeout":14},"platformName":"android","app":"C:\\Users\\Anis\\eclipse-workspace\\Appium\\src\\ApiDemos-debug.apk","deviceName":"55272e729804","newCommandTimeout":14,"deviceUDID":"55272e729804","appPackage":"io.appium.android.apis","deviceApiLevel":24,"platformVersion":"7.0","deviceScreenSize":"1080x1920","deviceScreenDensity":480,"deviceModel":"Redmi Note 4","deviceManufacturer":"Xiaomi","pixelRatio":3,"statBarHeight":72,"viewportRect":{"left":0,"top":72,"width":1080,"height":1848},"lastScrollData":null}
&amp#27;[35m[HTTP]&amp#27;[39m &amp#27;[37m<-- GET /wd/hub/session/34394bf9-0c01-4d1d-b0c9-6a63b2f7d538 &amp#27;[39m&amp#27;[32m200&amp#27;[39m &amp#27;[90m14 ms - 858&amp#27;[39m
&amp#27;[35m[HTTP]&amp#27;[39m &amp#27;[90m&amp#27;[39m
&amp#27;[35m[HTTP]&amp#27;[39m &amp#27;[37m-->&amp#27;[39m &amp#27;[37mPOST&amp#27;[39m &amp#27;[37m/wd/hub/session/34394bf9-0c01-4d1d-b0c9-6a63b2f7d538/element&amp#27;[39m
&amp#27;[35m[HTTP]&amp#27;[39m &amp#27;[90m{"using":"xpath","value":"//android.widget.TextView[@content-desc=\"Popup Menu\"]"}&amp#27;[39m
[debug] &amp#27;[35m[W3C (34394bf9)]&amp#27;[39m Calling AppiumDriver.findElement() with args: ["xpath","//android.widget.TextView[@content-desc=\"Popup Menu\"]","34394bf9-0c01-4d1d-b0c9-6a63b2f7d538"]
[debug] &amp#27;[35m[BaseDriver]&amp#27;[39m Valid locator strategies for this request: xpath, id, class name, accessibility id, css selector, -android uiautomator
[debug] &amp#27;[35m[BaseDriver]&amp#27;[39m Waiting up to 0 ms for condition
[debug] &amp#27;[35m[WD Proxy]&amp#27;[39m Matched '/element' to command name 'findElement'
[debug] &amp#27;[35m[WD Proxy]&amp#27;[39m Proxying [POST /element] to [POST http://127.0.0.1:8216/wd/hub/session/bc4fa27b-1e85-4865-ac82-015b335267d9/element] with body: {"strategy":"xpath","selector":"//android.widget.TextView[@content-desc=\"Popup Menu\"]","context":"","multiple":false}
[debug] &amp#27;[35m[WD Proxy]&amp#27;[39m Got response with status 200: {"sessionId":"bc4fa27b-1e85-4865-ac82-015b335267d9","value":{"ELEMENT":"c98c95cf-db23-4e97-b80d-69586fe13433","element-6066-11e4-a52e-4f735466cecf":"c98c95cf-db23-4e97-b80d-69586fe13433"}}
[debug] &amp#27;[35m[W3C (34394bf9)]&amp#27;[39m Responding to client with driver.findElement() result: {"element-6066-11e4-a52e-4f735466cecf":"c98c95cf-db23-4e97-b80d-69586fe13433","ELEMENT":"c98c95cf-db23-4e97-b80d-69586fe13433"}
&amp#27;[35m[HTTP]&amp#27;[39m &amp#27;[37m<-- POST /wd/hub/session/34394bf9-0c01-4d1d-b0c9-6a63b2f7d538/element &amp#27;[39m&amp#27;[32m200&amp#27;[39m &amp#27;[90m45 ms - 137&amp#27;[39m
&amp#27;[35m[HTTP]&amp#27;[39m &amp#27;[90m&amp#27;[39m
&amp#27;[35m[HTTP]&amp#27;[39m &amp#27;[37m-->&amp#27;[39m &amp#27;[37mGET&amp#27;[39m &amp#27;[37m/wd/hub/session/34394bf9-0c01-4d1d-b0c9-6a63b2f7d538/element/c98c95cf-db23-4e97-b80d-69586fe13433/displayed&amp#27;[39m
&amp#27;[35m[HTTP]&amp#27;[39m &amp#27;[90m{}&amp#27;[39m
[debug] &amp#27;[35m[W3C (34394bf9)]&amp#27;[39m Calling AppiumDriver.elementDisplayed() with args: ["c98c95cf-db23-4e97-b80d-69586fe13433","34394bf9-0c01-4d1d-b0c9-6a63b2f7d538"]
[debug] &amp#27;[35m[WD Proxy]&amp#27;[39m Matched '/element/c98c95cf-db23-4e97-b80d-69586fe13433/attribute/displayed' to command name 'getAttribute'
[debug] &amp#27;[35m[WD Proxy]&amp#27;[39m Proxying [GET /element/c98c95cf-db23-4e97-b80d-69586fe13433/attribute/displayed] to [GET http://127.0.0.1:8216/wd/hub/session/bc4fa27b-1e85-4865-ac82-015b335267d9/element/c98c95cf-db23-4e97-b80d-69586fe13433/attribute/displayed] with no body
[debug] &amp#27;[35m[WD Proxy]&amp#27;[39m Got response with status 200: {"sessionId":"bc4fa27b-1e85-4865-ac82-015b335267d9","value":"true"}
[debug] &amp#27;[35m[W3C (34394bf9)]&amp#27;[39m Responding to client with driver.elementDisplayed() result: true
&amp#27;[35m[HTTP]&amp#27;[39m &amp#27;[37m<-- GET /wd/hub/session/34394bf9-0c01-4d1d-b0c9-6a63b2f7d538/element/c98c95cf-db23-4e97-b80d-69586fe13433/displayed &amp#27;[39m&amp#27;[32m200&amp#27;[39m &amp#27;[90m16 ms - 14&amp#27;[39m
&amp#27;[35m[HTTP]&amp#27;[39m &amp#27;[90m&amp#27;[39m
&amp#27;[35m[HTTP]&amp#27;[39m &amp#27;[37m-->&amp#27;[39m &amp#27;[37mPOST&amp#27;[39m &amp#27;[37m/wd/hub/session/34394bf9-0c01-4d1d-b0c9-6a63b2f7d538/timeouts&amp#27;[39m
&amp#27;[35m[HTTP]&amp#27;[39m &amp#27;[90m{"implicit":10000}&amp#27;[39m
[debug] &amp#27;[35m[W3C (34394bf9)]&amp#27;[39m Calling AppiumDriver.timeouts() with args: [null,null,null,null,10000,"34394bf9-0c01-4d1d-b0c9-6a63b2f7d538"]
[debug] &amp#27;[35m[BaseDriver]&amp#27;[39m W3C timeout argument: {"implicit":10000}}
[debug] &amp#27;[35m[BaseDriver]&amp#27;[39m Set implicit wait to 10000ms
[debug] &amp#27;[35m[W3C (34394bf9)]&amp#27;[39m Responding to client with driver.timeouts() result: null
&amp#27;[35m[HTTP]&amp#27;[39m &amp#27;[37m<-- POST /wd/hub/session/34394bf9-0c01-4d1d-b0c9-6a63b2f7d538/timeouts &amp#27;[39m&amp#27;[32m200&amp#27;[39m &amp#27;[90m3 ms - 14&amp#27;[39m
&amp#27;[35m[HTTP]&amp#27;[39m &amp#27;[90m&amp#27;[39m
[INFO ] 2021-06-18 15:58:15.049 [main] ViewsPage - Clicks The Pop Up
[INFO ] 2021-06-18 15:58:15.050 [main] ExplicitWait - Waiting for element to be clickable: Located by By.chained({By.xpath: //android.widget.TextView[@content-desc="Popup Menu"]})
&amp#27;[35m[HTTP]&amp#27;[39m &amp#27;[37m-->&amp#27;[39m &amp#27;[37mPOST&amp#27;[39m &amp#27;[37m/wd/hub/session/34394bf9-0c01-4d1d-b0c9-6a63b2f7d538/timeouts&amp#27;[39m
&amp#27;[35m[HTTP]&amp#27;[39m &amp#27;[90m{"implicit":0}&amp#27;[39m
[debug] &amp#27;[35m[W3C (34394bf9)]&amp#27;[39m Calling AppiumDriver.timeouts() with args: [null,null,null,null,0,"34394bf9-0c01-4d1d-b0c9-6a63b2f7d538"]
[debug] &amp#27;[35m[BaseDriver]&amp#27;[39m W3C timeout argument: {"implicit":0}}
[debug] &amp#27;[35m[BaseDriver]&amp#27;[39m Set implicit wait to 0ms
[debug] &amp#27;[35m[W3C (34394bf9)]&amp#27;[39m Responding to client with driver.timeouts() result: null
&amp#27;[35m[HTTP]&amp#27;[39m &amp#27;[37m<-- POST /wd/hub/session/34394bf9-0c01-4d1d-b0c9-6a63b2f7d538/timeouts &amp#27;[39m&amp#27;[32m200&amp#27;[39m &amp#27;[90m2 ms - 14&amp#27;[39m
&amp#27;[35m[HTTP]&amp#27;[39m &amp#27;[90m&amp#27;[39m
&amp#27;[35m[HTTP]&amp#27;[39m &amp#27;[37m-->&amp#27;[39m &amp#27;[37mGET&amp#27;[39m &amp#27;[37m/wd/hub/session/34394bf9-0c01-4d1d-b0c9-6a63b2f7d538&amp#27;[39m
&amp#27;[35m[HTTP]&amp#27;[39m &amp#27;[90m{}&amp#27;[39m
[debug] &amp#27;[35m[W3C (34394bf9)]&amp#27;[39m Calling AppiumDriver.getSession() with args: ["34394bf9-0c01-4d1d-b0c9-6a63b2f7d538"]
[debug] &amp#27;[35m[UiAutomator2]&amp#27;[39m Getting session details from server to mix in
[debug] &amp#27;[35m[WD Proxy]&amp#27;[39m Matched '/' to command name 'getSession'
[debug] &amp#27;[35m[WD Proxy]&amp#27;[39m Proxying [GET /] to [GET http://127.0.0.1:8216/wd/hub/session/bc4fa27b-1e85-4865-ac82-015b335267d9] with no body
[debug] &amp#27;[35m[WD Proxy]&amp#27;[39m Got response with status 200: {"sessionId":"bc4fa27b-1e85-4865-ac82-015b335267d9","value":{"lastScrollData":null}}
[debug] &amp#27;[35m[W3C (34394bf9)]&amp#27;[39m Responding to client with driver.getSession() result: {"platform":"LINUX","webStorageEnabled":false,"takesScreenshot":true,"javascriptEnabled":true,"databaseEnabled":false,"networkConnectionEnabled":true,"locationContextEnabled":false,"warnings":{},"desired":{"platformName":"android","app":"C:\\Users\\Anis\\eclipse-workspace\\Appium\\src\\ApiDemos-debug.apk","deviceName":"Redmi","newCommandTimeout":14},"platformName":"android","app":"C:\\Users\\Anis\\eclipse-workspace\\Appium\\src\\ApiDemos-debug.apk","deviceName":"55272e729804","newCommandTimeout":14,"deviceUDID":"55272e729804","appPackage":"io.appium.android.apis","deviceApiLevel":24,"platformVersion":"7.0","deviceScreenSize":"1080x1920","deviceScreenDensity":480,"deviceModel":"Redmi Note 4","deviceManufacturer":"Xiaomi","pixelRatio":3,"statBarHeight":72,"viewportRect":{"left":0,"top":72,"width":1080,"height":1848},"lastScrollData":null}
&amp#27;[35m[HTTP]&amp#27;[39m &amp#27;[37m<-- GET /wd/hub/session/34394bf9-0c01-4d1d-b0c9-6a63b2f7d538 &amp#27;[39m&amp#27;[32m200&amp#27;[39m &amp#27;[90m13 ms - 858&amp#27;[39m
&amp#27;[35m[HTTP]&amp#27;[39m &amp#27;[90m&amp#27;[39m
&amp#27;[35m[HTTP]&amp#27;[39m &amp#27;[37m-->&amp#27;[39m &amp#27;[37mPOST&amp#27;[39m &amp#27;[37m/wd/hub/session/34394bf9-0c01-4d1d-b0c9-6a63b2f7d538/element&amp#27;[39m
&amp#27;[35m[HTTP]&amp#27;[39m &amp#27;[90m{"using":"xpath","value":"//android.widget.TextView[@content-desc=\"Popup Menu\"]"}&amp#27;[39m
[debug] &amp#27;[35m[W3C (34394bf9)]&amp#27;[39m Calling AppiumDriver.findElement() with args: ["xpath","//android.widget.TextView[@content-desc=\"Popup Menu\"]","34394bf9-0c01-4d1d-b0c9-6a63b2f7d538"]
[debug] &amp#27;[35m[BaseDriver]&amp#27;[39m Valid locator strategies for this request: xpath, id, class name, accessibility id, css selector, -android uiautomator
[debug] &amp#27;[35m[BaseDriver]&amp#27;[39m Waiting up to 0 ms for condition
[debug] &amp#27;[35m[WD Proxy]&amp#27;[39m Matched '/element' to command name 'findElement'
[debug] &amp#27;[35m[WD Proxy]&amp#27;[39m Proxying [POST /element] to [POST http://127.0.0.1:8216/wd/hub/session/bc4fa27b-1e85-4865-ac82-015b335267d9/element] with body: {"strategy":"xpath","selector":"//android.widget.TextView[@content-desc=\"Popup Menu\"]","context":"","multiple":false}
[debug] &amp#27;[35m[WD Proxy]&amp#27;[39m Got response with status 200: {"sessionId":"bc4fa27b-1e85-4865-ac82-015b335267d9","value":{"ELEMENT":"f8cca43c-26f7-417a-909e-4fb10568d6de","element-6066-11e4-a52e-4f735466cecf":"f8cca43c-26f7-417a-909e-4fb10568d6de"}}
[debug] &amp#27;[35m[W3C (34394bf9)]&amp#27;[39m Responding to client with driver.findElement() result: {"element-6066-11e4-a52e-4f735466cecf":"f8cca43c-26f7-417a-909e-4fb10568d6de","ELEMENT":"f8cca43c-26f7-417a-909e-4fb10568d6de"}
&amp#27;[35m[HTTP]&amp#27;[39m &amp#27;[37m<-- POST /wd/hub/session/34394bf9-0c01-4d1d-b0c9-6a63b2f7d538/element &amp#27;[39m&amp#27;[32m200&amp#27;[39m &amp#27;[90m46 ms - 137&amp#27;[39m
&amp#27;[35m[HTTP]&amp#27;[39m &amp#27;[90m&amp#27;[39m
&amp#27;[35m[HTTP]&amp#27;[39m &amp#27;[37m-->&amp#27;[39m &amp#27;[37mGET&amp#27;[39m &amp#27;[37m/wd/hub/session/34394bf9-0c01-4d1d-b0c9-6a63b2f7d538/element/f8cca43c-26f7-417a-909e-4fb10568d6de/displayed&amp#27;[39m
&amp#27;[35m[HTTP]&amp#27;[39m &amp#27;[90m{}&amp#27;[39m
[debug] &amp#27;[35m[W3C (34394bf9)]&amp#27;[39m Calling AppiumDriver.elementDisplayed() with args: ["f8cca43c-26f7-417a-909e-4fb10568d6de","34394bf9-0c01-4d1d-b0c9-6a63b2f7d538"]
[debug] &amp#27;[35m[WD Proxy]&amp#27;[39m Matched '/element/f8cca43c-26f7-417a-909e-4fb10568d6de/attribute/displayed' to command name 'getAttribute'
[debug] &amp#27;[35m[WD Proxy]&amp#27;[39m Proxying [GET /element/f8cca43c-26f7-417a-909e-4fb10568d6de/attribute/displayed] to [GET http://127.0.0.1:8216/wd/hub/session/bc4fa27b-1e85-4865-ac82-015b335267d9/element/f8cca43c-26f7-417a-909e-4fb10568d6de/attribute/displayed] with no body
[debug] &amp#27;[35m[WD Proxy]&amp#27;[39m Got response with status 200: {"sessionId":"bc4fa27b-1e85-4865-ac82-015b335267d9","value":"true"}
[debug] &amp#27;[35m[W3C (34394bf9)]&amp#27;[39m Responding to client with driver.elementDisplayed() result: true
&amp#27;[35m[HTTP]&amp#27;[39m &amp#27;[37m<-- GET /wd/hub/session/34394bf9-0c01-4d1d-b0c9-6a63b2f7d538/element/f8cca43c-26f7-417a-909e-4fb10568d6de/displayed &amp#27;[39m&amp#27;[32m200&amp#27;[39m &amp#27;[90m608 ms - 14&amp#27;[39m
&amp#27;[35m[HTTP]&amp#27;[39m &amp#27;[90m&amp#27;[39m
&amp#27;[35m[HTTP]&amp#27;[39m &amp#27;[37m-->&amp#27;[39m &amp#27;[37mGET&amp#27;[39m &amp#27;[37m/wd/hub/session/34394bf9-0c01-4d1d-b0c9-6a63b2f7d538&amp#27;[39m
&amp#27;[35m[HTTP]&amp#27;[39m &amp#27;[90m{}&amp#27;[39m
[debug] &amp#27;[35m[W3C (34394bf9)]&amp#27;[39m Calling AppiumDriver.getSession() with args: ["34394bf9-0c01-4d1d-b0c9-6a63b2f7d538"]
[debug] &amp#27;[35m[UiAutomator2]&amp#27;[39m Getting session details from server to mix in
[debug] &amp#27;[35m[WD Proxy]&amp#27;[39m Matched '/' to command name 'getSession'
[debug] &amp#27;[35m[WD Proxy]&amp#27;[39m Proxying [GET /] to [GET http://127.0.0.1:8216/wd/hub/session/bc4fa27b-1e85-4865-ac82-015b335267d9] with no body
[debug] &amp#27;[35m[WD Proxy]&amp#27;[39m Got response with status 200: {"sessionId":"bc4fa27b-1e85-4865-ac82-015b335267d9","value":{"lastScrollData":null}}
[debug] &amp#27;[35m[W3C (34394bf9)]&amp#27;[39m Responding to client with driver.getSession() result: {"platform":"LINUX","webStorageEnabled":false,"takesScreenshot":true,"javascriptEnabled":true,"databaseEnabled":false,"networkConnectionEnabled":true,"locationContextEnabled":false,"warnings":{},"desired":{"platformName":"android","app":"C:\\Users\\Anis\\eclipse-workspace\\Appium\\src\\ApiDemos-debug.apk","deviceName":"Redmi","newCommandTimeout":14},"platformName":"android","app":"C:\\Users\\Anis\\eclipse-workspace\\Appium\\src\\ApiDemos-debug.apk","deviceName":"55272e729804","newCommandTimeout":14,"deviceUDID":"55272e729804","appPackage":"io.appium.android.apis","deviceApiLevel":24,"platformVersion":"7.0","deviceScreenSize":"1080x1920","deviceScreenDensity":480,"deviceModel":"Redmi Note 4","deviceManufacturer":"Xiaomi","pixelRatio":3,"statBarHeight":72,"viewportRect":{"left":0,"top":72,"width":1080,"height":1848},"lastScrollData":null}
&amp#27;[35m[HTTP]&amp#27;[39m &amp#27;[37m<-- GET /wd/hub/session/34394bf9-0c01-4d1d-b0c9-6a63b2f7d538 &amp#27;[39m&amp#27;[32m200&amp#27;[39m &amp#27;[90m11 ms - 858&amp#27;[39m
&amp#27;[35m[HTTP]&amp#27;[39m &amp#27;[90m&amp#27;[39m
&amp#27;[35m[HTTP]&amp#27;[39m &amp#27;[37m-->&amp#27;[39m &amp#27;[37mPOST&amp#27;[39m &amp#27;[37m/wd/hub/session/34394bf9-0c01-4d1d-b0c9-6a63b2f7d538/element&amp#27;[39m
&amp#27;[35m[HTTP]&amp#27;[39m &amp#27;[90m{"using":"xpath","value":"//android.widget.TextView[@content-desc=\"Popup Menu\"]"}&amp#27;[39m
[debug] &amp#27;[35m[W3C (34394bf9)]&amp#27;[39m Calling AppiumDriver.findElement() with args: ["xpath","//android.widget.TextView[@content-desc=\"Popup Menu\"]","34394bf9-0c01-4d1d-b0c9-6a63b2f7d538"]
[debug] &amp#27;[35m[BaseDriver]&amp#27;[39m Valid locator strategies for this request: xpath, id, class name, accessibility id, css selector, -android uiautomator
[debug] &amp#27;[35m[BaseDriver]&amp#27;[39m Waiting up to 0 ms for condition
[debug] &amp#27;[35m[WD Proxy]&amp#27;[39m Matched '/element' to command name 'findElement'
[debug] &amp#27;[35m[WD Proxy]&amp#27;[39m Proxying [POST /element] to [POST http://127.0.0.1:8216/wd/hub/session/bc4fa27b-1e85-4865-ac82-015b335267d9/element] with body: {"strategy":"xpath","selector":"//android.widget.TextView[@content-desc=\"Popup Menu\"]","context":"","multiple":false}
[debug] &amp#27;[35m[WD Proxy]&amp#27;[39m Got response with status 200: {"sessionId":"bc4fa27b-1e85-4865-ac82-015b335267d9","value":{"ELEMENT":"a2140c17-3e50-4dd7-8d39-96cad92425a4","element-6066-11e4-a52e-4f735466cecf":"a2140c17-3e50-4dd7-8d39-96cad92425a4"}}
[debug] &amp#27;[35m[W3C (34394bf9)]&amp#27;[39m Responding to client with driver.findElement() result: {"element-6066-11e4-a52e-4f735466cecf":"a2140c17-3e50-4dd7-8d39-96cad92425a4","ELEMENT":"a2140c17-3e50-4dd7-8d39-96cad92425a4"}
&amp#27;[35m[HTTP]&amp#27;[39m &amp#27;[37m<-- POST /wd/hub/session/34394bf9-0c01-4d1d-b0c9-6a63b2f7d538/element &amp#27;[39m&amp#27;[32m200&amp#27;[39m &amp#27;[90m46 ms - 137&amp#27;[39m
&amp#27;[35m[HTTP]&amp#27;[39m &amp#27;[90m&amp#27;[39m
&amp#27;[35m[HTTP]&amp#27;[39m &amp#27;[37m-->&amp#27;[39m &amp#27;[37mGET&amp#27;[39m &amp#27;[37m/wd/hub/session/34394bf9-0c01-4d1d-b0c9-6a63b2f7d538/element/a2140c17-3e50-4dd7-8d39-96cad92425a4/enabled&amp#27;[39m
&amp#27;[35m[HTTP]&amp#27;[39m &amp#27;[90m{}&amp#27;[39m
[debug] &amp#27;[35m[W3C (34394bf9)]&amp#27;[39m Calling AppiumDriver.elementEnabled() with args: ["a2140c17-3e50-4dd7-8d39-96cad92425a4","34394bf9-0c01-4d1d-b0c9-6a63b2f7d538"]
[debug] &amp#27;[35m[WD Proxy]&amp#27;[39m Matched '/element/a2140c17-3e50-4dd7-8d39-96cad92425a4/attribute/enabled' to command name 'getAttribute'
[debug] &amp#27;[35m[WD Proxy]&amp#27;[39m Proxying [GET /element/a2140c17-3e50-4dd7-8d39-96cad92425a4/attribute/enabled] to [GET http://127.0.0.1:8216/wd/hub/session/bc4fa27b-1e85-4865-ac82-015b335267d9/element/a2140c17-3e50-4dd7-8d39-96cad92425a4/attribute/enabled] with no body
[debug] &amp#27;[35m[WD Proxy]&amp#27;[39m Got response with status 200: {"sessionId":"bc4fa27b-1e85-4865-ac82-015b335267d9","value":"true"}
[debug] &amp#27;[35m[W3C (34394bf9)]&amp#27;[39m Responding to client with driver.elementEnabled() result: true
&amp#27;[35m[HTTP]&amp#27;[39m &amp#27;[37m<-- GET /wd/hub/session/34394bf9-0c01-4d1d-b0c9-6a63b2f7d538/element/a2140c17-3e50-4dd7-8d39-96cad92425a4/enabled &amp#27;[39m&amp#27;[32m200&amp#27;[39m &amp#27;[90m13 ms - 14&amp#27;[39m
&amp#27;[35m[HTTP]&amp#27;[39m &amp#27;[90m&amp#27;[39m
&amp#27;[35m[HTTP]&amp#27;[39m &amp#27;[37m-->&amp#27;[39m &amp#27;[37mPOST&amp#27;[39m &amp#27;[37m/wd/hub/session/34394bf9-0c01-4d1d-b0c9-6a63b2f7d538/timeouts&amp#27;[39m
&amp#27;[35m[HTTP]&amp#27;[39m &amp#27;[90m{"implicit":10000}&amp#27;[39m
[debug] &amp#27;[35m[W3C (34394bf9)]&amp#27;[39m Calling AppiumDriver.timeouts() with args: [null,null,null,null,10000,"34394bf9-0c01-4d1d-b0c9-6a63b2f7d538"]
[debug] &amp#27;[35m[BaseDriver]&amp#27;[39m W3C timeout argument: {"implicit":10000}}
[debug] &amp#27;[35m[BaseDriver]&amp#27;[39m Set implicit wait to 10000ms
[debug] &amp#27;[35m[W3C (34394bf9)]&amp#27;[39m Responding to client with driver.timeouts() result: null
&amp#27;[35m[HTTP]&amp#27;[39m &amp#27;[37m<-- POST /wd/hub/session/34394bf9-0c01-4d1d-b0c9-6a63b2f7d538/timeouts &amp#27;[39m&amp#27;[32m200&amp#27;[39m &amp#27;[90m3 ms - 14&amp#27;[39m
&amp#27;[35m[HTTP]&amp#27;[39m &amp#27;[90m&amp#27;[39m
&amp#27;[35m[HTTP]&amp#27;[39m &amp#27;[37m-->&amp#27;[39m &amp#27;[37mGET&amp#27;[39m &amp#27;[37m/wd/hub/session/34394bf9-0c01-4d1d-b0c9-6a63b2f7d538&amp#27;[39m
&amp#27;[35m[HTTP]&amp#27;[39m &amp#27;[90m{}&amp#27;[39m
[debug] &amp#27;[35m[W3C (34394bf9)]&amp#27;[39m Calling AppiumDriver.getSession() with args: ["34394bf9-0c01-4d1d-b0c9-6a63b2f7d538"]
[debug] &amp#27;[35m[UiAutomator2]&amp#27;[39m Getting session details from server to mix in
[debug] &amp#27;[35m[WD Proxy]&amp#27;[39m Matched '/' to command name 'getSession'
[debug] &amp#27;[35m[WD Proxy]&amp#27;[39m Proxying [GET /] to [GET http://127.0.0.1:8216/wd/hub/session/bc4fa27b-1e85-4865-ac82-015b335267d9] with no body
[debug] &amp#27;[35m[WD Proxy]&amp#27;[39m Got response with status 200: {"sessionId":"bc4fa27b-1e85-4865-ac82-015b335267d9","value":{"lastScrollData":null}}
[debug] &amp#27;[35m[W3C (34394bf9)]&amp#27;[39m Responding to client with driver.getSession() result: {"platform":"LINUX","webStorageEnabled":false,"takesScreenshot":true,"javascriptEnabled":true,"databaseEnabled":false,"networkConnectionEnabled":true,"locationContextEnabled":false,"warnings":{},"desired":{"platformName":"android","app":"C:\\Users\\Anis\\eclipse-workspace\\Appium\\src\\ApiDemos-debug.apk","deviceName":"Redmi","newCommandTimeout":14},"platformName":"android","app":"C:\\Users\\Anis\\eclipse-workspace\\Appium\\src\\ApiDemos-debug.apk","deviceName":"55272e729804","newCommandTimeout":14,"deviceUDID":"55272e729804","appPackage":"io.appium.android.apis","deviceApiLevel":24,"platformVersion":"7.0","deviceScreenSize":"1080x1920","deviceScreenDensity":480,"deviceModel":"Redmi Note 4","deviceManufacturer":"Xiaomi","pixelRatio":3,"statBarHeight":72,"viewportRect":{"left":0,"top":72,"width":1080,"height":1848},"lastScrollData":null}
&amp#27;[35m[HTTP]&amp#27;[39m &amp#27;[37m<-- GET /wd/hub/session/34394bf9-0c01-4d1d-b0c9-6a63b2f7d538 &amp#27;[39m&amp#27;[32m200&amp#27;[39m &amp#27;[90m9 ms - 858&amp#27;[39m
&amp#27;[35m[HTTP]&amp#27;[39m &amp#27;[90m&amp#27;[39m
&amp#27;[35m[HTTP]&amp#27;[39m &amp#27;[37m-->&amp#27;[39m &amp#27;[37mPOST&amp#27;[39m &amp#27;[37m/wd/hub/session/34394bf9-0c01-4d1d-b0c9-6a63b2f7d538/element&amp#27;[39m
&amp#27;[35m[HTTP]&amp#27;[39m &amp#27;[90m{"using":"xpath","value":"//android.widget.TextView[@content-desc=\"Popup Menu\"]"}&amp#27;[39m
[debug] &amp#27;[35m[W3C (34394bf9)]&amp#27;[39m Calling AppiumDriver.findElement() with args: ["xpath","//android.widget.TextView[@content-desc=\"Popup Menu\"]","34394bf9-0c01-4d1d-b0c9-6a63b2f7d538"]
[debug] &amp#27;[35m[BaseDriver]&amp#27;[39m Valid locator strategies for this request: xpath, id, class name, accessibility id, css selector, -android uiautomator
[debug] &amp#27;[35m[BaseDriver]&amp#27;[39m Waiting up to 10000 ms for condition
[debug] &amp#27;[35m[WD Proxy]&amp#27;[39m Matched '/element' to command name 'findElement'
[debug] &amp#27;[35m[WD Proxy]&amp#27;[39m Proxying [POST /element] to [POST http://127.0.0.1:8216/wd/hub/session/bc4fa27b-1e85-4865-ac82-015b335267d9/element] with body: {"strategy":"xpath","selector":"//android.widget.TextView[@content-desc=\"Popup Menu\"]","context":"","multiple":false}
[debug] &amp#27;[35m[WD Proxy]&amp#27;[39m Got response with status 200: {"sessionId":"bc4fa27b-1e85-4865-ac82-015b335267d9","value":{"ELEMENT":"72df2096-7b7c-4c77-a451-b12a9fca8a68","element-6066-11e4-a52e-4f735466cecf":"72df2096-7b7c-4c77-a451-b12a9fca8a68"}}
[debug] &amp#27;[35m[W3C (34394bf9)]&amp#27;[39m Responding to client with driver.findElement() result: {"element-6066-11e4-a52e-4f735466cecf":"72df2096-7b7c-4c77-a451-b12a9fca8a68","ELEMENT":"72df2096-7b7c-4c77-a451-b12a9fca8a68"}
&amp#27;[35m[HTTP]&amp#27;[39m &amp#27;[37m<-- POST /wd/hub/session/34394bf9-0c01-4d1d-b0c9-6a63b2f7d538/element &amp#27;[39m&amp#27;[32m200&amp#27;[39m &amp#27;[90m41 ms - 137&amp#27;[39m
&amp#27;[35m[HTTP]&amp#27;[39m &amp#27;[90m&amp#27;[39m
&amp#27;[35m[HTTP]&amp#27;[39m &amp#27;[37m-->&amp#27;[39m &amp#27;[37mPOST&amp#27;[39m &amp#27;[37m/wd/hub/session/34394bf9-0c01-4d1d-b0c9-6a63b2f7d538/element/72df2096-7b7c-4c77-a451-b12a9fca8a68/click&amp#27;[39m
&amp#27;[35m[HTTP]&amp#27;[39m &amp#27;[90m{"id":"72df2096-7b7c-4c77-a451-b12a9fca8a68"}&amp#27;[39m
[debug] &amp#27;[35m[W3C (34394bf9)]&amp#27;[39m Calling AppiumDriver.click() with args: ["72df2096-7b7c-4c77-a451-b12a9fca8a68","34394bf9-0c01-4d1d-b0c9-6a63b2f7d538"]
[debug] &amp#27;[35m[WD Proxy]&amp#27;[39m Matched '/element/72df2096-7b7c-4c77-a451-b12a9fca8a68/click' to command name 'click'
[debug] &amp#27;[35m[WD Proxy]&amp#27;[39m Proxying [POST /element/72df2096-7b7c-4c77-a451-b12a9fca8a68/click] to [POST http://127.0.0.1:8216/wd/hub/session/bc4fa27b-1e85-4865-ac82-015b335267d9/element/72df2096-7b7c-4c77-a451-b12a9fca8a68/click] with body: {"element":"72df2096-7b7c-4c77-a451-b12a9fca8a68"}
[debug] &amp#27;[35m[WD Proxy]&amp#27;[39m Got response with status 200: {"sessionId":"bc4fa27b-1e85-4865-ac82-015b335267d9","value":null}
[debug] &amp#27;[35m[W3C (34394bf9)]&amp#27;[39m Responding to client with driver.click() result: null
&amp#27;[35m[HTTP]&amp#27;[39m &amp#27;[37m<-- POST /wd/hub/session/34394bf9-0c01-4d1d-b0c9-6a63b2f7d538/element/72df2096-7b7c-4c77-a451-b12a9fca8a68/click &amp#27;[39m&amp#27;[32m200&amp#27;[39m &amp#27;[90m33 ms - 14&amp#27;[39m
&amp#27;[35m[HTTP]&amp#27;[39m &amp#27;[90m&amp#27;[39m
[INFO ] 2021-06-18 15:58:15.966 [main] ExplicitWait - Waiting for element to be visible: Located by By.chained({By.xpath: //android.widget.Button[@content-desc="Make a Popup!"]})
[INFO ] 2021-06-18 15:58:15.967 [main] ExplicitWait - Waiting for element to be visible: Located by By.chained({By.xpath: //android.widget.Button[@content-desc="Make a Popup!"]})
&amp#27;[35m[HTTP]&amp#27;[39m &amp#27;[37m-->&amp#27;[39m &amp#27;[37mPOST&amp#27;[39m &amp#27;[37m/wd/hub/session/34394bf9-0c01-4d1d-b0c9-6a63b2f7d538/timeouts&amp#27;[39m
&amp#27;[35m[HTTP]&amp#27;[39m &amp#27;[90m{"implicit":0}&amp#27;[39m
[debug] &amp#27;[35m[W3C (34394bf9)]&amp#27;[39m Calling AppiumDriver.timeouts() with args: [null,null,null,null,0,"34394bf9-0c01-4d1d-b0c9-6a63b2f7d538"]
[debug] &amp#27;[35m[BaseDriver]&amp#27;[39m W3C timeout argument: {"implicit":0}}
[debug] &amp#27;[35m[BaseDriver]&amp#27;[39m Set implicit wait to 0ms
[debug] &amp#27;[35m[W3C (34394bf9)]&amp#27;[39m Responding to client with driver.timeouts() result: null
&amp#27;[35m[HTTP]&amp#27;[39m &amp#27;[37m<-- POST /wd/hub/session/34394bf9-0c01-4d1d-b0c9-6a63b2f7d538/timeouts &amp#27;[39m&amp#27;[32m200&amp#27;[39m &amp#27;[90m3 ms - 14&amp#27;[39m
&amp#27;[35m[HTTP]&amp#27;[39m &amp#27;[90m&amp#27;[39m
&amp#27;[35m[HTTP]&amp#27;[39m &amp#27;[37m-->&amp#27;[39m &amp#27;[37mGET&amp#27;[39m &amp#27;[37m/wd/hub/session/34394bf9-0c01-4d1d-b0c9-6a63b2f7d538&amp#27;[39m
&amp#27;[35m[HTTP]&amp#27;[39m &amp#27;[90m{}&amp#27;[39m
[debug] &amp#27;[35m[W3C (34394bf9)]&amp#27;[39m Calling AppiumDriver.getSession() with args: ["34394bf9-0c01-4d1d-b0c9-6a63b2f7d538"]
[debug] &amp#27;[35m[UiAutomator2]&amp#27;[39m Getting session details from server to mix in
[debug] &amp#27;[35m[WD Proxy]&amp#27;[39m Matched '/' to command name 'getSession'
[debug] &amp#27;[35m[WD Proxy]&amp#27;[39m Proxying [GET /] to [GET http://127.0.0.1:8216/wd/hub/session/bc4fa27b-1e85-4865-ac82-015b335267d9] with no body
[debug] &amp#27;[35m[WD Proxy]&amp#27;[39m Got response with status 200: {"sessionId":"bc4fa27b-1e85-4865-ac82-015b335267d9","value":{"lastScrollData":null}}
[debug] &amp#27;[35m[W3C (34394bf9)]&amp#27;[39m Responding to client with driver.getSession() result: {"platform":"LINUX","webStorageEnabled":false,"takesScreenshot":true,"javascriptEnabled":true,"databaseEnabled":false,"networkConnectionEnabled":true,"locationContextEnabled":false,"warnings":{},"desired":{"platformName":"android","app":"C:\\Users\\Anis\\eclipse-workspace\\Appium\\src\\ApiDemos-debug.apk","deviceName":"Redmi","newCommandTimeout":14},"platformName":"android","app":"C:\\Users\\Anis\\eclipse-workspace\\Appium\\src\\ApiDemos-debug.apk","deviceName":"55272e729804","newCommandTimeout":14,"deviceUDID":"55272e729804","appPackage":"io.appium.android.apis","deviceApiLevel":24,"platformVersion":"7.0","deviceScreenSize":"1080x1920","deviceScreenDensity":480,"deviceModel":"Redmi Note 4","deviceManufacturer":"Xiaomi","pixelRatio":3,"statBarHeight":72,"viewportRect":{"left":0,"top":72,"width":1080,"height":1848},"lastScrollData":null}
&amp#27;[35m[HTTP]&amp#27;[39m &amp#27;[37m<-- GET /wd/hub/session/34394bf9-0c01-4d1d-b0c9-6a63b2f7d538 &amp#27;[39m&amp#27;[32m200&amp#27;[39m &amp#27;[90m9 ms - 858&amp#27;[39m
&amp#27;[35m[HTTP]&amp#27;[39m &amp#27;[90m&amp#27;[39m
&amp#27;[35m[HTTP]&amp#27;[39m &amp#27;[37m-->&amp#27;[39m &amp#27;[37mPOST&amp#27;[39m &amp#27;[37m/wd/hub/session/34394bf9-0c01-4d1d-b0c9-6a63b2f7d538/element&amp#27;[39m
&amp#27;[35m[HTTP]&amp#27;[39m &amp#27;[90m{"using":"xpath","value":"//android.widget.Button[@content-desc=\"Make a Popup!\"]"}&amp#27;[39m
[debug] &amp#27;[35m[W3C (34394bf9)]&amp#27;[39m Calling AppiumDriver.findElement() with args: ["xpath","//android.widget.Button[@content-desc=\"Make a Popup!\"]","34394bf9-0c01-4d1d-b0c9-6a63b2f7d538"]
[debug] &amp#27;[35m[BaseDriver]&amp#27;[39m Valid locator strategies for this request: xpath, id, class name, accessibility id, css selector, -android uiautomator
[debug] &amp#27;[35m[BaseDriver]&amp#27;[39m Waiting up to 0 ms for condition
[debug] &amp#27;[35m[WD Proxy]&amp#27;[39m Matched '/element' to command name 'findElement'
[debug] &amp#27;[35m[WD Proxy]&amp#27;[39m Proxying [POST /element] to [POST http://127.0.0.1:8216/wd/hub/session/bc4fa27b-1e85-4865-ac82-015b335267d9/element] with body: {"strategy":"xpath","selector":"//android.widget.Button[@content-desc=\"Make a Popup!\"]","context":"","multiple":false}
[debug] &amp#27;[35m[WD Proxy]&amp#27;[39m Got response with status 200: {"sessionId":"bc4fa27b-1e85-4865-ac82-015b335267d9","value":{"ELEMENT":"57727d18-eeb6-466a-b134-8517078d1a0e","element-6066-11e4-a52e-4f735466cecf":"57727d18-eeb6-466a-b134-8517078d1a0e"}}
[debug] &amp#27;[35m[W3C (34394bf9)]&amp#27;[39m Responding to client with driver.findElement() result: {"element-6066-11e4-a52e-4f735466cecf":"57727d18-eeb6-466a-b134-8517078d1a0e","ELEMENT":"57727d18-eeb6-466a-b134-8517078d1a0e"}
&amp#27;[35m[HTTP]&amp#27;[39m &amp#27;[37m<-- POST /wd/hub/session/34394bf9-0c01-4d1d-b0c9-6a63b2f7d538/element &amp#27;[39m&amp#27;[32m200&amp#27;[39m &amp#27;[90m1199 ms - 137&amp#27;[39m
&amp#27;[35m[HTTP]&amp#27;[39m &amp#27;[90m&amp#27;[39m
&amp#27;[35m[HTTP]&amp#27;[39m &amp#27;[37m-->&amp#27;[39m &amp#27;[37mGET&amp#27;[39m &amp#27;[37m/wd/hub/session/34394bf9-0c01-4d1d-b0c9-6a63b2f7d538/element/57727d18-eeb6-466a-b134-8517078d1a0e/displayed&amp#27;[39m
&amp#27;[35m[HTTP]&amp#27;[39m &amp#27;[90m{}&amp#27;[39m
[debug] &amp#27;[35m[W3C (34394bf9)]&amp#27;[39m Calling AppiumDriver.elementDisplayed() with args: ["57727d18-eeb6-466a-b134-8517078d1a0e","34394bf9-0c01-4d1d-b0c9-6a63b2f7d538"]
[debug] &amp#27;[35m[WD Proxy]&amp#27;[39m Matched '/element/57727d18-eeb6-466a-b134-8517078d1a0e/attribute/displayed' to command name 'getAttribute'
[debug] &amp#27;[35m[WD Proxy]&amp#27;[39m Proxying [GET /element/57727d18-eeb6-466a-b134-8517078d1a0e/attribute/displayed] to [GET http://127.0.0.1:8216/wd/hub/session/bc4fa27b-1e85-4865-ac82-015b335267d9/element/57727d18-eeb6-466a-b134-8517078d1a0e/attribute/displayed] with no body
[debug] &amp#27;[35m[WD Proxy]&amp#27;[39m Got response with status 200: {"sessionId":"bc4fa27b-1e85-4865-ac82-015b335267d9","value":"true"}
[debug] &amp#27;[35m[W3C (34394bf9)]&amp#27;[39m Responding to client with driver.elementDisplayed() result: true
&amp#27;[35m[HTTP]&amp#27;[39m &amp#27;[37m<-- GET /wd/hub/session/34394bf9-0c01-4d1d-b0c9-6a63b2f7d538/element/57727d18-eeb6-466a-b134-8517078d1a0e/displayed &amp#27;[39m&amp#27;[32m200&amp#27;[39m &amp#27;[90m19 ms - 14&amp#27;[39m
&amp#27;[35m[HTTP]&amp#27;[39m &amp#27;[90m&amp#27;[39m
&amp#27;[35m[HTTP]&amp#27;[39m &amp#27;[37m-->&amp#27;[39m &amp#27;[37mPOST&amp#27;[39m &amp#27;[37m/wd/hub/session/34394bf9-0c01-4d1d-b0c9-6a63b2f7d538/timeouts&amp#27;[39m
&amp#27;[35m[HTTP]&amp#27;[39m &amp#27;[90m{"implicit":10000}&amp#27;[39m
[debug] &amp#27;[35m[W3C (34394bf9)]&amp#27;[39m Calling AppiumDriver.timeouts() with args: [null,null,null,null,10000,"34394bf9-0c01-4d1d-b0c9-6a63b2f7d538"]
[debug] &amp#27;[35m[BaseDriver]&amp#27;[39m W3C timeout argument: {"implicit":10000}}
[debug] &amp#27;[35m[BaseDriver]&amp#27;[39m Set implicit wait to 10000ms
[debug] &amp#27;[35m[W3C (34394bf9)]&amp#27;[39m Responding to client with driver.timeouts() result: null
&amp#27;[35m[HTTP]&amp#27;[39m &amp#27;[37m<-- POST /wd/hub/session/34394bf9-0c01-4d1d-b0c9-6a63b2f7d538/timeouts &amp#27;[39m&amp#27;[32m200&amp#27;[39m &amp#27;[90m2 ms - 14&amp#27;[39m
&amp#27;[35m[HTTP]&amp#27;[39m &amp#27;[90m&amp#27;[39m
[INFO ] 2021-06-18 15:58:17.239 [main] ViewsPage - Clicks The Make Popup
[INFO ] 2021-06-18 15:58:17.239 [main] ExplicitWait - Waiting for element to be clickable: Located by By.chained({By.xpath: //android.widget.Button[@content-desc="Make a Popup!"]})
&amp#27;[35m[HTTP]&amp#27;[39m &amp#27;[37m-->&amp#27;[39m &amp#27;[37mPOST&amp#27;[39m &amp#27;[37m/wd/hub/session/34394bf9-0c01-4d1d-b0c9-6a63b2f7d538/timeouts&amp#27;[39m
&amp#27;[35m[HTTP]&amp#27;[39m &amp#27;[90m{"implicit":0}&amp#27;[39m
[debug] &amp#27;[35m[W3C (34394bf9)]&amp#27;[39m Calling AppiumDriver.timeouts() with args: [null,null,null,null,0,"34394bf9-0c01-4d1d-b0c9-6a63b2f7d538"]
[debug] &amp#27;[35m[BaseDriver]&amp#27;[39m W3C timeout argument: {"implicit":0}}
[debug] &amp#27;[35m[BaseDriver]&amp#27;[39m Set implicit wait to 0ms
[debug] &amp#27;[35m[W3C (34394bf9)]&amp#27;[39m Responding to client with driver.timeouts() result: null
&amp#27;[35m[HTTP]&amp#27;[39m &amp#27;[37m<-- POST /wd/hub/session/34394bf9-0c01-4d1d-b0c9-6a63b2f7d538/timeouts &amp#27;[39m&amp#27;[32m200&amp#27;[39m &amp#27;[90m3 ms - 14&amp#27;[39m
&amp#27;[35m[HTTP]&amp#27;[39m &amp#27;[90m&amp#27;[39m
&amp#27;[35m[HTTP]&amp#27;[39m &amp#27;[37m-->&amp#27;[39m &amp#27;[37mGET&amp#27;[39m &amp#27;[37m/wd/hub/session/34394bf9-0c01-4d1d-b0c9-6a63b2f7d538&amp#27;[39m
&amp#27;[35m[HTTP]&amp#27;[39m &amp#27;[90m{}&amp#27;[39m
[debug] &amp#27;[35m[W3C (34394bf9)]&amp#27;[39m Calling AppiumDriver.getSession() with args: ["34394bf9-0c01-4d1d-b0c9-6a63b2f7d538"]
[debug] &amp#27;[35m[UiAutomator2]&amp#27;[39m Getting session details from server to mix in
[debug] &amp#27;[35m[WD Proxy]&amp#27;[39m Matched '/' to command name 'getSession'
[debug] &amp#27;[35m[WD Proxy]&amp#27;[39m Proxying [GET /] to [GET http://127.0.0.1:8216/wd/hub/session/bc4fa27b-1e85-4865-ac82-015b335267d9] with no body
[debug] &amp#27;[35m[WD Proxy]&amp#27;[39m Got response with status 200: {"sessionId":"bc4fa27b-1e85-4865-ac82-015b335267d9","value":{"lastScrollData":null}}
[debug] &amp#27;[35m[W3C (34394bf9)]&amp#27;[39m Responding to client with driver.getSession() result: {"platform":"LINUX","webStorageEnabled":false,"takesScreenshot":true,"javascriptEnabled":true,"databaseEnabled":false,"networkConnectionEnabled":true,"locationContextEnabled":false,"warnings":{},"desired":{"platformName":"android","app":"C:\\Users\\Anis\\eclipse-workspace\\Appium\\src\\ApiDemos-debug.apk","deviceName":"Redmi","newCommandTimeout":14},"platformName":"android","app":"C:\\Users\\Anis\\eclipse-workspace\\Appium\\src\\ApiDemos-debug.apk","deviceName":"55272e729804","newCommandTimeout":14,"deviceUDID":"55272e729804","appPackage":"io.appium.android.apis","deviceApiLevel":24,"platformVersion":"7.0","deviceScreenSize":"1080x1920","deviceScreenDensity":480,"deviceModel":"Redmi Note 4","deviceManufacturer":"Xiaomi","pixelRatio":3,"statBarHeight":72,"viewportRect":{"left":0,"top":72,"width":1080,"height":1848},"lastScrollData":null}
&amp#27;[35m[HTTP]&amp#27;[39m &amp#27;[37m<-- GET /wd/hub/session/34394bf9-0c01-4d1d-b0c9-6a63b2f7d538 &amp#27;[39m&amp#27;[32m200&amp#27;[39m &amp#27;[90m11 ms - 858&amp#27;[39m
&amp#27;[35m[HTTP]&amp#27;[39m &amp#27;[90m&amp#27;[39m
&amp#27;[35m[HTTP]&amp#27;[39m &amp#27;[37m-->&amp#27;[39m &amp#27;[37mPOST&amp#27;[39m &amp#27;[37m/wd/hub/session/34394bf9-0c01-4d1d-b0c9-6a63b2f7d538/element&amp#27;[39m
&amp#27;[35m[HTTP]&amp#27;[39m &amp#27;[90m{"using":"xpath","value":"//android.widget.Button[@content-desc=\"Make a Popup!\"]"}&amp#27;[39m
[debug] &amp#27;[35m[W3C (34394bf9)]&amp#27;[39m Calling AppiumDriver.findElement() with args: ["xpath","//android.widget.Button[@content-desc=\"Make a Popup!\"]","34394bf9-0c01-4d1d-b0c9-6a63b2f7d538"]
[debug] &amp#27;[35m[BaseDriver]&amp#27;[39m Valid locator strategies for this request: xpath, id, class name, accessibility id, css selector, -android uiautomator
[debug] &amp#27;[35m[BaseDriver]&amp#27;[39m Waiting up to 0 ms for condition
[debug] &amp#27;[35m[WD Proxy]&amp#27;[39m Matched '/element' to command name 'findElement'
[debug] &amp#27;[35m[WD Proxy]&amp#27;[39m Proxying [POST /element] to [POST http://127.0.0.1:8216/wd/hub/session/bc4fa27b-1e85-4865-ac82-015b335267d9/element] with body: {"strategy":"xpath","selector":"//android.widget.Button[@content-desc=\"Make a Popup!\"]","context":"","multiple":false}
[debug] &amp#27;[35m[WD Proxy]&amp#27;[39m Got response with status 200: {"sessionId":"bc4fa27b-1e85-4865-ac82-015b335267d9","value":{"ELEMENT":"2517453b-5b88-4352-ad9f-5647372c5bfc","element-6066-11e4-a52e-4f735466cecf":"2517453b-5b88-4352-ad9f-5647372c5bfc"}}
[debug] &amp#27;[35m[W3C (34394bf9)]&amp#27;[39m Responding to client with driver.findElement() result: {"element-6066-11e4-a52e-4f735466cecf":"2517453b-5b88-4352-ad9f-5647372c5bfc","ELEMENT":"2517453b-5b88-4352-ad9f-5647372c5bfc"}
&amp#27;[35m[HTTP]&amp#27;[39m &amp#27;[37m<-- POST /wd/hub/session/34394bf9-0c01-4d1d-b0c9-6a63b2f7d538/element &amp#27;[39m&amp#27;[32m200&amp#27;[39m &amp#27;[90m490 ms - 137&amp#27;[39m
&amp#27;[35m[HTTP]&amp#27;[39m &amp#27;[90m&amp#27;[39m
&amp#27;[35m[HTTP]&amp#27;[39m &amp#27;[37m-->&amp#27;[39m &amp#27;[37mGET&amp#27;[39m &amp#27;[37m/wd/hub/session/34394bf9-0c01-4d1d-b0c9-6a63b2f7d538/element/2517453b-5b88-4352-ad9f-5647372c5bfc/displayed&amp#27;[39m
&amp#27;[35m[HTTP]&amp#27;[39m &amp#27;[90m{}&amp#27;[39m
[debug] &amp#27;[35m[W3C (34394bf9)]&amp#27;[39m Calling AppiumDriver.elementDisplayed() with args: ["2517453b-5b88-4352-ad9f-5647372c5bfc","34394bf9-0c01-4d1d-b0c9-6a63b2f7d538"]
[debug] &amp#27;[35m[WD Proxy]&amp#27;[39m Matched '/element/2517453b-5b88-4352-ad9f-5647372c5bfc/attribute/displayed' to command name 'getAttribute'
[debug] &amp#27;[35m[WD Proxy]&amp#27;[39m Proxying [GET /element/2517453b-5b88-4352-ad9f-5647372c5bfc/attribute/displayed] to [GET http://127.0.0.1:8216/wd/hub/session/bc4fa27b-1e85-4865-ac82-015b335267d9/element/2517453b-5b88-4352-ad9f-5647372c5bfc/attribute/displayed] with no body
[debug] &amp#27;[35m[WD Proxy]&amp#27;[39m Got response with status 200: {"sessionId":"bc4fa27b-1e85-4865-ac82-015b335267d9","value":"true"}
[debug] &amp#27;[35m[W3C (34394bf9)]&amp#27;[39m Responding to client with driver.elementDisplayed() result: true
&amp#27;[35m[HTTP]&amp#27;[39m &amp#27;[37m<-- GET /wd/hub/session/34394bf9-0c01-4d1d-b0c9-6a63b2f7d538/element/2517453b-5b88-4352-ad9f-5647372c5bfc/displayed &amp#27;[39m&amp#27;[32m200&amp#27;[39m &amp#27;[90m16 ms - 14&amp#27;[39m
&amp#27;[35m[HTTP]&amp#27;[39m &amp#27;[90m&amp#27;[39m
&amp#27;[35m[HTTP]&amp#27;[39m &amp#27;[37m-->&amp#27;[39m &amp#27;[37mGET&amp#27;[39m &amp#27;[37m/wd/hub/session/34394bf9-0c01-4d1d-b0c9-6a63b2f7d538&amp#27;[39m
&amp#27;[35m[HTTP]&amp#27;[39m &amp#27;[90m{}&amp#27;[39m
[debug] &amp#27;[35m[W3C (34394bf9)]&amp#27;[39m Calling AppiumDriver.getSession() with args: ["34394bf9-0c01-4d1d-b0c9-6a63b2f7d538"]
[debug] &amp#27;[35m[UiAutomator2]&amp#27;[39m Getting session details from server to mix in
[debug] &amp#27;[35m[WD Proxy]&amp#27;[39m Matched '/' to command name 'getSession'
[debug] &amp#27;[35m[WD Proxy]&amp#27;[39m Proxying [GET /] to [GET http://127.0.0.1:8216/wd/hub/session/bc4fa27b-1e85-4865-ac82-015b335267d9] with no body
[debug] &amp#27;[35m[WD Proxy]&amp#27;[39m Got response with status 200: {"sessionId":"bc4fa27b-1e85-4865-ac82-015b335267d9","value":{"lastScrollData":null}}
[debug] &amp#27;[35m[W3C (34394bf9)]&amp#27;[39m Responding to client with driver.getSession() result: {"platform":"LINUX","webStorageEnabled":false,"takesScreenshot":true,"javascriptEnabled":true,"databaseEnabled":false,"networkConnectionEnabled":true,"locationContextEnabled":false,"warnings":{},"desired":{"platformName":"android","app":"C:\\Users\\Anis\\eclipse-workspace\\Appium\\src\\ApiDemos-debug.apk","deviceName":"Redmi","newCommandTimeout":14},"platformName":"android","app":"C:\\Users\\Anis\\eclipse-workspace\\Appium\\src\\ApiDemos-debug.apk","deviceName":"55272e729804","newCommandTimeout":14,"deviceUDID":"55272e729804","appPackage":"io.appium.android.apis","deviceApiLevel":24,"platformVersion":"7.0","deviceScreenSize":"1080x1920","deviceScreenDensity":480,"deviceModel":"Redmi Note 4","deviceManufacturer":"Xiaomi","pixelRatio":3,"statBarHeight":72,"viewportRect":{"left":0,"top":72,"width":1080,"height":1848},"lastScrollData":null}
&amp#27;[35m[HTTP]&amp#27;[39m &amp#27;[37m<-- GET /wd/hub/session/34394bf9-0c01-4d1d-b0c9-6a63b2f7d538 &amp#27;[39m&amp#27;[32m200&amp#27;[39m &amp#27;[90m16 ms - 858&amp#27;[39m
&amp#27;[35m[HTTP]&amp#27;[39m &amp#27;[90m&amp#27;[39m
&amp#27;[35m[HTTP]&amp#27;[39m &amp#27;[37m-->&amp#27;[39m &amp#27;[37mPOST&amp#27;[39m &amp#27;[37m/wd/hub/session/34394bf9-0c01-4d1d-b0c9-6a63b2f7d538/element&amp#27;[39m
&amp#27;[35m[HTTP]&amp#27;[39m &amp#27;[90m{"using":"xpath","value":"//android.widget.Button[@content-desc=\"Make a Popup!\"]"}&amp#27;[39m
[debug] &amp#27;[35m[W3C (34394bf9)]&amp#27;[39m Calling AppiumDriver.findElement() with args: ["xpath","//android.widget.Button[@content-desc=\"Make a Popup!\"]","34394bf9-0c01-4d1d-b0c9-6a63b2f7d538"]
[debug] &amp#27;[35m[BaseDriver]&amp#27;[39m Valid locator strategies for this request: xpath, id, class name, accessibility id, css selector, -android uiautomator
[debug] &amp#27;[35m[BaseDriver]&amp#27;[39m Waiting up to 0 ms for condition
[debug] &amp#27;[35m[WD Proxy]&amp#27;[39m Matched '/element' to command name 'findElement'
[debug] &amp#27;[35m[WD Proxy]&amp#27;[39m Proxying [POST /element] to [POST http://127.0.0.1:8216/wd/hub/session/bc4fa27b-1e85-4865-ac82-015b335267d9/element] with body: {"strategy":"xpath","selector":"//android.widget.Button[@content-desc=\"Make a Popup!\"]","context":"","multiple":false}
[debug] &amp#27;[35m[WD Proxy]&amp#27;[39m Got response with status 200: {"sessionId":"bc4fa27b-1e85-4865-ac82-015b335267d9","value":{"ELEMENT":"af9b9b0e-9310-475e-b352-001bdc3bdfaa","element-6066-11e4-a52e-4f735466cecf":"af9b9b0e-9310-475e-b352-001bdc3bdfaa"}}
[debug] &amp#27;[35m[W3C (34394bf9)]&amp#27;[39m Responding to client with driver.findElement() result: {"element-6066-11e4-a52e-4f735466cecf":"af9b9b0e-9310-475e-b352-001bdc3bdfaa","ELEMENT":"af9b9b0e-9310-475e-b352-001bdc3bdfaa"}
&amp#27;[35m[HTTP]&amp#27;[39m &amp#27;[37m<-- POST /wd/hub/session/34394bf9-0c01-4d1d-b0c9-6a63b2f7d538/element &amp#27;[39m&amp#27;[32m200&amp#27;[39m &amp#27;[90m40 ms - 137&amp#27;[39m
&amp#27;[35m[HTTP]&amp#27;[39m &amp#27;[90m&amp#27;[39m
&amp#27;[35m[HTTP]&amp#27;[39m &amp#27;[37m-->&amp#27;[39m &amp#27;[37mGET&amp#27;[39m &amp#27;[37m/wd/hub/session/34394bf9-0c01-4d1d-b0c9-6a63b2f7d538/element/af9b9b0e-9310-475e-b352-001bdc3bdfaa/enabled&amp#27;[39m
&amp#27;[35m[HTTP]&amp#27;[39m &amp#27;[90m{}&amp#27;[39m
[debug] &amp#27;[35m[W3C (34394bf9)]&amp#27;[39m Calling AppiumDriver.elementEnabled() with args: ["af9b9b0e-9310-475e-b352-001bdc3bdfaa","34394bf9-0c01-4d1d-b0c9-6a63b2f7d538"]
[debug] &amp#27;[35m[WD Proxy]&amp#27;[39m Matched '/element/af9b9b0e-9310-475e-b352-001bdc3bdfaa/attribute/enabled' to command name 'getAttribute'
[debug] &amp#27;[35m[WD Proxy]&amp#27;[39m Proxying [GET /element/af9b9b0e-9310-475e-b352-001bdc3bdfaa/attribute/enabled] to [GET http://127.0.0.1:8216/wd/hub/session/bc4fa27b-1e85-4865-ac82-015b335267d9/element/af9b9b0e-9310-475e-b352-001bdc3bdfaa/attribute/enabled] with no body
[debug] &amp#27;[35m[WD Proxy]&amp#27;[39m Got response with status 200: {"sessionId":"bc4fa27b-1e85-4865-ac82-015b335267d9","value":"true"}
[debug] &amp#27;[35m[W3C (34394bf9)]&amp#27;[39m Responding to client with driver.elementEnabled() result: true
&amp#27;[35m[HTTP]&amp#27;[39m &amp#27;[37m<-- GET /wd/hub/session/34394bf9-0c01-4d1d-b0c9-6a63b2f7d538/element/af9b9b0e-9310-475e-b352-001bdc3bdfaa/enabled &amp#27;[39m&amp#27;[32m200&amp#27;[39m &amp#27;[90m15 ms - 14&amp#27;[39m
&amp#27;[35m[HTTP]&amp#27;[39m &amp#27;[90m&amp#27;[39m
&amp#27;[35m[HTTP]&amp#27;[39m &amp#27;[37m-->&amp#27;[39m &amp#27;[37mPOST&amp#27;[39m &amp#27;[37m/wd/hub/session/34394bf9-0c01-4d1d-b0c9-6a63b2f7d538/timeouts&amp#27;[39m
&amp#27;[35m[HTTP]&amp#27;[39m &amp#27;[90m{"implicit":10000}&amp#27;[39m
[debug] &amp#27;[35m[W3C (34394bf9)]&amp#27;[39m Calling AppiumDriver.timeouts() with args: [null,null,null,null,10000,"34394bf9-0c01-4d1d-b0c9-6a63b2f7d538"]
[debug] &amp#27;[35m[BaseDriver]&amp#27;[39m W3C timeout argument: {"implicit":10000}}
[debug] &amp#27;[35m[BaseDriver]&amp#27;[39m Set implicit wait to 10000ms
[debug] &amp#27;[35m[W3C (34394bf9)]&amp#27;[39m Responding to client with driver.timeouts() result: null
&amp#27;[35m[HTTP]&amp#27;[39m &amp#27;[37m<-- POST /wd/hub/session/34394bf9-0c01-4d1d-b0c9-6a63b2f7d538/timeouts &amp#27;[39m&amp#27;[32m200&amp#27;[39m &amp#27;[90m2 ms - 14&amp#27;[39m
&amp#27;[35m[HTTP]&amp#27;[39m &amp#27;[90m&amp#27;[39m
&amp#27;[35m[HTTP]&amp#27;[39m &amp#27;[37m-->&amp#27;[39m &amp#27;[37mGET&amp#27;[39m &amp#27;[37m/wd/hub/session/34394bf9-0c01-4d1d-b0c9-6a63b2f7d538&amp#27;[39m
&amp#27;[35m[HTTP]&amp#27;[39m &amp#27;[90m{}&amp#27;[39m
[debug] &amp#27;[35m[W3C (34394bf9)]&amp#27;[39m Calling AppiumDriver.getSession() with args: ["34394bf9-0c01-4d1d-b0c9-6a63b2f7d538"]
[debug] &amp#27;[35m[UiAutomator2]&amp#27;[39m Getting session details from server to mix in
[debug] &amp#27;[35m[WD Proxy]&amp#27;[39m Matched '/' to command name 'getSession'
[debug] &amp#27;[35m[WD Proxy]&amp#27;[39m Proxying [GET /] to [GET http://127.0.0.1:8216/wd/hub/session/bc4fa27b-1e85-4865-ac82-015b335267d9] with no body
[debug] &amp#27;[35m[WD Proxy]&amp#27;[39m Got response with status 200: {"sessionId":"bc4fa27b-1e85-4865-ac82-015b335267d9","value":{"lastScrollData":null}}
[debug] &amp#27;[35m[W3C (34394bf9)]&amp#27;[39m Responding to client with driver.getSession() result: {"platform":"LINUX","webStorageEnabled":false,"takesScreenshot":true,"javascriptEnabled":true,"databaseEnabled":false,"networkConnectionEnabled":true,"locationContextEnabled":false,"warnings":{},"desired":{"platformName":"android","app":"C:\\Users\\Anis\\eclipse-workspace\\Appium\\src\\ApiDemos-debug.apk","deviceName":"Redmi","newCommandTimeout":14},"platformName":"android","app":"C:\\Users\\Anis\\eclipse-workspace\\Appium\\src\\ApiDemos-debug.apk","deviceName":"55272e729804","newCommandTimeout":14,"deviceUDID":"55272e729804","appPackage":"io.appium.android.apis","deviceApiLevel":24,"platformVersion":"7.0","deviceScreenSize":"1080x1920","deviceScreenDensity":480,"deviceModel":"Redmi Note 4","deviceManufacturer":"Xiaomi","pixelRatio":3,"statBarHeight":72,"viewportRect":{"left":0,"top":72,"width":1080,"height":1848},"lastScrollData":null}
&amp#27;[35m[HTTP]&amp#27;[39m &amp#27;[37m<-- GET /wd/hub/session/34394bf9-0c01-4d1d-b0c9-6a63b2f7d538 &amp#27;[39m&amp#27;[32m200&amp#27;[39m &amp#27;[90m12 ms - 858&amp#27;[39m
&amp#27;[35m[HTTP]&amp#27;[39m &amp#27;[90m&amp#27;[39m
&amp#27;[35m[HTTP]&amp#27;[39m &amp#27;[37m-->&amp#27;[39m &amp#27;[37mPOST&amp#27;[39m &amp#27;[37m/wd/hub/session/34394bf9-0c01-4d1d-b0c9-6a63b2f7d538/element&amp#27;[39m
&amp#27;[35m[HTTP]&amp#27;[39m &amp#27;[90m{"using":"xpath","value":"//android.widget.Button[@content-desc=\"Make a Popup!\"]"}&amp#27;[39m
[debug] &amp#27;[35m[W3C (34394bf9)]&amp#27;[39m Calling AppiumDriver.findElement() with args: ["xpath","//android.widget.Button[@content-desc=\"Make a Popup!\"]","34394bf9-0c01-4d1d-b0c9-6a63b2f7d538"]
[debug] &amp#27;[35m[BaseDriver]&amp#27;[39m Valid locator strategies for this request: xpath, id, class name, accessibility id, css selector, -android uiautomator
[debug] &amp#27;[35m[BaseDriver]&amp#27;[39m Waiting up to 10000 ms for condition
[debug] &amp#27;[35m[WD Proxy]&amp#27;[39m Matched '/element' to command name 'findElement'
[debug] &amp#27;[35m[WD Proxy]&amp#27;[39m Proxying [POST /element] to [POST http://127.0.0.1:8216/wd/hub/session/bc4fa27b-1e85-4865-ac82-015b335267d9/element] with body: {"strategy":"xpath","selector":"//android.widget.Button[@content-desc=\"Make a Popup!\"]","context":"","multiple":false}
[debug] &amp#27;[35m[WD Proxy]&amp#27;[39m Got response with status 200: {"sessionId":"bc4fa27b-1e85-4865-ac82-015b335267d9","value":{"ELEMENT":"d3c13b0a-2032-41c7-a227-c0013417649f","element-6066-11e4-a52e-4f735466cecf":"d3c13b0a-2032-41c7-a227-c0013417649f"}}
[debug] &amp#27;[35m[W3C (34394bf9)]&amp#27;[39m Responding to client with driver.findElement() result: {"element-6066-11e4-a52e-4f735466cecf":"d3c13b0a-2032-41c7-a227-c0013417649f","ELEMENT":"d3c13b0a-2032-41c7-a227-c0013417649f"}
&amp#27;[35m[HTTP]&amp#27;[39m &amp#27;[37m<-- POST /wd/hub/session/34394bf9-0c01-4d1d-b0c9-6a63b2f7d538/element &amp#27;[39m&amp#27;[32m200&amp#27;[39m &amp#27;[90m44 ms - 137&amp#27;[39m
&amp#27;[35m[HTTP]&amp#27;[39m &amp#27;[90m&amp#27;[39m
&amp#27;[35m[HTTP]&amp#27;[39m &amp#27;[37m-->&amp#27;[39m &amp#27;[37mPOST&amp#27;[39m &amp#27;[37m/wd/hub/session/34394bf9-0c01-4d1d-b0c9-6a63b2f7d538/element/d3c13b0a-2032-41c7-a227-c0013417649f/click&amp#27;[39m
&amp#27;[35m[HTTP]&amp#27;[39m &amp#27;[90m{"id":"d3c13b0a-2032-41c7-a227-c0013417649f"}&amp#27;[39m
[debug] &amp#27;[35m[W3C (34394bf9)]&amp#27;[39m Calling AppiumDriver.click() with args: ["d3c13b0a-2032-41c7-a227-c0013417649f","34394bf9-0c01-4d1d-b0c9-6a63b2f7d538"]
[debug] &amp#27;[35m[WD Proxy]&amp#27;[39m Matched '/element/d3c13b0a-2032-41c7-a227-c0013417649f/click' to command name 'click'
[debug] &amp#27;[35m[WD Proxy]&amp#27;[39m Proxying [POST /element/d3c13b0a-2032-41c7-a227-c0013417649f/click] to [POST http://127.0.0.1:8216/wd/hub/session/bc4fa27b-1e85-4865-ac82-015b335267d9/element/d3c13b0a-2032-41c7-a227-c0013417649f/click] with body: {"element":"d3c13b0a-2032-41c7-a227-c0013417649f"}
[debug] &amp#27;[35m[WD Proxy]&amp#27;[39m Got response with status 200: {"sessionId":"bc4fa27b-1e85-4865-ac82-015b335267d9","value":null}
[debug] &amp#27;[35m[W3C (34394bf9)]&amp#27;[39m Responding to client with driver.click() result: null
&amp#27;[35m[HTTP]&amp#27;[39m &amp#27;[37m<-- POST /wd/hub/session/34394bf9-0c01-4d1d-b0c9-6a6[INFO ] 2021-06-18 15:58:18.019 [main] ExplicitWait - Waiting for element to be visible: Located by By.chained({By.xpath: //*[contains(@text,'Edit')]})
3b2f7d538/element/d3c13b0a-2032-41c7-a227-c0013417649f/click &amp#27;[39m&amp#27;[32m200&amp#27;[39m &amp#27;[90m37 ms - 14&amp#27;[39m
&amp#27;[35m[HTTP]&amp#27;[39m &amp#27;[90m&amp#27;[39m
[INFO ] 2021-06-18 15:58:18.020 [main] ExplicitWait - Waiting for element to be visible: Located by By.chained({By.xpath: //*[contains(@text,'Edit')]})
&amp#27;[35m[HTTP]&amp#27;[39m &amp#27;[37m-->&amp#27;[39m &amp#27;[37mPOST&amp#27;[39m &amp#27;[37m/wd/hub/session/34394bf9-0c01-4d1d-b0c9-6a63b2f7d538/timeouts&amp#27;[39m
&amp#27;[35m[HTTP]&amp#27;[39m &amp#27;[90m{"implicit":0}&amp#27;[39m
[debug] &amp#27;[35m[W3C (34394bf9)]&amp#27;[39m Calling AppiumDriver.timeouts() with args: [null,null,null,null,0,"34394bf9-0c01-4d1d-b0c9-6a63b2f7d538"]
[debug] &amp#27;[35m[BaseDriver]&amp#27;[39m W3C timeout argument: {"implicit":0}}
[debug] &amp#27;[35m[BaseDriver]&amp#27;[39m Set implicit wait to 0ms
[debug] &amp#27;[35m[W3C (34394bf9)]&amp#27;[39m Responding to client with driver.timeouts() result: null
&amp#27;[35m[HTTP]&amp#27;[39m &amp#27;[37m<-- POST /wd/hub/session/34394bf9-0c01-4d1d-b0c9-6a63b2f7d538/timeouts &amp#27;[39m&amp#27;[32m200&amp#27;[39m &amp#27;[90m2 ms - 14&amp#27;[39m
&amp#27;[35m[HTTP]&amp#27;[39m &amp#27;[90m&amp#27;[39m
&amp#27;[35m[HTTP]&amp#27;[39m &amp#27;[37m-->&amp#27;[39m &amp#27;[37mGET&amp#27;[39m &amp#27;[37m/wd/hub/session/34394bf9-0c01-4d1d-b0c9-6a63b2f7d538&amp#27;[39m
&amp#27;[35m[HTTP]&amp#27;[39m &amp#27;[90m{}&amp#27;[39m
[debug] &amp#27;[35m[W3C (34394bf9)]&amp#27;[39m Calling AppiumDriver.getSession() with args: ["34394bf9-0c01-4d1d-b0c9-6a63b2f7d538"]
[debug] &amp#27;[35m[UiAutomator2]&amp#27;[39m Getting session details from server to mix in
[debug] &amp#27;[35m[WD Proxy]&amp#27;[39m Matched '/' to command name 'getSession'
[debug] &amp#27;[35m[WD Proxy]&amp#27;[39m Proxying [GET /] to [GET http://127.0.0.1:8216/wd/hub/session/bc4fa27b-1e85-4865-ac82-015b335267d9] with no body
[debug] &amp#27;[35m[WD Proxy]&amp#27;[39m Got response with status 200: {"sessionId":"bc4fa27b-1e85-4865-ac82-015b335267d9","value":{"lastScrollData":null}}
[debug] &amp#27;[35m[W3C (34394bf9)]&amp#27;[39m Responding to client with driver.getSession() result: {"platform":"LINUX","webStorageEnabled":false,"takesScreenshot":true,"javascriptEnabled":true,"databaseEnabled":false,"networkConnectionEnabled":true,"locationContextEnabled":false,"warnings":{},"desired":{"platformName":"android","app":"C:\\Users\\Anis\\eclipse-workspace\\Appium\\src\\ApiDemos-debug.apk","deviceName":"Redmi","newCommandTimeout":14},"platformName":"android","app":"C:\\Users\\Anis\\eclipse-workspace\\Appium\\src\\ApiDemos-debug.apk","deviceName":"55272e729804","newCommandTimeout":14,"deviceUDID":"55272e729804","appPackage":"io.appium.android.apis","deviceApiLevel":24,"platformVersion":"7.0","deviceScreenSize":"1080x1920","deviceScreenDensity":480,"deviceModel":"Redmi Note 4","deviceManufacturer":"Xiaomi","pixelRatio":3,"statBarHeight":72,"viewportRect":{"left":0,"top":72,"width":1080,"height":1848},"lastScrollData":null}
&amp#27;[35m[HTTP]&amp#27;[39m &amp#27;[37m<-- GET /wd/hub/session/34394bf9-0c01-4d1d-b0c9-6a63b2f7d538 &amp#27;[39m&amp#27;[32m200&amp#27;[39m &amp#27;[90m13 ms - 858&amp#27;[39m
&amp#27;[35m[HTTP]&amp#27;[39m &amp#27;[90m&amp#27;[39m
&amp#27;[35m[HTTP]&amp#27;[39m &amp#27;[37m-->&amp#27;[39m &amp#27;[37mPOST&amp#27;[39m &amp#27;[37m/wd/hub/session/34394bf9-0c01-4d1d-b0c9-6a63b2f7d538/element&amp#27;[39m
&amp#27;[35m[HTTP]&amp#27;[39m &amp#27;[90m{"using":"xpath","value":"//*[contains(@text,'Edit')]"}&amp#27;[39m
[debug] &amp#27;[35m[W3C (34394bf9)]&amp#27;[39m Calling AppiumDriver.findElement() with args: ["xpath","//*[contains(@text,'Edit')]","34394bf9-0c01-4d1d-b0c9-6a63b2f7d538"]
[debug] &amp#27;[35m[BaseDriver]&amp#27;[39m Valid locator strategies for this request: xpath, id, class name, accessibility id, css selector, -android uiautomator
[debug] &amp#27;[35m[BaseDriver]&amp#27;[39m Waiting up to 0 ms for condition
[debug] &amp#27;[35m[WD Proxy]&amp#27;[39m Matched '/element' to command name 'findElement'
[debug] &amp#27;[35m[WD Proxy]&amp#27;[39m Proxying [POST /element] to [POST http://127.0.0.1:8216/wd/hub/session/bc4fa27b-1e85-4865-ac82-015b335267d9/element] with body: {"strategy":"xpath","selector":"//*[contains(@text,'Edit')]","context":"","multiple":false}
[debug] &amp#27;[35m[WD Proxy]&amp#27;[39m Got response with status 200: {"sessionId":"bc4fa27b-1e85-4865-ac82-015b335267d9","value":{"ELEMENT":"d900ac68-d37a-4858-a915-bdeaa86e9a07","element-6066-11e4-a52e-4f735466cecf":"d900ac68-d37a-4858-a915-bdeaa86e9a07"}}
[debug] &amp#27;[35m[W3C (34394bf9)]&amp#27;[39m Responding to client with driver.findElement() result: {"element-6066-11e4-a52e-4f735466cecf":"d900ac68-d37a-4858-a915-bdeaa86e9a07","ELEMENT":"d900ac68-d37a-4858-a915-bdeaa86e9a07"}
&amp#27;[35m[HTTP]&amp#27;[39m &amp#27;[37m<-- POST /wd/hub/session/34394bf9-0c01-4d1d-b0c9-6a63b2f7d538/element &amp#27;[39m&amp#27;[32m200&amp#27;[39m &amp#27;[90m990 ms - 137&amp#27;[39m
&amp#27;[35m[HTTP]&amp#27;[39m &amp#27;[90m&amp#27;[39m
&amp#27;[35m[HTTP]&amp#27;[39m &amp#27;[37m-->&amp#27;[39m &amp#27;[37mGET&amp#27;[39m &amp#27;[37m/wd/hub/session/34394bf9-0c01-4d1d-b0c9-6a63b2f7d538/element/d900ac68-d37a-4858-a915-bdeaa86e9a07/displayed&amp#27;[39m
&amp#27;[35m[HTTP]&amp#27;[39m &amp#27;[90m{}&amp#27;[39m
[debug] &amp#27;[35m[W3C (34394bf9)]&amp#27;[39m Calling AppiumDriver.elementDisplayed() with args: ["d900ac68-d37a-4858-a915-bdeaa86e9a07","34394bf9-0c01-4d1d-b0c9-6a63b2f7d538"]
[debug] &amp#27;[35m[WD Proxy]&amp#27;[39m Matched '/element/d900ac68-d37a-4858-a915-bdeaa86e9a07/attribute/displayed' to command name 'getAttribute'
[debug] &amp#27;[35m[WD Proxy]&amp#27;[39m Proxying [GET /element/d900ac68-d37a-4858-a915-bdeaa86e9a07/attribute/displayed] to [GET http://127.0.0.1:8216/wd/hub/session/bc4fa27b-1e85-4865-ac82-015b335267d9/element/d900ac68-d37a-4858-a915-bdeaa86e9a07/attribute/displayed] with no body
[debug] &amp#27;[35m[WD Proxy]&amp#27;[39m Got response with status 200: {"sessionId":"bc4fa27b-1e85-4865-ac82-015b335267d9","value":"true"}
[debug] &amp#27;[35m[W3C (34394bf9)]&amp#27;[39m Responding to client with driver.elementDisplayed() result: true
&amp#27;[35m[HTTP]&amp#27;[39m &amp#27;[37m<-- GET /wd/hub/session/34394bf9-0c01-4d1d-b0c9-6a63b2f7d538/element/d900ac68-d37a-4858-a915-bdeaa86e9a07/displayed &amp#27;[39m&amp#27;[32m200&amp#27;[39m &amp#27;[90m18 ms - 14&amp#27;[39m
&amp#27;[35m[HTTP]&amp#27;[39m &amp#27;[90m&amp#27;[39m
&amp#27;[35m[HTTP]&amp#27;[39m &amp#27;[37m-->&amp#27;[39m &amp#27;[37mPOST&amp#27;[39m &amp#27;[37m/wd/hub/session/34394bf9-0c01-4d1d-b0c9-6a63b2f7d538/timeouts&amp#27;[39m
&amp#27;[35m[HTTP]&amp#27;[39m &amp#27;[90m{"implicit":10000}&amp#27;[39m
[debug] &amp#27;[35m[W3C (34394bf9)]&amp#27;[39m Calling AppiumDriver.timeouts() with args: [null,null,null,null,10000,"34394bf9-0c01-4d1d-b0c9-6a63b2f7d538"]
[debug] &amp#27;[35m[BaseDriver]&amp#27;[39m W3C timeout argument: {"implicit":10000}}
[debug] &amp#27;[35m[BaseDriver]&amp#27;[39m Set implicit wait to 10000ms
[debug] &amp#27;[35m[W3C (34394bf9)]&amp#27;[39m Responding to client with driver.timeouts() result: null
&amp#27;[35m[HTTP]&amp#27;[39m &amp#27;[37m<-- POST /wd/hub/session/34394bf9-0c01-4d1d-b0c9-6a63b2f7d538/timeouts &amp#27;[39m&amp#27;[32m200&amp#27;[39m &amp#27;[90m2 ms - 14&amp#27;[39m
&amp#27;[35m[HTTP]&amp#27;[39m &amp#27;[90m&amp#27;[39m
[INFO ] 2021-06-18 15:58:19.088 [main] ViewsPage - Clicks The Edit
[INFO ] 2021-06-18 15:58:19.088 [main] ExplicitWait - Waiting for element to be clickable: Located by By.chained({By.xpath: //*[contains(@text,'Edit')]})
&amp#27;[35m[HTTP]&amp#27;[39m &amp#27;[37m-->&amp#27;[39m &amp#27;[37mPOST&amp#27;[39m &amp#27;[37m/wd/hub/session/34394bf9-0c01-4d1d-b0c9-6a63b2f7d538/timeouts&amp#27;[39m
&amp#27;[35m[HTTP]&amp#27;[39m &amp#27;[90m{"implicit":0}&amp#27;[39m
[debug] &amp#27;[35m[W3C (34394bf9)]&amp#27;[39m Calling AppiumDriver.timeouts() with args: [null,null,null,null,0,"34394bf9-0c01-4d1d-b0c9-6a63b2f7d538"]
[debug] &amp#27;[35m[BaseDriver]&amp#27;[39m W3C timeout argument: {"implicit":0}}
[debug] &amp#27;[35m[BaseDriver]&amp#27;[39m Set implicit wait to 0ms
[debug] &amp#27;[35m[W3C (34394bf9)]&amp#27;[39m Responding to client with driver.timeouts() result: null
&amp#27;[35m[HTTP]&amp#27;[39m &amp#27;[37m<-- POST /wd/hub/session/34394bf9-0c01-4d1d-b0c9-6a63b2f7d538/timeouts &amp#27;[39m&amp#27;[32m200&amp#27;[39m &amp#27;[90m2 ms - 14&amp#27;[39m
&amp#27;[35m[HTTP]&amp#27;[39m &amp#27;[90m&amp#27;[39m
&amp#27;[35m[HTTP]&amp#27;[39m &amp#27;[37m-->&amp#27;[39m &amp#27;[37mGET&amp#27;[39m &amp#27;[37m/wd/hub/session/34394bf9-0c01-4d1d-b0c9-6a63b2f7d538&amp#27;[39m
&amp#27;[35m[HTTP]&amp#27;[39m &amp#27;[90m{}&amp#27;[39m
[debug] &amp#27;[35m[W3C (34394bf9)]&amp#27;[39m Calling AppiumDriver.getSession() with args: ["34394bf9-0c01-4d1d-b0c9-6a63b2f7d538"]
[debug] &amp#27;[35m[UiAutomator2]&amp#27;[39m Getting session details from server to mix in
[debug] &amp#27;[35m[WD Proxy]&amp#27;[39m Matched '/' to command name 'getSession'
[debug] &amp#27;[35m[WD Proxy]&amp#27;[39m Proxying [GET /] to [GET http://127.0.0.1:8216/wd/hub/session/bc4fa27b-1e85-4865-ac82-015b335267d9] with no body
[debug] &amp#27;[35m[WD Proxy]&amp#27;[39m Got response with status 200: {"sessionId":"bc4fa27b-1e85-4865-ac82-015b335267d9","value":{"lastScrollData":null}}
[debug] &amp#27;[35m[W3C (34394bf9)]&amp#27;[39m Responding to client with driver.getSession() result: {"platform":"LINUX","webStorageEnabled":false,"takesScreenshot":true,"javascriptEnabled":true,"databaseEnabled":false,"networkConnectionEnabled":true,"locationContextEnabled":false,"warnings":{},"desired":{"platformName":"android","app":"C:\\Users\\Anis\\eclipse-workspace\\Appium\\src\\ApiDemos-debug.apk","deviceName":"Redmi","newCommandTimeout":14},"platformName":"android","app":"C:\\Users\\Anis\\eclipse-workspace\\Appium\\src\\ApiDemos-debug.apk","deviceName":"55272e729804","newCommandTimeout":14,"deviceUDID":"55272e729804","appPackage":"io.appium.android.apis","deviceApiLevel":24,"platformVersion":"7.0","deviceScreenSize":"1080x1920","deviceScreenDensity":480,"deviceModel":"Redmi Note 4","deviceManufacturer":"Xiaomi","pixelRatio":3,"statBarHeight":72,"viewportRect":{"left":0,"top":72,"width":1080,"height":1848},"lastScrollData":null}
&amp#27;[35m[HTTP]&amp#27;[39m &amp#27;[37m<-- GET /wd/hub/session/34394bf9-0c01-4d1d-b0c9-6a63b2f7d538 &amp#27;[39m&amp#27;[32m200&amp#27;[39m &amp#27;[90m16 ms - 858&amp#27;[39m
&amp#27;[35m[HTTP]&amp#27;[39m &amp#27;[90m&amp#27;[39m
&amp#27;[35m[HTTP]&amp#27;[39m &amp#27;[37m-->&amp#27;[39m &amp#27;[37mPOST&amp#27;[39m &amp#27;[37m/wd/hub/session/34394bf9-0c01-4d1d-b0c9-6a63b2f7d538/element&amp#27;[39m
&amp#27;[35m[HTTP]&amp#27;[39m &amp#27;[90m{"using":"xpath","value":"//*[contains(@text,'Edit')]"}&amp#27;[39m
[debug] &amp#27;[35m[W3C (34394bf9)]&amp#27;[39m Calling AppiumDriver.findElement() with args: ["xpath","//*[contains(@text,'Edit')]","34394bf9-0c01-4d1d-b0c9-6a63b2f7d538"]
[debug] &amp#27;[35m[BaseDriver]&amp#27;[39m Valid locator strategies for this request: xpath, id, class name, accessibility id, css selector, -android uiautomator
[debug] &amp#27;[35m[BaseDriver]&amp#27;[39m Waiting up to 0 ms for condition
[debug] &amp#27;[35m[WD Proxy]&amp#27;[39m Matched '/element' to command name 'findElement'
[debug] &amp#27;[35m[WD Proxy]&amp#27;[39m Proxying [POST /element] to [POST http://127.0.0.1:8216/wd/hub/session/bc4fa27b-1e85-4865-ac82-015b335267d9/element] with body: {"strategy":"xpath","selector":"//*[contains(@text,'Edit')]","context":"","multiple":false}
[debug] &amp#27;[35m[WD Proxy]&amp#27;[39m Got response with status 200: {"sessionId":"bc4fa27b-1e85-4865-ac82-015b335267d9","value":{"ELEMENT":"4906dd7b-e951-4595-a19d-2ed105303fad","element-6066-11e4-a52e-4f735466cecf":"4906dd7b-e951-4595-a19d-2ed105303fad"}}
[debug] &amp#27;[35m[W3C (34394bf9)]&amp#27;[39m Responding to client with driver.findElement() result: {"element-6066-11e4-a52e-4f735466cecf":"4906dd7b-e951-4595-a19d-2ed105303fad","ELEMENT":"4906dd7b-e951-4595-a19d-2ed105303fad"}
&amp#27;[35m[HTTP]&amp#27;[39m &amp#27;[37m<-- POST /wd/hub/session/34394bf9-0c01-4d1d-b0c9-6a63b2f7d538/element &amp#27;[39m&amp#27;[32m200&amp#27;[39m &amp#27;[90m65 ms - 137&amp#27;[39m
&amp#27;[35m[HTTP]&amp#27;[39m &amp#27;[90m&amp#27;[39m
&amp#27;[35m[HTTP]&amp#27;[39m &amp#27;[37m-->&amp#27;[39m &amp#27;[37mGET&amp#27;[39m &amp#27;[37m/wd/hub/session/34394bf9-0c01-4d1d-b0c9-6a63b2f7d538/element/4906dd7b-e951-4595-a19d-2ed105303fad/displayed&amp#27;[39m
&amp#27;[35m[HTTP]&amp#27;[39m &amp#27;[90m{}&amp#27;[39m
[debug] &amp#27;[35m[W3C (34394bf9)]&amp#27;[39m Calling AppiumDriver.elementDisplayed() with args: ["4906dd7b-e951-4595-a19d-2ed105303fad","34394bf9-0c01-4d1d-b0c9-6a63b2f7d538"]
[debug] &amp#27;[35m[WD Proxy]&amp#27;[39m Matched '/element/4906dd7b-e951-4595-a19d-2ed105303fad/attribute/displayed' to command name 'getAttribute'
[debug] &amp#27;[35m[WD Proxy]&amp#27;[39m Proxying [GET /element/4906dd7b-e951-4595-a19d-2ed105303fad/attribute/displayed] to [GET http://127.0.0.1:8216/wd/hub/session/bc4fa27b-1e85-4865-ac82-015b335267d9/element/4906dd7b-e951-4595-a19d-2ed105303fad/attribute/displayed] with no body
[debug] &amp#27;[35m[WD Proxy]&amp#27;[39m Got response with status 200: {"sessionId":"bc4fa27b-1e85-4865-ac82-015b335267d9","value":"true"}
[debug] &amp#27;[35m[W3C (34394bf9)]&amp#27;[39m Responding to client with driver.elementDisplayed() result: true
&amp#27;[35m[HTTP]&amp#27;[39m &amp#27;[37m<-- GET /wd/hub/session/34394bf9-0c01-4d1d-b0c9-6a63b2f7d538/element/4906dd7b-e951-4595-a19d-2ed105303fad/displayed &amp#27;[39m&amp#27;[32m200&amp#27;[39m &amp#27;[90m17 ms - 14&amp#27;[39m
&amp#27;[35m[HTTP]&amp#27;[39m &amp#27;[90m&amp#27;[39m
&amp#27;[35m[HTTP]&amp#27;[39m &amp#27;[37m-->&amp#27;[39m &amp#27;[37mGET&amp#27;[39m &amp#27;[37m/wd/hub/session/34394bf9-0c01-4d1d-b0c9-6a63b2f7d538&amp#27;[39m
&amp#27;[35m[HTTP]&amp#27;[39m &amp#27;[90m{}&amp#27;[39m
[debug] &amp#27;[35m[W3C (34394bf9)]&amp#27;[39m Calling AppiumDriver.getSession() with args: ["34394bf9-0c01-4d1d-b0c9-6a63b2f7d538"]
[debug] &amp#27;[35m[UiAutomator2]&amp#27;[39m Getting session details from server to mix in
[debug] &amp#27;[35m[WD Proxy]&amp#27;[39m Matched '/' to command name 'getSession'
[debug] &amp#27;[35m[WD Proxy]&amp#27;[39m Proxying [GET /] to [GET http://127.0.0.1:8216/wd/hub/session/bc4fa27b-1e85-4865-ac82-015b335267d9] with no body
[debug] &amp#27;[35m[WD Proxy]&amp#27;[39m Got response with status 200: {"sessionId":"bc4fa27b-1e85-4865-ac82-015b335267d9","value":{"lastScrollData":null}}
[debug] &amp#27;[35m[W3C (34394bf9)]&amp#27;[39m Responding to client with driver.getSession() result: {"platform":"LINUX","webStorageEnabled":false,"takesScreenshot":true,"javascriptEnabled":true,"databaseEnabled":false,"networkConnectionEnabled":true,"locationContextEnabled":false,"warnings":{},"desired":{"platformName":"android","app":"C:\\Users\\Anis\\eclipse-workspace\\Appium\\src\\ApiDemos-debug.apk","deviceName":"Redmi","newCommandTimeout":14},"platformName":"android","app":"C:\\Users\\Anis\\eclipse-workspace\\Appium\\src\\ApiDemos-debug.apk","deviceName":"55272e729804","newCommandTimeout":14,"deviceUDID":"55272e729804","appPackage":"io.appium.android.apis","deviceApiLevel":24,"platformVersion":"7.0","deviceScreenSize":"1080x1920","deviceScreenDensity":480,"deviceModel":"Redmi Note 4","deviceManufacturer":"Xiaomi","pixelRatio":3,"statBarHeight":72,"viewportRect":{"left":0,"top":72,"width":1080,"height":1848},"lastScrollData":null}
&amp#27;[35m[HTTP]&amp#27;[39m &amp#27;[37m<-- GET /wd/hub/session/34394bf9-0c01-4d1d-b0c9-6a63b2f7d538 &amp#27;[39m&amp#27;[32m200&amp#27;[39m &amp#27;[90m11 ms - 858&amp#27;[39m
&amp#27;[35m[HTTP]&amp#27;[39m &amp#27;[90m&amp#27;[39m
&amp#27;[35m[HTTP]&amp#27;[39m &amp#27;[37m-->&amp#27;[39m &amp#27;[37mPOST&amp#27;[39m &amp#27;[37m/wd/hub/session/34394bf9-0c01-4d1d-b0c9-6a63b2f7d538/element&amp#27;[39m
&amp#27;[35m[HTTP]&amp#27;[39m &amp#27;[90m{"using":"xpath","value":"//*[contains(@text,'Edit')]"}&amp#27;[39m
[debug] &amp#27;[35m[W3C (34394bf9)]&amp#27;[39m Calling AppiumDriver.findElement() with args: ["xpath","//*[contains(@text,'Edit')]","34394bf9-0c01-4d1d-b0c9-6a63b2f7d538"]
[debug] &amp#27;[35m[BaseDriver]&amp#27;[39m Valid locator strategies for this request: xpath, id, class name, accessibility id, css selector, -android uiautomator
[debug] &amp#27;[35m[BaseDriver]&amp#27;[39m Waiting up to 0 ms for condition
[debug] &amp#27;[35m[WD Proxy]&amp#27;[39m Matched '/element' to command name 'findElement'
[debug] &amp#27;[35m[WD Proxy]&amp#27;[39m Proxying [POST /element] to [POST http://127.0.0.1:8216/wd/hub/session/bc4fa27b-1e85-4865-ac82-015b335267d9/element] with body: {"strategy":"xpath","selector":"//*[contains(@text,'Edit')]","context":"","multiple":false}
[debug] &amp#27;[35m[WD Proxy]&amp#27;[39m Got response with status 200: {"sessionId":"bc4fa27b-1e85-4865-ac82-015b335267d9","value":{"ELEMENT":"5c2be543-084f-4b0d-bacb-a39f1a25de77","element-6066-11e4-a52e-4f735466cecf":"5c2be543-084f-4b0d-bacb-a39f1a25de77"}}
[debug] &amp#27;[35m[W3C (34394bf9)]&amp#27;[39m Responding to client with driver.findElement() result: {"element-6066-11e4-a52e-4f735466cecf":"5c2be543-084f-4b0d-bacb-a39f1a25de77","ELEMENT":"5c2be543-084f-4b0d-bacb-a39f1a25de77"}
&amp#27;[35m[HTTP]&amp#27;[39m &amp#27;[37m<-- POST /wd/hub/session/34394bf9-0c01-4d1d-b0c9-6a63b2f7d538/element &amp#27;[39m&amp#27;[32m200&amp#27;[39m &amp#27;[90m58 ms - 137&amp#27;[39m
&amp#27;[35m[HTTP]&amp#27;[39m &amp#27;[90m&amp#27;[39m
&amp#27;[35m[HTTP]&amp#27;[39m &amp#27;[37m-->&amp#27;[39m &amp#27;[37mGET&amp#27;[39m &amp#27;[37m/wd/hub/session/34394bf9-0c01-4d1d-b0c9-6a63b2f7d538/element/5c2be543-084f-4b0d-bacb-a39f1a25de77/enabled&amp#27;[39m
&amp#27;[35m[HTTP]&amp#27;[39m &amp#27;[90m{}&amp#27;[39m
[debug] &amp#27;[35m[W3C (34394bf9)]&amp#27;[39m Calling AppiumDriver.elementEnabled() with args: ["5c2be543-084f-4b0d-bacb-a39f1a25de77","34394bf9-0c01-4d1d-b0c9-6a63b2f7d538"]
[debug] &amp#27;[35m[WD Proxy]&amp#27;[39m Matched '/element/5c2be543-084f-4b0d-bacb-a39f1a25de77/attribute/enabled' to command name 'getAttribute'
[debug] &amp#27;[35m[WD Proxy]&amp#27;[39m Proxying [GET /element/5c2be543-084f-4b0d-bacb-a39f1a25de77/attribute/enabled] to [GET http://127.0.0.1:8216/wd/hub/session/bc4fa27b-1e85-4865-ac82-015b335267d9/element/5c2be543-084f-4b0d-bacb-a39f1a25de77/attribute/enabled] with no body
[debug] &amp#27;[35m[WD Proxy]&amp#27;[39m Got response with status 200: {"sessionId":"bc4fa27b-1e85-4865-ac82-015b335267d9","value":"true"}
[debug] &amp#27;[35m[W3C (34394bf9)]&amp#27;[39m Responding to client with driver.elementEnabled() result: true
&amp#27;[35m[HTTP]&amp#27;[39m &amp#27;[37m<-- GET /wd/hub/session/34394bf9-0c01-4d1d-b0c9-6a63b2f7d538/element/5c2be543-084f-4b0d-bacb-a39f1a25de77/enabled &amp#27;[39m&amp#27;[32m200&amp#27;[39m &amp#27;[90m16 ms - 14&amp#27;[39m
&amp#27;[35m[HTTP]&amp#27;[39m &amp#27;[90m&amp#27;[39m
&amp#27;[35m[HTTP]&amp#27;[39m &amp#27;[37m-->&amp#27;[39m &amp#27;[37mPOST&amp#27;[39m &amp#27;[37m/wd/hub/session/34394bf9-0c01-4d1d-b0c9-6a63b2f7d538/timeouts&amp#27;[39m
&amp#27;[35m[HTTP]&amp#27;[39m &amp#27;[90m{"implicit":10000}&amp#27;[39m
[debug] &amp#27;[35m[W3C (34394bf9)]&amp#27;[39m Calling AppiumDriver.timeouts() with args: [null,null,null,null,10000,"34394bf9-0c01-4d1d-b0c9-6a63b2f7d538"]
[debug] &amp#27;[35m[BaseDriver]&amp#27;[39m W3C timeout argument: {"implicit":10000}}
[debug] &amp#27;[35m[BaseDriver]&amp#27;[39m Set implicit wait to 10000ms
[debug] &amp#27;[35m[W3C (34394bf9)]&amp#27;[39m Responding to client with driver.timeouts() result: null
&amp#27;[35m[HTTP]&amp#27;[39m &amp#27;[37m<-- POST /wd/hub/session/34394bf9-0c01-4d1d-b0c9-6a63b2f7d538/timeouts &amp#27;[39m&amp#27;[32m200&amp#27;[39m &amp#27;[90m2 ms - 14&amp#27;[39m
&amp#27;[35m[HTTP]&amp#27;[39m &amp#27;[90m&amp#27;[39m
&amp#27;[35m[HTTP]&amp#27;[39m &amp#27;[37m-->&amp#27;[39m &amp#27;[37mGET&amp#27;[39m &amp#27;[37m/wd/hub/session/34394bf9-0c01-4d1d-b0c9-6a63b2f7d538&amp#27;[39m
&amp#27;[35m[HTTP]&amp#27;[39m &amp#27;[90m{}&amp#27;[39m
[debug] &amp#27;[35m[W3C (34394bf9)]&amp#27;[39m Calling AppiumDriver.getSession() with args: ["34394bf9-0c01-4d1d-b0c9-6a63b2f7d538"]
[debug] &amp#27;[35m[UiAutomator2]&amp#27;[39m Getting session details from server to mix in
[debug] &amp#27;[35m[WD Proxy]&amp#27;[39m Matched '/' to command name 'getSession'
[debug] &amp#27;[35m[WD Proxy]&amp#27;[39m Proxying [GET /] to [GET http://127.0.0.1:8216/wd/hub/session/bc4fa27b-1e85-4865-ac82-015b335267d9] with no body
[debug] &amp#27;[35m[WD Proxy]&amp#27;[39m Got response with status 200: {"sessionId":"bc4fa27b-1e85-4865-ac82-015b335267d9","value":{"lastScrollData":null}}
[debug] &amp#27;[35m[W3C (34394bf9)]&amp#27;[39m Responding to client with driver.getSession() result: {"platform":"LINUX","webStorageEnabled":false,"takesScreenshot":true,"javascriptEnabled":true,"databaseEnabled":false,"networkConnectionEnabled":true,"locationContextEnabled":false,"warnings":{},"desired":{"platformName":"android","app":"C:\\Users\\Anis\\eclipse-workspace\\Appium\\src\\ApiDemos-debug.apk","deviceName":"Redmi","newCommandTimeout":14},"platformName":"android","app":"C:\\Users\\Anis\\eclipse-workspace\\Appium\\src\\ApiDemos-debug.apk","deviceName":"55272e729804","newCommandTimeout":14,"deviceUDID":"55272e729804","appPackage":"io.appium.android.apis","deviceApiLevel":24,"platformVersion":"7.0","deviceScreenSize":"1080x1920","deviceScreenDensity":480,"deviceModel":"Redmi Note 4","deviceManufacturer":"Xiaomi","pixelRatio":3,"statBarHeight":72,"viewportRect":{"left":0,"top":72,"width":1080,"height":1848},"lastScrollData":null}
&amp#27;[35m[HTTP]&amp#27;[39m &amp#27;[37m<-- GET /wd/hub/session/34394bf9-0c01-4d1d-b0c9-6a63b2f7d538 &amp#27;[39m&amp#27;[32m200&amp#27;[39m &amp#27;[90m13 ms - 858&amp#27;[39m
&amp#27;[35m[HTTP]&amp#27;[39m &amp#27;[90m&amp#27;[39m
&amp#27;[35m[HTTP]&amp#27;[39m &amp#27;[37m-->&amp#27;[39m &amp#27;[37mPOST&amp#27;[39m &amp#27;[37m/wd/hub/session/34394bf9-0c01-4d1d-b0c9-6a63b2f7d538/element&amp#27;[39m
&amp#27;[35m[HTTP]&amp#27;[39m &amp#27;[90m{"using":"xpath","value":"//*[contains(@text,'Edit')]"}&amp#27;[39m
[debug] &amp#27;[35m[W3C (34394bf9)]&amp#27;[39m Calling AppiumDriver.findElement() with args: ["xpath","//*[contains(@text,'Edit')]","34394bf9-0c01-4d1d-b0c9-6a63b2f7d538"]
[debug] &amp#27;[35m[BaseDriver]&amp#27;[39m Valid locator strategies for this request: xpath, id, class name, accessibility id, css selector, -android uiautomator
[debug] &amp#27;[35m[BaseDriver]&amp#27;[39m Waiting up to 10000 ms for condition
[debug] &amp#27;[35m[WD Proxy]&amp#27;[39m Matched '/element' to command name 'findElement'
[debug] &amp#27;[35m[WD Proxy]&amp#27;[39m Proxying [POST /element] to [POST http://127.0.0.1:8216/wd/hub/session/bc4fa27b-1e85-4865-ac82-015b335267d9/element] with body: {"strategy":"xpath","selector":"//*[contains(@text,'Edit')]","context":"","multiple":false}
[debug] &amp#27;[35m[WD Proxy]&amp#27;[39m Got response with status 200: {"sessionId":"bc4fa27b-1e85-4865-ac82-015b335267d9","value":{"ELEMENT":"0096a059-898f-4f85-a264-efdaaa118c5a","element-6066-11e4-a52e-4f735466cecf":"0096a059-898f-4f85-a264-efdaaa118c5a"}}
[debug] &amp#27;[35m[W3C (34394bf9)]&amp#27;[39m Responding to client with driver.findElement() result: {"element-6066-11e4-a52e-4f735466cecf":"0096a059-898f-4f85-a264-efdaaa118c5a","ELEMENT":"0096a059-898f-4f85-a264-efdaaa118c5a"}
&amp#27;[35m[HTTP]&amp#27;[39m &amp#27;[37m<-- POST /wd/hub/session/34394bf9-0c01-4d1d-b0c9-6a63b2f7d538/element &amp#27;[39m&amp#27;[32m200&amp#27;[39m &amp#27;[90m71 ms - 137&amp#27;[39m
&amp#27;[35m[HTTP]&amp#27;[39m &amp#27;[90m&amp#27;[39m
&amp#27;[35m[HTTP]&amp#27;[39m &amp#27;[37m-->&amp#27;[39m &amp#27;[37mPOST&amp#27;[39m &amp#27;[37m/wd/hub/session/34394bf9-0c01-4d1d-b0c9-6a63b2f7d538/element/0096a059-898f-4f85-a264-efdaaa118c5a/click&amp#27;[39m
&amp#27;[35m[HTTP]&amp#27;[39m &amp#27;[90m{"id":"0096a059-898f-4f85-a264-efdaaa118c5a"}&amp#27;[39m
[debug] &amp#27;[35m[W3C (34394bf9)]&amp#27;[39m Calling AppiumDriver.click() with args: ["0096a059-898f-4f85-a264-efdaaa118c5a","34394bf9-0c01-4d1d-b0c9-6a63b2f7d538"]
[debug] &amp#27;[35m[WD Proxy]&amp#27;[39m Matched '/element/0096a059-898f-4f85-a264-efdaaa118c5a/click' to command name 'click'
[debug] &amp#27;[35m[WD Proxy]&amp#27;[39m Proxying [POST /element/0096a059-898f-4f85-a264-efdaaa118c5a/click] to [POST http://127.0.0.1:8216/wd/hub/session/bc4fa27b-1e85-4865-ac82-015b335267d9/element/0096a059-898f-4f85-a264-efdaaa118c5a/click] with body: {"element":"0096a059-898f-4f85-a264-efdaaa118c5a"}
[debug] &amp#27;[35m[WD Proxy]&amp#27;[39m Got response with status 200: {"sessionId":"bc4fa27b-1e85-4865-ac82-015b335267d9","value":null}
[debug] &amp#27;[35m[W3C (34394bf9)]&amp#27;[39m Responding to client with driver.click() result: null
&amp#27;[35m[HTTP]&amp#27;[39m &amp#27;[37m<-- POST /wd/hub/session/34394bf9-0c01-4d1d-b0c9-6a63b2f7d538/element/00[INFO ] 2021-06-18 15:58:20.870 [main] ExplicitWait - Waiting for element to be visible: Located by By.chained({By.xpath: //*[contains(@text,'Share')]})
96a059-898f-4f85-a264-efdaaa118c5a/click &amp#27;[39m&amp#27;[32m200&amp#27;[39m &amp#27;[90m1426 ms - 14&amp#27;[39m
&amp#27;[35m[HTTP]&amp#27;[39m &amp#27;[90m&amp#27;[39m
[INFO ] 2021-06-18 15:58:20.870 [main] ExplicitWait - Waiting for element to be visible: Located by By.chained({By.xpath: //*[contains(@text,'Share')]})
&amp#27;[35m[HTTP]&amp#27;[39m &amp#27;[37m-->&amp#27;[39m &amp#27;[37mPOST&amp#27;[39m &amp#27;[37m/wd/hub/session/34394bf9-0c01-4d1d-b0c9-6a63b2f7d538/timeouts&amp#27;[39m
&amp#27;[35m[HTTP]&amp#27;[39m &amp#27;[90m{"implicit":0}&amp#27;[39m
[debug] &amp#27;[35m[W3C (34394bf9)]&amp#27;[39m Calling AppiumDriver.timeouts() with args: [null,null,null,null,0,"34394bf9-0c01-4d1d-b0c9-6a63b2f7d538"]
[debug] &amp#27;[35m[BaseDriver]&amp#27;[39m W3C timeout argument: {"implicit":0}}
[debug] &amp#27;[35m[BaseDriver]&amp#27;[39m Set implicit wait to 0ms
[debug] &amp#27;[35m[W3C (34394bf9)]&amp#27;[39m Responding to client with driver.timeouts() result: null
&amp#27;[35m[HTTP]&amp#27;[39m &amp#27;[37m<-- POST /wd/hub/session/34394bf9-0c01-4d1d-b0c9-6a63b2f7d538/timeouts &amp#27;[39m&amp#27;[32m200&amp#27;[39m &amp#27;[90m2 ms - 14&amp#27;[39m
&amp#27;[35m[HTTP]&amp#27;[39m &amp#27;[90m&amp#27;[39m
&amp#27;[35m[HTTP]&amp#27;[39m &amp#27;[37m-->&amp#27;[39m &amp#27;[37mGET&amp#27;[39m &amp#27;[37m/wd/hub/session/34394bf9-0c01-4d1d-b0c9-6a63b2f7d538&amp#27;[39m
&amp#27;[35m[HTTP]&amp#27;[39m &amp#27;[90m{}&amp#27;[39m
[debug] &amp#27;[35m[W3C (34394bf9)]&amp#27;[39m Calling AppiumDriver.getSession() with args: ["34394bf9-0c01-4d1d-b0c9-6a63b2f7d538"]
[debug] &amp#27;[35m[UiAutomator2]&amp#27;[39m Getting session details from server to mix in
[debug] &amp#27;[35m[WD Proxy]&amp#27;[39m Matched '/' to command name 'getSession'
[debug] &amp#27;[35m[WD Proxy]&amp#27;[39m Proxying [GET /] to [GET http://127.0.0.1:8216/wd/hub/session/bc4fa27b-1e85-4865-ac82-015b335267d9] with no body
[debug] &amp#27;[35m[WD Proxy]&amp#27;[39m Got response with status 200: {"sessionId":"bc4fa27b-1e85-4865-ac82-015b335267d9","value":{"lastScrollData":null}}
[debug] &amp#27;[35m[W3C (34394bf9)]&amp#27;[39m Responding to client with driver.getSession() result: {"platform":"LINUX","webStorageEnabled":false,"takesScreenshot":true,"javascriptEnabled":true,"databaseEnabled":false,"networkConnectionEnabled":true,"locationContextEnabled":false,"warnings":{},"desired":{"platformName":"android","app":"C:\\Users\\Anis\\eclipse-workspace\\Appium\\src\\ApiDemos-debug.apk","deviceName":"Redmi","newCommandTimeout":14},"platformName":"android","app":"C:\\Users\\Anis\\eclipse-workspace\\Appium\\src\\ApiDemos-debug.apk","deviceName":"55272e729804","newCommandTimeout":14,"deviceUDID":"55272e729804","appPackage":"io.appium.android.apis","deviceApiLevel":24,"platformVersion":"7.0","deviceScreenSize":"1080x1920","deviceScreenDensity":480,"deviceModel":"Redmi Note 4","deviceManufacturer":"Xiaomi","pixelRatio":3,"statBarHeight":72,"viewportRect":{"left":0,"top":72,"width":1080,"height":1848},"lastScrollData":null}
&amp#27;[35m[HTTP]&amp#27;[39m &amp#27;[37m<-- GET /wd/hub/session/34394bf9-0c01-4d1d-b0c9-6a63b2f7d538 &amp#27;[39m&amp#27;[32m200&amp#27;[39m &amp#27;[90m16 ms - 858&amp#27;[39m
&amp#27;[35m[HTTP]&amp#27;[39m &amp#27;[90m&amp#27;[39m
&amp#27;[35m[HTTP]&amp#27;[39m &amp#27;[37m-->&amp#27;[39m &amp#27;[37mPOST&amp#27;[39m &amp#27;[37m/wd/hub/session/34394bf9-0c01-4d1d-b0c9-6a63b2f7d538/element&amp#27;[39m
&amp#27;[35m[HTTP]&amp#27;[39m &amp#27;[90m{"using":"xpath","value":"//*[contains(@text,'Share')]"}&amp#27;[39m
[debug] &amp#27;[35m[W3C (34394bf9)]&amp#27;[39m Calling AppiumDriver.findElement() with args: ["xpath","//*[contains(@text,'Share')]","34394bf9-0c01-4d1d-b0c9-6a63b2f7d538"]
[debug] &amp#27;[35m[BaseDriver]&amp#27;[39m Valid locator strategies for this request: xpath, id, class name, accessibility id, css selector, -android uiautomator
[debug] &amp#27;[35m[BaseDriver]&amp#27;[39m Waiting up to 0 ms for condition
[debug] &amp#27;[35m[WD Proxy]&amp#27;[39m Matched '/element' to command name 'findElement'
[debug] &amp#27;[35m[WD Proxy]&amp#27;[39m Proxying [POST /element] to [POST http://127.0.0.1:8216/wd/hub/session/bc4fa27b-1e85-4865-ac82-015b335267d9/element] with body: {"strategy":"xpath","selector":"//*[contains(@text,'Share')]","context":"","multiple":false}
[debug] &amp#27;[35m[WD Proxy]&amp#27;[39m Got response with status 200: {"sessionId":"bc4fa27b-1e85-4865-ac82-015b335267d9","value":{"ELEMENT":"9ca00591-3f6b-414b-9a54-c7077ace835d","element-6066-11e4-a52e-4f735466cecf":"9ca00591-3f6b-414b-9a54-c7077ace835d"}}
[debug] &amp#27;[35m[W3C (34394bf9)]&amp#27;[39m Responding to client with driver.findElement() result: {"element-6066-11e4-a52e-4f735466cecf":"9ca00591-3f6b-414b-9a54-c7077ace835d","ELEMENT":"9ca00591-3f6b-414b-9a54-c7077ace835d"}
&amp#27;[35m[HTTP]&amp#27;[39m &amp#27;[37m<-- POST /wd/hub/session/34394bf9-0c01-4d1d-b0c9-6a63b2f7d538/element &amp#27;[39m&amp#27;[32m200&amp#27;[39m &amp#27;[90m47 ms - 137&amp#27;[39m
&amp#27;[35m[HTTP]&amp#27;[39m &amp#27;[90m&amp#27;[39m
&amp#27;[35m[HTTP]&amp#27;[39m &amp#27;[37m-->&amp#27;[39m &amp#27;[37mGET&amp#27;[39m &amp#27;[37m/wd/hub/session/34394bf9-0c01-4d1d-b0c9-6a63b2f7d538/element/9ca00591-3f6b-414b-9a54-c7077ace835d/displayed&amp#27;[39m
&amp#27;[35m[HTTP]&amp#27;[39m &amp#27;[90m{}&amp#27;[39m
[debug] &amp#27;[35m[W3C (34394bf9)]&amp#27;[39m Calling AppiumDriver.elementDisplayed() with args: ["9ca00591-3f6b-414b-9a54-c7077ace835d","34394bf9-0c01-4d1d-b0c9-6a63b2f7d538"]
[debug] &amp#27;[35m[WD Proxy]&amp#27;[39m Matched '/element/9ca00591-3f6b-414b-9a54-c7077ace835d/attribute/displayed' to command name 'getAttribute'
[debug] &amp#27;[35m[WD Proxy]&amp#27;[39m Proxying [GET /element/9ca00591-3f6b-414b-9a54-c7077ace835d/attribute/displayed] to [GET http://127.0.0.1:8216/wd/hub/session/bc4fa27b-1e85-4865-ac82-015b335267d9/element/9ca00591-3f6b-414b-9a54-c7077ace835d/attribute/displayed] with no body
[debug] &amp#27;[35m[WD Proxy]&amp#27;[39m Got response with status 200: {"sessionId":"bc4fa27b-1e85-4865-ac82-015b335267d9","value":"true"}
[debug] &amp#27;[35m[W3C (34394bf9)]&amp#27;[39m Responding to client with driver.elementDisplayed() result: true
&amp#27;[35m[HTTP]&amp#27;[39m &amp#27;[37m<-- GET /wd/hub/session/34394bf9-0c01-4d1d-b0c9-6a63b2f7d538/element/9ca00591-3f6b-414b-9a54-c7077ace835d/displayed &amp#27;[39m&amp#27;[32m200&amp#27;[39m &amp#27;[90m15 ms - 14&amp#27;[39m
&amp#27;[35m[HTTP]&amp#27;[39m &amp#27;[90m&amp#27;[39m
&amp#27;[35m[HTTP]&amp#27;[39m &amp#27;[37m-->&amp#27;[39m &amp#27;[37mPOST&amp#27;[39m &amp#27;[37m/wd/hub/session/34394bf9-0c01-4d1d-b0c9-6a63b2f7d538/timeouts&amp#27;[39m
&amp#27;[35m[HTTP]&amp#27;[39m &amp#27;[90m{"implicit":10000}&amp#27;[39m
[debug] &amp#27;[35m[W3C (34394bf9)]&amp#27;[39m Calling AppiumDriver.timeouts() with args: [null,null,null,null,10000,"34394bf9-0c01-4d1d-b0c9-6a63b2f7d538"]
[debug] &amp#27;[35m[BaseDriver]&amp#27;[39m W3C timeout argument: {"implicit":10000}}
[debug] &amp#27;[35m[BaseDriver]&amp#27;[39m Set implicit wait to 10000ms
[debug] &amp#27;[35m[W3C (34394bf9)]&amp#27;[39m Responding to client with driver.timeouts() result: null
&amp#27;[35m[HTTP]&amp#27;[39m &amp#27;[37m<-- POST /wd/hub/session/34394bf9-0c01-4d1d-b0c9-6a63b2f7d538/timeouts &amp#27;[39m&amp#27;[32m200&amp#27;[INFO ] 2021-06-18 15:58:20.996 [main] ViewsPage - Clicks The Share
[39m &amp#27;[90m2 ms - 14&amp#27;[39m
&amp#27;[35m[HTTP]&amp#27;[39m &amp#27;[90m&amp#27;[39m
[INFO ] 2021-06-18 15:58:20.997 [main] ExplicitWait - Waiting for element to be clickable: Located by By.chained({By.xpath: //*[contains(@text,'Share')]})
&amp#27;[35m[HTTP]&amp#27;[39m &amp#27;[37m-->&amp#27;[39m &amp#27;[37mPOST&amp#27;[39m &amp#27;[37m/wd/hub/session/34394bf9-0c01-4d1d-b0c9-6a63b2f7d538/timeouts&amp#27;[39m
&amp#27;[35m[HTTP]&amp#27;[39m &amp#27;[90m{"implicit":0}&amp#27;[39m
[debug] &amp#27;[35m[W3C (34394bf9)]&amp#27;[39m Calling AppiumDriver.timeouts() with args: [null,null,null,null,0,"34394bf9-0c01-4d1d-b0c9-6a63b2f7d538"]
[debug] &amp#27;[35m[BaseDriver]&amp#27;[39m W3C timeout argument: {"implicit":0}}
[debug] &amp#27;[35m[BaseDriver]&amp#27;[39m Set implicit wait to 0ms
[debug] &amp#27;[35m[W3C (34394bf9)]&amp#27;[39m Responding to client with driver.timeouts() result: null
&amp#27;[35m[HTTP]&amp#27;[39m &amp#27;[37m<-- POST /wd/hub/session/34394bf9-0c01-4d1d-b0c9-6a63b2f7d538/timeouts &amp#27;[39m&amp#27;[32m200&amp#27;[39m &amp#27;[90m2 ms - 14&amp#27;[39m
&amp#27;[35m[HTTP]&amp#27;[39m &amp#27;[90m&amp#27;[39m
&amp#27;[35m[HTTP]&amp#27;[39m &amp#27;[37m-->&amp#27;[39m &amp#27;[37mGET&amp#27;[39m &amp#27;[37m/wd/hub/session/34394bf9-0c01-4d1d-b0c9-6a63b2f7d538&amp#27;[39m
&amp#27;[35m[HTTP]&amp#27;[39m &amp#27;[90m{}&amp#27;[39m
[debug] &amp#27;[35m[W3C (34394bf9)]&amp#27;[39m Calling AppiumDriver.getSession() with args: ["34394bf9-0c01-4d1d-b0c9-6a63b2f7d538"]
[debug] &amp#27;[35m[UiAutomator2]&amp#27;[39m Getting session details from server to mix in
[debug] &amp#27;[35m[WD Proxy]&amp#27;[39m Matched '/' to command name 'getSession'
[debug] &amp#27;[35m[WD Proxy]&amp#27;[39m Proxying [GET /] to [GET http://127.0.0.1:8216/wd/hub/session/bc4fa27b-1e85-4865-ac82-015b335267d9] with no body
[debug] &amp#27;[35m[WD Proxy]&amp#27;[39m Got response with status 200: {"sessionId":"bc4fa27b-1e85-4865-ac82-015b335267d9","value":{"lastScrollData":null}}
[debug] &amp#27;[35m[W3C (34394bf9)]&amp#27;[39m Responding to client with driver.getSession() result: {"platform":"LINUX","webStorageEnabled":false,"takesScreenshot":true,"javascriptEnabled":true,"databaseEnabled":false,"networkConnectionEnabled":true,"locationContextEnabled":false,"warnings":{},"desired":{"platformName":"android","app":"C:\\Users\\Anis\\eclipse-workspace\\Appium\\src\\ApiDemos-debug.apk","deviceName":"Redmi","newCommandTimeout":14},"platformName":"android","app":"C:\\Users\\Anis\\eclipse-workspace\\Appium\\src\\ApiDemos-debug.apk","deviceName":"55272e729804","newCommandTimeout":14,"deviceUDID":"55272e729804","appPackage":"io.appium.android.apis","deviceApiLevel":24,"platformVersion":"7.0","deviceScreenSize":"1080x1920","deviceScreenDensity":480,"deviceModel":"Redmi Note 4","deviceManufacturer":"Xiaomi","pixelRatio":3,"statBarHeight":72,"viewportRect":{"left":0,"top":72,"width":1080,"height":1848},"lastScrollData":null}
&amp#27;[35m[HTTP]&amp#27;[39m &amp#27;[37m<-- GET /wd/hub/session/34394bf9-0c01-4d1d-b0c9-6a63b2f7d538 &amp#27;[39m&amp#27;[32m200&amp#27;[39m &amp#27;[90m15 ms - 858&amp#27;[39m
&amp#27;[35m[HTTP]&amp#27;[39m &amp#27;[90m&amp#27;[39m
&amp#27;[35m[HTTP]&amp#27;[39m &amp#27;[37m-->&amp#27;[39m &amp#27;[37mPOST&amp#27;[39m &amp#27;[37m/wd/hub/session/34394bf9-0c01-4d1d-b0c9-6a63b2f7d538/element&amp#27;[39m
&amp#27;[35m[HTTP]&amp#27;[39m &amp#27;[90m{"using":"xpath","value":"//*[contains(@text,'Share')]"}&amp#27;[39m
[debug] &amp#27;[35m[W3C (34394bf9)]&amp#27;[39m Calling AppiumDriver.findElement() with args: ["xpath","//*[contains(@text,'Share')]","34394bf9-0c01-4d1d-b0c9-6a63b2f7d538"]
[debug] &amp#27;[35m[BaseDriver]&amp#27;[39m Valid locator strategies for this request: xpath, id, class name, accessibility id, css selector, -android uiautomator
[debug] &amp#27;[35m[BaseDriver]&amp#27;[39m Waiting up to 0 ms for condition
[debug] &amp#27;[35m[WD Proxy]&amp#27;[39m Matched '/element' to command name 'findElement'
[debug] &amp#27;[35m[WD Proxy]&amp#27;[39m Proxying [POST /element] to [POST http://127.0.0.1:8216/wd/hub/session/bc4fa27b-1e85-4865-ac82-015b335267d9/element] with body: {"strategy":"xpath","selector":"//*[contains(@text,'Share')]","context":"","multiple":false}
[debug] &amp#27;[35m[WD Proxy]&amp#27;[39m Got response with status 200: {"sessionId":"bc4fa27b-1e85-4865-ac82-015b335267d9","value":{"ELEMENT":"f522f8e8-f503-47ba-9cc0-7dd76ec3b155","element-6066-11e4-a52e-4f735466cecf":"f522f8e8-f503-47ba-9cc0-7dd76ec3b155"}}
[debug] &amp#27;[35m[W3C (34394bf9)]&amp#27;[39m Responding to client with driver.findElement() result: {"element-6066-11e4-a52e-4f735466cecf":"f522f8e8-f503-47ba-9cc0-7dd76ec3b155","ELEMENT":"f522f8e8-f503-47ba-9cc0-7dd76ec3b155"}
&amp#27;[35m[HTTP]&amp#27;[39m &amp#27;[37m<-- POST /wd/hub/session/34394bf9-0c01-4d1d-b0c9-6a63b2f7d538/element &amp#27;[39m&amp#27;[32m200&amp#27;[39m &amp#27;[90m59 ms - 137&amp#27;[39m
&amp#27;[35m[HTTP]&amp#27;[39m &amp#27;[90m&amp#27;[39m
&amp#27;[35m[HTTP]&amp#27;[39m &amp#27;[37m-->&amp#27;[39m &amp#27;[37mGET&amp#27;[39m &amp#27;[37m/wd/hub/session/34394bf9-0c01-4d1d-b0c9-6a63b2f7d538/element/f522f8e8-f503-47ba-9cc0-7dd76ec3b155/displayed&amp#27;[39m
&amp#27;[35m[HTTP]&amp#27;[39m &amp#27;[90m{}&amp#27;[39m
[debug] &amp#27;[35m[W3C (34394bf9)]&amp#27;[39m Calling AppiumDriver.elementDisplayed() with args: ["f522f8e8-f503-47ba-9cc0-7dd76ec3b155","34394bf9-0c01-4d1d-b0c9-6a63b2f7d538"]
[debug] &amp#27;[35m[WD Proxy]&amp#27;[39m Matched '/element/f522f8e8-f503-47ba-9cc0-7dd76ec3b155/attribute/displayed' to command name 'getAttribute'
[debug] &amp#27;[35m[WD Proxy]&amp#27;[39m Proxying [GET /element/f522f8e8-f503-47ba-9cc0-7dd76ec3b155/attribute/displayed] to [GET http://127.0.0.1:8216/wd/hub/session/bc4fa27b-1e85-4865-ac82-015b335267d9/element/f522f8e8-f503-47ba-9cc0-7dd76ec3b155/attribute/displayed] with no body
[debug] &amp#27;[35m[WD Proxy]&amp#27;[39m Got response with status 200: {"sessionId":"bc4fa27b-1e85-4865-ac82-015b335267d9","value":"true"}
[debug] &amp#27;[35m[W3C (34394bf9)]&amp#27;[39m Responding to client with driver.elementDisplayed() result: true
&amp#27;[35m[HTTP]&amp#27;[39m &amp#27;[37m<-- GET /wd/hub/session/34394bf9-0c01-4d1d-b0c9-6a63b2f7d538/element/f522f8e8-f503-47ba-9cc0-7dd76ec3b155/displayed &amp#27;[39m&amp#27;[32m200&amp#27;[39m &amp#27;[90m16 ms - 14&amp#27;[39m
&amp#27;[35m[HTTP]&amp#27;[39m &amp#27;[90m&amp#27;[39m
&amp#27;[35m[HTTP]&amp#27;[39m &amp#27;[37m-->&amp#27;[39m &amp#27;[37mGET&amp#27;[39m &amp#27;[37m/wd/hub/session/34394bf9-0c01-4d1d-b0c9-6a63b2f7d538&amp#27;[39m
&amp#27;[35m[HTTP]&amp#27;[39m &amp#27;[90m{}&amp#27;[39m
[debug] &amp#27;[35m[W3C (34394bf9)]&amp#27;[39m Calling AppiumDriver.getSession() with args: ["34394bf9-0c01-4d1d-b0c9-6a63b2f7d538"]
[debug] &amp#27;[35m[UiAutomator2]&amp#27;[39m Getting session details from server to mix in
[debug] &amp#27;[35m[WD Proxy]&amp#27;[39m Matched '/' to command name 'getSession'
[debug] &amp#27;[35m[WD Proxy]&amp#27;[39m Proxying [GET /] to [GET http://127.0.0.1:8216/wd/hub/session/bc4fa27b-1e85-4865-ac82-015b335267d9] with no body
[debug] &amp#27;[35m[WD Proxy]&amp#27;[39m Got response with status 200: {"sessionId":"bc4fa27b-1e85-4865-ac82-015b335267d9","value":{"lastScrollData":null}}
[debug] &amp#27;[35m[W3C (34394bf9)]&amp#27;[39m Responding to client with driver.getSession() result: {"platform":"LINUX","webStorageEnabled":false,"takesScreenshot":true,"javascriptEnabled":true,"databaseEnabled":false,"networkConnectionEnabled":true,"locationContextEnabled":false,"warnings":{},"desired":{"platformName":"android","app":"C:\\Users\\Anis\\eclipse-workspace\\Appium\\src\\ApiDemos-debug.apk","deviceName":"Redmi","newCommandTimeout":14},"platformName":"android","app":"C:\\Users\\Anis\\eclipse-workspace\\Appium\\src\\ApiDemos-debug.apk","deviceName":"55272e729804","newCommandTimeout":14,"deviceUDID":"55272e729804","appPackage":"io.appium.android.apis","deviceApiLevel":24,"platformVersion":"7.0","deviceScreenSize":"1080x1920","deviceScreenDensity":480,"deviceModel":"Redmi Note 4","deviceManufacturer":"Xiaomi","pixelRatio":3,"statBarHeight":72,"viewportRect":{"left":0,"top":72,"width":1080,"height":1848},"lastScrollData":null}
&amp#27;[35m[HTTP]&amp#27;[39m &amp#27;[37m<-- GET /wd/hub/session/34394bf9-0c01-4d1d-b0c9-6a63b2f7d538 &amp#27;[39m&amp#27;[32m200&amp#27;[39m &amp#27;[90m10 ms - 858&amp#27;[39m
&amp#27;[35m[HTTP]&amp#27;[39m &amp#27;[90m&amp#27;[39m
&amp#27;[35m[HTTP]&amp#27;[39m &amp#27;[37m-->&amp#27;[39m &amp#27;[37mPOST&amp#27;[39m &amp#27;[37m/wd/hub/session/34394bf9-0c01-4d1d-b0c9-6a63b2f7d538/element&amp#27;[39m
&amp#27;[35m[HTTP]&amp#27;[39m &amp#27;[90m{"using":"xpath","value":"//*[contains(@text,'Share')]"}&amp#27;[39m
[debug] &amp#27;[35m[W3C (34394bf9)]&amp#27;[39m Calling AppiumDriver.findElement() with args: ["xpath","//*[contains(@text,'Share')]","34394bf9-0c01-4d1d-b0c9-6a63b2f7d538"]
[debug] &amp#27;[35m[BaseDriver]&amp#27;[39m Valid locator strategies for this request: xpath, id, class name, accessibility id, css selector, -android uiautomator
[debug] &amp#27;[35m[BaseDriver]&amp#27;[39m Waiting up to 0 ms for condition
[debug] &amp#27;[35m[WD Proxy]&amp#27;[39m Matched '/element' to command name 'findElement'
[debug] &amp#27;[35m[WD Proxy]&amp#27;[39m Proxying [POST /element] to [POST http://127.0.0.1:8216/wd/hub/session/bc4fa27b-1e85-4865-ac82-015b335267d9/element] with body: {"strategy":"xpath","selector":"//*[contains(@text,'Share')]","context":"","multiple":false}
[debug] &amp#27;[35m[WD Proxy]&amp#27;[39m Got response with status 200: {"sessionId":"bc4fa27b-1e85-4865-ac82-015b335267d9","value":{"ELEMENT":"3243d3b2-fbcb-4537-a894-975ccb80de75","element-6066-11e4-a52e-4f735466cecf":"3243d3b2-fbcb-4537-a894-975ccb80de75"}}
[debug] &amp#27;[35m[W3C (34394bf9)]&amp#27;[39m Responding to client with driver.findElement() result: {"element-6066-11e4-a52e-4f735466cecf":"3243d3b2-fbcb-4537-a894-975ccb80de75","ELEMENT":"3243d3b2-fbcb-4537-a894-975ccb80de75"}
&amp#27;[35m[HTTP]&amp#27;[39m &amp#27;[37m<-- POST /wd/hub/session/34394bf9-0c01-4d1d-b0c9-6a63b2f7d538/element &amp#27;[39m&amp#27;[32m200&amp#27;[39m &amp#27;[90m51 ms - 137&amp#27;[39m
&amp#27;[35m[HTTP]&amp#27;[39m &amp#27;[90m&amp#27;[39m
&amp#27;[35m[HTTP]&amp#27;[39m &amp#27;[37m-->&amp#27;[39m &amp#27;[37mGET&amp#27;[39m &amp#27;[37m/wd/hub/session/34394bf9-0c01-4d1d-b0c9-6a63b2f7d538/element/3243d3b2-fbcb-4537-a894-975ccb80de75/enabled&amp#27;[39m
&amp#27;[35m[HTTP]&amp#27;[39m &amp#27;[90m{}&amp#27;[39m
[debug] &amp#27;[35m[W3C (34394bf9)]&amp#27;[39m Calling AppiumDriver.elementEnabled() with args: ["3243d3b2-fbcb-4537-a894-975ccb80de75","34394bf9-0c01-4d1d-b0c9-6a63b2f7d538"]
[debug] &amp#27;[35m[WD Proxy]&amp#27;[39m Matched '/element/3243d3b2-fbcb-4537-a894-975ccb80de75/attribute/enabled' to command name 'getAttribute'
[debug] &amp#27;[35m[WD Proxy]&amp#27;[39m Proxying [GET /element/3243d3b2-fbcb-4537-a894-975ccb80de75/attribute/enabled] to [GET http://127.0.0.1:8216/wd/hub/session/bc4fa27b-1e85-4865-ac82-015b335267d9/element/3243d3b2-fbcb-4537-a894-975ccb80de75/attribute/enabled] with no body
[debug] &amp#27;[35m[WD Proxy]&amp#27;[39m Got response with status 200: {"sessionId":"bc4fa27b-1e85-4865-ac82-015b335267d9","value":"true"}
[debug] &amp#27;[35m[W3C (34394bf9)]&amp#27;[39m Responding to client with driver.elementEnabled() result: true
&amp#27;[35m[HTTP]&amp#27;[39m &amp#27;[37m<-- GET /wd/hub/session/34394bf9-0c01-4d1d-b0c9-6a63b2f7d538/element/3243d3b2-fbcb-4537-a894-975ccb80de75/enabled &amp#27;[39m&amp#27;[32m200&amp#27;[39m &amp#27;[90m16 ms - 14&amp#27;[39m
&amp#27;[35m[HTTP]&amp#27;[39m &amp#27;[90m&amp#27;[39m
&amp#27;[35m[HTTP]&amp#27;[39m &amp#27;[37m-->&amp#27;[39m &amp#27;[37mPOST&amp#27;[39m &amp#27;[37m/wd/hub/session/34394bf9-0c01-4d1d-b0c9-6a63b2f7d538/timeouts&amp#27;[39m
&amp#27;[35m[HTTP]&amp#27;[39m &amp#27;[90m{"implicit":10000}&amp#27;[39m
[debug] &amp#27;[35m[W3C (34394bf9)]&amp#27;[39m Calling AppiumDriver.timeouts() with args: [null,null,null,null,10000,"34394bf9-0c01-4d1d-b0c9-6a63b2f7d538"]
[debug] &amp#27;[35m[BaseDriver]&amp#27;[39m W3C timeout argument: {"implicit":10000}}
[debug] &amp#27;[35m[BaseDriver]&amp#27;[39m Set implicit wait to 10000ms
[debug] &amp#27;[35m[W3C (34394bf9)]&amp#27;[39m Responding to client with driver.timeouts() result: null
&amp#27;[35m[HTTP]&amp#27;[39m &amp#27;[37m<-- POST /wd/hub/session/34394bf9-0c01-4d1d-b0c9-6a63b2f7d538/timeouts &amp#27;[39m&amp#27;[32m200&amp#27;[39m &amp#27;[90m2 ms - 14&amp#27;[39m
&amp#27;[35m[HTTP]&amp#27;[39m &amp#27;[90m&amp#27;[39m
&amp#27;[35m[HTTP]&amp#27;[39m &amp#27;[37m-->&amp#27;[39m &amp#27;[37mGET&amp#27;[39m &amp#27;[37m/wd/hub/session/34394bf9-0c01-4d1d-b0c9-6a63b2f7d538&amp#27;[39m
&amp#27;[35m[HTTP]&amp#27;[39m &amp#27;[90m{}&amp#27;[39m
[debug] &amp#27;[35m[W3C (34394bf9)]&amp#27;[39m Calling AppiumDriver.getSession() with args: ["34394bf9-0c01-4d1d-b0c9-6a63b2f7d538"]
[debug] &amp#27;[35m[UiAutomator2]&amp#27;[39m Getting session details from server to mix in
[debug] &amp#27;[35m[WD Proxy]&amp#27;[39m Matched '/' to command name 'getSession'
[debug] &amp#27;[35m[WD Proxy]&amp#27;[39m Proxying [GET /] to [GET http://127.0.0.1:8216/wd/hub/session/bc4fa27b-1e85-4865-ac82-015b335267d9] with no body
[debug] &amp#27;[35m[WD Proxy]&amp#27;[39m Got response with status 200: {"sessionId":"bc4fa27b-1e85-4865-ac82-015b335267d9","value":{"lastScrollData":null}}
[debug] &amp#27;[35m[W3C (34394bf9)]&amp#27;[39m Responding to client with driver.getSession() result: {"platform":"LINUX","webStorageEnabled":false,"takesScreenshot":true,"javascriptEnabled":true,"databaseEnabled":false,"networkConnectionEnabled":true,"locationContextEnabled":false,"warnings":{},"desired":{"platformName":"android","app":"C:\\Users\\Anis\\eclipse-workspace\\Appium\\src\\ApiDemos-debug.apk","deviceName":"Redmi","newCommandTimeout":14},"platformName":"android","app":"C:\\Users\\Anis\\eclipse-workspace\\Appium\\src\\ApiDemos-debug.apk","deviceName":"55272e729804","newCommandTimeout":14,"deviceUDID":"55272e729804","appPackage":"io.appium.android.apis","deviceApiLevel":24,"platformVersion":"7.0","deviceScreenSize":"1080x1920","deviceScreenDensity":480,"deviceModel":"Redmi Note 4","deviceManufacturer":"Xiaomi","pixelRatio":3,"statBarHeight":72,"viewportRect":{"left":0,"top":72,"width":1080,"height":1848},"lastScrollData":null}
&amp#27;[35m[HTTP]&amp#27;[39m &amp#27;[37m<-- GET /wd/hub/session/34394bf9-0c01-4d1d-b0c9-6a63b2f7d538 &amp#27;[39m&amp#27;[32m200&amp#27;[39m &amp#27;[90m14 ms - 858&amp#27;[39m
&amp#27;[35m[HTTP]&amp#27;[39m &amp#27;[90m&amp#27;[39m
&amp#27;[35m[HTTP]&amp#27;[39m &amp#27;[37m-->&amp#27;[39m &amp#27;[37mPOST&amp#27;[39m &amp#27;[37m/wd/hub/session/34394bf9-0c01-4d1d-b0c9-6a63b2f7d538/element&amp#27;[39m
&amp#27;[35m[HTTP]&amp#27;[39m &amp#27;[90m{"using":"xpath","value":"//*[contains(@text,'Share')]"}&amp#27;[39m
[debug] &amp#27;[35m[W3C (34394bf9)]&amp#27;[39m Calling AppiumDriver.findElement() with args: ["xpath","//*[contains(@text,'Share')]","34394bf9-0c01-4d1d-b0c9-6a63b2f7d538"]
[debug] &amp#27;[35m[BaseDriver]&amp#27;[39m Valid locator strategies for this request: xpath, id, class name, accessibility id, css selector, -android uiautomator
[debug] &amp#27;[35m[BaseDriver]&amp#27;[39m Waiting up to 10000 ms for condition
[debug] &amp#27;[35m[WD Proxy]&amp#27;[39m Matched '/element' to command name 'findElement'
[debug] &amp#27;[35m[WD Proxy]&amp#27;[39m Proxying [POST /element] to [POST http://127.0.0.1:8216/wd/hub/session/bc4fa27b-1e85-4865-ac82-015b335267d9/element] with body: {"strategy":"xpath","selector":"//*[contains(@text,'Share')]","context":"","multiple":false}
[debug] &amp#27;[35m[WD Proxy]&amp#27;[39m Got response with status 200: {"sessionId":"bc4fa27b-1e85-4865-ac82-015b335267d9","value":{"ELEMENT":"777562a2-a37b-41c4-91fd-57e5cd98c7f6","element-6066-11e4-a52e-4f735466cecf":"777562a2-a37b-41c4-91fd-57e5cd98c7f6"}}
[debug] &amp#27;[35m[W3C (34394bf9)]&amp#27;[39m Responding to client with driver.findElement() result: {"element-6066-11e4-a52e-4f735466cecf":"777562a2-a37b-41c4-91fd-57e5cd98c7f6","ELEMENT":"777562a2-a37b-41c4-91fd-57e5cd98c7f6"}
&amp#27;[35m[HTTP]&amp#27;[39m &amp#27;[37m<-- POST /wd/hub/session/34394bf9-0c01-4d1d-b0c9-6a63b2f7d538/element &amp#27;[39m&amp#27;[32m200&amp#27;[39m &amp#27;[90m59 ms - 137&amp#27;[39m
&amp#27;[35m[HTTP]&amp#27;[39m &amp#27;[90m&amp#27;[39m
&amp#27;[35m[HTTP]&amp#27;[39m &amp#27;[37m-->&amp#27;[39m &amp#27;[37mPOST&amp#27;[39m &amp#27;[37m/wd/hub/session/34394bf9-0c01-4d1d-b0c9-6a63b2f7d538/element/777562a2-a37b-41c4-91fd-57e5cd98c7f6/click&amp#27;[39m
&amp#27;[35m[HTTP]&amp#27;[39m &amp#27;[90m{"id":"777562a2-a37b-41c4-91fd-57e5cd98c7f6"}&amp#27;[39m
[debug] &amp#27;[35m[W3C (34394bf9)]&amp#27;[39m Calling AppiumDriver.click() with args: ["777562a2-a37b-41c4-91fd-57e5cd98c7f6","34394bf9-0c01-4d1d-b0c9-6a63b2f7d538"]
[debug] &amp#27;[35m[WD Proxy]&amp#27;[39m Matched '/element/777562a2-a37b-41c4-91fd-57e5cd98c7f6/click' to command name 'click'
[debug] &amp#27;[35m[WD Proxy]&amp#27;[39m Proxying [POST /element/777562a2-a37b-41c4-91fd-57e5cd98c7f6/click] to [POST http://127.0.0.1:8216/wd/hub/session/bc4fa27b-1e85-4865-ac82-015b335267d9/element/777562a2-a37b-41c4-91fd-57e5cd98c7f6/click] with body: {"element":"777562a2-a37b-41c4-91fd-57e5cd98c7f6"}
[debug] &amp#27;[35m[WD Proxy]&amp#27;[39m Got response with status 200: {"sessionId":"bc4fa27b-1e85-4865-ac82-015b335267d9","value":null}
[debug] &amp#27;[35m[W3C (34394bf9)]&amp#27;[39m Responding to client with driver.click() result: null
&amp#27;[35m[HTTP]&amp#27;[39m &amp#27;[37m<-- POST /wd/hub/session/34394bf9-0c01-4d1d-b0c9-6a63b2f7d538/element/777562a2-a37b-41c4-91fd-57e5cd98c7f6/click &amp#27;[39m&amp#27;[32m200&amp#27;[39m &amp#27;[90m1444 ms - 14&amp#27;[39m
&amp#27;[35m[HTTP]&amp#27;[39m &amp#27;[90m&amp#27;[39m
&amp#27;[35m[HTTP]&amp#27;[39m &amp#27;[37m-->&amp#27;[39m &amp#27;[37mPOST&amp#27;[39m &amp#27;[37m/wd/hub/session/34394bf9-0c01-4d1d-b0c9-6a63b2f7d538/back&amp#27;[39m
&amp#27;[35m[HTTP]&amp#27;[39m &amp#27;[90m{}&amp#27;[39m
&amp#27;[35m[W3C (34394bf9)]&amp#27;[39m Driver proxy active, passing request on via HTTP proxy
[debug] &amp#27;[35m[WD Proxy]&amp#27;[39m Matched '/wd/hub/session/34394bf9-0c01-4d1d-b0c9-6a63b2f7d538/back' to command name 'back'
[debug] &amp#27;[35m[WD Proxy]&amp#27;[39m Proxying [POST /wd/hub/session/34394bf9-0c01-4d1d-b0c9-6a63b2f7d538/back] to [POST http://127.0.0.1:8216/wd/hub/session/bc4fa27b-1e85-4865-ac82-015b335267d9/back] with body: {}
[debug] &amp#27;[35m[WD Proxy]&amp#27;[39m Got response with status 200: {"sessionId":"bc4fa27b-1e85-4865-ac82-015b335267d9","value":null}
&amp#27;[35m[WD Proxy]&amp#27;[39m Replacing sessionId bc4fa27b-1e85-4865-ac82-015b335267d9 with 34394bf9-0c01-4d1d-b0c9-6a63b2f7d538
&amp#27;[35m[HTTP]&amp#27;[39m &amp#27;[37m<-- POST /wd/hub/session/34394bf9-0c01-4d1d-b0c9-6a63b2f7d538/back &amp#27;[39m&amp#27;[32m200&amp#27;[39m &amp#27;[90m498 ms - 65&amp#27;[39m
&amp#27;[35m[HTTP]&amp#27;[39m &amp#27;[90m&amp#27;[39m
&amp#27;[35m[HTTP]&amp#27;[39m &amp#27;[37m-->&amp#27;[39m &amp#27;[37mGET&amp#27;[39m &amp#27;[37m/wd/hub/session/34394bf9-0c01-4d1d-b0c9-6a63b2f7d538&amp#27;[39m
&amp#27;[35m[HTTP]&amp#27;[39m &amp#27;[90m{}&amp#27;[39m
[debug] &amp#27;[35m[W3C (34394bf9)]&amp#27;[39m Calling AppiumDriver.getSession() with args: ["34394bf9-0c01-4d1d-b0c9-6a63b2f7d538"]
[debug] &amp#27;[35m[UiAutomator2]&amp#27;[39m Getting session details from server to mix in
[debug] &amp#27;[35m[WD Proxy]&amp#27;[39m Matched '/' to command name 'getSession'
[debug] &amp#27;[35m[WD Proxy]&amp#27;[39m Proxying [GET /] to [GET http://127.0.0.1:8216/wd/hub/session/bc4fa27b-1e85-4865-ac82-015b335267d9] with no body
[debug] &amp#27;[35m[WD Proxy]&amp#27;[39m Got response with status 200: {"sessionId":"bc4fa27b-1e85-4865-ac82-015b335267d9","value":{"lastScrollData":null}}
[debug] &amp#27;[35m[W3C (34394bf9)]&amp#27;[39m Responding to client with driver.getSession() result: {"platform":"LINUX","webStorageEnabled":false,"takesScreenshot":true,"javascriptEnabled":true,"databaseEnabled":false,"networkConnectionEnabled":true,"locationContextEnabled":false,"warnings":{},"desired":{"platformName":"android","app":"C:\\Users\\Anis\\eclipse-workspace\\Appium\\src\\ApiDemos-debug.apk","deviceName":"Redmi","newCommandTimeout":14},"platformName":"android","app":"C:\\Users\\Anis\\eclipse-workspace\\Appium\\src\\ApiDemos-debug.apk","deviceName":"55272e729804","newCommandTimeout":14,"deviceUDID":"55272e729804","appPackage":"io.appium.android.apis","deviceApiLevel":24,"platformVersion":"7.0","deviceScreenSize":"1080x1920","deviceScreenDensity":480,"deviceModel":"Redmi Note 4","deviceManufacturer":"Xiaomi","pixelRatio":3,"statBarHeight":72,"viewportRect":{"left":0,"top":72,"width":1080,"height":1848},"lastScrollData":null}
&amp#27;[35m[HTTP]&amp#27;[39m &amp#27;[37m<-- GET /wd/hub/session/34394bf9-0c01-4d1d-b0c9-6a63b2f7d538 &amp#27;[39m&amp#27;[32m200&amp#27;[39m &amp#27;[90m13 ms - 858&amp#27;[39m
&amp#27;[35m[HTTP]&amp#27;[39m &amp#27;[90m&amp#27;[39m
&amp#27;[35m[HTTP]&amp#27;[39m &amp#27;[37m-->&amp#27;[39m &amp#27;[37mGET&amp#27;[39m &amp#27;[37m/wd/hub/session/34394bf9-0c01-4d1d-b0c9-6a63b2f7d538&amp#27;[39m
&amp#27;[35m[HTTP]&amp#27;[39m &amp#27;[90m{}&amp#27;[39m
[debug] &amp#27;[35m[W3C (34394bf9)]&amp#27;[39m Calling AppiumDriver.getSession() with args: ["34394bf9-0c01-4d1d-b0c9-6a63b2f7d538"]
[debug] &amp#27;[35m[UiAutomator2]&amp#27;[39m Getting session details from server to mix in
[debug] &amp#27;[35m[WD Proxy]&amp#27;[39m Matched '/' to command name 'getSession'
[debug] &amp#27;[35m[WD Proxy]&amp#27;[39m Proxying [GET /] to [GET http://127.0.0.1:8216/wd/hub/session/bc4fa27b-1e85-4865-ac82-015b335267d9] with no body
[debug] &amp#27;[35m[WD Proxy]&amp#27;[39m Got response with status 200: {"sessionId":"bc4fa27b-1e85-4865-ac82-015b335267d9","value":{"lastScrollData":null}}
[debug] &amp#27;[35m[W3C (34394bf9)]&amp#27;[39m Responding to client with driver.getSession() result: {"platform":"LINUX","webStorageEnabled":false,"takesScreenshot":true,"javascriptEnabled":true,"databaseEnabled":false,"networkConnectionEnabled":true,"locationContextEnabled":false,"warnings":{},"desired":{"platformName":"android","app":"C:\\Users\\Anis\\eclipse-workspace\\Appium\\src\\ApiDemos-debug.apk","deviceName":"Redmi","newCommandTimeout":14},"platformName":"android","app":"C:\\Users\\Anis\\eclipse-workspace\\Appium\\src\\ApiDemos-debug.apk","deviceName":"55272e729804","newCommandTimeout":14,"deviceUDID":"55272e729804","appPackage":"io.appium.android.apis","deviceApiLevel":24,"platformVersion":"7.0","deviceScreenSize":"1080x1920","deviceScreenDensity":480,"deviceModel":"Redmi Note 4","deviceManufacturer":"Xiaomi","pixelRatio":3,"statBarHeight":72,"viewportRect":{"left":0,"top":72,"width":1080,"height":1848},"lastScrollData":null}
&amp#27;[35m[HTTP]&amp#27;[39m &amp#27;[37m<-- GET /wd/hub/session/34394bf9-0c01-4d1d-b0c9-6a63b2f7d538 &amp#27;[39m&amp#27;[32m200&amp#27;[39m &amp#27;[90m12 ms - 858&amp#27;[39m
&amp#27;[35m[HTTP]&amp#27;[39m &amp#27;[90m&amp#27;[39m
&amp#27;[35m[HTTP]&amp#27;[39m &amp#27;[37m-->&amp#27;[39m &amp#27;[37mPOST&amp#27;[39m &amp#27;[37m/wd/hub/session/34394bf9-0c01-4d1d-b0c9-6a63b2f7d538/element&amp#27;[39m
&amp#27;[35m[HTTP]&amp#27;[39m &amp#27;[90m{"using":"-android uiautomator","value":"new UiScrollable(new UiSelector()).scrollIntoView(text(\"Switches\"));"}&amp#27;[39m
[debug] &amp#27;[35m[W3C (34394bf9)]&amp#27;[39m Calling AppiumDriver.findElement() with args: ["-android uiautomator","new UiScrollable(new UiSelector()).scrollIntoView(text(\"Switches\"));","34394bf9-0c01-4d1d-b0c9-6a63b2f7d538"]
[debug] &amp#27;[35m[BaseDriver]&amp#27;[39m Valid locator strategies for this request: xpath, id, class name, accessibility id, css selector, -android uiautomator
[debug] &amp#27;[35m[BaseDriver]&amp#27;[39m Waiting up to 10000 ms for condition
[debug] &amp#27;[35m[WD Proxy]&amp#27;[39m Matched '/element' to command name 'findElement'
[debug] &amp#27;[35m[WD Proxy]&amp#27;[39m Proxying [POST /element] to [POST http://127.0.0.1:8216/wd/hub/session/bc4fa27b-1e85-4865-ac82-015b335267d9/element] with body: {"strategy":"-android uiautomator","selector":"new UiScrollable(new UiSelector()).scrollIntoView(text(\"Switches\"));","context":"","multiple":false}
[debug] &amp#27;[35m[WD Proxy]&amp#27;[39m Got response with status 200: {"sessionId":"bc4fa27b-1e85-4865-ac82-015b335267d9","value":{"ELEMENT":"86620229-0cc0-4ec8-b683-3125f071be4e","element-6066-11e4-a52e-4f735466cecf":"86620229-0cc0-4ec8-b683-3125f071be4e"}}
[debug] &amp#27;[35m[W3C (34394bf9)]&amp#27;[39m Responding to client with driver.findElement() result: {"element-6066-11e4-a52e-4f735466cecf":"86620229-0cc0-4ec8-b683-3125f071be4e","ELEMENT":"86620229-0cc0-4ec8-b683-3125f071be4e"}
&amp#27;[35m[HTTP]&amp#27;[39m &amp#27;[37m<-- POST /wd/hub/session/34394bf9-0c01-4d1d-b0c9-6a63b2f7d538/element &amp#27;[39m&amp#27;[32m200&amp#27;[39m &amp#27;[90m4493 ms - 137&amp#27;[39m
&amp#27;[35m[HTTP]&amp#27;[39m &amp#27;[90m&amp#27;[39m
[INFO ] 2021-06-18 15:58:27.826 [main] ExplicitWait - Waiting for element to be visible: Located by By.chained({By.xpath: //android.widget.TextView[@content-desc="Switches"]})
[INFO ] 2021-06-18 15:58:27.826 [main] ExplicitWait - Waiting for element to be visible: Located by By.chained({By.xpath: //android.widget.TextView[@content-desc="Switches"]})
&amp#27;[35m[HTTP]&amp#27;[39m &amp#27;[37m-->&amp#27;[39m &amp#27;[37mPOST&amp#27;[39m &amp#27;[37m/wd/hub/session/34394bf9-0c01-4d1d-b0c9-6a63b2f7d538/timeouts&amp#27;[39m
&amp#27;[35m[HTTP]&amp#27;[39m &amp#27;[90m{"implicit":0}&amp#27;[39m
[debug] &amp#27;[35m[W3C (34394bf9)]&amp#27;[39m Calling AppiumDriver.timeouts() with args: [null,null,null,null,0,"34394bf9-0c01-4d1d-b0c9-6a63b2f7d538"]
[debug] &amp#27;[35m[BaseDriver]&amp#27;[39m W3C timeout argument: {"implicit":0}}
[debug] &amp#27;[35m[BaseDriver]&amp#27;[39m Set implicit wait to 0ms
[debug] &amp#27;[35m[W3C (34394bf9)]&amp#27;[39m Responding to client with driver.timeouts() result: null
&amp#27;[35m[HTTP]&amp#27;[39m &amp#27;[37m<-- POST /wd/hub/session/34394bf9-0c01-4d1d-b0c9-6a63b2f7d538/timeouts &amp#27;[39m&amp#27;[32m200&amp#27;[39m &amp#27;[90m3 ms - 14&amp#27;[39m
&amp#27;[35m[HTTP]&amp#27;[39m &amp#27;[90m&amp#27;[39m
&amp#27;[35m[HTTP]&amp#27;[39m &amp#27;[37m-->&amp#27;[39m &amp#27;[37mGET&amp#27;[39m &amp#27;[37m/wd/hub/session/34394bf9-0c01-4d1d-b0c9-6a63b2f7d538&amp#27;[39m
&amp#27;[35m[HTTP]&amp#27;[39m &amp#27;[90m{}&amp#27;[39m
[debug] &amp#27;[35m[W3C (34394bf9)]&amp#27;[39m Calling AppiumDriver.getSession() with args: ["34394bf9-0c01-4d1d-b0c9-6a63b2f7d538"]
[debug] &amp#27;[35m[UiAutomator2]&amp#27;[39m Getting session details from server to mix in
[debug] &amp#27;[35m[WD Proxy]&amp#27;[39m Matched '/' to command name 'getSession'
[debug] &amp#27;[35m[WD Proxy]&amp#27;[39m Proxying [GET /] to [GET http://127.0.0.1:8216/wd/hub/session/bc4fa27b-1e85-4865-ac82-015b335267d9] with no body
[debug] &amp#27;[35m[WD Proxy]&amp#27;[39m Got response with status 200: {"sessionId":"bc4fa27b-1e85-4865-ac82-015b335267d9","value":{"lastScrollData":null}}
[debug] &amp#27;[35m[W3C (34394bf9)]&amp#27;[39m Responding to client with driver.getSession() result: {"platform":"LINUX","webStorageEnabled":false,"takesScreenshot":true,"javascriptEnabled":true,"databaseEnabled":false,"networkConnectionEnabled":true,"locationContextEnabled":false,"warnings":{},"desired":{"platformName":"android","app":"C:\\Users\\Anis\\eclipse-workspace\\Appium\\src\\ApiDemos-debug.apk","deviceName":"Redmi","newCommandTimeout":14},"platformName":"android","app":"C:\\Users\\Anis\\eclipse-workspace\\Appium\\src\\ApiDemos-debug.apk","deviceName":"55272e729804","newCommandTimeout":14,"deviceUDID":"55272e729804","appPackage":"io.appium.android.apis","deviceApiLevel":24,"platformVersion":"7.0","deviceScreenSize":"1080x1920","deviceScreenDensity":480,"deviceModel":"Redmi Note 4","deviceManufacturer":"Xiaomi","pixelRatio":3,"statBarHeight":72,"viewportRect":{"left":0,"top":72,"width":1080,"height":1848},"lastScrollData":null}
&amp#27;[35m[HTTP]&amp#27;[39m &amp#27;[37m<-- GET /wd/hub/session/34394bf9-0c01-4d1d-b0c9-6a63b2f7d538 &amp#27;[39m&amp#27;[32m200&amp#27;[39m &amp#27;[90m11 ms - 858&amp#27;[39m
&amp#27;[35m[HTTP]&amp#27;[39m &amp#27;[90m&amp#27;[39m
&amp#27;[35m[HTTP]&amp#27;[39m &amp#27;[37m-->&amp#27;[39m &amp#27;[37mPOST&amp#27;[39m &amp#27;[37m/wd/hub/session/34394bf9-0c01-4d1d-b0c9-6a63b2f7d538/element&amp#27;[39m
&amp#27;[35m[HTTP]&amp#27;[39m &amp#27;[90m{"using":"xpath","value":"//android.widget.TextView[@content-desc=\"Switches\"]"}&amp#27;[39m
[debug] &amp#27;[35m[W3C (34394bf9)]&amp#27;[39m Calling AppiumDriver.findElement() with args: ["xpath","//android.widget.TextView[@content-desc=\"Switches\"]","34394bf9-0c01-4d1d-b0c9-6a63b2f7d538"]
[debug] &amp#27;[35m[BaseDriver]&amp#27;[39m Valid locator strategies for this request: xpath, id, class name, accessibility id, css selector, -android uiautomator
[debug] &amp#27;[35m[BaseDriver]&amp#27;[39m Waiting up to 0 ms for condition
[debug] &amp#27;[35m[WD Proxy]&amp#27;[39m Matched '/element' to command name 'findElement'
[debug] &amp#27;[35m[WD Proxy]&amp#27;[39m Proxying [POST /element] to [POST http://127.0.0.1:8216/wd/hub/session/bc4fa27b-1e85-4865-ac82-015b335267d9/element] with body: {"strategy":"xpath","selector":"//android.widget.TextView[@content-desc=\"Switches\"]","context":"","multiple":false}
[debug] &amp#27;[35m[WD Proxy]&amp#27;[39m Got response with status 200: {"sessionId":"bc4fa27b-1e85-4865-ac82-015b335267d9","value":{"ELEMENT":"a5ef8e6b-6c50-4cf6-99a5-864b5e2216f5","element-6066-11e4-a52e-4f735466cecf":"a5ef8e6b-6c50-4cf6-99a5-864b5e2216f5"}}
[debug] &amp#27;[35m[W3C (34394bf9)]&amp#27;[39m Responding to client with driver.findElement() result: {"element-6066-11e4-a52e-4f735466cecf":"a5ef8e6b-6c50-4cf6-99a5-864b5e2216f5","ELEMENT":"a5ef8e6b-6c50-4cf6-99a5-864b5e2216f5"}
&amp#27;[35m[HTTP]&amp#27;[39m &amp#27;[37m<-- POST /wd/hub/session/34394bf9-0c01-4d1d-b0c9-6a63b2f7d538/element &amp#27;[39m&amp#27;[32m200&amp#27;[39m &amp#27;[90m64 ms - 137&amp#27;[39m
&amp#27;[35m[HTTP]&amp#27;[39m &amp#27;[90m&amp#27;[39m
&amp#27;[35m[HTTP]&amp#27;[39m &amp#27;[37m-->&amp#27;[39m &amp#27;[37mGET&amp#27;[39m &amp#27;[37m/wd/hub/session/34394bf9-0c01-4d1d-b0c9-6a63b2f7d538/element/a5ef8e6b-6c50-4cf6-99a5-864b5e2216f5/displayed&amp#27;[39m
&amp#27;[35m[HTTP]&amp#27;[39m &amp#27;[90m{}&amp#27;[39m
[debug] &amp#27;[35m[W3C (34394bf9)]&amp#27;[39m Calling AppiumDriver.elementDisplayed() with args: ["a5ef8e6b-6c50-4cf6-99a5-864b5e2216f5","34394bf9-0c01-4d1d-b0c9-6a63b2f7d538"]
[debug] &amp#27;[35m[WD Proxy]&amp#27;[39m Matched '/element/a5ef8e6b-6c50-4cf6-99a5-864b5e2216f5/attribute/displayed' to command name 'getAttribute'
[debug] &amp#27;[35m[WD Proxy]&amp#27;[39m Proxying [GET /element/a5ef8e6b-6c50-4cf6-99a5-864b5e2216f5/attribute/displayed] to [GET http://127.0.0.1:8216/wd/hub/session/bc4fa27b-1e85-4865-ac82-015b335267d9/element/a5ef8e6b-6c50-4cf6-99a5-864b5e2216f5/attribute/displayed] with no body
[debug] &amp#27;[35m[WD Proxy]&amp#27;[39m Got response with status 200: {"sessionId":"bc4fa27b-1e85-4865-ac82-015b335267d9","value":"true"}
[debug] &amp#27;[35m[W3C (34394bf9)]&amp#27;[39m Responding to client with driver.elementDisplayed() result: true
&amp#27;[35m[HTTP]&amp#27;[39m &amp#27;[37m<-- GET /wd/hub/session/34394bf9-0c01-4d1d-b0c9-6a63b2f7d538/element/a5ef8e6b-6c50-4cf6-99a5-864b5e2216f5/displayed &amp#27;[39m&amp#27;[32m200&amp#27;[39m &amp#27;[90m14 ms - 14&amp#27;[39m
&amp#27;[35m[HTTP]&amp#27;[39m &amp#27;[90m&amp#27;[39m
&amp#27;[35m[HTTP]&amp#27;[39m &amp#27;[37m-->&amp#27;[39m &amp#27;[37mPOST&amp#27;[39m &amp#27;[37m/wd/hub/session/34394bf9-0c01-4d1d-b0c9-6a63b2f7d538/timeouts&amp#27;[39m
&amp#27;[35m[HTTP]&amp#27;[39m &amp#27;[90m{"implicit":10000}&amp#27;[39m
[debug] &amp#27;[35m[W3C (34394bf9)]&amp#27;[39m Calling AppiumDriver.timeouts() with args: [null,null,null,null,10000,"34394bf9-0c01-4d1d-b0c9-6a63b2f7d538"]
[debug] &amp#27;[35m[BaseDriver]&amp#27;[39m W3C timeout argument: {"implicit":10000}}
[debug] &amp#27;[35m[BaseDriver]&amp#27;[39m Set implicit wait to 10000ms
[debug] &amp#27;[35m[W3C (34394bf9)]&amp#27;[39m Responding to client with driver.timeouts() result: null
&amp#27;[35m[HTTP]&amp#27;[39m &amp#27;[37m<-- POST /wd/hub/session/34394bf9-0c01-4d1d-b0c9-6a63b2f7d538/timeouts &amp#27;[39m&amp#27;[32m200&amp#27;[39m &amp#27;[90m3 ms - 14&amp#27;[39m
&amp#27;[35m[HTTP]&amp#27;[39m &amp#27;[90m&amp#27;[39m
[INFO ] 2021-06-18 15:58:27.971 [main] ViewsPage - Clicks The Switches
[INFO ] 2021-06-18 15:58:27.971 [main] ExplicitWait - Waiting for element to be clickable: Located by By.chained({By.xpath: //android.widget.TextView[@content-desc="Switches"]})
&amp#27;[35m[HTTP]&amp#27;[39m &amp#27;[37m-->&amp#27;[39m &amp#27;[37mPOST&amp#27;[39m &amp#27;[37m/wd/hub/session/34394bf9-0c01-4d1d-b0c9-6a63b2f7d538/timeouts&amp#27;[39m
&amp#27;[35m[HTTP]&amp#27;[39m &amp#27;[90m{"implicit":0}&amp#27;[39m
[debug] &amp#27;[35m[W3C (34394bf9)]&amp#27;[39m Calling AppiumDriver.timeouts() with args: [null,null,null,null,0,"34394bf9-0c01-4d1d-b0c9-6a63b2f7d538"]
[debug] &amp#27;[35m[BaseDriver]&amp#27;[39m W3C timeout argument: {"implicit":0}}
[debug] &amp#27;[35m[BaseDriver]&amp#27;[39m Set implicit wait to 0ms
[debug] &amp#27;[35m[W3C (34394bf9)]&amp#27;[39m Responding to client with driver.timeouts() result: null
&amp#27;[35m[HTTP]&amp#27;[39m &amp#27;[37m<-- POST /wd/hub/session/34394bf9-0c01-4d1d-b0c9-6a63b2f7d538/timeouts &amp#27;[39m&amp#27;[32m200&amp#27;[39m &amp#27;[90m2 ms - 14&amp#27;[39m
&amp#27;[35m[HTTP]&amp#27;[39m &amp#27;[90m&amp#27;[39m
&amp#27;[35m[HTTP]&amp#27;[39m &amp#27;[37m-->&amp#27;[39m &amp#27;[37mGET&amp#27;[39m &amp#27;[37m/wd/hub/session/34394bf9-0c01-4d1d-b0c9-6a63b2f7d538&amp#27;[39m
&amp#27;[35m[HTTP]&amp#27;[39m &amp#27;[90m{}&amp#27;[39m
[debug] &amp#27;[35m[W3C (34394bf9)]&amp#27;[39m Calling AppiumDriver.getSession() with args: ["34394bf9-0c01-4d1d-b0c9-6a63b2f7d538"]
[debug] &amp#27;[35m[UiAutomator2]&amp#27;[39m Getting session details from server to mix in
[debug] &amp#27;[35m[WD Proxy]&amp#27;[39m Matched '/' to command name 'getSession'
[debug] &amp#27;[35m[WD Proxy]&amp#27;[39m Proxying [GET /] to [GET http://127.0.0.1:8216/wd/hub/session/bc4fa27b-1e85-4865-ac82-015b335267d9] with no body
[debug] &amp#27;[35m[WD Proxy]&amp#27;[39m Got response with status 200: {"sessionId":"bc4fa27b-1e85-4865-ac82-015b335267d9","value":{"lastScrollData":null}}
[debug] &amp#27;[35m[W3C (34394bf9)]&amp#27;[39m Responding to client with driver.getSession() result: {"platform":"LINUX","webStorageEnabled":false,"takesScreenshot":true,"javascriptEnabled":true,"databaseEnabled":false,"networkConnectionEnabled":true,"locationContextEnabled":false,"warnings":{},"desired":{"platformName":"android","app":"C:\\Users\\Anis\\eclipse-workspace\\Appium\\src\\ApiDemos-debug.apk","deviceName":"Redmi","newCommandTimeout":14},"platformName":"android","app":"C:\\Users\\Anis\\eclipse-workspace\\Appium\\src\\ApiDemos-debug.apk","deviceName":"55272e729804","newCommandTimeout":14,"deviceUDID":"55272e729804","appPackage":"io.appium.android.apis","deviceApiLevel":24,"platformVersion":"7.0","deviceScreenSize":"1080x1920","deviceScreenDensity":480,"deviceModel":"Redmi Note 4","deviceManufacturer":"Xiaomi","pixelRatio":3,"statBarHeight":72,"viewportRect":{"left":0,"top":72,"width":1080,"height":1848},"lastScrollData":null}
&amp#27;[35m[HTTP]&amp#27;[39m &amp#27;[37m<-- GET /wd/hub/session/34394bf9-0c01-4d1d-b0c9-6a63b2f7d538 &amp#27;[39m&amp#27;[32m200&amp#27;[39m &amp#27;[90m13 ms - 858&amp#27;[39m
&amp#27;[35m[HTTP]&amp#27;[39m &amp#27;[90m&amp#27;[39m
&amp#27;[35m[HTTP]&amp#27;[39m &amp#27;[37m-->&amp#27;[39m &amp#27;[37mPOST&amp#27;[39m &amp#27;[37m/wd/hub/session/34394bf9-0c01-4d1d-b0c9-6a63b2f7d538/element&amp#27;[39m
&amp#27;[35m[HTTP]&amp#27;[39m &amp#27;[90m{"using":"xpath","value":"//android.widget.TextView[@content-desc=\"Switches\"]"}&amp#27;[39m
[debug] &amp#27;[35m[W3C (34394bf9)]&amp#27;[39m Calling AppiumDriver.findElement() with args: ["xpath","//android.widget.TextView[@content-desc=\"Switches\"]","34394bf9-0c01-4d1d-b0c9-6a63b2f7d538"]
[debug] &amp#27;[35m[BaseDriver]&amp#27;[39m Valid locator strategies for this request: xpath, id, class name, accessibility id, css selector, -android uiautomator
[debug] &amp#27;[35m[BaseDriver]&amp#27;[39m Waiting up to 0 ms for condition
[debug] &amp#27;[35m[WD Proxy]&amp#27;[39m Matched '/element' to command name 'findElement'
[debug] &amp#27;[35m[WD Proxy]&amp#27;[39m Proxying [POST /element] to [POST http://127.0.0.1:8216/wd/hub/session/bc4fa27b-1e85-4865-ac82-015b335267d9/element] with body: {"strategy":"xpath","selector":"//android.widget.TextView[@content-desc=\"Switches\"]","context":"","multiple":false}
[debug] &amp#27;[35m[WD Proxy]&amp#27;[39m Got response with status 200: {"sessionId":"bc4fa27b-1e85-4865-ac82-015b335267d9","value":{"ELEMENT":"370bbec2-ee2e-470c-87e9-9aef14da9a34","element-6066-11e4-a52e-4f735466cecf":"370bbec2-ee2e-470c-87e9-9aef14da9a34"}}
[debug] &amp#27;[35m[W3C (34394bf9)]&amp#27;[39m Responding to client with driver.findElement() result: {"element-6066-11e4-a52e-4f735466cecf":"370bbec2-ee2e-470c-87e9-9aef14da9a34","ELEMENT":"370bbec2-ee2e-470c-87e9-9aef14da9a34"}
&amp#27;[35m[HTTP]&amp#27;[39m &amp#27;[37m<-- POST /wd/hub/session/34394bf9-0c01-4d1d-b0c9-6a63b2f7d538/element &amp#27;[39m&amp#27;[32m200&amp#27;[39m &amp#27;[90m57 ms - 137&amp#27;[39m
&amp#27;[35m[HTTP]&amp#27;[39m &amp#27;[90m&amp#27;[39m
&amp#27;[35m[HTTP]&amp#27;[39m &amp#27;[37m-->&amp#27;[39m &amp#27;[37mGET&amp#27;[39m &amp#27;[37m/wd/hub/session/34394bf9-0c01-4d1d-b0c9-6a63b2f7d538/element/370bbec2-ee2e-470c-87e9-9aef14da9a34/displayed&amp#27;[39m
&amp#27;[35m[HTTP]&amp#27;[39m &amp#27;[90m{}&amp#27;[39m
[debug] &amp#27;[35m[W3C (34394bf9)]&amp#27;[39m Calling AppiumDriver.elementDisplayed() with args: ["370bbec2-ee2e-470c-87e9-9aef14da9a34","34394bf9-0c01-4d1d-b0c9-6a63b2f7d538"]
[debug] &amp#27;[35m[WD Proxy]&amp#27;[39m Matched '/element/370bbec2-ee2e-470c-87e9-9aef14da9a34/attribute/displayed' to command name 'getAttribute'
[debug] &amp#27;[35m[WD Proxy]&amp#27;[39m Proxying [GET /element/370bbec2-ee2e-470c-87e9-9aef14da9a34/attribute/displayed] to [GET http://127.0.0.1:8216/wd/hub/session/bc4fa27b-1e85-4865-ac82-015b335267d9/element/370bbec2-ee2e-470c-87e9-9aef14da9a34/attribute/displayed] with no body
[debug] &amp#27;[35m[WD Proxy]&amp#27;[39m Got response with status 200: {"sessionId":"bc4fa27b-1e85-4865-ac82-015b335267d9","value":"true"}
[debug] &amp#27;[35m[W3C (34394bf9)]&amp#27;[39m Responding to client with driver.elementDisplayed() result: true
&amp#27;[35m[HTTP]&amp#27;[39m &amp#27;[37m<-- GET /wd/hub/session/34394bf9-0c01-4d1d-b0c9-6a63b2f7d538/element/370bbec2-ee2e-470c-87e9-9aef14da9a34/displayed &amp#27;[39m&amp#27;[32m200&amp#27;[39m &amp#27;[90m15 ms - 14&amp#27;[39m
&amp#27;[35m[HTTP]&amp#27;[39m &amp#27;[90m&amp#27;[39m
&amp#27;[35m[HTTP]&amp#27;[39m &amp#27;[37m-->&amp#27;[39m &amp#27;[37mGET&amp#27;[39m &amp#27;[37m/wd/hub/session/34394bf9-0c01-4d1d-b0c9-6a63b2f7d538&amp#27;[39m
&amp#27;[35m[HTTP]&amp#27;[39m &amp#27;[90m{}&amp#27;[39m
[debug] &amp#27;[35m[W3C (34394bf9)]&amp#27;[39m Calling AppiumDriver.getSession() with args: ["34394bf9-0c01-4d1d-b0c9-6a63b2f7d538"]
[debug] &amp#27;[35m[UiAutomator2]&amp#27;[39m Getting session details from server to mix in
[debug] &amp#27;[35m[WD Proxy]&amp#27;[39m Matched '/' to command name 'getSession'
[debug] &amp#27;[35m[WD Proxy]&amp#27;[39m Proxying [GET /] to [GET http://127.0.0.1:8216/wd/hub/session/bc4fa27b-1e85-4865-ac82-015b335267d9] with no body
[debug] &amp#27;[35m[WD Proxy]&amp#27;[39m Got response with status 200: {"sessionId":"bc4fa27b-1e85-4865-ac82-015b335267d9","value":{"lastScrollData":null}}
[debug] &amp#27;[35m[W3C (34394bf9)]&amp#27;[39m Responding to client with driver.getSession() result: {"platform":"LINUX","webStorageEnabled":false,"takesScreenshot":true,"javascriptEnabled":true,"databaseEnabled":false,"networkConnectionEnabled":true,"locationContextEnabled":false,"warnings":{},"desired":{"platformName":"android","app":"C:\\Users\\Anis\\eclipse-workspace\\Appium\\src\\ApiDemos-debug.apk","deviceName":"Redmi","newCommandTimeout":14},"platformName":"android","app":"C:\\Users\\Anis\\eclipse-workspace\\Appium\\src\\ApiDemos-debug.apk","deviceName":"55272e729804","newCommandTimeout":14,"deviceUDID":"55272e729804","appPackage":"io.appium.android.apis","deviceApiLevel":24,"platformVersion":"7.0","deviceScreenSize":"1080x1920","deviceScreenDensity":480,"deviceModel":"Redmi Note 4","deviceManufacturer":"Xiaomi","pixelRatio":3,"statBarHeight":72,"viewportRect":{"left":0,"top":72,"width":1080,"height":1848},"lastScrollData":null}
&amp#27;[35m[HTTP]&amp#27;[39m &amp#27;[37m<-- GET /wd/hub/session/34394bf9-0c01-4d1d-b0c9-6a63b2f7d538 &amp#27;[39m&amp#27;[32m200&amp#27;[39m &amp#27;[90m10 ms - 858&amp#27;[39m
&amp#27;[35m[HTTP]&amp#27;[39m &amp#27;[90m&amp#27;[39m
&amp#27;[35m[HTTP]&amp#27;[39m &amp#27;[37m-->&amp#27;[39m &amp#27;[37mPOST&amp#27;[39m &amp#27;[37m/wd/hub/session/34394bf9-0c01-4d1d-b0c9-6a63b2f7d538/element&amp#27;[39m
&amp#27;[35m[HTTP]&amp#27;[39m &amp#27;[90m{"using":"xpath","value":"//android.widget.TextView[@content-desc=\"Switches\"]"}&amp#27;[39m
[debug] &amp#27;[35m[W3C (34394bf9)]&amp#27;[39m Calling AppiumDriver.findElement() with args: ["xpath","//android.widget.TextView[@content-desc=\"Switches\"]","34394bf9-0c01-4d1d-b0c9-6a63b2f7d538"]
[debug] &amp#27;[35m[BaseDriver]&amp#27;[39m Valid locator strategies for this request: xpath, id, class name, accessibility id, css selector, -android uiautomator
[debug] &amp#27;[35m[BaseDriver]&amp#27;[39m Waiting up to 0 ms for condition
[debug] &amp#27;[35m[WD Proxy]&amp#27;[39m Matched '/element' to command name 'findElement'
[debug] &amp#27;[35m[WD Proxy]&amp#27;[39m Proxying [POST /element] to [POST http://127.0.0.1:8216/wd/hub/session/bc4fa27b-1e85-4865-ac82-015b335267d9/element] with body: {"strategy":"xpath","selector":"//android.widget.TextView[@content-desc=\"Switches\"]","context":"","multiple":false}
[debug] &amp#27;[35m[WD Proxy]&amp#27;[39m Got response with status 200: {"sessionId":"bc4fa27b-1e85-4865-ac82-015b335267d9","value":{"ELEMENT":"1fbac8da-87f4-4045-837a-8dfa3ea0704a","element-6066-11e4-a52e-4f735466cecf":"1fbac8da-87f4-4045-837a-8dfa3ea0704a"}}
[debug] &amp#27;[35m[W3C (34394bf9)]&amp#27;[39m Responding to client with driver.findElement() result: {"element-6066-11e4-a52e-4f735466cecf":"1fbac8da-87f4-4045-837a-8dfa3ea0704a","ELEMENT":"1fbac8da-87f4-4045-837a-8dfa3ea0704a"}
&amp#27;[35m[HTTP]&amp#27;[39m &amp#27;[37m<-- POST /wd/hub/session/34394bf9-0c01-4d1d-b0c9-6a63b2f7d538/element &amp#27;[39m&amp#27;[32m200&amp#27;[39m &amp#27;[90m43 ms - 137&amp#27;[39m
&amp#27;[35m[HTTP]&amp#27;[39m &amp#27;[90m&amp#27;[39m
&amp#27;[35m[HTTP]&amp#27;[39m &amp#27;[37m-->&amp#27;[39m &amp#27;[37mGET&amp#27;[39m &amp#27;[37m/wd/hub/session/34394bf9-0c01-4d1d-b0c9-6a63b2f7d538/element/1fbac8da-87f4-4045-837a-8dfa3ea0704a/enabled&amp#27;[39m
&amp#27;[35m[HTTP]&amp#27;[39m &amp#27;[90m{}&amp#27;[39m
[debug] &amp#27;[35m[W3C (34394bf9)]&amp#27;[39m Calling AppiumDriver.elementEnabled() with args: ["1fbac8da-87f4-4045-837a-8dfa3ea0704a","34394bf9-0c01-4d1d-b0c9-6a63b2f7d538"]
[debug] &amp#27;[35m[WD Proxy]&amp#27;[39m Matched '/element/1fbac8da-87f4-4045-837a-8dfa3ea0704a/attribute/enabled' to command name 'getAttribute'
[debug] &amp#27;[35m[WD Proxy]&amp#27;[39m Proxying [GET /element/1fbac8da-87f4-4045-837a-8dfa3ea0704a/attribute/enabled] to [GET http://127.0.0.1:8216/wd/hub/session/bc4fa27b-1e85-4865-ac82-015b335267d9/element/1fbac8da-87f4-4045-837a-8dfa3ea0704a/attribute/enabled] with no body
[debug] &amp#27;[35m[WD Proxy]&amp#27;[39m Got response with status 200: {"sessionId":"bc4fa27b-1e85-4865-ac82-015b335267d9","value":"true"}
[debug] &amp#27;[35m[W3C (34394bf9)]&amp#27;[39m Responding to client with driver.elementEnabled() result: true
&amp#27;[35m[HTTP]&amp#27;[39m &amp#27;[37m<-- GET /wd/hub/session/34394bf9-0c01-4d1d-b0c9-6a63b2f7d538/element/1fbac8da-87f4-4045-837a-8dfa3ea0704a/enabled &amp#27;[39m&amp#27;[32m200&amp#27;[39m &amp#27;[90m478 ms - 14&amp#27;[39m
&amp#27;[35m[HTTP]&amp#27;[39m &amp#27;[90m&amp#27;[39m
&amp#27;[35m[HTTP]&amp#27;[39m &amp#27;[37m-->&amp#27;[39m &amp#27;[37mPOST&amp#27;[39m &amp#27;[37m/wd/hub/session/34394bf9-0c01-4d1d-b0c9-6a63b2f7d538/timeouts&amp#27;[39m
&amp#27;[35m[HTTP]&amp#27;[39m &amp#27;[90m{"implicit":10000}&amp#27;[39m
[debug] &amp#27;[35m[W3C (34394bf9)]&amp#27;[39m Calling AppiumDriver.timeouts() with args: [null,null,null,null,10000,"34394bf9-0c01-4d1d-b0c9-6a63b2f7d538"]
[debug] &amp#27;[35m[BaseDriver]&amp#27;[39m W3C timeout argument: {"implicit":10000}}
[debug] &amp#27;[35m[BaseDriver]&amp#27;[39m Set implicit wait to 10000ms
[debug] &amp#27;[35m[W3C (34394bf9)]&amp#27;[39m Responding to client with driver.timeouts() result: null
&amp#27;[35m[HTTP]&amp#27;[39m &amp#27;[37m<-- POST /wd/hub/session/34394bf9-0c01-4d1d-b0c9-6a63b2f7d538/timeouts &amp#27;[39m&amp#27;[32m200&amp#27;[39m &amp#27;[90m3 ms - 14&amp#27;[39m
&amp#27;[35m[HTTP]&amp#27;[39m &amp#27;[90m&amp#27;[39m
&amp#27;[35m[HTTP]&amp#27;[39m &amp#27;[37m-->&amp#27;[39m &amp#27;[37mGET&amp#27;[39m &amp#27;[37m/wd/hub/session/34394bf9-0c01-4d1d-b0c9-6a63b2f7d538&amp#27;[39m
&amp#27;[35m[HTTP]&amp#27;[39m &amp#27;[90m{}&amp#27;[39m
[debug] &amp#27;[35m[W3C (34394bf9)]&amp#27;[39m Calling AppiumDriver.getSession() with args: ["34394bf9-0c01-4d1d-b0c9-6a63b2f7d538"]
[debug] &amp#27;[35m[UiAutomator2]&amp#27;[39m Getting session details from server to mix in
[debug] &amp#27;[35m[WD Proxy]&amp#27;[39m Matched '/' to command name 'getSession'
[debug] &amp#27;[35m[WD Proxy]&amp#27;[39m Proxying [GET /] to [GET http://127.0.0.1:8216/wd/hub/session/bc4fa27b-1e85-4865-ac82-015b335267d9] with no body
[debug] &amp#27;[35m[WD Proxy]&amp#27;[39m Got response with status 200: {"sessionId":"bc4fa27b-1e85-4865-ac82-015b335267d9","value":{"lastScrollData":null}}
[debug] &amp#27;[35m[W3C (34394bf9)]&amp#27;[39m Responding to client with driver.getSession() result: {"platform":"LINUX","webStorageEnabled":false,"takesScreenshot":true,"javascriptEnabled":true,"databaseEnabled":false,"networkConnectionEnabled":true,"locationContextEnabled":false,"warnings":{},"desired":{"platformName":"android","app":"C:\\Users\\Anis\\eclipse-workspace\\Appium\\src\\ApiDemos-debug.apk","deviceName":"Redmi","newCommandTimeout":14},"platformName":"android","app":"C:\\Users\\Anis\\eclipse-workspace\\Appium\\src\\ApiDemos-debug.apk","deviceName":"55272e729804","newCommandTimeout":14,"deviceUDID":"55272e729804","appPackage":"io.appium.android.apis","deviceApiLevel":24,"platformVersion":"7.0","deviceScreenSize":"1080x1920","deviceScreenDensity":480,"deviceModel":"Redmi Note 4","deviceManufacturer":"Xiaomi","pixelRatio":3,"statBarHeight":72,"viewportRect":{"left":0,"top":72,"width":1080,"height":1848},"lastScrollData":null}
&amp#27;[35m[HTTP]&amp#27;[39m &amp#27;[37m<-- GET /wd/hub/session/34394bf9-0c01-4d1d-b0c9-6a63b2f7d538 &amp#27;[39m&amp#27;[32m200&amp#27;[39m &amp#27;[90m15 ms - 858&amp#27;[39m
&amp#27;[35m[HTTP]&amp#27;[39m &amp#27;[90m&amp#27;[39m
&amp#27;[35m[HTTP]&amp#27;[39m &amp#27;[37m-->&amp#27;[39m &amp#27;[37mPOST&amp#27;[39m &amp#27;[37m/wd/hub/session/34394bf9-0c01-4d1d-b0c9-6a63b2f7d538/element&amp#27;[39m
&amp#27;[35m[HTTP]&amp#27;[39m &amp#27;[90m{"using":"xpath","value":"//android.widget.TextView[@content-desc=\"Switches\"]"}&amp#27;[39m
[debug] &amp#27;[35m[W3C (34394bf9)]&amp#27;[39m Calling AppiumDriver.findElement() with args: ["xpath","//android.widget.TextView[@content-desc=\"Switches\"]","34394bf9-0c01-4d1d-b0c9-6a63b2f7d538"]
[debug] &amp#27;[35m[BaseDriver]&amp#27;[39m Valid locator strategies for this request: xpath, id, class name, accessibility id, css selector, -android uiautomator
[debug] &amp#27;[35m[BaseDriver]&amp#27;[39m Waiting up to 10000 ms for condition
[debug] &amp#27;[35m[WD Proxy]&amp#27;[39m Matched '/element' to command name 'findElement'
[debug] &amp#27;[35m[WD Proxy]&amp#27;[39m Proxying [POST /element] to [POST http://127.0.0.1:8216/wd/hub/session/bc4fa27b-1e85-4865-ac82-015b335267d9/element] with body: {"strategy":"xpath","selector":"//android.widget.TextView[@content-desc=\"Switches\"]","context":"","multiple":false}
[debug] &amp#27;[35m[WD Proxy]&amp#27;[39m Got response with status 200: {"sessionId":"bc4fa27b-1e85-4865-ac82-015b335267d9","value":{"ELEMENT":"1c32d5b4-b12b-4faf-8a39-d19420472c57","element-6066-11e4-a52e-4f735466cecf":"1c32d5b4-b12b-4faf-8a39-d19420472c57"}}
[debug] &amp#27;[35m[W3C (34394bf9)]&amp#27;[39m Responding to client with driver.findElement() result: {"element-6066-11e4-a52e-4f735466cecf":"1c32d5b4-b12b-4faf-8a39-d19420472c57","ELEMENT":"1c32d5b4-b12b-4faf-8a39-d19420472c57"}
&amp#27;[35m[HTTP]&amp#27;[39m &amp#27;[37m<-- POST /wd/hub/session/34394bf9-0c01-4d1d-b0c9-6a63b2f7d538/element &amp#27;[39m&amp#27;[32m200&amp#27;[39m &amp#27;[90m70 ms - 137&amp#27;[39m
&amp#27;[35m[HTTP]&amp#27;[39m &amp#27;[90m&amp#27;[39m
&amp#27;[35m[HTTP]&amp#27;[39m &amp#27;[37m-->&amp#27;[39m &amp#27;[37mPOST&amp#27;[39m &amp#27;[37m/wd/hub/session/34394bf9-0c01-4d1d-b0c9-6a63b2f7d538/element/1c32d5b4-b12b-4faf-8a39-d19420472c57/click&amp#27;[39m
&amp#27;[35m[HTTP]&amp#27;[39m &amp#27;[90m{"id":"1c32d5b4-b12b-4faf-8a39-d19420472c57"}&amp#27;[39m
[debug] &amp#27;[35m[W3C (34394bf9)]&amp#27;[39m Calling AppiumDriver.click() with args: ["1c32d5b4-b12b-4faf-8a39-d19420472c57","34394bf9-0c01-4d1d-b0c9-6a63b2f7d538"]
[debug] &amp#27;[35m[WD Proxy]&amp#27;[39m Matched '/element/1c32d5b4-b12b-4faf-8a39-d19420472c57/click' to command name 'click'
[debug] &amp#27;[35m[WD Proxy]&amp#27;[39m Proxying [POST /element/1c32d5b4-b12b-4faf-8a39-d19420472c57/click] to [POST http://127.0.0.1:8216/wd/hub/session/bc4fa27b-1e85-4865-ac82-015b335267d9/element/1c32d5b4-b12b-4faf-8a39-d19420472c57/click] with body: {"element":"1c32d5b4-b12b-4faf-8a39-d19420472c57"}
[debug] &amp#27;[35m[WD Proxy]&amp#27;[39m Got response with status 200: {"sessionId":"bc4fa27b-1e85-4865-ac82-015b335267d9","value":null}
[debug] &amp#27;[35m[W3C (34394bf9)]&amp#27;[39m Responding to client with driver.click() result: null
&amp#27;[35m[HTTP]&amp#27;[39m &amp#27;[37m<-- POST /wd/hub/session/34394bf9-0c01-4d1d-b0c9-6a63b2f7d538/element/1c32d5b4-b12b-4faf-8a39-d19420472c57/click &amp#27;[39m&amp#27;[32m200&amp#27;[39m &amp#27;[90m1194 ms - 14&amp#27;[39m
&amp#27;[35m[HTTP]&amp#27;[39m &amp#27;[90m&amp#27;[39m
[INFO ] 2021-06-18 15:58:29.940 [main] ExplicitWait - Waiting for element to be visible: Located by By.chained({By.xpath: //android.widget.Switch[@content-desc="Standard switch"and @checkable='true']})
[INFO ] 2021-06-18 15:58:29.942 [main] ExplicitWait - Waiting for element to be visible: Located by By.chained({By.xpath: //android.widget.Switch[@content-desc="Standard switch"and @checkable='true']})
&amp#27;[35m[HTTP]&amp#27;[39m &amp#27;[37m-->&amp#27;[39m &amp#27;[37mPOST&amp#27;[39m &amp#27;[37m/wd/hub/session/34394bf9-0c01-4d1d-b0c9-6a63b2f7d538/timeouts&amp#27;[39m
&amp#27;[35m[HTTP]&amp#27;[39m &amp#27;[90m{"implicit":0}&amp#27;[39m
[debug] &amp#27;[35m[W3C (34394bf9)]&amp#27;[39m Calling AppiumDriver.timeouts() with args: [null,null,null,null,0,"34394bf9-0c01-4d1d-b0c9-6a63b2f7d538"]
[debug] &amp#27;[35m[BaseDriver]&amp#27;[39m W3C timeout argument: {"implicit":0}}
[debug] &amp#27;[35m[BaseDriver]&amp#27;[39m Set implicit wait to 0ms
[debug] &amp#27;[35m[W3C (34394bf9)]&amp#27;[39m Responding to client with driver.timeouts() result: null
&amp#27;[35m[HTTP]&amp#27;[39m &amp#27;[37m<-- POST /wd/hub/session/34394bf9-0c01-4d1d-b0c9-6a63b2f7d538/timeouts &amp#27;[39m&amp#27;[32m200&amp#27;[39m &amp#27;[90m2 ms - 14&amp#27;[39m
&amp#27;[35m[HTTP]&amp#27;[39m &amp#27;[90m&amp#27;[39m
&amp#27;[35m[HTTP]&amp#27;[39m &amp#27;[37m-->&amp#27;[39m &amp#27;[37mGET&amp#27;[39m &amp#27;[37m/wd/hub/session/34394bf9-0c01-4d1d-b0c9-6a63b2f7d538&amp#27;[39m
&amp#27;[35m[HTTP]&amp#27;[39m &amp#27;[90m{}&amp#27;[39m
[debug] &amp#27;[35m[W3C (34394bf9)]&amp#27;[39m Calling AppiumDriver.getSession() with args: ["34394bf9-0c01-4d1d-b0c9-6a63b2f7d538"]
[debug] &amp#27;[35m[UiAutomator2]&amp#27;[39m Getting session details from server to mix in
[debug] &amp#27;[35m[WD Proxy]&amp#27;[39m Matched '/' to command name 'getSession'
[debug] &amp#27;[35m[WD Proxy]&amp#27;[39m Proxying [GET /] to [GET http://127.0.0.1:8216/wd/hub/session/bc4fa27b-1e85-4865-ac82-015b335267d9] with no body
[debug] &amp#27;[35m[WD Proxy]&amp#27;[39m Got response with status 200: {"sessionId":"bc4fa27b-1e85-4865-ac82-015b335267d9","value":{"lastScrollData":null}}
[debug] &amp#27;[35m[W3C (34394bf9)]&amp#27;[39m Responding to client with driver.getSession() result: {"platform":"LINUX","webStorageEnabled":false,"takesScreenshot":true,"javascriptEnabled":true,"databaseEnabled":false,"networkConnectionEnabled":true,"locationContextEnabled":false,"warnings":{},"desired":{"platformName":"android","app":"C:\\Users\\Anis\\eclipse-workspace\\Appium\\src\\ApiDemos-debug.apk","deviceName":"Redmi","newCommandTimeout":14},"platformName":"android","app":"C:\\Users\\Anis\\eclipse-workspace\\Appium\\src\\ApiDemos-debug.apk","deviceName":"55272e729804","newCommandTimeout":14,"deviceUDID":"55272e729804","appPackage":"io.appium.android.apis","deviceApiLevel":24,"platformVersion":"7.0","deviceScreenSize":"1080x1920","deviceScreenDensity":480,"deviceModel":"Redmi Note 4","deviceManufacturer":"Xiaomi","pixelRatio":3,"statBarHeight":72,"viewportRect":{"left":0,"top":72,"width":1080,"height":1848},"lastScrollData":null}
&amp#27;[35m[HTTP]&amp#27;[39m &amp#27;[37m<-- GET /wd/hub/session/34394bf9-0c01-4d1d-b0c9-6a63b2f7d538 &amp#27;[39m&amp#27;[32m200&amp#27;[39m &amp#27;[90m15 ms - 858&amp#27;[39m
&amp#27;[35m[HTTP]&amp#27;[39m &amp#27;[90m&amp#27;[39m
&amp#27;[35m[HTTP]&amp#27;[39m &amp#27;[37m-->&amp#27;[39m &amp#27;[37mPOST&amp#27;[39m &amp#27;[37m/wd/hub/session/34394bf9-0c01-4d1d-b0c9-6a63b2f7d538/element&amp#27;[39m
&amp#27;[35m[HTTP]&amp#27;[39m &amp#27;[90m{"using":"xpath","value":"//android.widget.Switch[@content-desc=\"Standard switch\"and @checkable='true']"}&amp#27;[39m
[debug] &amp#27;[35m[W3C (34394bf9)]&amp#27;[39m Calling AppiumDriver.findElement() with args: ["xpath","//android.widget.Switch[@content-desc=\"Standard switch\"and @checkable='true']","34394bf9-0c01-4d1d-b0c9-6a63b2f7d538"]
[debug] &amp#27;[35m[BaseDriver]&amp#27;[39m Valid locator strategies for this request: xpath, id, class name, accessibility id, css selector, -android uiautomator
[debug] &amp#27;[35m[BaseDriver]&amp#27;[39m Waiting up to 0 ms for condition
[debug] &amp#27;[35m[WD Proxy]&amp#27;[39m Matched '/element' to command name 'findElement'
[debug] &amp#27;[35m[WD Proxy]&amp#27;[39m Proxying [POST /element] to [POST http://127.0.0.1:8216/wd/hub/session/bc4fa27b-1e85-4865-ac82-015b335267d9/element] with body: {"strategy":"xpath","selector":"//android.widget.Switch[@content-desc=\"Standard switch\"and @checkable='true']","context":"","multiple":false}
[debug] &amp#27;[35m[WD Proxy]&amp#27;[39m Got response with status 200: {"sessionId":"bc4fa27b-1e85-4865-ac82-015b335267d9","value":{"ELEMENT":"6ce48a88-a5e5-4303-a6c4-4019334c08b3","element-6066-11e4-a52e-4f735466cecf":"6ce48a88-a5e5-4303-a6c4-4019334c08b3"}}
[debug] &amp#27;[35m[W3C (34394bf9)]&amp#27;[39m Responding to client with driver.findElement() result: {"element-6066-11e4-a52e-4f735466cecf":"6ce48a88-a5e5-4303-a6c4-4019334c08b3","ELEMENT":"6ce48a88-a5e5-4303-a6c4-4019334c08b3"}
&amp#27;[35m[HTTP]&amp#27;[39m &amp#27;[37m<-- POST /wd/hub/session/34394bf9-0c01-4d1d-b0c9-6a63b2f7d538/element &amp#27;[39m&amp#27;[32m200&amp#27;[39m &amp#27;[90m71 ms - 137&amp#27;[39m
&amp#27;[35m[HTTP]&amp#27;[39m &amp#27;[90m&amp#27;[39m
&amp#27;[35m[HTTP]&amp#27;[39m &amp#27;[37m-->&amp#27;[39m &amp#27;[37mGET&amp#27;[39m &amp#27;[37m/wd/hub/session/34394bf9-0c01-4d1d-b0c9-6a63b2f7d538/element/6ce48a88-a5e5-4303-a6c4-4019334c08b3/displayed&amp#27;[39m
&amp#27;[35m[HTTP]&amp#27;[39m &amp#27;[90m{}&amp#27;[39m
[debug] &amp#27;[35m[W3C (34394bf9)]&amp#27;[39m Calling AppiumDriver.elementDisplayed() with args: ["6ce48a88-a5e5-4303-a6c4-4019334c08b3","34394bf9-0c01-4d1d-b0c9-6a63b2f7d538"]
[debug] &amp#27;[35m[WD Proxy]&amp#27;[39m Matched '/element/6ce48a88-a5e5-4303-a6c4-4019334c08b3/attribute/displayed' to command name 'getAttribute'
[debug] &amp#27;[35m[WD Proxy]&amp#27;[39m Proxying [GET /element/6ce48a88-a5e5-4303-a6c4-4019334c08b3/attribute/displayed] to [GET http://127.0.0.1:8216/wd/hub/session/bc4fa27b-1e85-4865-ac82-015b335267d9/element/6ce48a88-a5e5-4303-a6c4-4019334c08b3/attribute/displayed] with no body
[debug] &amp#27;[35m[WD Proxy]&amp#27;[39m Got response with status 200: {"sessionId":"bc4fa27b-1e85-4865-ac82-015b335267d9","value":"true"}
[debug] &amp#27;[35m[W3C (34394bf9)]&amp#27;[39m Responding to client with driver.elementDisplayed() result: true
&amp#27;[35m[HTTP]&amp#27;[39m &amp#27;[37m<-- GET /wd/hub/session/34394bf9-0c01-4d1d-b0c9-6a63b2f7d538/element/6ce48a88-a5e5-4303-a6c4-4019334c08b3/displayed &amp#27;[39m&amp#27;[32m200&amp#27;[39m &amp#27;[90m18 ms - 14&amp#27;[39m
&amp#27;[35m[HTTP]&amp#27;[39m &amp#27;[90m&amp#27;[39m
&amp#27;[35m[HTTP]&amp#27;[39m &amp#27;[37m-->&amp#27;[39m &amp#27;[37mPOST&amp#27;[39m &amp#27;[37m/wd/hub/session/34394bf9-0c01-4d1d-b0c9-6a63b2f7d538/timeouts&amp#27;[39m
&amp#27;[35m[HTTP]&amp#27;[39m &amp#27;[90m{"implicit":10000}&amp#27;[39m
[debug] &amp#27;[35m[W3C (34394bf9)]&amp#27;[39m Calling AppiumDriver.timeouts() with args: [null,null,null,null,10000,"34394bf9-0c01-4d1d-b0c9-6a63b2f7d538"]
[debug] &amp#27;[35m[BaseDriver]&amp#27;[39m W3C timeout argument: {"implicit":10000}}
[debug] &amp#27;[35m[BaseDriver]&amp#27;[39m Set implicit wait to 10000ms
[debug] &amp#27;[35m[W3C (34394bf9)]&amp#27;[39m Responding to client with driver.timeouts() result: null
&amp#27;[35m[HTTP]&amp#27;[39m &amp#27;[37m<-- POST /wd/hub/session/34394bf9-0c01-4d1d-b0c9-6a63b2f7d538/timeouts &amp#27;[39m&amp#27;[32m200&amp#27;[39m &amp#27;[90m2 ms - 14&amp#27;[39m
&amp#27;[35m[HTTP]&amp#27;[39m &amp#27;[90m&amp#27;[39m
[INFO ] 2021-06-18 15:58:30.099 [main] ViewsPage - Clicks The Standard Switch
[INFO ] 2021-06-18 15:58:30.099 [main] ExplicitWait - Waiting for element to be clickable: Located by By.chained({By.xpath: //android.widget.Switch[@content-desc="Standard switch"and @checkable='true']})
&amp#27;[35m[HTTP]&amp#27;[39m &amp#27;[37m-->&amp#27;[39m &amp#27;[37mPOST&amp#27;[39m &amp#27;[37m/wd/hub/session/34394bf9-0c01-4d1d-b0c9-6a63b2f7d538/timeouts&amp#27;[39m
&amp#27;[35m[HTTP]&amp#27;[39m &amp#27;[90m{"implicit":0}&amp#27;[39m
[debug] &amp#27;[35m[W3C (34394bf9)]&amp#27;[39m Calling AppiumDriver.timeouts() with args: [null,null,null,null,0,"34394bf9-0c01-4d1d-b0c9-6a63b2f7d538"]
[debug] &amp#27;[35m[BaseDriver]&amp#27;[39m W3C timeout argument: {"implicit":0}}
[debug] &amp#27;[35m[BaseDriver]&amp#27;[39m Set implicit wait to 0ms
[debug] &amp#27;[35m[W3C (34394bf9)]&amp#27;[39m Responding to client with driver.timeouts() result: null
&amp#27;[35m[HTTP]&amp#27;[39m &amp#27;[37m<-- POST /wd/hub/session/34394bf9-0c01-4d1d-b0c9-6a63b2f7d538/timeouts &amp#27;[39m&amp#27;[32m200&amp#27;[39m &amp#27;[90m2 ms - 14&amp#27;[39m
&amp#27;[35m[HTTP]&amp#27;[39m &amp#27;[90m&amp#27;[39m
&amp#27;[35m[HTTP]&amp#27;[39m &amp#27;[37m-->&amp#27;[39m &amp#27;[37mGET&amp#27;[39m &amp#27;[37m/wd/hub/session/34394bf9-0c01-4d1d-b0c9-6a63b2f7d538&amp#27;[39m
&amp#27;[35m[HTTP]&amp#27;[39m &amp#27;[90m{}&amp#27;[39m
[debug] &amp#27;[35m[W3C (34394bf9)]&amp#27;[39m Calling AppiumDriver.getSession() with args: ["34394bf9-0c01-4d1d-b0c9-6a63b2f7d538"]
[debug] &amp#27;[35m[UiAutomator2]&amp#27;[39m Getting session details from server to mix in
[debug] &amp#27;[35m[WD Proxy]&amp#27;[39m Matched '/' to command name 'getSession'
[debug] &amp#27;[35m[WD Proxy]&amp#27;[39m Proxying [GET /] to [GET http://127.0.0.1:8216/wd/hub/session/bc4fa27b-1e85-4865-ac82-015b335267d9] with no body
[debug] &amp#27;[35m[WD Proxy]&amp#27;[39m Got response with status 200: {"sessionId":"bc4fa27b-1e85-4865-ac82-015b335267d9","value":{"lastScrollData":null}}
[debug] &amp#27;[35m[W3C (34394bf9)]&amp#27;[39m Responding to client with driver.getSession() result: {"platform":"LINUX","webStorageEnabled":false,"takesScreenshot":true,"javascriptEnabled":true,"databaseEnabled":false,"networkConnectionEnabled":true,"locationContextEnabled":false,"warnings":{},"desired":{"platformName":"android","app":"C:\\Users\\Anis\\eclipse-workspace\\Appium\\src\\ApiDemos-debug.apk","deviceName":"Redmi","newCommandTimeout":14},"platformName":"android","app":"C:\\Users\\Anis\\eclipse-workspace\\Appium\\src\\ApiDemos-debug.apk","deviceName":"55272e729804","newCommandTimeout":14,"deviceUDID":"55272e729804","appPackage":"io.appium.android.apis","deviceApiLevel":24,"platformVersion":"7.0","deviceScreenSize":"1080x1920","deviceScreenDensity":480,"deviceModel":"Redmi Note 4","deviceManufacturer":"Xiaomi","pixelRatio":3,"statBarHeight":72,"viewportRect":{"left":0,"top":72,"width":1080,"height":1848},"lastScrollData":null}
&amp#27;[35m[HTTP]&amp#27;[39m &amp#27;[37m<-- GET /wd/hub/session/34394bf9-0c01-4d1d-b0c9-6a63b2f7d538 &amp#27;[39m&amp#27;[32m200&amp#27;[39m &amp#27;[90m19 ms - 858&amp#27;[39m
&amp#27;[35m[HTTP]&amp#27;[39m &amp#27;[90m&amp#27;[39m
&amp#27;[35m[HTTP]&amp#27;[39m &amp#27;[37m-->&amp#27;[39m &amp#27;[37mPOST&amp#27;[39m &amp#27;[37m/wd/hub/session/34394bf9-0c01-4d1d-b0c9-6a63b2f7d538/element&amp#27;[39m
&amp#27;[35m[HTTP]&amp#27;[39m &amp#27;[90m{"using":"xpath","value":"//android.widget.Switch[@content-desc=\"Standard switch\"and @checkable='true']"}&amp#27;[39m
[debug] &amp#27;[35m[W3C (34394bf9)]&amp#27;[39m Calling AppiumDriver.findElement() with args: ["xpath","//android.widget.Switch[@content-desc=\"Standard switch\"and @checkable='true']","34394bf9-0c01-4d1d-b0c9-6a63b2f7d538"]
[debug] &amp#27;[35m[BaseDriver]&amp#27;[39m Valid locator strategies for this request: xpath, id, class name, accessibility id, css selector, -android uiautomator
[debug] &amp#27;[35m[BaseDriver]&amp#27;[39m Waiting up to 0 ms for condition
[debug] &amp#27;[35m[WD Proxy]&amp#27;[39m Matched '/element' to command name 'findElement'
[debug] &amp#27;[35m[WD Proxy]&amp#27;[39m Proxying [POST /element] to [POST http://127.0.0.1:8216/wd/hub/session/bc4fa27b-1e85-4865-ac82-015b335267d9/element] with body: {"strategy":"xpath","selector":"//android.widget.Switch[@content-desc=\"Standard switch\"and @checkable='true']","context":"","multiple":false}
[debug] &amp#27;[35m[WD Proxy]&amp#27;[39m Got response with status 200: {"sessionId":"bc4fa27b-1e85-4865-ac82-015b335267d9","value":{"ELEMENT":"9799a3ce-1c89-465c-bf8b-f38acefdac35","element-6066-11e4-a52e-4f735466cecf":"9799a3ce-1c89-465c-bf8b-f38acefdac35"}}
[debug] &amp#27;[35m[W3C (34394bf9)]&amp#27;[39m Responding to client with driver.findElement() result: {"element-6066-11e4-a52e-4f735466cecf":"9799a3ce-1c89-465c-bf8b-f38acefdac35","ELEMENT":"9799a3ce-1c89-465c-bf8b-f38acefdac35"}
&amp#27;[35m[HTTP]&amp#27;[39m &amp#27;[37m<-- POST /wd/hub/session/34394bf9-0c01-4d1d-b0c9-6a63b2f7d538/element &amp#27;[39m&amp#27;[32m200&amp#27;[39m &amp#27;[90m74 ms - 137&amp#27;[39m
&amp#27;[35m[HTTP]&amp#27;[39m &amp#27;[90m&amp#27;[39m
&amp#27;[35m[HTTP]&amp#27;[39m &amp#27;[37m-->&amp#27;[39m &amp#27;[37mGET&amp#27;[39m &amp#27;[37m/wd/hub/session/34394bf9-0c01-4d1d-b0c9-6a63b2f7d538/element/9799a3ce-1c89-465c-bf8b-f38acefdac35/displayed&amp#27;[39m
&amp#27;[35m[HTTP]&amp#27;[39m &amp#27;[90m{}&amp#27;[39m
[debug] &amp#27;[35m[W3C (34394bf9)]&amp#27;[39m Calling AppiumDriver.elementDisplayed() with args: ["9799a3ce-1c89-465c-bf8b-f38acefdac35","34394bf9-0c01-4d1d-b0c9-6a63b2f7d538"]
[debug] &amp#27;[35m[WD Proxy]&amp#27;[39m Matched '/element/9799a3ce-1c89-465c-bf8b-f38acefdac35/attribute/displayed' to command name 'getAttribute'
[debug] &amp#27;[35m[WD Proxy]&amp#27;[39m Proxying [GET /element/9799a3ce-1c89-465c-bf8b-f38acefdac35/attribute/displayed] to [GET http://127.0.0.1:8216/wd/hub/session/bc4fa27b-1e85-4865-ac82-015b335267d9/element/9799a3ce-1c89-465c-bf8b-f38acefdac35/attribute/displayed] with no body
[debug] &amp#27;[35m[WD Proxy]&amp#27;[39m Got response with status 200: {"sessionId":"bc4fa27b-1e85-4865-ac82-015b335267d9","value":"true"}
[debug] &amp#27;[35m[W3C (34394bf9)]&amp#27;[39m Responding to client with driver.elementDisplayed() result: true
&amp#27;[35m[HTTP]&amp#27;[39m &amp#27;[37m<-- GET /wd/hub/session/34394bf9-0c01-4d1d-b0c9-6a63b2f7d538/element/9799a3ce-1c89-465c-bf8b-f38acefdac35/displayed &amp#27;[39m&amp#27;[32m200&amp#27;[39m &amp#27;[90m17 ms - 14&amp#27;[39m
&amp#27;[35m[HTTP]&amp#27;[39m &amp#27;[90m&amp#27;[39m
&amp#27;[35m[HTTP]&amp#27;[39m &amp#27;[37m-->&amp#27;[39m &amp#27;[37mGET&amp#27;[39m &amp#27;[37m/wd/hub/session/34394bf9-0c01-4d1d-b0c9-6a63b2f7d538&amp#27;[39m
&amp#27;[35m[HTTP]&amp#27;[39m &amp#27;[90m{}&amp#27;[39m
[debug] &amp#27;[35m[W3C (34394bf9)]&amp#27;[39m Calling AppiumDriver.getSession() with args: ["34394bf9-0c01-4d1d-b0c9-6a63b2f7d538"]
[debug] &amp#27;[35m[UiAutomator2]&amp#27;[39m Getting session details from server to mix in
[debug] &amp#27;[35m[WD Proxy]&amp#27;[39m Matched '/' to command name 'getSession'
[debug] &amp#27;[35m[WD Proxy]&amp#27;[39m Proxying [GET /] to [GET http://127.0.0.1:8216/wd/hub/session/bc4fa27b-1e85-4865-ac82-015b335267d9] with no body
[debug] &amp#27;[35m[WD Proxy]&amp#27;[39m Got response with status 200: {"sessionId":"bc4fa27b-1e85-4865-ac82-015b335267d9","value":{"lastScrollData":null}}
[debug] &amp#27;[35m[W3C (34394bf9)]&amp#27;[39m Responding to client with driver.getSession() result: {"platform":"LINUX","webStorageEnabled":false,"takesScreenshot":true,"javascriptEnabled":true,"databaseEnabled":false,"networkConnectionEnabled":true,"locationContextEnabled":false,"warnings":{},"desired":{"platformName":"android","app":"C:\\Users\\Anis\\eclipse-workspace\\Appium\\src\\ApiDemos-debug.apk","deviceName":"Redmi","newCommandTimeout":14},"platformName":"android","app":"C:\\Users\\Anis\\eclipse-workspace\\Appium\\src\\ApiDemos-debug.apk","deviceName":"55272e729804","newCommandTimeout":14,"deviceUDID":"55272e729804","appPackage":"io.appium.android.apis","deviceApiLevel":24,"platformVersion":"7.0","deviceScreenSize":"1080x1920","deviceScreenDensity":480,"deviceModel":"Redmi Note 4","deviceManufacturer":"Xiaomi","pixelRatio":3,"statBarHeight":72,"viewportRect":{"left":0,"top":72,"width":1080,"height":1848},"lastScrollData":null}
&amp#27;[35m[HTTP]&amp#27;[39m &amp#27;[37m<-- GET /wd/hub/session/34394bf9-0c01-4d1d-b0c9-6a63b2f7d538 &amp#27;[39m&amp#27;[32m200&amp#27;[39m &amp#27;[90m10 ms - 858&amp#27;[39m
&amp#27;[35m[HTTP]&amp#27;[39m &amp#27;[90m&amp#27;[39m
&amp#27;[35m[HTTP]&amp#27;[39m &amp#27;[37m-->&amp#27;[39m &amp#27;[37mPOST&amp#27;[39m &amp#27;[37m/wd/hub/session/34394bf9-0c01-4d1d-b0c9-6a63b2f7d538/element&amp#27;[39m
&amp#27;[35m[HTTP]&amp#27;[39m &amp#27;[90m{"using":"xpath","value":"//android.widget.Switch[@content-desc=\"Standard switch\"and @checkable='true']"}&amp#27;[39m
[debug] &amp#27;[35m[W3C (34394bf9)]&amp#27;[39m Calling AppiumDriver.findElement() with args: ["xpath","//android.widget.Switch[@content-desc=\"Standard switch\"and @checkable='true']","34394bf9-0c01-4d1d-b0c9-6a63b2f7d538"]
[debug] &amp#27;[35m[BaseDriver]&amp#27;[39m Valid locator strategies for this request: xpath, id, class name, accessibility id, css selector, -android uiautomator
[debug] &amp#27;[35m[BaseDriver]&amp#27;[39m Waiting up to 0 ms for condition
[debug] &amp#27;[35m[WD Proxy]&amp#27;[39m Matched '/element' to command name 'findElement'
[debug] &amp#27;[35m[WD Proxy]&amp#27;[39m Proxying [POST /element] to [POST http://127.0.0.1:8216/wd/hub/session/bc4fa27b-1e85-4865-ac82-015b335267d9/element] with body: {"strategy":"xpath","selector":"//android.widget.Switch[@content-desc=\"Standard switch\"and @checkable='true']","context":"","multiple":false}
[debug] &amp#27;[35m[WD Proxy]&amp#27;[39m Got response with status 200: {"sessionId":"bc4fa27b-1e85-4865-ac82-015b335267d9","value":{"ELEMENT":"09e42928-a818-457d-897a-551d6b8d4c60","element-6066-11e4-a52e-4f735466cecf":"09e42928-a818-457d-897a-551d6b8d4c60"}}
[debug] &amp#27;[35m[W3C (34394bf9)]&amp#27;[39m Responding to client with driver.findElement() result: {"element-6066-11e4-a52e-4f735466cecf":"09e42928-a818-457d-897a-551d6b8d4c60","ELEMENT":"09e42928-a818-457d-897a-551d6b8d4c60"}
&amp#27;[35m[HTTP]&amp#27;[39m &amp#27;[37m<-- POST /wd/hub/session/34394bf9-0c01-4d1d-b0c9-6a63b2f7d538/element &amp#27;[39m&amp#27;[32m200&amp#27;[39m &amp#27;[90m37 ms - 137&amp#27;[39m
&amp#27;[35m[HTTP]&amp#27;[39m &amp#27;[90m&amp#27;[39m
&amp#27;[35m[HTTP]&amp#27;[39m &amp#27;[37m-->&amp#27;[39m &amp#27;[37mGET&amp#27;[39m &amp#27;[37m/wd/hub/session/34394bf9-0c01-4d1d-b0c9-6a63b2f7d538/element/09e42928-a818-457d-897a-551d6b8d4c60/enabled&amp#27;[39m
&amp#27;[35m[HTTP]&amp#27;[39m &amp#27;[90m{}&amp#27;[39m
[debug] &amp#27;[35m[W3C (34394bf9)]&amp#27;[39m Calling AppiumDriver.elementEnabled() with args: ["09e42928-a818-457d-897a-551d6b8d4c60","34394bf9-0c01-4d1d-b0c9-6a63b2f7d538"]
[debug] &amp#27;[35m[WD Proxy]&amp#27;[39m Matched '/element/09e42928-a818-457d-897a-551d6b8d4c60/attribute/enabled' to command name 'getAttribute'
[debug] &amp#27;[35m[WD Proxy]&amp#27;[39m Proxying [GET /element/09e42928-a818-457d-897a-551d6b8d4c60/attribute/enabled] to [GET http://127.0.0.1:8216/wd/hub/session/bc4fa27b-1e85-4865-ac82-015b335267d9/element/09e42928-a818-457d-897a-551d6b8d4c60/attribute/enabled] with no body
[debug] &amp#27;[35m[WD Proxy]&amp#27;[39m Got response with status 200: {"sessionId":"bc4fa27b-1e85-4865-ac82-015b335267d9","value":"true"}
[debug] &amp#27;[35m[W3C (34394bf9)]&amp#27;[39m Responding to client with driver.elementEnabled() result: true
&amp#27;[35m[HTTP]&amp#27;[39m &amp#27;[37m<-- GET /wd/hub/session/34394bf9-0c01-4d1d-b0c9-6a63b2f7d538/element/09e42928-a818-457d-897a-551d6b8d4c60/enabled &amp#27;[39m&amp#27;[32m200&amp#27;[39m &amp#27;[90m515 ms - 14&amp#27;[39m
&amp#27;[35m[HTTP]&amp#27;[39m &amp#27;[90m&amp#27;[39m
&amp#27;[35m[HTTP]&amp#27;[39m &amp#27;[37m-->&amp#27;[39m &amp#27;[37mPOST&amp#27;[39m &amp#27;[37m/wd/hub/session/34394bf9-0c01-4d1d-b0c9-6a63b2f7d538/timeouts&amp#27;[39m
&amp#27;[35m[HTTP]&amp#27;[39m &amp#27;[90m{"implicit":10000}&amp#27;[39m
[debug] &amp#27;[35m[W3C (34394bf9)]&amp#27;[39m Calling AppiumDriver.timeouts() with args: [null,null,null,null,10000,"34394bf9-0c01-4d1d-b0c9-6a63b2f7d538"]
[debug] &amp#27;[35m[BaseDriver]&amp#27;[39m W3C timeout argument: {"implicit":10000}}
[debug] &amp#27;[35m[BaseDriver]&amp#27;[39m Set implicit wait to 10000ms
[debug] &amp#27;[35m[W3C (34394bf9)]&amp#27;[39m Responding to client with driver.timeouts() result: null
&amp#27;[35m[HTTP]&amp#27;[39m &amp#27;[37m<-- POST /wd/hub/session/34394bf9-0c01-4d1d-b0c9-6a63b2f7d538/timeouts &amp#27;[39m&amp#27;[32m200&amp#27;[39m &amp#27;[90m2 ms - 14&amp#27;[39m
&amp#27;[35m[HTTP]&amp#27;[39m &amp#27;[90m&amp#27;[39m
&amp#27;[35m[HTTP]&amp#27;[39m &amp#27;[37m-->&amp#27;[39m &amp#27;[37mGET&amp#27;[39m &amp#27;[37m/wd/hub/session/34394bf9-0c01-4d1d-b0c9-6a63b2f7d538&amp#27;[39m
&amp#27;[35m[HTTP]&amp#27;[39m &amp#27;[90m{}&amp#27;[39m
[debug] &amp#27;[35m[W3C (34394bf9)]&amp#27;[39m Calling AppiumDriver.getSession() with args: ["34394bf9-0c01-4d1d-b0c9-6a63b2f7d538"]
[debug] &amp#27;[35m[UiAutomator2]&amp#27;[39m Getting session details from server to mix in
[debug] &amp#27;[35m[WD Proxy]&amp#27;[39m Matched '/' to command name 'getSession'
[debug] &amp#27;[35m[WD Proxy]&amp#27;[39m Proxying [GET /] to [GET http://127.0.0.1:8216/wd/hub/session/bc4fa27b-1e85-4865-ac82-015b335267d9] with no body
[debug] &amp#27;[35m[WD Proxy]&amp#27;[39m Got response with status 200: {"sessionId":"bc4fa27b-1e85-4865-ac82-015b335267d9","value":{"lastScrollData":null}}
[debug] &amp#27;[35m[W3C (34394bf9)]&amp#27;[39m Responding to client with driver.getSession() result: {"platform":"LINUX","webStorageEnabled":false,"takesScreenshot":true,"javascriptEnabled":true,"databaseEnabled":false,"networkConnectionEnabled":true,"locationContextEnabled":false,"warnings":{},"desired":{"platformName":"android","app":"C:\\Users\\Anis\\eclipse-workspace\\Appium\\src\\ApiDemos-debug.apk","deviceName":"Redmi","newCommandTimeout":14},"platformName":"android","app":"C:\\Users\\Anis\\eclipse-workspace\\Appium\\src\\ApiDemos-debug.apk","deviceName":"55272e729804","newCommandTimeout":14,"deviceUDID":"55272e729804","appPackage":"io.appium.android.apis","deviceApiLevel":24,"platformVersion":"7.0","deviceScreenSize":"1080x1920","deviceScreenDensity":480,"deviceModel":"Redmi Note 4","deviceManufacturer":"Xiaomi","pixelRatio":3,"statBarHeight":72,"viewportRect":{"left":0,"top":72,"width":1080,"height":1848},"lastScrollData":null}
&amp#27;[35m[HTTP]&amp#27;[39m &amp#27;[37m<-- GET /wd/hub/session/34394bf9-0c01-4d1d-b0c9-6a63b2f7d538 &amp#27;[39m&amp#27;[32m200&amp#27;[39m &amp#27;[90m11 ms - 858&amp#27;[39m
&amp#27;[35m[HTTP]&amp#27;[39m &amp#27;[90m&amp#27;[39m
&amp#27;[35m[HTTP]&amp#27;[39m &amp#27;[37m-->&amp#27;[39m &amp#27;[37mPOST&amp#27;[39m &amp#27;[37m/wd/hub/session/34394bf9-0c01-4d1d-b0c9-6a63b2f7d538/element&amp#27;[39m
&amp#27;[35m[HTTP]&amp#27;[39m &amp#27;[90m{"using":"xpath","value":"//android.widget.Switch[@content-desc=\"Standard switch\"and @checkable='true']"}&amp#27;[39m
[debug] &amp#27;[35m[W3C (34394bf9)]&amp#27;[39m Calling AppiumDriver.findElement() with args: ["xpath","//android.widget.Switch[@content-desc=\"Standard switch\"and @checkable='true']","34394bf9-0c01-4d1d-b0c9-6a63b2f7d538"]
[debug] &amp#27;[35m[BaseDriver]&amp#27;[39m Valid locator strategies for this request: xpath, id, class name, accessibility id, css selector, -android uiautomator
[debug] &amp#27;[35m[BaseDriver]&amp#27;[39m Waiting up to 10000 ms for condition
[debug] &amp#27;[35m[WD Proxy]&amp#27;[39m Matched '/element' to command name 'findElement'
[debug] &amp#27;[35m[WD Proxy]&amp#27;[39m Proxying [POST /element] to [POST http://127.0.0.1:8216/wd/hub/session/bc4fa27b-1e85-4865-ac82-015b335267d9/element] with body: {"strategy":"xpath","selector":"//android.widget.Switch[@content-desc=\"Standard switch\"and @checkable='true']","context":"","multiple":false}
[debug] &amp#27;[35m[WD Proxy]&amp#27;[39m Got response with status 200: {"sessionId":"bc4fa27b-1e85-4865-ac82-015b335267d9","value":{"ELEMENT":"daf7ceae-9c2a-4bce-ae34-07c838ae25bd","element-6066-11e4-a52e-4f735466cecf":"daf7ceae-9c2a-4bce-ae34-07c838ae25bd"}}
[debug] &amp#27;[35m[W3C (34394bf9)]&amp#27;[39m Responding to client with driver.findElement() result: {"element-6066-11e4-a52e-4f735466cecf":"daf7ceae-9c2a-4bce-ae34-07c838ae25bd","ELEMENT":"daf7ceae-9c2a-4bce-ae34-07c838ae25bd"}
&amp#27;[35m[HTTP]&amp#27;[39m &amp#27;[37m<-- POST /wd/hub/session/34394bf9-0c01-4d1d-b0c9-6a63b2f7d538/element &amp#27;[39m&amp#27;[32m200&amp#27;[39m &amp#27;[90m50 ms - 137&amp#27;[39m
&amp#27;[35m[HTTP]&amp#27;[39m &amp#27;[90m&amp#27;[39m
&amp#27;[35m[HTTP]&amp#27;[39m &amp#27;[37m-->&amp#27;[39m &amp#27;[37mPOST&amp#27;[39m &amp#27;[37m/wd/hub/session/34394bf9-0c01-4d1d-b0c9-6a63b2f7d538/element/daf7ceae-9c2a-4bce-ae34-07c838ae25bd/click&amp#27;[39m
&amp#27;[35m[HTTP]&amp#27;[39m &amp#27;[90m{"id":"daf7ceae-9c2a-4bce-ae34-07c838ae25bd"}&amp#27;[39m
[debug] &amp#27;[35m[W3C (34394bf9)]&amp#27;[39m Calling AppiumDriver.click() with args: ["daf7ceae-9c2a-4bce-ae34-07c838ae25bd","34394bf9-0c01-4d1d-b0c9-6a63b2f7d538"]
[debug] &amp#27;[35m[WD Proxy]&amp#27;[39m Matched '/element/daf7ceae-9c2a-4bce-ae34-07c838ae25bd/click' to command name 'click'
[debug] &amp#27;[35m[WD Proxy]&amp#27;[39m Proxying [POST /element/daf7ceae-9c2a-4bce-ae34-07c838ae25bd/click] to [POST http://127.0.0.1:8216/wd/hub/session/bc4fa27b-1e85-4865-ac82-015b335267d9/element/daf7ceae-9c2a-4bce-ae34-07c838ae25bd/click] with body: {"element":"daf7ceae-9c2a-4bce-ae34-07c838ae25bd"}
[debug] &amp#27;[35m[WD Proxy]&amp#27;[39m Got response with status 200: {"sessionId":"bc4fa27b-1e85-4865-ac82-015b335267d9","value":null}
[debug] &amp#27;[35m[W3C (34394bf9)]&amp#27;[39m Responding to client with driver.click() result: null
&amp#27;[35m[HTTP]&amp#27;[39m &amp#27;[37m<-- POST /wd/hub/session/34394bf9-0c01-4d1d-b0c9-6a63b2f7d538/element/daf7ceae-9c2a-4bce-ae34-07c838ae25bd/click &amp#27;[39m&amp#27;[32m200&amp#27;[39m &amp#27;[90m23 ms - 14&amp#27;[39m
&amp#27;[35m[HTTP]&amp#27;[39m &amp#27;[90m&amp#27;[39m
[INFO ] 2021-06-18 15:58:30.944 [main] ExplicitWait - Waiting for element to be visible: Located by By.chained({By.xpath: //android.widget.Switch[@content-desc="Monitored switch"and @checkable='true']})
[INFO ] 2021-06-18 15:58:30.944 [main] ExplicitWait - Waiting for element to be visible: Located by By.chained({By.xpath: //android.widget.Switch[@content-desc="Monitored switch"and @checkable='true']})
&amp#27;[35m[HTTP]&amp#27;[39m &amp#27;[37m-->&amp#27;[39m &amp#27;[37mPOST&amp#27;[39m &amp#27;[37m/wd/hub/session/34394bf9-0c01-4d1d-b0c9-6a63b2f7d538/timeouts&amp#27;[39m
&amp#27;[35m[HTTP]&amp#27;[39m &amp#27;[90m{"implicit":0}&amp#27;[39m
[debug] &amp#27;[35m[W3C (34394bf9)]&amp#27;[39m Calling AppiumDriver.timeouts() with args: [null,null,null,null,0,"34394bf9-0c01-4d1d-b0c9-6a63b2f7d538"]
[debug] &amp#27;[35m[BaseDriver]&amp#27;[39m W3C timeout argument: {"implicit":0}}
[debug] &amp#27;[35m[BaseDriver]&amp#27;[39m Set implicit wait to 0ms
[debug] &amp#27;[35m[W3C (34394bf9)]&amp#27;[39m Responding to client with driver.timeouts() result: null
&amp#27;[35m[HTTP]&amp#27;[39m &amp#27;[37m<-- POST /wd/hub/session/34394bf9-0c01-4d1d-b0c9-6a63b2f7d538/timeouts &amp#27;[39m&amp#27;[32m200&amp#27;[39m &amp#27;[90m1 ms - 14&amp#27;[39m
&amp#27;[35m[HTTP]&amp#27;[39m &amp#27;[90m&amp#27;[39m
&amp#27;[35m[HTTP]&amp#27;[39m &amp#27;[37m-->&amp#27;[39m &amp#27;[37mGET&amp#27;[39m &amp#27;[37m/wd/hub/session/34394bf9-0c01-4d1d-b0c9-6a63b2f7d538&amp#27;[39m
&amp#27;[35m[HTTP]&amp#27;[39m &amp#27;[90m{}&amp#27;[39m
[debug] &amp#27;[35m[W3C (34394bf9)]&amp#27;[39m Calling AppiumDriver.getSession() with args: ["34394bf9-0c01-4d1d-b0c9-6a63b2f7d538"]
[debug] &amp#27;[35m[UiAutomator2]&amp#27;[39m Getting session details from server to mix in
[debug] &amp#27;[35m[WD Proxy]&amp#27;[39m Matched '/' to command name 'getSession'
[debug] &amp#27;[35m[WD Proxy]&amp#27;[39m Proxying [GET /] to [GET http://127.0.0.1:8216/wd/hub/session/bc4fa27b-1e85-4865-ac82-015b335267d9] with no body
[debug] &amp#27;[35m[WD Proxy]&amp#27;[39m Got response with status 200: {"sessionId":"bc4fa27b-1e85-4865-ac82-015b335267d9","value":{"lastScrollData":null}}
[debug] &amp#27;[35m[W3C (34394bf9)]&amp#27;[39m Responding to client with driver.getSession() result: {"platform":"LINUX","webStorageEnabled":false,"takesScreenshot":true,"javascriptEnabled":true,"databaseEnabled":false,"networkConnectionEnabled":true,"locationContextEnabled":false,"warnings":{},"desired":{"platformName":"android","app":"C:\\Users\\Anis\\eclipse-workspace\\Appium\\src\\ApiDemos-debug.apk","deviceName":"Redmi","newCommandTimeout":14},"platformName":"android","app":"C:\\Users\\Anis\\eclipse-workspace\\Appium\\src\\ApiDemos-debug.apk","deviceName":"55272e729804","newCommandTimeout":14,"deviceUDID":"55272e729804","appPackage":"io.appium.android.apis","deviceApiLevel":24,"platformVersion":"7.0","deviceScreenSize":"1080x1920","deviceScreenDensity":480,"deviceModel":"Redmi Note 4","deviceManufacturer":"Xiaomi","pixelRatio":3,"statBarHeight":72,"viewportRect":{"left":0,"top":72,"width":1080,"height":1848},"lastScrollData":null}
&amp#27;[35m[HTTP]&amp#27;[39m &amp#27;[37m<-- GET /wd/hub/session/34394bf9-0c01-4d1d-b0c9-6a63b2f7d538 &amp#27;[39m&amp#27;[32m200&amp#27;[39m &amp#27;[90m11 ms - 858&amp#27;[39m
&amp#27;[35m[HTTP]&amp#27;[39m &amp#27;[90m&amp#27;[39m
&amp#27;[35m[HTTP]&amp#27;[39m &amp#27;[37m-->&amp#27;[39m &amp#27;[37mPOST&amp#27;[39m &amp#27;[37m/wd/hub/session/34394bf9-0c01-4d1d-b0c9-6a63b2f7d538/element&amp#27;[39m
&amp#27;[35m[HTTP]&amp#27;[39m &amp#27;[90m{"using":"xpath","value":"//android.widget.Switch[@content-desc=\"Monitored switch\"and @checkable='true']"}&amp#27;[39m
[debug] &amp#27;[35m[W3C (34394bf9)]&amp#27;[39m Calling AppiumDriver.findElement() with args: ["xpath","//android.widget.Switch[@content-desc=\"Monitored switch\"and @checkable='true']","34394bf9-0c01-4d1d-b0c9-6a63b2f7d538"]
[debug] &amp#27;[35m[BaseDriver]&amp#27;[39m Valid locator strategies for this request: xpath, id, class name, accessibility id, css selector, -android uiautomator
[debug] &amp#27;[35m[BaseDriver]&amp#27;[39m Waiting up to 0 ms for condition
[debug] &amp#27;[35m[WD Proxy]&amp#27;[39m Matched '/element' to command name 'findElement'
[debug] &amp#27;[35m[WD Proxy]&amp#27;[39m Proxying [POST /element] to [POST http://127.0.0.1:8216/wd/hub/session/bc4fa27b-1e85-4865-ac82-015b335267d9/element] with body: {"strategy":"xpath","selector":"//android.widget.Switch[@content-desc=\"Monitored switch\"and @checkable='true']","context":"","multiple":false}
[debug] &amp#27;[35m[WD Proxy]&amp#27;[39m Got response with status 200: {"sessionId":"bc4fa27b-1e85-4865-ac82-015b335267d9","value":{"ELEMENT":"f45c1c8f-8898-4440-b0fc-304680def809","element-6066-11e4-a52e-4f735466cecf":"f45c1c8f-8898-4440-b0fc-304680def809"}}
[debug] &amp#27;[35m[W3C (34394bf9)]&amp#27;[39m Responding to client with driver.findElement() result: {"element-6066-11e4-a52e-4f735466cecf":"f45c1c8f-8898-4440-b0fc-304680def809","ELEMENT":"f45c1c8f-8898-4440-b0fc-304680def809"}
&amp#27;[35m[HTTP]&amp#27;[39m &amp#27;[37m<-- POST /wd/hub/session/34394bf9-0c01-4d1d-b0c9-6a63b2f7d538/element &amp#27;[39m&amp#27;[32m200&amp#27;[39m &amp#27;[90m522 ms - 137&amp#27;[39m
&amp#27;[35m[HTTP]&amp#27;[39m &amp#27;[90m&amp#27;[39m
&amp#27;[35m[HTTP]&amp#27;[39m &amp#27;[37m-->&amp#27;[39m &amp#27;[37mGET&amp#27;[39m &amp#27;[37m/wd/hub/session/34394bf9-0c01-4d1d-b0c9-6a63b2f7d538/element/f45c1c8f-8898-4440-b0fc-304680def809/displayed&amp#27;[39m
&amp#27;[35m[HTTP]&amp#27;[39m &amp#27;[90m{}&amp#27;[39m
[debug] &amp#27;[35m[W3C (34394bf9)]&amp#27;[39m Calling AppiumDriver.elementDisplayed() with args: ["f45c1c8f-8898-4440-b0fc-304680def809","34394bf9-0c01-4d1d-b0c9-6a63b2f7d538"]
[debug] &amp#27;[35m[WD Proxy]&amp#27;[39m Matched '/element/f45c1c8f-8898-4440-b0fc-304680def809/attribute/displayed' to command name 'getAttribute'
[debug] &amp#27;[35m[WD Proxy]&amp#27;[39m Proxying [GET /element/f45c1c8f-8898-4440-b0fc-304680def809/attribute/displayed] to [GET http://127.0.0.1:8216/wd/hub/session/bc4fa27b-1e85-4865-ac82-015b335267d9/element/f45c1c8f-8898-4440-b0fc-304680def809/attribute/displayed] with no body
[debug] &amp#27;[35m[WD Proxy]&amp#27;[39m Got response with status 200: {"sessionId":"bc4fa27b-1e85-4865-ac82-015b335267d9","value":"true"}
[debug] &amp#27;[35m[W3C (34394bf9)]&amp#27;[39m Responding to client with driver.elementDisplayed() result: true
&amp#27;[35m[HTTP]&amp#27;[39m &amp#27;[37m<-- GET /wd/hub/session/34394bf9-0c01-4d1d-b0c9-6a63b2f7d538/element/f45c1c8f-8898-4440-b0fc-304680def809/displayed &amp#27;[39m&amp#27;[32m200&amp#27;[39m &amp#27;[90m494 ms - 14&amp#27;[39m
&amp#27;[35m[HTTP]&amp#27;[39m &amp#27;[90m&amp#27;[39m
&amp#27;[35m[HTTP]&amp#27;[39m &amp#27;[37m-->&amp#27;[39m &amp#27;[37mPOST&amp#27;[39m &amp#27;[37m/wd/hub/session/34394bf9-0c01-4d1d-b0c9-6a63b2f7d538/timeouts&amp#27;[39m
&amp#27;[35m[HTTP]&amp#27;[39m &amp#27;[90m{"implicit":10000}&amp#27;[39m
[debug] &amp#27;[35m[W3C (34394bf9)]&amp#27;[39m Calling AppiumDriver.timeouts() with args: [null,null,null,null,10000,"34394bf9-0c01-4d1d-b0c9-6a63b2f7d538"]
[debug] &amp#27;[35m[BaseDriver]&amp#27;[39m W3C timeout argument: {"implicit":10000}}
[debug] &amp#27;[35m[BaseDriver]&amp#27;[39m Set implicit wait to 10000ms
[debug] &amp#27;[35m[W3C (34394bf9)]&amp#27;[39m Responding to client with driver.timeouts() result: null
&amp#27;[35m[HTTP]&amp#27;[39m &amp#27;[37m<-- POST /wd/hub/session/34394bf9-0c01-4d1d-b0c9-6a63b2f7d538/timeouts &amp#27;[39m&amp#27;[32m[INFO ] 2021-06-18 15:58:32.022 [main] ViewsPage - Clicks The Monitored Switch
200&amp#27;[39m &amp#27;[90m2 ms - 14&amp#27;[39m
&amp#27;[35m[HTTP]&amp#27;[39m &amp#27;[90m&amp#27;[39m
[INFO ] 2021-06-18 15:58:32.023 [main] ExplicitWait - Waiting for element to be clickable: Located by By.chained({By.xpath: //android.widget.Switch[@content-desc="Monitored switch"and @checkable='true']})
&amp#27;[35m[HTTP]&amp#27;[39m &amp#27;[37m-->&amp#27;[39m &amp#27;[37mPOST&amp#27;[39m &amp#27;[37m/wd/hub/session/34394bf9-0c01-4d1d-b0c9-6a63b2f7d538/timeouts&amp#27;[39m
&amp#27;[35m[HTTP]&amp#27;[39m &amp#27;[90m{"implicit":0}&amp#27;[39m
[debug] &amp#27;[35m[W3C (34394bf9)]&amp#27;[39m Calling AppiumDriver.timeouts() with args: [null,null,null,null,0,"34394bf9-0c01-4d1d-b0c9-6a63b2f7d538"]
[debug] &amp#27;[35m[BaseDriver]&amp#27;[39m W3C timeout argument: {"implicit":0}}
[debug] &amp#27;[35m[BaseDriver]&amp#27;[39m Set implicit wait to 0ms
[debug] &amp#27;[35m[W3C (34394bf9)]&amp#27;[39m Responding to client with driver.timeouts() result: null
&amp#27;[35m[HTTP]&amp#27;[39m &amp#27;[37m<-- POST /wd/hub/session/34394bf9-0c01-4d1d-b0c9-6a63b2f7d538/timeouts &amp#27;[39m&amp#27;[32m200&amp#27;[39m &amp#27;[90m2 ms - 14&amp#27;[39m
&amp#27;[35m[HTTP]&amp#27;[39m &amp#27;[90m&amp#27;[39m
&amp#27;[35m[HTTP]&amp#27;[39m &amp#27;[37m-->&amp#27;[39m &amp#27;[37mGET&amp#27;[39m &amp#27;[37m/wd/hub/session/34394bf9-0c01-4d1d-b0c9-6a63b2f7d538&amp#27;[39m
&amp#27;[35m[HTTP]&amp#27;[39m &amp#27;[90m{}&amp#27;[39m
[debug] &amp#27;[35m[W3C (34394bf9)]&amp#27;[39m Calling AppiumDriver.getSession() with args: ["34394bf9-0c01-4d1d-b0c9-6a63b2f7d538"]
[debug] &amp#27;[35m[UiAutomator2]&amp#27;[39m Getting session details from server to mix in
[debug] &amp#27;[35m[WD Proxy]&amp#27;[39m Matched '/' to command name 'getSession'
[debug] &amp#27;[35m[WD Proxy]&amp#27;[39m Proxying [GET /] to [GET http://127.0.0.1:8216/wd/hub/session/bc4fa27b-1e85-4865-ac82-015b335267d9] with no body
[debug] &amp#27;[35m[WD Proxy]&amp#27;[39m Got response with status 200: {"sessionId":"bc4fa27b-1e85-4865-ac82-015b335267d9","value":{"lastScrollData":null}}
[debug] &amp#27;[35m[W3C (34394bf9)]&amp#27;[39m Responding to client with driver.getSession() result: {"platform":"LINUX","webStorageEnabled":false,"takesScreenshot":true,"javascriptEnabled":true,"databaseEnabled":false,"networkConnectionEnabled":true,"locationContextEnabled":false,"warnings":{},"desired":{"platformName":"android","app":"C:\\Users\\Anis\\eclipse-workspace\\Appium\\src\\ApiDemos-debug.apk","deviceName":"Redmi","newCommandTimeout":14},"platformName":"android","app":"C:\\Users\\Anis\\eclipse-workspace\\Appium\\src\\ApiDemos-debug.apk","deviceName":"55272e729804","newCommandTimeout":14,"deviceUDID":"55272e729804","appPackage":"io.appium.android.apis","deviceApiLevel":24,"platformVersion":"7.0","deviceScreenSize":"1080x1920","deviceScreenDensity":480,"deviceModel":"Redmi Note 4","deviceManufacturer":"Xiaomi","pixelRatio":3,"statBarHeight":72,"viewportRect":{"left":0,"top":72,"width":1080,"height":1848},"lastScrollData":null}
&amp#27;[35m[HTTP]&amp#27;[39m &amp#27;[37m<-- GET /wd/hub/session/34394bf9-0c01-4d1d-b0c9-6a63b2f7d538 &amp#27;[39m&amp#27;[32m200&amp#27;[39m &amp#27;[90m15 ms - 858&amp#27;[39m
&amp#27;[35m[HTTP]&amp#27;[39m &amp#27;[90m&amp#27;[39m
&amp#27;[35m[HTTP]&amp#27;[39m &amp#27;[37m-->&amp#27;[39m &amp#27;[37mPOST&amp#27;[39m &amp#27;[37m/wd/hub/session/34394bf9-0c01-4d1d-b0c9-6a63b2f7d538/element&amp#27;[39m
&amp#27;[35m[HTTP]&amp#27;[39m &amp#27;[90m{"using":"xpath","value":"//android.widget.Switch[@content-desc=\"Monitored switch\"and @checkable='true']"}&amp#27;[39m
[debug] &amp#27;[35m[W3C (34394bf9)]&amp#27;[39m Calling AppiumDriver.findElement() with args: ["xpath","//android.widget.Switch[@content-desc=\"Monitored switch\"and @checkable='true']","34394bf9-0c01-4d1d-b0c9-6a63b2f7d538"]
[debug] &amp#27;[35m[BaseDriver]&amp#27;[39m Valid locator strategies for this request: xpath, id, class name, accessibility id, css selector, -android uiautomator
[debug] &amp#27;[35m[BaseDriver]&amp#27;[39m Waiting up to 0 ms for condition
[debug] &amp#27;[35m[WD Proxy]&amp#27;[39m Matched '/element' to command name 'findElement'
[debug] &amp#27;[35m[WD Proxy]&amp#27;[39m Proxying [POST /element] to [POST http://127.0.0.1:8216/wd/hub/session/bc4fa27b-1e85-4865-ac82-015b335267d9/element] with body: {"strategy":"xpath","selector":"//android.widget.Switch[@content-desc=\"Monitored switch\"and @checkable='true']","context":"","multiple":false}
[debug] &amp#27;[35m[WD Proxy]&amp#27;[39m Got response with status 200: {"sessionId":"bc4fa27b-1e85-4865-ac82-015b335267d9","value":{"ELEMENT":"3d44be25-f8e3-4970-9b08-4c6d0e63b9be","element-6066-11e4-a52e-4f735466cecf":"3d44be25-f8e3-4970-9b08-4c6d0e63b9be"}}
[debug] &amp#27;[35m[W3C (34394bf9)]&amp#27;[39m Responding to client with driver.findElement() result: {"element-6066-11e4-a52e-4f735466cecf":"3d44be25-f8e3-4970-9b08-4c6d0e63b9be","ELEMENT":"3d44be25-f8e3-4970-9b08-4c6d0e63b9be"}
&amp#27;[35m[HTTP]&amp#27;[39m &amp#27;[37m<-- POST /wd/hub/session/34394bf9-0c01-4d1d-b0c9-6a63b2f7d538/element &amp#27;[39m&amp#27;[32m200&amp#27;[39m &amp#27;[90m64 ms - 137&amp#27;[39m
&amp#27;[35m[HTTP]&amp#27;[39m &amp#27;[90m&amp#27;[39m
&amp#27;[35m[HTTP]&amp#27;[39m &amp#27;[37m-->&amp#27;[39m &amp#27;[37mGET&amp#27;[39m &amp#27;[37m/wd/hub/session/34394bf9-0c01-4d1d-b0c9-6a63b2f7d538/element/3d44be25-f8e3-4970-9b08-4c6d0e63b9be/displayed&amp#27;[39m
&amp#27;[35m[HTTP]&amp#27;[39m &amp#27;[90m{}&amp#27;[39m
[debug] &amp#27;[35m[W3C (34394bf9)]&amp#27;[39m Calling AppiumDriver.elementDisplayed() with args: ["3d44be25-f8e3-4970-9b08-4c6d0e63b9be","34394bf9-0c01-4d1d-b0c9-6a63b2f7d538"]
[debug] &amp#27;[35m[WD Proxy]&amp#27;[39m Matched '/element/3d44be25-f8e3-4970-9b08-4c6d0e63b9be/attribute/displayed' to command name 'getAttribute'
[debug] &amp#27;[35m[WD Proxy]&amp#27;[39m Proxying [GET /element/3d44be25-f8e3-4970-9b08-4c6d0e63b9be/attribute/displayed] to [GET http://127.0.0.1:8216/wd/hub/session/bc4fa27b-1e85-4865-ac82-015b335267d9/element/3d44be25-f8e3-4970-9b08-4c6d0e63b9be/attribute/displayed] with no body
[debug] &amp#27;[35m[WD Proxy]&amp#27;[39m Got response with status 200: {"sessionId":"bc4fa27b-1e85-4865-ac82-015b335267d9","value":"true"}
[debug] &amp#27;[35m[W3C (34394bf9)]&amp#27;[39m Responding to client with driver.elementDisplayed() result: true
&amp#27;[35m[HTTP]&amp#27;[39m &amp#27;[37m<-- GET /wd/hub/session/34394bf9-0c01-4d1d-b0c9-6a63b2f7d538/element/3d44be25-f8e3-4970-9b08-4c6d0e63b9be/displayed &amp#27;[39m&amp#27;[32m200&amp#27;[39m &amp#27;[90m714 ms - 14&amp#27;[39m
&amp#27;[35m[HTTP]&amp#27;[39m &amp#27;[90m&amp#27;[39m
&amp#27;[35m[HTTP]&amp#27;[39m &amp#27;[37m-->&amp#27;[39m &amp#27;[37mGET&amp#27;[39m &amp#27;[37m/wd/hub/session/34394bf9-0c01-4d1d-b0c9-6a63b2f7d538&amp#27;[39m
&amp#27;[35m[HTTP]&amp#27;[39m &amp#27;[90m{}&amp#27;[39m
[debug] &amp#27;[35m[W3C (34394bf9)]&amp#27;[39m Calling AppiumDriver.getSession() with args: ["34394bf9-0c01-4d1d-b0c9-6a63b2f7d538"]
[debug] &amp#27;[35m[UiAutomator2]&amp#27;[39m Getting session details from server to mix in
[debug] &amp#27;[35m[WD Proxy]&amp#27;[39m Matched '/' to command name 'getSession'
[debug] &amp#27;[35m[WD Proxy]&amp#27;[39m Proxying [GET /] to [GET http://127.0.0.1:8216/wd/hub/session/bc4fa27b-1e85-4865-ac82-015b335267d9] with no body
[debug] &amp#27;[35m[WD Proxy]&amp#27;[39m Got response with status 200: {"sessionId":"bc4fa27b-1e85-4865-ac82-015b335267d9","value":{"lastScrollData":null}}
[debug] &amp#27;[35m[W3C (34394bf9)]&amp#27;[39m Responding to client with driver.getSession() result: {"platform":"LINUX","webStorageEnabled":false,"takesScreenshot":true,"javascriptEnabled":true,"databaseEnabled":false,"networkConnectionEnabled":true,"locationContextEnabled":false,"warnings":{},"desired":{"platformName":"android","app":"C:\\Users\\Anis\\eclipse-workspace\\Appium\\src\\ApiDemos-debug.apk","deviceName":"Redmi","newCommandTimeout":14},"platformName":"android","app":"C:\\Users\\Anis\\eclipse-workspace\\Appium\\src\\ApiDemos-debug.apk","deviceName":"55272e729804","newCommandTimeout":14,"deviceUDID":"55272e729804","appPackage":"io.appium.android.apis","deviceApiLevel":24,"platformVersion":"7.0","deviceScreenSize":"1080x1920","deviceScreenDensity":480,"deviceModel":"Redmi Note 4","deviceManufacturer":"Xiaomi","pixelRatio":3,"statBarHeight":72,"viewportRect":{"left":0,"top":72,"width":1080,"height":1848},"lastScrollData":null}
&amp#27;[35m[HTTP]&amp#27;[39m &amp#27;[37m<-- GET /wd/hub/session/34394bf9-0c01-4d1d-b0c9-6a63b2f7d538 &amp#27;[39m&amp#27;[32m200&amp#27;[39m &amp#27;[90m16 ms - 858&amp#27;[39m
&amp#27;[35m[HTTP]&amp#27;[39m &amp#27;[90m&amp#27;[39m
&amp#27;[35m[HTTP]&amp#27;[39m &amp#27;[37m-->&amp#27;[39m &amp#27;[37mPOST&amp#27;[39m &amp#27;[37m/wd/hub/session/34394bf9-0c01-4d1d-b0c9-6a63b2f7d538/element&amp#27;[39m
&amp#27;[35m[HTTP]&amp#27;[39m &amp#27;[90m{"using":"xpath","value":"//android.widget.Switch[@content-desc=\"Monitored switch\"and @checkable='true']"}&amp#27;[39m
[debug] &amp#27;[35m[W3C (34394bf9)]&amp#27;[39m Calling AppiumDriver.findElement() with args: ["xpath","//android.widget.Switch[@content-desc=\"Monitored switch\"and @checkable='true']","34394bf9-0c01-4d1d-b0c9-6a63b2f7d538"]
[debug] &amp#27;[35m[BaseDriver]&amp#27;[39m Valid locator strategies for this request: xpath, id, class name, accessibility id, css selector, -android uiautomator
[debug] &amp#27;[35m[BaseDriver]&amp#27;[39m Waiting up to 0 ms for condition
[debug] &amp#27;[35m[WD Proxy]&amp#27;[39m Matched '/element' to command name 'findElement'
[debug] &amp#27;[35m[WD Proxy]&amp#27;[39m Proxying [POST /element] to [POST http://127.0.0.1:8216/wd/hub/session/bc4fa27b-1e85-4865-ac82-015b335267d9/element] with body: {"strategy":"xpath","selector":"//android.widget.Switch[@content-desc=\"Monitored switch\"and @checkable='true']","context":"","multiple":false}
[debug] &amp#27;[35m[WD Proxy]&amp#27;[39m Got response with status 200: {"sessionId":"bc4fa27b-1e85-4865-ac82-015b335267d9","value":{"ELEMENT":"2d34f0ed-bc80-4fea-bf53-9bb07daf3499","element-6066-11e4-a52e-4f735466cecf":"2d34f0ed-bc80-4fea-bf53-9bb07daf3499"}}
[debug] &amp#27;[35m[W3C (34394bf9)]&amp#27;[39m Responding to client with driver.findElement() result: {"element-6066-11e4-a52e-4f735466cecf":"2d34f0ed-bc80-4fea-bf53-9bb07daf3499","ELEMENT":"2d34f0ed-bc80-4fea-bf53-9bb07daf3499"}
&amp#27;[35m[HTTP]&amp#27;[39m &amp#27;[37m<-- POST /wd/hub/session/34394bf9-0c01-4d1d-b0c9-6a63b2f7d538/element &amp#27;[39m&amp#27;[32m200&amp#27;[39m &amp#27;[90m66 ms - 137&amp#27;[39m
&amp#27;[35m[HTTP]&amp#27;[39m &amp#27;[90m&amp#27;[39m
&amp#27;[35m[HTTP]&amp#27;[39m &amp#27;[37m-->&amp#27;[39m &amp#27;[37mGET&amp#27;[39m &amp#27;[37m/wd/hub/session/34394bf9-0c01-4d1d-b0c9-6a63b2f7d538/element/2d34f0ed-bc80-4fea-bf53-9bb07daf3499/enabled&amp#27;[39m
&amp#27;[35m[HTTP]&amp#27;[39m &amp#27;[90m{}&amp#27;[39m
[debug] &amp#27;[35m[W3C (34394bf9)]&amp#27;[39m Calling AppiumDriver.elementEnabled() with args: ["2d34f0ed-bc80-4fea-bf53-9bb07daf3499","34394bf9-0c01-4d1d-b0c9-6a63b2f7d538"]
[debug] &amp#27;[35m[WD Proxy]&amp#27;[39m Matched '/element/2d34f0ed-bc80-4fea-bf53-9bb07daf3499/attribute/enabled' to command name 'getAttribute'
[debug] &amp#27;[35m[WD Proxy]&amp#27;[39m Proxying [GET /element/2d34f0ed-bc80-4fea-bf53-9bb07daf3499/attribute/enabled] to [GET http://127.0.0.1:8216/wd/hub/session/bc4fa27b-1e85-4865-ac82-015b335267d9/element/2d34f0ed-bc80-4fea-bf53-9bb07daf3499/attribute/enabled] with no body
[debug] &amp#27;[35m[WD Proxy]&amp#27;[39m Got response with status 200: {"sessionId":"bc4fa27b-1e85-4865-ac82-015b335267d9","value":"true"}
[debug] &amp#27;[35m[W3C (34394bf9)]&amp#27;[39m Responding to client with driver.elementEnabled() result: true
&amp#27;[35m[HTTP]&amp#27;[39m &amp#27;[37m<-- GET /wd/hub/session/34394bf9-0c01-4d1d-b0c9-6a63b2f7d538/element/2d34f0ed-bc80-4fea-bf53-9bb07daf3499/enabled &amp#27;[39m&amp#27;[32m200&amp#27;[39m &amp#27;[90m17 ms - 14&amp#27;[39m
&amp#27;[35m[HTTP]&amp#27;[39m &amp#27;[90m&amp#27;[39m
&amp#27;[35m[HTTP]&amp#27;[39m &amp#27;[37m-->&amp#27;[39m &amp#27;[37mPOST&amp#27;[39m &amp#27;[37m/wd/hub/session/34394bf9-0c01-4d1d-b0c9-6a63b2f7d538/timeouts&amp#27;[39m
&amp#27;[35m[HTTP]&amp#27;[39m &amp#27;[90m{"implicit":10000}&amp#27;[39m
[debug] &amp#27;[35m[W3C (34394bf9)]&amp#27;[39m Calling AppiumDriver.timeouts() with args: [null,null,null,null,10000,"34394bf9-0c01-4d1d-b0c9-6a63b2f7d538"]
[debug] &amp#27;[35m[BaseDriver]&amp#27;[39m W3C timeout argument: {"implicit":10000}}
[debug] &amp#27;[35m[BaseDriver]&amp#27;[39m Set implicit wait to 10000ms
[debug] &amp#27;[35m[W3C (34394bf9)]&amp#27;[39m Responding to client with driver.timeouts() result: null
&amp#27;[35m[HTTP]&amp#27;[39m &amp#27;[37m<-- POST /wd/hub/session/34394bf9-0c01-4d1d-b0c9-6a63b2f7d538/timeouts &amp#27;[39m&amp#27;[32m200&amp#27;[39m &amp#27;[90m2 ms - 14&amp#27;[39m
&amp#27;[35m[HTTP]&amp#27;[39m &amp#27;[90m&amp#27;[39m
&amp#27;[35m[HTTP]&amp#27;[39m &amp#27;[37m-->&amp#27;[39m &amp#27;[37mGET&amp#27;[39m &amp#27;[37m/wd/hub/session/34394bf9-0c01-4d1d-b0c9-6a63b2f7d538&amp#27;[39m
&amp#27;[35m[HTTP]&amp#27;[39m &amp#27;[90m{}&amp#27;[39m
[debug] &amp#27;[35m[W3C (34394bf9)]&amp#27;[39m Calling AppiumDriver.getSession() with args: ["34394bf9-0c01-4d1d-b0c9-6a63b2f7d538"]
[debug] &amp#27;[35m[UiAutomator2]&amp#27;[39m Getting session details from server to mix in
[debug] &amp#27;[35m[WD Proxy]&amp#27;[39m Matched '/' to command name 'getSession'
[debug] &amp#27;[35m[WD Proxy]&amp#27;[39m Proxying [GET /] to [GET http://127.0.0.1:8216/wd/hub/session/bc4fa27b-1e85-4865-ac82-015b335267d9] with no body
[debug] &amp#27;[35m[WD Proxy]&amp#27;[39m Got response with status 200: {"sessionId":"bc4fa27b-1e85-4865-ac82-015b335267d9","value":{"lastScrollData":null}}
[debug] &amp#27;[35m[W3C (34394bf9)]&amp#27;[39m Responding to client with driver.getSession() result: {"platform":"LINUX","webStorageEnabled":false,"takesScreenshot":true,"javascriptEnabled":true,"databaseEnabled":false,"networkConnectionEnabled":true,"locationContextEnabled":false,"warnings":{},"desired":{"platformName":"android","app":"C:\\Users\\Anis\\eclipse-workspace\\Appium\\src\\ApiDemos-debug.apk","deviceName":"Redmi","newCommandTimeout":14},"platformName":"android","app":"C:\\Users\\Anis\\eclipse-workspace\\Appium\\src\\ApiDemos-debug.apk","deviceName":"55272e729804","newCommandTimeout":14,"deviceUDID":"55272e729804","appPackage":"io.appium.android.apis","deviceApiLevel":24,"platformVersion":"7.0","deviceScreenSize":"1080x1920","deviceScreenDensity":480,"deviceModel":"Redmi Note 4","deviceManufacturer":"Xiaomi","pixelRatio":3,"statBarHeight":72,"viewportRect":{"left":0,"top":72,"width":1080,"height":1848},"lastScrollData":null}
&amp#27;[35m[HTTP]&amp#27;[39m &amp#27;[37m<-- GET /wd/hub/session/34394bf9-0c01-4d1d-b0c9-6a63b2f7d538 &amp#27;[39m&amp#27;[32m200&amp#27;[39m &amp#27;[90m13 ms - 858&amp#27;[39m
&amp#27;[35m[HTTP]&amp#27;[39m &amp#27;[90m&amp#27;[39m
&amp#27;[35m[HTTP]&amp#27;[39m &amp#27;[37m-->&amp#27;[39m &amp#27;[37mPOST&amp#27;[39m &amp#27;[37m/wd/hub/session/34394bf9-0c01-4d1d-b0c9-6a63b2f7d538/element&amp#27;[39m
&amp#27;[35m[HTTP]&amp#27;[39m &amp#27;[90m{"using":"xpath","value":"//android.widget.Switch[@content-desc=\"Monitored switch\"and @checkable='true']"}&amp#27;[39m
[debug] &amp#27;[35m[W3C (34394bf9)]&amp#27;[39m Calling AppiumDriver.findElement() with args: ["xpath","//android.widget.Switch[@content-desc=\"Monitored switch\"and @checkable='true']","34394bf9-0c01-4d1d-b0c9-6a63b2f7d538"]
[debug] &amp#27;[35m[BaseDriver]&amp#27;[39m Valid locator strategies for this request: xpath, id, class name, accessibility id, css selector, -android uiautomator
[debug] &amp#27;[35m[BaseDriver]&amp#27;[39m Waiting up to 10000 ms for condition
[debug] &amp#27;[35m[WD Proxy]&amp#27;[39m Matched '/element' to command name 'findElement'
[debug] &amp#27;[35m[WD Proxy]&amp#27;[39m Proxying [POST /element] to [POST http://127.0.0.1:8216/wd/hub/session/bc4fa27b-1e85-4865-ac82-015b335267d9/element] with body: {"strategy":"xpath","selector":"//android.widget.Switch[@content-desc=\"Monitored switch\"and @checkable='true']","context":"","multiple":false}
[debug] &amp#27;[35m[WD Proxy]&amp#27;[39m Got response with status 200: {"sessionId":"bc4fa27b-1e85-4865-ac82-015b335267d9","value":{"ELEMENT":"2c3ee1b8-ac4d-45fd-b9d8-7d82920ebcda","element-6066-11e4-a52e-4f735466cecf":"2c3ee1b8-ac4d-45fd-b9d8-7d82920ebcda"}}
[debug] &amp#27;[35m[W3C (34394bf9)]&amp#27;[39m Responding to client with driver.findElement() result: {"element-6066-11e4-a52e-4f735466cecf":"2c3ee1b8-ac4d-45fd-b9d8-7d82920ebcda","ELEMENT":"2c3ee1b8-ac4d-45fd-b9d8-7d82920ebcda"}
&amp#27;[35m[HTTP]&amp#27;[39m &amp#27;[37m<-- POST /wd/hub/session/34394bf9-0c01-4d1d-b0c9-6a63b2f7d538/element &amp#27;[39m&amp#27;[32m200&amp#27;[39m &amp#27;[90m51 ms - 137&amp#27;[39m
&amp#27;[35m[HTTP]&amp#27;[39m &amp#27;[90m&amp#27;[39m
&amp#27;[35m[HTTP]&amp#27;[39m &amp#27;[37m-->&amp#27;[39m &amp#27;[37mPOST&amp#27;[39m &amp#27;[37m/wd/hub/session/34394bf9-0c01-4d1d-b0c9-6a63b2f7d538/element/2c3ee1b8-ac4d-45fd-b9d8-7d82920ebcda/click&amp#27;[39m
&amp#27;[35m[HTTP]&amp#27;[39m &amp#27;[90m{"id":"2c3ee1b8-ac4d-45fd-b9d8-7d82920ebcda"}&amp#27;[39m
[debug] &amp#27;[35m[W3C (34394bf9)]&amp#27;[39m Calling AppiumDriver.click() with args: ["2c3ee1b8-ac4d-45fd-b9d8-7d82920ebcda","34394bf9-0c01-4d1d-b0c9-6a63b2f7d538"]
[debug] &amp#27;[35m[WD Proxy]&amp#27;[39m Matched '/element/2c3ee1b8-ac4d-45fd-b9d8-7d82920ebcda/click' to command name 'click'
[debug] &amp#27;[35m[WD Proxy]&amp#27;[39m Proxying [POST /element/2c3ee1b8-ac4d-45fd-b9d8-7d82920ebcda/click] to [POST http://127.0.0.1:8216/wd/hub/session/bc4fa27b-1e85-4865-ac82-015b335267d9/element/2c3ee1b8-ac4d-45fd-b9d8-7d82920ebcda/click] with body: {"element":"2c3ee1b8-ac4d-45fd-b9d8-7d82920ebcda"}
[debug] &amp#27;[35m[WD Proxy]&amp#27;[39m Got response with status 200: {"sessionId":"bc4fa27b-1e85-4865-ac82-015b335267d9","value":null}
[debug] &amp#27;[35m[W3C (34394bf9)]&amp#27;[39m Responding to client with driver.click() result: null
&amp#27;[35m[HTTP]&amp#27;[39m &amp#27;[37m<-- POST /wd/hub/session/34394bf9-0c01-4d1d-b0c9-6a63b2f7d538/elem[INFO ] 2021-06-18 15:58:33.090 [main] ExplicitWait - Waiting for element to be visible: Located by By.chained({By.xpath: //android.widget.Switch[@content-desc="Customized text"and @checkable='true']})
ent/2c3ee1b8-ac4d-45fd-b9d8-7d82920ebcda/click &amp#27;[39m&amp#27;[32m200&amp#27;[39m &amp#27;[90m27 ms - 14&amp#27;[39m
&amp#27;[35m[HTTP]&amp#27;[39m &amp#27;[90m&amp#27;[3[INFO ] 2021-06-18 15:58:33.091 [main] ExplicitWait - Waiting for element to be visible: Located by By.chained({By.xpath: //android.widget.Switch[@content-desc="Customized text"and @checkable='true']})
9m
&amp#27;[35m[HTTP]&amp#27;[39m &amp#27;[37m-->&amp#27;[39m &amp#27;[37mPOST&amp#27;[39m &amp#27;[37m/wd/hub/session/34394bf9-0c01-4d1d-b0c9-6a63b2f7d538/timeouts&amp#27;[39m
&amp#27;[35m[HTTP]&amp#27;[39m &amp#27;[90m{"implicit":0}&amp#27;[39m
[debug] &amp#27;[35m[W3C (34394bf9)]&amp#27;[39m Calling AppiumDriver.timeouts() with args: [null,null,null,null,0,"34394bf9-0c01-4d1d-b0c9-6a63b2f7d538"]
[debug] &amp#27;[35m[BaseDriver]&amp#27;[39m W3C timeout argument: {"implicit":0}}
[debug] &amp#27;[35m[BaseDriver]&amp#27;[39m Set implicit wait to 0ms
[debug] &amp#27;[35m[W3C (34394bf9)]&amp#27;[39m Responding to client with driver.timeouts() result: null
&amp#27;[35m[HTTP]&amp#27;[39m &amp#27;[37m<-- POST /wd/hub/session/34394bf9-0c01-4d1d-b0c9-6a63b2f7d538/timeouts &amp#27;[39m&amp#27;[32m200&amp#27;[39m &amp#27;[90m2 ms - 14&amp#27;[39m
&amp#27;[35m[HTTP]&amp#27;[39m &amp#27;[90m&amp#27;[39m
&amp#27;[35m[HTTP]&amp#27;[39m &amp#27;[37m-->&amp#27;[39m &amp#27;[37mGET&amp#27;[39m &amp#27;[37m/wd/hub/session/34394bf9-0c01-4d1d-b0c9-6a63b2f7d538&amp#27;[39m
&amp#27;[35m[HTTP]&amp#27;[39m &amp#27;[90m{}&amp#27;[39m
[debug] &amp#27;[35m[W3C (34394bf9)]&amp#27;[39m Calling AppiumDriver.getSession() with args: ["34394bf9-0c01-4d1d-b0c9-6a63b2f7d538"]
[debug] &amp#27;[35m[UiAutomator2]&amp#27;[39m Getting session details from server to mix in
[debug] &amp#27;[35m[WD Proxy]&amp#27;[39m Matched '/' to command name 'getSession'
[debug] &amp#27;[35m[WD Proxy]&amp#27;[39m Proxying [GET /] to [GET http://127.0.0.1:8216/wd/hub/session/bc4fa27b-1e85-4865-ac82-015b335267d9] with no body
[debug] &amp#27;[35m[WD Proxy]&amp#27;[39m Got response with status 200: {"sessionId":"bc4fa27b-1e85-4865-ac82-015b335267d9","value":{"lastScrollData":null}}
[debug] &amp#27;[35m[W3C (34394bf9)]&amp#27;[39m Responding to client with driver.getSession() result: {"platform":"LINUX","webStorageEnabled":false,"takesScreenshot":true,"javascriptEnabled":true,"databaseEnabled":false,"networkConnectionEnabled":true,"locationContextEnabled":false,"warnings":{},"desired":{"platformName":"android","app":"C:\\Users\\Anis\\eclipse-workspace\\Appium\\src\\ApiDemos-debug.apk","deviceName":"Redmi","newCommandTimeout":14},"platformName":"android","app":"C:\\Users\\Anis\\eclipse-workspace\\Appium\\src\\ApiDemos-debug.apk","deviceName":"55272e729804","newCommandTimeout":14,"deviceUDID":"55272e729804","appPackage":"io.appium.android.apis","deviceApiLevel":24,"platformVersion":"7.0","deviceScreenSize":"1080x1920","deviceScreenDensity":480,"deviceModel":"Redmi Note 4","deviceManufacturer":"Xiaomi","pixelRatio":3,"statBarHeight":72,"viewportRect":{"left":0,"top":72,"width":1080,"height":1848},"lastScrollData":null}
&amp#27;[35m[HTTP]&amp#27;[39m &amp#27;[37m<-- GET /wd/hub/session/34394bf9-0c01-4d1d-b0c9-6a63b2f7d538 &amp#27;[39m&amp#27;[32m200&amp#27;[39m &amp#27;[90m13 ms - 858&amp#27;[39m
&amp#27;[35m[HTTP]&amp#27;[39m &amp#27;[90m&amp#27;[39m
&amp#27;[35m[HTTP]&amp#27;[39m &amp#27;[37m-->&amp#27;[39m &amp#27;[37mPOST&amp#27;[39m &amp#27;[37m/wd/hub/session/34394bf9-0c01-4d1d-b0c9-6a63b2f7d538/element&amp#27;[39m
&amp#27;[35m[HTTP]&amp#27;[39m &amp#27;[90m{"using":"xpath","value":"//android.widget.Switch[@content-desc=\"Customized text\"and @checkable='true']"}&amp#27;[39m
[debug] &amp#27;[35m[W3C (34394bf9)]&amp#27;[39m Calling AppiumDriver.findElement() with args: ["xpath","//android.widget.Switch[@content-desc=\"Customized text\"and @checkable='true']","34394bf9-0c01-4d1d-b0c9-6a63b2f7d538"]
[debug] &amp#27;[35m[BaseDriver]&amp#27;[39m Valid locator strategies for this request: xpath, id, class name, accessibility id, css selector, -android uiautomator
[debug] &amp#27;[35m[BaseDriver]&amp#27;[39m Waiting up to 0 ms for condition
[debug] &amp#27;[35m[WD Proxy]&amp#27;[39m Matched '/element' to command name 'findElement'
[debug] &amp#27;[35m[WD Proxy]&amp#27;[39m Proxying [POST /element] to [POST http://127.0.0.1:8216/wd/hub/session/bc4fa27b-1e85-4865-ac82-015b335267d9/element] with body: {"strategy":"xpath","selector":"//android.widget.Switch[@content-desc=\"Customized text\"and @checkable='true']","context":"","multiple":false}
[debug] &amp#27;[35m[WD Proxy]&amp#27;[39m Got response with status 200: {"sessionId":"bc4fa27b-1e85-4865-ac82-015b335267d9","value":{"ELEMENT":"bb5e2232-d966-4245-a611-2e5af0c5b2d3","element-6066-11e4-a52e-4f735466cecf":"bb5e2232-d966-4245-a611-2e5af0c5b2d3"}}
[debug] &amp#27;[35m[W3C (34394bf9)]&amp#27;[39m Responding to client with driver.findElement() result: {"element-6066-11e4-a52e-4f735466cecf":"bb5e2232-d966-4245-a611-2e5af0c5b2d3","ELEMENT":"bb5e2232-d966-4245-a611-2e5af0c5b2d3"}
&amp#27;[35m[HTTP]&amp#27;[39m &amp#27;[37m<-- POST /wd/hub/session/34394bf9-0c01-4d1d-b0c9-6a63b2f7d538/element &amp#27;[39m&amp#27;[32m200&amp#27;[39m &amp#27;[90m1109 ms - 137&amp#27;[39m
&amp#27;[35m[HTTP]&amp#27;[39m &amp#27;[90m&amp#27;[39m
&amp#27;[35m[HTTP]&amp#27;[39m &amp#27;[37m-->&amp#27;[39m &amp#27;[37mGET&amp#27;[39m &amp#27;[37m/wd/hub/session/34394bf9-0c01-4d1d-b0c9-6a63b2f7d538/element/bb5e2232-d966-4245-a611-2e5af0c5b2d3/displayed&amp#27;[39m
&amp#27;[35m[HTTP]&amp#27;[39m &amp#27;[90m{}&amp#27;[39m
[debug] &amp#27;[35m[W3C (34394bf9)]&amp#27;[39m Calling AppiumDriver.elementDisplayed() with args: ["bb5e2232-d966-4245-a611-2e5af0c5b2d3","34394bf9-0c01-4d1d-b0c9-6a63b2f7d538"]
[debug] &amp#27;[35m[WD Proxy]&amp#27;[39m Matched '/element/bb5e2232-d966-4245-a611-2e5af0c5b2d3/attribute/displayed' to command name 'getAttribute'
[debug] &amp#27;[35m[WD Proxy]&amp#27;[39m Proxying [GET /element/bb5e2232-d966-4245-a611-2e5af0c5b2d3/attribute/displayed] to [GET http://127.0.0.1:8216/wd/hub/session/bc4fa27b-1e85-4865-ac82-015b335267d9/element/bb5e2232-d966-4245-a611-2e5af0c5b2d3/attribute/displayed] with no body
[debug] &amp#27;[35m[WD Proxy]&amp#27;[39m Got response with status 200: {"sessionId":"bc4fa27b-1e85-4865-ac82-015b335267d9","value":"true"}
[debug] &amp#27;[35m[W3C (34394bf9)]&amp#27;[39m Responding to client with driver.elementDisplayed() result: true
&amp#27;[35m[HTTP]&amp#27;[39m &amp#27;[37m<-- GET /wd/hub/session/34394bf9-0c01-4d1d-b0c9-6a63b2f7d538/element/bb5e2232-d966-4245-a611-2e5af0c5b2d3/displayed &amp#27;[39m&amp#27;[32m200&amp#27;[39m &amp#27;[90m13 ms - 14&amp#27;[39m
&amp#27;[35m[HTTP]&amp#27;[39m &amp#27;[90m&amp#27;[39m
&amp#27;[35m[HTTP]&amp#27;[39m &amp#27;[37m-->&amp#27;[39m &amp#27;[37mPOST&amp#27;[39m &amp#27;[37m/wd/hub/session/34394bf9-0c01-4d1d-b0c9-6a63b2f7d538/timeouts&amp#27;[39m
&amp#27;[35m[HTTP]&amp#27;[39m &amp#27;[90m{"implicit":10000}&amp#27;[39m
[debug] &amp#27;[35m[W3C (34394bf9)]&amp#27;[39m Calling AppiumDriver.timeouts() with args: [null,null,null,null,10000,"34394bf9-0c01-4d1d-b0c9-6a63b2f7d538"]
[debug] &amp#27;[35m[BaseDriver]&amp#27;[39m W3C timeout argument: {"implicit":10000}}
[debug] &amp#27;[35m[BaseDriver]&amp#27;[39m Set implicit wait to 10000ms
[debug] &amp#27;[35m[W3C (34394bf9)]&amp#27;[39m Responding to client with driver.timeouts() result: null
&amp#27;[35m[HTTP]&amp#27;[39m &amp#27;[37m<-- POST /wd/hub/session/34394bf9-0c01-4d1d-b0c9-6a63b2f7d538/timeouts &amp#27;[39m&amp#27;[32m200&amp#27;[39m &amp#27;[90m2 ms - 14&amp#27;[39m
[INFO ] 2021-06-18 15:58:34.277 [main] ViewsPage - Clicks The Customized Switch
&amp#27;[35m[HTTP]&amp#27;[39m &amp#27;[90m&amp#27;[39m
[INFO ] 2021-06-18 15:58:34.279 [main] ExplicitWait - Waiting for element to be clickable: Located by By.chained({By.xpath: //android.widget.Switch[@content-desc="Customized text"and @checkable='true']})
&amp#27;[35m[HTTP]&amp#27;[39m &amp#27;[37m-->&amp#27;[39m &amp#27;[37mPOST&amp#27;[39m &amp#27;[37m/wd/hub/session/34394bf9-0c01-4d1d-b0c9-6a63b2f7d538/timeouts&amp#27;[39m
&amp#27;[35m[HTTP]&amp#27;[39m &amp#27;[90m{"implicit":0}&amp#27;[39m
[debug] &amp#27;[35m[W3C (34394bf9)]&amp#27;[39m Calling AppiumDriver.timeouts() with args: [null,null,null,null,0,"34394bf9-0c01-4d1d-b0c9-6a63b2f7d538"]
[debug] &amp#27;[35m[BaseDriver]&amp#27;[39m W3C timeout argument: {"implicit":0}}
[debug] &amp#27;[35m[BaseDriver]&amp#27;[39m Set implicit wait to 0ms
[debug] &amp#27;[35m[W3C (34394bf9)]&amp#27;[39m Responding to client with driver.timeouts() result: null
&amp#27;[35m[HTTP]&amp#27;[39m &amp#27;[37m<-- POST /wd/hub/session/34394bf9-0c01-4d1d-b0c9-6a63b2f7d538/timeouts &amp#27;[39m&amp#27;[32m200&amp#27;[39m &amp#27;[90m2 ms - 14&amp#27;[39m
&amp#27;[35m[HTTP]&amp#27;[39m &amp#27;[90m&amp#27;[39m
&amp#27;[35m[HTTP]&amp#27;[39m &amp#27;[37m-->&amp#27;[39m &amp#27;[37mGET&amp#27;[39m &amp#27;[37m/wd/hub/session/34394bf9-0c01-4d1d-b0c9-6a63b2f7d538&amp#27;[39m
&amp#27;[35m[HTTP]&amp#27;[39m &amp#27;[90m{}&amp#27;[39m
[debug] &amp#27;[35m[W3C (34394bf9)]&amp#27;[39m Calling AppiumDriver.getSession() with args: ["34394bf9-0c01-4d1d-b0c9-6a63b2f7d538"]
[debug] &amp#27;[35m[UiAutomator2]&amp#27;[39m Getting session details from server to mix in
[debug] &amp#27;[35m[WD Proxy]&amp#27;[39m Matched '/' to command name 'getSession'
[debug] &amp#27;[35m[WD Proxy]&amp#27;[39m Proxying [GET /] to [GET http://127.0.0.1:8216/wd/hub/session/bc4fa27b-1e85-4865-ac82-015b335267d9] with no body
[debug] &amp#27;[35m[WD Proxy]&amp#27;[39m Got response with status 200: {"sessionId":"bc4fa27b-1e85-4865-ac82-015b335267d9","value":{"lastScrollData":null}}
[debug] &amp#27;[35m[W3C (34394bf9)]&amp#27;[39m Responding to client with driver.getSession() result: {"platform":"LINUX","webStorageEnabled":false,"takesScreenshot":true,"javascriptEnabled":true,"databaseEnabled":false,"networkConnectionEnabled":true,"locationContextEnabled":false,"warnings":{},"desired":{"platformName":"android","app":"C:\\Users\\Anis\\eclipse-workspace\\Appium\\src\\ApiDemos-debug.apk","deviceName":"Redmi","newCommandTimeout":14},"platformName":"android","app":"C:\\Users\\Anis\\eclipse-workspace\\Appium\\src\\ApiDemos-debug.apk","deviceName":"55272e729804","newCommandTimeout":14,"deviceUDID":"55272e729804","appPackage":"io.appium.android.apis","deviceApiLevel":24,"platformVersion":"7.0","deviceScreenSize":"1080x1920","deviceScreenDensity":480,"deviceModel":"Redmi Note 4","deviceManufacturer":"Xiaomi","pixelRatio":3,"statBarHeight":72,"viewportRect":{"left":0,"top":72,"width":1080,"height":1848},"lastScrollData":null}
&amp#27;[35m[HTTP]&amp#27;[39m &amp#27;[37m<-- GET /wd/hub/session/34394bf9-0c01-4d1d-b0c9-6a63b2f7d538 &amp#27;[39m&amp#27;[32m200&amp#27;[39m &amp#27;[90m9 ms - 858&amp#27;[39m
&amp#27;[35m[HTTP]&amp#27;[39m &amp#27;[90m&amp#27;[39m
&amp#27;[35m[HTTP]&amp#27;[39m &amp#27;[37m-->&amp#27;[39m &amp#27;[37mPOST&amp#27;[39m &amp#27;[37m/wd/hub/session/34394bf9-0c01-4d1d-b0c9-6a63b2f7d538/element&amp#27;[39m
&amp#27;[35m[HTTP]&amp#27;[39m &amp#27;[90m{"using":"xpath","value":"//android.widget.Switch[@content-desc=\"Customized text\"and @checkable='true']"}&amp#27;[39m
[debug] &amp#27;[35m[W3C (34394bf9)]&amp#27;[39m Calling AppiumDriver.findElement() with args: ["xpath","//android.widget.Switch[@content-desc=\"Customized text\"and @checkable='true']","34394bf9-0c01-4d1d-b0c9-6a63b2f7d538"]
[debug] &amp#27;[35m[BaseDriver]&amp#27;[39m Valid locator strategies for this request: xpath, id, class name, accessibility id, css selector, -android uiautomator
[debug] &amp#27;[35m[BaseDriver]&amp#27;[39m Waiting up to 0 ms for condition
[debug] &amp#27;[35m[WD Proxy]&amp#27;[39m Matched '/element' to command name 'findElement'
[debug] &amp#27;[35m[WD Proxy]&amp#27;[39m Proxying [POST /element] to [POST http://127.0.0.1:8216/wd/hub/session/bc4fa27b-1e85-4865-ac82-015b335267d9/element] with body: {"strategy":"xpath","selector":"//android.widget.Switch[@content-desc=\"Customized text\"and @checkable='true']","context":"","multiple":false}
[debug] &amp#27;[35m[WD Proxy]&amp#27;[39m Got response with status 200: {"sessionId":"bc4fa27b-1e85-4865-ac82-015b335267d9","value":{"ELEMENT":"361073ff-8616-4337-a5e0-6a1623f51480","element-6066-11e4-a52e-4f735466cecf":"361073ff-8616-4337-a5e0-6a1623f51480"}}
[debug] &amp#27;[35m[W3C (34394bf9)]&amp#27;[39m Responding to client with driver.findElement() result: {"element-6066-11e4-a52e-4f735466cecf":"361073ff-8616-4337-a5e0-6a1623f51480","ELEMENT":"361073ff-8616-4337-a5e0-6a1623f51480"}
&amp#27;[35m[HTTP]&amp#27;[39m &amp#27;[37m<-- POST /wd/hub/session/34394bf9-0c01-4d1d-b0c9-6a63b2f7d538/element &amp#27;[39m&amp#27;[32m200&amp#27;[39m &amp#27;[90m41 ms - 137&amp#27;[39m
&amp#27;[35m[HTTP]&amp#27;[39m &amp#27;[90m&amp#27;[39m
&amp#27;[35m[HTTP]&amp#27;[39m &amp#27;[37m-->&amp#27;[39m &amp#27;[37mGET&amp#27;[39m &amp#27;[37m/wd/hub/session/34394bf9-0c01-4d1d-b0c9-6a63b2f7d538/element/361073ff-8616-4337-a5e0-6a1623f51480/displayed&amp#27;[39m
&amp#27;[35m[HTTP]&amp#27;[39m &amp#27;[90m{}&amp#27;[39m
[debug] &amp#27;[35m[W3C (34394bf9)]&amp#27;[39m Calling AppiumDriver.elementDisplayed() with args: ["361073ff-8616-4337-a5e0-6a1623f51480","34394bf9-0c01-4d1d-b0c9-6a63b2f7d538"]
[debug] &amp#27;[35m[WD Proxy]&amp#27;[39m Matched '/element/361073ff-8616-4337-a5e0-6a1623f51480/attribute/displayed' to command name 'getAttribute'
[debug] &amp#27;[35m[WD Proxy]&amp#27;[39m Proxying [GET /element/361073ff-8616-4337-a5e0-6a1623f51480/attribute/displayed] to [GET http://127.0.0.1:8216/wd/hub/session/bc4fa27b-1e85-4865-ac82-015b335267d9/element/361073ff-8616-4337-a5e0-6a1623f51480/attribute/displayed] with no body
[debug] &amp#27;[35m[WD Proxy]&amp#27;[39m Got response with status 200: {"sessionId":"bc4fa27b-1e85-4865-ac82-015b335267d9","value":"true"}
[debug] &amp#27;[35m[W3C (34394bf9)]&amp#27;[39m Responding to client with driver.elementDisplayed() result: true
&amp#27;[35m[HTTP]&amp#27;[39m &amp#27;[37m<-- GET /wd/hub/session/34394bf9-0c01-4d1d-b0c9-6a63b2f7d538/element/361073ff-8616-4337-a5e0-6a1623f51480/displayed &amp#27;[39m&amp#27;[32m200&amp#27;[39m &amp#27;[90m473 ms - 14&amp#27;[39m
&amp#27;[35m[HTTP]&amp#27;[39m &amp#27;[90m&amp#27;[39m
&amp#27;[35m[HTTP]&amp#27;[39m &amp#27;[37m-->&amp#27;[39m &amp#27;[37mGET&amp#27;[39m &amp#27;[37m/wd/hub/session/34394bf9-0c01-4d1d-b0c9-6a63b2f7d538&amp#27;[39m
&amp#27;[35m[HTTP]&amp#27;[39m &amp#27;[90m{}&amp#27;[39m
[debug] &amp#27;[35m[W3C (34394bf9)]&amp#27;[39m Calling AppiumDriver.getSession() with args: ["34394bf9-0c01-4d1d-b0c9-6a63b2f7d538"]
[debug] &amp#27;[35m[UiAutomator2]&amp#27;[39m Getting session details from server to mix in
[debug] &amp#27;[35m[WD Proxy]&amp#27;[39m Matched '/' to command name 'getSession'
[debug] &amp#27;[35m[WD Proxy]&amp#27;[39m Proxying [GET /] to [GET http://127.0.0.1:8216/wd/hub/session/bc4fa27b-1e85-4865-ac82-015b335267d9] with no body
[debug] &amp#27;[35m[WD Proxy]&amp#27;[39m Got response with status 200: {"sessionId":"bc4fa27b-1e85-4865-ac82-015b335267d9","value":{"lastScrollData":null}}
[debug] &amp#27;[35m[W3C (34394bf9)]&amp#27;[39m Responding to client with driver.getSession() result: {"platform":"LINUX","webStorageEnabled":false,"takesScreenshot":true,"javascriptEnabled":true,"databaseEnabled":false,"networkConnectionEnabled":true,"locationContextEnabled":false,"warnings":{},"desired":{"platformName":"android","app":"C:\\Users\\Anis\\eclipse-workspace\\Appium\\src\\ApiDemos-debug.apk","deviceName":"Redmi","newCommandTimeout":14},"platformName":"android","app":"C:\\Users\\Anis\\eclipse-workspace\\Appium\\src\\ApiDemos-debug.apk","deviceName":"55272e729804","newCommandTimeout":14,"deviceUDID":"55272e729804","appPackage":"io.appium.android.apis","deviceApiLevel":24,"platformVersion":"7.0","deviceScreenSize":"1080x1920","deviceScreenDensity":480,"deviceModel":"Redmi Note 4","deviceManufacturer":"Xiaomi","pixelRatio":3,"statBarHeight":72,"viewportRect":{"left":0,"top":72,"width":1080,"height":1848},"lastScrollData":null}
&amp#27;[35m[HTTP]&amp#27;[39m &amp#27;[37m<-- GET /wd/hub/session/34394bf9-0c01-4d1d-b0c9-6a63b2f7d538 &amp#27;[39m&amp#27;[32m200&amp#27;[39m &amp#27;[90m12 ms - 858&amp#27;[39m
&amp#27;[35m[HTTP]&amp#27;[39m &amp#27;[90m&amp#27;[39m
&amp#27;[35m[HTTP]&amp#27;[39m &amp#27;[37m-->&amp#27;[39m &amp#27;[37mPOST&amp#27;[39m &amp#27;[37m/wd/hub/session/34394bf9-0c01-4d1d-b0c9-6a63b2f7d538/element&amp#27;[39m
&amp#27;[35m[HTTP]&amp#27;[39m &amp#27;[90m{"using":"xpath","value":"//android.widget.Switch[@content-desc=\"Customized text\"and @checkable='true']"}&amp#27;[39m
[debug] &amp#27;[35m[W3C (34394bf9)]&amp#27;[39m Calling AppiumDriver.findElement() with args: ["xpath","//android.widget.Switch[@content-desc=\"Customized text\"and @checkable='true']","34394bf9-0c01-4d1d-b0c9-6a63b2f7d538"]
[debug] &amp#27;[35m[BaseDriver]&amp#27;[39m Valid locator strategies for this request: xpath, id, class name, accessibility id, css selector, -android uiautomator
[debug] &amp#27;[35m[BaseDriver]&amp#27;[39m Waiting up to 0 ms for condition
[debug] &amp#27;[35m[WD Proxy]&amp#27;[39m Matched '/element' to command name 'findElement'
[debug] &amp#27;[35m[WD Proxy]&amp#27;[39m Proxying [POST /element] to [POST http://127.0.0.1:8216/wd/hub/session/bc4fa27b-1e85-4865-ac82-015b335267d9/element] with body: {"strategy":"xpath","selector":"//android.widget.Switch[@content-desc=\"Customized text\"and @checkable='true']","context":"","multiple":false}
[debug] &amp#27;[35m[WD Proxy]&amp#27;[39m Got response with status 200: {"sessionId":"bc4fa27b-1e85-4865-ac82-015b335267d9","value":{"ELEMENT":"f9c73c0e-3187-4eec-9e44-d204fe5f08da","element-6066-11e4-a52e-4f735466cecf":"f9c73c0e-3187-4eec-9e44-d204fe5f08da"}}
[debug] &amp#27;[35m[W3C (34394bf9)]&amp#27;[39m Responding to client with driver.findElement() result: {"element-6066-11e4-a52e-4f735466cecf":"f9c73c0e-3187-4eec-9e44-d204fe5f08da","ELEMENT":"f9c73c0e-3187-4eec-9e44-d204fe5f08da"}
&amp#27;[35m[HTTP]&amp#27;[39m &amp#27;[37m<-- POST /wd/hub/session/34394bf9-0c01-4d1d-b0c9-6a63b2f7d538/element &amp#27;[39m&amp#27;[32m200&amp#27;[39m &amp#27;[90m41 ms - 137&amp#27;[39m
&amp#27;[35m[HTTP]&amp#27;[39m &amp#27;[90m&amp#27;[39m
&amp#27;[35m[HTTP]&amp#27;[39m &amp#27;[37m-->&amp#27;[39m &amp#27;[37mGET&amp#27;[39m &amp#27;[37m/wd/hub/session/34394bf9-0c01-4d1d-b0c9-6a63b2f7d538/element/f9c73c0e-3187-4eec-9e44-d204fe5f08da/enabled&amp#27;[39m
&amp#27;[35m[HTTP]&amp#27;[39m &amp#27;[90m{}&amp#27;[39m
[debug] &amp#27;[35m[W3C (34394bf9)]&amp#27;[39m Calling AppiumDriver.elementEnabled() with args: ["f9c73c0e-3187-4eec-9e44-d204fe5f08da","34394bf9-0c01-4d1d-b0c9-6a63b2f7d538"]
[debug] &amp#27;[35m[WD Proxy]&amp#27;[39m Matched '/element/f9c73c0e-3187-4eec-9e44-d204fe5f08da/attribute/enabled' to command name 'getAttribute'
[debug] &amp#27;[35m[WD Proxy]&amp#27;[39m Proxying [GET /element/f9c73c0e-3187-4eec-9e44-d204fe5f08da/attribute/enabled] to [GET http://127.0.0.1:8216/wd/hub/session/bc4fa27b-1e85-4865-ac82-015b335267d9/element/f9c73c0e-3187-4eec-9e44-d204fe5f08da/attribute/enabled] with no body
[debug] &amp#27;[35m[WD Proxy]&amp#27;[39m Got response with status 200: {"sessionId":"bc4fa27b-1e85-4865-ac82-015b335267d9","value":"true"}
[debug] &amp#27;[35m[W3C (34394bf9)]&amp#27;[39m Responding to client with driver.elementEnabled() result: true
&amp#27;[35m[HTTP]&amp#27;[39m &amp#27;[37m<-- GET /wd/hub/session/34394bf9-0c01-4d1d-b0c9-6a63b2f7d538/element/f9c73c0e-3187-4eec-9e44-d204fe5f08da/enabled &amp#27;[39m&amp#27;[32m200&amp#27;[39m &amp#27;[90m14 ms - 14&amp#27;[39m
&amp#27;[35m[HTTP]&amp#27;[39m &amp#27;[90m&amp#27;[39m
&amp#27;[35m[HTTP]&amp#27;[39m &amp#27;[37m-->&amp#27;[39m &amp#27;[37mPOST&amp#27;[39m &amp#27;[37m/wd/hub/session/34394bf9-0c01-4d1d-b0c9-6a63b2f7d538/timeouts&amp#27;[39m
&amp#27;[35m[HTTP]&amp#27;[39m &amp#27;[90m{"implicit":10000}&amp#27;[39m
[debug] &amp#27;[35m[W3C (34394bf9)]&amp#27;[39m Calling AppiumDriver.timeouts() with args: [null,null,null,null,10000,"34394bf9-0c01-4d1d-b0c9-6a63b2f7d538"]
[debug] &amp#27;[35m[BaseDriver]&amp#27;[39m W3C timeout argument: {"implicit":10000}}
[debug] &amp#27;[35m[BaseDriver]&amp#27;[39m Set implicit wait to 10000ms
[debug] &amp#27;[35m[W3C (34394bf9)]&amp#27;[39m Responding to client with driver.timeouts() result: null
&amp#27;[35m[HTTP]&amp#27;[39m &amp#27;[37m<-- POST /wd/hub/session/34394bf9-0c01-4d1d-b0c9-6a63b2f7d538/timeouts &amp#27;[39m&amp#27;[32m200&amp#27;[39m &amp#27;[90m2 ms - 14&amp#27;[39m
&amp#27;[35m[HTTP]&amp#27;[39m &amp#27;[90m&amp#27;[39m
&amp#27;[35m[HTTP]&amp#27;[39m &amp#27;[37m-->&amp#27;[39m &amp#27;[37mGET&amp#27;[39m &amp#27;[37m/wd/hub/session/34394bf9-0c01-4d1d-b0c9-6a63b2f7d538&amp#27;[39m
&amp#27;[35m[HTTP]&amp#27;[39m &amp#27;[90m{}&amp#27;[39m
[debug] &amp#27;[35m[W3C (34394bf9)]&amp#27;[39m Calling AppiumDriver.getSession() with args: ["34394bf9-0c01-4d1d-b0c9-6a63b2f7d538"]
[debug] &amp#27;[35m[UiAutomator2]&amp#27;[39m Getting session details from server to mix in
[debug] &amp#27;[35m[WD Proxy]&amp#27;[39m Matched '/' to command name 'getSession'
[debug] &amp#27;[35m[WD Proxy]&amp#27;[39m Proxying [GET /] to [GET http://127.0.0.1:8216/wd/hub/session/bc4fa27b-1e85-4865-ac82-015b335267d9] with no body
[debug] &amp#27;[35m[WD Proxy]&amp#27;[39m Got response with status 200: {"sessionId":"bc4fa27b-1e85-4865-ac82-015b335267d9","value":{"lastScrollData":null}}
[debug] &amp#27;[35m[W3C (34394bf9)]&amp#27;[39m Responding to client with driver.getSession() result: {"platform":"LINUX","webStorageEnabled":false,"takesScreenshot":true,"javascriptEnabled":true,"databaseEnabled":false,"networkConnectionEnabled":true,"locationContextEnabled":false,"warnings":{},"desired":{"platformName":"android","app":"C:\\Users\\Anis\\eclipse-workspace\\Appium\\src\\ApiDemos-debug.apk","deviceName":"Redmi","newCommandTimeout":14},"platformName":"android","app":"C:\\Users\\Anis\\eclipse-workspace\\Appium\\src\\ApiDemos-debug.apk","deviceName":"55272e729804","newCommandTimeout":14,"deviceUDID":"55272e729804","appPackage":"io.appium.android.apis","deviceApiLevel":24,"platformVersion":"7.0","deviceScreenSize":"1080x1920","deviceScreenDensity":480,"deviceModel":"Redmi Note 4","deviceManufacturer":"Xiaomi","pixelRatio":3,"statBarHeight":72,"viewportRect":{"left":0,"top":72,"width":1080,"height":1848},"lastScrollData":null}
&amp#27;[35m[HTTP]&amp#27;[39m &amp#27;[37m<-- GET /wd/hub/session/34394bf9-0c01-4d1d-b0c9-6a63b2f7d538 &amp#27;[39m&amp#27;[32m200&amp#27;[39m &amp#27;[90m15 ms - 858&amp#27;[39m
&amp#27;[35m[HTTP]&amp#27;[39m &amp#27;[90m&amp#27;[39m
&amp#27;[35m[HTTP]&amp#27;[39m &amp#27;[37m-->&amp#27;[39m &amp#27;[37mPOST&amp#27;[39m &amp#27;[37m/wd/hub/session/34394bf9-0c01-4d1d-b0c9-6a63b2f7d538/element&amp#27;[39m
&amp#27;[35m[HTTP]&amp#27;[39m &amp#27;[90m{"using":"xpath","value":"//android.widget.Switch[@content-desc=\"Customized text\"and @checkable='true']"}&amp#27;[39m
[debug] &amp#27;[35m[W3C (34394bf9)]&amp#27;[39m Calling AppiumDriver.findElement() with args: ["xpath","//android.widget.Switch[@content-desc=\"Customized text\"and @checkable='true']","34394bf9-0c01-4d1d-b0c9-6a63b2f7d538"]
[debug] &amp#27;[35m[BaseDriver]&amp#27;[39m Valid locator strategies for this request: xpath, id, class name, accessibility id, css selector, -android uiautomator
[debug] &amp#27;[35m[BaseDriver]&amp#27;[39m Waiting up to 10000 ms for condition
[debug] &amp#27;[35m[WD Proxy]&amp#27;[39m Matched '/element' to command name 'findElement'
[debug] &amp#27;[35m[WD Proxy]&amp#27;[39m Proxying [POST /element] to [POST http://127.0.0.1:8216/wd/hub/session/bc4fa27b-1e85-4865-ac82-015b335267d9/element] with body: {"strategy":"xpath","selector":"//android.widget.Switch[@content-desc=\"Customized text\"and @checkable='true']","context":"","multiple":false}
[debug] &amp#27;[35m[WD Proxy]&amp#27;[39m Got response with status 200: {"sessionId":"bc4fa27b-1e85-4865-ac82-015b335267d9","value":{"ELEMENT":"e914de85-d5e4-4605-9756-ba43ff351523","element-6066-11e4-a52e-4f735466cecf":"e914de85-d5e4-4605-9756-ba43ff351523"}}
[debug] &amp#27;[35m[W3C (34394bf9)]&amp#27;[39m Responding to client with driver.findElement() result: {"element-6066-11e4-a52e-4f735466cecf":"e914de85-d5e4-4605-9756-ba43ff351523","ELEMENT":"e914de85-d5e4-4605-9756-ba43ff351523"}
&amp#27;[35m[HTTP]&amp#27;[39m &amp#27;[37m<-- POST /wd/hub/session/34394bf9-0c01-4d1d-b0c9-6a63b2f7d538/element &amp#27;[39m&amp#27;[32m200&amp#27;[39m &amp#27;[90m44 ms - 137&amp#27;[39m
&amp#27;[35m[HTTP]&amp#27;[39m &amp#27;[90m&amp#27;[39m
&amp#27;[35m[HTTP]&amp#27;[39m &amp#27;[37m-->&amp#27;[39m &amp#27;[37mPOST&amp#27;[39m &amp#27;[37m/wd/hub/session/34394bf9-0c01-4d1d-b0c9-6a63b2f7d538/element/e914de85-d5e4-4605-9756-ba43ff351523/click&amp#27;[39m
&amp#27;[35m[HTTP]&amp#27;[39m &amp#27;[90m{"id":"e914de85-d5e4-4605-9756-ba43ff351523"}&amp#27;[39m
[debug] &amp#27;[35m[W3C (34394bf9)]&amp#27;[39m Calling AppiumDriver.click() with args: ["e914de85-d5e4-4605-9756-ba43ff351523","34394bf9-0c01-4d1d-b0c9-6a63b2f7d538"]
[debug] &amp#27;[35m[WD Proxy]&amp#27;[39m Matched '/element/e914de85-d5e4-4605-9756-ba43ff351523/click' to command name 'click'
[debug] &amp#27;[35m[WD Proxy]&amp#27;[39m Proxying [POST /element/e914de85-d5e4-4605-9756-ba43ff351523/click] to [POST http://127.0.0.1:8216/wd/hub/session/bc4fa27b-1e85-4865-ac82-015b335267d9/element/e914de85-d5e4-4605-9756-ba43ff351523/click] with body: {"element":"e914de85-d5e4-4605-9756-ba43ff351523"}
[debug] &amp#27;[35m[WD Proxy]&amp#27;[39m Got response with status 200: {"sessionId":"bc4fa27b-1e85-4865-ac82-015b335267d9","value":null}
[debug] &amp#27;[35m[W3C (34394bf9)]&amp#27;[39m Responding to client with driver.click() result: null
&amp#27;[35m[HTTP]&amp#27;[39m &amp#27;[37m<-- POST /wd/hub/session/34394bf9-0c01-4d1d-b0c9-6a63b2f7d538/element/e914de85-d5e4-4605-9756-ba43ff351523/click &amp#27;[39m&amp#27;[32m200&amp#27;[39m &amp#27;[90m22 ms - 14&amp#27;[39m
&amp#27;[35m[HTTP]&amp#27;[39m &amp#27;[90m&amp#27;[39m
[INFO ] 2021-06-18 15:58:35.044 [main] Listeners - *******************ApiDemoTest2.popUpMenu passed*******************
]]></system-out>
    <system-err><![CDATA[Jun 18, 2021 3:58:08 PM io.appium.java_client.remote.AppiumCommandExecutor$1 lambda$0
INFO: Detected dialect: W3C
]]></system-err>
  </testcase>
  <testcase name="progressBars" classname="ApiDemoTest2" time="23.097">
    <system-out><![CDATA[&amp#27;[35m[Appium]&amp#27;[39m Welcome to Appium v1.21.0
&amp#27;[35m[Appium]&amp#27;[39m Appium REST http interface listener started on 0.0.0.0:4723
&amp#27;[35m[HTTP]&amp#27;[39m &amp#27;[37m-->&amp#27;[39m &amp#27;[37mGET&amp#27;[39m &amp#27;[37m/wd/hub/status&amp#27;[39m
&amp#27;[35m[HTTP]&amp#27;[39m &amp#27;[90m{}&amp#27;[39m
[debug] &amp#27;[35m[GENERIC]&amp#27;[39m Calling AppiumDriver.getStatus() with args: []
[debug] &amp#27;[35m[GENERIC]&amp#27;[39m Responding to client with driver.getStatus() result: {"build":{"version":"1.21.0"}}
&amp#27;[35m[HTTP]&amp#27;[39m &amp#27;[37m<-- GET /wd/hub/status &amp#27;[39m&amp#27;[32m200&amp#27;[39m &amp#27;[90m7 ms - 68&amp#27;[39m
&amp#27;[35m[HTTP]&amp#27;[39m &amp#27;[90m&amp#27;[39m
&amp#27;[35m[HTTP]&amp#27;[39m &amp#27;[37m-->&amp#27;[39m &amp#27;[37mPOST&amp#27;[39m &amp#27;[37m/wd/hub/session&amp#27;[39m
&amp#27;[35m[HTTP]&amp#27;[39m &amp#27;[90m{"desiredCapabilities":{"app":"C:\\Users\\Anis\\eclipse-workspace\\Appium\\src\\ApiDemos-debug.apk","platformName":"Android","deviceName":"Redmi","newCommandTimeout":14},"capabilities":{"firstMatch":[{"appium:app":"C:\\Users\\Anis\\eclipse-workspace\\Appium\\src\\ApiDemos-debug.apk","appium:deviceName":"Redmi","appium:newCommandTimeout":14,"platformName":"android"}]}}&amp#27;[39m
[debug] &amp#27;[35m[W3C]&amp#27;[39m Calling AppiumDriver.createSession() with args: [{"app":"C:\\Users\\Anis\\eclipse-workspace\\Appium\\src\\ApiDemos-debug.apk","platformName":"Android","deviceName":"Redmi","newCommandTimeout":14},null,{"firstMatch":[{"appium:app":"C:\\Users\\Anis\\eclipse-workspace\\Appium\\src\\ApiDemos-debug.apk","appium:deviceName":"Redmi","appium:newCommandTimeout":14,"platformName":"android"}]}]
[debug] &amp#27;[35m[BaseDriver]&amp#27;[39m Event 'newSessionRequested' logged at 1624012117213 (15:58:37 GMT+0530 (India Standard Time))
&amp#27;[35m[Appium]&amp#27;[39m 
&amp#27;[35m[Appium]&amp#27;[39m ======================================================================
&amp#27;[35m[Appium]&amp#27;[39m   DEPRECATION WARNING:
&amp#27;[35m[Appium]&amp#27;[39m 
&amp#27;[35m[Appium]&amp#27;[39m   The 'automationName' capability was not provided in the desired 
&amp#27;[35m[Appium]&amp#27;[39m   capabilities for this Android session
&amp#27;[35m[Appium]&amp#27;[39m 
&amp#27;[35m[Appium]&amp#27;[39m   Setting 'automationName=UiAutomator2' by default and using the 
&amp#27;[35m[Appium]&amp#27;[39m   UiAutomator2 Driver
&amp#27;[35m[Appium]&amp#27;[39m 
&amp#27;[35m[Appium]&amp#27;[39m   The next major version of Appium (2.x) will **require** the 
&amp#27;[35m[Appium]&amp#27;[39m   'automationName' capability to be set for all sessions on all 
&amp#27;[35m[Appium]&amp#27;[39m   platforms
&amp#27;[35m[Appium]&amp#27;[39m 
&amp#27;[35m[Appium]&amp#27;[39m   In previous versions (Appium <= 1.13.x), the default was 
&amp#27;[35m[Appium]&amp#27;[39m   'automationName=UiAutomator1'
&amp#27;[35m[Appium]&amp#27;[39m 
&amp#27;[35m[Appium]&amp#27;[39m   If you wish to use that automation instead of UiAutomator2, please 
&amp#27;[35m[Appium]&amp#27;[39m   add 'automationName=UiAutomator1' to your desired capabilities
&amp#27;[35m[Appium]&amp#27;[39m 
&amp#27;[35m[Appium]&amp#27;[39m   For more information about drivers, please visit 
&amp#27;[35m[Appium]&amp#27;[39m   http://appium.io/docs/en/about-appium/intro/ and explore the 
&amp#27;[35m[Appium]&amp#27;[39m   'Drivers' menu
&amp#27;[35m[Appium]&amp#27;[39m 
&amp#27;[35m[Appium]&amp#27;[39m ======================================================================
&amp#27;[35m[Appium]&amp#27;[39m 
&amp#27;[35m[Appium]&amp#27;[39m Appium v1.21.0 creating new AndroidUiautomator2Driver (v1.65.0) session
[debug] &amp#27;[35m[BaseDriver]&amp#27;[39m W3C capabilities and MJSONWP desired capabilities were provided
[debug] &amp#27;[35m[BaseDriver]&amp#27;[39m Creating session with W3C capabilities: {
[debug] &amp#27;[35m[BaseDriver]&amp#27;[39m   "alwaysMatch": {
[debug] &amp#27;[35m[BaseDriver]&amp#27;[39m     "platformName": "android",
[debug] &amp#27;[35m[BaseDriver]&amp#27;[39m     "appium:app": "C:\\Users\\Anis\\eclipse-workspace\\Appium\\src\\ApiDemos-debug.apk",
[debug] &amp#27;[35m[BaseDriver]&amp#27;[39m     "appium:deviceName": "Redmi",
[debug] &amp#27;[35m[BaseDriver]&amp#27;[39m     "appium:newCommandTimeout": 14
[debug] &amp#27;[35m[BaseDriver]&amp#27;[39m   },
[debug] &amp#27;[35m[BaseDriver]&amp#27;[39m   "firstMatch": [
[debug] &amp#27;[35m[BaseDriver]&amp#27;[39m     {}
[debug] &amp#27;[35m[BaseDriver]&amp#27;[39m   ]
[debug] &amp#27;[35m[BaseDriver]&amp#27;[39m }
&amp#27;[35m[BaseDriver]&amp#27;[39m Session created with session id: cf730178-8621-4bf8-b989-929b40bb36e0
&amp#27;[35m[BaseDriver]&amp#27;[39m Using local app 'C:\Users\Anis\eclipse-workspace\Appium\src\ApiDemos-debug.apk'
[debug] &amp#27;[35m[UiAutomator2]&amp#27;[39m Checking whether app is actually present
&amp#27;[35m[ADB]&amp#27;[39m Found 2 'build-tools' folders under 'C:\Users\Anis\AppData\Local\Android\Sdk' (newest first):
&amp#27;[35m[ADB]&amp#27;[39m     C:/Users/Anis/AppData/Local/Android/Sdk/build-tools/31.0.0-rc4
&amp#27;[35m[ADB]&amp#27;[39m     C:/Users/Anis/AppData/Local/Android/Sdk/build-tools/30.0.3
&amp#27;[35m[ADB]&amp#27;[39m Using 'adb.exe' from 'C:\Users\Anis\AppData\Local\Android\Sdk\platform-tools\adb.exe'
[debug] &amp#27;[35m[ADB]&amp#27;[39m Running 'C:\Users\Anis\AppData\Local\Android\Sdk\platform-tools\adb.exe -P 5037 start-server'
&amp#27;[35m[AndroidDriver]&amp#27;[39m Retrieving device list
[debug] &amp#27;[35m[ADB]&amp#27;[39m Trying to find a connected android device
[debug] &amp#27;[35m[ADB]&amp#27;[39m Getting connected devices
[debug] &amp#27;[35m[ADB]&amp#27;[39m Connected devices: [{"udid":"55272e729804","state":"device"}]
&amp#27;[35m[AndroidDriver]&amp#27;[39m Using device: 55272e729804
&amp#27;[35m[ADB]&amp#27;[39m Using 'adb.exe' from 'C:\Users\Anis\AppData\Local\Android\Sdk\platform-tools\adb.exe'
[debug] &amp#27;[35m[ADB]&amp#27;[39m Running 'C:\Users\Anis\AppData\Local\Android\Sdk\platform-tools\adb.exe -P 5037 start-server'
[debug] &amp#27;[35m[ADB]&amp#27;[39m Setting device id to 55272e729804
[debug] &amp#27;[35m[ADB]&amp#27;[39m Running 'C:\Users\Anis\AppData\Local\Android\Sdk\platform-tools\adb.exe -P 5037 -s 55272e729804 shell getprop ro.build.version.sdk'
[debug] &amp#27;[35m[ADB]&amp#27;[39m Current device property 'ro.build.version.sdk': 24
[debug] &amp#27;[35m[ADB]&amp#27;[39m Device API level: 24
[debug] &amp#27;[35m[AndroidDriver]&amp#27;[39m Parsing package and activity from app manifest
&amp#27;[35m[ADB]&amp#27;[39m Package name: 'io.appium.android.apis'
&amp#27;[35m[ADB]&amp#27;[39m Main activity name: 'ApiDemos'
[debug] &amp#27;[35m[AndroidDriver]&amp#27;[39m Parsed package and activity are: io.appium.android.apis/ApiDemos
[debug] &amp#27;[35m[ADB]&amp#27;[39m Running 'C:\Users\Anis\AppData\Local\Android\Sdk\platform-tools\adb.exe -P 5037 -s 55272e729804 wait-for-device'
[debug] &amp#27;[35m[ADB]&amp#27;[39m Running 'C:\Users\Anis\AppData\Local\Android\Sdk\platform-tools\adb.exe -P 5037 -s 55272e729804 shell echo ping'
[debug] &amp#27;[35m[AndroidDriver]&amp#27;[39m Pushing settings apk to device...
[debug] &amp#27;[35m[ADB]&amp#27;[39m Getting install status for io.appium.settings
[debug] &amp#27;[35m[ADB]&amp#27;[39m Running 'C:\Users\Anis\AppData\Local\Android\Sdk\platform-tools\adb.exe -P 5037 -s 55272e729804 shell dumpsys package io.appium.settings'
[debug] &amp#27;[35m[ADB]&amp#27;[39m 'io.appium.settings' is installed
[debug] &amp#27;[35m[ADB]&amp#27;[39m Getting package info for 'io.appium.settings'
[debug] &amp#27;[35m[ADB]&amp#27;[39m Running 'C:\Users\Anis\AppData\Local\Android\Sdk\platform-tools\adb.exe -P 5037 -s 55272e729804 shell dumpsys package io.appium.settings'
[debug] &amp#27;[35m[ADB]&amp#27;[39m The version name of the installed 'io.appium.settings' is greater or equal to the application version name ('3.3.0' >= '3.3.0')
[debug] &amp#27;[35m[ADB]&amp#27;[39m There is no need to install/upgrade 'C:\Users\Anis\AppData\Roaming\npm\node_modules\appium\node_modules\io.appium.settings\apks\settings_apk-debug.apk'
[debug] &amp#27;[35m[ADB]&amp#27;[39m Getting IDs of all 'io.appium.settings' processes
[debug] &amp#27;[35m[ADB]&amp#27;[39m Running 'C:\Users\Anis\AppData\Local\Android\Sdk\platform-tools\adb.exe -P 5037 -s 55272e729804 shell 'pgrep --help; echo $?''
[debug] &amp#27;[35m[ADB]&amp#27;[39m Running 'C:\Users\Anis\AppData\Local\Android\Sdk\platform-tools\adb.exe -P 5037 -s 55272e729804 shell 'pgrep ^appium\\.settings$ || pgrep ^io\\.appium\\.setti$''
[debug] &amp#27;[35m[ADB]&amp#27;[39m Getting IDs of all 'io.appium.settings' processes
[debug] &amp#27;[35m[ADB]&amp#27;[39m Running 'C:\Users\Anis\AppData\Local\Android\Sdk\platform-tools\adb.exe -P 5037 -s 55272e729804 shell 'pgrep ^appium\\.settings$ || pgrep ^io\\.appium\\.setti$''
[debug] &amp#27;[35m[ADB]&amp#27;[39m Starting Appium Settings app
[debug] &amp#27;[35m[ADB]&amp#27;[39m Running 'C:\Users\Anis\AppData\Local\Android\Sdk\platform-tools\adb.exe -P 5037 -s 55272e729804 shell am start -n io.appium.settings/.Settings -a android.intent.action.MAIN -c android.intent.category.LAUNCHER'
[debug] &amp#27;[35m[ADB]&amp#27;[39m Getting IDs of all 'io.appium.settings' processes
[debug] &amp#27;[35m[ADB]&amp#27;[39m Running 'C:\Users\Anis\AppData\Local\Android\Sdk\platform-tools\adb.exe -P 5037 -s 55272e729804 shell 'pgrep ^appium\\.settings$ || pgrep ^io\\.appium\\.setti$''
[debug] &amp#27;[35m[ADB]&amp#27;[39m Running 'C:\Users\Anis\AppData\Local\Android\Sdk\platform-tools\adb.exe -P 5037 -s 55272e729804 shell appops set io.appium.settings android:mock_location allow'
[debug] &amp#27;[35m[Logcat]&amp#27;[39m Starting logs capture with command: C:\\Users\\Anis\\AppData\\Local\\Android\\Sdk\\platform-tools\\adb.exe -P 5037 -s 55272e729804 logcat -v threadtime
[debug] &amp#27;[35m[UiAutomator2]&amp#27;[39m Forwarding UiAutomator2 Server port 6790 to local port 8217
[debug] &amp#27;[35m[ADB]&amp#27;[39m Forwarding system: 8217 to device: 6790
[debug] &amp#27;[35m[ADB]&amp#27;[39m Running 'C:\Users\Anis\AppData\Local\Android\Sdk\platform-tools\adb.exe -P 5037 -s 55272e729804 forward tcp:8217 tcp:6790'
[debug] &amp#27;[35m[ADB]&amp#27;[39m Getting install status for io.appium.uiautomator2.server
[debug] &amp#27;[35m[ADB]&amp#27;[39m Running 'C:\Users\Anis\AppData\Local\Android\Sdk\platform-tools\adb.exe -P 5037 -s 55272e729804 shell dumpsys package io.appium.uiautomator2.server'
[debug] &amp#27;[35m[ADB]&amp#27;[39m 'io.appium.uiautomator2.server' is installed
[debug] &amp#27;[35m[ADB]&amp#27;[39m Getting package info for 'io.appium.uiautomator2.server'
[debug] &amp#27;[35m[ADB]&amp#27;[39m Running 'C:\Users\Anis\AppData\Local\Android\Sdk\platform-tools\adb.exe -P 5037 -s 55272e729804 shell dumpsys package io.appium.uiautomator2.server'
[debug] &amp#27;[35m[ADB]&amp#27;[39m The version name of the installed 'io.appium.uiautomator2.server' is greater or equal to the application version name ('4.21.1' >= '4.21.1')
[debug] &amp#27;[35m[UiAutomator2]&amp#27;[39m io.appium.uiautomator2.server installation state: sameVersionInstalled
[debug] &amp#27;[35m[ADB]&amp#27;[39m Checking app cert for C:\Users\Anis\AppData\Roaming\npm\node_modules\appium\node_modules\appium-uiautomator2-server\apks\appium-uiautomator2-server-v4.21.1.apk
&amp#27;[35m[ADB]&amp#27;[39m Using 'apksigner.jar' from 'C:\Users\Anis\AppData\Local\Android\Sdk\build-tools\31.0.0-rc4\lib\apksigner.jar'
[debug] &amp#27;[35m[ADB]&amp#27;[39m Starting apksigner: 'C:\\Program Files\\Java\\jdk-11.0.11\\bin\\java.exe' -Xmx1024M -Xss1m -jar C:\\Users\\Anis\\AppData\\Local\\Android\\Sdk\\build-tools\\31.0.0-rc4\\lib\\apksigner.jar verify --print-certs C:\\Users\\Anis\\AppData\\Roaming\\npm\\node_modules\\appium\\node_modules\\appium-uiautomator2-server\\apks\\appium-uiautomator2-server-v4.21.1.apk
[debug] &amp#27;[35m[ADB]&amp#27;[39m apksigner stdout: Signer #1 certificate DN: EMAILADDRESS=android@android.com, CN=Android, OU=Android, O=Android, L=Mountain View, ST=California, C=US
[debug] &amp#27;[35m[ADB]&amp#27;[39m Signer #1 certificate SHA-256 digest: a40da80a59d170caa950cf15c18c454d47a39b26989d8b640ecd745ba71bf5dc
[debug] &amp#27;[35m[ADB]&amp#27;[39m Signer #1 certificate SHA-1 digest: 61ed377e85d386a8dfee6b864bd85b0bfaa5af81
[debug] &amp#27;[35m[ADB]&amp#27;[39m Signer #1 certificate MD5 digest: e89b158e4bcf988ebd09eb83f5378e87
[debug] &amp#27;[35m[ADB]&amp#27;[39m 
[debug] &amp#27;[35m[ADB]&amp#27;[39m sha256 hash did match for 'appium-uiautomator2-server-v4.21.1.apk'
&amp#27;[35m[ADB]&amp#27;[39m 'C:\Users\Anis\AppData\Roaming\npm\node_modules\appium\node_modules\appium-uiautomator2-server\apks\appium-uiautomator2-server-v4.21.1.apk' is signed with the default certificate
[debug] &amp#27;[35m[ADB]&amp#27;[39m Getting install status for io.appium.uiautomator2.server.test
[debug] &amp#27;[35m[ADB]&amp#27;[39m Running 'C:\Users\Anis\AppData\Local\Android\Sdk\platform-tools\adb.exe -P 5037 -s 55272e729804 shell dumpsys package io.appium.uiautomator2.server.test'
[debug] &amp#27;[35m[ADB]&amp#27;[39m 'io.appium.uiautomator2.server.test' is installed
[debug] &amp#27;[35m[ADB]&amp#27;[39m Checking app cert for C:\Users\Anis\AppData\Roaming\npm\node_modules\appium\node_modules\appium-uiautomator2-server\apks\appium-uiautomator2-server-debug-androidTest.apk
[debug] &amp#27;[35m[ADB]&amp#27;[39m Starting apksigner: 'C:\\Program Files\\Java\\jdk-11.0.11\\bin\\java.exe' -Xmx1024M -Xss1m -jar C:\\Users\\Anis\\AppData\\Local\\Android\\Sdk\\build-tools\\31.0.0-rc4\\lib\\apksigner.jar verify --print-certs C:\\Users\\Anis\\AppData\\Roaming\\npm\\node_modules\\appium\\node_modules\\appium-uiautomator2-server\\apks\\appium-uiautomator2-server-debug-androidTest.apk
[debug] &amp#27;[35m[ADB]&amp#27;[39m apksigner stdout: Signer #1 certificate DN: EMAILADDRESS=android@android.com, CN=Android, OU=Android, O=Android, L=Mountain View, ST=California, C=US
[debug] &amp#27;[35m[ADB]&amp#27;[39m Signer #1 certificate SHA-256 digest: a40da80a59d170caa950cf15c18c454d47a39b26989d8b640ecd745ba71bf5dc
[debug] &amp#27;[35m[ADB]&amp#27;[39m Signer #1 certificate SHA-1 digest: 61ed377e85d386a8dfee6b864bd85b0bfaa5af81
[debug] &amp#27;[35m[ADB]&amp#27;[39m Signer #1 certificate MD5 digest: e89b158e4bcf988ebd09eb83f5378e87
[debug] &amp#27;[35m[ADB]&amp#27;[39m 
[debug] &amp#27;[35m[ADB]&amp#27;[39m sha256 hash did match for 'appium-uiautomator2-server-debug-androidTest.apk'
&amp#27;[35m[ADB]&amp#27;[39m 'C:\Users\Anis\AppData\Roaming\npm\node_modules\appium\node_modules\appium-uiautomator2-server\apks\appium-uiautomator2-server-debug-androidTest.apk' is signed with the default certificate
&amp#27;[35m[UiAutomator2]&amp#27;[39m Server packages are not going to be (re)installed
[debug] &amp#27;[35m[UiAutomator2]&amp#27;[39m Waiting up to 30000ms for services to be available
[debug] &amp#27;[35m[ADB]&amp#27;[39m Running 'C:\Users\Anis\AppData\Local\Android\Sdk\platform-tools\adb.exe -P 5037 -s 55272e729804 shell pm list instrumentation'
[debug] &amp#27;[35m[UiAutomator2]&amp#27;[39m Instrumentation target 'io.appium.uiautomator2.server.test/androidx.test.runner.AndroidJUnitRunner' is available
&amp#27;[35m[ADB]&amp#27;[39m Adding packages ["io.appium.settings","io.appium.uiautomator2.server","io.appium.uiautomator2.server.test"] to Doze whitelist
[debug] &amp#27;[35m[ADB]&amp#27;[39m Got the following command chunks to execute: [["dumpsys","deviceidle","whitelist","+io.appium.settings",";","dumpsys","deviceidle","whitelist","+io.appium.uiautomator2.server",";","dumpsys","deviceidle","whitelist","+io.appium.uiautomator2.server.test",";"]]
[debug] &amp#27;[35m[ADB]&amp#27;[39m Running 'C:\Users\Anis\AppData\Local\Android\Sdk\platform-tools\adb.exe -P 5037 -s 55272e729804 shell dumpsys deviceidle whitelist +io.appium.settings ; dumpsys deviceidle whitelist +io.appium.uiautomator2.server ; dumpsys deviceidle whitelist +io.appium.uiautomator2.server.test ;'
[debug] &amp#27;[35m[ADB]&amp#27;[39m Checking app cert for C:\Users\Anis\eclipse-workspace\Appium\src\ApiDemos-debug.apk
[debug] &amp#27;[35m[ADB]&amp#27;[39m Starting apksigner: 'C:\\Program Files\\Java\\jdk-11.0.11\\bin\\java.exe' -Xmx1024M -Xss1m -jar C:\\Users\\Anis\\AppData\\Local\\Android\\Sdk\\build-tools\\31.0.0-rc4\\lib\\apksigner.jar verify --print-certs C:\\Users\\Anis\\eclipse-workspace\\Appium\\src\\ApiDemos-debug.apk
[debug] &amp#27;[35m[ADB]&amp#27;[39m apksigner stdout: Signer #1 certificate DN: EMAILADDRESS=android@android.com, CN=Android, OU=Android, O=Android, L=Mountain View, ST=California, C=US
[debug] &amp#27;[35m[ADB]&amp#27;[39m Signer #1 certificate SHA-256 digest: a40da80a59d170caa950cf15c18c454d47a39b26989d8b640ecd745ba71bf5dc
[debug] &amp#27;[35m[ADB]&amp#27;[39m Signer #1 certificate SHA-1 digest: 61ed377e85d386a8dfee6b864bd85b0bfaa5af81
[debug] &amp#27;[35m[ADB]&amp#27;[39m Signer #1 certificate MD5 digest: e89b158e4bcf988ebd09eb83f5378e87
[debug] &amp#27;[35m[ADB]&amp#27;[39m 
[debug] &amp#27;[35m[ADB]&amp#27;[39m sha256 hash did match for 'ApiDemos-debug.apk'
&amp#27;[35m[ADB]&amp#27;[39m 'C:\Users\Anis\eclipse-workspace\Appium\src\ApiDemos-debug.apk' is signed with the default certificate
[debug] &amp#27;[35m[ADB]&amp#27;[39m Getting install status for io.appium.android.apis
[debug] &amp#27;[35m[ADB]&amp#27;[39m Running 'C:\Users\Anis\AppData\Local\Android\Sdk\platform-tools\adb.exe -P 5037 -s 55272e729804 shell dumpsys package io.appium.android.apis'
[debug] &amp#27;[35m[ADB]&amp#27;[39m 'io.appium.android.apis' is installed
[debug] &amp#27;[35m[ADB]&amp#27;[39m Getting package info for 'io.appium.android.apis'
[debug] &amp#27;[35m[ADB]&amp#27;[39m Running 'C:\Users\Anis\AppData\Local\Android\Sdk\platform-tools\adb.exe -P 5037 -s 55272e729804 shell dumpsys package io.appium.android.apis'
&amp#27;[35m[ADB]&amp#27;[39m Cannot read version codes of 'C:\Users\Anis\eclipse-workspace\Appium\src\ApiDemos-debug.apk' and/or 'io.appium.android.apis'
&amp#27;[35m[ADB]&amp#27;[39m Cannot read version names of 'C:\Users\Anis\eclipse-workspace\Appium\src\ApiDemos-debug.apk' and/or 'io.appium.android.apis'
[debug] &amp#27;[35m[ADB]&amp#27;[39m The current install state of 'C:\Users\Anis\eclipse-workspace\Appium\src\ApiDemos-debug.apk' is unknown. Installing anyway
[debug] &amp#27;[35m[ADB]&amp#27;[39m Running 'C:\Users\Anis\AppData\Local\Android\Sdk\platform-tools\adb.exe -P 5037 -s 55272e729804 help'
[debug] &amp#27;[35m[ADB]&amp#27;[39m Running 'C:\Users\Anis\AppData\Local\Android\Sdk\platform-tools\adb.exe -P 5037 -s 55272e729804 features'
&amp#27;[35m[ADB]&amp#27;[39m The application at 'C:\Users\Anis\eclipse-workspace\Appium\src\ApiDemos-debug.apk' will not be cached, because the device under test has confirmed the support of streamed installs
[debug] &amp#27;[35m[ADB]&amp#27;[39m Running 'C:\Users\Anis\AppData\Local\Android\Sdk\platform-tools\adb.exe -P 5037 -s 55272e729804 install -r C:\Users\Anis\eclipse-workspace\Appium\src\ApiDemos-debug.apk'
&amp#27;[35m[ADB]&amp#27;[39m The installation of 'ApiDemos-debug.apk' took 4098ms
[debug] &amp#27;[35m[ADB]&amp#27;[39m Install command stdout: Performing Streamed Install
[debug] &amp#27;[35m[ADB]&amp#27;[39m Success
&amp#27;[35m[AndroidDriver]&amp#27;[39m Performing fast reset on 'io.appium.android.apis'
[debug] &amp#27;[35m[ADB]&amp#27;[39m Getting install status for io.appium.android.apis
[debug] &amp#27;[35m[ADB]&amp#27;[39m Running 'C:\Users\Anis\AppData\Local\Android\Sdk\platform-tools\adb.exe -P 5037 -s 55272e729804 shell dumpsys package io.appium.android.apis'
[debug] &amp#27;[35m[ADB]&amp#27;[39m 'io.appium.android.apis' is installed
[debug] &amp#27;[35m[ADB]&amp#27;[39m Running 'C:\Users\Anis\AppData\Local\Android\Sdk\platform-tools\adb.exe -P 5037 -s 55272e729804 shell am force-stop io.appium.android.apis'
[debug] &amp#27;[35m[ADB]&amp#27;[39m Running 'C:\Users\Anis\AppData\Local\Android\Sdk\platform-tools\adb.exe -P 5037 -s 55272e729804 shell pm clear io.appium.android.apis'
[debug] &amp#27;[35m[AndroidDriver]&amp#27;[39m Performed fast reset on the installed 'io.appium.android.apis' application (stop and clear)
[debug] &amp#27;[35m[UiAutomator2]&amp#27;[39m Performing shallow cleanup of automation leftovers
[debug] &amp#27;[35m[UiAutomator2]&amp#27;[39m The following obsolete sessions are still running: [null]
[debug] &amp#27;[35m[UiAutomator2]&amp#27;[39m Cleaning up the obsolete sessions
[debug] &amp#27;[35m[ADB]&amp#27;[39m Running 'C:\Users\Anis\AppData\Local\Android\Sdk\platform-tools\adb.exe -P 5037 -s 55272e729804 shell am force-stop io.appium.uiautomator2.server.test'
&amp#27;[35m[UiAutomator2]&amp#27;[39m Starting UIAutomator2 server 4.21.1
&amp#27;[35m[UiAutomator2]&amp#27;[39m Using UIAutomator2 server from 'C:\Users\Anis\AppData\Roaming\npm\node_modules\appium\node_modules\appium-uiautomator2-server\apks\appium-uiautomator2-server-v4.21.1.apk' and test from 'C:\Users\Anis\AppData\Roaming\npm\node_modules\appium\node_modules\appium-uiautomator2-server\apks\appium-uiautomator2-server-debug-androidTest.apk'
&amp#27;[35m[UiAutomator2]&amp#27;[39m Waiting up to 30000ms for UiAutomator2 to be online...
[debug] &amp#27;[35m[ADB]&amp#27;[39m Creating ADB subprocess with args: ["-P",5037,"-s","55272e729804","shell","am","instrument","-w","-e","disableAnalytics",true,"io.appium.uiautomator2.server.test/androidx.test.runner.AndroidJUnitRunner"]
[debug] &amp#27;[35m[WD Proxy]&amp#27;[39m Matched '/status' to command name 'getStatus'
[debug] &amp#27;[35m[WD Proxy]&amp#27;[39m Proxying [GET /status] to [GET http://127.0.0.1:8217/wd/hub/status] with no body
&amp#27;[35m[WD Proxy]&amp#27;[39m socket hang up
[debug] &amp#27;[35m[WD Proxy]&amp#27;[39m Matched '/status' to command name 'getStatus'
[debug] &amp#27;[35m[WD Proxy]&amp#27;[39m Proxying [GET /status] to [GET http://127.0.0.1:8217/wd/hub/status] with no body
&amp#27;[35m[WD Proxy]&amp#27;[39m socket hang up
[debug] &amp#27;[35m[Instrumentation]&amp#27;[39m io.appium.uiautomator2.server.test.AppiumUiAutomator2Server:
[debug] &amp#27;[35m[WD Proxy]&amp#27;[39m Matched '/status' to command name 'getStatus'
[debug] &amp#27;[35m[WD Proxy]&amp#27;[39m Proxying [GET /status] to [GET http://127.0.0.1:8217/wd/hub/status] with no body
&amp#27;[35m[WD Proxy]&amp#27;[39m socket hang up
[debug] &amp#27;[35m[WD Proxy]&amp#27;[39m Matched '/status' to command name 'getStatus'
[debug] &amp#27;[35m[WD Proxy]&amp#27;[39m Proxying [GET /status] to [GET http://127.0.0.1:8217/wd/hub/status] with no body
[debug] &amp#27;[35m[WD Proxy]&amp#27;[39m Got response with status 200: {"sessionId":"None","value":{"message":"UiAutomator2 Server is ready to accept commands","ready":true}}
[debug] &amp#27;[35m[UiAutomator2]&amp#27;[39m The initialization of the instrumentation process took 3099ms
[debug] &amp#27;[35m[WD Proxy]&amp#27;[39m Matched '/session' to command name 'createSession'
[debug] &amp#27;[35m[WD Proxy]&amp#27;[39m Proxying [POST /session] to [POST http://127.0.0.1:8217/wd/hub/session] with body: {"capabilities":{"firstMatch":[{"platform":"LINUX","webStorageEnabled":false,"takesScreenshot":true,"javascriptEnabled":true,"databaseEnabled":false,"networkConnectionEnabled":true,"locationContextEnabled":false,"warnings":{},"desired":{"platformName":"android","app":"C:\\Users\\Anis\\eclipse-workspace\\Appium\\src\\ApiDemos-debug.apk","deviceName":"Redmi","newCommandTimeout":14},"platformName":"android","app":"C:\\Users\\Anis\\eclipse-workspace\\Appium\\src\\ApiDemos-debug.apk","deviceName":"55272e729804","newCommandTimeout":14,"deviceUDID":"55272e729804","appPackage":"io.appium.android.apis"}],"alwaysMatch":{}}}
[debug] &amp#27;[35m[WD Proxy]&amp#27;[39m Got response with status 200: {"sessionId":"c5c3a627-67b1-4695-aa35-8adf780f0552","value":{"capabilities":{"firstMatch":[{"platform":"LINUX","webStorageEnabled":false,"takesScreenshot":true,"javascriptEnabled":true,"databaseEnabled":false,"networkConnectionEnabled":true,"locationContextEnabled":false,"warnings":{},"desired":{"platformName":"android","app":"C:\\Users\\Anis\\eclipse-workspace\\Appium\\src\\ApiDemos-debug.apk","deviceName":"Redmi","newCommandTimeout":14},"platformName":"android","app":"C:\\Users\\Anis\\eclipse-workspace\\Appium\\src\\ApiDemos-debug.apk","deviceName":"55272e729804","newCommandTimeout":14,"deviceUDID":"55272e729804","appPackage":"io.appium.android.apis"}],"alwaysMatch":{}},"sessionId":"c5c3a627-67b1-4695-aa35-8adf780f0552"}}
&amp#27;[35m[WD Proxy]&amp#27;[39m Determined the downstream protocol as 'W3C'
[debug] &amp#27;[35m[WD Proxy]&amp#27;[39m Proxying [GET /appium/device/info] to [GET http://127.0.0.1:8217/wd/hub/session/c5c3a627-67b1-4695-aa35-8adf780f0552/appium/device/info] with no body
[debug] &amp#27;[35m[WD Proxy]&amp#27;[39m Got response with status 200: {"sessionId":"c5c3a627-67b1-4695-aa35-8adf780f0552","value":{"androidId":"62e279822e2e3c5b","apiVersion":"24","bluetooth":{"state":"OFF"},"brand":"xiaomi","carrierName":"airtel","displayDensity":480,"locale":"en_GB","manufacturer":"Xiaomi","model":"Redmi Note 4","networks":[{"capabilities":{"SSID":null,"linkDownBandwidthKbps":102400,"linkUpstreamBandwidthKbps":51200,"networkCapabilities":"NET_CAPABILITY_NOT_METERED,NET_CAPABILITY_NOT_RESTRICTED,NET_CAPABILITY_IMS,NET_CAPABILITY_NOT_VPN,NET_CAPABILITY_TRUSTED,NET_CAPABILITY_VALIDATED","signalStrength":-2147483648,"transportTypes":"TRANSPORT_CELLULAR"},"detailedState":"CONNECTED","extraInfo":"ims","isAvailable":true,"isConnected":true,"isFailover":false,"isRoaming":false,"state":"CONNECTED","subtype":13,"subtypeName":"LTE","type":0,"typeName":"MOBILE"},{"capabilities":{"SSID":null,"linkDownBandwidthKbps":102400,"linkUpstreamBandwidthKbps":51200,"networkCapabilities":"NET_CAPABILITY_NOT_RESTRICTED,NET_CAPABILITY_SUPL,NET_CAPABILITY_NOT_VPN,NET_CAPABILITY_INTE...
[debug] &amp#27;[35m[ADB]&amp#27;[39m Running 'C:\Users\Anis\AppData\Local\Android\Sdk\platform-tools\adb.exe -P 5037 -s 55272e729804 shell dumpsys window'
&amp#27;[35m[AndroidDriver]&amp#27;[39m Screen already unlocked, doing nothing
&amp#27;[35m[UiAutomator2]&amp#27;[39m Starting 'io.appium.android.apis/ApiDemos and waiting for 'io.appium.android.apis/ApiDemos'
[debug] &amp#27;[35m[ADB]&amp#27;[39m Running 'C:\Users\Anis\AppData\Local\Android\Sdk\platform-tools\adb.exe -P 5037 -s 55272e729804 shell am start -W -n io.appium.android.apis/ApiDemos -S -a android.intent.action.MAIN -c android.intent.category.LAUNCHER -f 0x10200000'
[debug] &amp#27;[35m[ADB]&amp#27;[39m We tried to start an activity that doesn't exist, retrying with '.ApiDemos' activity name
[debug] &amp#27;[35m[ADB]&amp#27;[39m Running 'C:\Users\Anis\AppData\Local\Android\Sdk\platform-tools\adb.exe -P 5037 -s 55272e729804 shell am start -W -n io.appium.android.apis/.ApiDemos -S -a android.intent.action.MAIN -c android.intent.category.LAUNCHER -f 0x10200000'
[debug] &amp#27;[35m[ADB]&amp#27;[39m Waiting up to 20000ms for activity matching pkg: 'io.appium.android.apis' and activity: 'ApiDemos' to be focused
[debug] &amp#27;[35m[ADB]&amp#27;[39m Possible activities, to be checked: 'ApiDemos', 'io.appium.android.apis.ApiDemos'
[debug] &amp#27;[35m[ADB]&amp#27;[39m Getting focused package and activity
[debug] &amp#27;[35m[ADB]&amp#27;[39m Running 'C:\Users\Anis\AppData\Local\Android\Sdk\platform-tools\adb.exe -P 5037 -s 55272e729804 shell dumpsys window windows'
[debug] &amp#27;[35m[ADB]&amp#27;[39m Found package: 'io.appium.android.apis' and fully qualified activity name : 'io.appium.android.apis.ApiDemos'
[debug] &amp#27;[35m[WD Proxy]&amp#27;[39m Proxying [GET /appium/device/pixel_ratio] to [GET http://127.0.0.1:8217/wd/hub/session/c5c3a627-67b1-4695-aa35-8adf780f0552/appium/device/pixel_ratio] with no body
[debug] &amp#27;[35m[WD Proxy]&amp#27;[39m Got response with status 200: {"sessionId":"c5c3a627-67b1-4695-aa35-8adf780f0552","value":3}
[debug] &amp#27;[35m[WD Proxy]&amp#27;[39m Matched '/appium/device/system_bars' to command name 'getSystemBars'
[debug] &amp#27;[35m[WD Proxy]&amp#27;[39m Proxying [GET /appium/device/system_bars] to [GET http://127.0.0.1:8217/wd/hub/session/c5c3a627-67b1-4695-aa35-8adf780f0552/appium/device/system_bars] with no body
[debug] &amp#27;[35m[WD Proxy]&amp#27;[39m Got response with status 200: {"sessionId":"c5c3a627-67b1-4695-aa35-8adf780f0552","value":{"statusBar":72}}
[debug] &amp#27;[35m[WD Proxy]&amp#27;[39m Matched '/window/current/size' to command name 'getWindowSize'
[debug] &amp#27;[35m[WD Proxy]&amp#27;[39m Proxying [GET /window/current/size] to [GET http://127.0.0.1:8217/wd/hub/session/c5c3a627-67b1-4695-aa35-8adf780f0552/window/current/size] with no body
[debug] &amp#27;[35m[WD Proxy]&amp#27;[39m Got response with status 200: {"sessionId":"c5c3a627-67b1-4695-aa35-8adf780f0552","value":{"height":1920,"width":1080}}
&amp#27;[35m[Appium]&amp#27;[39m New AndroidUiautomator2Driver session created successfully, session cf730178-8621-4bf8-b989-929b40bb36e0 added to master session list
[debug] &amp#27;[35m[BaseDriver]&amp#27;[39m Event 'newSessionStarted' logged at 1624012138468 (15:58:58 GMT+0530 (India Standard Time))
[debug] &amp#27;[35m[W3C (cf730178)]&amp#27;[39m Cached the protocol value 'W3C' for the new session cf730178-8621-4bf8-b989-929b40bb36e0
[debug] &amp#27;[35m[W3C (cf730178)]&amp#27;[39m Responding to client with driver.createSession() result: {"capabilities":{"platform":"LINUX","webStorageEnabled":false,"takesScreenshot":true,"javascriptEnabled":true,"databaseEnabled":false,"networkConnectionEnabled":true,"locationContextEnabled":false,"warnings":{},"desired":{"platformName":"android","app":"C:\\Users\\Anis\\eclipse-workspace\\Appium\\src\\ApiDemos-debug.apk","deviceName":"Redmi","newCommandTimeout":14},"platformName":"android","app":"C:\\Users\\Anis\\eclipse-workspace\\Appium\\src\\ApiDemos-debug.apk","deviceName":"55272e729804","newCommandTimeout":14,"deviceUDID":"55272e729804","appPackage":"io.appium.android.apis","deviceApiLevel":24,"platformVersion":"7.0","deviceScreenSize":"1080x1920","deviceScreenDensity":480,"deviceModel":"Redmi Note 4","deviceManufacturer":"Xiaomi","pixelRatio":3,"statBarHeight":72,"viewportRect":{"left":0,"top":72,"width":1080,"height":1848}}}
&amp#27;[35m[HTTP]&amp#27;[39m &amp#27;[37m<-- POST /wd/hub/session &amp#27;[39m&amp#27;[32m200&amp#27;[39m &amp#27;[90m21263 ms - 904&amp#27;[39m
&amp#27;[35m[HTTP]&amp#27;[39m &amp#27;[90m&amp#27;[39m
&amp#27;[35m[HTTP]&amp#27;[39m &amp#27;[37m-->&amp#27;[39m &amp#27;[37mGET&amp#27;[39m &amp#27;[37m/wd/hub/session/cf730178-8621-4bf8-b989-929b40bb36e0&amp#27;[39m
&amp#27;[35m[HTTP]&amp#27;[39m &amp#27;[90m{}&amp#27;[39m
[debug] &amp#27;[35m[W3C (cf730178)]&amp#27;[39m Calling AppiumDriver.getSession() with args: ["cf730178-8621-4bf8-b989-929b40bb36e0"]
[debug] &amp#27;[35m[UiAutomator2]&amp#27;[39m Getting session details from server to mix in
[debug] &amp#27;[35m[WD Proxy]&amp#27;[39m Matched '/' to command name 'getSession'
[debug] &amp#27;[35m[WD Proxy]&amp#27;[39m Proxying [GET /] to [GET http://127.0.0.1:8217/wd/hub/session/c5c3a627-67b1-4695-aa35-8adf780f0552] with no body
[debug] &amp#27;[35m[WD Proxy]&amp#27;[39m Got response with status 200: {"sessionId":"c5c3a627-67b1-4695-aa35-8adf780f0552","value":{"lastScrollData":null}}
[debug] &amp#27;[35m[W3C (cf730178)]&amp#27;[39m Responding to client with driver.getSession() result: {"platform":"LINUX","webStorageEnabled":false,"takesScreenshot":true,"javascriptEnabled":true,"databaseEnabled":false,"networkConnectionEnabled":true,"locationContextEnabled":false,"warnings":{},"desired":{"platformName":"android","app":"C:\\Users\\Anis\\eclipse-workspace\\Appium\\src\\ApiDemos-debug.apk","deviceName":"Redmi","newCommandTimeout":14},"platformName":"android","app":"C:\\Users\\Anis\\eclipse-workspace\\Appium\\src\\ApiDemos-debug.apk","deviceName":"55272e729804","newCommandTimeout":14,"deviceUDID":"55272e729804","appPackage":"io.appium.android.apis","deviceApiLevel":24,"platformVersion":"7.0","deviceScreenSize":"1080x1920","deviceScreenDensity":480,"deviceModel":"Redmi Note 4","deviceManufacturer":"Xiaomi","pixelRatio":3,"statBarHeight":72,"viewportRect":{"left":0,"top":72,"width":1080,"height":1848},"lastScrollData":null}
&amp#27;[35m[HTTP]&amp#27;[39m &amp#27;[37m<-- GET /wd/hub/session/cf730178-8621-4bf8-b989-929b40bb36e0 &amp#27;[39m&amp#27;[32m200&amp#27;[39m &amp#27;[90m14 ms - 858&amp#27;[39m
&amp#27;[35m[HTTP]&amp#27;[39m &amp#27;[90m&amp#27;[39m
&amp#27;[35m[HTTP]&amp#27;[39m &amp#27;[37m-->&amp#27;[39m &amp#27;[37mGET&amp#27;[39m &amp#27;[37m/wd/hub/session/cf730178-8621-4bf8-b989-929b40bb36e0&amp#27;[39m
&amp#27;[35m[HTTP]&amp#27;[39m &amp#27;[90m{}&amp#27;[39m
[debug] &amp#27;[35m[W3C (cf730178)]&amp#27;[39m Calling AppiumDriver.getSession() with args: ["cf730178-8621-4bf8-b989-929b40bb36e0"]
[debug] &amp#27;[35m[UiAutomator2]&amp#27;[39m Getting session details from server to mix in
[debug] &amp#27;[35m[WD Proxy]&amp#27;[39m Matched '/' to command name 'getSession'
[debug] &amp#27;[35m[WD Proxy]&amp#27;[39m Proxying [GET /] to [GET http://127.0.0.1:8217/wd/hub/session/c5c3a627-67b1-4695-aa35-8adf780f0552] with no body
[debug] &amp#27;[35m[WD Proxy]&amp#27;[39m Got response with status 200: {"sessionId":"c5c3a627-67b1-4695-aa35-8adf780f0552","value":{"lastScrollData":null}}
[debug] &amp#27;[35m[W3C (cf730178)]&amp#27;[39m Responding to client with driver.getSession() result: {"platform":"LINUX","webStorageEnabled":false,"takesScreenshot":true,"javascriptEnabled":true,"databaseEnabled":false,"networkConnectionEnabled":true,"locationContextEnabled":false,"warnings":{},"desired":{"platformName":"android","app":"C:\\Users\\Anis\\eclipse-workspace\\Appium\\src\\ApiDemos-debug.apk","deviceName":"Redmi","newCommandTimeout":14},"platformName":"android","app":"C:\\Users\\Anis\\eclipse-workspace\\Appium\\src\\ApiDemos-debug.apk","deviceName":"55272e729804","newCommandTimeout":14,"deviceUDID":"55272e729804","appPackage":"io.appium.android.apis","deviceApiLevel":24,"platformVersion":"7.0","deviceScreenSize":"1080x1920","deviceScreenDensity":480,"deviceModel":"Redmi Note 4","deviceManufacturer":"Xiaomi","pixelRatio":3,"statBarHeight":72,"viewportRect":{"left":0,"top":72,"width":1080,"height":1848},"lastScrollData":null}
&amp#27;[35m[HTTP]&amp#27;[39m &amp#27;[37m<-- GET /wd/hub/session/cf730178-8621-4bf8-b989-929b40bb36e0 &amp#27;[39m&amp#27;[32m200&amp#27;[39m &amp#27;[90m9 ms - 858&amp#27;[39m
&amp#27;[35m[HTTP]&amp#27;[39m &amp#27;[90m&amp#27;[39m
&amp#27;[35m[HTTP]&amp#27;[39m &amp#27;[37m-->&amp#27;[39m &amp#27;[37mGET&amp#27;[39m &amp#27;[37m/wd/hub/session/cf730178-8621-4bf8-b989-929b40bb36e0&amp#27;[39m
&amp#27;[35m[HTTP]&amp#27;[39m &amp#27;[90m{}&amp#27;[39m
[debug] &amp#27;[35m[W3C (cf730178)]&amp#27;[39m Calling AppiumDriver.getSession() with args: ["cf730178-8621-4bf8-b989-929b40bb36e0"]
[debug] &amp#27;[35m[UiAutomator2]&amp#27;[39m Getting session details from server to mix in
[debug] &amp#27;[35m[WD Proxy]&amp#27;[39m Matched '/' to command name 'getSession'
[debug] &amp#27;[35m[WD Proxy]&amp#27;[39m Proxying [GET /] to [GET http://127.0.0.1:8217/wd/hub/session/c5c3a627-67b1-4695-aa35-8adf780f0552] with no body
[debug] &amp#27;[35m[WD Proxy]&amp#27;[39m Got response with status 200: {"sessionId":"c5c3a627-67b1-4695-aa35-8adf780f0552","value":{"lastScrollData":null}}
[debug] &amp#27;[35m[W3C (cf730178)]&amp#27;[39m Responding to client with driver.getSession() result: {"platform":"LINUX","webStorageEnabled":false,"takesScreenshot":true,"javascriptEnabled":true,"databaseEnabled":false,"networkConnectionEnabled":true,"locationContextEnabled":false,"warnings":{},"desired":{"platformName":"android","app":"C:\\Users\\Anis\\eclipse-workspace\\Appium\\src\\ApiDemos-debug.apk","deviceName":"Redmi","newCommandTimeout":14},"platformName":"android","app":"C:\\Users\\Anis\\eclipse-workspace\\Appium\\src\\ApiDemos-debug.apk","deviceName":"55272e729804","newCommandTimeout":14,"deviceUDID":"55272e729804","appPackage":"io.appium.android.apis","deviceApiLevel":24,"platformVersion":"7.0","deviceScreenSize":"1080x1920","deviceScreenDensity":480,"deviceModel":"Redmi Note 4","deviceManufacturer":"Xiaomi","pixelRatio":3,"statBarHeight":72,"viewportRect":{"left":0,"top":72,"width":1080,"height":1848},"lastScrollData":null}
&amp#27;[35m[HTTP]&amp#27;[39m &amp#27;[37m<-- GET /wd/hub/session/cf730178-8621-4bf8-b989-929b40bb36e0 &amp#27;[39m&amp#27;[32m200&amp#27;[39m &amp#27;[90m10 ms - 858&amp#27;[39m
&amp#27;[35m[HTTP]&amp#27;[39m &amp#27;[90m&amp#27;[39m
&amp#27;[35m[HTTP]&amp#27;[39m &amp#27;[37m-->&amp#27;[39m &amp#27;[37mGET&amp#27;[39m &amp#27;[37m/wd/hub/session/cf730178-8621-4bf8-b989-929b40bb36e0&amp#27;[39m
&amp#27;[35m[HTTP]&amp#27;[39m &amp#27;[90m{}&amp#27;[39m
[debug] &amp#27;[35m[W3C (cf730178)]&amp#27;[39m Calling AppiumDriver.getSession() with args: ["cf730178-8621-4bf8-b989-929b40bb36e0"]
[debug] &amp#27;[35m[UiAutomator2]&amp#27;[39m Getting session details from server to mix in
[debug] &amp#27;[35m[WD Proxy]&amp#27;[39m Matched '/' to command name 'getSession'
[debug] &amp#27;[35m[WD Proxy]&amp#27;[39m Proxying [GET /] to [GET http://127.0.0.1:8217/wd/hub/session/c5c3a627-67b1-4695-aa35-8adf780f0552] with no body
[debug] &amp#27;[35m[WD Proxy]&amp#27;[39m Got response with status 200: {"sessionId":"c5c3a627-67b1-4695-aa35-8adf780f0552","value":{"lastScrollData":null}}
[debug] &amp#27;[35m[W3C (cf730178)]&amp#27;[39m Responding to client with driver.getSession() result: {"platform":"LINUX","webStorageEnabled":false,"takesScreenshot":true,"javascriptEnabled":true,"databaseEnabled":false,"networkConnectionEnabled":true,"locationContextEnabled":false,"warnings":{},"desired":{"platformName":"android","app":"C:\\Users\\Anis\\eclipse-workspace\\Appium\\src\\ApiDemos-debug.apk","deviceName":"Redmi","newCommandTimeout":14},"platformName":"android","app":"C:\\Users\\Anis\\eclipse-workspace\\Appium\\src\\ApiDemos-debug.apk","deviceName":"55272e729804","newCommandTimeout":14,"deviceUDID":"55272e729804","appPackage":"io.appium.android.apis","deviceApiLevel":24,"platformVersion":"7.0","deviceScreenSize":"1080x1920","deviceScreenDensity":480,"deviceModel":"Redmi Note 4","deviceManufacturer":"Xiaomi","pixelRatio":3,"statBarHeight":72,"viewportRect":{"left":0,"top":72,"width":1080,"height":1848},"lastScrollData":null}
&amp#27;[35m[HTTP]&amp#27;[39m &amp#27;[37m<-- GET /wd/hub/session/cf730178-8621-4bf8-b989-929b40bb36e0 &amp#27;[39m&amp#27;[32m200&amp#27;[39m &amp#27;[90m9 ms - 858&amp#27;[39m
&amp#27;[35m[HTTP]&amp#27;[39m &amp#27;[90m&amp#27;[39m
&amp#27;[35m[HTTP]&amp#27;[39m &amp#27;[37m-->&amp#27;[39m &amp#27;[37mPOST&amp#27;[39m &amp#27;[37m/wd/hub/session/cf730178-8621-4bf8-b989-929b40bb36e0/timeouts&amp#27;[39m
&amp#27;[35m[HTTP]&amp#27;[39m &amp#27;[90m{"implicit":10000}&amp#27;[39m
[debug] &amp#27;[35m[W3C (cf730178)]&amp#27;[39m Calling AppiumDriver.timeouts() with args: [null,null,null,null,10000,"cf730178-8621-4bf8-b989-929b40bb36e0"]
[debug] &amp#27;[35m[BaseDriver]&amp#27;[39m W3C timeout argument: {"implicit":10000}}
[debug] &amp#27;[35m[BaseDriver]&amp#27;[39m Set implicit wait to 10000ms
[debug] &amp#27;[35m[W3C (cf730178)]&amp#27;[39m Responding to client with driver.timeouts() result: null
&amp#27;[35m[HTTP]&amp#27;[39m &amp#27;[37m<-- POST /wd/hub/session/cf730178-8621-4bf8-b989-929b40bb36e0/timeouts &amp#27;[39m&amp#27;[32m200&amp#27;[39m &amp#27;[90m5 ms - 14&amp#27;[39m
&amp#27;[35m[HTTP]&amp#27;[39m &amp#27;[90m&amp#27;[39m
[INFO ] 2021-06-18 15:58:58.565 [main] Listeners - *******************ApiDemoTest2.progressBars started*******************
&amp#27;[35m[HTTP]&amp#27;[39m &amp#27;[37m-->&amp#27;[39m &amp#27;[37mGET&amp#27;[39m &amp#27;[37m/wd/hub/session/cf730178-8621-4bf8-b989-929b40bb36e0&amp#27;[39m
&amp#27;[35m[HTTP]&amp#27;[39m &amp#27;[90m{}&amp#27;[39m
[debug] &amp#27;[35m[W3C (cf730178)]&amp#27;[39m Calling AppiumDriver.getSession() with args: ["cf730178-8621-4bf8-b989-929b40bb36e0"]
[debug] &amp#27;[35m[UiAutomator2]&amp#27;[39m Getting session details from server to mix in
[debug] &amp#27;[35m[WD Proxy]&amp#27;[39m Matched '/' to command name 'getSession'
[debug] &amp#27;[35m[WD Proxy]&amp#27;[39m Proxying [GET /] to [GET http://127.0.0.1:8217/wd/hub/session/c5c3a627-67b1-4695-aa35-8adf780f0552] with no body
[debug] &amp#27;[35m[WD Proxy]&amp#27;[39m Got response with status 200: {"sessionId":"c5c3a627-67b1-4695-aa35-8adf780f0552","value":{"lastScrollData":null}}
[debug] &amp#27;[35m[W3C (cf730178)]&amp#27;[39m Responding to client with driver.getSession() result: {"platform":"LINUX","webStorageEnabled":false,"takesScreenshot":true,"javascriptEnabled":true,"databaseEnabled":false,"networkConnectionEnabled":true,"locationContextEnabled":false,"warnings":{},"desired":{"platformName":"android","app":"C:\\Users\\Anis\\eclipse-workspace\\Appium\\src\\ApiDemos-debug.apk","deviceName":"Redmi","newCommandTimeout":14},"platformName":"android","app":"C:\\Users\\Anis\\eclipse-workspace\\Appium\\src\\ApiDemos-debug.apk","deviceName":"55272e729804","newCommandTimeout":14,"deviceUDID":"55272e729804","appPackage":"io.appium.android.apis","deviceApiLevel":24,"platformVersion":"7.0","deviceScreenSize":"1080x1920","deviceScreenDensity":480,"deviceModel":"Redmi Note 4","deviceManufacturer":"Xiaomi","pixelRatio":3,"statBarHeight":72,"viewportRect":{"left":0,"top":72,"width":1080,"height":1848},"lastScrollData":null}
&amp#27;[35m[HTTP]&amp#27;[39m &amp#27;[37m<-- GET /wd/hub/session/cf730178-8621-4bf8-b989-929b40bb36e0 &amp#27;[39m&amp#27;[32m200&amp#27;[39m &amp#27;[90m13 ms - 858&amp#27;[39m
&amp#27;[35m[HTTP]&amp#27;[39m &amp#27;[90m&amp#27;[39m
&amp#27;[35m[HTTP]&amp#27;[39m &amp#27;[37m-->&amp#27;[39m &amp#27;[37mGET&amp#27;[39m &amp#27;[37m/wd/hub/session/cf730178-8621-4bf8-b989-929b40bb36e0&amp#27;[39m
&amp#27;[35m[HTTP]&amp#27;[39m &amp#27;[90m{}&amp#27;[39m
[debug] &amp#27;[35m[W3C (cf730178)]&amp#27;[39m Calling AppiumDriver.getSession() with args: ["cf730178-8621-4bf8-b989-929b40bb36e0"]
[debug] &amp#27;[35m[UiAutomator2]&amp#27;[39m Getting session details from server to mix in
[debug] &amp#27;[35m[WD Proxy]&amp#27;[39m Matched '/' to command name 'getSession'
[debug] &amp#27;[35m[WD Proxy]&amp#27;[39m Proxying [GET /] to [GET http://127.0.0.1:8217/wd/hub/session/c5c3a627-67b1-4695-aa35-8adf780f0552] with no body
[debug] &amp#27;[35m[WD Proxy]&amp#27;[39m Got response with status 200: {"sessionId":"c5c3a627-67b1-4695-aa35-8adf780f0552","value":{"lastScrollData":null}}
[debug] &amp#27;[35m[W3C (cf730178)]&amp#27;[39m Responding to client with driver.getSession() result: {"platform":"LINUX","webStorageEnabled":false,"takesScreenshot":true,"javascriptEnabled":true,"databaseEnabled":false,"networkConnectionEnabled":true,"locationContextEnabled":false,"warnings":{},"desired":{"platformName":"android","app":"C:\\Users\\Anis\\eclipse-workspace\\Appium\\src\\ApiDemos-debug.apk","deviceName":"Redmi","newCommandTimeout":14},"platformName":"android","app":"C:\\Users\\Anis\\eclipse-workspace\\Appium\\src\\ApiDemos-debug.apk","deviceName":"55272e729804","newCommandTimeout":14,"deviceUDID":"55272e729804","appPackage":"io.appium.android.apis","deviceApiLevel":24,"platformVersion":"7.0","deviceScreenSize":"1080x1920","deviceScreenDensity":480,"deviceModel":"Redmi Note 4","deviceManufacturer":"Xiaomi","pixelRatio":3,"statBarHeight":72,"viewportRect":{"left":0,"top":72,"width":1080,"height":1848},"lastScrollData":null}
&amp#27;[35m[HTTP]&amp#27;[39m &amp#27;[37m<-- GET /wd/hub/session/cf730178-8621-4bf8-b989-929b40bb36e0 &amp#27;[39m&amp#27;[32m200&amp#27;[39m &amp#27;[90m9 ms - 858&amp#27;[39m
&amp#27;[35m[HTTP]&amp#27;[39m &amp#27;[90m&amp#27;[39m
[INFO ] 2021-06-18 15:58:58.594 [main] ExplicitWait - Waiting for element to be visible: Located by By.chained({By.xpath: //android.widget.TextView[@content-desc="Views"]})
[INFO ] 2021-06-18 15:58:58.595 [main] ExplicitWait - Waiting for element to be visible: Located by By.chained({By.xpath: //android.widget.TextView[@content-desc="Views"]})
&amp#27;[35m[HTTP]&amp#27;[39m &amp#27;[37m-->&amp#27;[39m &amp#27;[37mPOST&amp#27;[39m &amp#27;[37m/wd/hub/session/cf730178-8621-4bf8-b989-929b40bb36e0/timeouts&amp#27;[39m
&amp#27;[35m[HTTP]&amp#27;[39m &amp#27;[90m{"implicit":0}&amp#27;[39m
[debug] &amp#27;[35m[W3C (cf730178)]&amp#27;[39m Calling AppiumDriver.timeouts() with args: [null,null,null,null,0,"cf730178-8621-4bf8-b989-929b40bb36e0"]
[debug] &amp#27;[35m[BaseDriver]&amp#27;[39m W3C timeout argument: {"implicit":0}}
[debug] &amp#27;[35m[BaseDriver]&amp#27;[39m Set implicit wait to 0ms
[debug] &amp#27;[35m[W3C (cf730178)]&amp#27;[39m Responding to client with driver.timeouts() result: null
&amp#27;[35m[HTTP]&amp#27;[39m &amp#27;[37m<-- POST /wd/hub/session/cf730178-8621-4bf8-b989-929b40bb36e0/timeouts &amp#27;[39m&amp#27;[32m200&amp#27;[39m &amp#27;[90m4 ms - 14&amp#27;[39m
&amp#27;[35m[HTTP]&amp#27;[39m &amp#27;[90m&amp#27;[39m
&amp#27;[35m[HTTP]&amp#27;[39m &amp#27;[37m-->&amp#27;[39m &amp#27;[37mGET&amp#27;[39m &amp#27;[37m/wd/hub/session/cf730178-8621-4bf8-b989-929b40bb36e0&amp#27;[39m
&amp#27;[35m[HTTP]&amp#27;[39m &amp#27;[90m{}&amp#27;[39m
[debug] &amp#27;[35m[W3C (cf730178)]&amp#27;[39m Calling AppiumDriver.getSession() with args: ["cf730178-8621-4bf8-b989-929b40bb36e0"]
[debug] &amp#27;[35m[UiAutomator2]&amp#27;[39m Getting session details from server to mix in
[debug] &amp#27;[35m[WD Proxy]&amp#27;[39m Matched '/' to command name 'getSession'
[debug] &amp#27;[35m[WD Proxy]&amp#27;[39m Proxying [GET /] to [GET http://127.0.0.1:8217/wd/hub/session/c5c3a627-67b1-4695-aa35-8adf780f0552] with no body
[debug] &amp#27;[35m[WD Proxy]&amp#27;[39m Got response with status 200: {"sessionId":"c5c3a627-67b1-4695-aa35-8adf780f0552","value":{"lastScrollData":null}}
[debug] &amp#27;[35m[W3C (cf730178)]&amp#27;[39m Responding to client with driver.getSession() result: {"platform":"LINUX","webStorageEnabled":false,"takesScreenshot":true,"javascriptEnabled":true,"databaseEnabled":false,"networkConnectionEnabled":true,"locationContextEnabled":false,"warnings":{},"desired":{"platformName":"android","app":"C:\\Users\\Anis\\eclipse-workspace\\Appium\\src\\ApiDemos-debug.apk","deviceName":"Redmi","newCommandTimeout":14},"platformName":"android","app":"C:\\Users\\Anis\\eclipse-workspace\\Appium\\src\\ApiDemos-debug.apk","deviceName":"55272e729804","newCommandTimeout":14,"deviceUDID":"55272e729804","appPackage":"io.appium.android.apis","deviceApiLevel":24,"platformVersion":"7.0","deviceScreenSize":"1080x1920","deviceScreenDensity":480,"deviceModel":"Redmi Note 4","deviceManufacturer":"Xiaomi","pixelRatio":3,"statBarHeight":72,"viewportRect":{"left":0,"top":72,"width":1080,"height":1848},"lastScrollData":null}
&amp#27;[35m[HTTP]&amp#27;[39m &amp#27;[37m<-- GET /wd/hub/session/cf730178-8621-4bf8-b989-929b40bb36e0 &amp#27;[39m&amp#27;[32m200&amp#27;[39m &amp#27;[90m10 ms - 858&amp#27;[39m
&amp#27;[35m[HTTP]&amp#27;[39m &amp#27;[90m&amp#27;[39m
&amp#27;[35m[HTTP]&amp#27;[39m &amp#27;[37m-->&amp#27;[39m &amp#27;[37mPOST&amp#27;[39m &amp#27;[37m/wd/hub/session/cf730178-8621-4bf8-b989-929b40bb36e0/element&amp#27;[39m
&amp#27;[35m[HTTP]&amp#27;[39m &amp#27;[90m{"using":"xpath","value":"//android.widget.TextView[@content-desc=\"Views\"]"}&amp#27;[39m
[debug] &amp#27;[35m[W3C (cf730178)]&amp#27;[39m Calling AppiumDriver.findElement() with args: ["xpath","//android.widget.TextView[@content-desc=\"Views\"]","cf730178-8621-4bf8-b989-929b40bb36e0"]
[debug] &amp#27;[35m[BaseDriver]&amp#27;[39m Valid locator strategies for this request: xpath, id, class name, accessibility id, css selector, -android uiautomator
[debug] &amp#27;[35m[BaseDriver]&amp#27;[39m Waiting up to 0 ms for condition
[debug] &amp#27;[35m[WD Proxy]&amp#27;[39m Matched '/element' to command name 'findElement'
[debug] &amp#27;[35m[WD Proxy]&amp#27;[39m Proxying [POST /element] to [POST http://127.0.0.1:8217/wd/hub/session/c5c3a627-67b1-4695-aa35-8adf780f0552/element] with body: {"strategy":"xpath","selector":"//android.widget.TextView[@content-desc=\"Views\"]","context":"","multiple":false}
[debug] &amp#27;[35m[WD Proxy]&amp#27;[39m Got response with status 200: {"sessionId":"c5c3a627-67b1-4695-aa35-8adf780f0552","value":{"ELEMENT":"cd5b9cec-d3cd-41e6-9c9b-26f26adedebf","element-6066-11e4-a52e-4f735466cecf":"cd5b9cec-d3cd-41e6-9c9b-26f26adedebf"}}
[debug] &amp#27;[35m[W3C (cf730178)]&amp#27;[39m Responding to client with driver.findElement() result: {"element-6066-11e4-a52e-4f735466cecf":"cd5b9cec-d3cd-41e6-9c9b-26f26adedebf","ELEMENT":"cd5b9cec-d3cd-41e6-9c9b-26f26adedebf"}
&amp#27;[35m[HTTP]&amp#27;[39m &amp#27;[37m<-- POST /wd/hub/session/cf730178-8621-4bf8-b989-929b40bb36e0/element &amp#27;[39m&amp#27;[32m200&amp#27;[39m &amp#27;[90m346 ms - 137&amp#27;[39m
&amp#27;[35m[HTTP]&amp#27;[39m &amp#27;[90m&amp#27;[39m
&amp#27;[35m[HTTP]&amp#27;[39m &amp#27;[37m-->&amp#27;[39m &amp#27;[37mGET&amp#27;[39m &amp#27;[37m/wd/hub/session/cf730178-8621-4bf8-b989-929b40bb36e0/element/cd5b9cec-d3cd-41e6-9c9b-26f26adedebf/displayed&amp#27;[39m
&amp#27;[35m[HTTP]&amp#27;[39m &amp#27;[90m{}&amp#27;[39m
[debug] &amp#27;[35m[W3C (cf730178)]&amp#27;[39m Calling AppiumDriver.elementDisplayed() with args: ["cd5b9cec-d3cd-41e6-9c9b-26f26adedebf","cf730178-8621-4bf8-b989-929b40bb36e0"]
[debug] &amp#27;[35m[WD Proxy]&amp#27;[39m Matched '/element/cd5b9cec-d3cd-41e6-9c9b-26f26adedebf/attribute/displayed' to command name 'getAttribute'
[debug] &amp#27;[35m[WD Proxy]&amp#27;[39m Proxying [GET /element/cd5b9cec-d3cd-41e6-9c9b-26f26adedebf/attribute/displayed] to [GET http://127.0.0.1:8217/wd/hub/session/c5c3a627-67b1-4695-aa35-8adf780f0552/element/cd5b9cec-d3cd-41e6-9c9b-26f26adedebf/attribute/displayed] with no body
[debug] &amp#27;[35m[WD Proxy]&amp#27;[39m Got response with status 200: {"sessionId":"c5c3a627-67b1-4695-aa35-8adf780f0552","value":"true"}
[debug] &amp#27;[35m[W3C (cf730178)]&amp#27;[39m Responding to client with driver.elementDisplayed() result: true
&amp#27;[35m[HTTP]&amp#27;[39m &amp#27;[37m<-- GET /wd/hub/session/cf730178-8621-4bf8-b989-929b40bb36e0/element/cd5b9cec-d3cd-41e6-9c9b-26f26adedebf/displayed &amp#27;[39m&amp#27;[32m200&amp#27;[39m &amp#27;[90m18 ms - 14&amp#27;[39m
&amp#27;[35m[HTTP]&amp#27;[39m &amp#27;[90m&amp#27;[39m
&amp#27;[35m[HTTP]&amp#27;[39m &amp#27;[37m-->&amp#27;[39m &amp#27;[37mPOST&amp#27;[39m &amp#27;[37m/wd/hub/session/cf730178-8621-4bf8-b989-929b40bb36e0/timeouts&amp#27;[39m
&amp#27;[35m[HTTP]&amp#27;[39m &amp#27;[90m{"implicit":10000}&amp#27;[39m
[debug] &amp#27;[35m[W3C (cf730178)]&amp#27;[39m Calling AppiumDriver.timeouts() with args: [null,null,null,null,10000,"cf730178-8621-4bf8-b989-929b40bb36e0"]
[debug] &amp#27;[35m[BaseDriver]&amp#27;[39m W3C timeout argument: {"implicit":10000}}
[debug] &amp#27;[35m[BaseDriver]&amp#27;[39m Set implicit wait to 10000ms
[debug] &amp#27;[35m[W3C (cf730178)]&amp#27;[39m Responding to client with driver.timeouts() result: null
[INFO ] 2021-06-18 15:58:59.006 [main] HomePage - Clicks The Views
&amp#27;[35m[HTTP]&amp#27;[39m &amp#27;[37m<-- POST /wd/hub/session/cf730178-8621-4bf8-b989-929b40bb36e0/timeouts &amp#27;[39m&amp#27;[32m200&amp#27;[39m &amp#27;[90m3 ms - 14&amp#27;[39m
[INFO ] 2021-06-18 15:58:59.007 [main] ExplicitWait - Waiting for element to be clickable: Located by By.chained({By.xpath: //android.widget.TextView[@content-desc="Views"]})
&amp#27;[35m[HTTP]&amp#27;[39m &amp#27;[90m&amp#27;[39m
&amp#27;[35m[HTTP]&amp#27;[39m &amp#27;[37m-->&amp#27;[39m &amp#27;[37mPOST&amp#27;[39m &amp#27;[37m/wd/hub/session/cf730178-8621-4bf8-b989-929b40bb36e0/timeouts&amp#27;[39m
&amp#27;[35m[HTTP]&amp#27;[39m &amp#27;[90m{"implicit":0}&amp#27;[39m
[debug] &amp#27;[35m[W3C (cf730178)]&amp#27;[39m Calling AppiumDriver.timeouts() with args: [null,null,null,null,0,"cf730178-8621-4bf8-b989-929b40bb36e0"]
[debug] &amp#27;[35m[BaseDriver]&amp#27;[39m W3C timeout argument: {"implicit":0}}
[debug] &amp#27;[35m[BaseDriver]&amp#27;[39m Set implicit wait to 0ms
[debug] &amp#27;[35m[W3C (cf730178)]&amp#27;[39m Responding to client with driver.timeouts() result: null
&amp#27;[35m[HTTP]&amp#27;[39m &amp#27;[37m<-- POST /wd/hub/session/cf730178-8621-4bf8-b989-929b40bb36e0/timeouts &amp#27;[39m&amp#27;[32m200&amp#27;[39m &amp#27;[90m3 ms - 14&amp#27;[39m
&amp#27;[35m[HTTP]&amp#27;[39m &amp#27;[90m&amp#27;[39m
&amp#27;[35m[HTTP]&amp#27;[39m &amp#27;[37m-->&amp#27;[39m &amp#27;[37mGET&amp#27;[39m &amp#27;[37m/wd/hub/session/cf730178-8621-4bf8-b989-929b40bb36e0&amp#27;[39m
&amp#27;[35m[HTTP]&amp#27;[39m &amp#27;[90m{}&amp#27;[39m
[debug] &amp#27;[35m[W3C (cf730178)]&amp#27;[39m Calling AppiumDriver.getSession() with args: ["cf730178-8621-4bf8-b989-929b40bb36e0"]
[debug] &amp#27;[35m[UiAutomator2]&amp#27;[39m Getting session details from server to mix in
[debug] &amp#27;[35m[WD Proxy]&amp#27;[39m Matched '/' to command name 'getSession'
[debug] &amp#27;[35m[WD Proxy]&amp#27;[39m Proxying [GET /] to [GET http://127.0.0.1:8217/wd/hub/session/c5c3a627-67b1-4695-aa35-8adf780f0552] with no body
[debug] &amp#27;[35m[WD Proxy]&amp#27;[39m Got response with status 200: {"sessionId":"c5c3a627-67b1-4695-aa35-8adf780f0552","value":{"lastScrollData":null}}
[debug] &amp#27;[35m[W3C (cf730178)]&amp#27;[39m Responding to client with driver.getSession() result: {"platform":"LINUX","webStorageEnabled":false,"takesScreenshot":true,"javascriptEnabled":true,"databaseEnabled":false,"networkConnectionEnabled":true,"locationContextEnabled":false,"warnings":{},"desired":{"platformName":"android","app":"C:\\Users\\Anis\\eclipse-workspace\\Appium\\src\\ApiDemos-debug.apk","deviceName":"Redmi","newCommandTimeout":14},"platformName":"android","app":"C:\\Users\\Anis\\eclipse-workspace\\Appium\\src\\ApiDemos-debug.apk","deviceName":"55272e729804","newCommandTimeout":14,"deviceUDID":"55272e729804","appPackage":"io.appium.android.apis","deviceApiLevel":24,"platformVersion":"7.0","deviceScreenSize":"1080x1920","deviceScreenDensity":480,"deviceModel":"Redmi Note 4","deviceManufacturer":"Xiaomi","pixelRatio":3,"statBarHeight":72,"viewportRect":{"left":0,"top":72,"width":1080,"height":1848},"lastScrollData":null}
&amp#27;[35m[HTTP]&amp#27;[39m &amp#27;[37m<-- GET /wd/hub/session/cf730178-8621-4bf8-b989-929b40bb36e0 &amp#27;[39m&amp#27;[32m200&amp#27;[39m &amp#27;[90m10 ms - 858&amp#27;[39m
&amp#27;[35m[HTTP]&amp#27;[39m &amp#27;[90m&amp#27;[39m
&amp#27;[35m[HTTP]&amp#27;[39m &amp#27;[37m-->&amp#27;[39m &amp#27;[37mPOST&amp#27;[39m &amp#27;[37m/wd/hub/session/cf730178-8621-4bf8-b989-929b40bb36e0/element&amp#27;[39m
&amp#27;[35m[HTTP]&amp#27;[39m &amp#27;[90m{"using":"xpath","value":"//android.widget.TextView[@content-desc=\"Views\"]"}&amp#27;[39m
[debug] &amp#27;[35m[W3C (cf730178)]&amp#27;[39m Calling AppiumDriver.findElement() with args: ["xpath","//android.widget.TextView[@content-desc=\"Views\"]","cf730178-8621-4bf8-b989-929b40bb36e0"]
[debug] &amp#27;[35m[BaseDriver]&amp#27;[39m Valid locator strategies for this request: xpath, id, class name, accessibility id, css selector, -android uiautomator
[debug] &amp#27;[35m[BaseDriver]&amp#27;[39m Waiting up to 0 ms for condition
[debug] &amp#27;[35m[WD Proxy]&amp#27;[39m Matched '/element' to command name 'findElement'
[debug] &amp#27;[35m[WD Proxy]&amp#27;[39m Proxying [POST /element] to [POST http://127.0.0.1:8217/wd/hub/session/c5c3a627-67b1-4695-aa35-8adf780f0552/element] with body: {"strategy":"xpath","selector":"//android.widget.TextView[@content-desc=\"Views\"]","context":"","multiple":false}
[debug] &amp#27;[35m[WD Proxy]&amp#27;[39m Got response with status 200: {"sessionId":"c5c3a627-67b1-4695-aa35-8adf780f0552","value":{"ELEMENT":"db18cca6-8aed-4824-9e27-c1977605f8ff","element-6066-11e4-a52e-4f735466cecf":"db18cca6-8aed-4824-9e27-c1977605f8ff"}}
[debug] &amp#27;[35m[W3C (cf730178)]&amp#27;[39m Responding to client with driver.findElement() result: {"element-6066-11e4-a52e-4f735466cecf":"db18cca6-8aed-4824-9e27-c1977605f8ff","ELEMENT":"db18cca6-8aed-4824-9e27-c1977605f8ff"}
&amp#27;[35m[HTTP]&amp#27;[39m &amp#27;[37m<-- POST /wd/hub/session/cf730178-8621-4bf8-b989-929b40bb36e0/element &amp#27;[39m&amp#27;[32m200&amp#27;[39m &amp#27;[90m35 ms - 137&amp#27;[39m
&amp#27;[35m[HTTP]&amp#27;[39m &amp#27;[90m&amp#27;[39m
&amp#27;[35m[HTTP]&amp#27;[39m &amp#27;[37m-->&amp#27;[39m &amp#27;[37mGET&amp#27;[39m &amp#27;[37m/wd/hub/session/cf730178-8621-4bf8-b989-929b40bb36e0/element/db18cca6-8aed-4824-9e27-c1977605f8ff/displayed&amp#27;[39m
&amp#27;[35m[HTTP]&amp#27;[39m &amp#27;[90m{}&amp#27;[39m
[debug] &amp#27;[35m[W3C (cf730178)]&amp#27;[39m Calling AppiumDriver.elementDisplayed() with args: ["db18cca6-8aed-4824-9e27-c1977605f8ff","cf730178-8621-4bf8-b989-929b40bb36e0"]
[debug] &amp#27;[35m[WD Proxy]&amp#27;[39m Matched '/element/db18cca6-8aed-4824-9e27-c1977605f8ff/attribute/displayed' to command name 'getAttribute'
[debug] &amp#27;[35m[WD Proxy]&amp#27;[39m Proxying [GET /element/db18cca6-8aed-4824-9e27-c1977605f8ff/attribute/displayed] to [GET http://127.0.0.1:8217/wd/hub/session/c5c3a627-67b1-4695-aa35-8adf780f0552/element/db18cca6-8aed-4824-9e27-c1977605f8ff/attribute/displayed] with no body
[debug] &amp#27;[35m[WD Proxy]&amp#27;[39m Got response with status 200: {"sessionId":"c5c3a627-67b1-4695-aa35-8adf780f0552","value":"true"}
[debug] &amp#27;[35m[W3C (cf730178)]&amp#27;[39m Responding to client with driver.elementDisplayed() result: true
&amp#27;[35m[HTTP]&amp#27;[39m &amp#27;[37m<-- GET /wd/hub/session/cf730178-8621-4bf8-b989-929b40bb36e0/element/db18cca6-8aed-4824-9e27-c1977605f8ff/displayed &amp#27;[39m&amp#27;[32m200&amp#27;[39m &amp#27;[90m15 ms - 14&amp#27;[39m
&amp#27;[35m[HTTP]&amp#27;[39m &amp#27;[90m&amp#27;[39m
&amp#27;[35m[HTTP]&amp#27;[39m &amp#27;[37m-->&amp#27;[39m &amp#27;[37mGET&amp#27;[39m &amp#27;[37m/wd/hub/session/cf730178-8621-4bf8-b989-929b40bb36e0&amp#27;[39m
&amp#27;[35m[HTTP]&amp#27;[39m &amp#27;[90m{}&amp#27;[39m
[debug] &amp#27;[35m[W3C (cf730178)]&amp#27;[39m Calling AppiumDriver.getSession() with args: ["cf730178-8621-4bf8-b989-929b40bb36e0"]
[debug] &amp#27;[35m[UiAutomator2]&amp#27;[39m Getting session details from server to mix in
[debug] &amp#27;[35m[WD Proxy]&amp#27;[39m Matched '/' to command name 'getSession'
[debug] &amp#27;[35m[WD Proxy]&amp#27;[39m Proxying [GET /] to [GET http://127.0.0.1:8217/wd/hub/session/c5c3a627-67b1-4695-aa35-8adf780f0552] with no body
[debug] &amp#27;[35m[WD Proxy]&amp#27;[39m Got response with status 200: {"sessionId":"c5c3a627-67b1-4695-aa35-8adf780f0552","value":{"lastScrollData":null}}
[debug] &amp#27;[35m[W3C (cf730178)]&amp#27;[39m Responding to client with driver.getSession() result: {"platform":"LINUX","webStorageEnabled":false,"takesScreenshot":true,"javascriptEnabled":true,"databaseEnabled":false,"networkConnectionEnabled":true,"locationContextEnabled":false,"warnings":{},"desired":{"platformName":"android","app":"C:\\Users\\Anis\\eclipse-workspace\\Appium\\src\\ApiDemos-debug.apk","deviceName":"Redmi","newCommandTimeout":14},"platformName":"android","app":"C:\\Users\\Anis\\eclipse-workspace\\Appium\\src\\ApiDemos-debug.apk","deviceName":"55272e729804","newCommandTimeout":14,"deviceUDID":"55272e729804","appPackage":"io.appium.android.apis","deviceApiLevel":24,"platformVersion":"7.0","deviceScreenSize":"1080x1920","deviceScreenDensity":480,"deviceModel":"Redmi Note 4","deviceManufacturer":"Xiaomi","pixelRatio":3,"statBarHeight":72,"viewportRect":{"left":0,"top":72,"width":1080,"height":1848},"lastScrollData":null}
&amp#27;[35m[HTTP]&amp#27;[39m &amp#27;[37m<-- GET /wd/hub/session/cf730178-8621-4bf8-b989-929b40bb36e0 &amp#27;[39m&amp#27;[32m200&amp#27;[39m &amp#27;[90m7 ms - 858&amp#27;[39m
&amp#27;[35m[HTTP]&amp#27;[39m &amp#27;[90m&amp#27;[39m
&amp#27;[35m[HTTP]&amp#27;[39m &amp#27;[37m-->&amp#27;[39m &amp#27;[37mPOST&amp#27;[39m &amp#27;[37m/wd/hub/session/cf730178-8621-4bf8-b989-929b40bb36e0/element&amp#27;[39m
&amp#27;[35m[HTTP]&amp#27;[39m &amp#27;[90m{"using":"xpath","value":"//android.widget.TextView[@content-desc=\"Views\"]"}&amp#27;[39m
[debug] &amp#27;[35m[W3C (cf730178)]&amp#27;[39m Calling AppiumDriver.findElement() with args: ["xpath","//android.widget.TextView[@content-desc=\"Views\"]","cf730178-8621-4bf8-b989-929b40bb36e0"]
[debug] &amp#27;[35m[BaseDriver]&amp#27;[39m Valid locator strategies for this request: xpath, id, class name, accessibility id, css selector, -android uiautomator
[debug] &amp#27;[35m[BaseDriver]&amp#27;[39m Waiting up to 0 ms for condition
[debug] &amp#27;[35m[WD Proxy]&amp#27;[39m Matched '/element' to command name 'findElement'
[debug] &amp#27;[35m[WD Proxy]&amp#27;[39m Proxying [POST /element] to [POST http://127.0.0.1:8217/wd/hub/session/c5c3a627-67b1-4695-aa35-8adf780f0552/element] with body: {"strategy":"xpath","selector":"//android.widget.TextView[@content-desc=\"Views\"]","context":"","multiple":false}
[debug] &amp#27;[35m[WD Proxy]&amp#27;[39m Got response with status 200: {"sessionId":"c5c3a627-67b1-4695-aa35-8adf780f0552","value":{"ELEMENT":"55b79961-f458-44d1-b186-48846fef05cd","element-6066-11e4-a52e-4f735466cecf":"55b79961-f458-44d1-b186-48846fef05cd"}}
[debug] &amp#27;[35m[W3C (cf730178)]&amp#27;[39m Responding to client with driver.findElement() result: {"element-6066-11e4-a52e-4f735466cecf":"55b79961-f458-44d1-b186-48846fef05cd","ELEMENT":"55b79961-f458-44d1-b186-48846fef05cd"}
&amp#27;[35m[HTTP]&amp#27;[39m &amp#27;[37m<-- POST /wd/hub/session/cf730178-8621-4bf8-b989-929b40bb36e0/element &amp#27;[39m&amp#27;[32m200&amp#27;[39m &amp#27;[90m34 ms - 137&amp#27;[39m
&amp#27;[35m[HTTP]&amp#27;[39m &amp#27;[90m&amp#27;[39m
&amp#27;[35m[HTTP]&amp#27;[39m &amp#27;[37m-->&amp#27;[39m &amp#27;[37mGET&amp#27;[39m &amp#27;[37m/wd/hub/session/cf730178-8621-4bf8-b989-929b40bb36e0/element/55b79961-f458-44d1-b186-48846fef05cd/enabled&amp#27;[39m
&amp#27;[35m[HTTP]&amp#27;[39m &amp#27;[90m{}&amp#27;[39m
[debug] &amp#27;[35m[W3C (cf730178)]&amp#27;[39m Calling AppiumDriver.elementEnabled() with args: ["55b79961-f458-44d1-b186-48846fef05cd","cf730178-8621-4bf8-b989-929b40bb36e0"]
[debug] &amp#27;[35m[WD Proxy]&amp#27;[39m Matched '/element/55b79961-f458-44d1-b186-48846fef05cd/attribute/enabled' to command name 'getAttribute'
[debug] &amp#27;[35m[WD Proxy]&amp#27;[39m Proxying [GET /element/55b79961-f458-44d1-b186-48846fef05cd/attribute/enabled] to [GET http://127.0.0.1:8217/wd/hub/session/c5c3a627-67b1-4695-aa35-8adf780f0552/element/55b79961-f458-44d1-b186-48846fef05cd/attribute/enabled] with no body
[debug] &amp#27;[35m[WD Proxy]&amp#27;[39m Got response with status 200: {"sessionId":"c5c3a627-67b1-4695-aa35-8adf780f0552","value":"true"}
[debug] &amp#27;[35m[W3C (cf730178)]&amp#27;[39m Responding to client with driver.elementEnabled() result: true
&amp#27;[35m[HTTP]&amp#27;[39m &amp#27;[37m<-- GET /wd/hub/session/cf730178-8621-4bf8-b989-929b40bb36e0/element/55b79961-f458-44d1-b186-48846fef05cd/enabled &amp#27;[39m&amp#27;[32m200&amp#27;[39m &amp#27;[90m13 ms - 14&amp#27;[39m
&amp#27;[35m[HTTP]&amp#27;[39m &amp#27;[90m&amp#27;[39m
&amp#27;[35m[HTTP]&amp#27;[39m &amp#27;[37m-->&amp#27;[39m &amp#27;[37mPOST&amp#27;[39m &amp#27;[37m/wd/hub/session/cf730178-8621-4bf8-b989-929b40bb36e0/timeouts&amp#27;[39m
&amp#27;[35m[HTTP]&amp#27;[39m &amp#27;[90m{"implicit":10000}&amp#27;[39m
[debug] &amp#27;[35m[W3C (cf730178)]&amp#27;[39m Calling AppiumDriver.timeouts() with args: [null,null,null,null,10000,"cf730178-8621-4bf8-b989-929b40bb36e0"]
[debug] &amp#27;[35m[BaseDriver]&amp#27;[39m W3C timeout argument: {"implicit":10000}}
[debug] &amp#27;[35m[BaseDriver]&amp#27;[39m Set implicit wait to 10000ms
[debug] &amp#27;[35m[W3C (cf730178)]&amp#27;[39m Responding to client with driver.timeouts() result: null
&amp#27;[35m[HTTP]&amp#27;[39m &amp#27;[37m<-- POST /wd/hub/session/cf730178-8621-4bf8-b989-929b40bb36e0/timeouts &amp#27;[39m&amp#27;[32m200&amp#27;[39m &amp#27;[90m3 ms - 14&amp#27;[39m
&amp#27;[35m[HTTP]&amp#27;[39m &amp#27;[90m&amp#27;[39m
&amp#27;[35m[HTTP]&amp#27;[39m &amp#27;[37m-->&amp#27;[39m &amp#27;[37mGET&amp#27;[39m &amp#27;[37m/wd/hub/session/cf730178-8621-4bf8-b989-929b40bb36e0&amp#27;[39m
&amp#27;[35m[HTTP]&amp#27;[39m &amp#27;[90m{}&amp#27;[39m
[debug] &amp#27;[35m[W3C (cf730178)]&amp#27;[39m Calling AppiumDriver.getSession() with args: ["cf730178-8621-4bf8-b989-929b40bb36e0"]
[debug] &amp#27;[35m[UiAutomator2]&amp#27;[39m Getting session details from server to mix in
[debug] &amp#27;[35m[WD Proxy]&amp#27;[39m Matched '/' to command name 'getSession'
[debug] &amp#27;[35m[WD Proxy]&amp#27;[39m Proxying [GET /] to [GET http://127.0.0.1:8217/wd/hub/session/c5c3a627-67b1-4695-aa35-8adf780f0552] with no body
[debug] &amp#27;[35m[WD Proxy]&amp#27;[39m Got response with status 200: {"sessionId":"c5c3a627-67b1-4695-aa35-8adf780f0552","value":{"lastScrollData":null}}
[debug] &amp#27;[35m[W3C (cf730178)]&amp#27;[39m Responding to client with driver.getSession() result: {"platform":"LINUX","webStorageEnabled":false,"takesScreenshot":true,"javascriptEnabled":true,"databaseEnabled":false,"networkConnectionEnabled":true,"locationContextEnabled":false,"warnings":{},"desired":{"platformName":"android","app":"C:\\Users\\Anis\\eclipse-workspace\\Appium\\src\\ApiDemos-debug.apk","deviceName":"Redmi","newCommandTimeout":14},"platformName":"android","app":"C:\\Users\\Anis\\eclipse-workspace\\Appium\\src\\ApiDemos-debug.apk","deviceName":"55272e729804","newCommandTimeout":14,"deviceUDID":"55272e729804","appPackage":"io.appium.android.apis","deviceApiLevel":24,"platformVersion":"7.0","deviceScreenSize":"1080x1920","deviceScreenDensity":480,"deviceModel":"Redmi Note 4","deviceManufacturer":"Xiaomi","pixelRatio":3,"statBarHeight":72,"viewportRect":{"left":0,"top":72,"width":1080,"height":1848},"lastScrollData":null}
&amp#27;[35m[HTTP]&amp#27;[39m &amp#27;[37m<-- GET /wd/hub/session/cf730178-8621-4bf8-b989-929b40bb36e0 &amp#27;[39m&amp#27;[32m200&amp#27;[39m &amp#27;[90m9 ms - 858&amp#27;[39m
&amp#27;[35m[HTTP]&amp#27;[39m &amp#27;[90m&amp#27;[39m
&amp#27;[35m[HTTP]&amp#27;[39m &amp#27;[37m-->&amp#27;[39m &amp#27;[37mPOST&amp#27;[39m &amp#27;[37m/wd/hub/session/cf730178-8621-4bf8-b989-929b40bb36e0/element&amp#27;[39m
&amp#27;[35m[HTTP]&amp#27;[39m &amp#27;[90m{"using":"xpath","value":"//android.widget.TextView[@content-desc=\"Views\"]"}&amp#27;[39m
[debug] &amp#27;[35m[W3C (cf730178)]&amp#27;[39m Calling AppiumDriver.findElement() with args: ["xpath","//android.widget.TextView[@content-desc=\"Views\"]","cf730178-8621-4bf8-b989-929b40bb36e0"]
[debug] &amp#27;[35m[BaseDriver]&amp#27;[39m Valid locator strategies for this request: xpath, id, class name, accessibility id, css selector, -android uiautomator
[debug] &amp#27;[35m[BaseDriver]&amp#27;[39m Waiting up to 10000 ms for condition
[debug] &amp#27;[35m[WD Proxy]&amp#27;[39m Matched '/element' to command name 'findElement'
[debug] &amp#27;[35m[WD Proxy]&amp#27;[39m Proxying [POST /element] to [POST http://127.0.0.1:8217/wd/hub/session/c5c3a627-67b1-4695-aa35-8adf780f0552/element] with body: {"strategy":"xpath","selector":"//android.widget.TextView[@content-desc=\"Views\"]","context":"","multiple":false}
[debug] &amp#27;[35m[WD Proxy]&amp#27;[39m Got response with status 200: {"sessionId":"c5c3a627-67b1-4695-aa35-8adf780f0552","value":{"ELEMENT":"69a1733e-7625-4fb4-b91c-d1d848afcc93","element-6066-11e4-a52e-4f735466cecf":"69a1733e-7625-4fb4-b91c-d1d848afcc93"}}
[debug] &amp#27;[35m[W3C (cf730178)]&amp#27;[39m Responding to client with driver.findElement() result: {"element-6066-11e4-a52e-4f735466cecf":"69a1733e-7625-4fb4-b91c-d1d848afcc93","ELEMENT":"69a1733e-7625-4fb4-b91c-d1d848afcc93"}
&amp#27;[35m[HTTP]&amp#27;[39m &amp#27;[37m<-- POST /wd/hub/session/cf730178-8621-4bf8-b989-929b40bb36e0/element &amp#27;[39m&amp#27;[32m200&amp#27;[39m &amp#27;[90m34 ms - 137&amp#27;[39m
&amp#27;[35m[HTTP]&amp#27;[39m &amp#27;[90m&amp#27;[39m
&amp#27;[35m[HTTP]&amp#27;[39m &amp#27;[37m-->&amp#27;[39m &amp#27;[37mPOST&amp#27;[39m &amp#27;[37m/wd/hub/session/cf730178-8621-4bf8-b989-929b40bb36e0/element/69a1733e-7625-4fb4-b91c-d1d848afcc93/click&amp#27;[39m
&amp#27;[35m[HTTP]&amp#27;[39m &amp#27;[90m{"id":"69a1733e-7625-4fb4-b91c-d1d848afcc93"}&amp#27;[39m
[debug] &amp#27;[35m[W3C (cf730178)]&amp#27;[39m Calling AppiumDriver.click() with args: ["69a1733e-7625-4fb4-b91c-d1d848afcc93","cf730178-8621-4bf8-b989-929b40bb36e0"]
[debug] &amp#27;[35m[WD Proxy]&amp#27;[39m Matched '/element/69a1733e-7625-4fb4-b91c-d1d848afcc93/click' to command name 'click'
[debug] &amp#27;[35m[WD Proxy]&amp#27;[39m Proxying [POST /element/69a1733e-7625-4fb4-b91c-d1d848afcc93/click] to [POST http://127.0.0.1:8217/wd/hub/session/c5c3a627-67b1-4695-aa35-8adf780f0552/element/69a1733e-7625-4fb4-b91c-d1d848afcc93/click] with body: {"element":"69a1733e-7625-4fb4-b91c-d1d848afcc93"}
[debug] &amp#27;[35m[WD Proxy]&amp#27;[39m Got response with status 200: {"sessionId":"c5c3a627-67b1-4695-aa35-8adf780f0552","value":null}
[debug] &amp#27;[35m[W3C (cf730178)]&amp#27;[39m Responding to client with driver.click() result: null
&amp#27;[35m[HTTP]&amp#27;[39m &amp#27;[37m<-- POST /wd/hub/session/cf730178-8621-4bf8-b989-929b40bb36e0/element/69a1733e-7625-4fb4-b91c-d1d848afcc93/click &amp#27;[39m&amp#27;[32m200&amp#27;[39m &amp#27;[90m1400 ms - 14&amp#27;[39m
&amp#27;[35m[HTTP]&amp#27;[39m &amp#27;[90m&amp#27;[39m
&amp#27;[35m[HTTP]&amp#27;[39m &amp#27;[37m-->&amp#27;[39m &amp#27;[37mGET&amp#27;[39m &amp#27;[37m/wd/hub/session/cf730178-8621-4bf8-b989-929b40bb36e0&amp#27;[39m
&amp#27;[35m[HTTP]&amp#27;[39m &amp#27;[90m{}&amp#27;[39m
[debug] &amp#27;[35m[W3C (cf730178)]&amp#27;[39m Calling AppiumDriver.getSession() with args: ["cf730178-8621-4bf8-b989-929b40bb36e0"]
[debug] &amp#27;[35m[UiAutomator2]&amp#27;[39m Getting session details from server to mix in
[debug] &amp#27;[35m[WD Proxy]&amp#27;[39m Matched '/' to command name 'getSession'
[debug] &amp#27;[35m[WD Proxy]&amp#27;[39m Proxying [GET /] to [GET http://127.0.0.1:8217/wd/hub/session/c5c3a627-67b1-4695-aa35-8adf780f0552] with no body
[debug] &amp#27;[35m[WD Proxy]&amp#27;[39m Got response with status 200: {"sessionId":"c5c3a627-67b1-4695-aa35-8adf780f0552","value":{"lastScrollData":null}}
[debug] &amp#27;[35m[W3C (cf730178)]&amp#27;[39m Responding to client with driver.getSession() result: {"platform":"LINUX","webStorageEnabled":false,"takesScreenshot":true,"javascriptEnabled":true,"databaseEnabled":false,"networkConnectionEnabled":true,"locationContextEnabled":false,"warnings":{},"desired":{"platformName":"android","app":"C:\\Users\\Anis\\eclipse-workspace\\Appium\\src\\ApiDemos-debug.apk","deviceName":"Redmi","newCommandTimeout":14},"platformName":"android","app":"C:\\Users\\Anis\\eclipse-workspace\\Appium\\src\\ApiDemos-debug.apk","deviceName":"55272e729804","newCommandTimeout":14,"deviceUDID":"55272e729804","appPackage":"io.appium.android.apis","deviceApiLevel":24,"platformVersion":"7.0","deviceScreenSize":"1080x1920","deviceScreenDensity":480,"deviceModel":"Redmi Note 4","deviceManufacturer":"Xiaomi","pixelRatio":3,"statBarHeight":72,"viewportRect":{"left":0,"top":72,"width":1080,"height":1848},"lastScrollData":null}
&amp#27;[35m[HTTP]&amp#27;[39m &amp#27;[37m<-- GET /wd/hub/session/cf730178-8621-4bf8-b989-929b40bb36e0 &amp#27;[39m&amp#27;[32m200&amp#27;[39m &amp#27;[90m10 ms - 858&amp#27;[39m
&amp#27;[35m[HTTP]&amp#27;[39m &amp#27;[90m&amp#27;[39m
&amp#27;[35m[HTTP]&amp#27;[39m &amp#27;[37m-->&amp#27;[39m &amp#27;[37mGET&amp#27;[39m &amp#27;[37m/wd/hub/session/cf730178-8621-4bf8-b989-929b40bb36e0&amp#27;[39m
&amp#27;[35m[HTTP]&amp#27;[39m &amp#27;[90m{}&amp#27;[39m
[debug] &amp#27;[35m[W3C (cf730178)]&amp#27;[39m Calling AppiumDriver.getSession() with args: ["cf730178-8621-4bf8-b989-929b40bb36e0"]
[debug] &amp#27;[35m[UiAutomator2]&amp#27;[39m Getting session details from server to mix in
[debug] &amp#27;[35m[WD Proxy]&amp#27;[39m Matched '/' to command name 'getSession'
[debug] &amp#27;[35m[WD Proxy]&amp#27;[39m Proxying [GET /] to [GET http://127.0.0.1:8217/wd/hub/session/c5c3a627-67b1-4695-aa35-8adf780f0552] with no body
[debug] &amp#27;[35m[WD Proxy]&amp#27;[39m Got response with status 200: {"sessionId":"c5c3a627-67b1-4695-aa35-8adf780f0552","value":{"lastScrollData":null}}
[debug] &amp#27;[35m[W3C (cf730178)]&amp#27;[39m Responding to client with driver.getSession() result: {"platform":"LINUX","webStorageEnabled":false,"takesScreenshot":true,"javascriptEnabled":true,"databaseEnabled":false,"networkConnectionEnabled":true,"locationContextEnabled":false,"warnings":{},"desired":{"platformName":"android","app":"C:\\Users\\Anis\\eclipse-workspace\\Appium\\src\\ApiDemos-debug.apk","deviceName":"Redmi","newCommandTimeout":14},"platformName":"android","app":"C:\\Users\\Anis\\eclipse-workspace\\Appium\\src\\ApiDemos-debug.apk","deviceName":"55272e729804","newCommandTimeout":14,"deviceUDID":"55272e729804","appPackage":"io.appium.android.apis","deviceApiLevel":24,"platformVersion":"7.0","deviceScreenSize":"1080x1920","deviceScreenDensity":480,"deviceModel":"Redmi Note 4","deviceManufacturer":"Xiaomi","pixelRatio":3,"statBarHeight":72,"viewportRect":{"left":0,"top":72,"width":1080,"height":1848},"lastScrollData":null}
&amp#27;[35m[HTTP]&amp#27;[39m &amp#27;[37m<-- GET /wd/hub/session/cf730178-8621-4bf8-b989-929b40bb36e0 &amp#27;[39m&amp#27;[32m200&amp#27;[39m &amp#27;[90m10 ms - 858&amp#27;[39m
&amp#27;[35m[HTTP]&amp#27;[39m &amp#27;[90m&amp#27;[39m
&amp#27;[35m[HTTP]&amp#27;[39m &amp#27;[37m-->&amp#27;[39m &amp#27;[37mGET&amp#27;[39m &amp#27;[37m/wd/hub/session/cf730178-8621-4bf8-b989-929b40bb36e0&amp#27;[39m
&amp#27;[35m[HTTP]&amp#27;[39m &amp#27;[90m{}&amp#27;[39m
[debug] &amp#27;[35m[W3C (cf730178)]&amp#27;[39m Calling AppiumDriver.getSession() with args: ["cf730178-8621-4bf8-b989-929b40bb36e0"]
[debug] &amp#27;[35m[UiAutomator2]&amp#27;[39m Getting session details from server to mix in
[debug] &amp#27;[35m[WD Proxy]&amp#27;[39m Matched '/' to command name 'getSession'
[debug] &amp#27;[35m[WD Proxy]&amp#27;[39m Proxying [GET /] to [GET http://127.0.0.1:8217/wd/hub/session/c5c3a627-67b1-4695-aa35-8adf780f0552] with no body
[debug] &amp#27;[35m[WD Proxy]&amp#27;[39m Got response with status 200: {"sessionId":"c5c3a627-67b1-4695-aa35-8adf780f0552","value":{"lastScrollData":null}}
[debug] &amp#27;[35m[W3C (cf730178)]&amp#27;[39m Responding to client with driver.getSession() result: {"platform":"LINUX","webStorageEnabled":false,"takesScreenshot":true,"javascriptEnabled":true,"databaseEnabled":false,"networkConnectionEnabled":true,"locationContextEnabled":false,"warnings":{},"desired":{"platformName":"android","app":"C:\\Users\\Anis\\eclipse-workspace\\Appium\\src\\ApiDemos-debug.apk","deviceName":"Redmi","newCommandTimeout":14},"platformName":"android","app":"C:\\Users\\Anis\\eclipse-workspace\\Appium\\src\\ApiDemos-debug.apk","deviceName":"55272e729804","newCommandTimeout":14,"deviceUDID":"55272e729804","appPackage":"io.appium.android.apis","deviceApiLevel":24,"platformVersion":"7.0","deviceScreenSize":"1080x1920","deviceScreenDensity":480,"deviceModel":"Redmi Note 4","deviceManufacturer":"Xiaomi","pixelRatio":3,"statBarHeight":72,"viewportRect":{"left":0,"top":72,"width":1080,"height":1848},"lastScrollData":null}
&amp#27;[35m[HTTP]&amp#27;[39m &amp#27;[37m<-- GET /wd/hub/session/cf730178-8621-4bf8-b989-929b40bb36e0 &amp#27;[39m&amp#27;[32m200&amp#27;[39m &amp#27;[90m9 ms - 858&amp#27;[39m
&amp#27;[35m[HTTP]&amp#27;[39m &amp#27;[90m&amp#27;[39m
&amp#27;[35m[HTTP]&amp#27;[39m &amp#27;[37m-->&amp#27;[39m &amp#27;[37mGET&amp#27;[39m &amp#27;[37m/wd/hub/session/cf730178-8621-4bf8-b989-929b40bb36e0&amp#27;[39m
&amp#27;[35m[HTTP]&amp#27;[39m &amp#27;[90m{}&amp#27;[39m
[debug] &amp#27;[35m[W3C (cf730178)]&amp#27;[39m Calling AppiumDriver.getSession() with args: ["cf730178-8621-4bf8-b989-929b40bb36e0"]
[debug] &amp#27;[35m[UiAutomator2]&amp#27;[39m Getting session details from server to mix in
[debug] &amp#27;[35m[WD Proxy]&amp#27;[39m Matched '/' to command name 'getSession'
[debug] &amp#27;[35m[WD Proxy]&amp#27;[39m Proxying [GET /] to [GET http://127.0.0.1:8217/wd/hub/session/c5c3a627-67b1-4695-aa35-8adf780f0552] with no body
[debug] &amp#27;[35m[WD Proxy]&amp#27;[39m Got response with status 200: {"sessionId":"c5c3a627-67b1-4695-aa35-8adf780f0552","value":{"lastScrollData":null}}
[debug] &amp#27;[35m[W3C (cf730178)]&amp#27;[39m Responding to client with driver.getSession() result: {"platform":"LINUX","webStorageEnabled":false,"takesScreenshot":true,"javascriptEnabled":true,"databaseEnabled":false,"networkConnectionEnabled":true,"locationContextEnabled":false,"warnings":{},"desired":{"platformName":"android","app":"C:\\Users\\Anis\\eclipse-workspace\\Appium\\src\\ApiDemos-debug.apk","deviceName":"Redmi","newCommandTimeout":14},"platformName":"android","app":"C:\\Users\\Anis\\eclipse-workspace\\Appium\\src\\ApiDemos-debug.apk","deviceName":"55272e729804","newCommandTimeout":14,"deviceUDID":"55272e729804","appPackage":"io.appium.android.apis","deviceApiLevel":24,"platformVersion":"7.0","deviceScreenSize":"1080x1920","deviceScreenDensity":480,"deviceModel":"Redmi Note 4","deviceManufacturer":"Xiaomi","pixelRatio":3,"statBarHeight":72,"viewportRect":{"left":0,"top":72,"width":1080,"height":1848},"lastScrollData":null}
&amp#27;[35m[HTTP]&amp#27;[39m &amp#27;[37m<-- GET /wd/hub/session/cf730178-8621-4bf8-b989-929b40bb36e0 &amp#27;[39m&amp#27;[32m200&amp#27;[39m &amp#27;[90m15 ms - 858&amp#27;[39m
&amp#27;[35m[HTTP]&amp#27;[39m &amp#27;[90m&amp#27;[39m
&amp#27;[35m[HTTP]&amp#27;[39m &amp#27;[37m-->&amp#27;[39m &amp#27;[37mPOST&amp#27;[39m &amp#27;[37m/wd/hub/session/cf730178-8621-4bf8-b989-929b40bb36e0/element&amp#27;[39m
&amp#27;[35m[HTTP]&amp#27;[39m &amp#27;[90m{"using":"-android uiautomator","value":"new UiScrollable(new UiSelector()).scrollIntoView(text(\"Rotating Button\"));"}&amp#27;[39m
[debug] &amp#27;[35m[W3C (cf730178)]&amp#27;[39m Calling AppiumDriver.findElement() with args: ["-android uiautomator","new UiScrollable(new UiSelector()).scrollIntoView(text(\"Rotating Button\"));","cf730178-8621-4bf8-b989-929b40bb36e0"]
[debug] &amp#27;[35m[BaseDriver]&amp#27;[39m Valid locator strategies for this request: xpath, id, class name, accessibility id, css selector, -android uiautomator
[debug] &amp#27;[35m[BaseDriver]&amp#27;[39m Waiting up to 10000 ms for condition
[debug] &amp#27;[35m[WD Proxy]&amp#27;[39m Matched '/element' to command name 'findElement'
[debug] &amp#27;[35m[WD Proxy]&amp#27;[39m Proxying [POST /element] to [POST http://127.0.0.1:8217/wd/hub/session/c5c3a627-67b1-4695-aa35-8adf780f0552/element] with body: {"strategy":"-android uiautomator","selector":"new UiScrollable(new UiSelector()).scrollIntoView(text(\"Rotating Button\"));","context":"","multiple":false}
[debug] &amp#27;[35m[WD Proxy]&amp#27;[39m Got response with status 200: {"sessionId":"c5c3a627-67b1-4695-aa35-8adf780f0552","value":{"ELEMENT":"d56beea3-ee57-42e3-8f52-d296ecf420f0","element-6066-11e4-a52e-4f735466cecf":"d56beea3-ee57-42e3-8f52-d296ecf420f0"}}
[debug] &amp#27;[35m[W3C (cf730178)]&amp#27;[39m Responding to client with driver.findElement() result: {"element-6066-11e4-a52e-4f735466cecf":"d56beea3-ee57-42e3-8f52-d296ecf420f0","ELEMENT":"d56beea3-ee57-42e3-8f52-d296ecf420f0"}
&amp#27;[35m[HTTP]&amp#27;[39m &amp#27;[37m<-- POST /wd/hub/session/cf730178-8621-4bf8-b989-929b40bb36e0/element &amp#27;[39m&amp#27;[32m200&amp#27;[39m &amp#27;[90m5321 ms - 137&amp#27;[39m
&amp#27;[35m[HTTP]&amp#27;[39m &amp#27;[90m&amp#27;[39m
[INFO ] 2021-06-18 15:59:06.060 [main] ExplicitWait - Waiting for element to be visible: Located by By.chained({By.xpath: //android.widget.TextView[@content-desc="Rotating Button"]})
[INFO ] 2021-06-18 15:59:06.060 [main] ExplicitWait - Waiting for element to be visible: Located by By.chained({By.xpath: //android.widget.TextView[@content-desc="Rotating Button"]})
&amp#27;[35m[HTTP]&amp#27;[39m &amp#27;[37m-->&amp#27;[39m &amp#27;[37mPOST&amp#27;[39m &amp#27;[37m/wd/hub/session/cf730178-8621-4bf8-b989-929b40bb36e0/timeouts&amp#27;[39m
&amp#27;[35m[HTTP]&amp#27;[39m &amp#27;[90m{"implicit":0}&amp#27;[39m
[debug] &amp#27;[35m[W3C (cf730178)]&amp#27;[39m Calling AppiumDriver.timeouts() with args: [null,null,null,null,0,"cf730178-8621-4bf8-b989-929b40bb36e0"]
[debug] &amp#27;[35m[BaseDriver]&amp#27;[39m W3C timeout argument: {"implicit":0}}
[debug] &amp#27;[35m[BaseDriver]&amp#27;[39m Set implicit wait to 0ms
[debug] &amp#27;[35m[W3C (cf730178)]&amp#27;[39m Responding to client with driver.timeouts() result: null
&amp#27;[35m[HTTP]&amp#27;[39m &amp#27;[37m<-- POST /wd/hub/session/cf730178-8621-4bf8-b989-929b40bb36e0/timeouts &amp#27;[39m&amp#27;[32m200&amp#27;[39m &amp#27;[90m3 ms - 14&amp#27;[39m
&amp#27;[35m[HTTP]&amp#27;[39m &amp#27;[90m&amp#27;[39m
&amp#27;[35m[HTTP]&amp#27;[39m &amp#27;[37m-->&amp#27;[39m &amp#27;[37mGET&amp#27;[39m &amp#27;[37m/wd/hub/session/cf730178-8621-4bf8-b989-929b40bb36e0&amp#27;[39m
&amp#27;[35m[HTTP]&amp#27;[39m &amp#27;[90m{}&amp#27;[39m
[debug] &amp#27;[35m[W3C (cf730178)]&amp#27;[39m Calling AppiumDriver.getSession() with args: ["cf730178-8621-4bf8-b989-929b40bb36e0"]
[debug] &amp#27;[35m[UiAutomator2]&amp#27;[39m Getting session details from server to mix in
[debug] &amp#27;[35m[WD Proxy]&amp#27;[39m Matched '/' to command name 'getSession'
[debug] &amp#27;[35m[WD Proxy]&amp#27;[39m Proxying [GET /] to [GET http://127.0.0.1:8217/wd/hub/session/c5c3a627-67b1-4695-aa35-8adf780f0552] with no body
[debug] &amp#27;[35m[WD Proxy]&amp#27;[39m Got response with status 200: {"sessionId":"c5c3a627-67b1-4695-aa35-8adf780f0552","value":{"lastScrollData":null}}
[debug] &amp#27;[35m[W3C (cf730178)]&amp#27;[39m Responding to client with driver.getSession() result: {"platform":"LINUX","webStorageEnabled":false,"takesScreenshot":true,"javascriptEnabled":true,"databaseEnabled":false,"networkConnectionEnabled":true,"locationContextEnabled":false,"warnings":{},"desired":{"platformName":"android","app":"C:\\Users\\Anis\\eclipse-workspace\\Appium\\src\\ApiDemos-debug.apk","deviceName":"Redmi","newCommandTimeout":14},"platformName":"android","app":"C:\\Users\\Anis\\eclipse-workspace\\Appium\\src\\ApiDemos-debug.apk","deviceName":"55272e729804","newCommandTimeout":14,"deviceUDID":"55272e729804","appPackage":"io.appium.android.apis","deviceApiLevel":24,"platformVersion":"7.0","deviceScreenSize":"1080x1920","deviceScreenDensity":480,"deviceModel":"Redmi Note 4","deviceManufacturer":"Xiaomi","pixelRatio":3,"statBarHeight":72,"viewportRect":{"left":0,"top":72,"width":1080,"height":1848},"lastScrollData":null}
&amp#27;[35m[HTTP]&amp#27;[39m &amp#27;[37m<-- GET /wd/hub/session/cf730178-8621-4bf8-b989-929b40bb36e0 &amp#27;[39m&amp#27;[32m200&amp#27;[39m &amp#27;[90m16 ms - 858&amp#27;[39m
&amp#27;[35m[HTTP]&amp#27;[39m &amp#27;[90m&amp#27;[39m
&amp#27;[35m[HTTP]&amp#27;[39m &amp#27;[37m-->&amp#27;[39m &amp#27;[37mPOST&amp#27;[39m &amp#27;[37m/wd/hub/session/cf730178-8621-4bf8-b989-929b40bb36e0/element&amp#27;[39m
&amp#27;[35m[HTTP]&amp#27;[39m &amp#27;[90m{"using":"xpath","value":"//android.widget.TextView[@content-desc=\"Rotating Button\"]"}&amp#27;[39m
[debug] &amp#27;[35m[W3C (cf730178)]&amp#27;[39m Calling AppiumDriver.findElement() with args: ["xpath","//android.widget.TextView[@content-desc=\"Rotating Button\"]","cf730178-8621-4bf8-b989-929b40bb36e0"]
[debug] &amp#27;[35m[BaseDriver]&amp#27;[39m Valid locator strategies for this request: xpath, id, class name, accessibility id, css selector, -android uiautomator
[debug] &amp#27;[35m[BaseDriver]&amp#27;[39m Waiting up to 0 ms for condition
[debug] &amp#27;[35m[WD Proxy]&amp#27;[39m Matched '/element' to command name 'findElement'
[debug] &amp#27;[35m[WD Proxy]&amp#27;[39m Proxying [POST /element] to [POST http://127.0.0.1:8217/wd/hub/session/c5c3a627-67b1-4695-aa35-8adf780f0552/element] with body: {"strategy":"xpath","selector":"//android.widget.TextView[@content-desc=\"Rotating Button\"]","context":"","multiple":false}
[debug] &amp#27;[35m[WD Proxy]&amp#27;[39m Got response with status 200: {"sessionId":"c5c3a627-67b1-4695-aa35-8adf780f0552","value":{"ELEMENT":"34b4a668-bbcf-4e2a-86d2-c227ed45e07e","element-6066-11e4-a52e-4f735466cecf":"34b4a668-bbcf-4e2a-86d2-c227ed45e07e"}}
[debug] &amp#27;[35m[W3C (cf730178)]&amp#27;[39m Responding to client with driver.findElement() result: {"element-6066-11e4-a52e-4f735466cecf":"34b4a668-bbcf-4e2a-86d2-c227ed45e07e","ELEMENT":"34b4a668-bbcf-4e2a-86d2-c227ed45e07e"}
&amp#27;[35m[HTTP]&amp#27;[39m &amp#27;[37m<-- POST /wd/hub/session/cf730178-8621-4bf8-b989-929b40bb36e0/element &amp#27;[39m&amp#27;[32m200&amp#27;[39m &amp#27;[90m55 ms - 137&amp#27;[39m
&amp#27;[35m[HTTP]&amp#27;[39m &amp#27;[90m&amp#27;[39m
&amp#27;[35m[HTTP]&amp#27;[39m &amp#27;[37m-->&amp#27;[39m &amp#27;[37mGET&amp#27;[39m &amp#27;[37m/wd/hub/session/cf730178-8621-4bf8-b989-929b40bb36e0/element/34b4a668-bbcf-4e2a-86d2-c227ed45e07e/displayed&amp#27;[39m
&amp#27;[35m[HTTP]&amp#27;[39m &amp#27;[90m{}&amp#27;[39m
[debug] &amp#27;[35m[W3C (cf730178)]&amp#27;[39m Calling AppiumDriver.elementDisplayed() with args: ["34b4a668-bbcf-4e2a-86d2-c227ed45e07e","cf730178-8621-4bf8-b989-929b40bb36e0"]
[debug] &amp#27;[35m[WD Proxy]&amp#27;[39m Matched '/element/34b4a668-bbcf-4e2a-86d2-c227ed45e07e/attribute/displayed' to command name 'getAttribute'
[debug] &amp#27;[35m[WD Proxy]&amp#27;[39m Proxying [GET /element/34b4a668-bbcf-4e2a-86d2-c227ed45e07e/attribute/displayed] to [GET http://127.0.0.1:8217/wd/hub/session/c5c3a627-67b1-4695-aa35-8adf780f0552/element/34b4a668-bbcf-4e2a-86d2-c227ed45e07e/attribute/displayed] with no body
[debug] &amp#27;[35m[WD Proxy]&amp#27;[39m Got response with status 200: {"sessionId":"c5c3a627-67b1-4695-aa35-8adf780f0552","value":"true"}
[debug] &amp#27;[35m[W3C (cf730178)]&amp#27;[39m Responding to client with driver.elementDisplayed() result: true
&amp#27;[35m[HTTP]&amp#27;[39m &amp#27;[37m<-- GET /wd/hub/session/cf730178-8621-4bf8-b989-929b40bb36e0/element/34b4a668-bbcf-4e2a-86d2-c227ed45e07e/displayed &amp#27;[39m&amp#27;[32m200&amp#27;[39m &amp#27;[90m15 ms - 14&amp#27;[39m
&amp#27;[35m[HTTP]&amp#27;[39m &amp#27;[90m&amp#27;[39m
&amp#27;[35m[HTTP]&amp#27;[39m &amp#27;[37m-->&amp#27;[39m &amp#27;[37mPOST&amp#27;[39m &amp#27;[37m/wd/hub/session/cf730178-8621-4bf8-b989-929b40bb36e0/timeouts&amp#27;[39m
&amp#27;[35m[HTTP]&amp#27;[39m &amp#27;[90m{"implicit":10000}&amp#27;[39m
[debug] &amp#27;[35m[W3C (cf730178)]&amp#27;[39m Calling AppiumDriver.timeouts() with args: [null,null,null,null,10000,"cf730178-8621-4bf8-b989-929b40bb36e0"]
[debug] &amp#27;[35m[BaseDriver]&amp#27;[39m W3C timeout argument: {"implicit":10000}}
[debug] &amp#27;[35m[BaseDriver]&amp#27;[39m Set implicit wait to 10000ms
[debug] &amp#27;[35m[W3C (cf730178)]&amp#27;[39m Responding to client with driver.timeouts() result: null
[INFO ] 2021-06-18 15:59:06.203 [main] ViewsPage - Clicks The Rotating Button
[INFO ] 2021-06-18 15:59:06.203 [main] ExplicitWait - Waiting for element to be clickable: Located by By.chained({By.xpath: //android.widget.TextView[@content-desc="Rotating Button"]})
&amp#27;[35m[HTTP]&amp#27;[39m &amp#27;[37m<-- POST /wd/hub/session/cf730178-8621-4bf8-b989-929b40bb36e0/timeouts &amp#27;[39m&amp#27;[32m200&amp#27;[39m &amp#27;[90m3 ms - 14&amp#27;[39m
&amp#27;[35m[HTTP]&amp#27;[39m &amp#27;[90m&amp#27;[39m
&amp#27;[35m[HTTP]&amp#27;[39m &amp#27;[37m-->&amp#27;[39m &amp#27;[37mPOST&amp#27;[39m &amp#27;[37m/wd/hub/session/cf730178-8621-4bf8-b989-929b40bb36e0/timeouts&amp#27;[39m
&amp#27;[35m[HTTP]&amp#27;[39m &amp#27;[90m{"implicit":0}&amp#27;[39m
[debug] &amp#27;[35m[W3C (cf730178)]&amp#27;[39m Calling AppiumDriver.timeouts() with args: [null,null,null,null,0,"cf730178-8621-4bf8-b989-929b40bb36e0"]
[debug] &amp#27;[35m[BaseDriver]&amp#27;[39m W3C timeout argument: {"implicit":0}}
[debug] &amp#27;[35m[BaseDriver]&amp#27;[39m Set implicit wait to 0ms
[debug] &amp#27;[35m[W3C (cf730178)]&amp#27;[39m Responding to client with driver.timeouts() result: null
&amp#27;[35m[HTTP]&amp#27;[39m &amp#27;[37m<-- POST /wd/hub/session/cf730178-8621-4bf8-b989-929b40bb36e0/timeouts &amp#27;[39m&amp#27;[32m200&amp#27;[39m &amp#27;[90m3 ms - 14&amp#27;[39m
&amp#27;[35m[HTTP]&amp#27;[39m &amp#27;[90m&amp#27;[39m
&amp#27;[35m[HTTP]&amp#27;[39m &amp#27;[37m-->&amp#27;[39m &amp#27;[37mGET&amp#27;[39m &amp#27;[37m/wd/hub/session/cf730178-8621-4bf8-b989-929b40bb36e0&amp#27;[39m
&amp#27;[35m[HTTP]&amp#27;[39m &amp#27;[90m{}&amp#27;[39m
[debug] &amp#27;[35m[W3C (cf730178)]&amp#27;[39m Calling AppiumDriver.getSession() with args: ["cf730178-8621-4bf8-b989-929b40bb36e0"]
[debug] &amp#27;[35m[UiAutomator2]&amp#27;[39m Getting session details from server to mix in
[debug] &amp#27;[35m[WD Proxy]&amp#27;[39m Matched '/' to command name 'getSession'
[debug] &amp#27;[35m[WD Proxy]&amp#27;[39m Proxying [GET /] to [GET http://127.0.0.1:8217/wd/hub/session/c5c3a627-67b1-4695-aa35-8adf780f0552] with no body
[debug] &amp#27;[35m[WD Proxy]&amp#27;[39m Got response with status 200: {"sessionId":"c5c3a627-67b1-4695-aa35-8adf780f0552","value":{"lastScrollData":null}}
[debug] &amp#27;[35m[W3C (cf730178)]&amp#27;[39m Responding to client with driver.getSession() result: {"platform":"LINUX","webStorageEnabled":false,"takesScreenshot":true,"javascriptEnabled":true,"databaseEnabled":false,"networkConnectionEnabled":true,"locationContextEnabled":false,"warnings":{},"desired":{"platformName":"android","app":"C:\\Users\\Anis\\eclipse-workspace\\Appium\\src\\ApiDemos-debug.apk","deviceName":"Redmi","newCommandTimeout":14},"platformName":"android","app":"C:\\Users\\Anis\\eclipse-workspace\\Appium\\src\\ApiDemos-debug.apk","deviceName":"55272e729804","newCommandTimeout":14,"deviceUDID":"55272e729804","appPackage":"io.appium.android.apis","deviceApiLevel":24,"platformVersion":"7.0","deviceScreenSize":"1080x1920","deviceScreenDensity":480,"deviceModel":"Redmi Note 4","deviceManufacturer":"Xiaomi","pixelRatio":3,"statBarHeight":72,"viewportRect":{"left":0,"top":72,"width":1080,"height":1848},"lastScrollData":null}
&amp#27;[35m[HTTP]&amp#27;[39m &amp#27;[37m<-- GET /wd/hub/session/cf730178-8621-4bf8-b989-929b40bb36e0 &amp#27;[39m&amp#27;[32m200&amp#27;[39m &amp#27;[90m12 ms - 858&amp#27;[39m
&amp#27;[35m[HTTP]&amp#27;[39m &amp#27;[90m&amp#27;[39m
&amp#27;[35m[HTTP]&amp#27;[39m &amp#27;[37m-->&amp#27;[39m &amp#27;[37mPOST&amp#27;[39m &amp#27;[37m/wd/hub/session/cf730178-8621-4bf8-b989-929b40bb36e0/element&amp#27;[39m
&amp#27;[35m[HTTP]&amp#27;[39m &amp#27;[90m{"using":"xpath","value":"//android.widget.TextView[@content-desc=\"Rotating Button\"]"}&amp#27;[39m
[debug] &amp#27;[35m[W3C (cf730178)]&amp#27;[39m Calling AppiumDriver.findElement() with args: ["xpath","//android.widget.TextView[@content-desc=\"Rotating Button\"]","cf730178-8621-4bf8-b989-929b40bb36e0"]
[debug] &amp#27;[35m[BaseDriver]&amp#27;[39m Valid locator strategies for this request: xpath, id, class name, accessibility id, css selector, -android uiautomator
[debug] &amp#27;[35m[BaseDriver]&amp#27;[39m Waiting up to 0 ms for condition
[debug] &amp#27;[35m[WD Proxy]&amp#27;[39m Matched '/element' to command name 'findElement'
[debug] &amp#27;[35m[WD Proxy]&amp#27;[39m Proxying [POST /element] to [POST http://127.0.0.1:8217/wd/hub/session/c5c3a627-67b1-4695-aa35-8adf780f0552/element] with body: {"strategy":"xpath","selector":"//android.widget.TextView[@content-desc=\"Rotating Button\"]","context":"","multiple":false}
[debug] &amp#27;[35m[WD Proxy]&amp#27;[39m Got response with status 200: {"sessionId":"c5c3a627-67b1-4695-aa35-8adf780f0552","value":{"ELEMENT":"c75731cc-0c2a-40f8-b6c0-3250f314d499","element-6066-11e4-a52e-4f735466cecf":"c75731cc-0c2a-40f8-b6c0-3250f314d499"}}
[debug] &amp#27;[35m[W3C (cf730178)]&amp#27;[39m Responding to client with driver.findElement() result: {"element-6066-11e4-a52e-4f735466cecf":"c75731cc-0c2a-40f8-b6c0-3250f314d499","ELEMENT":"c75731cc-0c2a-40f8-b6c0-3250f314d499"}
&amp#27;[35m[HTTP]&amp#27;[39m &amp#27;[37m<-- POST /wd/hub/session/cf730178-8621-4bf8-b989-929b40bb36e0/element &amp#27;[39m&amp#27;[32m200&amp#27;[39m &amp#27;[90m39 ms - 137&amp#27;[39m
&amp#27;[35m[HTTP]&amp#27;[39m &amp#27;[90m&amp#27;[39m
&amp#27;[35m[HTTP]&amp#27;[39m &amp#27;[37m-->&amp#27;[39m &amp#27;[37mGET&amp#27;[39m &amp#27;[37m/wd/hub/session/cf730178-8621-4bf8-b989-929b40bb36e0/element/c75731cc-0c2a-40f8-b6c0-3250f314d499/displayed&amp#27;[39m
&amp#27;[35m[HTTP]&amp#27;[39m &amp#27;[90m{}&amp#27;[39m
[debug] &amp#27;[35m[W3C (cf730178)]&amp#27;[39m Calling AppiumDriver.elementDisplayed() with args: ["c75731cc-0c2a-40f8-b6c0-3250f314d499","cf730178-8621-4bf8-b989-929b40bb36e0"]
[debug] &amp#27;[35m[WD Proxy]&amp#27;[39m Matched '/element/c75731cc-0c2a-40f8-b6c0-3250f314d499/attribute/displayed' to command name 'getAttribute'
[debug] &amp#27;[35m[WD Proxy]&amp#27;[39m Proxying [GET /element/c75731cc-0c2a-40f8-b6c0-3250f314d499/attribute/displayed] to [GET http://127.0.0.1:8217/wd/hub/session/c5c3a627-67b1-4695-aa35-8adf780f0552/element/c75731cc-0c2a-40f8-b6c0-3250f314d499/attribute/displayed] with no body
[debug] &amp#27;[35m[WD Proxy]&amp#27;[39m Got response with status 200: {"sessionId":"c5c3a627-67b1-4695-aa35-8adf780f0552","value":"true"}
[debug] &amp#27;[35m[W3C (cf730178)]&amp#27;[39m Responding to client with driver.elementDisplayed() result: true
&amp#27;[35m[HTTP]&amp#27;[39m &amp#27;[37m<-- GET /wd/hub/session/cf730178-8621-4bf8-b989-929b40bb36e0/element/c75731cc-0c2a-40f8-b6c0-3250f314d499/displayed &amp#27;[39m&amp#27;[32m200&amp#27;[39m &amp#27;[90m16 ms - 14&amp#27;[39m
&amp#27;[35m[HTTP]&amp#27;[39m &amp#27;[90m&amp#27;[39m
&amp#27;[35m[HTTP]&amp#27;[39m &amp#27;[37m-->&amp#27;[39m &amp#27;[37mGET&amp#27;[39m &amp#27;[37m/wd/hub/session/cf730178-8621-4bf8-b989-929b40bb36e0&amp#27;[39m
&amp#27;[35m[HTTP]&amp#27;[39m &amp#27;[90m{}&amp#27;[39m
[debug] &amp#27;[35m[W3C (cf730178)]&amp#27;[39m Calling AppiumDriver.getSession() with args: ["cf730178-8621-4bf8-b989-929b40bb36e0"]
[debug] &amp#27;[35m[UiAutomator2]&amp#27;[39m Getting session details from server to mix in
[debug] &amp#27;[35m[WD Proxy]&amp#27;[39m Matched '/' to command name 'getSession'
[debug] &amp#27;[35m[WD Proxy]&amp#27;[39m Proxying [GET /] to [GET http://127.0.0.1:8217/wd/hub/session/c5c3a627-67b1-4695-aa35-8adf780f0552] with no body
[debug] &amp#27;[35m[WD Proxy]&amp#27;[39m Got response with status 200: {"sessionId":"c5c3a627-67b1-4695-aa35-8adf780f0552","value":{"lastScrollData":null}}
[debug] &amp#27;[35m[W3C (cf730178)]&amp#27;[39m Responding to client with driver.getSession() result: {"platform":"LINUX","webStorageEnabled":false,"takesScreenshot":true,"javascriptEnabled":true,"databaseEnabled":false,"networkConnectionEnabled":true,"locationContextEnabled":false,"warnings":{},"desired":{"platformName":"android","app":"C:\\Users\\Anis\\eclipse-workspace\\Appium\\src\\ApiDemos-debug.apk","deviceName":"Redmi","newCommandTimeout":14},"platformName":"android","app":"C:\\Users\\Anis\\eclipse-workspace\\Appium\\src\\ApiDemos-debug.apk","deviceName":"55272e729804","newCommandTimeout":14,"deviceUDID":"55272e729804","appPackage":"io.appium.android.apis","deviceApiLevel":24,"platformVersion":"7.0","deviceScreenSize":"1080x1920","deviceScreenDensity":480,"deviceModel":"Redmi Note 4","deviceManufacturer":"Xiaomi","pixelRatio":3,"statBarHeight":72,"viewportRect":{"left":0,"top":72,"width":1080,"height":1848},"lastScrollData":null}
&amp#27;[35m[HTTP]&amp#27;[39m &amp#27;[37m<-- GET /wd/hub/session/cf730178-8621-4bf8-b989-929b40bb36e0 &amp#27;[39m&amp#27;[32m200&amp#27;[39m &amp#27;[90m10 ms - 858&amp#27;[39m
&amp#27;[35m[HTTP]&amp#27;[39m &amp#27;[90m&amp#27;[39m
&amp#27;[35m[HTTP]&amp#27;[39m &amp#27;[37m-->&amp#27;[39m &amp#27;[37mPOST&amp#27;[39m &amp#27;[37m/wd/hub/session/cf730178-8621-4bf8-b989-929b40bb36e0/element&amp#27;[39m
&amp#27;[35m[HTTP]&amp#27;[39m &amp#27;[90m{"using":"xpath","value":"//android.widget.TextView[@content-desc=\"Rotating Button\"]"}&amp#27;[39m
[debug] &amp#27;[35m[W3C (cf730178)]&amp#27;[39m Calling AppiumDriver.findElement() with args: ["xpath","//android.widget.TextView[@content-desc=\"Rotating Button\"]","cf730178-8621-4bf8-b989-929b40bb36e0"]
[debug] &amp#27;[35m[BaseDriver]&amp#27;[39m Valid locator strategies for this request: xpath, id, class name, accessibility id, css selector, -android uiautomator
[debug] &amp#27;[35m[BaseDriver]&amp#27;[39m Waiting up to 0 ms for condition
[debug] &amp#27;[35m[WD Proxy]&amp#27;[39m Matched '/element' to command name 'findElement'
[debug] &amp#27;[35m[WD Proxy]&amp#27;[39m Proxying [POST /element] to [POST http://127.0.0.1:8217/wd/hub/session/c5c3a627-67b1-4695-aa35-8adf780f0552/element] with body: {"strategy":"xpath","selector":"//android.widget.TextView[@content-desc=\"Rotating Button\"]","context":"","multiple":false}
[debug] &amp#27;[35m[WD Proxy]&amp#27;[39m Got response with status 200: {"sessionId":"c5c3a627-67b1-4695-aa35-8adf780f0552","value":{"ELEMENT":"562c7513-266e-4844-ad78-0e8d7e16a11c","element-6066-11e4-a52e-4f735466cecf":"562c7513-266e-4844-ad78-0e8d7e16a11c"}}
[debug] &amp#27;[35m[W3C (cf730178)]&amp#27;[39m Responding to client with driver.findElement() result: {"element-6066-11e4-a52e-4f735466cecf":"562c7513-266e-4844-ad78-0e8d7e16a11c","ELEMENT":"562c7513-266e-4844-ad78-0e8d7e16a11c"}
&amp#27;[35m[HTTP]&amp#27;[39m &amp#27;[37m<-- POST /wd/hub/session/cf730178-8621-4bf8-b989-929b40bb36e0/element &amp#27;[39m&amp#27;[32m200&amp#27;[39m &amp#27;[90m43 ms - 137&amp#27;[39m
&amp#27;[35m[HTTP]&amp#27;[39m &amp#27;[90m&amp#27;[39m
&amp#27;[35m[HTTP]&amp#27;[39m &amp#27;[37m-->&amp#27;[39m &amp#27;[37mGET&amp#27;[39m &amp#27;[37m/wd/hub/session/cf730178-8621-4bf8-b989-929b40bb36e0/element/562c7513-266e-4844-ad78-0e8d7e16a11c/enabled&amp#27;[39m
&amp#27;[35m[HTTP]&amp#27;[39m &amp#27;[90m{}&amp#27;[39m
[debug] &amp#27;[35m[W3C (cf730178)]&amp#27;[39m Calling AppiumDriver.elementEnabled() with args: ["562c7513-266e-4844-ad78-0e8d7e16a11c","cf730178-8621-4bf8-b989-929b40bb36e0"]
[debug] &amp#27;[35m[WD Proxy]&amp#27;[39m Matched '/element/562c7513-266e-4844-ad78-0e8d7e16a11c/attribute/enabled' to command name 'getAttribute'
[debug] &amp#27;[35m[WD Proxy]&amp#27;[39m Proxying [GET /element/562c7513-266e-4844-ad78-0e8d7e16a11c/attribute/enabled] to [GET http://127.0.0.1:8217/wd/hub/session/c5c3a627-67b1-4695-aa35-8adf780f0552/element/562c7513-266e-4844-ad78-0e8d7e16a11c/attribute/enabled] with no body
[debug] &amp#27;[35m[WD Proxy]&amp#27;[39m Got response with status 200: {"sessionId":"c5c3a627-67b1-4695-aa35-8adf780f0552","value":"true"}
[debug] &amp#27;[35m[W3C (cf730178)]&amp#27;[39m Responding to client with driver.elementEnabled() result: true
&amp#27;[35m[HTTP]&amp#27;[39m &amp#27;[37m<-- GET /wd/hub/session/cf730178-8621-4bf8-b989-929b40bb36e0/element/562c7513-266e-4844-ad78-0e8d7e16a11c/enabled &amp#27;[39m&amp#27;[32m200&amp#27;[39m &amp#27;[90m16 ms - 14&amp#27;[39m
&amp#27;[35m[HTTP]&amp#27;[39m &amp#27;[90m&amp#27;[39m
&amp#27;[35m[HTTP]&amp#27;[39m &amp#27;[37m-->&amp#27;[39m &amp#27;[37mPOST&amp#27;[39m &amp#27;[37m/wd/hub/session/cf730178-8621-4bf8-b989-929b40bb36e0/timeouts&amp#27;[39m
&amp#27;[35m[HTTP]&amp#27;[39m &amp#27;[90m{"implicit":10000}&amp#27;[39m
[debug] &amp#27;[35m[W3C (cf730178)]&amp#27;[39m Calling AppiumDriver.timeouts() with args: [null,null,null,null,10000,"cf730178-8621-4bf8-b989-929b40bb36e0"]
[debug] &amp#27;[35m[BaseDriver]&amp#27;[39m W3C timeout argument: {"implicit":10000}}
[debug] &amp#27;[35m[BaseDriver]&amp#27;[39m Set implicit wait to 10000ms
[debug] &amp#27;[35m[W3C (cf730178)]&amp#27;[39m Responding to client with driver.timeouts() result: null
&amp#27;[35m[HTTP]&amp#27;[39m &amp#27;[37m<-- POST /wd/hub/session/cf730178-8621-4bf8-b989-929b40bb36e0/timeouts &amp#27;[39m&amp#27;[32m200&amp#27;[39m &amp#27;[90m3 ms - 14&amp#27;[39m
&amp#27;[35m[HTTP]&amp#27;[39m &amp#27;[90m&amp#27;[39m
&amp#27;[35m[HTTP]&amp#27;[39m &amp#27;[37m-->&amp#27;[39m &amp#27;[37mGET&amp#27;[39m &amp#27;[37m/wd/hub/session/cf730178-8621-4bf8-b989-929b40bb36e0&amp#27;[39m
&amp#27;[35m[HTTP]&amp#27;[39m &amp#27;[90m{}&amp#27;[39m
[debug] &amp#27;[35m[W3C (cf730178)]&amp#27;[39m Calling AppiumDriver.getSession() with args: ["cf730178-8621-4bf8-b989-929b40bb36e0"]
[debug] &amp#27;[35m[UiAutomator2]&amp#27;[39m Getting session details from server to mix in
[debug] &amp#27;[35m[WD Proxy]&amp#27;[39m Matched '/' to command name 'getSession'
[debug] &amp#27;[35m[WD Proxy]&amp#27;[39m Proxying [GET /] to [GET http://127.0.0.1:8217/wd/hub/session/c5c3a627-67b1-4695-aa35-8adf780f0552] with no body
[debug] &amp#27;[35m[WD Proxy]&amp#27;[39m Got response with status 200: {"sessionId":"c5c3a627-67b1-4695-aa35-8adf780f0552","value":{"lastScrollData":null}}
[debug] &amp#27;[35m[W3C (cf730178)]&amp#27;[39m Responding to client with driver.getSession() result: {"platform":"LINUX","webStorageEnabled":false,"takesScreenshot":true,"javascriptEnabled":true,"databaseEnabled":false,"networkConnectionEnabled":true,"locationContextEnabled":false,"warnings":{},"desired":{"platformName":"android","app":"C:\\Users\\Anis\\eclipse-workspace\\Appium\\src\\ApiDemos-debug.apk","deviceName":"Redmi","newCommandTimeout":14},"platformName":"android","app":"C:\\Users\\Anis\\eclipse-workspace\\Appium\\src\\ApiDemos-debug.apk","deviceName":"55272e729804","newCommandTimeout":14,"deviceUDID":"55272e729804","appPackage":"io.appium.android.apis","deviceApiLevel":24,"platformVersion":"7.0","deviceScreenSize":"1080x1920","deviceScreenDensity":480,"deviceModel":"Redmi Note 4","deviceManufacturer":"Xiaomi","pixelRatio":3,"statBarHeight":72,"viewportRect":{"left":0,"top":72,"width":1080,"height":1848},"lastScrollData":null}
&amp#27;[35m[HTTP]&amp#27;[39m &amp#27;[37m<-- GET /wd/hub/session/cf730178-8621-4bf8-b989-929b40bb36e0 &amp#27;[39m&amp#27;[32m200&amp#27;[39m &amp#27;[90m11 ms - 858&amp#27;[39m
&amp#27;[35m[HTTP]&amp#27;[39m &amp#27;[90m&amp#27;[39m
&amp#27;[35m[HTTP]&amp#27;[39m &amp#27;[37m-->&amp#27;[39m &amp#27;[37mPOST&amp#27;[39m &amp#27;[37m/wd/hub/session/cf730178-8621-4bf8-b989-929b40bb36e0/element&amp#27;[39m
&amp#27;[35m[HTTP]&amp#27;[39m &amp#27;[90m{"using":"xpath","value":"//android.widget.TextView[@content-desc=\"Rotating Button\"]"}&amp#27;[39m
[debug] &amp#27;[35m[W3C (cf730178)]&amp#27;[39m Calling AppiumDriver.findElement() with args: ["xpath","//android.widget.TextView[@content-desc=\"Rotating Button\"]","cf730178-8621-4bf8-b989-929b40bb36e0"]
[debug] &amp#27;[35m[BaseDriver]&amp#27;[39m Valid locator strategies for this request: xpath, id, class name, accessibility id, css selector, -android uiautomator
[debug] &amp#27;[35m[BaseDriver]&amp#27;[39m Waiting up to 10000 ms for condition
[debug] &amp#27;[35m[WD Proxy]&amp#27;[39m Matched '/element' to command name 'findElement'
[debug] &amp#27;[35m[WD Proxy]&amp#27;[39m Proxying [POST /element] to [POST http://127.0.0.1:8217/wd/hub/session/c5c3a627-67b1-4695-aa35-8adf780f0552/element] with body: {"strategy":"xpath","selector":"//android.widget.TextView[@content-desc=\"Rotating Button\"]","context":"","multiple":false}
[debug] &amp#27;[35m[WD Proxy]&amp#27;[39m Got response with status 200: {"sessionId":"c5c3a627-67b1-4695-aa35-8adf780f0552","value":{"ELEMENT":"73442267-57df-457e-98f3-a7232e993e8c","element-6066-11e4-a52e-4f735466cecf":"73442267-57df-457e-98f3-a7232e993e8c"}}
[debug] &amp#27;[35m[W3C (cf730178)]&amp#27;[39m Responding to client with driver.findElement() result: {"element-6066-11e4-a52e-4f735466cecf":"73442267-57df-457e-98f3-a7232e993e8c","ELEMENT":"73442267-57df-457e-98f3-a7232e993e8c"}
&amp#27;[35m[HTTP]&amp#27;[39m &amp#27;[37m<-- POST /wd/hub/session/cf730178-8621-4bf8-b989-929b40bb36e0/element &amp#27;[39m&amp#27;[32m200&amp#27;[39m &amp#27;[90m42 ms - 137&amp#27;[39m
&amp#27;[35m[HTTP]&amp#27;[39m &amp#27;[90m&amp#27;[39m
&amp#27;[35m[HTTP]&amp#27;[39m &amp#27;[37m-->&amp#27;[39m &amp#27;[37mPOST&amp#27;[39m &amp#27;[37m/wd/hub/session/cf730178-8621-4bf8-b989-929b40bb36e0/element/73442267-57df-457e-98f3-a7232e993e8c/click&amp#27;[39m
&amp#27;[35m[HTTP]&amp#27;[39m &amp#27;[90m{"id":"73442267-57df-457e-98f3-a7232e993e8c"}&amp#27;[39m
[debug] &amp#27;[35m[W3C (cf730178)]&amp#27;[39m Calling AppiumDriver.click() with args: ["73442267-57df-457e-98f3-a7232e993e8c","cf730178-8621-4bf8-b989-929b40bb36e0"]
[debug] &amp#27;[35m[WD Proxy]&amp#27;[39m Matched '/element/73442267-57df-457e-98f3-a7232e993e8c/click' to command name 'click'
[debug] &amp#27;[35m[WD Proxy]&amp#27;[39m Proxying [POST /element/73442267-57df-457e-98f3-a7232e993e8c/click] to [POST http://127.0.0.1:8217/wd/hub/session/c5c3a627-67b1-4695-aa35-8adf780f0552/element/73442267-57df-457e-98f3-a7232e993e8c/click] with body: {"element":"73442267-57df-457e-98f3-a7232e993e8c"}
[debug] &amp#27;[35m[WD Proxy]&amp#27;[39m Got response with status 200: {"sessionId":"c5c3a627-67b1-4695-aa35-8adf780f0552","value":null}
[debug] &amp#27;[35m[W3C (cf730178)]&amp#27;[39m Responding to client with driver.click() result: null
&amp#27;[35m[HTTP]&amp#27;[39m &amp#27;[37m<-- POST /wd/hub/session/cf730178-8621-4bf8-b989-929b40bb36e0/element/73442267-57df-45[INFO ] 2021-06-18 15:59:07.820 [main] ExplicitWait - Waiting for element to be visible: Located by By.chained({By.id: io.appium.android.apis:id/translationX})
7e-98f3-a7232e993e8c/click &amp#27;[39m&amp#27;[32m200&amp#27;[39m &amp#27;[90m1323 ms - 14&amp#27;[39m
&amp#27;[35m[HTTP]&amp#27;[39m &amp#27;[90m&amp#27;[39m
[INFO ] 2021-06-18 15:59:07.821 [main] ExplicitWait - Waiting for element to be visible: Located by By.chained({By.id: io.appium.android.apis:id/translationX})
&amp#27;[35m[HTTP]&amp#27;[39m &amp#27;[37m-->&amp#27;[39m &amp#27;[37mPOST&amp#27;[39m &amp#27;[37m/wd/hub/session/cf730178-8621-4bf8-b989-929b40bb36e0/timeouts&amp#27;[39m
&amp#27;[35m[HTTP]&amp#27;[39m &amp#27;[90m{"implicit":0}&amp#27;[39m
[debug] &amp#27;[35m[W3C (cf730178)]&amp#27;[39m Calling AppiumDriver.timeouts() with args: [null,null,null,null,0,"cf730178-8621-4bf8-b989-929b40bb36e0"]
[debug] &amp#27;[35m[BaseDriver]&amp#27;[39m W3C timeout argument: {"implicit":0}}
[debug] &amp#27;[35m[BaseDriver]&amp#27;[39m Set implicit wait to 0ms
[debug] &amp#27;[35m[W3C (cf730178)]&amp#27;[39m Responding to client with driver.timeouts() result: null
&amp#27;[35m[HTTP]&amp#27;[39m &amp#27;[37m<-- POST /wd/hub/session/cf730178-8621-4bf8-b989-929b40bb36e0/timeouts &amp#27;[39m&amp#27;[32m200&amp#27;[39m &amp#27;[90m3 ms - 14&amp#27;[39m
&amp#27;[35m[HTTP]&amp#27;[39m &amp#27;[90m&amp#27;[39m
&amp#27;[35m[HTTP]&amp#27;[39m &amp#27;[37m-->&amp#27;[39m &amp#27;[37mGET&amp#27;[39m &amp#27;[37m/wd/hub/session/cf730178-8621-4bf8-b989-929b40bb36e0&amp#27;[39m
&amp#27;[35m[HTTP]&amp#27;[39m &amp#27;[90m{}&amp#27;[39m
[debug] &amp#27;[35m[W3C (cf730178)]&amp#27;[39m Calling AppiumDriver.getSession() with args: ["cf730178-8621-4bf8-b989-929b40bb36e0"]
[debug] &amp#27;[35m[UiAutomator2]&amp#27;[39m Getting session details from server to mix in
[debug] &amp#27;[35m[WD Proxy]&amp#27;[39m Matched '/' to command name 'getSession'
[debug] &amp#27;[35m[WD Proxy]&amp#27;[39m Proxying [GET /] to [GET http://127.0.0.1:8217/wd/hub/session/c5c3a627-67b1-4695-aa35-8adf780f0552] with no body
[debug] &amp#27;[35m[WD Proxy]&amp#27;[39m Got response with status 200: {"sessionId":"c5c3a627-67b1-4695-aa35-8adf780f0552","value":{"lastScrollData":null}}
[debug] &amp#27;[35m[W3C (cf730178)]&amp#27;[39m Responding to client with driver.getSession() result: {"platform":"LINUX","webStorageEnabled":false,"takesScreenshot":true,"javascriptEnabled":true,"databaseEnabled":false,"networkConnectionEnabled":true,"locationContextEnabled":false,"warnings":{},"desired":{"platformName":"android","app":"C:\\Users\\Anis\\eclipse-workspace\\Appium\\src\\ApiDemos-debug.apk","deviceName":"Redmi","newCommandTimeout":14},"platformName":"android","app":"C:\\Users\\Anis\\eclipse-workspace\\Appium\\src\\ApiDemos-debug.apk","deviceName":"55272e729804","newCommandTimeout":14,"deviceUDID":"55272e729804","appPackage":"io.appium.android.apis","deviceApiLevel":24,"platformVersion":"7.0","deviceScreenSize":"1080x1920","deviceScreenDensity":480,"deviceModel":"Redmi Note 4","deviceManufacturer":"Xiaomi","pixelRatio":3,"statBarHeight":72,"viewportRect":{"left":0,"top":72,"width":1080,"height":1848},"lastScrollData":null}
&amp#27;[35m[HTTP]&amp#27;[39m &amp#27;[37m<-- GET /wd/hub/session/cf730178-8621-4bf8-b989-929b40bb36e0 &amp#27;[39m&amp#27;[32m200&amp#27;[39m &amp#27;[90m16 ms - 858&amp#27;[39m
&amp#27;[35m[HTTP]&amp#27;[39m &amp#27;[90m&amp#27;[39m
&amp#27;[35m[HTTP]&amp#27;[39m &amp#27;[37m-->&amp#27;[39m &amp#27;[37mPOST&amp#27;[39m &amp#27;[37m/wd/hub/session/cf730178-8621-4bf8-b989-929b40bb36e0/element&amp#27;[39m
&amp#27;[35m[HTTP]&amp#27;[39m &amp#27;[90m{"using":"id","value":"io.appium.android.apis:id/translationX"}&amp#27;[39m
[debug] &amp#27;[35m[W3C (cf730178)]&amp#27;[39m Calling AppiumDriver.findElement() with args: ["id","io.appium.android.apis:id/translationX","cf730178-8621-4bf8-b989-929b40bb36e0"]
[debug] &amp#27;[35m[BaseDriver]&amp#27;[39m Valid locator strategies for this request: xpath, id, class name, accessibility id, css selector, -android uiautomator
[debug] &amp#27;[35m[BaseDriver]&amp#27;[39m Waiting up to 0 ms for condition
[debug] &amp#27;[35m[WD Proxy]&amp#27;[39m Matched '/element' to command name 'findElement'
[debug] &amp#27;[35m[WD Proxy]&amp#27;[39m Proxying [POST /element] to [POST http://127.0.0.1:8217/wd/hub/session/c5c3a627-67b1-4695-aa35-8adf780f0552/element] with body: {"strategy":"id","selector":"io.appium.android.apis:id/translationX","context":"","multiple":false}
[debug] &amp#27;[35m[WD Proxy]&amp#27;[39m Got response with status 200: {"sessionId":"c5c3a627-67b1-4695-aa35-8adf780f0552","value":{"ELEMENT":"f5ff5863-6361-4461-87be-278a6d2fa7d2","element-6066-11e4-a52e-4f735466cecf":"f5ff5863-6361-4461-87be-278a6d2fa7d2"}}
[debug] &amp#27;[35m[W3C (cf730178)]&amp#27;[39m Responding to client with driver.findElement() result: {"element-6066-11e4-a52e-4f735466cecf":"f5ff5863-6361-4461-87be-278a6d2fa7d2","ELEMENT":"f5ff5863-6361-4461-87be-278a6d2fa7d2"}
&amp#27;[35m[HTTP]&amp#27;[39m &amp#27;[37m<-- POST /wd/hub/session/cf730178-8621-4bf8-b989-929b40bb36e0/element &amp#27;[39m&amp#27;[32m200&amp#27;[39m &amp#27;[90m67 ms - 137&amp#27;[39m
&amp#27;[35m[HTTP]&amp#27;[39m &amp#27;[90m&amp#27;[39m
&amp#27;[35m[HTTP]&amp#27;[39m &amp#27;[37m-->&amp#27;[39m &amp#27;[37mGET&amp#27;[39m &amp#27;[37m/wd/hub/session/cf730178-8621-4bf8-b989-929b40bb36e0/element/f5ff5863-6361-4461-87be-278a6d2fa7d2/displayed&amp#27;[39m
&amp#27;[35m[HTTP]&amp#27;[39m &amp#27;[90m{}&amp#27;[39m
[debug] &amp#27;[35m[W3C (cf730178)]&amp#27;[39m Calling AppiumDriver.elementDisplayed() with args: ["f5ff5863-6361-4461-87be-278a6d2fa7d2","cf730178-8621-4bf8-b989-929b40bb36e0"]
[debug] &amp#27;[35m[WD Proxy]&amp#27;[39m Matched '/element/f5ff5863-6361-4461-87be-278a6d2fa7d2/attribute/displayed' to command name 'getAttribute'
[debug] &amp#27;[35m[WD Proxy]&amp#27;[39m Proxying [GET /element/f5ff5863-6361-4461-87be-278a6d2fa7d2/attribute/displayed] to [GET http://127.0.0.1:8217/wd/hub/session/c5c3a627-67b1-4695-aa35-8adf780f0552/element/f5ff5863-6361-4461-87be-278a6d2fa7d2/attribute/displayed] with no body
[debug] &amp#27;[35m[WD Proxy]&amp#27;[39m Got response with status 200: {"sessionId":"c5c3a627-67b1-4695-aa35-8adf780f0552","value":"true"}
[debug] &amp#27;[35m[W3C (cf730178)]&amp#27;[39m Responding to client with driver.elementDisplayed() result: true
&amp#27;[35m[HTTP]&amp#27;[39m &amp#27;[37m<-- GET /wd/hub/session/cf730178-8621-4bf8-b989-929b40bb36e0/element/f5ff5863-6361-4461-87be-278a6d2fa7d2/displayed &amp#27;[39m&amp#27;[32m200&amp#27;[39m &amp#27;[90m20 ms - 14&amp#27;[39m
&amp#27;[35m[HTTP]&amp#27;[39m &amp#27;[90m&amp#27;[39m
&amp#27;[35m[HTTP]&amp#27;[39m &amp#27;[37m-->&amp#27;[39m &amp#27;[37mPOST&amp#27;[39m &amp#27;[37m/wd/hub/session/cf730178-8621-4bf8-b989-929b40bb36e0/timeouts&amp#27;[39m
&amp#27;[35m[HTTP]&amp#27;[39m &amp#27;[90m{"implicit":10000}&amp#27;[39m
[debug] &amp#27;[35m[W3C (cf730178)]&amp#27;[39m Calling AppiumDriver.timeouts() with args: [null,null,null,null,10000,"cf730178-8621-4bf8-b989-929b40bb36e0"]
[debug] &amp#27;[35m[BaseDriver]&amp#27;[39m W3C timeout argument: {"implicit":10000}}
[debug] &amp#27;[35m[BaseDriver]&amp#27;[39m Set implicit wait to 10000ms
[debug] &amp#27;[35m[W3C (cf730178)]&amp#27;[39m Responding to client with driver.timeouts() result: null
[INFO ] 2021-06-18 15:59:07.958 [main] ViewsPage - Clicks The TX Bar
&amp#27;[35m[HTTP]&amp#27;[39m &amp#27;[37m<-- POST /wd/hub/session/cf730178-8621-4bf8-b989-929b40bb36e0/timeouts &amp#27;[39m&amp#27;[32m200&amp#27;[39m &amp#27;[90m3 ms - 14&amp#27;[39m
&amp#27;[35m[HTTP]&amp#27;[39m &amp#27;[90m&amp#27;[39m
&amp#27;[35m[HTTP]&amp#27;[39m &amp#27;[37m-->&amp#27;[39m &amp#27;[37mGET&amp#27;[39m &amp#27;[37m/wd/hub/session/cf730178-8621-4bf8-b989-929b40bb36e0&amp#27;[39m
&amp#27;[35m[HTTP]&amp#27;[39m &amp#27;[90m{}&amp#27;[39m
[debug] &amp#27;[35m[W3C (cf730178)]&amp#27;[39m Calling AppiumDriver.getSession() with args: ["cf730178-8621-4bf8-b989-929b40bb36e0"]
[debug] &amp#27;[35m[UiAutomator2]&amp#27;[39m Getting session details from server to mix in
[debug] &amp#27;[35m[WD Proxy]&amp#27;[39m Matched '/' to command name 'getSession'
[debug] &amp#27;[35m[WD Proxy]&amp#27;[39m Proxying [GET /] to [GET http://127.0.0.1:8217/wd/hub/session/c5c3a627-67b1-4695-aa35-8adf780f0552] with no body
[debug] &amp#27;[35m[WD Proxy]&amp#27;[39m Got response with status 200: {"sessionId":"c5c3a627-67b1-4695-aa35-8adf780f0552","value":{"lastScrollData":null}}
[debug] &amp#27;[35m[W3C (cf730178)]&amp#27;[39m Responding to client with driver.getSession() result: {"platform":"LINUX","webStorageEnabled":false,"takesScreenshot":true,"javascriptEnabled":true,"databaseEnabled":false,"networkConnectionEnabled":true,"locationContextEnabled":false,"warnings":{},"desired":{"platformName":"android","app":"C:\\Users\\Anis\\eclipse-workspace\\Appium\\src\\ApiDemos-debug.apk","deviceName":"Redmi","newCommandTimeout":14},"platformName":"android","app":"C:\\Users\\Anis\\eclipse-workspace\\Appium\\src\\ApiDemos-debug.apk","deviceName":"55272e729804","newCommandTimeout":14,"deviceUDID":"55272e729804","appPackage":"io.appium.android.apis","deviceApiLevel":24,"platformVersion":"7.0","deviceScreenSize":"1080x1920","deviceScreenDensity":480,"deviceModel":"Redmi Note 4","deviceManufacturer":"Xiaomi","pixelRatio":3,"statBarHeight":72,"viewportRect":{"left":0,"top":72,"width":1080,"height":1848},"lastScrollData":null}
&amp#27;[35m[HTTP]&amp#27;[39m &amp#27;[37m<-- GET /wd/hub/session/cf730178-8621-4bf8-b989-929b40bb36e0 &amp#27;[39m&amp#27;[32m200&amp#27;[39m &amp#27;[90m11 ms - 858&amp#27;[39m
&amp#27;[35m[HTTP]&amp#27;[39m &amp#27;[90m&amp#27;[39m
&amp#27;[35m[HTTP]&amp#27;[39m &amp#27;[37m-->&amp#27;[39m &amp#27;[37mGET&amp#27;[39m &amp#27;[37m/wd/hub/session/cf730178-8621-4bf8-b989-929b40bb36e0&amp#27;[39m
&amp#27;[35m[HTTP]&amp#27;[39m &amp#27;[90m{}&amp#27;[39m
[debug] &amp#27;[35m[W3C (cf730178)]&amp#27;[39m Calling AppiumDriver.getSession() with args: ["cf730178-8621-4bf8-b989-929b40bb36e0"]
[debug] &amp#27;[35m[UiAutomator2]&amp#27;[39m Getting session details from server to mix in
[debug] &amp#27;[35m[WD Proxy]&amp#27;[39m Matched '/' to command name 'getSession'
[debug] &amp#27;[35m[WD Proxy]&amp#27;[39m Proxying [GET /] to [GET http://127.0.0.1:8217/wd/hub/session/c5c3a627-67b1-4695-aa35-8adf780f0552] with no body
[debug] &amp#27;[35m[WD Proxy]&amp#27;[39m Got response with status 200: {"sessionId":"c5c3a627-67b1-4695-aa35-8adf780f0552","value":{"lastScrollData":null}}
[debug] &amp#27;[35m[W3C (cf730178)]&amp#27;[39m Responding to client with driver.getSession() result: {"platform":"LINUX","webStorageEnabled":false,"takesScreenshot":true,"javascriptEnabled":true,"databaseEnabled":false,"networkConnectionEnabled":true,"locationContextEnabled":false,"warnings":{},"desired":{"platformName":"android","app":"C:\\Users\\Anis\\eclipse-workspace\\Appium\\src\\ApiDemos-debug.apk","deviceName":"Redmi","newCommandTimeout":14},"platformName":"android","app":"C:\\Users\\Anis\\eclipse-workspace\\Appium\\src\\ApiDemos-debug.apk","deviceName":"55272e729804","newCommandTimeout":14,"deviceUDID":"55272e729804","appPackage":"io.appium.android.apis","deviceApiLevel":24,"platformVersion":"7.0","deviceScreenSize":"1080x1920","deviceScreenDensity":480,"deviceModel":"Redmi Note 4","deviceManufacturer":"Xiaomi","pixelRatio":3,"statBarHeight":72,"viewportRect":{"left":0,"top":72,"width":1080,"height":1848},"lastScrollData":null}
&amp#27;[35m[HTTP]&amp#27;[39m &amp#27;[37m<-- GET /wd/hub/session/cf730178-8621-4bf8-b989-929b40bb36e0 &amp#27;[39m&amp#27;[32m200&amp#27;[39m &amp#27;[90m11 ms - 858&amp#27;[39m
&amp#27;[35m[HTTP]&amp#27;[39m &amp#27;[90m&amp#27;[39m
&amp#27;[35m[HTTP]&amp#27;[39m &amp#27;[37m-->&amp#27;[39m &amp#27;[37mGET&amp#27;[39m &amp#27;[37m/wd/hub/session/cf730178-8621-4bf8-b989-929b40bb36e0&amp#27;[39m
&amp#27;[35m[HTTP]&amp#27;[39m &amp#27;[90m{}&amp#27;[39m
[debug] &amp#27;[35m[W3C (cf730178)]&amp#27;[39m Calling AppiumDriver.getSession() with args: ["cf730178-8621-4bf8-b989-929b40bb36e0"]
[debug] &amp#27;[35m[UiAutomator2]&amp#27;[39m Getting session details from server to mix in
[debug] &amp#27;[35m[WD Proxy]&amp#27;[39m Matched '/' to command name 'getSession'
[debug] &amp#27;[35m[WD Proxy]&amp#27;[39m Proxying [GET /] to [GET http://127.0.0.1:8217/wd/hub/session/c5c3a627-67b1-4695-aa35-8adf780f0552] with no body
[debug] &amp#27;[35m[WD Proxy]&amp#27;[39m Got response with status 200: {"sessionId":"c5c3a627-67b1-4695-aa35-8adf780f0552","value":{"lastScrollData":null}}
[debug] &amp#27;[35m[W3C (cf730178)]&amp#27;[39m Responding to client with driver.getSession() result: {"platform":"LINUX","webStorageEnabled":false,"takesScreenshot":true,"javascriptEnabled":true,"databaseEnabled":false,"networkConnectionEnabled":true,"locationContextEnabled":false,"warnings":{},"desired":{"platformName":"android","app":"C:\\Users\\Anis\\eclipse-workspace\\Appium\\src\\ApiDemos-debug.apk","deviceName":"Redmi","newCommandTimeout":14},"platformName":"android","app":"C:\\Users\\Anis\\eclipse-workspace\\Appium\\src\\ApiDemos-debug.apk","deviceName":"55272e729804","newCommandTimeout":14,"deviceUDID":"55272e729804","appPackage":"io.appium.android.apis","deviceApiLevel":24,"platformVersion":"7.0","deviceScreenSize":"1080x1920","deviceScreenDensity":480,"deviceModel":"Redmi Note 4","deviceManufacturer":"Xiaomi","pixelRatio":3,"statBarHeight":72,"viewportRect":{"left":0,"top":72,"width":1080,"height":1848},"lastScrollData":null}
&amp#27;[35m[HTTP]&amp#27;[39m &amp#27;[37m<-- GET /wd/hub/session/cf730178-8621-4bf8-b989-929b40bb36e0 &amp#27;[39m&amp#27;[32m200&amp#27;[39m &amp#27;[90m10 ms - 858&amp#27;[39m
&amp#27;[35m[HTTP]&amp#27;[39m &amp#27;[90m&amp#27;[39m
&amp#27;[35m[HTTP]&amp#27;[39m &amp#27;[37m-->&amp#27;[39m &amp#27;[37mPOST&amp#27;[39m &amp#27;[37m/wd/hub/session/cf730178-8621-4bf8-b989-929b40bb36e0/element&amp#27;[39m
&amp#27;[35m[HTTP]&amp#27;[39m &amp#27;[90m{"using":"id","value":"io.appium.android.apis:id/translationX"}&amp#27;[39m
[debug] &amp#27;[35m[W3C (cf730178)]&amp#27;[39m Calling AppiumDriver.findElement() with args: ["id","io.appium.android.apis:id/translationX","cf730178-8621-4bf8-b989-929b40bb36e0"]
[debug] &amp#27;[35m[BaseDriver]&amp#27;[39m Valid locator strategies for this request: xpath, id, class name, accessibility id, css selector, -android uiautomator
[debug] &amp#27;[35m[BaseDriver]&amp#27;[39m Waiting up to 10000 ms for condition
[debug] &amp#27;[35m[WD Proxy]&amp#27;[39m Matched '/element' to command name 'findElement'
[debug] &amp#27;[35m[WD Proxy]&amp#27;[39m Proxying [POST /element] to [POST http://127.0.0.1:8217/wd/hub/session/c5c3a627-67b1-4695-aa35-8adf780f0552/element] with body: {"strategy":"id","selector":"io.appium.android.apis:id/translationX","context":"","multiple":false}
[debug] &amp#27;[35m[WD Proxy]&amp#27;[39m Got response with status 200: {"sessionId":"c5c3a627-67b1-4695-aa35-8adf780f0552","value":{"ELEMENT":"7a618bc3-d757-4f4d-9a7b-b3a6102d7e72","element-6066-11e4-a52e-4f735466cecf":"7a618bc3-d757-4f4d-9a7b-b3a6102d7e72"}}
[debug] &amp#27;[35m[W3C (cf730178)]&amp#27;[39m Responding to client with driver.findElement() result: {"element-6066-11e4-a52e-4f735466cecf":"7a618bc3-d757-4f4d-9a7b-b3a6102d7e72","ELEMENT":"7a618bc3-d757-4f4d-9a7b-b3a6102d7e72"}
&amp#27;[35m[HTTP]&amp#27;[39m &amp#27;[37m<-- POST /wd/hub/session/cf730178-8621-4bf8-b989-929b40bb36e0/element &amp#27;[39m&amp#27;[32m200&amp#27;[39m &amp#27;[90m24 ms - 137&amp#27;[39m
&amp#27;[35m[HTTP]&amp#27;[39m &amp#27;[90m&amp#27;[39m
&amp#27;[35m[HTTP]&amp#27;[39m &amp#27;[37m-->&amp#27;[39m &amp#27;[37mGET&amp#27;[39m &amp#27;[37m/wd/hub/session/cf730178-8621-4bf8-b989-929b40bb36e0&amp#27;[39m
&amp#27;[35m[HTTP]&amp#27;[39m &amp#27;[90m{}&amp#27;[39m
[debug] &amp#27;[35m[W3C (cf730178)]&amp#27;[39m Calling AppiumDriver.getSession() with args: ["cf730178-8621-4bf8-b989-929b40bb36e0"]
[debug] &amp#27;[35m[UiAutomator2]&amp#27;[39m Getting session details from server to mix in
[debug] &amp#27;[35m[WD Proxy]&amp#27;[39m Matched '/' to command name 'getSession'
[debug] &amp#27;[35m[WD Proxy]&amp#27;[39m Proxying [GET /] to [GET http://127.0.0.1:8217/wd/hub/session/c5c3a627-67b1-4695-aa35-8adf780f0552] with no body
[debug] &amp#27;[35m[WD Proxy]&amp#27;[39m Got response with status 200: {"sessionId":"c5c3a627-67b1-4695-aa35-8adf780f0552","value":{"lastScrollData":null}}
[debug] &amp#27;[35m[W3C (cf730178)]&amp#27;[39m Responding to client with driver.getSession() result: {"platform":"LINUX","webStorageEnabled":false,"takesScreenshot":true,"javascriptEnabled":true,"databaseEnabled":false,"networkConnectionEnabled":true,"locationContextEnabled":false,"warnings":{},"desired":{"platformName":"android","app":"C:\\Users\\Anis\\eclipse-workspace\\Appium\\src\\ApiDemos-debug.apk","deviceName":"Redmi","newCommandTimeout":14},"platformName":"android","app":"C:\\Users\\Anis\\eclipse-workspace\\Appium\\src\\ApiDemos-debug.apk","deviceName":"55272e729804","newCommandTimeout":14,"deviceUDID":"55272e729804","appPackage":"io.appium.android.apis","deviceApiLevel":24,"platformVersion":"7.0","deviceScreenSize":"1080x1920","deviceScreenDensity":480,"deviceModel":"Redmi Note 4","deviceManufacturer":"Xiaomi","pixelRatio":3,"statBarHeight":72,"viewportRect":{"left":0,"top":72,"width":1080,"height":1848},"lastScrollData":null}
&amp#27;[35m[HTTP]&amp#27;[39m &amp#27;[37m<-- GET /wd/hub/session/cf730178-8621-4bf8-b989-929b40bb36e0 &amp#27;[39m&amp#27;[32m200&amp#27;[39m &amp#27;[90m11 ms - 858&amp#27;[39m
&amp#27;[35m[HTTP]&amp#27;[39m &amp#27;[90m&amp#27;[39m
&amp#27;[35m[HTTP]&amp#27;[39m &amp#27;[37m-->&amp#27;[39m &amp#27;[37mPOST&amp#27;[39m &amp#27;[37m/wd/hub/session/cf730178-8621-4bf8-b989-929b40bb36e0/element&amp#27;[39m
&amp#27;[35m[HTTP]&amp#27;[39m &amp#27;[90m{"using":"id","value":"io.appium.android.apis:id/translationX"}&amp#27;[39m
[debug] &amp#27;[35m[W3C (cf730178)]&amp#27;[39m Calling AppiumDriver.findElement() with args: ["id","io.appium.android.apis:id/translationX","cf730178-8621-4bf8-b989-929b40bb36e0"]
[debug] &amp#27;[35m[BaseDriver]&amp#27;[39m Valid locator strategies for this request: xpath, id, class name, accessibility id, css selector, -android uiautomator
[debug] &amp#27;[35m[BaseDriver]&amp#27;[39m Waiting up to 10000 ms for condition
[debug] &amp#27;[35m[WD Proxy]&amp#27;[39m Matched '/element' to command name 'findElement'
[debug] &amp#27;[35m[WD Proxy]&amp#27;[39m Proxying [POST /element] to [POST http://127.0.0.1:8217/wd/hub/session/c5c3a627-67b1-4695-aa35-8adf780f0552/element] with body: {"strategy":"id","selector":"io.appium.android.apis:id/translationX","context":"","multiple":false}
[debug] &amp#27;[35m[WD Proxy]&amp#27;[39m Got response with status 200: {"sessionId":"c5c3a627-67b1-4695-aa35-8adf780f0552","value":{"ELEMENT":"0b11a45f-5edd-4bb5-b805-8c1a4cdc4f07","element-6066-11e4-a52e-4f735466cecf":"0b11a45f-5edd-4bb5-b805-8c1a4cdc4f07"}}
[debug] &amp#27;[35m[W3C (cf730178)]&amp#27;[39m Responding to client with driver.findElement() result: {"element-6066-11e4-a52e-4f735466cecf":"0b11a45f-5edd-4bb5-b805-8c1a4cdc4f07","ELEMENT":"0b11a45f-5edd-4bb5-b805-8c1a4cdc4f07"}
&amp#27;[35m[HTTP]&amp#27;[39m &amp#27;[37m<-- POST /wd/hub/session/cf730178-8621-4bf8-b989-929b40bb36e0/element &amp#27;[39m&amp#27;[32m200&amp#27;[39m &amp#27;[90m22 ms - 137&amp#27;[39m
&amp#27;[35m[HTTP]&amp#27;[39m &amp#27;[90m&amp#27;[39m
&amp#27;[35m[HTTP]&amp#27;[39m &amp#27;[37m-->&amp#27;[39m &amp#27;[37mPOST&amp#27;[39m &amp#27;[37m/wd/hub/session/cf730178-8621-4bf8-b989-929b40bb36e0/touch/perform&amp#27;[39m
&amp#27;[35m[HTTP]&amp#27;[39m &amp#27;[90m{"actions":[{"action":"longPress","options":{"element":"7a618bc3-d757-4f4d-9a7b-b3a6102d7e72"}},{"action":"moveTo","options":{"x":250,"y":250,"element":"0b11a45f-5edd-4bb5-b805-8c1a4cdc4f07"}},{"action":"release","options":{}}]}&amp#27;[39m
[debug] &amp#27;[35m[W3C (cf730178)]&amp#27;[39m Calling AppiumDriver.performTouch() with args: [[{"action":"longPress","options":{"element":"7a618bc3-d757-4f4d-9a7b-b3a6102d7e72"}},{"action":"moveTo","options":{"x":250,"y":250,"element":"0b11a45f-5edd-4bb5-b805-8c1a4cdc4f07"}},{"action":"release","options":{}}],"cf730178-8621-4bf8-b989-929b40bb36e0"]
&amp#27;[35m[UiAutomator2]&amp#27;[39m calling get location: 7a618bc3-d757-4f4d-9a7b-b3a6102d7e72
[debug] &amp#27;[35m[WD Proxy]&amp#27;[39m Matched '/element/7a618bc3-d757-4f4d-9a7b-b3a6102d7e72/location' to command name 'getLocation'
[debug] &amp#27;[35m[WD Proxy]&amp#27;[39m Proxying [GET /element/7a618bc3-d757-4f4d-9a7b-b3a6102d7e72/location] to [GET http://127.0.0.1:8217/wd/hub/session/c5c3a627-67b1-4695-aa35-8adf780f0552/element/7a618bc3-d757-4f4d-9a7b-b3a6102d7e72/location] with no body
[debug] &amp#27;[35m[WD Proxy]&amp#27;[39m Got response with status 200: {"sessionId":"c5c3a627-67b1-4695-aa35-8adf780f0552","value":{"x":83,"y":300}}
&amp#27;[35m[UiAutomator2]&amp#27;[39m calling get location: 0b11a45f-5edd-4bb5-b805-8c1a4cdc4f07
[debug] &amp#27;[35m[WD Proxy]&amp#27;[39m Matched '/element/0b11a45f-5edd-4bb5-b805-8c1a4cdc4f07/location' to command name 'getLocation'
[debug] &amp#27;[35m[WD Proxy]&amp#27;[39m Proxying [GET /element/0b11a45f-5edd-4bb5-b805-8c1a4cdc4f07/location] to [GET http://127.0.0.1:8217/wd/hub/session/c5c3a627-67b1-4695-aa35-8adf780f0552/element/0b11a45f-5edd-4bb5-b805-8c1a4cdc4f07/location] with no body
[debug] &amp#27;[35m[WD Proxy]&amp#27;[39m Got response with status 200: {"sessionId":"c5c3a627-67b1-4695-aa35-8adf780f0552","value":{"x":83,"y":300}}
[debug] &amp#27;[35m[WD Proxy]&amp#27;[39m Proxying [POST /touch/drag] to [POST http://127.0.0.1:8217/wd/hub/session/c5c3a627-67b1-4695-aa35-8adf780f0552/touch/drag] with body: {"elementId":"7a618bc3-d757-4f4d-9a7b-b3a6102d7e72","destElId":"0b11a45f-5edd-4bb5-b805-8c1a4cdc4f07","startX":83,"startY":300,"endX":333,"endY":550,"steps":80}
[debug] &amp#27;[35m[WD Proxy]&amp#27;[39m Got response with status 200: {"sessionId":"c5c3a627-67b1-4695-aa35-8adf780f0552","value":null}
[debug] &amp#27;[35m[W3C (cf730178)]&amp#27;[39m Responding to client with driver.performTouch() result: null
&amp#27;[35m[HTTP]&amp#27;[39m &amp#27;[37m<-- POST /wd/hub/session/cf730178-8621-4bf8-b989-929b40bb36e0/touch/perform &amp#27;[39m&amp#27;[32m200&amp#27;[39m &amp#27;[90m579 ms - 14&amp#27;[39m
[INFO ] 2021-06-18 15:59:08.675 [main] ExplicitWait - Waiting for element to be visible: Located by By.chained({By.id: io.appium.android.apis:id/scaleY})
&amp#27;[35m[HTTP]&amp#27;[39m &amp#27;[90m&amp#27;[39m
[INFO ] 2021-06-18 15:59:08.676 [main] ExplicitWait - Waiting for element to be visible: Located by By.chained({By.id: io.appium.android.apis:id/scaleY})
&amp#27;[35m[HTTP]&amp#27;[39m &amp#27;[37m-->&amp#27;[39m &amp#27;[37mPOST&amp#27;[39m &amp#27;[37m/wd/hub/session/cf730178-8621-4bf8-b989-929b40bb36e0/timeouts&amp#27;[39m
&amp#27;[35m[HTTP]&amp#27;[39m &amp#27;[90m{"implicit":0}&amp#27;[39m
[debug] &amp#27;[35m[W3C (cf730178)]&amp#27;[39m Calling AppiumDriver.timeouts() with args: [null,null,null,null,0,"cf730178-8621-4bf8-b989-929b40bb36e0"]
[debug] &amp#27;[35m[BaseDriver]&amp#27;[39m W3C timeout argument: {"implicit":0}}
[debug] &amp#27;[35m[BaseDriver]&amp#27;[39m Set implicit wait to 0ms
[debug] &amp#27;[35m[W3C (cf730178)]&amp#27;[39m Responding to client with driver.timeouts() result: null
&amp#27;[35m[HTTP]&amp#27;[39m &amp#27;[37m<-- POST /wd/hub/session/cf730178-8621-4bf8-b989-929b40bb36e0/timeouts &amp#27;[39m&amp#27;[32m200&amp#27;[39m &amp#27;[90m8 ms - 14&amp#27;[39m
&amp#27;[35m[HTTP]&amp#27;[39m &amp#27;[90m&amp#27;[39m
&amp#27;[35m[HTTP]&amp#27;[39m &amp#27;[37m-->&amp#27;[39m &amp#27;[37mGET&amp#27;[39m &amp#27;[37m/wd/hub/session/cf730178-8621-4bf8-b989-929b40bb36e0&amp#27;[39m
&amp#27;[35m[HTTP]&amp#27;[39m &amp#27;[90m{}&amp#27;[39m
[debug] &amp#27;[35m[W3C (cf730178)]&amp#27;[39m Calling AppiumDriver.getSession() with args: ["cf730178-8621-4bf8-b989-929b40bb36e0"]
[debug] &amp#27;[35m[UiAutomator2]&amp#27;[39m Getting session details from server to mix in
[debug] &amp#27;[35m[WD Proxy]&amp#27;[39m Matched '/' to command name 'getSession'
[debug] &amp#27;[35m[WD Proxy]&amp#27;[39m Proxying [GET /] to [GET http://127.0.0.1:8217/wd/hub/session/c5c3a627-67b1-4695-aa35-8adf780f0552] with no body
[debug] &amp#27;[35m[WD Proxy]&amp#27;[39m Got response with status 200: {"sessionId":"c5c3a627-67b1-4695-aa35-8adf780f0552","value":{"lastScrollData":null}}
[debug] &amp#27;[35m[W3C (cf730178)]&amp#27;[39m Responding to client with driver.getSession() result: {"platform":"LINUX","webStorageEnabled":false,"takesScreenshot":true,"javascriptEnabled":true,"databaseEnabled":false,"networkConnectionEnabled":true,"locationContextEnabled":false,"warnings":{},"desired":{"platformName":"android","app":"C:\\Users\\Anis\\eclipse-workspace\\Appium\\src\\ApiDemos-debug.apk","deviceName":"Redmi","newCommandTimeout":14},"platformName":"android","app":"C:\\Users\\Anis\\eclipse-workspace\\Appium\\src\\ApiDemos-debug.apk","deviceName":"55272e729804","newCommandTimeout":14,"deviceUDID":"55272e729804","appPackage":"io.appium.android.apis","deviceApiLevel":24,"platformVersion":"7.0","deviceScreenSize":"1080x1920","deviceScreenDensity":480,"deviceModel":"Redmi Note 4","deviceManufacturer":"Xiaomi","pixelRatio":3,"statBarHeight":72,"viewportRect":{"left":0,"top":72,"width":1080,"height":1848},"lastScrollData":null}
&amp#27;[35m[HTTP]&amp#27;[39m &amp#27;[37m<-- GET /wd/hub/session/cf730178-8621-4bf8-b989-929b40bb36e0 &amp#27;[39m&amp#27;[32m200&amp#27;[39m &amp#27;[90m13 ms - 858&amp#27;[39m
&amp#27;[35m[HTTP]&amp#27;[39m &amp#27;[90m&amp#27;[39m
&amp#27;[35m[HTTP]&amp#27;[39m &amp#27;[37m-->&amp#27;[39m &amp#27;[37mPOST&amp#27;[39m &amp#27;[37m/wd/hub/session/cf730178-8621-4bf8-b989-929b40bb36e0/element&amp#27;[39m
&amp#27;[35m[HTTP]&amp#27;[39m &amp#27;[90m{"using":"id","value":"io.appium.android.apis:id/scaleY"}&amp#27;[39m
[debug] &amp#27;[35m[W3C (cf730178)]&amp#27;[39m Calling AppiumDriver.findElement() with args: ["id","io.appium.android.apis:id/scaleY","cf730178-8621-4bf8-b989-929b40bb36e0"]
[debug] &amp#27;[35m[BaseDriver]&amp#27;[39m Valid locator strategies for this request: xpath, id, class name, accessibility id, css selector, -android uiautomator
[debug] &amp#27;[35m[BaseDriver]&amp#27;[39m Waiting up to 0 ms for condition
[debug] &amp#27;[35m[WD Proxy]&amp#27;[39m Matched '/element' to command name 'findElement'
[debug] &amp#27;[35m[WD Proxy]&amp#27;[39m Proxying [POST /element] to [POST http://127.0.0.1:8217/wd/hub/session/c5c3a627-67b1-4695-aa35-8adf780f0552/element] with body: {"strategy":"id","selector":"io.appium.android.apis:id/scaleY","context":"","multiple":false}
[debug] &amp#27;[35m[WD Proxy]&amp#27;[39m Got response with status 200: {"sessionId":"c5c3a627-67b1-4695-aa35-8adf780f0552","value":{"ELEMENT":"2ba9600d-e435-4786-8b61-ff1059393c65","element-6066-11e4-a52e-4f735466cecf":"2ba9600d-e435-4786-8b61-ff1059393c65"}}
[debug] &amp#27;[35m[W3C (cf730178)]&amp#27;[39m Responding to client with driver.findElement() result: {"element-6066-11e4-a52e-4f735466cecf":"2ba9600d-e435-4786-8b61-ff1059393c65","ELEMENT":"2ba9600d-e435-4786-8b61-ff1059393c65"}
&amp#27;[35m[HTTP]&amp#27;[39m &amp#27;[37m<-- POST /wd/hub/session/cf730178-8621-4bf8-b989-929b40bb36e0/element &amp#27;[39m&amp#27;[32m200&amp#27;[39m &amp#27;[90m400 ms - 137&amp#27;[39m
&amp#27;[35m[HTTP]&amp#27;[39m &amp#27;[90m&amp#27;[39m
&amp#27;[35m[HTTP]&amp#27;[39m &amp#27;[37m-->&amp#27;[39m &amp#27;[37mGET&amp#27;[39m &amp#27;[37m/wd/hub/session/cf730178-8621-4bf8-b989-929b40bb36e0/element/2ba9600d-e435-4786-8b61-ff1059393c65/displayed&amp#27;[39m
&amp#27;[35m[HTTP]&amp#27;[39m &amp#27;[90m{}&amp#27;[39m
[debug] &amp#27;[35m[W3C (cf730178)]&amp#27;[39m Calling AppiumDriver.elementDisplayed() with args: ["2ba9600d-e435-4786-8b61-ff1059393c65","cf730178-8621-4bf8-b989-929b40bb36e0"]
[debug] &amp#27;[35m[WD Proxy]&amp#27;[39m Matched '/element/2ba9600d-e435-4786-8b61-ff1059393c65/attribute/displayed' to command name 'getAttribute'
[debug] &amp#27;[35m[WD Proxy]&amp#27;[39m Proxying [GET /element/2ba9600d-e435-4786-8b61-ff1059393c65/attribute/displayed] to [GET http://127.0.0.1:8217/wd/hub/session/c5c3a627-67b1-4695-aa35-8adf780f0552/element/2ba9600d-e435-4786-8b61-ff1059393c65/attribute/displayed] with no body
[debug] &amp#27;[35m[WD Proxy]&amp#27;[39m Got response with status 200: {"sessionId":"c5c3a627-67b1-4695-aa35-8adf780f0552","value":"true"}
[debug] &amp#27;[35m[W3C (cf730178)]&amp#27;[39m Responding to client with driver.elementDisplayed() result: true
&amp#27;[35m[HTTP]&amp#27;[39m &amp#27;[37m<-- GET /wd/hub/session/cf730178-8621-4bf8-b989-929b40bb36e0/element/2ba9600d-e435-4786-8b61-ff1059393c65/displayed &amp#27;[39m&amp#27;[32m200&amp#27;[39m &amp#27;[90m22 ms - 14&amp#27;[39m
&amp#27;[35m[HTTP]&amp#27;[39m &amp#27;[90m&amp#27;[39m
&amp#27;[35m[HTTP]&amp#27;[39m &amp#27;[37m-->&amp#27;[39m &amp#27;[37mPOST&amp#27;[39m &amp#27;[37m/wd/hub/session/cf730178-8621-4bf8-b989-929b40bb36e0/timeouts&amp#27;[39m
&amp#27;[35m[HTTP]&amp#27;[39m &amp#27;[90m{"implicit":10000}&amp#27;[39m
[debug] &amp#27;[35m[W3C (cf730178)]&amp#27;[39m Calling AppiumDriver.timeouts() with args: [null,null,null,null,10000,"cf730178-8621-4bf8-b989-929b40bb36e0"]
[debug] &amp#27;[35m[BaseDriver]&amp#27;[39m W3C timeout argument: {"implicit":10000}}
[debug] &amp#27;[35m[BaseDriver]&amp#27;[39m Set implicit wait to 10000ms
[debug] &amp#27;[35m[W3C (cf730178)]&amp#27;[39m Responding to client with driver.timeouts() result: null
&amp#27;[35m[HTTP]&amp#27;[39m &amp#27;[37m<-- POST /wd/hub/session/cf730178-8621-4bf8-b989-929b40bb36e0/timeouts &amp#27;[39m&amp#27;[32m[INFO ] 2021-06-18 15:59:09.155 [main] ViewsPage - Clicks The SY Bar
200&amp#27;[39m &amp#27;[90m2 ms - 14&amp#27;[39m
&amp#27;[35m[HTTP]&amp#27;[39m &amp#27;[90m&amp#27;[39m
&amp#27;[35m[HTTP]&amp#27;[39m &amp#27;[37m-->&amp#27;[39m &amp#27;[37mGET&amp#27;[39m &amp#27;[37m/wd/hub/session/cf730178-8621-4bf8-b989-929b40bb36e0&amp#27;[39m
&amp#27;[35m[HTTP]&amp#27;[39m &amp#27;[90m{}&amp#27;[39m
[debug] &amp#27;[35m[W3C (cf730178)]&amp#27;[39m Calling AppiumDriver.getSession() with args: ["cf730178-8621-4bf8-b989-929b40bb36e0"]
[debug] &amp#27;[35m[UiAutomator2]&amp#27;[39m Getting session details from server to mix in
[debug] &amp#27;[35m[WD Proxy]&amp#27;[39m Matched '/' to command name 'getSession'
[debug] &amp#27;[35m[WD Proxy]&amp#27;[39m Proxying [GET /] to [GET http://127.0.0.1:8217/wd/hub/session/c5c3a627-67b1-4695-aa35-8adf780f0552] with no body
[debug] &amp#27;[35m[WD Proxy]&amp#27;[39m Got response with status 200: {"sessionId":"c5c3a627-67b1-4695-aa35-8adf780f0552","value":{"lastScrollData":null}}
[debug] &amp#27;[35m[W3C (cf730178)]&amp#27;[39m Responding to client with driver.getSession() result: {"platform":"LINUX","webStorageEnabled":false,"takesScreenshot":true,"javascriptEnabled":true,"databaseEnabled":false,"networkConnectionEnabled":true,"locationContextEnabled":false,"warnings":{},"desired":{"platformName":"android","app":"C:\\Users\\Anis\\eclipse-workspace\\Appium\\src\\ApiDemos-debug.apk","deviceName":"Redmi","newCommandTimeout":14},"platformName":"android","app":"C:\\Users\\Anis\\eclipse-workspace\\Appium\\src\\ApiDemos-debug.apk","deviceName":"55272e729804","newCommandTimeout":14,"deviceUDID":"55272e729804","appPackage":"io.appium.android.apis","deviceApiLevel":24,"platformVersion":"7.0","deviceScreenSize":"1080x1920","deviceScreenDensity":480,"deviceModel":"Redmi Note 4","deviceManufacturer":"Xiaomi","pixelRatio":3,"statBarHeight":72,"viewportRect":{"left":0,"top":72,"width":1080,"height":1848},"lastScrollData":null}
&amp#27;[35m[HTTP]&amp#27;[39m &amp#27;[37m<-- GET /wd/hub/session/cf730178-8621-4bf8-b989-929b40bb36e0 &amp#27;[39m&amp#27;[32m200&amp#27;[39m &amp#27;[90m11 ms - 858&amp#27;[39m
&amp#27;[35m[HTTP]&amp#27;[39m &amp#27;[90m&amp#27;[39m
&amp#27;[35m[HTTP]&amp#27;[39m &amp#27;[37m-->&amp#27;[39m &amp#27;[37mPOST&amp#27;[39m &amp#27;[37m/wd/hub/session/cf730178-8621-4bf8-b989-929b40bb36e0/element&amp#27;[39m
&amp#27;[35m[HTTP]&amp#27;[39m &amp#27;[90m{"using":"id","value":"io.appium.android.apis:id/scaleY"}&amp#27;[39m
[debug] &amp#27;[35m[W3C (cf730178)]&amp#27;[39m Calling AppiumDriver.findElement() with args: ["id","io.appium.android.apis:id/scaleY","cf730178-8621-4bf8-b989-929b40bb36e0"]
[debug] &amp#27;[35m[BaseDriver]&amp#27;[39m Valid locator strategies for this request: xpath, id, class name, accessibility id, css selector, -android uiautomator
[debug] &amp#27;[35m[BaseDriver]&amp#27;[39m Waiting up to 10000 ms for condition
[debug] &amp#27;[35m[WD Proxy]&amp#27;[39m Matched '/element' to command name 'findElement'
[debug] &amp#27;[35m[WD Proxy]&amp#27;[39m Proxying [POST /element] to [POST http://127.0.0.1:8217/wd/hub/session/c5c3a627-67b1-4695-aa35-8adf780f0552/element] with body: {"strategy":"id","selector":"io.appium.android.apis:id/scaleY","context":"","multiple":false}
[debug] &amp#27;[35m[WD Proxy]&amp#27;[39m Got response with status 200: {"sessionId":"c5c3a627-67b1-4695-aa35-8adf780f0552","value":{"ELEMENT":"d8dfd59d-31fb-4954-b2d0-2122335968b2","element-6066-11e4-a52e-4f735466cecf":"d8dfd59d-31fb-4954-b2d0-2122335968b2"}}
[debug] &amp#27;[35m[W3C (cf730178)]&amp#27;[39m Responding to client with driver.findElement() result: {"element-6066-11e4-a52e-4f735466cecf":"d8dfd59d-31fb-4954-b2d0-2122335968b2","ELEMENT":"d8dfd59d-31fb-4954-b2d0-2122335968b2"}
&amp#27;[35m[HTTP]&amp#27;[39m &amp#27;[37m<-- POST /wd/hub/session/cf730178-8621-4bf8-b989-929b40bb36e0/element &amp#27;[39m&amp#27;[32m200&amp#27;[39m &amp#27;[90m25 ms - 137&amp#27;[39m
&amp#27;[35m[HTTP]&amp#27;[39m &amp#27;[90m&amp#27;[39m
&amp#27;[35m[HTTP]&amp#27;[39m &amp#27;[37m-->&amp#27;[39m &amp#27;[37mGET&amp#27;[39m &amp#27;[37m/wd/hub/session/cf730178-8621-4bf8-b989-929b40bb36e0&amp#27;[39m
&amp#27;[35m[HTTP]&amp#27;[39m &amp#27;[90m{}&amp#27;[39m
[debug] &amp#27;[35m[W3C (cf730178)]&amp#27;[39m Calling AppiumDriver.getSession() with args: ["cf730178-8621-4bf8-b989-929b40bb36e0"]
[debug] &amp#27;[35m[UiAutomator2]&amp#27;[39m Getting session details from server to mix in
[debug] &amp#27;[35m[WD Proxy]&amp#27;[39m Matched '/' to command name 'getSession'
[debug] &amp#27;[35m[WD Proxy]&amp#27;[39m Proxying [GET /] to [GET http://127.0.0.1:8217/wd/hub/session/c5c3a627-67b1-4695-aa35-8adf780f0552] with no body
[debug] &amp#27;[35m[WD Proxy]&amp#27;[39m Got response with status 200: {"sessionId":"c5c3a627-67b1-4695-aa35-8adf780f0552","value":{"lastScrollData":null}}
[debug] &amp#27;[35m[W3C (cf730178)]&amp#27;[39m Responding to client with driver.getSession() result: {"platform":"LINUX","webStorageEnabled":false,"takesScreenshot":true,"javascriptEnabled":true,"databaseEnabled":false,"networkConnectionEnabled":true,"locationContextEnabled":false,"warnings":{},"desired":{"platformName":"android","app":"C:\\Users\\Anis\\eclipse-workspace\\Appium\\src\\ApiDemos-debug.apk","deviceName":"Redmi","newCommandTimeout":14},"platformName":"android","app":"C:\\Users\\Anis\\eclipse-workspace\\Appium\\src\\ApiDemos-debug.apk","deviceName":"55272e729804","newCommandTimeout":14,"deviceUDID":"55272e729804","appPackage":"io.appium.android.apis","deviceApiLevel":24,"platformVersion":"7.0","deviceScreenSize":"1080x1920","deviceScreenDensity":480,"deviceModel":"Redmi Note 4","deviceManufacturer":"Xiaomi","pixelRatio":3,"statBarHeight":72,"viewportRect":{"left":0,"top":72,"width":1080,"height":1848},"lastScrollData":null}
&amp#27;[35m[HTTP]&amp#27;[39m &amp#27;[37m<-- GET /wd/hub/session/cf730178-8621-4bf8-b989-929b40bb36e0 &amp#27;[39m&amp#27;[32m200&amp#27;[39m &amp#27;[90m11 ms - 858&amp#27;[39m
&amp#27;[35m[HTTP]&amp#27;[39m &amp#27;[90m&amp#27;[39m
&amp#27;[35m[HTTP]&amp#27;[39m &amp#27;[37m-->&amp#27;[39m &amp#27;[37mPOST&amp#27;[39m &amp#27;[37m/wd/hub/session/cf730178-8621-4bf8-b989-929b40bb36e0/element&amp#27;[39m
&amp#27;[35m[HTTP]&amp#27;[39m &amp#27;[90m{"using":"id","value":"io.appium.android.apis:id/scaleY"}&amp#27;[39m
[debug] &amp#27;[35m[W3C (cf730178)]&amp#27;[39m Calling AppiumDriver.findElement() with args: ["id","io.appium.android.apis:id/scaleY","cf730178-8621-4bf8-b989-929b40bb36e0"]
[debug] &amp#27;[35m[BaseDriver]&amp#27;[39m Valid locator strategies for this request: xpath, id, class name, accessibility id, css selector, -android uiautomator
[debug] &amp#27;[35m[BaseDriver]&amp#27;[39m Waiting up to 10000 ms for condition
[debug] &amp#27;[35m[WD Proxy]&amp#27;[39m Matched '/element' to command name 'findElement'
[debug] &amp#27;[35m[WD Proxy]&amp#27;[39m Proxying [POST /element] to [POST http://127.0.0.1:8217/wd/hub/session/c5c3a627-67b1-4695-aa35-8adf780f0552/element] with body: {"strategy":"id","selector":"io.appium.android.apis:id/scaleY","context":"","multiple":false}
[debug] &amp#27;[35m[WD Proxy]&amp#27;[39m Got response with status 200: {"sessionId":"c5c3a627-67b1-4695-aa35-8adf780f0552","value":{"ELEMENT":"0a3bfe82-727c-4877-a7c5-945f500de0f2","element-6066-11e4-a52e-4f735466cecf":"0a3bfe82-727c-4877-a7c5-945f500de0f2"}}
[debug] &amp#27;[35m[W3C (cf730178)]&amp#27;[39m Responding to client with driver.findElement() result: {"element-6066-11e4-a52e-4f735466cecf":"0a3bfe82-727c-4877-a7c5-945f500de0f2","ELEMENT":"0a3bfe82-727c-4877-a7c5-945f500de0f2"}
&amp#27;[35m[HTTP]&amp#27;[39m &amp#27;[37m<-- POST /wd/hub/session/cf730178-8621-4bf8-b989-929b40bb36e0/element &amp#27;[39m&amp#27;[32m200&amp#27;[39m &amp#27;[90m24 ms - 137&amp#27;[39m
&amp#27;[35m[HTTP]&amp#27;[39m &amp#27;[90m&amp#27;[39m
&amp#27;[35m[HTTP]&amp#27;[39m &amp#27;[37m-->&amp#27;[39m &amp#27;[37mPOST&amp#27;[39m &amp#27;[37m/wd/hub/session/cf730178-8621-4bf8-b989-929b40bb36e0/touch/perform&amp#27;[39m
&amp#27;[35m[HTTP]&amp#27;[39m &amp#27;[90m{"actions":[{"action":"longPress","options":{"element":"d8dfd59d-31fb-4954-b2d0-2122335968b2"}},{"action":"moveTo","options":{"x":250,"y":250,"element":"0a3bfe82-727c-4877-a7c5-945f500de0f2"}},{"action":"release","options":{}}]}&amp#27;[39m
[debug] &amp#27;[35m[W3C (cf730178)]&amp#27;[39m Calling AppiumDriver.performTouch() with args: [[{"action":"longPress","options":{"element":"d8dfd59d-31fb-4954-b2d0-2122335968b2"}},{"action":"moveTo","options":{"x":250,"y":250,"element":"0a3bfe82-727c-4877-a7c5-945f500de0f2"}},{"action":"release","options":{}}],"cf730178-8621-4bf8-b989-929b40bb36e0"]
&amp#27;[35m[UiAutomator2]&amp#27;[39m calling get location: d8dfd59d-31fb-4954-b2d0-2122335968b2
[debug] &amp#27;[35m[WD Proxy]&amp#27;[39m Matched '/element/d8dfd59d-31fb-4954-b2d0-2122335968b2/location' to command name 'getLocation'
[debug] &amp#27;[35m[WD Proxy]&amp#27;[39m Proxying [GET /element/d8dfd59d-31fb-4954-b2d0-2122335968b2/location] to [GET http://127.0.0.1:8217/wd/hub/session/c5c3a627-67b1-4695-aa35-8adf780f0552/element/d8dfd59d-31fb-4954-b2d0-2122335968b2/location] with no body
[debug] &amp#27;[35m[WD Proxy]&amp#27;[39m Got response with status 200: {"sessionId":"c5c3a627-67b1-4695-aa35-8adf780f0552","value":{"x":637,"y":417}}
&amp#27;[35m[UiAutomator2]&amp#27;[39m calling get location: 0a3bfe82-727c-4877-a7c5-945f500de0f2
[debug] &amp#27;[35m[WD Proxy]&amp#27;[39m Matched '/element/0a3bfe82-727c-4877-a7c5-945f500de0f2/location' to command name 'getLocation'
[debug] &amp#27;[35m[WD Proxy]&amp#27;[39m Proxying [GET /element/0a3bfe82-727c-4877-a7c5-945f500de0f2/location] to [GET http://127.0.0.1:8217/wd/hub/session/c5c3a627-67b1-4695-aa35-8adf780f0552/element/0a3bfe82-727c-4877-a7c5-945f500de0f2/location] with no body
[debug] &amp#27;[35m[WD Proxy]&amp#27;[39m Got response with status 200: {"sessionId":"c5c3a627-67b1-4695-aa35-8adf780f0552","value":{"x":637,"y":417}}
[debug] &amp#27;[35m[WD Proxy]&amp#27;[39m Proxying [POST /touch/drag] to [POST http://127.0.0.1:8217/wd/hub/session/c5c3a627-67b1-4695-aa35-8adf780f0552/touch/drag] with body: {"elementId":"d8dfd59d-31fb-4954-b2d0-2122335968b2","destElId":"0a3bfe82-727c-4877-a7c5-945f500de0f2","startX":637,"startY":417,"endX":887,"endY":667,"steps":80}
[debug] &amp#27;[35m[WD Proxy]&amp#27;[39m Got response with status 200: {"sessionId":"c5c3a627-67b1-4695-aa35-8adf780f0552","value":null}
[debug] &amp#27;[35m[W3C (cf730178)]&amp#27;[39m Responding to client with driver.performTouch() result: null
&amp#27;[35m[HTTP]&amp#27;[39m &amp#27;[37m<-- POST /wd/hub/session/cf730178-8621-4bf8-b98[INFO ] 2021-06-18 15:59:09.825 [main] ExplicitWait - Waiting for element to be visible: Located by By.chained({By.id: io.appium.android.apis:id/rotationX})
9-929b40bb36e0/touch/perform &amp#27;[39m&amp#27;[32m200&amp#27;[39m &amp#27;[90m567 ms - 14&amp#27;[39m
&amp#27;[35m[HTTP]&amp#27;[39m &amp#27;[90m&amp#27;[39m
[INFO ] 2021-06-18 15:59:09.826 [main] ExplicitWait - Waiting for element to be visible: Located by By.chained({By.id: io.appium.android.apis:id/rotationX})
&amp#27;[35m[HTTP]&amp#27;[39m &amp#27;[37m-->&amp#27;[39m &amp#27;[37mPOST&amp#27;[39m &amp#27;[37m/wd/hub/session/cf730178-8621-4bf8-b989-929b40bb36e0/timeouts&amp#27;[39m
&amp#27;[35m[HTTP]&amp#27;[39m &amp#27;[90m{"implicit":0}&amp#27;[39m
[debug] &amp#27;[35m[W3C (cf730178)]&amp#27;[39m Calling AppiumDriver.timeouts() with args: [null,null,null,null,0,"cf730178-8621-4bf8-b989-929b40bb36e0"]
[debug] &amp#27;[35m[BaseDriver]&amp#27;[39m W3C timeout argument: {"implicit":0}}
[debug] &amp#27;[35m[BaseDriver]&amp#27;[39m Set implicit wait to 0ms
[debug] &amp#27;[35m[W3C (cf730178)]&amp#27;[39m Responding to client with driver.timeouts() result: null
&amp#27;[35m[HTTP]&amp#27;[39m &amp#27;[37m<-- POST /wd/hub/session/cf730178-8621-4bf8-b989-929b40bb36e0/timeouts &amp#27;[39m&amp#27;[32m200&amp#27;[39m &amp#27;[90m3 ms - 14&amp#27;[39m
&amp#27;[35m[HTTP]&amp#27;[39m &amp#27;[90m&amp#27;[39m
&amp#27;[35m[HTTP]&amp#27;[39m &amp#27;[37m-->&amp#27;[39m &amp#27;[37mGET&amp#27;[39m &amp#27;[37m/wd/hub/session/cf730178-8621-4bf8-b989-929b40bb36e0&amp#27;[39m
&amp#27;[35m[HTTP]&amp#27;[39m &amp#27;[90m{}&amp#27;[39m
[debug] &amp#27;[35m[W3C (cf730178)]&amp#27;[39m Calling AppiumDriver.getSession() with args: ["cf730178-8621-4bf8-b989-929b40bb36e0"]
[debug] &amp#27;[35m[UiAutomator2]&amp#27;[39m Getting session details from server to mix in
[debug] &amp#27;[35m[WD Proxy]&amp#27;[39m Matched '/' to command name 'getSession'
[debug] &amp#27;[35m[WD Proxy]&amp#27;[39m Proxying [GET /] to [GET http://127.0.0.1:8217/wd/hub/session/c5c3a627-67b1-4695-aa35-8adf780f0552] with no body
[debug] &amp#27;[35m[WD Proxy]&amp#27;[39m Got response with status 200: {"sessionId":"c5c3a627-67b1-4695-aa35-8adf780f0552","value":{"lastScrollData":null}}
[debug] &amp#27;[35m[W3C (cf730178)]&amp#27;[39m Responding to client with driver.getSession() result: {"platform":"LINUX","webStorageEnabled":false,"takesScreenshot":true,"javascriptEnabled":true,"databaseEnabled":false,"networkConnectionEnabled":true,"locationContextEnabled":false,"warnings":{},"desired":{"platformName":"android","app":"C:\\Users\\Anis\\eclipse-workspace\\Appium\\src\\ApiDemos-debug.apk","deviceName":"Redmi","newCommandTimeout":14},"platformName":"android","app":"C:\\Users\\Anis\\eclipse-workspace\\Appium\\src\\ApiDemos-debug.apk","deviceName":"55272e729804","newCommandTimeout":14,"deviceUDID":"55272e729804","appPackage":"io.appium.android.apis","deviceApiLevel":24,"platformVersion":"7.0","deviceScreenSize":"1080x1920","deviceScreenDensity":480,"deviceModel":"Redmi Note 4","deviceManufacturer":"Xiaomi","pixelRatio":3,"statBarHeight":72,"viewportRect":{"left":0,"top":72,"width":1080,"height":1848},"lastScrollData":null}
&amp#27;[35m[HTTP]&amp#27;[39m &amp#27;[37m<-- GET /wd/hub/session/cf730178-8621-4bf8-b989-929b40bb36e0 &amp#27;[39m&amp#27;[32m200&amp#27;[39m &amp#27;[90m11 ms - 858&amp#27;[39m
&amp#27;[35m[HTTP]&amp#27;[39m &amp#27;[90m&amp#27;[39m
&amp#27;[35m[HTTP]&amp#27;[39m &amp#27;[37m-->&amp#27;[39m &amp#27;[37mPOST&amp#27;[39m &amp#27;[37m/wd/hub/session/cf730178-8621-4bf8-b989-929b40bb36e0/element&amp#27;[39m
&amp#27;[35m[HTTP]&amp#27;[39m &amp#27;[90m{"using":"id","value":"io.appium.android.apis:id/rotationX"}&amp#27;[39m
[debug] &amp#27;[35m[W3C (cf730178)]&amp#27;[39m Calling AppiumDriver.findElement() with args: ["id","io.appium.android.apis:id/rotationX","cf730178-8621-4bf8-b989-929b40bb36e0"]
[debug] &amp#27;[35m[BaseDriver]&amp#27;[39m Valid locator strategies for this request: xpath, id, class name, accessibility id, css selector, -android uiautomator
[debug] &amp#27;[35m[BaseDriver]&amp#27;[39m Waiting up to 0 ms for condition
[debug] &amp#27;[35m[WD Proxy]&amp#27;[39m Matched '/element' to command name 'findElement'
[debug] &amp#27;[35m[WD Proxy]&amp#27;[39m Proxying [POST /element] to [POST http://127.0.0.1:8217/wd/hub/session/c5c3a627-67b1-4695-aa35-8adf780f0552/element] with body: {"strategy":"id","selector":"io.appium.android.apis:id/rotationX","context":"","multiple":false}
[debug] &amp#27;[35m[WD Proxy]&amp#27;[39m Got response with status 200: {"sessionId":"c5c3a627-67b1-4695-aa35-8adf780f0552","value":{"ELEMENT":"fe63cb47-51ba-4c6d-b0e4-3b588baeb899","element-6066-11e4-a52e-4f735466cecf":"fe63cb47-51ba-4c6d-b0e4-3b588baeb899"}}
[debug] &amp#27;[35m[W3C (cf730178)]&amp#27;[39m Responding to client with driver.findElement() result: {"element-6066-11e4-a52e-4f735466cecf":"fe63cb47-51ba-4c6d-b0e4-3b588baeb899","ELEMENT":"fe63cb47-51ba-4c6d-b0e4-3b588baeb899"}
&amp#27;[35m[HTTP]&amp#27;[39m &amp#27;[37m<-- POST /wd/hub/session/cf730178-8621-4bf8-b989-929b40bb36e0/element &amp#27;[39m&amp#27;[32m200&amp#27;[39m &amp#27;[90m310 ms - 137&amp#27;[39m
&amp#27;[35m[HTTP]&amp#27;[39m &amp#27;[90m&amp#27;[39m
&amp#27;[35m[HTTP]&amp#27;[39m &amp#27;[37m-->&amp#27;[39m &amp#27;[37mGET&amp#27;[39m &amp#27;[37m/wd/hub/session/cf730178-8621-4bf8-b989-929b40bb36e0/element/fe63cb47-51ba-4c6d-b0e4-3b588baeb899/displayed&amp#27;[39m
&amp#27;[35m[HTTP]&amp#27;[39m &amp#27;[90m{}&amp#27;[39m
[debug] &amp#27;[35m[W3C (cf730178)]&amp#27;[39m Calling AppiumDriver.elementDisplayed() with args: ["fe63cb47-51ba-4c6d-b0e4-3b588baeb899","cf730178-8621-4bf8-b989-929b40bb36e0"]
[debug] &amp#27;[35m[WD Proxy]&amp#27;[39m Matched '/element/fe63cb47-51ba-4c6d-b0e4-3b588baeb899/attribute/displayed' to command name 'getAttribute'
[debug] &amp#27;[35m[WD Proxy]&amp#27;[39m Proxying [GET /element/fe63cb47-51ba-4c6d-b0e4-3b588baeb899/attribute/displayed] to [GET http://127.0.0.1:8217/wd/hub/session/c5c3a627-67b1-4695-aa35-8adf780f0552/element/fe63cb47-51ba-4c6d-b0e4-3b588baeb899/attribute/displayed] with no body
[debug] &amp#27;[35m[WD Proxy]&amp#27;[39m Got response with status 200: {"sessionId":"c5c3a627-67b1-4695-aa35-8adf780f0552","value":"true"}
[debug] &amp#27;[35m[W3C (cf730178)]&amp#27;[39m Responding to client with driver.elementDisplayed() result: true
&amp#27;[35m[HTTP]&amp#27;[39m &amp#27;[37m<-- GET /wd/hub/session/cf730178-8621-4bf8-b989-929b40bb36e0/element/fe63cb47-51ba-4c6d-b0e4-3b588baeb899/displayed &amp#27;[39m&amp#27;[32m200&amp#27;[39m &amp#27;[90m18 ms - 14&amp#27;[39m
&amp#27;[35m[HTTP]&amp#27;[39m &amp#27;[90m&amp#27;[39m
&amp#27;[35m[HTTP]&amp#27;[39m &amp#27;[37m-->&amp#27;[39m &amp#27;[37mPOST&amp#27;[39m &amp#27;[37m/wd/hub/session/cf730178-8621-4bf8-b989-929b40bb36e0/timeouts&amp#27;[39m
&amp#27;[35m[HTTP]&amp#27;[39m &amp#27;[90m{"implicit":10000}&amp#27;[39m
[debug] &amp#27;[35m[W3C (cf730178)]&amp#27;[39m Calling AppiumDriver.timeouts() with args: [null,null,null,null,10000,"cf730178-8621-4bf8-b989-929b40bb36e0"]
[debug] &amp#27;[35m[BaseDriver]&amp#27;[39m W3C timeout argument: {"implicit":10000}}
[debug] &amp#27;[35m[BaseDriver]&amp#27;[39m Set implicit wait to 10000ms
[debug] &amp#27;[35m[W3C (cf730178)]&amp#27;[39m Responding to client with driver.timeouts() result: null
&amp#27;[35m[HTTP]&amp#27;[39m &amp#27;[37m<-- POST /wd/hub/session/cf730178-8621[INFO ] 2021-06-18 15:59:10.209 [main] ViewsPage - Clicks The X Bar
-4bf8-b989-929b40bb36e0/timeouts &amp#27;[39m&amp#27;[32m200&amp#27;[39m &amp#27;[90m2 ms - 14&amp#27;[39m
&amp#27;[35m[HTTP]&amp#27;[39m &amp#27;[90m&amp#27;[39m
&amp#27;[35m[HTTP]&amp#27;[39m &amp#27;[37m-->&amp#27;[39m &amp#27;[37mGET&amp#27;[39m &amp#27;[37m/wd/hub/session/cf730178-8621-4bf8-b989-929b40bb36e0&amp#27;[39m
&amp#27;[35m[HTTP]&amp#27;[39m &amp#27;[90m{}&amp#27;[39m
[debug] &amp#27;[35m[W3C (cf730178)]&amp#27;[39m Calling AppiumDriver.getSession() with args: ["cf730178-8621-4bf8-b989-929b40bb36e0"]
[debug] &amp#27;[35m[UiAutomator2]&amp#27;[39m Getting session details from server to mix in
[debug] &amp#27;[35m[WD Proxy]&amp#27;[39m Matched '/' to command name 'getSession'
[debug] &amp#27;[35m[WD Proxy]&amp#27;[39m Proxying [GET /] to [GET http://127.0.0.1:8217/wd/hub/session/c5c3a627-67b1-4695-aa35-8adf780f0552] with no body
[debug] &amp#27;[35m[WD Proxy]&amp#27;[39m Got response with status 200: {"sessionId":"c5c3a627-67b1-4695-aa35-8adf780f0552","value":{"lastScrollData":null}}
[debug] &amp#27;[35m[W3C (cf730178)]&amp#27;[39m Responding to client with driver.getSession() result: {"platform":"LINUX","webStorageEnabled":false,"takesScreenshot":true,"javascriptEnabled":true,"databaseEnabled":false,"networkConnectionEnabled":true,"locationContextEnabled":false,"warnings":{},"desired":{"platformName":"android","app":"C:\\Users\\Anis\\eclipse-workspace\\Appium\\src\\ApiDemos-debug.apk","deviceName":"Redmi","newCommandTimeout":14},"platformName":"android","app":"C:\\Users\\Anis\\eclipse-workspace\\Appium\\src\\ApiDemos-debug.apk","deviceName":"55272e729804","newCommandTimeout":14,"deviceUDID":"55272e729804","appPackage":"io.appium.android.apis","deviceApiLevel":24,"platformVersion":"7.0","deviceScreenSize":"1080x1920","deviceScreenDensity":480,"deviceModel":"Redmi Note 4","deviceManufacturer":"Xiaomi","pixelRatio":3,"statBarHeight":72,"viewportRect":{"left":0,"top":72,"width":1080,"height":1848},"lastScrollData":null}
&amp#27;[35m[HTTP]&amp#27;[39m &amp#27;[37m<-- GET /wd/hub/session/cf730178-8621-4bf8-b989-929b40bb36e0 &amp#27;[39m&amp#27;[32m200&amp#27;[39m &amp#27;[90m12 ms - 858&amp#27;[39m
&amp#27;[35m[HTTP]&amp#27;[39m &amp#27;[90m&amp#27;[39m
&amp#27;[35m[HTTP]&amp#27;[39m &amp#27;[37m-->&amp#27;[39m &amp#27;[37mGET&amp#27;[39m &amp#27;[37m/wd/hub/session/cf730178-8621-4bf8-b989-929b40bb36e0&amp#27;[39m
&amp#27;[35m[HTTP]&amp#27;[39m &amp#27;[90m{}&amp#27;[39m
[debug] &amp#27;[35m[W3C (cf730178)]&amp#27;[39m Calling AppiumDriver.getSession() with args: ["cf730178-8621-4bf8-b989-929b40bb36e0"]
[debug] &amp#27;[35m[UiAutomator2]&amp#27;[39m Getting session details from server to mix in
[debug] &amp#27;[35m[WD Proxy]&amp#27;[39m Matched '/' to command name 'getSession'
[debug] &amp#27;[35m[WD Proxy]&amp#27;[39m Proxying [GET /] to [GET http://127.0.0.1:8217/wd/hub/session/c5c3a627-67b1-4695-aa35-8adf780f0552] with no body
[debug] &amp#27;[35m[WD Proxy]&amp#27;[39m Got response with status 200: {"sessionId":"c5c3a627-67b1-4695-aa35-8adf780f0552","value":{"lastScrollData":null}}
[debug] &amp#27;[35m[W3C (cf730178)]&amp#27;[39m Responding to client with driver.getSession() result: {"platform":"LINUX","webStorageEnabled":false,"takesScreenshot":true,"javascriptEnabled":true,"databaseEnabled":false,"networkConnectionEnabled":true,"locationContextEnabled":false,"warnings":{},"desired":{"platformName":"android","app":"C:\\Users\\Anis\\eclipse-workspace\\Appium\\src\\ApiDemos-debug.apk","deviceName":"Redmi","newCommandTimeout":14},"platformName":"android","app":"C:\\Users\\Anis\\eclipse-workspace\\Appium\\src\\ApiDemos-debug.apk","deviceName":"55272e729804","newCommandTimeout":14,"deviceUDID":"55272e729804","appPackage":"io.appium.android.apis","deviceApiLevel":24,"platformVersion":"7.0","deviceScreenSize":"1080x1920","deviceScreenDensity":480,"deviceModel":"Redmi Note 4","deviceManufacturer":"Xiaomi","pixelRatio":3,"statBarHeight":72,"viewportRect":{"left":0,"top":72,"width":1080,"height":1848},"lastScrollData":null}
&amp#27;[35m[HTTP]&amp#27;[39m &amp#27;[37m<-- GET /wd/hub/session/cf730178-8621-4bf8-b989-929b40bb36e0 &amp#27;[39m&amp#27;[32m200&amp#27;[39m &amp#27;[90m10 ms - 858&amp#27;[39m
&amp#27;[35m[HTTP]&amp#27;[39m &amp#27;[90m&amp#27;[39m
&amp#27;[35m[HTTP]&amp#27;[39m &amp#27;[37m-->&amp#27;[39m &amp#27;[37mGET&amp#27;[39m &amp#27;[37m/wd/hub/session/cf730178-8621-4bf8-b989-929b40bb36e0&amp#27;[39m
&amp#27;[35m[HTTP]&amp#27;[39m &amp#27;[90m{}&amp#27;[39m
[debug] &amp#27;[35m[W3C (cf730178)]&amp#27;[39m Calling AppiumDriver.getSession() with args: ["cf730178-8621-4bf8-b989-929b40bb36e0"]
[debug] &amp#27;[35m[UiAutomator2]&amp#27;[39m Getting session details from server to mix in
[debug] &amp#27;[35m[WD Proxy]&amp#27;[39m Matched '/' to command name 'getSession'
[debug] &amp#27;[35m[WD Proxy]&amp#27;[39m Proxying [GET /] to [GET http://127.0.0.1:8217/wd/hub/session/c5c3a627-67b1-4695-aa35-8adf780f0552] with no body
[debug] &amp#27;[35m[WD Proxy]&amp#27;[39m Got response with status 200: {"sessionId":"c5c3a627-67b1-4695-aa35-8adf780f0552","value":{"lastScrollData":null}}
[debug] &amp#27;[35m[W3C (cf730178)]&amp#27;[39m Responding to client with driver.getSession() result: {"platform":"LINUX","webStorageEnabled":false,"takesScreenshot":true,"javascriptEnabled":true,"databaseEnabled":false,"networkConnectionEnabled":true,"locationContextEnabled":false,"warnings":{},"desired":{"platformName":"android","app":"C:\\Users\\Anis\\eclipse-workspace\\Appium\\src\\ApiDemos-debug.apk","deviceName":"Redmi","newCommandTimeout":14},"platformName":"android","app":"C:\\Users\\Anis\\eclipse-workspace\\Appium\\src\\ApiDemos-debug.apk","deviceName":"55272e729804","newCommandTimeout":14,"deviceUDID":"55272e729804","appPackage":"io.appium.android.apis","deviceApiLevel":24,"platformVersion":"7.0","deviceScreenSize":"1080x1920","deviceScreenDensity":480,"deviceModel":"Redmi Note 4","deviceManufacturer":"Xiaomi","pixelRatio":3,"statBarHeight":72,"viewportRect":{"left":0,"top":72,"width":1080,"height":1848},"lastScrollData":null}
&amp#27;[35m[HTTP]&amp#27;[39m &amp#27;[37m<-- GET /wd/hub/session/cf730178-8621-4bf8-b989-929b40bb36e0 &amp#27;[39m&amp#27;[32m200&amp#27;[39m &amp#27;[90m10 ms - 858&amp#27;[39m
&amp#27;[35m[HTTP]&amp#27;[39m &amp#27;[90m&amp#27;[39m
&amp#27;[35m[HTTP]&amp#27;[39m &amp#27;[37m-->&amp#27;[39m &amp#27;[37mPOST&amp#27;[39m &amp#27;[37m/wd/hub/session/cf730178-8621-4bf8-b989-929b40bb36e0/element&amp#27;[39m
&amp#27;[35m[HTTP]&amp#27;[39m &amp#27;[90m{"using":"id","value":"io.appium.android.apis:id/rotationX"}&amp#27;[39m
[debug] &amp#27;[35m[W3C (cf730178)]&amp#27;[39m Calling AppiumDriver.findElement() with args: ["id","io.appium.android.apis:id/rotationX","cf730178-8621-4bf8-b989-929b40bb36e0"]
[debug] &amp#27;[35m[BaseDriver]&amp#27;[39m Valid locator strategies for this request: xpath, id, class name, accessibility id, css selector, -android uiautomator
[debug] &amp#27;[35m[BaseDriver]&amp#27;[39m Waiting up to 10000 ms for condition
[debug] &amp#27;[35m[WD Proxy]&amp#27;[39m Matched '/element' to command name 'findElement'
[debug] &amp#27;[35m[WD Proxy]&amp#27;[39m Proxying [POST /element] to [POST http://127.0.0.1:8217/wd/hub/session/c5c3a627-67b1-4695-aa35-8adf780f0552/element] with body: {"strategy":"id","selector":"io.appium.android.apis:id/rotationX","context":"","multiple":false}
[debug] &amp#27;[35m[WD Proxy]&amp#27;[39m Got response with status 200: {"sessionId":"c5c3a627-67b1-4695-aa35-8adf780f0552","value":{"ELEMENT":"58541520-54c3-4203-bf0f-b0f3e2495e20","element-6066-11e4-a52e-4f735466cecf":"58541520-54c3-4203-bf0f-b0f3e2495e20"}}
[debug] &amp#27;[35m[W3C (cf730178)]&amp#27;[39m Responding to client with driver.findElement() result: {"element-6066-11e4-a52e-4f735466cecf":"58541520-54c3-4203-bf0f-b0f3e2495e20","ELEMENT":"58541520-54c3-4203-bf0f-b0f3e2495e20"}
&amp#27;[35m[HTTP]&amp#27;[39m &amp#27;[37m<-- POST /wd/hub/session/cf730178-8621-4bf8-b989-929b40bb36e0/element &amp#27;[39m&amp#27;[32m200&amp#27;[39m &amp#27;[90m25 ms - 137&amp#27;[39m
&amp#27;[35m[HTTP]&amp#27;[39m &amp#27;[90m&amp#27;[39m
&amp#27;[35m[HTTP]&amp#27;[39m &amp#27;[37m-->&amp#27;[39m &amp#27;[37mGET&amp#27;[39m &amp#27;[37m/wd/hub/session/cf730178-8621-4bf8-b989-929b40bb36e0&amp#27;[39m
&amp#27;[35m[HTTP]&amp#27;[39m &amp#27;[90m{}&amp#27;[39m
[debug] &amp#27;[35m[W3C (cf730178)]&amp#27;[39m Calling AppiumDriver.getSession() with args: ["cf730178-8621-4bf8-b989-929b40bb36e0"]
[debug] &amp#27;[35m[UiAutomator2]&amp#27;[39m Getting session details from server to mix in
[debug] &amp#27;[35m[WD Proxy]&amp#27;[39m Matched '/' to command name 'getSession'
[debug] &amp#27;[35m[WD Proxy]&amp#27;[39m Proxying [GET /] to [GET http://127.0.0.1:8217/wd/hub/session/c5c3a627-67b1-4695-aa35-8adf780f0552] with no body
[debug] &amp#27;[35m[WD Proxy]&amp#27;[39m Got response with status 200: {"sessionId":"c5c3a627-67b1-4695-aa35-8adf780f0552","value":{"lastScrollData":null}}
[debug] &amp#27;[35m[W3C (cf730178)]&amp#27;[39m Responding to client with driver.getSession() result: {"platform":"LINUX","webStorageEnabled":false,"takesScreenshot":true,"javascriptEnabled":true,"databaseEnabled":false,"networkConnectionEnabled":true,"locationContextEnabled":false,"warnings":{},"desired":{"platformName":"android","app":"C:\\Users\\Anis\\eclipse-workspace\\Appium\\src\\ApiDemos-debug.apk","deviceName":"Redmi","newCommandTimeout":14},"platformName":"android","app":"C:\\Users\\Anis\\eclipse-workspace\\Appium\\src\\ApiDemos-debug.apk","deviceName":"55272e729804","newCommandTimeout":14,"deviceUDID":"55272e729804","appPackage":"io.appium.android.apis","deviceApiLevel":24,"platformVersion":"7.0","deviceScreenSize":"1080x1920","deviceScreenDensity":480,"deviceModel":"Redmi Note 4","deviceManufacturer":"Xiaomi","pixelRatio":3,"statBarHeight":72,"viewportRect":{"left":0,"top":72,"width":1080,"height":1848},"lastScrollData":null}
&amp#27;[35m[HTTP]&amp#27;[39m &amp#27;[37m<-- GET /wd/hub/session/cf730178-8621-4bf8-b989-929b40bb36e0 &amp#27;[39m&amp#27;[32m200&amp#27;[39m &amp#27;[90m10 ms - 858&amp#27;[39m
&amp#27;[35m[HTTP]&amp#27;[39m &amp#27;[90m&amp#27;[39m
&amp#27;[35m[HTTP]&amp#27;[39m &amp#27;[37m-->&amp#27;[39m &amp#27;[37mPOST&amp#27;[39m &amp#27;[37m/wd/hub/session/cf730178-8621-4bf8-b989-929b40bb36e0/element&amp#27;[39m
&amp#27;[35m[HTTP]&amp#27;[39m &amp#27;[90m{"using":"id","value":"io.appium.android.apis:id/rotationX"}&amp#27;[39m
[debug] &amp#27;[35m[W3C (cf730178)]&amp#27;[39m Calling AppiumDriver.findElement() with args: ["id","io.appium.android.apis:id/rotationX","cf730178-8621-4bf8-b989-929b40bb36e0"]
[debug] &amp#27;[35m[BaseDriver]&amp#27;[39m Valid locator strategies for this request: xpath, id, class name, accessibility id, css selector, -android uiautomator
[debug] &amp#27;[35m[BaseDriver]&amp#27;[39m Waiting up to 10000 ms for condition
[debug] &amp#27;[35m[WD Proxy]&amp#27;[39m Matched '/element' to command name 'findElement'
[debug] &amp#27;[35m[WD Proxy]&amp#27;[39m Proxying [POST /element] to [POST http://127.0.0.1:8217/wd/hub/session/c5c3a627-67b1-4695-aa35-8adf780f0552/element] with body: {"strategy":"id","selector":"io.appium.android.apis:id/rotationX","context":"","multiple":false}
[debug] &amp#27;[35m[WD Proxy]&amp#27;[39m Got response with status 200: {"sessionId":"c5c3a627-67b1-4695-aa35-8adf780f0552","value":{"ELEMENT":"305cda9d-c692-4ec5-bd96-00ff6b218436","element-6066-11e4-a52e-4f735466cecf":"305cda9d-c692-4ec5-bd96-00ff6b218436"}}
[debug] &amp#27;[35m[W3C (cf730178)]&amp#27;[39m Responding to client with driver.findElement() result: {"element-6066-11e4-a52e-4f735466cecf":"305cda9d-c692-4ec5-bd96-00ff6b218436","ELEMENT":"305cda9d-c692-4ec5-bd96-00ff6b218436"}
&amp#27;[35m[HTTP]&amp#27;[39m &amp#27;[37m<-- POST /wd/hub/session/cf730178-8621-4bf8-b989-929b40bb36e0/element &amp#27;[39m&amp#27;[32m200&amp#27;[39m &amp#27;[90m26 ms - 137&amp#27;[39m
&amp#27;[35m[HTTP]&amp#27;[39m &amp#27;[90m&amp#27;[39m
&amp#27;[35m[HTTP]&amp#27;[39m &amp#27;[37m-->&amp#27;[39m &amp#27;[37mPOST&amp#27;[39m &amp#27;[37m/wd/hub/session/cf730178-8621-4bf8-b989-929b40bb36e0/touch/perform&amp#27;[39m
&amp#27;[35m[HTTP]&amp#27;[39m &amp#27;[90m{"actions":[{"action":"longPress","options":{"element":"58541520-54c3-4203-bf0f-b0f3e2495e20"}},{"action":"moveTo","options":{"x":250,"y":250,"element":"305cda9d-c692-4ec5-bd96-00ff6b218436"}},{"action":"release","options":{}}]}&amp#27;[39m
[debug] &amp#27;[35m[W3C (cf730178)]&amp#27;[39m Calling AppiumDriver.performTouch() with args: [[{"action":"longPress","options":{"element":"58541520-54c3-4203-bf0f-b0f3e2495e20"}},{"action":"moveTo","options":{"x":250,"y":250,"element":"305cda9d-c692-4ec5-bd96-00ff6b218436"}},{"action":"release","options":{}}],"cf730178-8621-4bf8-b989-929b40bb36e0"]
&amp#27;[35m[UiAutomator2]&amp#27;[39m calling get location: 58541520-54c3-4203-bf0f-b0f3e2495e20
[debug] &amp#27;[35m[WD Proxy]&amp#27;[39m Matched '/element/58541520-54c3-4203-bf0f-b0f3e2495e20/location' to command name 'getLocation'
[debug] &amp#27;[35m[WD Proxy]&amp#27;[39m Proxying [GET /element/58541520-54c3-4203-bf0f-b0f3e2495e20/location] to [GET http://127.0.0.1:8217/wd/hub/session/c5c3a627-67b1-4695-aa35-8adf780f0552/element/58541520-54c3-4203-bf0f-b0f3e2495e20/location] with no body
[debug] &amp#27;[35m[WD Proxy]&amp#27;[39m Got response with status 200: {"sessionId":"c5c3a627-67b1-4695-aa35-8adf780f0552","value":{"x":57,"y":534}}
&amp#27;[35m[UiAutomator2]&amp#27;[39m calling get location: 305cda9d-c692-4ec5-bd96-00ff6b218436
[debug] &amp#27;[35m[WD Proxy]&amp#27;[39m Matched '/element/305cda9d-c692-4ec5-bd96-00ff6b218436/location' to command name 'getLocation'
[debug] &amp#27;[35m[WD Proxy]&amp#27;[39m Proxying [GET /element/305cda9d-c692-4ec5-bd96-00ff6b218436/location] to [GET http://127.0.0.1:8217/wd/hub/session/c5c3a627-67b1-4695-aa35-8adf780f0552/element/305cda9d-c692-4ec5-bd96-00ff6b218436/location] with no body
[debug] &amp#27;[35m[WD Proxy]&amp#27;[39m Got response with status 200: {"sessionId":"c5c3a627-67b1-4695-aa35-8adf780f0552","value":{"x":57,"y":534}}
[debug] &amp#27;[35m[WD Proxy]&amp#27;[39m Proxying [POST /touch/drag] to [POST http://127.0.0.1:8217/wd/hub/session/c5c3a627-67b1-4695-aa35-8adf780f0552/touch/drag] with body: {"elementId":"58541520-54c3-4203-bf0f-b0f3e2495e20","destElId":"305cda9d-c692-4ec5-bd96-00ff6b218436","startX":57,"startY":534,"endX":307,"endY":784,"steps":80}
[debug] &amp#27;[35m[WD Proxy]&amp#27;[39m Got response with status 200: {"sessionId":"c5c3a627-67b1-4695-aa35-8adf780f0552","value":null}
[debug] &amp#27;[35m[W3C (cf730178)]&amp#27;[39m Responding to client with driver.performTouch() result: null
&amp#27;[35m[HTTP]&amp#27;[39m &amp#27;[37m<-- POST /wd/hub/session/cf730178-8621-4bf8[INFO ] 2021-06-18 15:59:10.910 [main] ExplicitWait - Waiting for element to be visible: Located by By.chained({By.id: io.appium.android.apis:id/rotationZ})
-b989-929b40bb36e0/touch/perform &amp#27;[39m&amp#27;[32m200&amp#27;[39m &amp#27;[90m56[INFO ] 2021-06-18 15:59:10.910 [main] ExplicitWait - Waiting for element to be visible: Located by By.chained({By.id: io.appium.android.apis:id/rotationZ})
6 ms - 14&amp#27;[39m
&amp#27;[35m[HTTP]&amp#27;[39m &amp#27;[90m&amp#27;[39m
&amp#27;[35m[HTTP]&amp#27;[39m &amp#27;[37m-->&amp#27;[39m &amp#27;[37mPOST&amp#27;[39m &amp#27;[37m/wd/hub/session/cf730178-8621-4bf8-b989-929b40bb36e0/timeouts&amp#27;[39m
&amp#27;[35m[HTTP]&amp#27;[39m &amp#27;[90m{"implicit":0}&amp#27;[39m
[debug] &amp#27;[35m[W3C (cf730178)]&amp#27;[39m Calling AppiumDriver.timeouts() with args: [null,null,null,null,0,"cf730178-8621-4bf8-b989-929b40bb36e0"]
[debug] &amp#27;[35m[BaseDriver]&amp#27;[39m W3C timeout argument: {"implicit":0}}
[debug] &amp#27;[35m[BaseDriver]&amp#27;[39m Set implicit wait to 0ms
[debug] &amp#27;[35m[W3C (cf730178)]&amp#27;[39m Responding to client with driver.timeouts() result: null
&amp#27;[35m[HTTP]&amp#27;[39m &amp#27;[37m<-- POST /wd/hub/session/cf730178-8621-4bf8-b989-929b40bb36e0/timeouts &amp#27;[39m&amp#27;[32m200&amp#27;[39m &amp#27;[90m3 ms - 14&amp#27;[39m
&amp#27;[35m[HTTP]&amp#27;[39m &amp#27;[90m&amp#27;[39m
&amp#27;[35m[HTTP]&amp#27;[39m &amp#27;[37m-->&amp#27;[39m &amp#27;[37mGET&amp#27;[39m &amp#27;[37m/wd/hub/session/cf730178-8621-4bf8-b989-929b40bb36e0&amp#27;[39m
&amp#27;[35m[HTTP]&amp#27;[39m &amp#27;[90m{}&amp#27;[39m
[debug] &amp#27;[35m[W3C (cf730178)]&amp#27;[39m Calling AppiumDriver.getSession() with args: ["cf730178-8621-4bf8-b989-929b40bb36e0"]
[debug] &amp#27;[35m[UiAutomator2]&amp#27;[39m Getting session details from server to mix in
[debug] &amp#27;[35m[WD Proxy]&amp#27;[39m Matched '/' to command name 'getSession'
[debug] &amp#27;[35m[WD Proxy]&amp#27;[39m Proxying [GET /] to [GET http://127.0.0.1:8217/wd/hub/session/c5c3a627-67b1-4695-aa35-8adf780f0552] with no body
[debug] &amp#27;[35m[WD Proxy]&amp#27;[39m Got response with status 200: {"sessionId":"c5c3a627-67b1-4695-aa35-8adf780f0552","value":{"lastScrollData":null}}
[debug] &amp#27;[35m[W3C (cf730178)]&amp#27;[39m Responding to client with driver.getSession() result: {"platform":"LINUX","webStorageEnabled":false,"takesScreenshot":true,"javascriptEnabled":true,"databaseEnabled":false,"networkConnectionEnabled":true,"locationContextEnabled":false,"warnings":{},"desired":{"platformName":"android","app":"C:\\Users\\Anis\\eclipse-workspace\\Appium\\src\\ApiDemos-debug.apk","deviceName":"Redmi","newCommandTimeout":14},"platformName":"android","app":"C:\\Users\\Anis\\eclipse-workspace\\Appium\\src\\ApiDemos-debug.apk","deviceName":"55272e729804","newCommandTimeout":14,"deviceUDID":"55272e729804","appPackage":"io.appium.android.apis","deviceApiLevel":24,"platformVersion":"7.0","deviceScreenSize":"1080x1920","deviceScreenDensity":480,"deviceModel":"Redmi Note 4","deviceManufacturer":"Xiaomi","pixelRatio":3,"statBarHeight":72,"viewportRect":{"left":0,"top":72,"width":1080,"height":1848},"lastScrollData":null}
&amp#27;[35m[HTTP]&amp#27;[39m &amp#27;[37m<-- GET /wd/hub/session/cf730178-8621-4bf8-b989-929b40bb36e0 &amp#27;[39m&amp#27;[32m200&amp#27;[39m &amp#27;[90m10 ms - 858&amp#27;[39m
&amp#27;[35m[HTTP]&amp#27;[39m &amp#27;[90m&amp#27;[39m
&amp#27;[35m[HTTP]&amp#27;[39m &amp#27;[37m-->&amp#27;[39m &amp#27;[37mPOST&amp#27;[39m &amp#27;[37m/wd/hub/session/cf730178-8621-4bf8-b989-929b40bb36e0/element&amp#27;[39m
&amp#27;[35m[HTTP]&amp#27;[39m &amp#27;[90m{"using":"id","value":"io.appium.android.apis:id/rotationZ"}&amp#27;[39m
[debug] &amp#27;[35m[W3C (cf730178)]&amp#27;[39m Calling AppiumDriver.findElement() with args: ["id","io.appium.android.apis:id/rotationZ","cf730178-8621-4bf8-b989-929b40bb36e0"]
[debug] &amp#27;[35m[BaseDriver]&amp#27;[39m Valid locator strategies for this request: xpath, id, class name, accessibility id, css selector, -android uiautomator
[debug] &amp#27;[35m[BaseDriver]&amp#27;[39m Waiting up to 0 ms for condition
[debug] &amp#27;[35m[WD Proxy]&amp#27;[39m Matched '/element' to command name 'findElement'
[debug] &amp#27;[35m[WD Proxy]&amp#27;[39m Proxying [POST /element] to [POST http://127.0.0.1:8217/wd/hub/session/c5c3a627-67b1-4695-aa35-8adf780f0552/element] with body: {"strategy":"id","selector":"io.appium.android.apis:id/rotationZ","context":"","multiple":false}
[debug] &amp#27;[35m[WD Proxy]&amp#27;[39m Got response with status 200: {"sessionId":"c5c3a627-67b1-4695-aa35-8adf780f0552","value":{"ELEMENT":"5437f38f-8bff-404f-a4c6-f0ac40a2b371","element-6066-11e4-a52e-4f735466cecf":"5437f38f-8bff-404f-a4c6-f0ac40a2b371"}}
[debug] &amp#27;[35m[W3C (cf730178)]&amp#27;[39m Responding to client with driver.findElement() result: {"element-6066-11e4-a52e-4f735466cecf":"5437f38f-8bff-404f-a4c6-f0ac40a2b371","ELEMENT":"5437f38f-8bff-404f-a4c6-f0ac40a2b371"}
&amp#27;[35m[HTTP]&amp#27;[39m &amp#27;[37m<-- POST /wd/hub/session/cf730178-8621-4bf8-b989-929b40bb36e0/element &amp#27;[39m&amp#27;[32m200&amp#27;[39m &amp#27;[90m171 ms - 137&amp#27;[39m
&amp#27;[35m[HTTP]&amp#27;[39m &amp#27;[90m&amp#27;[39m
&amp#27;[35m[HTTP]&amp#27;[39m &amp#27;[37m-->&amp#27;[39m &amp#27;[37mGET&amp#27;[39m &amp#27;[37m/wd/hub/session/cf730178-8621-4bf8-b989-929b40bb36e0/element/5437f38f-8bff-404f-a4c6-f0ac40a2b371/displayed&amp#27;[39m
&amp#27;[35m[HTTP]&amp#27;[39m &amp#27;[90m{}&amp#27;[39m
[debug] &amp#27;[35m[W3C (cf730178)]&amp#27;[39m Calling AppiumDriver.elementDisplayed() with args: ["5437f38f-8bff-404f-a4c6-f0ac40a2b371","cf730178-8621-4bf8-b989-929b40bb36e0"]
[debug] &amp#27;[35m[WD Proxy]&amp#27;[39m Matched '/element/5437f38f-8bff-404f-a4c6-f0ac40a2b371/attribute/displayed' to command name 'getAttribute'
[debug] &amp#27;[35m[WD Proxy]&amp#27;[39m Proxying [GET /element/5437f38f-8bff-404f-a4c6-f0ac40a2b371/attribute/displayed] to [GET http://127.0.0.1:8217/wd/hub/session/c5c3a627-67b1-4695-aa35-8adf780f0552/element/5437f38f-8bff-404f-a4c6-f0ac40a2b371/attribute/displayed] with no body
[debug] &amp#27;[35m[WD Proxy]&amp#27;[39m Got response with status 200: {"sessionId":"c5c3a627-67b1-4695-aa35-8adf780f0552","value":"true"}
[debug] &amp#27;[35m[W3C (cf730178)]&amp#27;[39m Responding to client with driver.elementDisplayed() result: true
&amp#27;[35m[HTTP]&amp#27;[39m &amp#27;[37m<-- GET /wd/hub/session/cf730178-8621-4bf8-b989-929b40bb36e0/element/5437f38f-8bff-404f-a4c6-f0ac40a2b371/displayed &amp#27;[39m&amp#27;[32m200&amp#27;[39m &amp#27;[90m13 ms - 14&amp#27;[39m
&amp#27;[35m[HTTP]&amp#27;[39m &amp#27;[90m&amp#27;[39m
&amp#27;[35m[HTTP]&amp#27;[39m &amp#27;[37m-->&amp#27;[39m &amp#27;[37mPOST&amp#27;[39m &amp#27;[37m/wd/hub/session/cf730178-8621-4bf8-b989-929b40bb36e0/timeouts&amp#27;[39m
&amp#27;[35m[HTTP]&amp#27;[39m &amp#27;[90m{"implicit":10000}&amp#27;[39m
[debug] &amp#27;[35m[W3C (cf730178)]&amp#27;[39m Calling AppiumDriver.timeouts() with args: [null,null,null,null,10000,"cf730178-8621-4bf8-b989-929b40bb36e0"]
[debug] &amp#27;[35m[BaseDriver]&amp#27;[39m W3C timeout argument: {"implicit":10000}}
[debug] &amp#27;[35m[BaseDriver]&amp#27;[39m Set implicit wait to 10000ms
[debug] &amp#27;[35m[W3C (cf730178)]&amp#27;[39m Responding to client with driver.timeouts() result: null
&amp#27;[35m[HTTP]&amp#27;[39m &amp#27;[37m<-- POST /wd/hub/session/cf730178-8621-4bf8-b989-929b40bb36e0/timeouts &amp#27;[39m&amp#27;[32m200&amp#27;[39m &amp#27;[90m3 ms - 14&amp#27;[39m
&amp#27;[35m[[INFO ] 2021-06-18 15:59:11.153 [main] ViewsPage - Clicks The Z Bar
HTTP]&amp#27;[39m &amp#27;[90m&amp#27;[39m
&amp#27;[35m[HTTP]&amp#27;[39m &amp#27;[37m-->&amp#27;[39m &amp#27;[37mGET&amp#27;[39m &amp#27;[37m/wd/hub/session/cf730178-8621-4bf8-b989-929b40bb36e0&amp#27;[39m
&amp#27;[35m[HTTP]&amp#27;[39m &amp#27;[90m{}&amp#27;[39m
[debug] &amp#27;[35m[W3C (cf730178)]&amp#27;[39m Calling AppiumDriver.getSession() with args: ["cf730178-8621-4bf8-b989-929b40bb36e0"]
[debug] &amp#27;[35m[UiAutomator2]&amp#27;[39m Getting session details from server to mix in
[debug] &amp#27;[35m[WD Proxy]&amp#27;[39m Matched '/' to command name 'getSession'
[debug] &amp#27;[35m[WD Proxy]&amp#27;[39m Proxying [GET /] to [GET http://127.0.0.1:8217/wd/hub/session/c5c3a627-67b1-4695-aa35-8adf780f0552] with no body
[debug] &amp#27;[35m[WD Proxy]&amp#27;[39m Got response with status 200: {"sessionId":"c5c3a627-67b1-4695-aa35-8adf780f0552","value":{"lastScrollData":null}}
[debug] &amp#27;[35m[W3C (cf730178)]&amp#27;[39m Responding to client with driver.getSession() result: {"platform":"LINUX","webStorageEnabled":false,"takesScreenshot":true,"javascriptEnabled":true,"databaseEnabled":false,"networkConnectionEnabled":true,"locationContextEnabled":false,"warnings":{},"desired":{"platformName":"android","app":"C:\\Users\\Anis\\eclipse-workspace\\Appium\\src\\ApiDemos-debug.apk","deviceName":"Redmi","newCommandTimeout":14},"platformName":"android","app":"C:\\Users\\Anis\\eclipse-workspace\\Appium\\src\\ApiDemos-debug.apk","deviceName":"55272e729804","newCommandTimeout":14,"deviceUDID":"55272e729804","appPackage":"io.appium.android.apis","deviceApiLevel":24,"platformVersion":"7.0","deviceScreenSize":"1080x1920","deviceScreenDensity":480,"deviceModel":"Redmi Note 4","deviceManufacturer":"Xiaomi","pixelRatio":3,"statBarHeight":72,"viewportRect":{"left":0,"top":72,"width":1080,"height":1848},"lastScrollData":null}
&amp#27;[35m[HTTP]&amp#27;[39m &amp#27;[37m<-- GET /wd/hub/session/cf730178-8621-4bf8-b989-929b40bb36e0 &amp#27;[39m&amp#27;[32m200&amp#27;[39m &amp#27;[90m9 ms - 858&amp#27;[39m
&amp#27;[35m[HTTP]&amp#27;[39m &amp#27;[90m&amp#27;[39m
&amp#27;[35m[HTTP]&amp#27;[39m &amp#27;[37m-->&amp#27;[39m &amp#27;[37mPOST&amp#27;[39m &amp#27;[37m/wd/hub/session/cf730178-8621-4bf8-b989-929b40bb36e0/element&amp#27;[39m
&amp#27;[35m[HTTP]&amp#27;[39m &amp#27;[90m{"using":"id","value":"io.appium.android.apis:id/rotationZ"}&amp#27;[39m
[debug] &amp#27;[35m[W3C (cf730178)]&amp#27;[39m Calling AppiumDriver.findElement() with args: ["id","io.appium.android.apis:id/rotationZ","cf730178-8621-4bf8-b989-929b40bb36e0"]
[debug] &amp#27;[35m[BaseDriver]&amp#27;[39m Valid locator strategies for this request: xpath, id, class name, accessibility id, css selector, -android uiautomator
[debug] &amp#27;[35m[BaseDriver]&amp#27;[39m Waiting up to 10000 ms for condition
[debug] &amp#27;[35m[WD Proxy]&amp#27;[39m Matched '/element' to command name 'findElement'
[debug] &amp#27;[35m[WD Proxy]&amp#27;[39m Proxying [POST /element] to [POST http://127.0.0.1:8217/wd/hub/session/c5c3a627-67b1-4695-aa35-8adf780f0552/element] with body: {"strategy":"id","selector":"io.appium.android.apis:id/rotationZ","context":"","multiple":false}
[debug] &amp#27;[35m[WD Proxy]&amp#27;[39m Got response with status 200: {"sessionId":"c5c3a627-67b1-4695-aa35-8adf780f0552","value":{"ELEMENT":"08c818f8-0c64-434c-a3ca-9e77e8a32613","element-6066-11e4-a52e-4f735466cecf":"08c818f8-0c64-434c-a3ca-9e77e8a32613"}}
[debug] &amp#27;[35m[W3C (cf730178)]&amp#27;[39m Responding to client with driver.findElement() result: {"element-6066-11e4-a52e-4f735466cecf":"08c818f8-0c64-434c-a3ca-9e77e8a32613","ELEMENT":"08c818f8-0c64-434c-a3ca-9e77e8a32613"}
&amp#27;[35m[HTTP]&amp#27;[39m &amp#27;[37m<-- POST /wd/hub/session/cf730178-8621-4bf8-b989-929b40bb36e0/element &amp#27;[39m&amp#27;[32m200&amp#27;[39m &amp#27;[90m23 ms - 137&amp#27;[39m
&amp#27;[35m[HTTP]&amp#27;[39m &amp#27;[90m&amp#27;[39m
&amp#27;[35m[HTTP]&amp#27;[39m &amp#27;[37m-->&amp#27;[39m &amp#27;[37mGET&amp#27;[39m &amp#27;[37m/wd/hub/session/cf730178-8621-4bf8-b989-929b40bb36e0&amp#27;[39m
&amp#27;[35m[HTTP]&amp#27;[39m &amp#27;[90m{}&amp#27;[39m
[debug] &amp#27;[35m[W3C (cf730178)]&amp#27;[39m Calling AppiumDriver.getSession() with args: ["cf730178-8621-4bf8-b989-929b40bb36e0"]
[debug] &amp#27;[35m[UiAutomator2]&amp#27;[39m Getting session details from server to mix in
[debug] &amp#27;[35m[WD Proxy]&amp#27;[39m Matched '/' to command name 'getSession'
[debug] &amp#27;[35m[WD Proxy]&amp#27;[39m Proxying [GET /] to [GET http://127.0.0.1:8217/wd/hub/session/c5c3a627-67b1-4695-aa35-8adf780f0552] with no body
[debug] &amp#27;[35m[WD Proxy]&amp#27;[39m Got response with status 200: {"sessionId":"c5c3a627-67b1-4695-aa35-8adf780f0552","value":{"lastScrollData":null}}
[debug] &amp#27;[35m[W3C (cf730178)]&amp#27;[39m Responding to client with driver.getSession() result: {"platform":"LINUX","webStorageEnabled":false,"takesScreenshot":true,"javascriptEnabled":true,"databaseEnabled":false,"networkConnectionEnabled":true,"locationContextEnabled":false,"warnings":{},"desired":{"platformName":"android","app":"C:\\Users\\Anis\\eclipse-workspace\\Appium\\src\\ApiDemos-debug.apk","deviceName":"Redmi","newCommandTimeout":14},"platformName":"android","app":"C:\\Users\\Anis\\eclipse-workspace\\Appium\\src\\ApiDemos-debug.apk","deviceName":"55272e729804","newCommandTimeout":14,"deviceUDID":"55272e729804","appPackage":"io.appium.android.apis","deviceApiLevel":24,"platformVersion":"7.0","deviceScreenSize":"1080x1920","deviceScreenDensity":480,"deviceModel":"Redmi Note 4","deviceManufacturer":"Xiaomi","pixelRatio":3,"statBarHeight":72,"viewportRect":{"left":0,"top":72,"width":1080,"height":1848},"lastScrollData":null}
&amp#27;[35m[HTTP]&amp#27;[39m &amp#27;[37m<-- GET /wd/hub/session/cf730178-8621-4bf8-b989-929b40bb36e0 &amp#27;[39m&amp#27;[32m200&amp#27;[39m &amp#27;[90m9 ms - 858&amp#27;[39m
&amp#27;[35m[HTTP]&amp#27;[39m &amp#27;[90m&amp#27;[39m
&amp#27;[35m[HTTP]&amp#27;[39m &amp#27;[37m-->&amp#27;[39m &amp#27;[37mPOST&amp#27;[39m &amp#27;[37m/wd/hub/session/cf730178-8621-4bf8-b989-929b40bb36e0/element&amp#27;[39m
&amp#27;[35m[HTTP]&amp#27;[39m &amp#27;[90m{"using":"id","value":"io.appium.android.apis:id/rotationZ"}&amp#27;[39m
[debug] &amp#27;[35m[W3C (cf730178)]&amp#27;[39m Calling AppiumDriver.findElement() with args: ["id","io.appium.android.apis:id/rotationZ","cf730178-8621-4bf8-b989-929b40bb36e0"]
[debug] &amp#27;[35m[BaseDriver]&amp#27;[39m Valid locator strategies for this request: xpath, id, class name, accessibility id, css selector, -android uiautomator
[debug] &amp#27;[35m[BaseDriver]&amp#27;[39m Waiting up to 10000 ms for condition
[debug] &amp#27;[35m[WD Proxy]&amp#27;[39m Matched '/element' to command name 'findElement'
[debug] &amp#27;[35m[WD Proxy]&amp#27;[39m Proxying [POST /element] to [POST http://127.0.0.1:8217/wd/hub/session/c5c3a627-67b1-4695-aa35-8adf780f0552/element] with body: {"strategy":"id","selector":"io.appium.android.apis:id/rotationZ","context":"","multiple":false}
[debug] &amp#27;[35m[WD Proxy]&amp#27;[39m Got response with status 200: {"sessionId":"c5c3a627-67b1-4695-aa35-8adf780f0552","value":{"ELEMENT":"b4180923-b150-42a0-987a-3091a48f6783","element-6066-11e4-a52e-4f735466cecf":"b4180923-b150-42a0-987a-3091a48f6783"}}
[debug] &amp#27;[35m[W3C (cf730178)]&amp#27;[39m Responding to client with driver.findElement() result: {"element-6066-11e4-a52e-4f735466cecf":"b4180923-b150-42a0-987a-3091a48f6783","ELEMENT":"b4180923-b150-42a0-987a-3091a48f6783"}
&amp#27;[35m[HTTP]&amp#27;[39m &amp#27;[37m<-- POST /wd/hub/session/cf730178-8621-4bf8-b989-929b40bb36e0/element &amp#27;[39m&amp#27;[32m200&amp#27;[39m &amp#27;[90m25 ms - 137&amp#27;[39m
&amp#27;[35m[HTTP]&amp#27;[39m &amp#27;[90m&amp#27;[39m
&amp#27;[35m[HTTP]&amp#27;[39m &amp#27;[37m-->&amp#27;[39m &amp#27;[37mPOST&amp#27;[39m &amp#27;[37m/wd/hub/session/cf730178-8621-4bf8-b989-929b40bb36e0/touch/perform&amp#27;[39m
&amp#27;[35m[HTTP]&amp#27;[39m &amp#27;[90m{"actions":[{"action":"longPress","options":{"element":"08c818f8-0c64-434c-a3ca-9e77e8a32613"}},{"action":"moveTo","options":{"x":250,"y":250,"element":"b4180923-b150-42a0-987a-3091a48f6783"}},{"action":"release","options":{}}]}&amp#27;[39m
[debug] &amp#27;[35m[W3C (cf730178)]&amp#27;[39m Calling AppiumDriver.performTouch() with args: [[{"action":"longPress","options":{"element":"08c818f8-0c64-434c-a3ca-9e77e8a32613"}},{"action":"moveTo","options":{"x":250,"y":250,"element":"b4180923-b150-42a0-987a-3091a48f6783"}},{"action":"release","options":{}}],"cf730178-8621-4bf8-b989-929b40bb36e0"]
&amp#27;[35m[UiAutomator2]&amp#27;[39m calling get location: 08c818f8-0c64-434c-a3ca-9e77e8a32613
[debug] &amp#27;[35m[WD Proxy]&amp#27;[39m Matched '/element/08c818f8-0c64-434c-a3ca-9e77e8a32613/location' to command name 'getLocation'
[debug] &amp#27;[35m[WD Proxy]&amp#27;[39m Proxying [GET /element/08c818f8-0c64-434c-a3ca-9e77e8a32613/location] to [GET http://127.0.0.1:8217/wd/hub/session/c5c3a627-67b1-4695-aa35-8adf780f0552/element/08c818f8-0c64-434c-a3ca-9e77e8a32613/location] with no body
[debug] &amp#27;[35m[WD Proxy]&amp#27;[39m Got response with status 200: {"sessionId":"c5c3a627-67b1-4695-aa35-8adf780f0552","value":{"x":796,"y":534}}
&amp#27;[35m[UiAutomator2]&amp#27;[39m calling get location: b4180923-b150-42a0-987a-3091a48f6783
[debug] &amp#27;[35m[WD Proxy]&amp#27;[39m Matched '/element/b4180923-b150-42a0-987a-3091a48f6783/location' to command name 'getLocation'
[debug] &amp#27;[35m[WD Proxy]&amp#27;[39m Proxying [GET /element/b4180923-b150-42a0-987a-3091a48f6783/location] to [GET http://127.0.0.1:8217/wd/hub/session/c5c3a627-67b1-4695-aa35-8adf780f0552/element/b4180923-b150-42a0-987a-3091a48f6783/location] with no body
[debug] &amp#27;[35m[WD Proxy]&amp#27;[39m Got response with status 200: {"sessionId":"c5c3a627-67b1-4695-aa35-8adf780f0552","value":{"x":796,"y":534}}
[debug] &amp#27;[35m[WD Proxy]&amp#27;[39m Proxying [POST /touch/drag] to [POST http://127.0.0.1:8217/wd/hub/session/c5c3a627-67b1-4695-aa35-8adf780f0552/touch/drag] with body: {"elementId":"08c818f8-0c64-434c-a3ca-9e77e8a32613","destElId":"b4180923-b150-42a0-987a-3091a48f6783","startX":796,"startY":534,"endX":1046,"endY":784,"steps":80}
[debug] &amp#27;[35m[WD Proxy]&amp#27;[39m Got response with status 200: {"sessionId":"c5c3a627-67b1-4695-aa35-8adf780f0552","value":null}
[debug] &amp#27;[35m[W3C (cf730178)]&amp#27;[39m Responding to client with driver.performTouch() result: null
&amp#27;[35m[HTTP]&amp#27;[39m &amp#27;[37m<-- POST /wd/hub/session/cf730178-8621-4bf8-b989-929b40bb36e0/touch/perform &amp#27;[39m&amp#27;[32m200&amp#27;[39m &amp#27;[90m553 ms - 14&amp#27;[39m
&amp#27;[35m[HTTP]&amp#27;[39m &amp#27;[90m&amp#27;[39m
&amp#27;[35m[HTTP]&amp#27;[39m &amp#27;[37m-->&amp#27;[39m &amp#27;[37mPOST&amp#27;[39m &amp#27;[37m/wd/hub/session/cf730178-8621-4bf8-b989-929b40bb36e0/back&amp#27;[39m
&amp#27;[35m[HTTP]&amp#27;[39m &amp#27;[90m{}&amp#27;[39m
&amp#27;[35m[W3C (cf730178)]&amp#27;[39m Driver proxy active, passing request on via HTTP proxy
[debug] &amp#27;[35m[WD Proxy]&amp#27;[39m Matched '/wd/hub/session/cf730178-8621-4bf8-b989-929b40bb36e0/back' to command name 'back'
[debug] &amp#27;[35m[WD Proxy]&amp#27;[39m Proxying [POST /wd/hub/session/cf730178-8621-4bf8-b989-929b40bb36e0/back] to [POST http://127.0.0.1:8217/wd/hub/session/c5c3a627-67b1-4695-aa35-8adf780f0552/back] with body: {}
[debug] &amp#27;[35m[WD Proxy]&amp#27;[39m Got response with status 200: {"sessionId":"c5c3a627-67b1-4695-aa35-8adf780f0552","value":null}
&amp#27;[35m[WD Proxy]&amp#27;[39m Replacing sessionId c5c3a627-67b1-4695-aa35-8adf780f0552 with cf730178-8621-4bf8-b989-929b40bb36e0
&amp#27;[35m[HTTP]&amp#27;[39m &amp#27;[37m<-- POST /wd/hub/session/cf730178-8621-4bf8-b989-929b40bb36e0/back &amp#27;[39m&amp#27;[32m200&amp#27;[39m &amp#27;[90m1904 ms - 65&amp#27;[39m
&amp#27;[35m[HTTP]&amp#27;[39m &amp#27;[90m&amp#27;[39m[INFO ] 2021-06-18 15:59:13.720 [main] ExplicitWait - Waiting for element to be visible: Located by By.chained({By.xpath: //android.widget.TextView[@content-desc="Rating Bar"]})

[INFO ] 2021-06-18 15:59:13.721 [main] ExplicitWait - Waiting for element to be visible: Located by By.chained({By.xpath: //android.widget.TextView[@content-desc="Rating Bar"]})
&amp#27;[35m[HTTP]&amp#27;[39m &amp#27;[37m-->&amp#27;[39m &amp#27;[37mPOST&amp#27;[39m &amp#27;[37m/wd/hub/session/cf730178-8621-4bf8-b989-929b40bb36e0/timeouts&amp#27;[39m
&amp#27;[35m[HTTP]&amp#27;[39m &amp#27;[90m{"implicit":0}&amp#27;[39m
[debug] &amp#27;[35m[W3C (cf730178)]&amp#27;[39m Calling AppiumDriver.timeouts() with args: [null,null,null,null,0,"cf730178-8621-4bf8-b989-929b40bb36e0"]
[debug] &amp#27;[35m[BaseDriver]&amp#27;[39m W3C timeout argument: {"implicit":0}}
[debug] &amp#27;[35m[BaseDriver]&amp#27;[39m Set implicit wait to 0ms
[debug] &amp#27;[35m[W3C (cf730178)]&amp#27;[39m Responding to client with driver.timeouts() result: null
&amp#27;[35m[HTTP]&amp#27;[39m &amp#27;[37m<-- POST /wd/hub/session/cf730178-8621-4bf8-b989-929b40bb36e0/timeouts &amp#27;[39m&amp#27;[32m200&amp#27;[39m &amp#27;[90m3 ms - 14&amp#27;[39m
&amp#27;[35m[HTTP]&amp#27;[39m &amp#27;[90m&amp#27;[39m
&amp#27;[35m[HTTP]&amp#27;[39m &amp#27;[37m-->&amp#27;[39m &amp#27;[37mGET&amp#27;[39m &amp#27;[37m/wd/hub/session/cf730178-8621-4bf8-b989-929b40bb36e0&amp#27;[39m
&amp#27;[35m[HTTP]&amp#27;[39m &amp#27;[90m{}&amp#27;[39m
[debug] &amp#27;[35m[W3C (cf730178)]&amp#27;[39m Calling AppiumDriver.getSession() with args: ["cf730178-8621-4bf8-b989-929b40bb36e0"]
[debug] &amp#27;[35m[UiAutomator2]&amp#27;[39m Getting session details from server to mix in
[debug] &amp#27;[35m[WD Proxy]&amp#27;[39m Matched '/' to command name 'getSession'
[debug] &amp#27;[35m[WD Proxy]&amp#27;[39m Proxying [GET /] to [GET http://127.0.0.1:8217/wd/hub/session/c5c3a627-67b1-4695-aa35-8adf780f0552] with no body
[debug] &amp#27;[35m[WD Proxy]&amp#27;[39m Got response with status 200: {"sessionId":"c5c3a627-67b1-4695-aa35-8adf780f0552","value":{"lastScrollData":null}}
[debug] &amp#27;[35m[W3C (cf730178)]&amp#27;[39m Responding to client with driver.getSession() result: {"platform":"LINUX","webStorageEnabled":false,"takesScreenshot":true,"javascriptEnabled":true,"databaseEnabled":false,"networkConnectionEnabled":true,"locationContextEnabled":false,"warnings":{},"desired":{"platformName":"android","app":"C:\\Users\\Anis\\eclipse-workspace\\Appium\\src\\ApiDemos-debug.apk","deviceName":"Redmi","newCommandTimeout":14},"platformName":"android","app":"C:\\Users\\Anis\\eclipse-workspace\\Appium\\src\\ApiDemos-debug.apk","deviceName":"55272e729804","newCommandTimeout":14,"deviceUDID":"55272e729804","appPackage":"io.appium.android.apis","deviceApiLevel":24,"platformVersion":"7.0","deviceScreenSize":"1080x1920","deviceScreenDensity":480,"deviceModel":"Redmi Note 4","deviceManufacturer":"Xiaomi","pixelRatio":3,"statBarHeight":72,"viewportRect":{"left":0,"top":72,"width":1080,"height":1848},"lastScrollData":null}
&amp#27;[35m[HTTP]&amp#27;[39m &amp#27;[37m<-- GET /wd/hub/session/cf730178-8621-4bf8-b989-929b40bb36e0 &amp#27;[39m&amp#27;[32m200&amp#27;[39m &amp#27;[90m11 ms - 858&amp#27;[39m
&amp#27;[35m[HTTP]&amp#27;[39m &amp#27;[90m&amp#27;[39m
&amp#27;[35m[HTTP]&amp#27;[39m &amp#27;[37m-->&amp#27;[39m &amp#27;[37mPOST&amp#27;[39m &amp#27;[37m/wd/hub/session/cf730178-8621-4bf8-b989-929b40bb36e0/element&amp#27;[39m
&amp#27;[35m[HTTP]&amp#27;[39m &amp#27;[90m{"using":"xpath","value":"//android.widget.TextView[@content-desc=\"Rating Bar\"]"}&amp#27;[39m
[debug] &amp#27;[35m[W3C (cf730178)]&amp#27;[39m Calling AppiumDriver.findElement() with args: ["xpath","//android.widget.TextView[@content-desc=\"Rating Bar\"]","cf730178-8621-4bf8-b989-929b40bb36e0"]
[debug] &amp#27;[35m[BaseDriver]&amp#27;[39m Valid locator strategies for this request: xpath, id, class name, accessibility id, css selector, -android uiautomator
[debug] &amp#27;[35m[BaseDriver]&amp#27;[39m Waiting up to 0 ms for condition
[debug] &amp#27;[35m[WD Proxy]&amp#27;[39m Matched '/element' to command name 'findElement'
[debug] &amp#27;[35m[WD Proxy]&amp#27;[39m Proxying [POST /element] to [POST http://127.0.0.1:8217/wd/hub/session/c5c3a627-67b1-4695-aa35-8adf780f0552/element] with body: {"strategy":"xpath","selector":"//android.widget.TextView[@content-desc=\"Rating Bar\"]","context":"","multiple":false}
[debug] &amp#27;[35m[WD Proxy]&amp#27;[39m Got response with status 200: {"sessionId":"c5c3a627-67b1-4695-aa35-8adf780f0552","value":{"ELEMENT":"fa7ac3f2-d612-4139-8d92-11ba4d54d51e","element-6066-11e4-a52e-4f735466cecf":"fa7ac3f2-d612-4139-8d92-11ba4d54d51e"}}
[debug] &amp#27;[35m[W3C (cf730178)]&amp#27;[39m Responding to client with driver.findElement() result: {"element-6066-11e4-a52e-4f735466cecf":"fa7ac3f2-d612-4139-8d92-11ba4d54d51e","ELEMENT":"fa7ac3f2-d612-4139-8d92-11ba4d54d51e"}
&amp#27;[35m[HTTP]&amp#27;[39m &amp#27;[37m<-- POST /wd/hub/session/cf730178-8621-4bf8-b989-929b40bb36e0/element &amp#27;[39m&amp#27;[32m200&amp#27;[39m &amp#27;[90m45 ms - 137&amp#27;[39m
&amp#27;[35m[HTTP]&amp#27;[39m &amp#27;[90m&amp#27;[39m
&amp#27;[35m[HTTP]&amp#27;[39m &amp#27;[37m-->&amp#27;[39m &amp#27;[37mGET&amp#27;[39m &amp#27;[37m/wd/hub/session/cf730178-8621-4bf8-b989-929b40bb36e0/element/fa7ac3f2-d612-4139-8d92-11ba4d54d51e/displayed&amp#27;[39m
&amp#27;[35m[HTTP]&amp#27;[39m &amp#27;[90m{}&amp#27;[39m
[debug] &amp#27;[35m[W3C (cf730178)]&amp#27;[39m Calling AppiumDriver.elementDisplayed() with args: ["fa7ac3f2-d612-4139-8d92-11ba4d54d51e","cf730178-8621-4bf8-b989-929b40bb36e0"]
[debug] &amp#27;[35m[WD Proxy]&amp#27;[39m Matched '/element/fa7ac3f2-d612-4139-8d92-11ba4d54d51e/attribute/displayed' to command name 'getAttribute'
[debug] &amp#27;[35m[WD Proxy]&amp#27;[39m Proxying [GET /element/fa7ac3f2-d612-4139-8d92-11ba4d54d51e/attribute/displayed] to [GET http://127.0.0.1:8217/wd/hub/session/c5c3a627-67b1-4695-aa35-8adf780f0552/element/fa7ac3f2-d612-4139-8d92-11ba4d54d51e/attribute/displayed] with no body
[debug] &amp#27;[35m[WD Proxy]&amp#27;[39m Got response with status 200: {"sessionId":"c5c3a627-67b1-4695-aa35-8adf780f0552","value":"true"}
[debug] &amp#27;[35m[W3C (cf730178)]&amp#27;[39m Responding to client with driver.elementDisplayed() result: true
&amp#27;[35m[HTTP]&amp#27;[39m &amp#27;[37m<-- GET /wd/hub/session/cf730178-8621-4bf8-b989-929b40bb36e0/element/fa7ac3f2-d612-4139-8d92-11ba4d54d51e/displayed &amp#27;[39m&amp#27;[32m200&amp#27;[39m &amp#27;[90m13 ms - 14&amp#27;[39m
&amp#27;[35m[HTTP]&amp#27;[39m &amp#27;[90m&amp#27;[39m
&amp#27;[35m[HTTP]&amp#27;[39m &amp#27;[37m-->&amp#27;[39m &amp#27;[37mPOST&amp#27;[39m &amp#27;[37m/wd/hub/session/cf730178-8621-4bf8-b989-929b40bb36e0/timeouts&amp#27;[39m
&amp#27;[35m[HTTP]&amp#27;[39m &amp#27;[90m{"implicit":10000}&amp#27;[39m
[debug] &amp#27;[35m[W3C (cf730178)]&amp#27;[39m Calling AppiumDriver.timeouts() with args: [null,null,null,null,10000,"cf730178-8621-4bf8-b989-929b40bb36e0"]
[debug] &amp#27;[35m[BaseDriver]&amp#27;[39m W3C timeout argument: {"implicit":10000}}
[debug] &amp#27;[35m[BaseDriver]&amp#27;[39m Set implicit wait to 10000ms
[debug] &amp#27;[35m[W3C (cf730178)]&amp#27;[39m Responding to client with driver.timeouts() result: null
&amp#27;[35m[HTTP]&amp#27;[39m &amp#27;[37m<-- POST /wd/hub/session/cf730178-8621-4bf8-b98[INFO ] 2021-06-18 15:59:13.837 [main] ViewsPage - Clicks The Rating Bar
9-929b40bb36e0/timeouts &amp#27;[39m&amp#27;[32m200&amp#27;[39m &amp#27;[90m2 ms - 14&amp#27;[39m
&amp#27;[35m[HTTP]&amp#27;[39m &amp#27;[90m&amp#27;[39m
[INFO ] 2021-06-18 15:59:13.838 [main] ExplicitWait - Waiting for element to be clickable: Located by By.chained({By.xpath: //android.widget.TextView[@content-desc="Rating Bar"]})
&amp#27;[35m[HTTP]&amp#27;[39m &amp#27;[37m-->&amp#27;[39m &amp#27;[37mPOST&amp#27;[39m &amp#27;[37m/wd/hub/session/cf730178-8621-4bf8-b989-929b40bb36e0/timeouts&amp#27;[39m
&amp#27;[35m[HTTP]&amp#27;[39m &amp#27;[90m{"implicit":0}&amp#27;[39m
[debug] &amp#27;[35m[W3C (cf730178)]&amp#27;[39m Calling AppiumDriver.timeouts() with args: [null,null,null,null,0,"cf730178-8621-4bf8-b989-929b40bb36e0"]
[debug] &amp#27;[35m[BaseDriver]&amp#27;[39m W3C timeout argument: {"implicit":0}}
[debug] &amp#27;[35m[BaseDriver]&amp#27;[39m Set implicit wait to 0ms
[debug] &amp#27;[35m[W3C (cf730178)]&amp#27;[39m Responding to client with driver.timeouts() result: null
&amp#27;[35m[HTTP]&amp#27;[39m &amp#27;[37m<-- POST /wd/hub/session/cf730178-8621-4bf8-b989-929b40bb36e0/timeouts &amp#27;[39m&amp#27;[32m200&amp#27;[39m &amp#27;[90m2 ms - 14&amp#27;[39m
&amp#27;[35m[HTTP]&amp#27;[39m &amp#27;[90m&amp#27;[39m
&amp#27;[35m[HTTP]&amp#27;[39m &amp#27;[37m-->&amp#27;[39m &amp#27;[37mGET&amp#27;[39m &amp#27;[37m/wd/hub/session/cf730178-8621-4bf8-b989-929b40bb36e0&amp#27;[39m
&amp#27;[35m[HTTP]&amp#27;[39m &amp#27;[90m{}&amp#27;[39m
[debug] &amp#27;[35m[W3C (cf730178)]&amp#27;[39m Calling AppiumDriver.getSession() with args: ["cf730178-8621-4bf8-b989-929b40bb36e0"]
[debug] &amp#27;[35m[UiAutomator2]&amp#27;[39m Getting session details from server to mix in
[debug] &amp#27;[35m[WD Proxy]&amp#27;[39m Matched '/' to command name 'getSession'
[debug] &amp#27;[35m[WD Proxy]&amp#27;[39m Proxying [GET /] to [GET http://127.0.0.1:8217/wd/hub/session/c5c3a627-67b1-4695-aa35-8adf780f0552] with no body
[debug] &amp#27;[35m[WD Proxy]&amp#27;[39m Got response with status 200: {"sessionId":"c5c3a627-67b1-4695-aa35-8adf780f0552","value":{"lastScrollData":null}}
[debug] &amp#27;[35m[W3C (cf730178)]&amp#27;[39m Responding to client with driver.getSession() result: {"platform":"LINUX","webStorageEnabled":false,"takesScreenshot":true,"javascriptEnabled":true,"databaseEnabled":false,"networkConnectionEnabled":true,"locationContextEnabled":false,"warnings":{},"desired":{"platformName":"android","app":"C:\\Users\\Anis\\eclipse-workspace\\Appium\\src\\ApiDemos-debug.apk","deviceName":"Redmi","newCommandTimeout":14},"platformName":"android","app":"C:\\Users\\Anis\\eclipse-workspace\\Appium\\src\\ApiDemos-debug.apk","deviceName":"55272e729804","newCommandTimeout":14,"deviceUDID":"55272e729804","appPackage":"io.appium.android.apis","deviceApiLevel":24,"platformVersion":"7.0","deviceScreenSize":"1080x1920","deviceScreenDensity":480,"deviceModel":"Redmi Note 4","deviceManufacturer":"Xiaomi","pixelRatio":3,"statBarHeight":72,"viewportRect":{"left":0,"top":72,"width":1080,"height":1848},"lastScrollData":null}
&amp#27;[35m[HTTP]&amp#27;[39m &amp#27;[37m<-- GET /wd/hub/session/cf730178-8621-4bf8-b989-929b40bb36e0 &amp#27;[39m&amp#27;[32m200&amp#27;[39m &amp#27;[90m12 ms - 858&amp#27;[39m
&amp#27;[35m[HTTP]&amp#27;[39m &amp#27;[90m&amp#27;[39m
&amp#27;[35m[HTTP]&amp#27;[39m &amp#27;[37m-->&amp#27;[39m &amp#27;[37mPOST&amp#27;[39m &amp#27;[37m/wd/hub/session/cf730178-8621-4bf8-b989-929b40bb36e0/element&amp#27;[39m
&amp#27;[35m[HTTP]&amp#27;[39m &amp#27;[90m{"using":"xpath","value":"//android.widget.TextView[@content-desc=\"Rating Bar\"]"}&amp#27;[39m
[debug] &amp#27;[35m[W3C (cf730178)]&amp#27;[39m Calling AppiumDriver.findElement() with args: ["xpath","//android.widget.TextView[@content-desc=\"Rating Bar\"]","cf730178-8621-4bf8-b989-929b40bb36e0"]
[debug] &amp#27;[35m[BaseDriver]&amp#27;[39m Valid locator strategies for this request: xpath, id, class name, accessibility id, css selector, -android uiautomator
[debug] &amp#27;[35m[BaseDriver]&amp#27;[39m Waiting up to 0 ms for condition
[debug] &amp#27;[35m[WD Proxy]&amp#27;[39m Matched '/element' to command name 'findElement'
[debug] &amp#27;[35m[WD Proxy]&amp#27;[39m Proxying [POST /element] to [POST http://127.0.0.1:8217/wd/hub/session/c5c3a627-67b1-4695-aa35-8adf780f0552/element] with body: {"strategy":"xpath","selector":"//android.widget.TextView[@content-desc=\"Rating Bar\"]","context":"","multiple":false}
[debug] &amp#27;[35m[WD Proxy]&amp#27;[39m Got response with status 200: {"sessionId":"c5c3a627-67b1-4695-aa35-8adf780f0552","value":{"ELEMENT":"452909b4-a0e0-4761-8e7c-95a9f3ceadbf","element-6066-11e4-a52e-4f735466cecf":"452909b4-a0e0-4761-8e7c-95a9f3ceadbf"}}
[debug] &amp#27;[35m[W3C (cf730178)]&amp#27;[39m Responding to client with driver.findElement() result: {"element-6066-11e4-a52e-4f735466cecf":"452909b4-a0e0-4761-8e7c-95a9f3ceadbf","ELEMENT":"452909b4-a0e0-4761-8e7c-95a9f3ceadbf"}
&amp#27;[35m[HTTP]&amp#27;[39m &amp#27;[37m<-- POST /wd/hub/session/cf730178-8621-4bf8-b989-929b40bb36e0/element &amp#27;[39m&amp#27;[32m200&amp#27;[39m &amp#27;[90m43 ms - 137&amp#27;[39m
&amp#27;[35m[HTTP]&amp#27;[39m &amp#27;[90m&amp#27;[39m
&amp#27;[35m[HTTP]&amp#27;[39m &amp#27;[37m-->&amp#27;[39m &amp#27;[37mGET&amp#27;[39m &amp#27;[37m/wd/hub/session/cf730178-8621-4bf8-b989-929b40bb36e0/element/452909b4-a0e0-4761-8e7c-95a9f3ceadbf/displayed&amp#27;[39m
&amp#27;[35m[HTTP]&amp#27;[39m &amp#27;[90m{}&amp#27;[39m
[debug] &amp#27;[35m[W3C (cf730178)]&amp#27;[39m Calling AppiumDriver.elementDisplayed() with args: ["452909b4-a0e0-4761-8e7c-95a9f3ceadbf","cf730178-8621-4bf8-b989-929b40bb36e0"]
[debug] &amp#27;[35m[WD Proxy]&amp#27;[39m Matched '/element/452909b4-a0e0-4761-8e7c-95a9f3ceadbf/attribute/displayed' to command name 'getAttribute'
[debug] &amp#27;[35m[WD Proxy]&amp#27;[39m Proxying [GET /element/452909b4-a0e0-4761-8e7c-95a9f3ceadbf/attribute/displayed] to [GET http://127.0.0.1:8217/wd/hub/session/c5c3a627-67b1-4695-aa35-8adf780f0552/element/452909b4-a0e0-4761-8e7c-95a9f3ceadbf/attribute/displayed] with no body
[debug] &amp#27;[35m[WD Proxy]&amp#27;[39m Got response with status 200: {"sessionId":"c5c3a627-67b1-4695-aa35-8adf780f0552","value":"true"}
[debug] &amp#27;[35m[W3C (cf730178)]&amp#27;[39m Responding to client with driver.elementDisplayed() result: true
&amp#27;[35m[HTTP]&amp#27;[39m &amp#27;[37m<-- GET /wd/hub/session/cf730178-8621-4bf8-b989-929b40bb36e0/element/452909b4-a0e0-4761-8e7c-95a9f3ceadbf/displayed &amp#27;[39m&amp#27;[32m200&amp#27;[39m &amp#27;[90m14 ms - 14&amp#27;[39m
&amp#27;[35m[HTTP]&amp#27;[39m &amp#27;[90m&amp#27;[39m
&amp#27;[35m[HTTP]&amp#27;[39m &amp#27;[37m-->&amp#27;[39m &amp#27;[37mGET&amp#27;[39m &amp#27;[37m/wd/hub/session/cf730178-8621-4bf8-b989-929b40bb36e0&amp#27;[39m
&amp#27;[35m[HTTP]&amp#27;[39m &amp#27;[90m{}&amp#27;[39m
[debug] &amp#27;[35m[W3C (cf730178)]&amp#27;[39m Calling AppiumDriver.getSession() with args: ["cf730178-8621-4bf8-b989-929b40bb36e0"]
[debug] &amp#27;[35m[UiAutomator2]&amp#27;[39m Getting session details from server to mix in
[debug] &amp#27;[35m[WD Proxy]&amp#27;[39m Matched '/' to command name 'getSession'
[debug] &amp#27;[35m[WD Proxy]&amp#27;[39m Proxying [GET /] to [GET http://127.0.0.1:8217/wd/hub/session/c5c3a627-67b1-4695-aa35-8adf780f0552] with no body
[debug] &amp#27;[35m[WD Proxy]&amp#27;[39m Got response with status 200: {"sessionId":"c5c3a627-67b1-4695-aa35-8adf780f0552","value":{"lastScrollData":null}}
[debug] &amp#27;[35m[W3C (cf730178)]&amp#27;[39m Responding to client with driver.getSession() result: {"platform":"LINUX","webStorageEnabled":false,"takesScreenshot":true,"javascriptEnabled":true,"databaseEnabled":false,"networkConnectionEnabled":true,"locationContextEnabled":false,"warnings":{},"desired":{"platformName":"android","app":"C:\\Users\\Anis\\eclipse-workspace\\Appium\\src\\ApiDemos-debug.apk","deviceName":"Redmi","newCommandTimeout":14},"platformName":"android","app":"C:\\Users\\Anis\\eclipse-workspace\\Appium\\src\\ApiDemos-debug.apk","deviceName":"55272e729804","newCommandTimeout":14,"deviceUDID":"55272e729804","appPackage":"io.appium.android.apis","deviceApiLevel":24,"platformVersion":"7.0","deviceScreenSize":"1080x1920","deviceScreenDensity":480,"deviceModel":"Redmi Note 4","deviceManufacturer":"Xiaomi","pixelRatio":3,"statBarHeight":72,"viewportRect":{"left":0,"top":72,"width":1080,"height":1848},"lastScrollData":null}
&amp#27;[35m[HTTP]&amp#27;[39m &amp#27;[37m<-- GET /wd/hub/session/cf730178-8621-4bf8-b989-929b40bb36e0 &amp#27;[39m&amp#27;[32m200&amp#27;[39m &amp#27;[90m12 ms - 858&amp#27;[39m
&amp#27;[35m[HTTP]&amp#27;[39m &amp#27;[90m&amp#27;[39m
&amp#27;[35m[HTTP]&amp#27;[39m &amp#27;[37m-->&amp#27;[39m &amp#27;[37mPOST&amp#27;[39m &amp#27;[37m/wd/hub/session/cf730178-8621-4bf8-b989-929b40bb36e0/element&amp#27;[39m
&amp#27;[35m[HTTP]&amp#27;[39m &amp#27;[90m{"using":"xpath","value":"//android.widget.TextView[@content-desc=\"Rating Bar\"]"}&amp#27;[39m
[debug] &amp#27;[35m[W3C (cf730178)]&amp#27;[39m Calling AppiumDriver.findElement() with args: ["xpath","//android.widget.TextView[@content-desc=\"Rating Bar\"]","cf730178-8621-4bf8-b989-929b40bb36e0"]
[debug] &amp#27;[35m[BaseDriver]&amp#27;[39m Valid locator strategies for this request: xpath, id, class name, accessibility id, css selector, -android uiautomator
[debug] &amp#27;[35m[BaseDriver]&amp#27;[39m Waiting up to 0 ms for condition
[debug] &amp#27;[35m[WD Proxy]&amp#27;[39m Matched '/element' to command name 'findElement'
[debug] &amp#27;[35m[WD Proxy]&amp#27;[39m Proxying [POST /element] to [POST http://127.0.0.1:8217/wd/hub/session/c5c3a627-67b1-4695-aa35-8adf780f0552/element] with body: {"strategy":"xpath","selector":"//android.widget.TextView[@content-desc=\"Rating Bar\"]","context":"","multiple":false}
[debug] &amp#27;[35m[WD Proxy]&amp#27;[39m Got response with status 200: {"sessionId":"c5c3a627-67b1-4695-aa35-8adf780f0552","value":{"ELEMENT":"864efd90-039d-4c3f-a0f8-c8f93b3d58e6","element-6066-11e4-a52e-4f735466cecf":"864efd90-039d-4c3f-a0f8-c8f93b3d58e6"}}
[debug] &amp#27;[35m[W3C (cf730178)]&amp#27;[39m Responding to client with driver.findElement() result: {"element-6066-11e4-a52e-4f735466cecf":"864efd90-039d-4c3f-a0f8-c8f93b3d58e6","ELEMENT":"864efd90-039d-4c3f-a0f8-c8f93b3d58e6"}
&amp#27;[35m[HTTP]&amp#27;[39m &amp#27;[37m<-- POST /wd/hub/session/cf730178-8621-4bf8-b989-929b40bb36e0/element &amp#27;[39m&amp#27;[32m200&amp#27;[39m &amp#27;[90m44 ms - 137&amp#27;[39m
&amp#27;[35m[HTTP]&amp#27;[39m &amp#27;[90m&amp#27;[39m
&amp#27;[35m[HTTP]&amp#27;[39m &amp#27;[37m-->&amp#27;[39m &amp#27;[37mGET&amp#27;[39m &amp#27;[37m/wd/hub/session/cf730178-8621-4bf8-b989-929b40bb36e0/element/864efd90-039d-4c3f-a0f8-c8f93b3d58e6/enabled&amp#27;[39m
&amp#27;[35m[HTTP]&amp#27;[39m &amp#27;[90m{}&amp#27;[39m
[debug] &amp#27;[35m[W3C (cf730178)]&amp#27;[39m Calling AppiumDriver.elementEnabled() with args: ["864efd90-039d-4c3f-a0f8-c8f93b3d58e6","cf730178-8621-4bf8-b989-929b40bb36e0"]
[debug] &amp#27;[35m[WD Proxy]&amp#27;[39m Matched '/element/864efd90-039d-4c3f-a0f8-c8f93b3d58e6/attribute/enabled' to command name 'getAttribute'
[debug] &amp#27;[35m[WD Proxy]&amp#27;[39m Proxying [GET /element/864efd90-039d-4c3f-a0f8-c8f93b3d58e6/attribute/enabled] to [GET http://127.0.0.1:8217/wd/hub/session/c5c3a627-67b1-4695-aa35-8adf780f0552/element/864efd90-039d-4c3f-a0f8-c8f93b3d58e6/attribute/enabled] with no body
[debug] &amp#27;[35m[WD Proxy]&amp#27;[39m Got response with status 200: {"sessionId":"c5c3a627-67b1-4695-aa35-8adf780f0552","value":"true"}
[debug] &amp#27;[35m[W3C (cf730178)]&amp#27;[39m Responding to client with driver.elementEnabled() result: true
&amp#27;[35m[HTTP]&amp#27;[39m &amp#27;[37m<-- GET /wd/hub/session/cf730178-8621-4bf8-b989-929b40bb36e0/element/864efd90-039d-4c3f-a0f8-c8f93b3d58e6/enabled &amp#27;[39m&amp#27;[32m200&amp#27;[39m &amp#27;[90m14 ms - 14&amp#27;[39m
&amp#27;[35m[HTTP]&amp#27;[39m &amp#27;[90m&amp#27;[39m
&amp#27;[35m[HTTP]&amp#27;[39m &amp#27;[37m-->&amp#27;[39m &amp#27;[37mPOST&amp#27;[39m &amp#27;[37m/wd/hub/session/cf730178-8621-4bf8-b989-929b40bb36e0/timeouts&amp#27;[39m
&amp#27;[35m[HTTP]&amp#27;[39m &amp#27;[90m{"implicit":10000}&amp#27;[39m
[debug] &amp#27;[35m[W3C (cf730178)]&amp#27;[39m Calling AppiumDriver.timeouts() with args: [null,null,null,null,10000,"cf730178-8621-4bf8-b989-929b40bb36e0"]
[debug] &amp#27;[35m[BaseDriver]&amp#27;[39m W3C timeout argument: {"implicit":10000}}
[debug] &amp#27;[35m[BaseDriver]&amp#27;[39m Set implicit wait to 10000ms
[debug] &amp#27;[35m[W3C (cf730178)]&amp#27;[39m Responding to client with driver.timeouts() result: null
&amp#27;[35m[HTTP]&amp#27;[39m &amp#27;[37m<-- POST /wd/hub/session/cf730178-8621-4bf8-b989-929b40bb36e0/timeouts &amp#27;[39m&amp#27;[32m200&amp#27;[39m &amp#27;[90m2 ms - 14&amp#27;[39m
&amp#27;[35m[HTTP]&amp#27;[39m &amp#27;[90m&amp#27;[39m
&amp#27;[35m[HTTP]&amp#27;[39m &amp#27;[37m-->&amp#27;[39m &amp#27;[37mGET&amp#27;[39m &amp#27;[37m/wd/hub/session/cf730178-8621-4bf8-b989-929b40bb36e0&amp#27;[39m
&amp#27;[35m[HTTP]&amp#27;[39m &amp#27;[90m{}&amp#27;[39m
[debug] &amp#27;[35m[W3C (cf730178)]&amp#27;[39m Calling AppiumDriver.getSession() with args: ["cf730178-8621-4bf8-b989-929b40bb36e0"]
[debug] &amp#27;[35m[UiAutomator2]&amp#27;[39m Getting session details from server to mix in
[debug] &amp#27;[35m[WD Proxy]&amp#27;[39m Matched '/' to command name 'getSession'
[debug] &amp#27;[35m[WD Proxy]&amp#27;[39m Proxying [GET /] to [GET http://127.0.0.1:8217/wd/hub/session/c5c3a627-67b1-4695-aa35-8adf780f0552] with no body
[debug] &amp#27;[35m[WD Proxy]&amp#27;[39m Got response with status 200: {"sessionId":"c5c3a627-67b1-4695-aa35-8adf780f0552","value":{"lastScrollData":null}}
[debug] &amp#27;[35m[W3C (cf730178)]&amp#27;[39m Responding to client with driver.getSession() result: {"platform":"LINUX","webStorageEnabled":false,"takesScreenshot":true,"javascriptEnabled":true,"databaseEnabled":false,"networkConnectionEnabled":true,"locationContextEnabled":false,"warnings":{},"desired":{"platformName":"android","app":"C:\\Users\\Anis\\eclipse-workspace\\Appium\\src\\ApiDemos-debug.apk","deviceName":"Redmi","newCommandTimeout":14},"platformName":"android","app":"C:\\Users\\Anis\\eclipse-workspace\\Appium\\src\\ApiDemos-debug.apk","deviceName":"55272e729804","newCommandTimeout":14,"deviceUDID":"55272e729804","appPackage":"io.appium.android.apis","deviceApiLevel":24,"platformVersion":"7.0","deviceScreenSize":"1080x1920","deviceScreenDensity":480,"deviceModel":"Redmi Note 4","deviceManufacturer":"Xiaomi","pixelRatio":3,"statBarHeight":72,"viewportRect":{"left":0,"top":72,"width":1080,"height":1848},"lastScrollData":null}
&amp#27;[35m[HTTP]&amp#27;[39m &amp#27;[37m<-- GET /wd/hub/session/cf730178-8621-4bf8-b989-929b40bb36e0 &amp#27;[39m&amp#27;[32m200&amp#27;[39m &amp#27;[90m11 ms - 858&amp#27;[39m
&amp#27;[35m[HTTP]&amp#27;[39m &amp#27;[90m&amp#27;[39m
&amp#27;[35m[HTTP]&amp#27;[39m &amp#27;[37m-->&amp#27;[39m &amp#27;[37mPOST&amp#27;[39m &amp#27;[37m/wd/hub/session/cf730178-8621-4bf8-b989-929b40bb36e0/element&amp#27;[39m
&amp#27;[35m[HTTP]&amp#27;[39m &amp#27;[90m{"using":"xpath","value":"//android.widget.TextView[@content-desc=\"Rating Bar\"]"}&amp#27;[39m
[debug] &amp#27;[35m[W3C (cf730178)]&amp#27;[39m Calling AppiumDriver.findElement() with args: ["xpath","//android.widget.TextView[@content-desc=\"Rating Bar\"]","cf730178-8621-4bf8-b989-929b40bb36e0"]
[debug] &amp#27;[35m[BaseDriver]&amp#27;[39m Valid locator strategies for this request: xpath, id, class name, accessibility id, css selector, -android uiautomator
[debug] &amp#27;[35m[BaseDriver]&amp#27;[39m Waiting up to 10000 ms for condition
[debug] &amp#27;[35m[WD Proxy]&amp#27;[39m Matched '/element' to command name 'findElement'
[debug] &amp#27;[35m[WD Proxy]&amp#27;[39m Proxying [POST /element] to [POST http://127.0.0.1:8217/wd/hub/session/c5c3a627-67b1-4695-aa35-8adf780f0552/element] with body: {"strategy":"xpath","selector":"//android.widget.TextView[@content-desc=\"Rating Bar\"]","context":"","multiple":false}
[debug] &amp#27;[35m[WD Proxy]&amp#27;[39m Got response with status 200: {"sessionId":"c5c3a627-67b1-4695-aa35-8adf780f0552","value":{"ELEMENT":"6c54ff5d-21d1-49eb-b26b-b9638c1f6344","element-6066-11e4-a52e-4f735466cecf":"6c54ff5d-21d1-49eb-b26b-b9638c1f6344"}}
[debug] &amp#27;[35m[W3C (cf730178)]&amp#27;[39m Responding to client with driver.findElement() result: {"element-6066-11e4-a52e-4f735466cecf":"6c54ff5d-21d1-49eb-b26b-b9638c1f6344","ELEMENT":"6c54ff5d-21d1-49eb-b26b-b9638c1f6344"}
&amp#27;[35m[HTTP]&amp#27;[39m &amp#27;[37m<-- POST /wd/hub/session/cf730178-8621-4bf8-b989-929b40bb36e0/element &amp#27;[39m&amp#27;[32m200&amp#27;[39m &amp#27;[90m61 ms - 137&amp#27;[39m
&amp#27;[35m[HTTP]&amp#27;[39m &amp#27;[90m&amp#27;[39m
&amp#27;[35m[HTTP]&amp#27;[39m &amp#27;[37m-->&amp#27;[39m &amp#27;[37mPOST&amp#27;[39m &amp#27;[37m/wd/hub/session/cf730178-8621-4bf8-b989-929b40bb36e0/element/6c54ff5d-21d1-49eb-b26b-b9638c1f6344/click&amp#27;[39m
&amp#27;[35m[HTTP]&amp#27;[39m &amp#27;[90m{"id":"6c54ff5d-21d1-49eb-b26b-b9638c1f6344"}&amp#27;[39m
[debug] &amp#27;[35m[W3C (cf730178)]&amp#27;[39m Calling AppiumDriver.click() with args: ["6c54ff5d-21d1-49eb-b26b-b9638c1f6344","cf730178-8621-4bf8-b989-929b40bb36e0"]
[debug] &amp#27;[35m[WD Proxy]&amp#27;[39m Matched '/element/6c54ff5d-21d1-49eb-b26b-b9638c1f6344/click' to command name 'click'
[debug] &amp#27;[35m[WD Proxy]&amp#27;[39m Proxying [POST /element/6c54ff5d-21d1-49eb-b26b-b9638c1f6344/click] to [POST http://127.0.0.1:8217/wd/hub/session/c5c3a627-67b1-4695-aa35-8adf780f0552/element/6c54ff5d-21d1-49eb-b26b-b9638c1f6344/click] with body: {"element":"6c54ff5d-21d1-49eb-b26b-b9638c1f6344"}
[debug] &amp#27;[35m[WD Proxy]&amp#27;[39m Got response with status 200: {"sessionId":"c5c3a627-67b1-4695-aa35-8adf780f0552","value":null}
[debug] &amp#27;[35m[W3C (cf730178)]&amp#27;[39m Responding to client with driver.click() result: null
&amp#27;[35m[HTTP]&amp#27;[39m &amp#27;[37m<-- POST /wd/hub/session/cf730178-8621-4bf8-b989-929b40bb36e0/element/6c54ff5d-21d1-49eb-b26b-b9638c1f6344/click &amp#27;[39m&amp#27;[32m200&amp#27;[39m &amp#27;[90m1227 ms - 14&amp#27;[39m
&amp#27;[35m[HTTP]&amp#27;[39m &amp#27;[90m&amp#27;[39m
&amp#27;[35m[HTTP]&amp#27;[39m &amp#27;[37m-->&amp#27;[39m &amp#27;[37mGET&amp#27;[39m &amp#27;[37m/wd/hub/session/cf730178-8621-4bf8-b989-929b40bb36e0&amp#27;[39m
&amp#27;[35m[HTTP]&amp#27;[39m &amp#27;[90m{}&amp#27;[39m
[debug] &amp#27;[35m[W3C (cf730178)]&amp#27;[39m Calling AppiumDriver.getSession() with args: ["cf730178-8621-4bf8-b989-929b40bb36e0"]
[debug] &amp#27;[35m[UiAutomator2]&amp#27;[39m Getting session details from server to mix in
[debug] &amp#27;[35m[WD Proxy]&amp#27;[39m Matched '/' to command name 'getSession'
[debug] &amp#27;[35m[WD Proxy]&amp#27;[39m Proxying [GET /] to [GET http://127.0.0.1:8217/wd/hub/session/c5c3a627-67b1-4695-aa35-8adf780f0552] with no body
[debug] &amp#27;[35m[WD Proxy]&amp#27;[39m Got response with status 200: {"sessionId":"c5c3a627-67b1-4695-aa35-8adf780f0552","value":{"lastScrollData":null}}
[debug] &amp#27;[35m[W3C (cf730178)]&amp#27;[39m Responding to client with driver.getSession() result: {"platform":"LINUX","webStorageEnabled":false,"takesScreenshot":true,"javascriptEnabled":true,"databaseEnabled":false,"networkConnectionEnabled":true,"locationContextEnabled":false,"warnings":{},"desired":{"platformName":"android","app":"C:\\Users\\Anis\\eclipse-workspace\\Appium\\src\\ApiDemos-debug.apk","deviceName":"Redmi","newCommandTimeout":14},"platformName":"android","app":"C:\\Users\\Anis\\eclipse-workspace\\Appium\\src\\ApiDemos-debug.apk","deviceName":"55272e729804","newCommandTimeout":14,"deviceUDID":"55272e729804","appPackage":"io.appium.android.apis","deviceApiLevel":24,"platformVersion":"7.0","deviceScreenSize":"1080x1920","deviceScreenDensity":480,"deviceModel":"Redmi Note 4","deviceManufacturer":"Xiaomi","pixelRatio":3,"statBarHeight":72,"viewportRect":{"left":0,"top":72,"width":1080,"height":1848},"lastScrollData":null}
&amp#27;[35m[HTTP]&amp#27;[39m &amp#27;[37m<-- GET /wd/hub/session/cf730178-8621-4bf8-b989-929b40bb36e0 &amp#27;[39m&amp#27;[32m200&amp#27;[39m &amp#27;[90m10 ms - 858&amp#27;[39m
&amp#27;[35m[HTTP]&amp#27;[39m &amp#27;[90m&amp#27;[39m
&amp#27;[35m[HTTP]&amp#27;[39m &amp#27;[37m-->&amp#27;[39m &amp#27;[37mGET&amp#27;[39m &amp#27;[37m/wd/hub/session/cf730178-8621-4bf8-b989-929b40bb36e0&amp#27;[39m
&amp#27;[35m[HTTP]&amp#27;[39m &amp#27;[90m{}&amp#27;[39m
[debug] &amp#27;[35m[W3C (cf730178)]&amp#27;[39m Calling AppiumDriver.getSession() with args: ["cf730178-8621-4bf8-b989-929b40bb36e0"]
[debug] &amp#27;[35m[UiAutomator2]&amp#27;[39m Getting session details from server to mix in
[debug] &amp#27;[35m[WD Proxy]&amp#27;[39m Matched '/' to command name 'getSession'
[debug] &amp#27;[35m[WD Proxy]&amp#27;[39m Proxying [GET /] to [GET http://127.0.0.1:8217/wd/hub/session/c5c3a627-67b1-4695-aa35-8adf780f0552] with no body
[debug] &amp#27;[35m[WD Proxy]&amp#27;[39m Got response with status 200: {"sessionId":"c5c3a627-67b1-4695-aa35-8adf780f0552","value":{"lastScrollData":null}}
[debug] &amp#27;[35m[W3C (cf730178)]&amp#27;[39m Responding to client with driver.getSession() result: {"platform":"LINUX","webStorageEnabled":false,"takesScreenshot":true,"javascriptEnabled":true,"databaseEnabled":false,"networkConnectionEnabled":true,"locationContextEnabled":false,"warnings":{},"desired":{"platformName":"android","app":"C:\\Users\\Anis\\eclipse-workspace\\Appium\\src\\ApiDemos-debug.apk","deviceName":"Redmi","newCommandTimeout":14},"platformName":"android","app":"C:\\Users\\Anis\\eclipse-workspace\\Appium\\src\\ApiDemos-debug.apk","deviceName":"55272e729804","newCommandTimeout":14,"deviceUDID":"55272e729804","appPackage":"io.appium.android.apis","deviceApiLevel":24,"platformVersion":"7.0","deviceScreenSize":"1080x1920","deviceScreenDensity":480,"deviceModel":"Redmi Note 4","deviceManufacturer":"Xiaomi","pixelRatio":3,"statBarHeight":72,"viewportRect":{"left":0,"top":72,"width":1080,"height":1848},"lastScrollData":null}
&amp#27;[35m[HTTP]&amp#27;[39m &amp#27;[37m<-- GET /wd/hub/session/cf730178-8621-4bf8-b989-929b40bb36e0 &amp#27;[39m&amp#27;[32m200&amp#27;[39m &amp#27;[90m9 ms - 858&amp#27;[39m
&amp#27;[35m[HTTP]&amp#27;[39m &amp#27;[90m&amp#27;[39m
&amp#27;[35m[HTTP]&amp#27;[39m &amp#27;[37m-->&amp#27;[39m &amp#27;[37mGET&amp#27;[39m &amp#27;[37m/wd/hub/session/cf730178-8621-4bf8-b989-929b40bb36e0&amp#27;[39m
&amp#27;[35m[HTTP]&amp#27;[39m &amp#27;[90m{}&amp#27;[39m
[debug] &amp#27;[35m[W3C (cf730178)]&amp#27;[39m Calling AppiumDriver.getSession() with args: ["cf730178-8621-4bf8-b989-929b40bb36e0"]
[debug] &amp#27;[35m[UiAutomator2]&amp#27;[39m Getting session details from server to mix in
[debug] &amp#27;[35m[WD Proxy]&amp#27;[39m Matched '/' to command name 'getSession'
[debug] &amp#27;[35m[WD Proxy]&amp#27;[39m Proxying [GET /] to [GET http://127.0.0.1:8217/wd/hub/session/c5c3a627-67b1-4695-aa35-8adf780f0552] with no body
[debug] &amp#27;[35m[WD Proxy]&amp#27;[39m Got response with status 200: {"sessionId":"c5c3a627-67b1-4695-aa35-8adf780f0552","value":{"lastScrollData":null}}
[debug] &amp#27;[35m[W3C (cf730178)]&amp#27;[39m Responding to client with driver.getSession() result: {"platform":"LINUX","webStorageEnabled":false,"takesScreenshot":true,"javascriptEnabled":true,"databaseEnabled":false,"networkConnectionEnabled":true,"locationContextEnabled":false,"warnings":{},"desired":{"platformName":"android","app":"C:\\Users\\Anis\\eclipse-workspace\\Appium\\src\\ApiDemos-debug.apk","deviceName":"Redmi","newCommandTimeout":14},"platformName":"android","app":"C:\\Users\\Anis\\eclipse-workspace\\Appium\\src\\ApiDemos-debug.apk","deviceName":"55272e729804","newCommandTimeout":14,"deviceUDID":"55272e729804","appPackage":"io.appium.android.apis","deviceApiLevel":24,"platformVersion":"7.0","deviceScreenSize":"1080x1920","deviceScreenDensity":480,"deviceModel":"Redmi Note 4","deviceManufacturer":"Xiaomi","pixelRatio":3,"statBarHeight":72,"viewportRect":{"left":0,"top":72,"width":1080,"height":1848},"lastScrollData":null}
&amp#27;[35m[HTTP]&amp#27;[39m &amp#27;[37m<-- GET /wd/hub/session/cf730178-8621-4bf8-b989-929b40bb36e0 &amp#27;[39m&amp#27;[32m200&amp#27;[39m &amp#27;[90m10 ms - 858&amp#27;[39m
&amp#27;[35m[HTTP]&amp#27;[39m &amp#27;[90m&amp#27;[39m
&amp#27;[35m[HTTP]&amp#27;[39m &amp#27;[37m-->&amp#27;[39m &amp#27;[37mPOST&amp#27;[39m &amp#27;[37m/wd/hub/session/cf730178-8621-4bf8-b989-929b40bb36e0/element&amp#27;[39m
&amp#27;[35m[HTTP]&amp#27;[39m &amp#27;[90m{"using":"id","value":"io.appium.android.apis:id/ratingbar2"}&amp#27;[39m
[debug] &amp#27;[35m[W3C (cf730178)]&amp#27;[39m Calling AppiumDriver.findElement() with args: ["id","io.appium.android.apis:id/ratingbar2","cf730178-8621-4bf8-b989-929b40bb36e0"]
[debug] &amp#27;[35m[BaseDriver]&amp#27;[39m Valid locator strategies for this request: xpath, id, class name, accessibility id, css selector, -android uiautomator
[debug] &amp#27;[35m[BaseDriver]&amp#27;[39m Waiting up to 10000 ms for condition
[debug] &amp#27;[35m[WD Proxy]&amp#27;[39m Matched '/element' to command name 'findElement'
[debug] &amp#27;[35m[WD Proxy]&amp#27;[39m Proxying [POST /element] to [POST http://127.0.0.1:8217/wd/hub/session/c5c3a627-67b1-4695-aa35-8adf780f0552/element] with body: {"strategy":"id","selector":"io.appium.android.apis:id/ratingbar2","context":"","multiple":false}
[debug] &amp#27;[35m[WD Proxy]&amp#27;[39m Got response with status 200: {"sessionId":"c5c3a627-67b1-4695-aa35-8adf780f0552","value":{"ELEMENT":"28368475-9a93-4f74-9ee8-25639c97f9db","element-6066-11e4-a52e-4f735466cecf":"28368475-9a93-4f74-9ee8-25639c97f9db"}}
[debug] &amp#27;[35m[W3C (cf730178)]&amp#27;[39m Responding to client with driver.findElement() result: {"element-6066-11e4-a52e-4f735466cecf":"28368475-9a93-4f74-9ee8-25639c97f9db","ELEMENT":"28368475-9a93-4f74-9ee8-25639c97f9db"}
&amp#27;[35m[HTTP]&amp#27;[39m &amp#27;[37m<-- POST /wd/hub/session/cf730178-8621-4bf8-b989-929b40bb36e0/element &amp#27;[39m&amp#27;[32m200&amp#27;[39m &amp#27;[90m18 ms - 137&amp#27;[39m
&amp#27;[35m[HTTP]&amp#27;[39m &amp#27;[90m&amp#27;[39m
&amp#27;[35m[HTTP]&amp#27;[39m &amp#27;[37m-->&amp#27;[39m &amp#27;[37mGET&amp#27;[39m &amp#27;[37m/wd/hub/session/cf730178-8621-4bf8-b989-929b40bb36e0&amp#27;[39m
&amp#27;[35m[HTTP]&amp#27;[39m &amp#27;[90m{}&amp#27;[39m
[debug] &amp#27;[35m[W3C (cf730178)]&amp#27;[39m Calling AppiumDriver.getSession() with args: ["cf730178-8621-4bf8-b989-929b40bb36e0"]
[debug] &amp#27;[35m[UiAutomator2]&amp#27;[39m Getting session details from server to mix in
[debug] &amp#27;[35m[WD Proxy]&amp#27;[39m Matched '/' to command name 'getSession'
[debug] &amp#27;[35m[WD Proxy]&amp#27;[39m Proxying [GET /] to [GET http://127.0.0.1:8217/wd/hub/session/c5c3a627-67b1-4695-aa35-8adf780f0552] with no body
[debug] &amp#27;[35m[WD Proxy]&amp#27;[39m Got response with status 200: {"sessionId":"c5c3a627-67b1-4695-aa35-8adf780f0552","value":{"lastScrollData":null}}
[debug] &amp#27;[35m[W3C (cf730178)]&amp#27;[39m Responding to client with driver.getSession() result: {"platform":"LINUX","webStorageEnabled":false,"takesScreenshot":true,"javascriptEnabled":true,"databaseEnabled":false,"networkConnectionEnabled":true,"locationContextEnabled":false,"warnings":{},"desired":{"platformName":"android","app":"C:\\Users\\Anis\\eclipse-workspace\\Appium\\src\\ApiDemos-debug.apk","deviceName":"Redmi","newCommandTimeout":14},"platformName":"android","app":"C:\\Users\\Anis\\eclipse-workspace\\Appium\\src\\ApiDemos-debug.apk","deviceName":"55272e729804","newCommandTimeout":14,"deviceUDID":"55272e729804","appPackage":"io.appium.android.apis","deviceApiLevel":24,"platformVersion":"7.0","deviceScreenSize":"1080x1920","deviceScreenDensity":480,"deviceModel":"Redmi Note 4","deviceManufacturer":"Xiaomi","pixelRatio":3,"statBarHeight":72,"viewportRect":{"left":0,"top":72,"width":1080,"height":1848},"lastScrollData":null}
&amp#27;[35m[HTTP]&amp#27;[39m &amp#27;[37m<-- GET /wd/hub/session/cf730178-8621-4bf8-b989-929b40bb36e0 &amp#27;[39m&amp#27;[32m200&amp#27;[39m &amp#27;[90m8 ms - 858&amp#27;[39m
&amp#27;[35m[HTTP]&amp#27;[39m &amp#27;[90m&amp#27;[39m
&amp#27;[35m[HTTP]&amp#27;[39m &amp#27;[37m-->&amp#27;[39m &amp#27;[37mPOST&amp#27;[39m &amp#27;[37m/wd/hub/session/cf730178-8621-4bf8-b989-929b40bb36e0/element&amp#27;[39m
&amp#27;[35m[HTTP]&amp#27;[39m &amp#27;[90m{"using":"id","value":"io.appium.android.apis:id/ratingbar2"}&amp#27;[39m
[debug] &amp#27;[35m[W3C (cf730178)]&amp#27;[39m Calling AppiumDriver.findElement() with args: ["id","io.appium.android.apis:id/ratingbar2","cf730178-8621-4bf8-b989-929b40bb36e0"]
[debug] &amp#27;[35m[BaseDriver]&amp#27;[39m Valid locator strategies for this request: xpath, id, class name, accessibility id, css selector, -android uiautomator
[debug] &amp#27;[35m[BaseDriver]&amp#27;[39m Waiting up to 10000 ms for condition
[debug] &amp#27;[35m[WD Proxy]&amp#27;[39m Matched '/element' to command name 'findElement'
[debug] &amp#27;[35m[WD Proxy]&amp#27;[39m Proxying [POST /element] to [POST http://127.0.0.1:8217/wd/hub/session/c5c3a627-67b1-4695-aa35-8adf780f0552/element] with body: {"strategy":"id","selector":"io.appium.android.apis:id/ratingbar2","context":"","multiple":false}
[debug] &amp#27;[35m[WD Proxy]&amp#27;[39m Got response with status 200: {"sessionId":"c5c3a627-67b1-4695-aa35-8adf780f0552","value":{"ELEMENT":"c54f6517-ba6f-4688-a0c8-225c71eb0be2","element-6066-11e4-a52e-4f735466cecf":"c54f6517-ba6f-4688-a0c8-225c71eb0be2"}}
[debug] &amp#27;[35m[W3C (cf730178)]&amp#27;[39m Responding to client with driver.findElement() result: {"element-6066-11e4-a52e-4f735466cecf":"c54f6517-ba6f-4688-a0c8-225c71eb0be2","ELEMENT":"c54f6517-ba6f-4688-a0c8-225c71eb0be2"}
&amp#27;[35m[HTTP]&amp#27;[39m &amp#27;[37m<-- POST /wd/hub/session/cf730178-8621-4bf8-b989-929b40bb36e0/element &amp#27;[39m&amp#27;[32m200&amp#27;[39m &amp#27;[90m18 ms - 137&amp#27;[39m
&amp#27;[35m[HTTP]&amp#27;[39m &amp#27;[90m&amp#27;[39m
&amp#27;[35m[HTTP]&amp#27;[39m &amp#27;[37m-->&amp#27;[39m &amp#27;[37mPOST&amp#27;[39m &amp#27;[37m/wd/hub/session/cf730178-8621-4bf8-b989-929b40bb36e0/touch/perform&amp#27;[39m
&amp#27;[35m[HTTP]&amp#27;[39m &amp#27;[90m{"actions":[{"action":"longPress","options":{"element":"28368475-9a93-4f74-9ee8-25639c97f9db"}},{"action":"moveTo","options":{"x":250,"y":250,"element":"c54f6517-ba6f-4688-a0c8-225c71eb0be2"}},{"action":"release","options":{}}]}&amp#27;[39m
[debug] &amp#27;[35m[W3C (cf730178)]&amp#27;[39m Calling AppiumDriver.performTouch() with args: [[{"action":"longPress","options":{"element":"28368475-9a93-4f74-9ee8-25639c97f9db"}},{"action":"moveTo","options":{"x":250,"y":250,"element":"c54f6517-ba6f-4688-a0c8-225c71eb0be2"}},{"action":"release","options":{}}],"cf730178-8621-4bf8-b989-929b40bb36e0"]
&amp#27;[35m[UiAutomator2]&amp#27;[39m calling get location: 28368475-9a93-4f74-9ee8-25639c97f9db
[debug] &amp#27;[35m[WD Proxy]&amp#27;[39m Matched '/element/28368475-9a93-4f74-9ee8-25639c97f9db/location' to command name 'getLocation'
[debug] &amp#27;[35m[WD Proxy]&amp#27;[39m Proxying [GET /element/28368475-9a93-4f74-9ee8-25639c97f9db/location] to [GET http://127.0.0.1:8217/wd/hub/session/c5c3a627-67b1-4695-aa35-8adf780f0552/element/28368475-9a93-4f74-9ee8-25639c97f9db/location] with no body
[debug] &amp#27;[35m[WD Proxy]&amp#27;[39m Got response with status 200: {"sessionId":"c5c3a627-67b1-4695-aa35-8adf780f0552","value":{"x":30,"y":411}}
&amp#27;[35m[UiAutomator2]&amp#27;[39m calling get location: c54f6517-ba6f-4688-a0c8-225c71eb0be2
[debug] &amp#27;[35m[WD Proxy]&amp#27;[39m Matched '/element/c54f6517-ba6f-4688-a0c8-225c71eb0be2/location' to command name 'getLocation'
[debug] &amp#27;[35m[WD Proxy]&amp#27;[39m Proxying [GET /element/c54f6517-ba6f-4688-a0c8-225c71eb0be2/location] to [GET http://127.0.0.1:8217/wd/hub/session/c5c3a627-67b1-4695-aa35-8adf780f0552/element/c54f6517-ba6f-4688-a0c8-225c71eb0be2/location] with no body
[debug] &amp#27;[35m[WD Proxy]&amp#27;[39m Got response with status 200: {"sessionId":"c5c3a627-67b1-4695-aa35-8adf780f0552","value":{"x":30,"y":411}}
[debug] &amp#27;[35m[WD Proxy]&amp#27;[39m Proxying [POST /touch/drag] to [POST http://127.0.0.1:8217/wd/hub/session/c5c3a627-67b1-4695-aa35-8adf780f0552/touch/drag] with body: {"elementId":"28368475-9a93-4f74-9ee8-25639c97f9db","destElId":"c54f6517-ba6f-4688-a0c8-225c71eb0be2","startX":30,"startY":411,"endX":280,"endY":661,"steps":80}
[debug] &amp#27;[35m[WD Proxy]&amp#27;[39m Got response with status 200: {"sessionId":"c5c3a627-67b1-4695-aa35-8adf780f0552","value":null}
[debug] &amp#27;[35m[W3C (cf730178)]&amp#27;[39m Responding to client with driver.performTouch() result: null
&amp#27;[35m[HTTP]&amp#27;[39m &amp#27;[37m<-- POST /wd/hub/session/cf730178-8621-4bf8-b989-929b40bb36e0/touch/perform &amp#27;[39m&amp#27;[32m200&amp#27;[39m &amp#27;[90m563 ms - 14&amp#27;[39m
&amp#27;[35m[HTTP]&amp#27;[39m &amp#27;[90m&amp#27;[39m
&amp#27;[35m[HTTP]&amp#27;[39m &amp#27;[37m-->&amp#27;[39m &amp#27;[37mPOST&amp#27;[39m &amp#27;[37m/wd/hub/session/cf730178-8621-4bf8-b989-929b40bb36e0/back&amp#27;[39m
&amp#27;[35m[HTTP]&amp#27;[39m &amp#27;[90m{}&amp#27;[39m
&amp#27;[35m[W3C (cf730178)]&amp#27;[39m Driver proxy active, passing request on via HTTP proxy
[debug] &amp#27;[35m[WD Proxy]&amp#27;[39m Matched '/wd/hub/session/cf730178-8621-4bf8-b989-929b40bb36e0/back' to command name 'back'
[debug] &amp#27;[35m[WD Proxy]&amp#27;[39m Proxying [POST /wd/hub/session/cf730178-8621-4bf8-b989-929b40bb36e0/back] to [POST http://127.0.0.1:8217/wd/hub/session/c5c3a627-67b1-4695-aa35-8adf780f0552/back] with body: {}
[debug] &amp#27;[35m[WD Proxy]&amp#27;[39m Got response with status 200: {"sessionId":"c5c3a627-67b1-4695-aa35-8adf780f0552","value":null}
&amp#27;[35m[WD Proxy]&amp#27;[39m Replacing sessionId c5c3a627-67b1-4695-aa35-8adf780f0552 with cf730178-8621-4bf8-b989-929b40bb36e0
&amp#27;[35m[HTTP]&amp#27;[39m &amp#27;[37m<-- POST /wd/hub/session/cf730178-8621-4bf8-b989-929b40bb36e0/back &amp#27;[39m&amp#27;[32m200&amp#27;[39m &amp#27;[90m1584 ms - 65&amp#27;[39m
[INFO ] 2021-06-18 15:59:17.653 [main] ExplicitWait - Waiting for element to be visible: Located by By.chained({By.xpath: //android.widget.TextView[@content-desc="Seek Bar"]})
&amp#27;[35m[HTTP]&amp#27;[39m &amp#27;[90m&amp#27;[39m
[INFO ] 2021-06-18 15:59:17.654 [main] ExplicitWait - Waiting for element to be visible: Located by By.chained({By.xpath: //android.widget.TextView[@content-desc="Seek Bar"]})
&amp#27;[35m[HTTP]&amp#27;[39m &amp#27;[37m-->&amp#27;[39m &amp#27;[37mPOST&amp#27;[39m &amp#27;[37m/wd/hub/session/cf730178-8621-4bf8-b989-929b40bb36e0/timeouts&amp#27;[39m
&amp#27;[35m[HTTP]&amp#27;[39m &amp#27;[90m{"implicit":0}&amp#27;[39m
[debug] &amp#27;[35m[W3C (cf730178)]&amp#27;[39m Calling AppiumDriver.timeouts() with args: [null,null,null,null,0,"cf730178-8621-4bf8-b989-929b40bb36e0"]
[debug] &amp#27;[35m[BaseDriver]&amp#27;[39m W3C timeout argument: {"implicit":0}}
[debug] &amp#27;[35m[BaseDriver]&amp#27;[39m Set implicit wait to 0ms
[debug] &amp#27;[35m[W3C (cf730178)]&amp#27;[39m Responding to client with driver.timeouts() result: null
&amp#27;[35m[HTTP]&amp#27;[39m &amp#27;[37m<-- POST /wd/hub/session/cf730178-8621-4bf8-b989-929b40bb36e0/timeouts &amp#27;[39m&amp#27;[32m200&amp#27;[39m &amp#27;[90m3 ms - 14&amp#27;[39m
&amp#27;[35m[HTTP]&amp#27;[39m &amp#27;[90m&amp#27;[39m
&amp#27;[35m[HTTP]&amp#27;[39m &amp#27;[37m-->&amp#27;[39m &amp#27;[37mGET&amp#27;[39m &amp#27;[37m/wd/hub/session/cf730178-8621-4bf8-b989-929b40bb36e0&amp#27;[39m
&amp#27;[35m[HTTP]&amp#27;[39m &amp#27;[90m{}&amp#27;[39m
[debug] &amp#27;[35m[W3C (cf730178)]&amp#27;[39m Calling AppiumDriver.getSession() with args: ["cf730178-8621-4bf8-b989-929b40bb36e0"]
[debug] &amp#27;[35m[UiAutomator2]&amp#27;[39m Getting session details from server to mix in
[debug] &amp#27;[35m[WD Proxy]&amp#27;[39m Matched '/' to command name 'getSession'
[debug] &amp#27;[35m[WD Proxy]&amp#27;[39m Proxying [GET /] to [GET http://127.0.0.1:8217/wd/hub/session/c5c3a627-67b1-4695-aa35-8adf780f0552] with no body
[debug] &amp#27;[35m[WD Proxy]&amp#27;[39m Got response with status 200: {"sessionId":"c5c3a627-67b1-4695-aa35-8adf780f0552","value":{"lastScrollData":null}}
[debug] &amp#27;[35m[W3C (cf730178)]&amp#27;[39m Responding to client with driver.getSession() result: {"platform":"LINUX","webStorageEnabled":false,"takesScreenshot":true,"javascriptEnabled":true,"databaseEnabled":false,"networkConnectionEnabled":true,"locationContextEnabled":false,"warnings":{},"desired":{"platformName":"android","app":"C:\\Users\\Anis\\eclipse-workspace\\Appium\\src\\ApiDemos-debug.apk","deviceName":"Redmi","newCommandTimeout":14},"platformName":"android","app":"C:\\Users\\Anis\\eclipse-workspace\\Appium\\src\\ApiDemos-debug.apk","deviceName":"55272e729804","newCommandTimeout":14,"deviceUDID":"55272e729804","appPackage":"io.appium.android.apis","deviceApiLevel":24,"platformVersion":"7.0","deviceScreenSize":"1080x1920","deviceScreenDensity":480,"deviceModel":"Redmi Note 4","deviceManufacturer":"Xiaomi","pixelRatio":3,"statBarHeight":72,"viewportRect":{"left":0,"top":72,"width":1080,"height":1848},"lastScrollData":null}
&amp#27;[35m[HTTP]&amp#27;[39m &amp#27;[37m<-- GET /wd/hub/session/cf730178-8621-4bf8-b989-929b40bb36e0 &amp#27;[39m&amp#27;[32m200&amp#27;[39m &amp#27;[90m12 ms - 858&amp#27;[39m
&amp#27;[35m[HTTP]&amp#27;[39m &amp#27;[90m&amp#27;[39m
&amp#27;[35m[HTTP]&amp#27;[39m &amp#27;[37m-->&amp#27;[39m &amp#27;[37mPOST&amp#27;[39m &amp#27;[37m/wd/hub/session/cf730178-8621-4bf8-b989-929b40bb36e0/element&amp#27;[39m
&amp#27;[35m[HTTP]&amp#27;[39m &amp#27;[90m{"using":"xpath","value":"//android.widget.TextView[@content-desc=\"Seek Bar\"]"}&amp#27;[39m
[debug] &amp#27;[35m[W3C (cf730178)]&amp#27;[39m Calling AppiumDriver.findElement() with args: ["xpath","//android.widget.TextView[@content-desc=\"Seek Bar\"]","cf730178-8621-4bf8-b989-929b40bb36e0"]
[debug] &amp#27;[35m[BaseDriver]&amp#27;[39m Valid locator strategies for this request: xpath, id, class name, accessibility id, css selector, -android uiautomator
[debug] &amp#27;[35m[BaseDriver]&amp#27;[39m Waiting up to 0 ms for condition
[debug] &amp#27;[35m[WD Proxy]&amp#27;[39m Matched '/element' to command name 'findElement'
[debug] &amp#27;[35m[WD Proxy]&amp#27;[39m Proxying [POST /element] to [POST http://127.0.0.1:8217/wd/hub/session/c5c3a627-67b1-4695-aa35-8adf780f0552/element] with body: {"strategy":"xpath","selector":"//android.widget.TextView[@content-desc=\"Seek Bar\"]","context":"","multiple":false}
[debug] &amp#27;[35m[WD Proxy]&amp#27;[39m Got response with status 200: {"sessionId":"c5c3a627-67b1-4695-aa35-8adf780f0552","value":{"ELEMENT":"06ed70d9-b648-48df-8043-f1950f9fd2ad","element-6066-11e4-a52e-4f735466cecf":"06ed70d9-b648-48df-8043-f1950f9fd2ad"}}
[debug] &amp#27;[35m[W3C (cf730178)]&amp#27;[39m Responding to client with driver.findElement() result: {"element-6066-11e4-a52e-4f735466cecf":"06ed70d9-b648-48df-8043-f1950f9fd2ad","ELEMENT":"06ed70d9-b648-48df-8043-f1950f9fd2ad"}
&amp#27;[35m[HTTP]&amp#27;[39m &amp#27;[37m<-- POST /wd/hub/session/cf730178-8621-4bf8-b989-929b40bb36e0/element &amp#27;[39m&amp#27;[32m200&amp#27;[39m &amp#27;[90m492 ms - 137&amp#27;[39m
&amp#27;[35m[HTTP]&amp#27;[39m &amp#27;[90m&amp#27;[39m
&amp#27;[35m[HTTP]&amp#27;[39m &amp#27;[37m-->&amp#27;[39m &amp#27;[37mGET&amp#27;[39m &amp#27;[37m/wd/hub/session/cf730178-8621-4bf8-b989-929b40bb36e0/element/06ed70d9-b648-48df-8043-f1950f9fd2ad/displayed&amp#27;[39m
&amp#27;[35m[HTTP]&amp#27;[39m &amp#27;[90m{}&amp#27;[39m
[debug] &amp#27;[35m[W3C (cf730178)]&amp#27;[39m Calling AppiumDriver.elementDisplayed() with args: ["06ed70d9-b648-48df-8043-f1950f9fd2ad","cf730178-8621-4bf8-b989-929b40bb36e0"]
[debug] &amp#27;[35m[WD Proxy]&amp#27;[39m Matched '/element/06ed70d9-b648-48df-8043-f1950f9fd2ad/attribute/displayed' to command name 'getAttribute'
[debug] &amp#27;[35m[WD Proxy]&amp#27;[39m Proxying [GET /element/06ed70d9-b648-48df-8043-f1950f9fd2ad/attribute/displayed] to [GET http://127.0.0.1:8217/wd/hub/session/c5c3a627-67b1-4695-aa35-8adf780f0552/element/06ed70d9-b648-48df-8043-f1950f9fd2ad/attribute/displayed] with no body
[debug] &amp#27;[35m[WD Proxy]&amp#27;[39m Got response with status 200: {"sessionId":"c5c3a627-67b1-4695-aa35-8adf780f0552","value":"true"}
[debug] &amp#27;[35m[W3C (cf730178)]&amp#27;[39m Responding to client with driver.elementDisplayed() result: true
&amp#27;[35m[HTTP]&amp#27;[39m &amp#27;[37m<-- GET /wd/hub/session/cf730178-8621-4bf8-b989-929b40bb36e0/element/06ed70d9-b648-48df-8043-f1950f9fd2ad/displayed &amp#27;[39m&amp#27;[32m200&amp#27;[39m &amp#27;[90m18 ms - 14&amp#27;[39m
&amp#27;[35m[HTTP]&amp#27;[39m &amp#27;[90m&amp#27;[39m
&amp#27;[35m[HTTP]&amp#27;[39m &amp#27;[37m-->&amp#27;[39m &amp#27;[37mPOST&amp#27;[39m &amp#27;[37m/wd/hub/session/cf730178-8621-4bf8-b989-929b40bb36e0/timeouts&amp#27;[39m
&amp#27;[35m[HTTP]&amp#27;[39m &amp#27;[90m{"implicit":10000}&amp#27;[39m
[debug] &amp#27;[35m[W3C (cf730178)]&amp#27;[39m Calling AppiumDriver.timeouts() with args: [null,null,null,null,10000,"cf730178-8621-4bf8-b989-929b40bb36e0"]
[debug] &amp#27;[35m[BaseDriver]&amp#27;[39m W3C timeout argument: {"implicit":10000}}
[debug] &amp#27;[35m[BaseDriver]&amp#27;[39m Set implicit wait to 10000ms
[debug] &amp#27;[35m[W3C (cf730178)]&amp#27;[39m Responding to client with driver.timeouts() result: null
&amp#27;[35m[HTTP]&amp#27;[39m &amp#27;[37m<-- POST /wd/hub[INFO ] 2021-06-18 15:59:18.229 [main] ViewsPage - Clicks The Seek Bar Buttonr
/session/cf730178-8621-4bf8-b989-929b40bb36e0/timeouts &amp#27;[39m&amp#27;[32m200&amp#27;[39m &amp#27;[90m2 ms - 14&amp#27;[39m
&amp#27;[35m[HTTP]&amp#27;[39m &amp#27;[90m&amp#27;[39m
[INFO ] 2021-06-18 15:59:18.230 [main] ExplicitWait - Waiting for element to be clickable: Located by By.chained({By.xpath: //android.widget.TextView[@content-desc="Seek Bar"]})
&amp#27;[35m[HTTP]&amp#27;[39m &amp#27;[37m-->&amp#27;[39m &amp#27;[37mPOST&amp#27;[39m &amp#27;[37m/wd/hub/session/cf730178-8621-4bf8-b989-929b40bb36e0/timeouts&amp#27;[39m
&amp#27;[35m[HTTP]&amp#27;[39m &amp#27;[90m{"implicit":0}&amp#27;[39m
[debug] &amp#27;[35m[W3C (cf730178)]&amp#27;[39m Calling AppiumDriver.timeouts() with args: [null,null,null,null,0,"cf730178-8621-4bf8-b989-929b40bb36e0"]
[debug] &amp#27;[35m[BaseDriver]&amp#27;[39m W3C timeout argument: {"implicit":0}}
[debug] &amp#27;[35m[BaseDriver]&amp#27;[39m Set implicit wait to 0ms
[debug] &amp#27;[35m[W3C (cf730178)]&amp#27;[39m Responding to client with driver.timeouts() result: null
&amp#27;[35m[HTTP]&amp#27;[39m &amp#27;[37m<-- POST /wd/hub/session/cf730178-8621-4bf8-b989-929b40bb36e0/timeouts &amp#27;[39m&amp#27;[32m200&amp#27;[39m &amp#27;[90m1 ms - 14&amp#27;[39m
&amp#27;[35m[HTTP]&amp#27;[39m &amp#27;[90m&amp#27;[39m
&amp#27;[35m[HTTP]&amp#27;[39m &amp#27;[37m-->&amp#27;[39m &amp#27;[37mGET&amp#27;[39m &amp#27;[37m/wd/hub/session/cf730178-8621-4bf8-b989-929b40bb36e0&amp#27;[39m
&amp#27;[35m[HTTP]&amp#27;[39m &amp#27;[90m{}&amp#27;[39m
[debug] &amp#27;[35m[W3C (cf730178)]&amp#27;[39m Calling AppiumDriver.getSession() with args: ["cf730178-8621-4bf8-b989-929b40bb36e0"]
[debug] &amp#27;[35m[UiAutomator2]&amp#27;[39m Getting session details from server to mix in
[debug] &amp#27;[35m[WD Proxy]&amp#27;[39m Matched '/' to command name 'getSession'
[debug] &amp#27;[35m[WD Proxy]&amp#27;[39m Proxying [GET /] to [GET http://127.0.0.1:8217/wd/hub/session/c5c3a627-67b1-4695-aa35-8adf780f0552] with no body
[debug] &amp#27;[35m[WD Proxy]&amp#27;[39m Got response with status 200: {"sessionId":"c5c3a627-67b1-4695-aa35-8adf780f0552","value":{"lastScrollData":null}}
[debug] &amp#27;[35m[W3C (cf730178)]&amp#27;[39m Responding to client with driver.getSession() result: {"platform":"LINUX","webStorageEnabled":false,"takesScreenshot":true,"javascriptEnabled":true,"databaseEnabled":false,"networkConnectionEnabled":true,"locationContextEnabled":false,"warnings":{},"desired":{"platformName":"android","app":"C:\\Users\\Anis\\eclipse-workspace\\Appium\\src\\ApiDemos-debug.apk","deviceName":"Redmi","newCommandTimeout":14},"platformName":"android","app":"C:\\Users\\Anis\\eclipse-workspace\\Appium\\src\\ApiDemos-debug.apk","deviceName":"55272e729804","newCommandTimeout":14,"deviceUDID":"55272e729804","appPackage":"io.appium.android.apis","deviceApiLevel":24,"platformVersion":"7.0","deviceScreenSize":"1080x1920","deviceScreenDensity":480,"deviceModel":"Redmi Note 4","deviceManufacturer":"Xiaomi","pixelRatio":3,"statBarHeight":72,"viewportRect":{"left":0,"top":72,"width":1080,"height":1848},"lastScrollData":null}
&amp#27;[35m[HTTP]&amp#27;[39m &amp#27;[37m<-- GET /wd/hub/session/cf730178-8621-4bf8-b989-929b40bb36e0 &amp#27;[39m&amp#27;[32m200&amp#27;[39m &amp#27;[90m32 ms - 858&amp#27;[39m
&amp#27;[35m[HTTP]&amp#27;[39m &amp#27;[90m&amp#27;[39m
&amp#27;[35m[HTTP]&amp#27;[39m &amp#27;[37m-->&amp#27;[39m &amp#27;[37mPOST&amp#27;[39m &amp#27;[37m/wd/hub/session/cf730178-8621-4bf8-b989-929b40bb36e0/element&amp#27;[39m
&amp#27;[35m[HTTP]&amp#27;[39m &amp#27;[90m{"using":"xpath","value":"//android.widget.TextView[@content-desc=\"Seek Bar\"]"}&amp#27;[39m
[debug] &amp#27;[35m[W3C (cf730178)]&amp#27;[39m Calling AppiumDriver.findElement() with args: ["xpath","//android.widget.TextView[@content-desc=\"Seek Bar\"]","cf730178-8621-4bf8-b989-929b40bb36e0"]
[debug] &amp#27;[35m[BaseDriver]&amp#27;[39m Valid locator strategies for this request: xpath, id, class name, accessibility id, css selector, -android uiautomator
[debug] &amp#27;[35m[BaseDriver]&amp#27;[39m Waiting up to 0 ms for condition
[debug] &amp#27;[35m[WD Proxy]&amp#27;[39m Matched '/element' to command name 'findElement'
[debug] &amp#27;[35m[WD Proxy]&amp#27;[39m Proxying [POST /element] to [POST http://127.0.0.1:8217/wd/hub/session/c5c3a627-67b1-4695-aa35-8adf780f0552/element] with body: {"strategy":"xpath","selector":"//android.widget.TextView[@content-desc=\"Seek Bar\"]","context":"","multiple":false}
[debug] &amp#27;[35m[WD Proxy]&amp#27;[39m Got response with status 200: {"sessionId":"c5c3a627-67b1-4695-aa35-8adf780f0552","value":{"ELEMENT":"c449ea54-512a-4523-8a91-34f33986f8b1","element-6066-11e4-a52e-4f735466cecf":"c449ea54-512a-4523-8a91-34f33986f8b1"}}
[debug] &amp#27;[35m[W3C (cf730178)]&amp#27;[39m Responding to client with driver.findElement() result: {"element-6066-11e4-a52e-4f735466cecf":"c449ea54-512a-4523-8a91-34f33986f8b1","ELEMENT":"c449ea54-512a-4523-8a91-34f33986f8b1"}
&amp#27;[35m[HTTP]&amp#27;[39m &amp#27;[37m<-- POST /wd/hub/session/cf730178-8621-4bf8-b989-929b40bb36e0/element &amp#27;[39m&amp#27;[32m200&amp#27;[39m &amp#27;[90m40 ms - 137&amp#27;[39m
&amp#27;[35m[HTTP]&amp#27;[39m &amp#27;[90m&amp#27;[39m
&amp#27;[35m[HTTP]&amp#27;[39m &amp#27;[37m-->&amp#27;[39m &amp#27;[37mGET&amp#27;[39m &amp#27;[37m/wd/hub/session/cf730178-8621-4bf8-b989-929b40bb36e0/element/c449ea54-512a-4523-8a91-34f33986f8b1/displayed&amp#27;[39m
&amp#27;[35m[HTTP]&amp#27;[39m &amp#27;[90m{}&amp#27;[39m
[debug] &amp#27;[35m[W3C (cf730178)]&amp#27;[39m Calling AppiumDriver.elementDisplayed() with args: ["c449ea54-512a-4523-8a91-34f33986f8b1","cf730178-8621-4bf8-b989-929b40bb36e0"]
[debug] &amp#27;[35m[WD Proxy]&amp#27;[39m Matched '/element/c449ea54-512a-4523-8a91-34f33986f8b1/attribute/displayed' to command name 'getAttribute'
[debug] &amp#27;[35m[WD Proxy]&amp#27;[39m Proxying [GET /element/c449ea54-512a-4523-8a91-34f33986f8b1/attribute/displayed] to [GET http://127.0.0.1:8217/wd/hub/session/c5c3a627-67b1-4695-aa35-8adf780f0552/element/c449ea54-512a-4523-8a91-34f33986f8b1/attribute/displayed] with no body
[debug] &amp#27;[35m[WD Proxy]&amp#27;[39m Got response with status 200: {"sessionId":"c5c3a627-67b1-4695-aa35-8adf780f0552","value":"true"}
[debug] &amp#27;[35m[W3C (cf730178)]&amp#27;[39m Responding to client with driver.elementDisplayed() result: true
&amp#27;[35m[HTTP]&amp#27;[39m &amp#27;[37m<-- GET /wd/hub/session/cf730178-8621-4bf8-b989-929b40bb36e0/element/c449ea54-512a-4523-8a91-34f33986f8b1/displayed &amp#27;[39m&amp#27;[32m200&amp#27;[39m &amp#27;[90m20 ms - 14&amp#27;[39m
&amp#27;[35m[HTTP]&amp#27;[39m &amp#27;[90m&amp#27;[39m
&amp#27;[35m[HTTP]&amp#27;[39m &amp#27;[37m-->&amp#27;[39m &amp#27;[37mGET&amp#27;[39m &amp#27;[37m/wd/hub/session/cf730178-8621-4bf8-b989-929b40bb36e0&amp#27;[39m
&amp#27;[35m[HTTP]&amp#27;[39m &amp#27;[90m{}&amp#27;[39m
[debug] &amp#27;[35m[W3C (cf730178)]&amp#27;[39m Calling AppiumDriver.getSession() with args: ["cf730178-8621-4bf8-b989-929b40bb36e0"]
[debug] &amp#27;[35m[UiAutomator2]&amp#27;[39m Getting session details from server to mix in
[debug] &amp#27;[35m[WD Proxy]&amp#27;[39m Matched '/' to command name 'getSession'
[debug] &amp#27;[35m[WD Proxy]&amp#27;[39m Proxying [GET /] to [GET http://127.0.0.1:8217/wd/hub/session/c5c3a627-67b1-4695-aa35-8adf780f0552] with no body
[debug] &amp#27;[35m[WD Proxy]&amp#27;[39m Got response with status 200: {"sessionId":"c5c3a627-67b1-4695-aa35-8adf780f0552","value":{"lastScrollData":null}}
[debug] &amp#27;[35m[W3C (cf730178)]&amp#27;[39m Responding to client with driver.getSession() result: {"platform":"LINUX","webStorageEnabled":false,"takesScreenshot":true,"javascriptEnabled":true,"databaseEnabled":false,"networkConnectionEnabled":true,"locationContextEnabled":false,"warnings":{},"desired":{"platformName":"android","app":"C:\\Users\\Anis\\eclipse-workspace\\Appium\\src\\ApiDemos-debug.apk","deviceName":"Redmi","newCommandTimeout":14},"platformName":"android","app":"C:\\Users\\Anis\\eclipse-workspace\\Appium\\src\\ApiDemos-debug.apk","deviceName":"55272e729804","newCommandTimeout":14,"deviceUDID":"55272e729804","appPackage":"io.appium.android.apis","deviceApiLevel":24,"platformVersion":"7.0","deviceScreenSize":"1080x1920","deviceScreenDensity":480,"deviceModel":"Redmi Note 4","deviceManufacturer":"Xiaomi","pixelRatio":3,"statBarHeight":72,"viewportRect":{"left":0,"top":72,"width":1080,"height":1848},"lastScrollData":null}
&amp#27;[35m[HTTP]&amp#27;[39m &amp#27;[37m<-- GET /wd/hub/session/cf730178-8621-4bf8-b989-929b40bb36e0 &amp#27;[39m&amp#27;[32m200&amp#27;[39m &amp#27;[90m9 ms - 858&amp#27;[39m
&amp#27;[35m[HTTP]&amp#27;[39m &amp#27;[90m&amp#27;[39m
&amp#27;[35m[HTTP]&amp#27;[39m &amp#27;[37m-->&amp#27;[39m &amp#27;[37mPOST&amp#27;[39m &amp#27;[37m/wd/hub/session/cf730178-8621-4bf8-b989-929b40bb36e0/element&amp#27;[39m
&amp#27;[35m[HTTP]&amp#27;[39m &amp#27;[90m{"using":"xpath","value":"//android.widget.TextView[@content-desc=\"Seek Bar\"]"}&amp#27;[39m
[debug] &amp#27;[35m[W3C (cf730178)]&amp#27;[39m Calling AppiumDriver.findElement() with args: ["xpath","//android.widget.TextView[@content-desc=\"Seek Bar\"]","cf730178-8621-4bf8-b989-929b40bb36e0"]
[debug] &amp#27;[35m[BaseDriver]&amp#27;[39m Valid locator strategies for this request: xpath, id, class name, accessibility id, css selector, -android uiautomator
[debug] &amp#27;[35m[BaseDriver]&amp#27;[39m Waiting up to 0 ms for condition
[debug] &amp#27;[35m[WD Proxy]&amp#27;[39m Matched '/element' to command name 'findElement'
[debug] &amp#27;[35m[WD Proxy]&amp#27;[39m Proxying [POST /element] to [POST http://127.0.0.1:8217/wd/hub/session/c5c3a627-67b1-4695-aa35-8adf780f0552/element] with body: {"strategy":"xpath","selector":"//android.widget.TextView[@content-desc=\"Seek Bar\"]","context":"","multiple":false}
[debug] &amp#27;[35m[WD Proxy]&amp#27;[39m Got response with status 200: {"sessionId":"c5c3a627-67b1-4695-aa35-8adf780f0552","value":{"ELEMENT":"06aa0ecd-a9e3-42ea-9e37-9871f2499b16","element-6066-11e4-a52e-4f735466cecf":"06aa0ecd-a9e3-42ea-9e37-9871f2499b16"}}
[debug] &amp#27;[35m[W3C (cf730178)]&amp#27;[39m Responding to client with driver.findElement() result: {"element-6066-11e4-a52e-4f735466cecf":"06aa0ecd-a9e3-42ea-9e37-9871f2499b16","ELEMENT":"06aa0ecd-a9e3-42ea-9e37-9871f2499b16"}
&amp#27;[35m[HTTP]&amp#27;[39m &amp#27;[37m<-- POST /wd/hub/session/cf730178-8621-4bf8-b989-929b40bb36e0/element &amp#27;[39m&amp#27;[32m200&amp#27;[39m &amp#27;[90m38 ms - 137&amp#27;[39m
&amp#27;[35m[HTTP]&amp#27;[39m &amp#27;[90m&amp#27;[39m
&amp#27;[35m[HTTP]&amp#27;[39m &amp#27;[37m-->&amp#27;[39m &amp#27;[37mGET&amp#27;[39m &amp#27;[37m/wd/hub/session/cf730178-8621-4bf8-b989-929b40bb36e0/element/06aa0ecd-a9e3-42ea-9e37-9871f2499b16/enabled&amp#27;[39m
&amp#27;[35m[HTTP]&amp#27;[39m &amp#27;[90m{}&amp#27;[39m
[debug] &amp#27;[35m[W3C (cf730178)]&amp#27;[39m Calling AppiumDriver.elementEnabled() with args: ["06aa0ecd-a9e3-42ea-9e37-9871f2499b16","cf730178-8621-4bf8-b989-929b40bb36e0"]
[debug] &amp#27;[35m[WD Proxy]&amp#27;[39m Matched '/element/06aa0ecd-a9e3-42ea-9e37-9871f2499b16/attribute/enabled' to command name 'getAttribute'
[debug] &amp#27;[35m[WD Proxy]&amp#27;[39m Proxying [GET /element/06aa0ecd-a9e3-42ea-9e37-9871f2499b16/attribute/enabled] to [GET http://127.0.0.1:8217/wd/hub/session/c5c3a627-67b1-4695-aa35-8adf780f0552/element/06aa0ecd-a9e3-42ea-9e37-9871f2499b16/attribute/enabled] with no body
[debug] &amp#27;[35m[WD Proxy]&amp#27;[39m Got response with status 200: {"sessionId":"c5c3a627-67b1-4695-aa35-8adf780f0552","value":"true"}
[debug] &amp#27;[35m[W3C (cf730178)]&amp#27;[39m Responding to client with driver.elementEnabled() result: true
&amp#27;[35m[HTTP]&amp#27;[39m &amp#27;[37m<-- GET /wd/hub/session/cf730178-8621-4bf8-b989-929b40bb36e0/element/06aa0ecd-a9e3-42ea-9e37-9871f2499b16/enabled &amp#27;[39m&amp#27;[32m200&amp#27;[39m &amp#27;[90m13 ms - 14&amp#27;[39m
&amp#27;[35m[HTTP]&amp#27;[39m &amp#27;[90m&amp#27;[39m
&amp#27;[35m[HTTP]&amp#27;[39m &amp#27;[37m-->&amp#27;[39m &amp#27;[37mPOST&amp#27;[39m &amp#27;[37m/wd/hub/session/cf730178-8621-4bf8-b989-929b40bb36e0/timeouts&amp#27;[39m
&amp#27;[35m[HTTP]&amp#27;[39m &amp#27;[90m{"implicit":10000}&amp#27;[39m
[debug] &amp#27;[35m[W3C (cf730178)]&amp#27;[39m Calling AppiumDriver.timeouts() with args: [null,null,null,null,10000,"cf730178-8621-4bf8-b989-929b40bb36e0"]
[debug] &amp#27;[35m[BaseDriver]&amp#27;[39m W3C timeout argument: {"implicit":10000}}
[debug] &amp#27;[35m[BaseDriver]&amp#27;[39m Set implicit wait to 10000ms
[debug] &amp#27;[35m[W3C (cf730178)]&amp#27;[39m Responding to client with driver.timeouts() result: null
&amp#27;[35m[HTTP]&amp#27;[39m &amp#27;[37m<-- POST /wd/hub/session/cf730178-8621-4bf8-b989-929b40bb36e0/timeouts &amp#27;[39m&amp#27;[32m200&amp#27;[39m &amp#27;[90m3 ms - 14&amp#27;[39m
&amp#27;[35m[HTTP]&amp#27;[39m &amp#27;[90m&amp#27;[39m
&amp#27;[35m[HTTP]&amp#27;[39m &amp#27;[37m-->&amp#27;[39m &amp#27;[37mGET&amp#27;[39m &amp#27;[37m/wd/hub/session/cf730178-8621-4bf8-b989-929b40bb36e0&amp#27;[39m
&amp#27;[35m[HTTP]&amp#27;[39m &amp#27;[90m{}&amp#27;[39m
[debug] &amp#27;[35m[W3C (cf730178)]&amp#27;[39m Calling AppiumDriver.getSession() with args: ["cf730178-8621-4bf8-b989-929b40bb36e0"]
[debug] &amp#27;[35m[UiAutomator2]&amp#27;[39m Getting session details from server to mix in
[debug] &amp#27;[35m[WD Proxy]&amp#27;[39m Matched '/' to command name 'getSession'
[debug] &amp#27;[35m[WD Proxy]&amp#27;[39m Proxying [GET /] to [GET http://127.0.0.1:8217/wd/hub/session/c5c3a627-67b1-4695-aa35-8adf780f0552] with no body
[debug] &amp#27;[35m[WD Proxy]&amp#27;[39m Got response with status 200: {"sessionId":"c5c3a627-67b1-4695-aa35-8adf780f0552","value":{"lastScrollData":null}}
[debug] &amp#27;[35m[W3C (cf730178)]&amp#27;[39m Responding to client with driver.getSession() result: {"platform":"LINUX","webStorageEnabled":false,"takesScreenshot":true,"javascriptEnabled":true,"databaseEnabled":false,"networkConnectionEnabled":true,"locationContextEnabled":false,"warnings":{},"desired":{"platformName":"android","app":"C:\\Users\\Anis\\eclipse-workspace\\Appium\\src\\ApiDemos-debug.apk","deviceName":"Redmi","newCommandTimeout":14},"platformName":"android","app":"C:\\Users\\Anis\\eclipse-workspace\\Appium\\src\\ApiDemos-debug.apk","deviceName":"55272e729804","newCommandTimeout":14,"deviceUDID":"55272e729804","appPackage":"io.appium.android.apis","deviceApiLevel":24,"platformVersion":"7.0","deviceScreenSize":"1080x1920","deviceScreenDensity":480,"deviceModel":"Redmi Note 4","deviceManufacturer":"Xiaomi","pixelRatio":3,"statBarHeight":72,"viewportRect":{"left":0,"top":72,"width":1080,"height":1848},"lastScrollData":null}
&amp#27;[35m[HTTP]&amp#27;[39m &amp#27;[37m<-- GET /wd/hub/session/cf730178-8621-4bf8-b989-929b40bb36e0 &amp#27;[39m&amp#27;[32m200&amp#27;[39m &amp#27;[90m7 ms - 858&amp#27;[39m
&amp#27;[35m[HTTP]&amp#27;[39m &amp#27;[90m&amp#27;[39m
&amp#27;[35m[HTTP]&amp#27;[39m &amp#27;[37m-->&amp#27;[39m &amp#27;[37mPOST&amp#27;[39m &amp#27;[37m/wd/hub/session/cf730178-8621-4bf8-b989-929b40bb36e0/element&amp#27;[39m
&amp#27;[35m[HTTP]&amp#27;[39m &amp#27;[90m{"using":"xpath","value":"//android.widget.TextView[@content-desc=\"Seek Bar\"]"}&amp#27;[39m
[debug] &amp#27;[35m[W3C (cf730178)]&amp#27;[39m Calling AppiumDriver.findElement() with args: ["xpath","//android.widget.TextView[@content-desc=\"Seek Bar\"]","cf730178-8621-4bf8-b989-929b40bb36e0"]
[debug] &amp#27;[35m[BaseDriver]&amp#27;[39m Valid locator strategies for this request: xpath, id, class name, accessibility id, css selector, -android uiautomator
[debug] &amp#27;[35m[BaseDriver]&amp#27;[39m Waiting up to 10000 ms for condition
[debug] &amp#27;[35m[WD Proxy]&amp#27;[39m Matched '/element' to command name 'findElement'
[debug] &amp#27;[35m[WD Proxy]&amp#27;[39m Proxying [POST /element] to [POST http://127.0.0.1:8217/wd/hub/session/c5c3a627-67b1-4695-aa35-8adf780f0552/element] with body: {"strategy":"xpath","selector":"//android.widget.TextView[@content-desc=\"Seek Bar\"]","context":"","multiple":false}
[debug] &amp#27;[35m[WD Proxy]&amp#27;[39m Got response with status 200: {"sessionId":"c5c3a627-67b1-4695-aa35-8adf780f0552","value":{"ELEMENT":"e4a19a36-3190-4ab5-96b8-932be3bd94a0","element-6066-11e4-a52e-4f735466cecf":"e4a19a36-3190-4ab5-96b8-932be3bd94a0"}}
[debug] &amp#27;[35m[W3C (cf730178)]&amp#27;[39m Responding to client with driver.findElement() result: {"element-6066-11e4-a52e-4f735466cecf":"e4a19a36-3190-4ab5-96b8-932be3bd94a0","ELEMENT":"e4a19a36-3190-4ab5-96b8-932be3bd94a0"}
&amp#27;[35m[HTTP]&amp#27;[39m &amp#27;[37m<-- POST /wd/hub/session/cf730178-8621-4bf8-b989-929b40bb36e0/element &amp#27;[39m&amp#27;[32m200&amp#27;[39m &amp#27;[90m37 ms - 137&amp#27;[39m
&amp#27;[35m[HTTP]&amp#27;[39m &amp#27;[90m&amp#27;[39m
&amp#27;[35m[HTTP]&amp#27;[39m &amp#27;[37m-->&amp#27;[39m &amp#27;[37mPOST&amp#27;[39m &amp#27;[37m/wd/hub/session/cf730178-8621-4bf8-b989-929b40bb36e0/element/e4a19a36-3190-4ab5-96b8-932be3bd94a0/click&amp#27;[39m
&amp#27;[35m[HTTP]&amp#27;[39m &amp#27;[90m{"id":"e4a19a36-3190-4ab5-96b8-932be3bd94a0"}&amp#27;[39m
[debug] &amp#27;[35m[W3C (cf730178)]&amp#27;[39m Calling AppiumDriver.click() with args: ["e4a19a36-3190-4ab5-96b8-932be3bd94a0","cf730178-8621-4bf8-b989-929b40bb36e0"]
[debug] &amp#27;[35m[WD Proxy]&amp#27;[39m Matched '/element/e4a19a36-3190-4ab5-96b8-932be3bd94a0/click' to command name 'click'
[debug] &amp#27;[35m[WD Proxy]&amp#27;[39m Proxying [POST /element/e4a19a36-3190-4ab5-96b8-932be3bd94a0/click] to [POST http://127.0.0.1:8217/wd/hub/session/c5c3a627-67b1-4695-aa35-8adf780f0552/element/e4a19a36-3190-4ab5-96b8-932be3bd94a0/click] with body: {"element":"e4a19a36-3190-4ab5-96b8-932be3bd94a0"}
[debug] &amp#27;[35m[WD Proxy]&amp#27;[39m Got response with status 200: {"sessionId":"c5c3a627-67b1-4695-aa35-8adf780f0552","value":null}
[debug] &amp#27;[35m[W3C (cf730178)]&amp#27;[39m Responding to client with driver.click() result: null
&amp#27;[35m[HTTP]&amp#27;[39m &amp#27;[37m<-- POST /wd/hub/session/cf730178-8621-4bf8-b989-929b40bb36e0/element/e4a19a36-3190-4ab5-96b8-932be3bd94a0/click &amp#27;[39m&amp#27;[32m200&amp#27;[39m &amp#27;[90m1638 ms - 14&amp#27;[39m
&amp#27;[35m[HTTP]&amp#27;[39m &amp#27;[90m&amp#27;[39m
&amp#27;[35m[HTTP]&amp#27;[39m &amp#27;[37m-->&amp#27;[39m &amp#27;[37mGET&amp#27;[39m &amp#27;[37m/wd/hub/session/cf730178-8621-4bf8-b989-929b40bb36e0&amp#27;[39m
&amp#27;[35m[HTTP]&amp#27;[39m &amp#27;[90m{}&amp#27;[39m
[debug] &amp#27;[35m[W3C (cf730178)]&amp#27;[39m Calling AppiumDriver.getSession() with args: ["cf730178-8621-4bf8-b989-929b40bb36e0"]
[debug] &amp#27;[35m[UiAutomator2]&amp#27;[39m Getting session details from server to mix in
[debug] &amp#27;[35m[WD Proxy]&amp#27;[39m Matched '/' to command name 'getSession'
[debug] &amp#27;[35m[WD Proxy]&amp#27;[39m Proxying [GET /] to [GET http://127.0.0.1:8217/wd/hub/session/c5c3a627-67b1-4695-aa35-8adf780f0552] with no body
[debug] &amp#27;[35m[WD Proxy]&amp#27;[39m Got response with status 200: {"sessionId":"c5c3a627-67b1-4695-aa35-8adf780f0552","value":{"lastScrollData":null}}
[debug] &amp#27;[35m[W3C (cf730178)]&amp#27;[39m Responding to client with driver.getSession() result: {"platform":"LINUX","webStorageEnabled":false,"takesScreenshot":true,"javascriptEnabled":true,"databaseEnabled":false,"networkConnectionEnabled":true,"locationContextEnabled":false,"warnings":{},"desired":{"platformName":"android","app":"C:\\Users\\Anis\\eclipse-workspace\\Appium\\src\\ApiDemos-debug.apk","deviceName":"Redmi","newCommandTimeout":14},"platformName":"android","app":"C:\\Users\\Anis\\eclipse-workspace\\Appium\\src\\ApiDemos-debug.apk","deviceName":"55272e729804","newCommandTimeout":14,"deviceUDID":"55272e729804","appPackage":"io.appium.android.apis","deviceApiLevel":24,"platformVersion":"7.0","deviceScreenSize":"1080x1920","deviceScreenDensity":480,"deviceModel":"Redmi Note 4","deviceManufacturer":"Xiaomi","pixelRatio":3,"statBarHeight":72,"viewportRect":{"left":0,"top":72,"width":1080,"height":1848},"lastScrollData":null}
&amp#27;[35m[HTTP]&amp#27;[39m &amp#27;[37m<-- GET /wd/hub/session/cf730178-8621-4bf8-b989-929b40bb36e0 &amp#27;[39m&amp#27;[32m200&amp#27;[39m &amp#27;[90m12 ms - 858&amp#27;[39m
&amp#27;[35m[HTTP]&amp#27;[39m &amp#27;[90m&amp#27;[39m
&amp#27;[35m[HTTP]&amp#27;[39m &amp#27;[37m-->&amp#27;[39m &amp#27;[37mGET&amp#27;[39m &amp#27;[37m/wd/hub/session/cf730178-8621-4bf8-b989-929b40bb36e0&amp#27;[39m
&amp#27;[35m[HTTP]&amp#27;[39m &amp#27;[90m{}&amp#27;[39m
[debug] &amp#27;[35m[W3C (cf730178)]&amp#27;[39m Calling AppiumDriver.getSession() with args: ["cf730178-8621-4bf8-b989-929b40bb36e0"]
[debug] &amp#27;[35m[UiAutomator2]&amp#27;[39m Getting session details from server to mix in
[debug] &amp#27;[35m[WD Proxy]&amp#27;[39m Matched '/' to command name 'getSession'
[debug] &amp#27;[35m[WD Proxy]&amp#27;[39m Proxying [GET /] to [GET http://127.0.0.1:8217/wd/hub/session/c5c3a627-67b1-4695-aa35-8adf780f0552] with no body
[debug] &amp#27;[35m[WD Proxy]&amp#27;[39m Got response with status 200: {"sessionId":"c5c3a627-67b1-4695-aa35-8adf780f0552","value":{"lastScrollData":null}}
[debug] &amp#27;[35m[W3C (cf730178)]&amp#27;[39m Responding to client with driver.getSession() result: {"platform":"LINUX","webStorageEnabled":false,"takesScreenshot":true,"javascriptEnabled":true,"databaseEnabled":false,"networkConnectionEnabled":true,"locationContextEnabled":false,"warnings":{},"desired":{"platformName":"android","app":"C:\\Users\\Anis\\eclipse-workspace\\Appium\\src\\ApiDemos-debug.apk","deviceName":"Redmi","newCommandTimeout":14},"platformName":"android","app":"C:\\Users\\Anis\\eclipse-workspace\\Appium\\src\\ApiDemos-debug.apk","deviceName":"55272e729804","newCommandTimeout":14,"deviceUDID":"55272e729804","appPackage":"io.appium.android.apis","deviceApiLevel":24,"platformVersion":"7.0","deviceScreenSize":"1080x1920","deviceScreenDensity":480,"deviceModel":"Redmi Note 4","deviceManufacturer":"Xiaomi","pixelRatio":3,"statBarHeight":72,"viewportRect":{"left":0,"top":72,"width":1080,"height":1848},"lastScrollData":null}
&amp#27;[35m[HTTP]&amp#27;[39m &amp#27;[37m<-- GET /wd/hub/session/cf730178-8621-4bf8-b989-929b40bb36e0 &amp#27;[39m&amp#27;[32m200&amp#27;[39m &amp#27;[90m10 ms - 858&amp#27;[39m
&amp#27;[35m[HTTP]&amp#27;[39m &amp#27;[90m&amp#27;[39m
&amp#27;[35m[HTTP]&amp#27;[39m &amp#27;[37m-->&amp#27;[39m &amp#27;[37mGET&amp#27;[39m &amp#27;[37m/wd/hub/session/cf730178-8621-4bf8-b989-929b40bb36e0&amp#27;[39m
&amp#27;[35m[HTTP]&amp#27;[39m &amp#27;[90m{}&amp#27;[39m
[debug] &amp#27;[35m[W3C (cf730178)]&amp#27;[39m Calling AppiumDriver.getSession() with args: ["cf730178-8621-4bf8-b989-929b40bb36e0"]
[debug] &amp#27;[35m[UiAutomator2]&amp#27;[39m Getting session details from server to mix in
[debug] &amp#27;[35m[WD Proxy]&amp#27;[39m Matched '/' to command name 'getSession'
[debug] &amp#27;[35m[WD Proxy]&amp#27;[39m Proxying [GET /] to [GET http://127.0.0.1:8217/wd/hub/session/c5c3a627-67b1-4695-aa35-8adf780f0552] with no body
[debug] &amp#27;[35m[WD Proxy]&amp#27;[39m Got response with status 200: {"sessionId":"c5c3a627-67b1-4695-aa35-8adf780f0552","value":{"lastScrollData":null}}
[debug] &amp#27;[35m[W3C (cf730178)]&amp#27;[39m Responding to client with driver.getSession() result: {"platform":"LINUX","webStorageEnabled":false,"takesScreenshot":true,"javascriptEnabled":true,"databaseEnabled":false,"networkConnectionEnabled":true,"locationContextEnabled":false,"warnings":{},"desired":{"platformName":"android","app":"C:\\Users\\Anis\\eclipse-workspace\\Appium\\src\\ApiDemos-debug.apk","deviceName":"Redmi","newCommandTimeout":14},"platformName":"android","app":"C:\\Users\\Anis\\eclipse-workspace\\Appium\\src\\ApiDemos-debug.apk","deviceName":"55272e729804","newCommandTimeout":14,"deviceUDID":"55272e729804","appPackage":"io.appium.android.apis","deviceApiLevel":24,"platformVersion":"7.0","deviceScreenSize":"1080x1920","deviceScreenDensity":480,"deviceModel":"Redmi Note 4","deviceManufacturer":"Xiaomi","pixelRatio":3,"statBarHeight":72,"viewportRect":{"left":0,"top":72,"width":1080,"height":1848},"lastScrollData":null}
&amp#27;[35m[HTTP]&amp#27;[39m &amp#27;[37m<-- GET /wd/hub/session/cf730178-8621-4bf8-b989-929b40bb36e0 &amp#27;[39m&amp#27;[32m200&amp#27;[39m &amp#27;[90m12 ms - 858&amp#27;[39m
&amp#27;[35m[HTTP]&amp#27;[39m &amp#27;[90m&amp#27;[39m
&amp#27;[35m[HTTP]&amp#27;[39m &amp#27;[37m-->&amp#27;[39m &amp#27;[37mPOST&amp#27;[39m &amp#27;[37m/wd/hub/session/cf730178-8621-4bf8-b989-929b40bb36e0/element&amp#27;[39m
&amp#27;[35m[HTTP]&amp#27;[39m &amp#27;[90m{"using":"id","value":"io.appium.android.apis:id/seek"}&amp#27;[39m
[debug] &amp#27;[35m[W3C (cf730178)]&amp#27;[39m Calling AppiumDriver.findElement() with args: ["id","io.appium.android.apis:id/seek","cf730178-8621-4bf8-b989-929b40bb36e0"]
[debug] &amp#27;[35m[BaseDriver]&amp#27;[39m Valid locator strategies for this request: xpath, id, class name, accessibility id, css selector, -android uiautomator
[debug] &amp#27;[35m[BaseDriver]&amp#27;[39m Waiting up to 10000 ms for condition
[debug] &amp#27;[35m[WD Proxy]&amp#27;[39m Matched '/element' to command name 'findElement'
[debug] &amp#27;[35m[WD Proxy]&amp#27;[39m Proxying [POST /element] to [POST http://127.0.0.1:8217/wd/hub/session/c5c3a627-67b1-4695-aa35-8adf780f0552/element] with body: {"strategy":"id","selector":"io.appium.android.apis:id/seek","context":"","multiple":false}
[debug] &amp#27;[35m[WD Proxy]&amp#27;[39m Got response with status 200: {"sessionId":"c5c3a627-67b1-4695-aa35-8adf780f0552","value":{"ELEMENT":"ee3749ba-6e36-4f20-9cff-f4023b30a9f1","element-6066-11e4-a52e-4f735466cecf":"ee3749ba-6e36-4f20-9cff-f4023b30a9f1"}}
[debug] &amp#27;[35m[W3C (cf730178)]&amp#27;[39m Responding to client with driver.findElement() result: {"element-6066-11e4-a52e-4f735466cecf":"ee3749ba-6e36-4f20-9cff-f4023b30a9f1","ELEMENT":"ee3749ba-6e36-4f20-9cff-f4023b30a9f1"}
&amp#27;[35m[HTTP]&amp#27;[39m &amp#27;[37m<-- POST /wd/hub/session/cf730178-8621-4bf8-b989-929b40bb36e0/element &amp#27;[39m&amp#27;[32m200&amp#27;[39m &amp#27;[90m500 ms - 137&amp#27;[39m
&amp#27;[35m[HTTP]&amp#27;[39m &amp#27;[90m&amp#27;[39m
&amp#27;[35m[HTTP]&amp#27;[39m &amp#27;[37m-->&amp#27;[39m &amp#27;[37mGET&amp#27;[39m &amp#27;[37m/wd/hub/session/cf730178-8621-4bf8-b989-929b40bb36e0&amp#27;[39m
&amp#27;[35m[HTTP]&amp#27;[39m &amp#27;[90m{}&amp#27;[39m
[debug] &amp#27;[35m[W3C (cf730178)]&amp#27;[39m Calling AppiumDriver.getSession() with args: ["cf730178-8621-4bf8-b989-929b40bb36e0"]
[debug] &amp#27;[35m[UiAutomator2]&amp#27;[39m Getting session details from server to mix in
[debug] &amp#27;[35m[WD Proxy]&amp#27;[39m Matched '/' to command name 'getSession'
[debug] &amp#27;[35m[WD Proxy]&amp#27;[39m Proxying [GET /] to [GET http://127.0.0.1:8217/wd/hub/session/c5c3a627-67b1-4695-aa35-8adf780f0552] with no body
[debug] &amp#27;[35m[WD Proxy]&amp#27;[39m Got response with status 200: {"sessionId":"c5c3a627-67b1-4695-aa35-8adf780f0552","value":{"lastScrollData":null}}
[debug] &amp#27;[35m[W3C (cf730178)]&amp#27;[39m Responding to client with driver.getSession() result: {"platform":"LINUX","webStorageEnabled":false,"takesScreenshot":true,"javascriptEnabled":true,"databaseEnabled":false,"networkConnectionEnabled":true,"locationContextEnabled":false,"warnings":{},"desired":{"platformName":"android","app":"C:\\Users\\Anis\\eclipse-workspace\\Appium\\src\\ApiDemos-debug.apk","deviceName":"Redmi","newCommandTimeout":14},"platformName":"android","app":"C:\\Users\\Anis\\eclipse-workspace\\Appium\\src\\ApiDemos-debug.apk","deviceName":"55272e729804","newCommandTimeout":14,"deviceUDID":"55272e729804","appPackage":"io.appium.android.apis","deviceApiLevel":24,"platformVersion":"7.0","deviceScreenSize":"1080x1920","deviceScreenDensity":480,"deviceModel":"Redmi Note 4","deviceManufacturer":"Xiaomi","pixelRatio":3,"statBarHeight":72,"viewportRect":{"left":0,"top":72,"width":1080,"height":1848},"lastScrollData":null}
&amp#27;[35m[HTTP]&amp#27;[39m &amp#27;[37m<-- GET /wd/hub/session/cf730178-8621-4bf8-b989-929b40bb36e0 &amp#27;[39m&amp#27;[32m200&amp#27;[39m &amp#27;[90m11 ms - 858&amp#27;[39m
&amp#27;[35m[HTTP]&amp#27;[39m &amp#27;[90m&amp#27;[39m
&amp#27;[35m[HTTP]&amp#27;[39m &amp#27;[37m-->&amp#27;[39m &amp#27;[37mPOST&amp#27;[39m &amp#27;[37m/wd/hub/session/cf730178-8621-4bf8-b989-929b40bb36e0/element&amp#27;[39m
&amp#27;[35m[HTTP]&amp#27;[39m &amp#27;[90m{"using":"id","value":"io.appium.android.apis:id/seek"}&amp#27;[39m
[debug] &amp#27;[35m[W3C (cf730178)]&amp#27;[39m Calling AppiumDriver.findElement() with args: ["id","io.appium.android.apis:id/seek","cf730178-8621-4bf8-b989-929b40bb36e0"]
[debug] &amp#27;[35m[BaseDriver]&amp#27;[39m Valid locator strategies for this request: xpath, id, class name, accessibility id, css selector, -android uiautomator
[debug] &amp#27;[35m[BaseDriver]&amp#27;[39m Waiting up to 10000 ms for condition
[debug] &amp#27;[35m[WD Proxy]&amp#27;[39m Matched '/element' to command name 'findElement'
[debug] &amp#27;[35m[WD Proxy]&amp#27;[39m Proxying [POST /element] to [POST http://127.0.0.1:8217/wd/hub/session/c5c3a627-67b1-4695-aa35-8adf780f0552/element] with body: {"strategy":"id","selector":"io.appium.android.apis:id/seek","context":"","multiple":false}
[debug] &amp#27;[35m[WD Proxy]&amp#27;[39m Got response with status 200: {"sessionId":"c5c3a627-67b1-4695-aa35-8adf780f0552","value":{"ELEMENT":"353ecc16-80ac-4817-9c58-525d0ffb8162","element-6066-11e4-a52e-4f735466cecf":"353ecc16-80ac-4817-9c58-525d0ffb8162"}}
[debug] &amp#27;[35m[W3C (cf730178)]&amp#27;[39m Responding to client with driver.findElement() result: {"element-6066-11e4-a52e-4f735466cecf":"353ecc16-80ac-4817-9c58-525d0ffb8162","ELEMENT":"353ecc16-80ac-4817-9c58-525d0ffb8162"}
&amp#27;[35m[HTTP]&amp#27;[39m &amp#27;[37m<-- POST /wd/hub/session/cf730178-8621-4bf8-b989-929b40bb36e0/element &amp#27;[39m&amp#27;[32m200&amp#27;[39m &amp#27;[90m21 ms - 137&amp#27;[39m
&amp#27;[35m[HTTP]&amp#27;[39m &amp#27;[90m&amp#27;[39m
&amp#27;[35m[HTTP]&amp#27;[39m &amp#27;[37m-->&amp#27;[39m &amp#27;[37mPOST&amp#27;[39m &amp#27;[37m/wd/hub/session/cf730178-8621-4bf8-b989-929b40bb36e0/touch/perform&amp#27;[39m
&amp#27;[35m[HTTP]&amp#27;[39m &amp#27;[90m{"actions":[{"action":"longPress","options":{"element":"ee3749ba-6e36-4f20-9cff-f4023b30a9f1"}},{"action":"moveTo","options":{"x":250,"y":250,"element":"353ecc16-80ac-4817-9c58-525d0ffb8162"}},{"action":"release","options":{}}]}&amp#27;[39m
[debug] &amp#27;[35m[W3C (cf730178)]&amp#27;[39m Calling AppiumDriver.performTouch() with args: [[{"action":"longPress","options":{"element":"ee3749ba-6e36-4f20-9cff-f4023b30a9f1"}},{"action":"moveTo","options":{"x":250,"y":250,"element":"353ecc16-80ac-4817-9c58-525d0ffb8162"}},{"action":"release","options":{}}],"cf730178-8621-4bf8-b989-929b40bb36e0"]
&amp#27;[35m[UiAutomator2]&amp#27;[39m calling get location: ee3749ba-6e36-4f20-9cff-f4023b30a9f1
[debug] &amp#27;[35m[WD Proxy]&amp#27;[39m Matched '/element/ee3749ba-6e36-4f20-9cff-f4023b30a9f1/location' to command name 'getLocation'
[debug] &amp#27;[35m[WD Proxy]&amp#27;[39m Proxying [GET /element/ee3749ba-6e36-4f20-9cff-f4023b30a9f1/location] to [GET http://127.0.0.1:8217/wd/hub/session/c5c3a627-67b1-4695-aa35-8adf780f0552/element/ee3749ba-6e36-4f20-9cff-f4023b30a9f1/location] with no body
[debug] &amp#27;[35m[WD Proxy]&amp#27;[39m Got response with status 200: {"sessionId":"c5c3a627-67b1-4695-aa35-8adf780f0552","value":{"x":0,"y":240}}
&amp#27;[35m[UiAutomator2]&amp#27;[39m calling get location: 353ecc16-80ac-4817-9c58-525d0ffb8162
[debug] &amp#27;[35m[WD Proxy]&amp#27;[39m Matched '/element/353ecc16-80ac-4817-9c58-525d0ffb8162/location' to command name 'getLocation'
[debug] &amp#27;[35m[WD Proxy]&amp#27;[39m Proxying [GET /element/353ecc16-80ac-4817-9c58-525d0ffb8162/location] to [GET http://127.0.0.1:8217/wd/hub/session/c5c3a627-67b1-4695-aa35-8adf780f0552/element/353ecc16-80ac-4817-9c58-525d0ffb8162/location] with no body
[debug] &amp#27;[35m[WD Proxy]&amp#27;[39m Got response with status 200: {"sessionId":"c5c3a627-67b1-4695-aa35-8adf780f0552","value":{"x":0,"y":240}}
[debug] &amp#27;[35m[WD Proxy]&amp#27;[39m Proxying [POST /touch/drag] to [POST http://127.0.0.1:8217/wd/hub/session/c5c3a627-67b1-4695-aa35-8adf780f0552/touch/drag] with body: {"elementId":"ee3749ba-6e36-4f20-9cff-f4023b30a9f1","destElId":"353ecc16-80ac-4817-9c58-525d0ffb8162","startX":0,"startY":240,"endX":250,"endY":490,"steps":80}
[debug] &amp#27;[35m[WD Proxy]&amp#27;[39m Got response with status 200: {"sessionId":"c5c3a627-67b1-4695-aa35-8adf780f0552","value":null}
[debug] &amp#27;[35m[W3C (cf730178)]&amp#27;[39m Responding to client with driver.performTouch() result: null
&amp#27;[35m[HTTP]&amp#27;[39m &amp#27;[37m<-- POST /wd/hub/session/cf730178-8621-4bf8-b989-929b40bb36e0/touch/perform &amp#27;[39m&amp#27;[32m200&amp#27;[39m &amp#27;[90m1081 ms - 14&amp#27;[39m
&amp#27;[35m[HTTP]&amp#27;[39m &amp#27;[90m&amp#27;[39m
[INFO ] 2021-06-18 15:59:21.844 [main] Listeners - *******************ApiDemoTest2.progressBars passed*******************
]]></system-out>
    <system-err><![CDATA[Jun 18, 2021 3:58:58 PM io.appium.java_client.remote.AppiumCommandExecutor$1 lambda$0
INFO: Detected dialect: W3C
]]></system-err>
  </testcase>
  <testcase name="viewsTest" classname="ApiDemoTest2" time="27.096">
    <system-out><![CDATA[&amp#27;[35m[Appium]&amp#27;[39m Welcome to Appium v1.21.0
&amp#27;[35m[Appium]&amp#27;[39m Appium REST http interface listener started on 0.0.0.0:4723
&amp#27;[35m[HTTP]&amp#27;[39m &amp#27;[37m-->&amp#27;[39m &amp#27;[37mGET&amp#27;[39m &amp#27;[37m/wd/hub/status&amp#27;[39m
&amp#27;[35m[HTTP]&amp#27;[39m &amp#27;[90m{}&amp#27;[39m
[debug] &amp#27;[35m[GENERIC]&amp#27;[39m Calling AppiumDriver.getStatus() with args: []
[debug] &amp#27;[35m[GENERIC]&amp#27;[39m Responding to client with driver.getStatus() result: {"build":{"version":"1.21.0"}}
&amp#27;[35m[HTTP]&amp#27;[39m &amp#27;[37m<-- GET /wd/hub/status &amp#27;[39m&amp#27;[32m200&amp#27;[39m &amp#27;[90m6 ms - 68&amp#27;[39m
&amp#27;[35m[HTTP]&amp#27;[39m &amp#27;[90m&amp#27;[39m
&amp#27;[35m[HTTP]&amp#27;[39m &amp#27;[37m-->&amp#27;[39m &amp#27;[37mPOST&amp#27;[39m &amp#27;[37m/wd/hub/session&amp#27;[39m
&amp#27;[35m[HTTP]&amp#27;[39m &amp#27;[90m{"desiredCapabilities":{"app":"C:\\Users\\Anis\\eclipse-workspace\\Appium\\src\\ApiDemos-debug.apk","platformName":"Android","deviceName":"Redmi","newCommandTimeout":14},"capabilities":{"firstMatch":[{"appium:app":"C:\\Users\\Anis\\eclipse-workspace\\Appium\\src\\ApiDemos-debug.apk","appium:deviceName":"Redmi","appium:newCommandTimeout":14,"platformName":"android"}]}}&amp#27;[39m
[debug] &amp#27;[35m[W3C]&amp#27;[39m Calling AppiumDriver.createSession() with args: [{"app":"C:\\Users\\Anis\\eclipse-workspace\\Appium\\src\\ApiDemos-debug.apk","platformName":"Android","deviceName":"Redmi","newCommandTimeout":14},null,{"firstMatch":[{"appium:app":"C:\\Users\\Anis\\eclipse-workspace\\Appium\\src\\ApiDemos-debug.apk","appium:deviceName":"Redmi","appium:newCommandTimeout":14,"platformName":"android"}]}]
[debug] &amp#27;[35m[BaseDriver]&amp#27;[39m Event 'newSessionRequested' logged at 1624012163765 (15:59:23 GMT+0530 (India Standard Time))
&amp#27;[35m[Appium]&amp#27;[39m 
&amp#27;[35m[Appium]&amp#27;[39m ======================================================================
&amp#27;[35m[Appium]&amp#27;[39m   DEPRECATION WARNING:
&amp#27;[35m[Appium]&amp#27;[39m 
&amp#27;[35m[Appium]&amp#27;[39m   The 'automationName' capability was not provided in the desired 
&amp#27;[35m[Appium]&amp#27;[39m   capabilities for this Android session
&amp#27;[35m[Appium]&amp#27;[39m 
&amp#27;[35m[Appium]&amp#27;[39m   Setting 'automationName=UiAutomator2' by default and using the 
&amp#27;[35m[Appium]&amp#27;[39m   UiAutomator2 Driver
&amp#27;[35m[Appium]&amp#27;[39m 
&amp#27;[35m[Appium]&amp#27;[39m   The next major version of Appium (2.x) will **require** the 
&amp#27;[35m[Appium]&amp#27;[39m   'automationName' capability to be set for all sessions on all 
&amp#27;[35m[Appium]&amp#27;[39m   platforms
&amp#27;[35m[Appium]&amp#27;[39m 
&amp#27;[35m[Appium]&amp#27;[39m   In previous versions (Appium <= 1.13.x), the default was 
&amp#27;[35m[Appium]&amp#27;[39m   'automationName=UiAutomator1'
&amp#27;[35m[Appium]&amp#27;[39m 
&amp#27;[35m[Appium]&amp#27;[39m   If you wish to use that automation instead of UiAutomator2, please 
&amp#27;[35m[Appium]&amp#27;[39m   add 'automationName=UiAutomator1' to your desired capabilities
&amp#27;[35m[Appium]&amp#27;[39m 
&amp#27;[35m[Appium]&amp#27;[39m   For more information about drivers, please visit 
&amp#27;[35m[Appium]&amp#27;[39m   http://appium.io/docs/en/about-appium/intro/ and explore the 
&amp#27;[35m[Appium]&amp#27;[39m   'Drivers' menu
&amp#27;[35m[Appium]&amp#27;[39m 
&amp#27;[35m[Appium]&amp#27;[39m ======================================================================
&amp#27;[35m[Appium]&amp#27;[39m 
&amp#27;[35m[Appium]&amp#27;[39m Appium v1.21.0 creating new AndroidUiautomator2Driver (v1.65.0) session
[debug] &amp#27;[35m[BaseDriver]&amp#27;[39m W3C capabilities and MJSONWP desired capabilities were provided
[debug] &amp#27;[35m[BaseDriver]&amp#27;[39m Creating session with W3C capabilities: {
[debug] &amp#27;[35m[BaseDriver]&amp#27;[39m   "alwaysMatch": {
[debug] &amp#27;[35m[BaseDriver]&amp#27;[39m     "platformName": "android",
[debug] &amp#27;[35m[BaseDriver]&amp#27;[39m     "appium:app": "C:\\Users\\Anis\\eclipse-workspace\\Appium\\src\\ApiDemos-debug.apk",
[debug] &amp#27;[35m[BaseDriver]&amp#27;[39m     "appium:deviceName": "Redmi",
[debug] &amp#27;[35m[BaseDriver]&amp#27;[39m     "appium:newCommandTimeout": 14
[debug] &amp#27;[35m[BaseDriver]&amp#27;[39m   },
[debug] &amp#27;[35m[BaseDriver]&amp#27;[39m   "firstMatch": [
[debug] &amp#27;[35m[BaseDriver]&amp#27;[39m     {}
[debug] &amp#27;[35m[BaseDriver]&amp#27;[39m   ]
[debug] &amp#27;[35m[BaseDriver]&amp#27;[39m }
&amp#27;[35m[BaseDriver]&amp#27;[39m Session created with session id: e67b95f7-0666-4ad9-bf82-0c69c65da043
&amp#27;[35m[BaseDriver]&amp#27;[39m Using local app 'C:\Users\Anis\eclipse-workspace\Appium\src\ApiDemos-debug.apk'
[debug] &amp#27;[35m[UiAutomator2]&amp#27;[39m Checking whether app is actually present
&amp#27;[35m[ADB]&amp#27;[39m Found 2 'build-tools' folders under 'C:\Users\Anis\AppData\Local\Android\Sdk' (newest first):
&amp#27;[35m[ADB]&amp#27;[39m     C:/Users/Anis/AppData/Local/Android/Sdk/build-tools/31.0.0-rc4
&amp#27;[35m[ADB]&amp#27;[39m     C:/Users/Anis/AppData/Local/Android/Sdk/build-tools/30.0.3
&amp#27;[35m[ADB]&amp#27;[39m Using 'adb.exe' from 'C:\Users\Anis\AppData\Local\Android\Sdk\platform-tools\adb.exe'
[debug] &amp#27;[35m[ADB]&amp#27;[39m Running 'C:\Users\Anis\AppData\Local\Android\Sdk\platform-tools\adb.exe -P 5037 start-server'
&amp#27;[35m[AndroidDriver]&amp#27;[39m Retrieving device list
[debug] &amp#27;[35m[ADB]&amp#27;[39m Trying to find a connected android device
[debug] &amp#27;[35m[ADB]&amp#27;[39m Getting connected devices
[debug] &amp#27;[35m[ADB]&amp#27;[39m Connected devices: [{"udid":"55272e729804","state":"device"}]
&amp#27;[35m[AndroidDriver]&amp#27;[39m Using device: 55272e729804
&amp#27;[35m[ADB]&amp#27;[39m Using 'adb.exe' from 'C:\Users\Anis\AppData\Local\Android\Sdk\platform-tools\adb.exe'
[debug] &amp#27;[35m[ADB]&amp#27;[39m Running 'C:\Users\Anis\AppData\Local\Android\Sdk\platform-tools\adb.exe -P 5037 start-server'
[debug] &amp#27;[35m[ADB]&amp#27;[39m Setting device id to 55272e729804
[debug] &amp#27;[35m[ADB]&amp#27;[39m Running 'C:\Users\Anis\AppData\Local\Android\Sdk\platform-tools\adb.exe -P 5037 -s 55272e729804 shell getprop ro.build.version.sdk'
[debug] &amp#27;[35m[ADB]&amp#27;[39m Current device property 'ro.build.version.sdk': 24
[debug] &amp#27;[35m[ADB]&amp#27;[39m Device API level: 24
[debug] &amp#27;[35m[AndroidDriver]&amp#27;[39m Parsing package and activity from app manifest
&amp#27;[35m[ADB]&amp#27;[39m Package name: 'io.appium.android.apis'
&amp#27;[35m[ADB]&amp#27;[39m Main activity name: 'ApiDemos'
[debug] &amp#27;[35m[AndroidDriver]&amp#27;[39m Parsed package and activity are: io.appium.android.apis/ApiDemos
[debug] &amp#27;[35m[ADB]&amp#27;[39m Running 'C:\Users\Anis\AppData\Local\Android\Sdk\platform-tools\adb.exe -P 5037 -s 55272e729804 wait-for-device'
[debug] &amp#27;[35m[ADB]&amp#27;[39m Running 'C:\Users\Anis\AppData\Local\Android\Sdk\platform-tools\adb.exe -P 5037 -s 55272e729804 shell echo ping'
[debug] &amp#27;[35m[AndroidDriver]&amp#27;[39m Pushing settings apk to device...
[debug] &amp#27;[35m[ADB]&amp#27;[39m Getting install status for io.appium.settings
[debug] &amp#27;[35m[ADB]&amp#27;[39m Running 'C:\Users\Anis\AppData\Local\Android\Sdk\platform-tools\adb.exe -P 5037 -s 55272e729804 shell dumpsys package io.appium.settings'
[debug] &amp#27;[35m[ADB]&amp#27;[39m 'io.appium.settings' is installed
[debug] &amp#27;[35m[ADB]&amp#27;[39m Getting package info for 'io.appium.settings'
[debug] &amp#27;[35m[ADB]&amp#27;[39m Running 'C:\Users\Anis\AppData\Local\Android\Sdk\platform-tools\adb.exe -P 5037 -s 55272e729804 shell dumpsys package io.appium.settings'
[debug] &amp#27;[35m[ADB]&amp#27;[39m The version name of the installed 'io.appium.settings' is greater or equal to the application version name ('3.3.0' >= '3.3.0')
[debug] &amp#27;[35m[ADB]&amp#27;[39m There is no need to install/upgrade 'C:\Users\Anis\AppData\Roaming\npm\node_modules\appium\node_modules\io.appium.settings\apks\settings_apk-debug.apk'
[debug] &amp#27;[35m[ADB]&amp#27;[39m Getting IDs of all 'io.appium.settings' processes
[debug] &amp#27;[35m[ADB]&amp#27;[39m Running 'C:\Users\Anis\AppData\Local\Android\Sdk\platform-tools\adb.exe -P 5037 -s 55272e729804 shell 'pgrep --help; echo $?''
[debug] &amp#27;[35m[ADB]&amp#27;[39m Running 'C:\Users\Anis\AppData\Local\Android\Sdk\platform-tools\adb.exe -P 5037 -s 55272e729804 shell 'pgrep ^appium\\.settings$ || pgrep ^io\\.appium\\.setti$''
[debug] &amp#27;[35m[ADB]&amp#27;[39m Getting IDs of all 'io.appium.settings' processes
[debug] &amp#27;[35m[ADB]&amp#27;[39m Running 'C:\Users\Anis\AppData\Local\Android\Sdk\platform-tools\adb.exe -P 5037 -s 55272e729804 shell 'pgrep ^appium\\.settings$ || pgrep ^io\\.appium\\.setti$''
[debug] &amp#27;[35m[ADB]&amp#27;[39m Starting Appium Settings app
[debug] &amp#27;[35m[ADB]&amp#27;[39m Running 'C:\Users\Anis\AppData\Local\Android\Sdk\platform-tools\adb.exe -P 5037 -s 55272e729804 shell am start -n io.appium.settings/.Settings -a android.intent.action.MAIN -c android.intent.category.LAUNCHER'
[debug] &amp#27;[35m[ADB]&amp#27;[39m Getting IDs of all 'io.appium.settings' processes
[debug] &amp#27;[35m[ADB]&amp#27;[39m Running 'C:\Users\Anis\AppData\Local\Android\Sdk\platform-tools\adb.exe -P 5037 -s 55272e729804 shell 'pgrep ^appium\\.settings$ || pgrep ^io\\.appium\\.setti$''
[debug] &amp#27;[35m[ADB]&amp#27;[39m Running 'C:\Users\Anis\AppData\Local\Android\Sdk\platform-tools\adb.exe -P 5037 -s 55272e729804 shell appops set io.appium.settings android:mock_location allow'
[debug] &amp#27;[35m[Logcat]&amp#27;[39m Starting logs capture with command: C:\\Users\\Anis\\AppData\\Local\\Android\\Sdk\\platform-tools\\adb.exe -P 5037 -s 55272e729804 logcat -v threadtime
[debug] &amp#27;[35m[UiAutomator2]&amp#27;[39m Forwarding UiAutomator2 Server port 6790 to local port 8218
[debug] &amp#27;[35m[ADB]&amp#27;[39m Forwarding system: 8218 to device: 6790
[debug] &amp#27;[35m[ADB]&amp#27;[39m Running 'C:\Users\Anis\AppData\Local\Android\Sdk\platform-tools\adb.exe -P 5037 -s 55272e729804 forward tcp:8218 tcp:6790'
[debug] &amp#27;[35m[ADB]&amp#27;[39m Getting install status for io.appium.uiautomator2.server
[debug] &amp#27;[35m[ADB]&amp#27;[39m Running 'C:\Users\Anis\AppData\Local\Android\Sdk\platform-tools\adb.exe -P 5037 -s 55272e729804 shell dumpsys package io.appium.uiautomator2.server'
[debug] &amp#27;[35m[ADB]&amp#27;[39m 'io.appium.uiautomator2.server' is installed
[debug] &amp#27;[35m[ADB]&amp#27;[39m Getting package info for 'io.appium.uiautomator2.server'
[debug] &amp#27;[35m[ADB]&amp#27;[39m Running 'C:\Users\Anis\AppData\Local\Android\Sdk\platform-tools\adb.exe -P 5037 -s 55272e729804 shell dumpsys package io.appium.uiautomator2.server'
[debug] &amp#27;[35m[ADB]&amp#27;[39m The version name of the installed 'io.appium.uiautomator2.server' is greater or equal to the application version name ('4.21.1' >= '4.21.1')
[debug] &amp#27;[35m[UiAutomator2]&amp#27;[39m io.appium.uiautomator2.server installation state: sameVersionInstalled
[debug] &amp#27;[35m[ADB]&amp#27;[39m Checking app cert for C:\Users\Anis\AppData\Roaming\npm\node_modules\appium\node_modules\appium-uiautomator2-server\apks\appium-uiautomator2-server-v4.21.1.apk
&amp#27;[35m[ADB]&amp#27;[39m Using 'apksigner.jar' from 'C:\Users\Anis\AppData\Local\Android\Sdk\build-tools\31.0.0-rc4\lib\apksigner.jar'
[debug] &amp#27;[35m[ADB]&amp#27;[39m Starting apksigner: 'C:\\Program Files\\Java\\jdk-11.0.11\\bin\\java.exe' -Xmx1024M -Xss1m -jar C:\\Users\\Anis\\AppData\\Local\\Android\\Sdk\\build-tools\\31.0.0-rc4\\lib\\apksigner.jar verify --print-certs C:\\Users\\Anis\\AppData\\Roaming\\npm\\node_modules\\appium\\node_modules\\appium-uiautomator2-server\\apks\\appium-uiautomator2-server-v4.21.1.apk
[debug] &amp#27;[35m[ADB]&amp#27;[39m apksigner stdout: Signer #1 certificate DN: EMAILADDRESS=android@android.com, CN=Android, OU=Android, O=Android, L=Mountain View, ST=California, C=US
[debug] &amp#27;[35m[ADB]&amp#27;[39m Signer #1 certificate SHA-256 digest: a40da80a59d170caa950cf15c18c454d47a39b26989d8b640ecd745ba71bf5dc
[debug] &amp#27;[35m[ADB]&amp#27;[39m Signer #1 certificate SHA-1 digest: 61ed377e85d386a8dfee6b864bd85b0bfaa5af81
[debug] &amp#27;[35m[ADB]&amp#27;[39m Signer #1 certificate MD5 digest: e89b158e4bcf988ebd09eb83f5378e87
[debug] &amp#27;[35m[ADB]&amp#27;[39m 
[debug] &amp#27;[35m[ADB]&amp#27;[39m sha256 hash did match for 'appium-uiautomator2-server-v4.21.1.apk'
&amp#27;[35m[ADB]&amp#27;[39m 'C:\Users\Anis\AppData\Roaming\npm\node_modules\appium\node_modules\appium-uiautomator2-server\apks\appium-uiautomator2-server-v4.21.1.apk' is signed with the default certificate
[debug] &amp#27;[35m[ADB]&amp#27;[39m Getting install status for io.appium.uiautomator2.server.test
[debug] &amp#27;[35m[ADB]&amp#27;[39m Running 'C:\Users\Anis\AppData\Local\Android\Sdk\platform-tools\adb.exe -P 5037 -s 55272e729804 shell dumpsys package io.appium.uiautomator2.server.test'
[debug] &amp#27;[35m[ADB]&amp#27;[39m 'io.appium.uiautomator2.server.test' is installed
[debug] &amp#27;[35m[ADB]&amp#27;[39m Checking app cert for C:\Users\Anis\AppData\Roaming\npm\node_modules\appium\node_modules\appium-uiautomator2-server\apks\appium-uiautomator2-server-debug-androidTest.apk
[debug] &amp#27;[35m[ADB]&amp#27;[39m Starting apksigner: 'C:\\Program Files\\Java\\jdk-11.0.11\\bin\\java.exe' -Xmx1024M -Xss1m -jar C:\\Users\\Anis\\AppData\\Local\\Android\\Sdk\\build-tools\\31.0.0-rc4\\lib\\apksigner.jar verify --print-certs C:\\Users\\Anis\\AppData\\Roaming\\npm\\node_modules\\appium\\node_modules\\appium-uiautomator2-server\\apks\\appium-uiautomator2-server-debug-androidTest.apk
[debug] &amp#27;[35m[ADB]&amp#27;[39m apksigner stdout: Signer #1 certificate DN: EMAILADDRESS=android@android.com, CN=Android, OU=Android, O=Android, L=Mountain View, ST=California, C=US
[debug] &amp#27;[35m[ADB]&amp#27;[39m Signer #1 certificate SHA-256 digest: a40da80a59d170caa950cf15c18c454d47a39b26989d8b640ecd745ba71bf5dc
[debug] &amp#27;[35m[ADB]&amp#27;[39m Signer #1 certificate SHA-1 digest: 61ed377e85d386a8dfee6b864bd85b0bfaa5af81
[debug] &amp#27;[35m[ADB]&amp#27;[39m Signer #1 certificate MD5 digest: e89b158e4bcf988ebd09eb83f5378e87
[debug] &amp#27;[35m[ADB]&amp#27;[39m 
[debug] &amp#27;[35m[ADB]&amp#27;[39m sha256 hash did match for 'appium-uiautomator2-server-debug-androidTest.apk'
&amp#27;[35m[ADB]&amp#27;[39m 'C:\Users\Anis\AppData\Roaming\npm\node_modules\appium\node_modules\appium-uiautomator2-server\apks\appium-uiautomator2-server-debug-androidTest.apk' is signed with the default certificate
&amp#27;[35m[UiAutomator2]&amp#27;[39m Server packages are not going to be (re)installed
[debug] &amp#27;[35m[UiAutomator2]&amp#27;[39m Waiting up to 30000ms for services to be available
[debug] &amp#27;[35m[ADB]&amp#27;[39m Running 'C:\Users\Anis\AppData\Local\Android\Sdk\platform-tools\adb.exe -P 5037 -s 55272e729804 shell pm list instrumentation'
[debug] &amp#27;[35m[UiAutomator2]&amp#27;[39m Instrumentation target 'io.appium.uiautomator2.server.test/androidx.test.runner.AndroidJUnitRunner' is available
&amp#27;[35m[ADB]&amp#27;[39m Adding packages ["io.appium.settings","io.appium.uiautomator2.server","io.appium.uiautomator2.server.test"] to Doze whitelist
[debug] &amp#27;[35m[ADB]&amp#27;[39m Got the following command chunks to execute: [["dumpsys","deviceidle","whitelist","+io.appium.settings",";","dumpsys","deviceidle","whitelist","+io.appium.uiautomator2.server",";","dumpsys","deviceidle","whitelist","+io.appium.uiautomator2.server.test",";"]]
[debug] &amp#27;[35m[ADB]&amp#27;[39m Running 'C:\Users\Anis\AppData\Local\Android\Sdk\platform-tools\adb.exe -P 5037 -s 55272e729804 shell dumpsys deviceidle whitelist +io.appium.settings ; dumpsys deviceidle whitelist +io.appium.uiautomator2.server ; dumpsys deviceidle whitelist +io.appium.uiautomator2.server.test ;'
[debug] &amp#27;[35m[ADB]&amp#27;[39m Checking app cert for C:\Users\Anis\eclipse-workspace\Appium\src\ApiDemos-debug.apk
[debug] &amp#27;[35m[ADB]&amp#27;[39m Starting apksigner: 'C:\\Program Files\\Java\\jdk-11.0.11\\bin\\java.exe' -Xmx1024M -Xss1m -jar C:\\Users\\Anis\\AppData\\Local\\Android\\Sdk\\build-tools\\31.0.0-rc4\\lib\\apksigner.jar verify --print-certs C:\\Users\\Anis\\eclipse-workspace\\Appium\\src\\ApiDemos-debug.apk
[debug] &amp#27;[35m[ADB]&amp#27;[39m apksigner stdout: Signer #1 certificate DN: EMAILADDRESS=android@android.com, CN=Android, OU=Android, O=Android, L=Mountain View, ST=California, C=US
[debug] &amp#27;[35m[ADB]&amp#27;[39m Signer #1 certificate SHA-256 digest: a40da80a59d170caa950cf15c18c454d47a39b26989d8b640ecd745ba71bf5dc
[debug] &amp#27;[35m[ADB]&amp#27;[39m Signer #1 certificate SHA-1 digest: 61ed377e85d386a8dfee6b864bd85b0bfaa5af81
[debug] &amp#27;[35m[ADB]&amp#27;[39m Signer #1 certificate MD5 digest: e89b158e4bcf988ebd09eb83f5378e87
[debug] &amp#27;[35m[ADB]&amp#27;[39m 
[debug] &amp#27;[35m[ADB]&amp#27;[39m sha256 hash did match for 'ApiDemos-debug.apk'
&amp#27;[35m[ADB]&amp#27;[39m 'C:\Users\Anis\eclipse-workspace\Appium\src\ApiDemos-debug.apk' is signed with the default certificate
[debug] &amp#27;[35m[ADB]&amp#27;[39m Getting install status for io.appium.android.apis
[debug] &amp#27;[35m[ADB]&amp#27;[39m Running 'C:\Users\Anis\AppData\Local\Android\Sdk\platform-tools\adb.exe -P 5037 -s 55272e729804 shell dumpsys package io.appium.android.apis'
[debug] &amp#27;[35m[ADB]&amp#27;[39m 'io.appium.android.apis' is installed
[debug] &amp#27;[35m[ADB]&amp#27;[39m Getting package info for 'io.appium.android.apis'
[debug] &amp#27;[35m[ADB]&amp#27;[39m Running 'C:\Users\Anis\AppData\Local\Android\Sdk\platform-tools\adb.exe -P 5037 -s 55272e729804 shell dumpsys package io.appium.android.apis'
&amp#27;[35m[ADB]&amp#27;[39m Cannot read version codes of 'C:\Users\Anis\eclipse-workspace\Appium\src\ApiDemos-debug.apk' and/or 'io.appium.android.apis'
&amp#27;[35m[ADB]&amp#27;[39m Cannot read version names of 'C:\Users\Anis\eclipse-workspace\Appium\src\ApiDemos-debug.apk' and/or 'io.appium.android.apis'
[debug] &amp#27;[35m[ADB]&amp#27;[39m The current install state of 'C:\Users\Anis\eclipse-workspace\Appium\src\ApiDemos-debug.apk' is unknown. Installing anyway
[debug] &amp#27;[35m[ADB]&amp#27;[39m Running 'C:\Users\Anis\AppData\Local\Android\Sdk\platform-tools\adb.exe -P 5037 -s 55272e729804 help'
[debug] &amp#27;[35m[ADB]&amp#27;[39m Running 'C:\Users\Anis\AppData\Local\Android\Sdk\platform-tools\adb.exe -P 5037 -s 55272e729804 features'
&amp#27;[35m[ADB]&amp#27;[39m The application at 'C:\Users\Anis\eclipse-workspace\Appium\src\ApiDemos-debug.apk' will not be cached, because the device under test has confirmed the support of streamed installs
[debug] &amp#27;[35m[ADB]&amp#27;[39m Running 'C:\Users\Anis\AppData\Local\Android\Sdk\platform-tools\adb.exe -P 5037 -s 55272e729804 install -r C:\Users\Anis\eclipse-workspace\Appium\src\ApiDemos-debug.apk'
&amp#27;[35m[ADB]&amp#27;[39m The installation of 'ApiDemos-debug.apk' took 4735ms
[debug] &amp#27;[35m[ADB]&amp#27;[39m Install command stdout: Performing Streamed Install
[debug] &amp#27;[35m[ADB]&amp#27;[39m Success
&amp#27;[35m[AndroidDriver]&amp#27;[39m Performing fast reset on 'io.appium.android.apis'
[debug] &amp#27;[35m[ADB]&amp#27;[39m Getting install status for io.appium.android.apis
[debug] &amp#27;[35m[ADB]&amp#27;[39m Running 'C:\Users\Anis\AppData\Local\Android\Sdk\platform-tools\adb.exe -P 5037 -s 55272e729804 shell dumpsys package io.appium.android.apis'
[debug] &amp#27;[35m[ADB]&amp#27;[39m 'io.appium.android.apis' is installed
[debug] &amp#27;[35m[ADB]&amp#27;[39m Running 'C:\Users\Anis\AppData\Local\Android\Sdk\platform-tools\adb.exe -P 5037 -s 55272e729804 shell am force-stop io.appium.android.apis'
[debug] &amp#27;[35m[ADB]&amp#27;[39m Running 'C:\Users\Anis\AppData\Local\Android\Sdk\platform-tools\adb.exe -P 5037 -s 55272e729804 shell pm clear io.appium.android.apis'
[debug] &amp#27;[35m[AndroidDriver]&amp#27;[39m Performed fast reset on the installed 'io.appium.android.apis' application (stop and clear)
[debug] &amp#27;[35m[UiAutomator2]&amp#27;[39m Performing shallow cleanup of automation leftovers
[debug] &amp#27;[35m[UiAutomator2]&amp#27;[39m The following obsolete sessions are still running: [null]
[debug] &amp#27;[35m[UiAutomator2]&amp#27;[39m Cleaning up the obsolete sessions
[debug] &amp#27;[35m[ADB]&amp#27;[39m Running 'C:\Users\Anis\AppData\Local\Android\Sdk\platform-tools\adb.exe -P 5037 -s 55272e729804 shell am force-stop io.appium.uiautomator2.server.test'
&amp#27;[35m[UiAutomator2]&amp#27;[39m Starting UIAutomator2 server 4.21.1
&amp#27;[35m[UiAutomator2]&amp#27;[39m Using UIAutomator2 server from 'C:\Users\Anis\AppData\Roaming\npm\node_modules\appium\node_modules\appium-uiautomator2-server\apks\appium-uiautomator2-server-v4.21.1.apk' and test from 'C:\Users\Anis\AppData\Roaming\npm\node_modules\appium\node_modules\appium-uiautomator2-server\apks\appium-uiautomator2-server-debug-androidTest.apk'
&amp#27;[35m[UiAutomator2]&amp#27;[39m Waiting up to 30000ms for UiAutomator2 to be online...
[debug] &amp#27;[35m[ADB]&amp#27;[39m Creating ADB subprocess with args: ["-P",5037,"-s","55272e729804","shell","am","instrument","-w","-e","disableAnalytics",true,"io.appium.uiautomator2.server.test/androidx.test.runner.AndroidJUnitRunner"]
[debug] &amp#27;[35m[WD Proxy]&amp#27;[39m Matched '/status' to command name 'getStatus'
[debug] &amp#27;[35m[WD Proxy]&amp#27;[39m Proxying [GET /status] to [GET http://127.0.0.1:8218/wd/hub/status] with no body
&amp#27;[35m[WD Proxy]&amp#27;[39m socket hang up
[debug] &amp#27;[35m[WD Proxy]&amp#27;[39m Matched '/status' to command name 'getStatus'
[debug] &amp#27;[35m[WD Proxy]&amp#27;[39m Proxying [GET /status] to [GET http://127.0.0.1:8218/wd/hub/status] with no body
&amp#27;[35m[WD Proxy]&amp#27;[39m socket hang up
[debug] &amp#27;[35m[Instrumentation]&amp#27;[39m io.appium.uiautomator2.server.test.AppiumUiAutomator2Server:
[debug] &amp#27;[35m[WD Proxy]&amp#27;[39m Matched '/status' to command name 'getStatus'
[debug] &amp#27;[35m[WD Proxy]&amp#27;[39m Proxying [GET /status] to [GET http://127.0.0.1:8218/wd/hub/status] with no body
&amp#27;[35m[WD Proxy]&amp#27;[39m socket hang up
[debug] &amp#27;[35m[WD Proxy]&amp#27;[39m Matched '/status' to command name 'getStatus'
[debug] &amp#27;[35m[WD Proxy]&amp#27;[39m Proxying [GET /status] to [GET http://127.0.0.1:8218/wd/hub/status] with no body
[debug] &amp#27;[35m[WD Proxy]&amp#27;[39m Got response with status 200: {"sessionId":"None","value":{"message":"UiAutomator2 Server is ready to accept commands","ready":true}}
[debug] &amp#27;[35m[UiAutomator2]&amp#27;[39m The initialization of the instrumentation process took 3105ms
[debug] &amp#27;[35m[WD Proxy]&amp#27;[39m Matched '/session' to command name 'createSession'
[debug] &amp#27;[35m[WD Proxy]&amp#27;[39m Proxying [POST /session] to [POST http://127.0.0.1:8218/wd/hub/session] with body: {"capabilities":{"firstMatch":[{"platform":"LINUX","webStorageEnabled":false,"takesScreenshot":true,"javascriptEnabled":true,"databaseEnabled":false,"networkConnectionEnabled":true,"locationContextEnabled":false,"warnings":{},"desired":{"platformName":"android","app":"C:\\Users\\Anis\\eclipse-workspace\\Appium\\src\\ApiDemos-debug.apk","deviceName":"Redmi","newCommandTimeout":14},"platformName":"android","app":"C:\\Users\\Anis\\eclipse-workspace\\Appium\\src\\ApiDemos-debug.apk","deviceName":"55272e729804","newCommandTimeout":14,"deviceUDID":"55272e729804","appPackage":"io.appium.android.apis"}],"alwaysMatch":{}}}
[debug] &amp#27;[35m[WD Proxy]&amp#27;[39m Got response with status 200: {"sessionId":"e30bd81a-f139-4837-b67f-99a041c747ef","value":{"capabilities":{"firstMatch":[{"platform":"LINUX","webStorageEnabled":false,"takesScreenshot":true,"javascriptEnabled":true,"databaseEnabled":false,"networkConnectionEnabled":true,"locationContextEnabled":false,"warnings":{},"desired":{"platformName":"android","app":"C:\\Users\\Anis\\eclipse-workspace\\Appium\\src\\ApiDemos-debug.apk","deviceName":"Redmi","newCommandTimeout":14},"platformName":"android","app":"C:\\Users\\Anis\\eclipse-workspace\\Appium\\src\\ApiDemos-debug.apk","deviceName":"55272e729804","newCommandTimeout":14,"deviceUDID":"55272e729804","appPackage":"io.appium.android.apis"}],"alwaysMatch":{}},"sessionId":"e30bd81a-f139-4837-b67f-99a041c747ef"}}
&amp#27;[35m[WD Proxy]&amp#27;[39m Determined the downstream protocol as 'W3C'
[debug] &amp#27;[35m[WD Proxy]&amp#27;[39m Proxying [GET /appium/device/info] to [GET http://127.0.0.1:8218/wd/hub/session/e30bd81a-f139-4837-b67f-99a041c747ef/appium/device/info] with no body
[debug] &amp#27;[35m[WD Proxy]&amp#27;[39m Got response with status 200: {"sessionId":"e30bd81a-f139-4837-b67f-99a041c747ef","value":{"androidId":"62e279822e2e3c5b","apiVersion":"24","bluetooth":{"state":"OFF"},"brand":"xiaomi","carrierName":"airtel","displayDensity":480,"locale":"en_GB","manufacturer":"Xiaomi","model":"Redmi Note 4","networks":[{"capabilities":{"SSID":null,"linkDownBandwidthKbps":102400,"linkUpstreamBandwidthKbps":51200,"networkCapabilities":"NET_CAPABILITY_NOT_METERED,NET_CAPABILITY_NOT_RESTRICTED,NET_CAPABILITY_IMS,NET_CAPABILITY_NOT_VPN,NET_CAPABILITY_TRUSTED,NET_CAPABILITY_VALIDATED","signalStrength":-2147483648,"transportTypes":"TRANSPORT_CELLULAR"},"detailedState":"CONNECTED","extraInfo":"ims","isAvailable":true,"isConnected":true,"isFailover":false,"isRoaming":false,"state":"CONNECTED","subtype":13,"subtypeName":"LTE","type":0,"typeName":"MOBILE"},{"capabilities":{"SSID":null,"linkDownBandwidthKbps":102400,"linkUpstreamBandwidthKbps":51200,"networkCapabilities":"NET_CAPABILITY_NOT_RESTRICTED,NET_CAPABILITY_SUPL,NET_CAPABILITY_NOT_VPN,NET_CAPABILITY_INTE...
[debug] &amp#27;[35m[ADB]&amp#27;[39m Running 'C:\Users\Anis\AppData\Local\Android\Sdk\platform-tools\adb.exe -P 5037 -s 55272e729804 shell dumpsys window'
&amp#27;[35m[AndroidDriver]&amp#27;[39m Screen already unlocked, doing nothing
&amp#27;[35m[UiAutomator2]&amp#27;[39m Starting 'io.appium.android.apis/ApiDemos and waiting for 'io.appium.android.apis/ApiDemos'
[debug] &amp#27;[35m[ADB]&amp#27;[39m Running 'C:\Users\Anis\AppData\Local\Android\Sdk\platform-tools\adb.exe -P 5037 -s 55272e729804 shell am start -W -n io.appium.android.apis/ApiDemos -S -a android.intent.action.MAIN -c android.intent.category.LAUNCHER -f 0x10200000'
[debug] &amp#27;[35m[ADB]&amp#27;[39m We tried to start an activity that doesn't exist, retrying with '.ApiDemos' activity name
[debug] &amp#27;[35m[ADB]&amp#27;[39m Running 'C:\Users\Anis\AppData\Local\Android\Sdk\platform-tools\adb.exe -P 5037 -s 55272e729804 shell am start -W -n io.appium.android.apis/.ApiDemos -S -a android.intent.action.MAIN -c android.intent.category.LAUNCHER -f 0x10200000'
[debug] &amp#27;[35m[ADB]&amp#27;[39m Waiting up to 20000ms for activity matching pkg: 'io.appium.android.apis' and activity: 'ApiDemos' to be focused
[debug] &amp#27;[35m[ADB]&amp#27;[39m Possible activities, to be checked: 'ApiDemos', 'io.appium.android.apis.ApiDemos'
[debug] &amp#27;[35m[ADB]&amp#27;[39m Getting focused package and activity
[debug] &amp#27;[35m[ADB]&amp#27;[39m Running 'C:\Users\Anis\AppData\Local\Android\Sdk\platform-tools\adb.exe -P 5037 -s 55272e729804 shell dumpsys window windows'
[debug] &amp#27;[35m[ADB]&amp#27;[39m Found package: 'io.appium.android.apis' and fully qualified activity name : 'io.appium.android.apis.ApiDemos'
[debug] &amp#27;[35m[WD Proxy]&amp#27;[39m Proxying [GET /appium/device/pixel_ratio] to [GET http://127.0.0.1:8218/wd/hub/session/e30bd81a-f139-4837-b67f-99a041c747ef/appium/device/pixel_ratio] with no body
[debug] &amp#27;[35m[WD Proxy]&amp#27;[39m Got response with status 200: {"sessionId":"e30bd81a-f139-4837-b67f-99a041c747ef","value":3}
[debug] &amp#27;[35m[WD Proxy]&amp#27;[39m Matched '/appium/device/system_bars' to command name 'getSystemBars'
[debug] &amp#27;[35m[WD Proxy]&amp#27;[39m Proxying [GET /appium/device/system_bars] to [GET http://127.0.0.1:8218/wd/hub/session/e30bd81a-f139-4837-b67f-99a041c747ef/appium/device/system_bars] with no body
[debug] &amp#27;[35m[WD Proxy]&amp#27;[39m Got response with status 200: {"sessionId":"e30bd81a-f139-4837-b67f-99a041c747ef","value":{"statusBar":72}}
[debug] &amp#27;[35m[WD Proxy]&amp#27;[39m Matched '/window/current/size' to command name 'getWindowSize'
[debug] &amp#27;[35m[WD Proxy]&amp#27;[39m Proxying [GET /window/current/size] to [GET http://127.0.0.1:8218/wd/hub/session/e30bd81a-f139-4837-b67f-99a041c747ef/window/current/size] with no body
[debug] &amp#27;[35m[WD Proxy]&amp#27;[39m Got response with status 200: {"sessionId":"e30bd81a-f139-4837-b67f-99a041c747ef","value":{"height":1920,"width":1080}}
&amp#27;[35m[Appium]&amp#27;[39m New AndroidUiautomator2Driver session created successfully, session e67b95f7-0666-4ad9-bf82-0c69c65da043 added to master session list
[debug] &amp#27;[35m[BaseDriver]&amp#27;[39m Event 'newSessionStarted' logged at 1624012186403 (15:59:46 GMT+0530 (India Standard Time))
[debug] &amp#27;[35m[W3C (e67b95f7)]&amp#27;[39m Cached the protocol value 'W3C' for the new session e67b95f7-0666-4ad9-bf82-0c69c65da043
[debug] &amp#27;[35m[W3C (e67b95f7)]&amp#27;[39m Responding to client with driver.createSession() result: {"capabilities":{"platform":"LINUX","webStorageEnabled":false,"takesScreenshot":true,"javascriptEnabled":true,"databaseEnabled":false,"networkConnectionEnabled":true,"locationContextEnabled":false,"warnings":{},"desired":{"platformName":"android","app":"C:\\Users\\Anis\\eclipse-workspace\\Appium\\src\\ApiDemos-debug.apk","deviceName":"Redmi","newCommandTimeout":14},"platformName":"android","app":"C:\\Users\\Anis\\eclipse-workspace\\Appium\\src\\ApiDemos-debug.apk","deviceName":"55272e729804","newCommandTimeout":14,"deviceUDID":"55272e729804","appPackage":"io.appium.android.apis","deviceApiLevel":24,"platformVersion":"7.0","deviceScreenSize":"1080x1920","deviceScreenDensity":480,"deviceModel":"Redmi Note 4","deviceManufacturer":"Xiaomi","pixelRatio":3,"statBarHeight":72,"viewportRect":{"left":0,"top":72,"width":1080,"height":1848}}}
&amp#27;[35m[HTTP]&amp#27;[39m &amp#27;[37m<-- POST /wd/hub/session &amp#27;[39m&amp#27;[32m200&amp#27;[39m &amp#27;[90m22646 ms - 904&amp#27;[39m
&amp#27;[35m[HTTP]&amp#27;[39m &amp#27;[90m&amp#27;[39m
&amp#27;[35m[HTTP]&amp#27;[39m &amp#27;[37m-->&amp#27;[39m &amp#27;[37mGET&amp#27;[39m &amp#27;[37m/wd/hub/session/e67b95f7-0666-4ad9-bf82-0c69c65da043&amp#27;[39m
&amp#27;[35m[HTTP]&amp#27;[39m &amp#27;[90m{}&amp#27;[39m
[debug] &amp#27;[35m[W3C (e67b95f7)]&amp#27;[39m Calling AppiumDriver.getSession() with args: ["e67b95f7-0666-4ad9-bf82-0c69c65da043"]
[debug] &amp#27;[35m[UiAutomator2]&amp#27;[39m Getting session details from server to mix in
[debug] &amp#27;[35m[WD Proxy]&amp#27;[39m Matched '/' to command name 'getSession'
[debug] &amp#27;[35m[WD Proxy]&amp#27;[39m Proxying [GET /] to [GET http://127.0.0.1:8218/wd/hub/session/e30bd81a-f139-4837-b67f-99a041c747ef] with no body
[debug] &amp#27;[35m[WD Proxy]&amp#27;[39m Got response with status 200: {"sessionId":"e30bd81a-f139-4837-b67f-99a041c747ef","value":{"lastScrollData":null}}
[debug] &amp#27;[35m[W3C (e67b95f7)]&amp#27;[39m Responding to client with driver.getSession() result: {"platform":"LINUX","webStorageEnabled":false,"takesScreenshot":true,"javascriptEnabled":true,"databaseEnabled":false,"networkConnectionEnabled":true,"locationContextEnabled":false,"warnings":{},"desired":{"platformName":"android","app":"C:\\Users\\Anis\\eclipse-workspace\\Appium\\src\\ApiDemos-debug.apk","deviceName":"Redmi","newCommandTimeout":14},"platformName":"android","app":"C:\\Users\\Anis\\eclipse-workspace\\Appium\\src\\ApiDemos-debug.apk","deviceName":"55272e729804","newCommandTimeout":14,"deviceUDID":"55272e729804","appPackage":"io.appium.android.apis","deviceApiLevel":24,"platformVersion":"7.0","deviceScreenSize":"1080x1920","deviceScreenDensity":480,"deviceModel":"Redmi Note 4","deviceManufacturer":"Xiaomi","pixelRatio":3,"statBarHeight":72,"viewportRect":{"left":0,"top":72,"width":1080,"height":1848},"lastScrollData":null}
&amp#27;[35m[HTTP]&amp#27;[39m &amp#27;[37m<-- GET /wd/hub/session/e67b95f7-0666-4ad9-bf82-0c69c65da043 &amp#27;[39m&amp#27;[32m200&amp#27;[39m &amp#27;[90m17 ms - 858&amp#27;[39m
&amp#27;[35m[HTTP]&amp#27;[39m &amp#27;[90m&amp#27;[39m
&amp#27;[35m[HTTP]&amp#27;[39m &amp#27;[37m-->&amp#27;[39m &amp#27;[37mGET&amp#27;[39m &amp#27;[37m/wd/hub/session/e67b95f7-0666-4ad9-bf82-0c69c65da043&amp#27;[39m
&amp#27;[35m[HTTP]&amp#27;[39m &amp#27;[90m{}&amp#27;[39m
[debug] &amp#27;[35m[W3C (e67b95f7)]&amp#27;[39m Calling AppiumDriver.getSession() with args: ["e67b95f7-0666-4ad9-bf82-0c69c65da043"]
[debug] &amp#27;[35m[UiAutomator2]&amp#27;[39m Getting session details from server to mix in
[debug] &amp#27;[35m[WD Proxy]&amp#27;[39m Matched '/' to command name 'getSession'
[debug] &amp#27;[35m[WD Proxy]&amp#27;[39m Proxying [GET /] to [GET http://127.0.0.1:8218/wd/hub/session/e30bd81a-f139-4837-b67f-99a041c747ef] with no body
[debug] &amp#27;[35m[WD Proxy]&amp#27;[39m Got response with status 200: {"sessionId":"e30bd81a-f139-4837-b67f-99a041c747ef","value":{"lastScrollData":null}}
[debug] &amp#27;[35m[W3C (e67b95f7)]&amp#27;[39m Responding to client with driver.getSession() result: {"platform":"LINUX","webStorageEnabled":false,"takesScreenshot":true,"javascriptEnabled":true,"databaseEnabled":false,"networkConnectionEnabled":true,"locationContextEnabled":false,"warnings":{},"desired":{"platformName":"android","app":"C:\\Users\\Anis\\eclipse-workspace\\Appium\\src\\ApiDemos-debug.apk","deviceName":"Redmi","newCommandTimeout":14},"platformName":"android","app":"C:\\Users\\Anis\\eclipse-workspace\\Appium\\src\\ApiDemos-debug.apk","deviceName":"55272e729804","newCommandTimeout":14,"deviceUDID":"55272e729804","appPackage":"io.appium.android.apis","deviceApiLevel":24,"platformVersion":"7.0","deviceScreenSize":"1080x1920","deviceScreenDensity":480,"deviceModel":"Redmi Note 4","deviceManufacturer":"Xiaomi","pixelRatio":3,"statBarHeight":72,"viewportRect":{"left":0,"top":72,"width":1080,"height":1848},"lastScrollData":null}
&amp#27;[35m[HTTP]&amp#27;[39m &amp#27;[37m<-- GET /wd/hub/session/e67b95f7-0666-4ad9-bf82-0c69c65da043 &amp#27;[39m&amp#27;[32m200&amp#27;[39m &amp#27;[90m11 ms - 858&amp#27;[39m
&amp#27;[35m[HTTP]&amp#27;[39m &amp#27;[90m&amp#27;[39m
&amp#27;[35m[HTTP]&amp#27;[39m &amp#27;[37m-->&amp#27;[39m &amp#27;[37mGET&amp#27;[39m &amp#27;[37m/wd/hub/session/e67b95f7-0666-4ad9-bf82-0c69c65da043&amp#27;[39m
&amp#27;[35m[HTTP]&amp#27;[39m &amp#27;[90m{}&amp#27;[39m
[debug] &amp#27;[35m[W3C (e67b95f7)]&amp#27;[39m Calling AppiumDriver.getSession() with args: ["e67b95f7-0666-4ad9-bf82-0c69c65da043"]
[debug] &amp#27;[35m[UiAutomator2]&amp#27;[39m Getting session details from server to mix in
[debug] &amp#27;[35m[WD Proxy]&amp#27;[39m Matched '/' to command name 'getSession'
[debug] &amp#27;[35m[WD Proxy]&amp#27;[39m Proxying [GET /] to [GET http://127.0.0.1:8218/wd/hub/session/e30bd81a-f139-4837-b67f-99a041c747ef] with no body
[debug] &amp#27;[35m[WD Proxy]&amp#27;[39m Got response with status 200: {"sessionId":"e30bd81a-f139-4837-b67f-99a041c747ef","value":{"lastScrollData":null}}
[debug] &amp#27;[35m[W3C (e67b95f7)]&amp#27;[39m Responding to client with driver.getSession() result: {"platform":"LINUX","webStorageEnabled":false,"takesScreenshot":true,"javascriptEnabled":true,"databaseEnabled":false,"networkConnectionEnabled":true,"locationContextEnabled":false,"warnings":{},"desired":{"platformName":"android","app":"C:\\Users\\Anis\\eclipse-workspace\\Appium\\src\\ApiDemos-debug.apk","deviceName":"Redmi","newCommandTimeout":14},"platformName":"android","app":"C:\\Users\\Anis\\eclipse-workspace\\Appium\\src\\ApiDemos-debug.apk","deviceName":"55272e729804","newCommandTimeout":14,"deviceUDID":"55272e729804","appPackage":"io.appium.android.apis","deviceApiLevel":24,"platformVersion":"7.0","deviceScreenSize":"1080x1920","deviceScreenDensity":480,"deviceModel":"Redmi Note 4","deviceManufacturer":"Xiaomi","pixelRatio":3,"statBarHeight":72,"viewportRect":{"left":0,"top":72,"width":1080,"height":1848},"lastScrollData":null}
&amp#27;[35m[HTTP]&amp#27;[39m &amp#27;[37m<-- GET /wd/hub/session/e67b95f7-0666-4ad9-bf82-0c69c65da043 &amp#27;[39m&amp#27;[32m200&amp#27;[39m &amp#27;[90m10 ms - 858&amp#27;[39m
&amp#27;[35m[HTTP]&amp#27;[39m &amp#27;[90m&amp#27;[39m
&amp#27;[35m[HTTP]&amp#27;[39m &amp#27;[37m-->&amp#27;[39m &amp#27;[37mGET&amp#27;[39m &amp#27;[37m/wd/hub/session/e67b95f7-0666-4ad9-bf82-0c69c65da043&amp#27;[39m
&amp#27;[35m[HTTP]&amp#27;[39m &amp#27;[90m{}&amp#27;[39m
[debug] &amp#27;[35m[W3C (e67b95f7)]&amp#27;[39m Calling AppiumDriver.getSession() with args: ["e67b95f7-0666-4ad9-bf82-0c69c65da043"]
[debug] &amp#27;[35m[UiAutomator2]&amp#27;[39m Getting session details from server to mix in
[debug] &amp#27;[35m[WD Proxy]&amp#27;[39m Matched '/' to command name 'getSession'
[debug] &amp#27;[35m[WD Proxy]&amp#27;[39m Proxying [GET /] to [GET http://127.0.0.1:8218/wd/hub/session/e30bd81a-f139-4837-b67f-99a041c747ef] with no body
[debug] &amp#27;[35m[WD Proxy]&amp#27;[39m Got response with status 200: {"sessionId":"e30bd81a-f139-4837-b67f-99a041c747ef","value":{"lastScrollData":null}}
[debug] &amp#27;[35m[W3C (e67b95f7)]&amp#27;[39m Responding to client with driver.getSession() result: {"platform":"LINUX","webStorageEnabled":false,"takesScreenshot":true,"javascriptEnabled":true,"databaseEnabled":false,"networkConnectionEnabled":true,"locationContextEnabled":false,"warnings":{},"desired":{"platformName":"android","app":"C:\\Users\\Anis\\eclipse-workspace\\Appium\\src\\ApiDemos-debug.apk","deviceName":"Redmi","newCommandTimeout":14},"platformName":"android","app":"C:\\Users\\Anis\\eclipse-workspace\\Appium\\src\\ApiDemos-debug.apk","deviceName":"55272e729804","newCommandTimeout":14,"deviceUDID":"55272e729804","appPackage":"io.appium.android.apis","deviceApiLevel":24,"platformVersion":"7.0","deviceScreenSize":"1080x1920","deviceScreenDensity":480,"deviceModel":"Redmi Note 4","deviceManufacturer":"Xiaomi","pixelRatio":3,"statBarHeight":72,"viewportRect":{"left":0,"top":72,"width":1080,"height":1848},"lastScrollData":null}
&amp#27;[35m[HTTP]&amp#27;[39m &amp#27;[37m<-- GET /wd/hub/session/e67b95f7-0666-4ad9-bf82-0c69c65da043 &amp#27;[39m&amp#27;[32m200&amp#27;[39m &amp#27;[90m10 ms - 858&amp#27;[39m
&amp#27;[35m[HTTP]&amp#27;[39m &amp#27;[90m&amp#27;[39m
&amp#27;[35m[HTTP]&amp#27;[39m &amp#27;[37m-->&amp#27;[39m &amp#27;[37mPOST&amp#27;[39m &amp#27;[37m/wd/hub/session/e67b95f7-0666-4ad9-bf82-0c69c65da043/timeouts&amp#27;[39m
&amp#27;[35m[HTTP]&amp#27;[39m &amp#27;[90m{"implicit":10000}&amp#27;[39m
[debug] &amp#27;[35m[W3C (e67b95f7)]&amp#27;[39m Calling AppiumDriver.timeouts() with args: [null,null,null,null,10000,"e67b95f7-0666-4ad9-bf82-0c69c65da043"]
[debug] &amp#27;[35m[BaseDriver]&amp#27;[39m W3C timeout argument: {"implicit":10000}}
[debug] &amp#27;[35m[BaseDriver]&amp#27;[39m Set implicit wait to 10000ms
[debug] &amp#27;[35m[W3C (e67b95f7)]&amp#27;[39m Responding to client with driver.timeouts() result: null
&amp#27;[35m[HTTP]&amp#27;[39m &amp#27;[37m<-- POST /wd/hub/session/e67b95f7-0666-4ad9-bf82-0c69c65da043/timeouts &amp#27;[39m&amp#27;[32m200&amp#27;[39m &amp#27;[90m5 ms - 14&amp#27;[39m
&amp#27;[35m[HTTP]&amp#27;[39m &amp#27;[90m&amp#27;[39m
[INFO ] 2021-06-18 15:59:46.509 [main] Listeners - *******************ApiDemoTest2.viewsTest started*******************
&amp#27;[35m[HTTP]&amp#27;[39m &amp#27;[37m-->&amp#27;[39m &amp#27;[37mGET&amp#27;[39m &amp#27;[37m/wd/hub/session/e67b95f7-0666-4ad9-bf82-0c69c65da043&amp#27;[39m
&amp#27;[35m[HTTP]&amp#27;[39m &amp#27;[90m{}&amp#27;[39m
[debug] &amp#27;[35m[W3C (e67b95f7)]&amp#27;[39m Calling AppiumDriver.getSession() with args: ["e67b95f7-0666-4ad9-bf82-0c69c65da043"]
[debug] &amp#27;[35m[UiAutomator2]&amp#27;[39m Getting session details from server to mix in
[debug] &amp#27;[35m[WD Proxy]&amp#27;[39m Matched '/' to command name 'getSession'
[debug] &amp#27;[35m[WD Proxy]&amp#27;[39m Proxying [GET /] to [GET http://127.0.0.1:8218/wd/hub/session/e30bd81a-f139-4837-b67f-99a041c747ef] with no body
[debug] &amp#27;[35m[WD Proxy]&amp#27;[39m Got response with status 200: {"sessionId":"e30bd81a-f139-4837-b67f-99a041c747ef","value":{"lastScrollData":null}}
[debug] &amp#27;[35m[W3C (e67b95f7)]&amp#27;[39m Responding to client with driver.getSession() result: {"platform":"LINUX","webStorageEnabled":false,"takesScreenshot":true,"javascriptEnabled":true,"databaseEnabled":false,"networkConnectionEnabled":true,"locationContextEnabled":false,"warnings":{},"desired":{"platformName":"android","app":"C:\\Users\\Anis\\eclipse-workspace\\Appium\\src\\ApiDemos-debug.apk","deviceName":"Redmi","newCommandTimeout":14},"platformName":"android","app":"C:\\Users\\Anis\\eclipse-workspace\\Appium\\src\\ApiDemos-debug.apk","deviceName":"55272e729804","newCommandTimeout":14,"deviceUDID":"55272e729804","appPackage":"io.appium.android.apis","deviceApiLevel":24,"platformVersion":"7.0","deviceScreenSize":"1080x1920","deviceScreenDensity":480,"deviceModel":"Redmi Note 4","deviceManufacturer":"Xiaomi","pixelRatio":3,"statBarHeight":72,"viewportRect":{"left":0,"top":72,"width":1080,"height":1848},"lastScrollData":null}
&amp#27;[35m[HTTP]&amp#27;[39m &amp#27;[37m<-- GET /wd/hub/session/e67b95f7-0666-4ad9-bf82-0c69c65da043 &amp#27;[39m&amp#27;[32m200&amp#27;[39m &amp#27;[90m11 ms - 858&amp#27;[39m
&amp#27;[35m[HTTP]&amp#27;[39m &amp#27;[90m&amp#27;[39m
&amp#27;[35m[HTTP]&amp#27;[39m &amp#27;[37m-->&amp#27;[39m &amp#27;[37mGET&amp#27;[39m &amp#27;[37m/wd/hub/session/e67b95f7-0666-4ad9-bf82-0c69c65da043&amp#27;[39m
&amp#27;[35m[HTTP]&amp#27;[39m &amp#27;[90m{}&amp#27;[39m
[debug] &amp#27;[35m[W3C (e67b95f7)]&amp#27;[39m Calling AppiumDriver.getSession() with args: ["e67b95f7-0666-4ad9-bf82-0c69c65da043"]
[debug] &amp#27;[35m[UiAutomator2]&amp#27;[39m Getting session details from server to mix in
[debug] &amp#27;[35m[WD Proxy]&amp#27;[39m Matched '/' to command name 'getSession'
[debug] &amp#27;[35m[WD Proxy]&amp#27;[39m Proxying [GET /] to [GET http://127.0.0.1:8218/wd/hub/session/e30bd81a-f139-4837-b67f-99a041c747ef] with no body
[debug] &amp#27;[35m[WD Proxy]&amp#27;[39m Got response with status 200: {"sessionId":"e30bd81a-f139-4837-b67f-99a041c747ef","value":{"lastScrollData":null}}
[debug] &amp#27;[35m[W3C (e67b95f7)]&amp#27;[39m Responding to client with driver.getSession() result: {"platform":"LINUX","webStorageEnabled":false,"takesScreenshot":true,"javascriptEnabled":true,"databaseEnabled":false,"networkConnectionEnabled":true,"locationContextEnabled":false,"warnings":{},"desired":{"platformName":"android","app":"C:\\Users\\Anis\\eclipse-workspace\\Appium\\src\\ApiDemos-debug.apk","deviceName":"Redmi","newCommandTimeout":14},"platformName":"android","app":"C:\\Users\\Anis\\eclipse-workspace\\Appium\\src\\ApiDemos-debug.apk","deviceName":"55272e729804","newCommandTimeout":14,"deviceUDID":"55272e729804","appPackage":"io.appium.android.apis","deviceApiLevel":24,"platformVersion":"7.0","deviceScreenSize":"1080x1920","deviceScreenDensity":480,"deviceModel":"Redmi Note 4","deviceManufacturer":"Xiaomi","pixelRatio":3,"statBarHeight":72,"viewportRect":{"left":0,"top":72,"width":1080,"height":1848},"lastScrollData":null}
&amp#27;[35m[HTTP]&amp#27;[39m &amp#27;[37m<-- GET /wd/hub/session/e67b95f7-0666-4ad9-bf82-0c69c65da043 &amp#27;[39m&amp#27;[32m200&amp#27;[39m &amp#27;[90m11 ms - 858&amp#27;[39m
&amp#27;[35m[HTTP]&amp#27;[39m &amp#27;[90m&amp#27;[39m
[INFO ] 2021-06-18 15:59:46.538 [main] ExplicitWait - Waiting for element to be visible: Located by By.chained({By.xpath: //android.widget.TextView[@content-desc="Views"]})
[INFO ] 2021-06-18 15:59:46.538 [main] ExplicitWait - Waiting for element to be visible: Located by By.chained({By.xpath: //android.widget.TextView[@content-desc="Views"]})
&amp#27;[35m[HTTP]&amp#27;[39m &amp#27;[37m-->&amp#27;[39m &amp#27;[37mPOST&amp#27;[39m &amp#27;[37m/wd/hub/session/e67b95f7-0666-4ad9-bf82-0c69c65da043/timeouts&amp#27;[39m
&amp#27;[35m[HTTP]&amp#27;[39m &amp#27;[90m{"implicit":0}&amp#27;[39m
[debug] &amp#27;[35m[W3C (e67b95f7)]&amp#27;[39m Calling AppiumDriver.timeouts() with args: [null,null,null,null,0,"e67b95f7-0666-4ad9-bf82-0c69c65da043"]
[debug] &amp#27;[35m[BaseDriver]&amp#27;[39m W3C timeout argument: {"implicit":0}}
[debug] &amp#27;[35m[BaseDriver]&amp#27;[39m Set implicit wait to 0ms
[debug] &amp#27;[35m[W3C (e67b95f7)]&amp#27;[39m Responding to client with driver.timeouts() result: null
&amp#27;[35m[HTTP]&amp#27;[39m &amp#27;[37m<-- POST /wd/hub/session/e67b95f7-0666-4ad9-bf82-0c69c65da043/timeouts &amp#27;[39m&amp#27;[32m200&amp#27;[39m &amp#27;[90m5 ms - 14&amp#27;[39m
&amp#27;[35m[HTTP]&amp#27;[39m &amp#27;[90m&amp#27;[39m
&amp#27;[35m[HTTP]&amp#27;[39m &amp#27;[37m-->&amp#27;[39m &amp#27;[37mGET&amp#27;[39m &amp#27;[37m/wd/hub/session/e67b95f7-0666-4ad9-bf82-0c69c65da043&amp#27;[39m
&amp#27;[35m[HTTP]&amp#27;[39m &amp#27;[90m{}&amp#27;[39m
[debug] &amp#27;[35m[W3C (e67b95f7)]&amp#27;[39m Calling AppiumDriver.getSession() with args: ["e67b95f7-0666-4ad9-bf82-0c69c65da043"]
[debug] &amp#27;[35m[UiAutomator2]&amp#27;[39m Getting session details from server to mix in
[debug] &amp#27;[35m[WD Proxy]&amp#27;[39m Matched '/' to command name 'getSession'
[debug] &amp#27;[35m[WD Proxy]&amp#27;[39m Proxying [GET /] to [GET http://127.0.0.1:8218/wd/hub/session/e30bd81a-f139-4837-b67f-99a041c747ef] with no body
[debug] &amp#27;[35m[WD Proxy]&amp#27;[39m Got response with status 200: {"sessionId":"e30bd81a-f139-4837-b67f-99a041c747ef","value":{"lastScrollData":null}}
[debug] &amp#27;[35m[W3C (e67b95f7)]&amp#27;[39m Responding to client with driver.getSession() result: {"platform":"LINUX","webStorageEnabled":false,"takesScreenshot":true,"javascriptEnabled":true,"databaseEnabled":false,"networkConnectionEnabled":true,"locationContextEnabled":false,"warnings":{},"desired":{"platformName":"android","app":"C:\\Users\\Anis\\eclipse-workspace\\Appium\\src\\ApiDemos-debug.apk","deviceName":"Redmi","newCommandTimeout":14},"platformName":"android","app":"C:\\Users\\Anis\\eclipse-workspace\\Appium\\src\\ApiDemos-debug.apk","deviceName":"55272e729804","newCommandTimeout":14,"deviceUDID":"55272e729804","appPackage":"io.appium.android.apis","deviceApiLevel":24,"platformVersion":"7.0","deviceScreenSize":"1080x1920","deviceScreenDensity":480,"deviceModel":"Redmi Note 4","deviceManufacturer":"Xiaomi","pixelRatio":3,"statBarHeight":72,"viewportRect":{"left":0,"top":72,"width":1080,"height":1848},"lastScrollData":null}
&amp#27;[35m[HTTP]&amp#27;[39m &amp#27;[37m<-- GET /wd/hub/session/e67b95f7-0666-4ad9-bf82-0c69c65da043 &amp#27;[39m&amp#27;[32m200&amp#27;[39m &amp#27;[90m11 ms - 858&amp#27;[39m
&amp#27;[35m[HTTP]&amp#27;[39m &amp#27;[90m&amp#27;[39m
&amp#27;[35m[HTTP]&amp#27;[39m &amp#27;[37m-->&amp#27;[39m &amp#27;[37mPOST&amp#27;[39m &amp#27;[37m/wd/hub/session/e67b95f7-0666-4ad9-bf82-0c69c65da043/element&amp#27;[39m
&amp#27;[35m[HTTP]&amp#27;[39m &amp#27;[90m{"using":"xpath","value":"//android.widget.TextView[@content-desc=\"Views\"]"}&amp#27;[39m
[debug] &amp#27;[35m[W3C (e67b95f7)]&amp#27;[39m Calling AppiumDriver.findElement() with args: ["xpath","//android.widget.TextView[@content-desc=\"Views\"]","e67b95f7-0666-4ad9-bf82-0c69c65da043"]
[debug] &amp#27;[35m[BaseDriver]&amp#27;[39m Valid locator strategies for this request: xpath, id, class name, accessibility id, css selector, -android uiautomator
[debug] &amp#27;[35m[BaseDriver]&amp#27;[39m Waiting up to 0 ms for condition
[debug] &amp#27;[35m[WD Proxy]&amp#27;[39m Matched '/element' to command name 'findElement'
[debug] &amp#27;[35m[WD Proxy]&amp#27;[39m Proxying [POST /element] to [POST http://127.0.0.1:8218/wd/hub/session/e30bd81a-f139-4837-b67f-99a041c747ef/element] with body: {"strategy":"xpath","selector":"//android.widget.TextView[@content-desc=\"Views\"]","context":"","multiple":false}
[debug] &amp#27;[35m[WD Proxy]&amp#27;[39m Got response with status 200: {"sessionId":"e30bd81a-f139-4837-b67f-99a041c747ef","value":{"ELEMENT":"508277bc-37be-4415-91bb-bef7bc799b0a","element-6066-11e4-a52e-4f735466cecf":"508277bc-37be-4415-91bb-bef7bc799b0a"}}
[debug] &amp#27;[35m[W3C (e67b95f7)]&amp#27;[39m Responding to client with driver.findElement() result: {"element-6066-11e4-a52e-4f735466cecf":"508277bc-37be-4415-91bb-bef7bc799b0a","ELEMENT":"508277bc-37be-4415-91bb-bef7bc799b0a"}
&amp#27;[35m[HTTP]&amp#27;[39m &amp#27;[37m<-- POST /wd/hub/session/e67b95f7-0666-4ad9-bf82-0c69c65da043/element &amp#27;[39m&amp#27;[32m200&amp#27;[39m &amp#27;[90m171 ms - 137&amp#27;[39m
&amp#27;[35m[HTTP]&amp#27;[39m &amp#27;[90m&amp#27;[39m
&amp#27;[35m[HTTP]&amp#27;[39m &amp#27;[37m-->&amp#27;[39m &amp#27;[37mGET&amp#27;[39m &amp#27;[37m/wd/hub/session/e67b95f7-0666-4ad9-bf82-0c69c65da043/element/508277bc-37be-4415-91bb-bef7bc799b0a/displayed&amp#27;[39m
&amp#27;[35m[HTTP]&amp#27;[39m &amp#27;[90m{}&amp#27;[39m
[debug] &amp#27;[35m[W3C (e67b95f7)]&amp#27;[39m Calling AppiumDriver.elementDisplayed() with args: ["508277bc-37be-4415-91bb-bef7bc799b0a","e67b95f7-0666-4ad9-bf82-0c69c65da043"]
[debug] &amp#27;[35m[WD Proxy]&amp#27;[39m Matched '/element/508277bc-37be-4415-91bb-bef7bc799b0a/attribute/displayed' to command name 'getAttribute'
[debug] &amp#27;[35m[WD Proxy]&amp#27;[39m Proxying [GET /element/508277bc-37be-4415-91bb-bef7bc799b0a/attribute/displayed] to [GET http://127.0.0.1:8218/wd/hub/session/e30bd81a-f139-4837-b67f-99a041c747ef/element/508277bc-37be-4415-91bb-bef7bc799b0a/attribute/displayed] with no body
[debug] &amp#27;[35m[WD Proxy]&amp#27;[39m Got response with status 200: {"sessionId":"e30bd81a-f139-4837-b67f-99a041c747ef","value":"true"}
[debug] &amp#27;[35m[W3C (e67b95f7)]&amp#27;[39m Responding to client with driver.elementDisplayed() result: true
&amp#27;[35m[HTTP]&amp#27;[39m &amp#27;[37m<-- GET /wd/hub/session/e67b95f7-0666-4ad9-bf82-0c69c65da043/element/508277bc-37be-4415-91bb-bef7bc799b0a/displayed &amp#27;[39m&amp#27;[32m200&amp#27;[39m &amp#27;[90m23 ms - 14&amp#27;[39m
&amp#27;[35m[HTTP]&amp#27;[39m &amp#27;[90m&amp#27;[39m
&amp#27;[35m[HTTP]&amp#27;[39m &amp#27;[37m-->&amp#27;[39m &amp#27;[37mPOST&amp#27;[39m &amp#27;[37m/wd/hub/session/e67b95f7-0666-4ad9-bf82-0c69c65da043/timeouts&amp#27;[39m
&amp#27;[35m[HTTP]&amp#27;[39m &amp#27;[90m{"implicit":10000}&amp#27;[39m
[debug] &amp#27;[35m[W3C (e67b95f7)]&amp#27;[39m Calling AppiumDriver.timeouts() with args: [null,null,null,null,10000,"e67b95f7-0666-4ad9-bf82-0c69c65da043"]
[debug] &amp#27;[35m[BaseDriver]&amp#27;[39m W3C timeout argument: {"implicit":10000}}
[debug] &amp#27;[35m[BaseDriver]&amp#27;[39m Set implicit wait to 10000ms
[debug] &amp#27;[35m[W3C (e67b95f7)]&amp#27;[39m Responding to client with driver.timeouts() result: null
[INFO ] 2021-06-18 15:59:46.811 [main] HomePage - Clicks The Views
&amp#27;[35m[HTTP]&amp#27;[39m &amp#27;[37m<-- POST /wd/hub/session/e67b95f7-0666-4ad9-bf82-0c69c65da043/timeouts &amp#27;[39m&amp#27;[32m200&amp#27;[39m &amp#27;[90m3 ms - 14&amp#27;[39m
&amp#27;[35m[HTTP]&amp#27;[39m &amp#27;[90m&amp#27;[39m
[INFO ] 2021-06-18 15:59:46.811 [main] ExplicitWait - Waiting for element to be clickable: Located by By.chained({By.xpath: //android.widget.TextView[@content-desc="Views"]})
&amp#27;[35m[HTTP]&amp#27;[39m &amp#27;[37m-->&amp#27;[39m &amp#27;[37mPOST&amp#27;[39m &amp#27;[37m/wd/hub/session/e67b95f7-0666-4ad9-bf82-0c69c65da043/timeouts&amp#27;[39m
&amp#27;[35m[HTTP]&amp#27;[39m &amp#27;[90m{"implicit":0}&amp#27;[39m
[debug] &amp#27;[35m[W3C (e67b95f7)]&amp#27;[39m Calling AppiumDriver.timeouts() with args: [null,null,null,null,0,"e67b95f7-0666-4ad9-bf82-0c69c65da043"]
[debug] &amp#27;[35m[BaseDriver]&amp#27;[39m W3C timeout argument: {"implicit":0}}
[debug] &amp#27;[35m[BaseDriver]&amp#27;[39m Set implicit wait to 0ms
[debug] &amp#27;[35m[W3C (e67b95f7)]&amp#27;[39m Responding to client with driver.timeouts() result: null
&amp#27;[35m[HTTP]&amp#27;[39m &amp#27;[37m<-- POST /wd/hub/session/e67b95f7-0666-4ad9-bf82-0c69c65da043/timeouts &amp#27;[39m&amp#27;[32m200&amp#27;[39m &amp#27;[90m3 ms - 14&amp#27;[39m
&amp#27;[35m[HTTP]&amp#27;[39m &amp#27;[90m&amp#27;[39m
&amp#27;[35m[HTTP]&amp#27;[39m &amp#27;[37m-->&amp#27;[39m &amp#27;[37mGET&amp#27;[39m &amp#27;[37m/wd/hub/session/e67b95f7-0666-4ad9-bf82-0c69c65da043&amp#27;[39m
&amp#27;[35m[HTTP]&amp#27;[39m &amp#27;[90m{}&amp#27;[39m
[debug] &amp#27;[35m[W3C (e67b95f7)]&amp#27;[39m Calling AppiumDriver.getSession() with args: ["e67b95f7-0666-4ad9-bf82-0c69c65da043"]
[debug] &amp#27;[35m[UiAutomator2]&amp#27;[39m Getting session details from server to mix in
[debug] &amp#27;[35m[WD Proxy]&amp#27;[39m Matched '/' to command name 'getSession'
[debug] &amp#27;[35m[WD Proxy]&amp#27;[39m Proxying [GET /] to [GET http://127.0.0.1:8218/wd/hub/session/e30bd81a-f139-4837-b67f-99a041c747ef] with no body
[debug] &amp#27;[35m[WD Proxy]&amp#27;[39m Got response with status 200: {"sessionId":"e30bd81a-f139-4837-b67f-99a041c747ef","value":{"lastScrollData":null}}
[debug] &amp#27;[35m[W3C (e67b95f7)]&amp#27;[39m Responding to client with driver.getSession() result: {"platform":"LINUX","webStorageEnabled":false,"takesScreenshot":true,"javascriptEnabled":true,"databaseEnabled":false,"networkConnectionEnabled":true,"locationContextEnabled":false,"warnings":{},"desired":{"platformName":"android","app":"C:\\Users\\Anis\\eclipse-workspace\\Appium\\src\\ApiDemos-debug.apk","deviceName":"Redmi","newCommandTimeout":14},"platformName":"android","app":"C:\\Users\\Anis\\eclipse-workspace\\Appium\\src\\ApiDemos-debug.apk","deviceName":"55272e729804","newCommandTimeout":14,"deviceUDID":"55272e729804","appPackage":"io.appium.android.apis","deviceApiLevel":24,"platformVersion":"7.0","deviceScreenSize":"1080x1920","deviceScreenDensity":480,"deviceModel":"Redmi Note 4","deviceManufacturer":"Xiaomi","pixelRatio":3,"statBarHeight":72,"viewportRect":{"left":0,"top":72,"width":1080,"height":1848},"lastScrollData":null}
&amp#27;[35m[HTTP]&amp#27;[39m &amp#27;[37m<-- GET /wd/hub/session/e67b95f7-0666-4ad9-bf82-0c69c65da043 &amp#27;[39m&amp#27;[32m200&amp#27;[39m &amp#27;[90m9 ms - 858&amp#27;[39m
&amp#27;[35m[HTTP]&amp#27;[39m &amp#27;[90m&amp#27;[39m
&amp#27;[35m[HTTP]&amp#27;[39m &amp#27;[37m-->&amp#27;[39m &amp#27;[37mPOST&amp#27;[39m &amp#27;[37m/wd/hub/session/e67b95f7-0666-4ad9-bf82-0c69c65da043/element&amp#27;[39m
&amp#27;[35m[HTTP]&amp#27;[39m &amp#27;[90m{"using":"xpath","value":"//android.widget.TextView[@content-desc=\"Views\"]"}&amp#27;[39m
[debug] &amp#27;[35m[W3C (e67b95f7)]&amp#27;[39m Calling AppiumDriver.findElement() with args: ["xpath","//android.widget.TextView[@content-desc=\"Views\"]","e67b95f7-0666-4ad9-bf82-0c69c65da043"]
[debug] &amp#27;[35m[BaseDriver]&amp#27;[39m Valid locator strategies for this request: xpath, id, class name, accessibility id, css selector, -android uiautomator
[debug] &amp#27;[35m[BaseDriver]&amp#27;[39m Waiting up to 0 ms for condition
[debug] &amp#27;[35m[WD Proxy]&amp#27;[39m Matched '/element' to command name 'findElement'
[debug] &amp#27;[35m[WD Proxy]&amp#27;[39m Proxying [POST /element] to [POST http://127.0.0.1:8218/wd/hub/session/e30bd81a-f139-4837-b67f-99a041c747ef/element] with body: {"strategy":"xpath","selector":"//android.widget.TextView[@content-desc=\"Views\"]","context":"","multiple":false}
[debug] &amp#27;[35m[WD Proxy]&amp#27;[39m Got response with status 200: {"sessionId":"e30bd81a-f139-4837-b67f-99a041c747ef","value":{"ELEMENT":"2b823d0c-79d7-41af-865a-53ed0efbde56","element-6066-11e4-a52e-4f735466cecf":"2b823d0c-79d7-41af-865a-53ed0efbde56"}}
[debug] &amp#27;[35m[W3C (e67b95f7)]&amp#27;[39m Responding to client with driver.findElement() result: {"element-6066-11e4-a52e-4f735466cecf":"2b823d0c-79d7-41af-865a-53ed0efbde56","ELEMENT":"2b823d0c-79d7-41af-865a-53ed0efbde56"}
&amp#27;[35m[HTTP]&amp#27;[39m &amp#27;[37m<-- POST /wd/hub/session/e67b95f7-0666-4ad9-bf82-0c69c65da043/element &amp#27;[39m&amp#27;[32m200&amp#27;[39m &amp#27;[90m36 ms - 137&amp#27;[39m
&amp#27;[35m[HTTP]&amp#27;[39m &amp#27;[90m&amp#27;[39m
&amp#27;[35m[HTTP]&amp#27;[39m &amp#27;[37m-->&amp#27;[39m &amp#27;[37mGET&amp#27;[39m &amp#27;[37m/wd/hub/session/e67b95f7-0666-4ad9-bf82-0c69c65da043/element/2b823d0c-79d7-41af-865a-53ed0efbde56/displayed&amp#27;[39m
&amp#27;[35m[HTTP]&amp#27;[39m &amp#27;[90m{}&amp#27;[39m
[debug] &amp#27;[35m[W3C (e67b95f7)]&amp#27;[39m Calling AppiumDriver.elementDisplayed() with args: ["2b823d0c-79d7-41af-865a-53ed0efbde56","e67b95f7-0666-4ad9-bf82-0c69c65da043"]
[debug] &amp#27;[35m[WD Proxy]&amp#27;[39m Matched '/element/2b823d0c-79d7-41af-865a-53ed0efbde56/attribute/displayed' to command name 'getAttribute'
[debug] &amp#27;[35m[WD Proxy]&amp#27;[39m Proxying [GET /element/2b823d0c-79d7-41af-865a-53ed0efbde56/attribute/displayed] to [GET http://127.0.0.1:8218/wd/hub/session/e30bd81a-f139-4837-b67f-99a041c747ef/element/2b823d0c-79d7-41af-865a-53ed0efbde56/attribute/displayed] with no body
[debug] &amp#27;[35m[WD Proxy]&amp#27;[39m Got response with status 200: {"sessionId":"e30bd81a-f139-4837-b67f-99a041c747ef","value":"true"}
[debug] &amp#27;[35m[W3C (e67b95f7)]&amp#27;[39m Responding to client with driver.elementDisplayed() result: true
&amp#27;[35m[HTTP]&amp#27;[39m &amp#27;[37m<-- GET /wd/hub/session/e67b95f7-0666-4ad9-bf82-0c69c65da043/element/2b823d0c-79d7-41af-865a-53ed0efbde56/displayed &amp#27;[39m&amp#27;[32m200&amp#27;[39m &amp#27;[90m15 ms - 14&amp#27;[39m
&amp#27;[35m[HTTP]&amp#27;[39m &amp#27;[90m&amp#27;[39m
&amp#27;[35m[HTTP]&amp#27;[39m &amp#27;[37m-->&amp#27;[39m &amp#27;[37mGET&amp#27;[39m &amp#27;[37m/wd/hub/session/e67b95f7-0666-4ad9-bf82-0c69c65da043&amp#27;[39m
&amp#27;[35m[HTTP]&amp#27;[39m &amp#27;[90m{}&amp#27;[39m
[debug] &amp#27;[35m[W3C (e67b95f7)]&amp#27;[39m Calling AppiumDriver.getSession() with args: ["e67b95f7-0666-4ad9-bf82-0c69c65da043"]
[debug] &amp#27;[35m[UiAutomator2]&amp#27;[39m Getting session details from server to mix in
[debug] &amp#27;[35m[WD Proxy]&amp#27;[39m Matched '/' to command name 'getSession'
[debug] &amp#27;[35m[WD Proxy]&amp#27;[39m Proxying [GET /] to [GET http://127.0.0.1:8218/wd/hub/session/e30bd81a-f139-4837-b67f-99a041c747ef] with no body
[debug] &amp#27;[35m[WD Proxy]&amp#27;[39m Got response with status 200: {"sessionId":"e30bd81a-f139-4837-b67f-99a041c747ef","value":{"lastScrollData":null}}
[debug] &amp#27;[35m[W3C (e67b95f7)]&amp#27;[39m Responding to client with driver.getSession() result: {"platform":"LINUX","webStorageEnabled":false,"takesScreenshot":true,"javascriptEnabled":true,"databaseEnabled":false,"networkConnectionEnabled":true,"locationContextEnabled":false,"warnings":{},"desired":{"platformName":"android","app":"C:\\Users\\Anis\\eclipse-workspace\\Appium\\src\\ApiDemos-debug.apk","deviceName":"Redmi","newCommandTimeout":14},"platformName":"android","app":"C:\\Users\\Anis\\eclipse-workspace\\Appium\\src\\ApiDemos-debug.apk","deviceName":"55272e729804","newCommandTimeout":14,"deviceUDID":"55272e729804","appPackage":"io.appium.android.apis","deviceApiLevel":24,"platformVersion":"7.0","deviceScreenSize":"1080x1920","deviceScreenDensity":480,"deviceModel":"Redmi Note 4","deviceManufacturer":"Xiaomi","pixelRatio":3,"statBarHeight":72,"viewportRect":{"left":0,"top":72,"width":1080,"height":1848},"lastScrollData":null}
&amp#27;[35m[HTTP]&amp#27;[39m &amp#27;[37m<-- GET /wd/hub/session/e67b95f7-0666-4ad9-bf82-0c69c65da043 &amp#27;[39m&amp#27;[32m200&amp#27;[39m &amp#27;[90m9 ms - 858&amp#27;[39m
&amp#27;[35m[HTTP]&amp#27;[39m &amp#27;[90m&amp#27;[39m
&amp#27;[35m[HTTP]&amp#27;[39m &amp#27;[37m-->&amp#27;[39m &amp#27;[37mPOST&amp#27;[39m &amp#27;[37m/wd/hub/session/e67b95f7-0666-4ad9-bf82-0c69c65da043/element&amp#27;[39m
&amp#27;[35m[HTTP]&amp#27;[39m &amp#27;[90m{"using":"xpath","value":"//android.widget.TextView[@content-desc=\"Views\"]"}&amp#27;[39m
[debug] &amp#27;[35m[W3C (e67b95f7)]&amp#27;[39m Calling AppiumDriver.findElement() with args: ["xpath","//android.widget.TextView[@content-desc=\"Views\"]","e67b95f7-0666-4ad9-bf82-0c69c65da043"]
[debug] &amp#27;[35m[BaseDriver]&amp#27;[39m Valid locator strategies for this request: xpath, id, class name, accessibility id, css selector, -android uiautomator
[debug] &amp#27;[35m[BaseDriver]&amp#27;[39m Waiting up to 0 ms for condition
[debug] &amp#27;[35m[WD Proxy]&amp#27;[39m Matched '/element' to command name 'findElement'
[debug] &amp#27;[35m[WD Proxy]&amp#27;[39m Proxying [POST /element] to [POST http://127.0.0.1:8218/wd/hub/session/e30bd81a-f139-4837-b67f-99a041c747ef/element] with body: {"strategy":"xpath","selector":"//android.widget.TextView[@content-desc=\"Views\"]","context":"","multiple":false}
[debug] &amp#27;[35m[WD Proxy]&amp#27;[39m Got response with status 200: {"sessionId":"e30bd81a-f139-4837-b67f-99a041c747ef","value":{"ELEMENT":"ab9eca64-2e52-4efc-9a13-3af8c8f7727a","element-6066-11e4-a52e-4f735466cecf":"ab9eca64-2e52-4efc-9a13-3af8c8f7727a"}}
[debug] &amp#27;[35m[W3C (e67b95f7)]&amp#27;[39m Responding to client with driver.findElement() result: {"element-6066-11e4-a52e-4f735466cecf":"ab9eca64-2e52-4efc-9a13-3af8c8f7727a","ELEMENT":"ab9eca64-2e52-4efc-9a13-3af8c8f7727a"}
&amp#27;[35m[HTTP]&amp#27;[39m &amp#27;[37m<-- POST /wd/hub/session/e67b95f7-0666-4ad9-bf82-0c69c65da043/element &amp#27;[39m&amp#27;[32m200&amp#27;[39m &amp#27;[90m35 ms - 137&amp#27;[39m
&amp#27;[35m[HTTP]&amp#27;[39m &amp#27;[90m&amp#27;[39m
&amp#27;[35m[HTTP]&amp#27;[39m &amp#27;[37m-->&amp#27;[39m &amp#27;[37mGET&amp#27;[39m &amp#27;[37m/wd/hub/session/e67b95f7-0666-4ad9-bf82-0c69c65da043/element/ab9eca64-2e52-4efc-9a13-3af8c8f7727a/enabled&amp#27;[39m
&amp#27;[35m[HTTP]&amp#27;[39m &amp#27;[90m{}&amp#27;[39m
[debug] &amp#27;[35m[W3C (e67b95f7)]&amp#27;[39m Calling AppiumDriver.elementEnabled() with args: ["ab9eca64-2e52-4efc-9a13-3af8c8f7727a","e67b95f7-0666-4ad9-bf82-0c69c65da043"]
[debug] &amp#27;[35m[WD Proxy]&amp#27;[39m Matched '/element/ab9eca64-2e52-4efc-9a13-3af8c8f7727a/attribute/enabled' to command name 'getAttribute'
[debug] &amp#27;[35m[WD Proxy]&amp#27;[39m Proxying [GET /element/ab9eca64-2e52-4efc-9a13-3af8c8f7727a/attribute/enabled] to [GET http://127.0.0.1:8218/wd/hub/session/e30bd81a-f139-4837-b67f-99a041c747ef/element/ab9eca64-2e52-4efc-9a13-3af8c8f7727a/attribute/enabled] with no body
[debug] &amp#27;[35m[WD Proxy]&amp#27;[39m Got response with status 200: {"sessionId":"e30bd81a-f139-4837-b67f-99a041c747ef","value":"true"}
[debug] &amp#27;[35m[W3C (e67b95f7)]&amp#27;[39m Responding to client with driver.elementEnabled() result: true
&amp#27;[35m[HTTP]&amp#27;[39m &amp#27;[37m<-- GET /wd/hub/session/e67b95f7-0666-4ad9-bf82-0c69c65da043/element/ab9eca64-2e52-4efc-9a13-3af8c8f7727a/enabled &amp#27;[39m&amp#27;[32m200&amp#27;[39m &amp#27;[90m13 ms - 14&amp#27;[39m
&amp#27;[35m[HTTP]&amp#27;[39m &amp#27;[90m&amp#27;[39m
&amp#27;[35m[HTTP]&amp#27;[39m &amp#27;[37m-->&amp#27;[39m &amp#27;[37mPOST&amp#27;[39m &amp#27;[37m/wd/hub/session/e67b95f7-0666-4ad9-bf82-0c69c65da043/timeouts&amp#27;[39m
&amp#27;[35m[HTTP]&amp#27;[39m &amp#27;[90m{"implicit":10000}&amp#27;[39m
[debug] &amp#27;[35m[W3C (e67b95f7)]&amp#27;[39m Calling AppiumDriver.timeouts() with args: [null,null,null,null,10000,"e67b95f7-0666-4ad9-bf82-0c69c65da043"]
[debug] &amp#27;[35m[BaseDriver]&amp#27;[39m W3C timeout argument: {"implicit":10000}}
[debug] &amp#27;[35m[BaseDriver]&amp#27;[39m Set implicit wait to 10000ms
[debug] &amp#27;[35m[W3C (e67b95f7)]&amp#27;[39m Responding to client with driver.timeouts() result: null
&amp#27;[35m[HTTP]&amp#27;[39m &amp#27;[37m<-- POST /wd/hub/session/e67b95f7-0666-4ad9-bf82-0c69c65da043/timeouts &amp#27;[39m&amp#27;[32m200&amp#27;[39m &amp#27;[90m2 ms - 14&amp#27;[39m
&amp#27;[35m[HTTP]&amp#27;[39m &amp#27;[90m&amp#27;[39m
&amp#27;[35m[HTTP]&amp#27;[39m &amp#27;[37m-->&amp#27;[39m &amp#27;[37mGET&amp#27;[39m &amp#27;[37m/wd/hub/session/e67b95f7-0666-4ad9-bf82-0c69c65da043&amp#27;[39m
&amp#27;[35m[HTTP]&amp#27;[39m &amp#27;[90m{}&amp#27;[39m
[debug] &amp#27;[35m[W3C (e67b95f7)]&amp#27;[39m Calling AppiumDriver.getSession() with args: ["e67b95f7-0666-4ad9-bf82-0c69c65da043"]
[debug] &amp#27;[35m[UiAutomator2]&amp#27;[39m Getting session details from server to mix in
[debug] &amp#27;[35m[WD Proxy]&amp#27;[39m Matched '/' to command name 'getSession'
[debug] &amp#27;[35m[WD Proxy]&amp#27;[39m Proxying [GET /] to [GET http://127.0.0.1:8218/wd/hub/session/e30bd81a-f139-4837-b67f-99a041c747ef] with no body
[debug] &amp#27;[35m[WD Proxy]&amp#27;[39m Got response with status 200: {"sessionId":"e30bd81a-f139-4837-b67f-99a041c747ef","value":{"lastScrollData":null}}
[debug] &amp#27;[35m[W3C (e67b95f7)]&amp#27;[39m Responding to client with driver.getSession() result: {"platform":"LINUX","webStorageEnabled":false,"takesScreenshot":true,"javascriptEnabled":true,"databaseEnabled":false,"networkConnectionEnabled":true,"locationContextEnabled":false,"warnings":{},"desired":{"platformName":"android","app":"C:\\Users\\Anis\\eclipse-workspace\\Appium\\src\\ApiDemos-debug.apk","deviceName":"Redmi","newCommandTimeout":14},"platformName":"android","app":"C:\\Users\\Anis\\eclipse-workspace\\Appium\\src\\ApiDemos-debug.apk","deviceName":"55272e729804","newCommandTimeout":14,"deviceUDID":"55272e729804","appPackage":"io.appium.android.apis","deviceApiLevel":24,"platformVersion":"7.0","deviceScreenSize":"1080x1920","deviceScreenDensity":480,"deviceModel":"Redmi Note 4","deviceManufacturer":"Xiaomi","pixelRatio":3,"statBarHeight":72,"viewportRect":{"left":0,"top":72,"width":1080,"height":1848},"lastScrollData":null}
&amp#27;[35m[HTTP]&amp#27;[39m &amp#27;[37m<-- GET /wd/hub/session/e67b95f7-0666-4ad9-bf82-0c69c65da043 &amp#27;[39m&amp#27;[32m200&amp#27;[39m &amp#27;[90m11 ms - 858&amp#27;[39m
&amp#27;[35m[HTTP]&amp#27;[39m &amp#27;[90m&amp#27;[39m
&amp#27;[35m[HTTP]&amp#27;[39m &amp#27;[37m-->&amp#27;[39m &amp#27;[37mPOST&amp#27;[39m &amp#27;[37m/wd/hub/session/e67b95f7-0666-4ad9-bf82-0c69c65da043/element&amp#27;[39m
&amp#27;[35m[HTTP]&amp#27;[39m &amp#27;[90m{"using":"xpath","value":"//android.widget.TextView[@content-desc=\"Views\"]"}&amp#27;[39m
[debug] &amp#27;[35m[W3C (e67b95f7)]&amp#27;[39m Calling AppiumDriver.findElement() with args: ["xpath","//android.widget.TextView[@content-desc=\"Views\"]","e67b95f7-0666-4ad9-bf82-0c69c65da043"]
[debug] &amp#27;[35m[BaseDriver]&amp#27;[39m Valid locator strategies for this request: xpath, id, class name, accessibility id, css selector, -android uiautomator
[debug] &amp#27;[35m[BaseDriver]&amp#27;[39m Waiting up to 10000 ms for condition
[debug] &amp#27;[35m[WD Proxy]&amp#27;[39m Matched '/element' to command name 'findElement'
[debug] &amp#27;[35m[WD Proxy]&amp#27;[39m Proxying [POST /element] to [POST http://127.0.0.1:8218/wd/hub/session/e30bd81a-f139-4837-b67f-99a041c747ef/element] with body: {"strategy":"xpath","selector":"//android.widget.TextView[@content-desc=\"Views\"]","context":"","multiple":false}
[debug] &amp#27;[35m[WD Proxy]&amp#27;[39m Got response with status 200: {"sessionId":"e30bd81a-f139-4837-b67f-99a041c747ef","value":{"ELEMENT":"40fd2975-4e07-4810-8c4e-1795f9a58312","element-6066-11e4-a52e-4f735466cecf":"40fd2975-4e07-4810-8c4e-1795f9a58312"}}
[debug] &amp#27;[35m[W3C (e67b95f7)]&amp#27;[39m Responding to client with driver.findElement() result: {"element-6066-11e4-a52e-4f735466cecf":"40fd2975-4e07-4810-8c4e-1795f9a58312","ELEMENT":"40fd2975-4e07-4810-8c4e-1795f9a58312"}
&amp#27;[35m[HTTP]&amp#27;[39m &amp#27;[37m<-- POST /wd/hub/session/e67b95f7-0666-4ad9-bf82-0c69c65da043/element &amp#27;[39m&amp#27;[32m200&amp#27;[39m &amp#27;[90m34 ms - 137&amp#27;[39m
&amp#27;[35m[HTTP]&amp#27;[39m &amp#27;[90m&amp#27;[39m
&amp#27;[35m[HTTP]&amp#27;[39m &amp#27;[37m-->&amp#27;[39m &amp#27;[37mPOST&amp#27;[39m &amp#27;[37m/wd/hub/session/e67b95f7-0666-4ad9-bf82-0c69c65da043/element/40fd2975-4e07-4810-8c4e-1795f9a58312/click&amp#27;[39m
&amp#27;[35m[HTTP]&amp#27;[39m &amp#27;[90m{"id":"40fd2975-4e07-4810-8c4e-1795f9a58312"}&amp#27;[39m
[debug] &amp#27;[35m[W3C (e67b95f7)]&amp#27;[39m Calling AppiumDriver.click() with args: ["40fd2975-4e07-4810-8c4e-1795f9a58312","e67b95f7-0666-4ad9-bf82-0c69c65da043"]
[debug] &amp#27;[35m[WD Proxy]&amp#27;[39m Matched '/element/40fd2975-4e07-4810-8c4e-1795f9a58312/click' to command name 'click'
[debug] &amp#27;[35m[WD Proxy]&amp#27;[39m Proxying [POST /element/40fd2975-4e07-4810-8c4e-1795f9a58312/click] to [POST http://127.0.0.1:8218/wd/hub/session/e30bd81a-f139-4837-b67f-99a041c747ef/element/40fd2975-4e07-4810-8c4e-1795f9a58312/click] with body: {"element":"40fd2975-4e07-4810-8c4e-1795f9a58312"}
[debug] &amp#27;[35m[WD Proxy]&amp#27;[39m Got response with status 200: {"sessionId":"e30bd81a-f139-4837-b67f-99a041c747ef","value":null}
[debug] &amp#27;[35m[W3C (e67b95f7)]&amp#27;[39m Responding to client with driver.click() result: null
&amp#27;[35m[HTTP]&amp#27;[39m &amp#27;[37m<-- POST /wd/hub/session/e67b95f7-0666-4ad9-bf82-0c69c65da043/element/40fd2975-4e07-4810-8c4e-1795f9a58312/click &amp#27;[39m&amp#27;[32m200&amp#27;[39m &amp#27;[90m1662 ms - 14&amp#27;[39m
&amp#27;[35m[HTTP]&amp#27;[39m &amp#27;[90m&amp#27;[39m
&amp#27;[35m[HTTP]&amp#27;[39m &amp#27;[37m-->&amp#27;[39m &amp#27;[37mGET&amp#27;[39m &amp#27;[37m/wd/hub/session/e67b95f7-0666-4ad9-bf82-0c69c65da043&amp#27;[39m
&amp#27;[35m[HTTP]&amp#27;[39m &amp#27;[90m{}&amp#27;[39m
[debug] &amp#27;[35m[W3C (e67b95f7)]&amp#27;[39m Calling AppiumDriver.getSession() with args: ["e67b95f7-0666-4ad9-bf82-0c69c65da043"]
[debug] &amp#27;[35m[UiAutomator2]&amp#27;[39m Getting session details from server to mix in
[debug] &amp#27;[35m[WD Proxy]&amp#27;[39m Matched '/' to command name 'getSession'
[debug] &amp#27;[35m[WD Proxy]&amp#27;[39m Proxying [GET /] to [GET http://127.0.0.1:8218/wd/hub/session/e30bd81a-f139-4837-b67f-99a041c747ef] with no body
[debug] &amp#27;[35m[WD Proxy]&amp#27;[39m Got response with status 200: {"sessionId":"e30bd81a-f139-4837-b67f-99a041c747ef","value":{"lastScrollData":null}}
[debug] &amp#27;[35m[W3C (e67b95f7)]&amp#27;[39m Responding to client with driver.getSession() result: {"platform":"LINUX","webStorageEnabled":false,"takesScreenshot":true,"javascriptEnabled":true,"databaseEnabled":false,"networkConnectionEnabled":true,"locationContextEnabled":false,"warnings":{},"desired":{"platformName":"android","app":"C:\\Users\\Anis\\eclipse-workspace\\Appium\\src\\ApiDemos-debug.apk","deviceName":"Redmi","newCommandTimeout":14},"platformName":"android","app":"C:\\Users\\Anis\\eclipse-workspace\\Appium\\src\\ApiDemos-debug.apk","deviceName":"55272e729804","newCommandTimeout":14,"deviceUDID":"55272e729804","appPackage":"io.appium.android.apis","deviceApiLevel":24,"platformVersion":"7.0","deviceScreenSize":"1080x1920","deviceScreenDensity":480,"deviceModel":"Redmi Note 4","deviceManufacturer":"Xiaomi","pixelRatio":3,"statBarHeight":72,"viewportRect":{"left":0,"top":72,"width":1080,"height":1848},"lastScrollData":null}
&amp#27;[35m[HTTP]&amp#27;[39m &amp#27;[37m<-- GET /wd/hub/session/e67b95f7-0666-4ad9-bf82-0c69c65da043 &amp#27;[39m&amp#27;[32m200&amp#27;[39m &amp#27;[90m13 ms - 858&amp#27;[39m
&amp#27;[35m[HTTP]&amp#27;[39m &amp#27;[90m&amp#27;[39m
&amp#27;[35m[HTTP]&amp#27;[39m &amp#27;[37m-->&amp#27;[39m &amp#27;[37mGET&amp#27;[39m &amp#27;[37m/wd/hub/session/e67b95f7-0666-4ad9-bf82-0c69c65da043&amp#27;[39m
&amp#27;[35m[HTTP]&amp#27;[39m &amp#27;[90m{}&amp#27;[39m
[debug] &amp#27;[35m[W3C (e67b95f7)]&amp#27;[39m Calling AppiumDriver.getSession() with args: ["e67b95f7-0666-4ad9-bf82-0c69c65da043"]
[debug] &amp#27;[35m[UiAutomator2]&amp#27;[39m Getting session details from server to mix in
[debug] &amp#27;[35m[WD Proxy]&amp#27;[39m Matched '/' to command name 'getSession'
[debug] &amp#27;[35m[WD Proxy]&amp#27;[39m Proxying [GET /] to [GET http://127.0.0.1:8218/wd/hub/session/e30bd81a-f139-4837-b67f-99a041c747ef] with no body
[debug] &amp#27;[35m[WD Proxy]&amp#27;[39m Got response with status 200: {"sessionId":"e30bd81a-f139-4837-b67f-99a041c747ef","value":{"lastScrollData":null}}
[debug] &amp#27;[35m[W3C (e67b95f7)]&amp#27;[39m Responding to client with driver.getSession() result: {"platform":"LINUX","webStorageEnabled":false,"takesScreenshot":true,"javascriptEnabled":true,"databaseEnabled":false,"networkConnectionEnabled":true,"locationContextEnabled":false,"warnings":{},"desired":{"platformName":"android","app":"C:\\Users\\Anis\\eclipse-workspace\\Appium\\src\\ApiDemos-debug.apk","deviceName":"Redmi","newCommandTimeout":14},"platformName":"android","app":"C:\\Users\\Anis\\eclipse-workspace\\Appium\\src\\ApiDemos-debug.apk","deviceName":"55272e729804","newCommandTimeout":14,"deviceUDID":"55272e729804","appPackage":"io.appium.android.apis","deviceApiLevel":24,"platformVersion":"7.0","deviceScreenSize":"1080x1920","deviceScreenDensity":480,"deviceModel":"Redmi Note 4","deviceManufacturer":"Xiaomi","pixelRatio":3,"statBarHeight":72,"viewportRect":{"left":0,"top":72,"width":1080,"height":1848},"lastScrollData":null}
&amp#27;[35m[HTTP]&amp#27;[39m &amp#27;[37m<-- GET /wd/hub/session/e67b95f7-0666-4ad9-bf82-0c69c65da043 &amp#27;[39m&amp#27;[32m200&amp#27;[39m &amp#27;[90m10 ms - 858&amp#27;[39m
&amp#27;[35m[HTTP]&amp#27;[39m &amp#27;[90m&amp#27;[39m
[INFO ] 2021-06-18 15:59:48.769 [main] ExplicitWait - Waiting for element to be visible: Located by By.chained({By.xpath: //android.widget.TextView[@content-desc="Expandable Lists"]})
[INFO ] 2021-06-18 15:59:48.769 [main] ExplicitWait - Waiting for element to be visible: Located by By.chained({By.xpath: //android.widget.TextView[@content-desc="Expandable Lists"]})
&amp#27;[35m[HTTP]&amp#27;[39m &amp#27;[37m-->&amp#27;[39m &amp#27;[37mPOST&amp#27;[39m &amp#27;[37m/wd/hub/session/e67b95f7-0666-4ad9-bf82-0c69c65da043/timeouts&amp#27;[39m
&amp#27;[35m[HTTP]&amp#27;[39m &amp#27;[90m{"implicit":0}&amp#27;[39m
[debug] &amp#27;[35m[W3C (e67b95f7)]&amp#27;[39m Calling AppiumDriver.timeouts() with args: [null,null,null,null,0,"e67b95f7-0666-4ad9-bf82-0c69c65da043"]
[debug] &amp#27;[35m[BaseDriver]&amp#27;[39m W3C timeout argument: {"implicit":0}}
[debug] &amp#27;[35m[BaseDriver]&amp#27;[39m Set implicit wait to 0ms
[debug] &amp#27;[35m[W3C (e67b95f7)]&amp#27;[39m Responding to client with driver.timeouts() result: null
&amp#27;[35m[HTTP]&amp#27;[39m &amp#27;[37m<-- POST /wd/hub/session/e67b95f7-0666-4ad9-bf82-0c69c65da043/timeouts &amp#27;[39m&amp#27;[32m200&amp#27;[39m &amp#27;[90m3 ms - 14&amp#27;[39m
&amp#27;[35m[HTTP]&amp#27;[39m &amp#27;[90m&amp#27;[39m
&amp#27;[35m[HTTP]&amp#27;[39m &amp#27;[37m-->&amp#27;[39m &amp#27;[37mGET&amp#27;[39m &amp#27;[37m/wd/hub/session/e67b95f7-0666-4ad9-bf82-0c69c65da043&amp#27;[39m
&amp#27;[35m[HTTP]&amp#27;[39m &amp#27;[90m{}&amp#27;[39m
[debug] &amp#27;[35m[W3C (e67b95f7)]&amp#27;[39m Calling AppiumDriver.getSession() with args: ["e67b95f7-0666-4ad9-bf82-0c69c65da043"]
[debug] &amp#27;[35m[UiAutomator2]&amp#27;[39m Getting session details from server to mix in
[debug] &amp#27;[35m[WD Proxy]&amp#27;[39m Matched '/' to command name 'getSession'
[debug] &amp#27;[35m[WD Proxy]&amp#27;[39m Proxying [GET /] to [GET http://127.0.0.1:8218/wd/hub/session/e30bd81a-f139-4837-b67f-99a041c747ef] with no body
[debug] &amp#27;[35m[WD Proxy]&amp#27;[39m Got response with status 200: {"sessionId":"e30bd81a-f139-4837-b67f-99a041c747ef","value":{"lastScrollData":null}}
[debug] &amp#27;[35m[W3C (e67b95f7)]&amp#27;[39m Responding to client with driver.getSession() result: {"platform":"LINUX","webStorageEnabled":false,"takesScreenshot":true,"javascriptEnabled":true,"databaseEnabled":false,"networkConnectionEnabled":true,"locationContextEnabled":false,"warnings":{},"desired":{"platformName":"android","app":"C:\\Users\\Anis\\eclipse-workspace\\Appium\\src\\ApiDemos-debug.apk","deviceName":"Redmi","newCommandTimeout":14},"platformName":"android","app":"C:\\Users\\Anis\\eclipse-workspace\\Appium\\src\\ApiDemos-debug.apk","deviceName":"55272e729804","newCommandTimeout":14,"deviceUDID":"55272e729804","appPackage":"io.appium.android.apis","deviceApiLevel":24,"platformVersion":"7.0","deviceScreenSize":"1080x1920","deviceScreenDensity":480,"deviceModel":"Redmi Note 4","deviceManufacturer":"Xiaomi","pixelRatio":3,"statBarHeight":72,"viewportRect":{"left":0,"top":72,"width":1080,"height":1848},"lastScrollData":null}
&amp#27;[35m[HTTP]&amp#27;[39m &amp#27;[37m<-- GET /wd/hub/session/e67b95f7-0666-4ad9-bf82-0c69c65da043 &amp#27;[39m&amp#27;[32m200&amp#27;[39m &amp#27;[90m13 ms - 858&amp#27;[39m
&amp#27;[35m[HTTP]&amp#27;[39m &amp#27;[90m&amp#27;[39m
&amp#27;[35m[HTTP]&amp#27;[39m &amp#27;[37m-->&amp#27;[39m &amp#27;[37mPOST&amp#27;[39m &amp#27;[37m/wd/hub/session/e67b95f7-0666-4ad9-bf82-0c69c65da043/element&amp#27;[39m
&amp#27;[35m[HTTP]&amp#27;[39m &amp#27;[90m{"using":"xpath","value":"//android.widget.TextView[@content-desc=\"Expandable Lists\"]"}&amp#27;[39m
[debug] &amp#27;[35m[W3C (e67b95f7)]&amp#27;[39m Calling AppiumDriver.findElement() with args: ["xpath","//android.widget.TextView[@content-desc=\"Expandable Lists\"]","e67b95f7-0666-4ad9-bf82-0c69c65da043"]
[debug] &amp#27;[35m[BaseDriver]&amp#27;[39m Valid locator strategies for this request: xpath, id, class name, accessibility id, css selector, -android uiautomator
[debug] &amp#27;[35m[BaseDriver]&amp#27;[39m Waiting up to 0 ms for condition
[debug] &amp#27;[35m[WD Proxy]&amp#27;[39m Matched '/element' to command name 'findElement'
[debug] &amp#27;[35m[WD Proxy]&amp#27;[39m Proxying [POST /element] to [POST http://127.0.0.1:8218/wd/hub/session/e30bd81a-f139-4837-b67f-99a041c747ef/element] with body: {"strategy":"xpath","selector":"//android.widget.TextView[@content-desc=\"Expandable Lists\"]","context":"","multiple":false}
[debug] &amp#27;[35m[WD Proxy]&amp#27;[39m Got response with status 200: {"sessionId":"e30bd81a-f139-4837-b67f-99a041c747ef","value":{"ELEMENT":"25c2fd1b-68de-4403-a750-b7fa63560be3","element-6066-11e4-a52e-4f735466cecf":"25c2fd1b-68de-4403-a750-b7fa63560be3"}}
[debug] &amp#27;[35m[W3C (e67b95f7)]&amp#27;[39m Responding to client with driver.findElement() result: {"element-6066-11e4-a52e-4f735466cecf":"25c2fd1b-68de-4403-a750-b7fa63560be3","ELEMENT":"25c2fd1b-68de-4403-a750-b7fa63560be3"}
&amp#27;[35m[HTTP]&amp#27;[39m &amp#27;[37m<-- POST /wd/hub/session/e67b95f7-0666-4ad9-bf82-0c69c65da043/element &amp#27;[39m&amp#27;[32m200&amp#27;[39m &amp#27;[90m508 ms - 137&amp#27;[39m
&amp#27;[35m[HTTP]&amp#27;[39m &amp#27;[90m&amp#27;[39m
&amp#27;[35m[HTTP]&amp#27;[39m &amp#27;[37m-->&amp#27;[39m &amp#27;[37mGET&amp#27;[39m &amp#27;[37m/wd/hub/session/e67b95f7-0666-4ad9-bf82-0c69c65da043/element/25c2fd1b-68de-4403-a750-b7fa63560be3/displayed&amp#27;[39m
&amp#27;[35m[HTTP]&amp#27;[39m &amp#27;[90m{}&amp#27;[39m
[debug] &amp#27;[35m[W3C (e67b95f7)]&amp#27;[39m Calling AppiumDriver.elementDisplayed() with args: ["25c2fd1b-68de-4403-a750-b7fa63560be3","e67b95f7-0666-4ad9-bf82-0c69c65da043"]
[debug] &amp#27;[35m[WD Proxy]&amp#27;[39m Matched '/element/25c2fd1b-68de-4403-a750-b7fa63560be3/attribute/displayed' to command name 'getAttribute'
[debug] &amp#27;[35m[WD Proxy]&amp#27;[39m Proxying [GET /element/25c2fd1b-68de-4403-a750-b7fa63560be3/attribute/displayed] to [GET http://127.0.0.1:8218/wd/hub/session/e30bd81a-f139-4837-b67f-99a041c747ef/element/25c2fd1b-68de-4403-a750-b7fa63560be3/attribute/displayed] with no body
[debug] &amp#27;[35m[WD Proxy]&amp#27;[39m Got response with status 200: {"sessionId":"e30bd81a-f139-4837-b67f-99a041c747ef","value":"true"}
[debug] &amp#27;[35m[W3C (e67b95f7)]&amp#27;[39m Responding to client with driver.elementDisplayed() result: true
&amp#27;[35m[HTTP]&amp#27;[39m &amp#27;[37m<-- GET /wd/hub/session/e67b95f7-0666-4ad9-bf82-0c69c65da043/element/25c2fd1b-68de-4403-a750-b7fa63560be3/displayed &amp#27;[39m&amp#27;[32m200&amp#27;[39m &amp#27;[90m15 ms - 14&amp#27;[39m
&amp#27;[35m[HTTP]&amp#27;[39m &amp#27;[90m&amp#27;[39m
&amp#27;[35m[HTTP]&amp#27;[39m &amp#27;[37m-->&amp#27;[39m &amp#27;[37mPOST&amp#27;[39m &amp#27;[37m/wd/hub/session/e67b95f7-0666-4ad9-bf82-0c69c65da043/timeouts&amp#27;[39m
&amp#27;[35m[HTTP]&amp#27;[39m &amp#27;[90m{"implicit":10000}&amp#27;[39m
[debug] &amp#27;[35m[W3C (e67b95f7)]&amp#27;[39m Calling AppiumDriver.timeouts() with args: [null,null,null,null,10000,"e67b95f7-0666-4ad9-bf82-0c69c65da043"]
[debug] &amp#27;[35m[BaseDriver]&amp#27;[39m W3C timeout argument: {"implicit":10000}}
[debug] &amp#27;[35m[BaseDriver]&amp#27;[39m Set implicit wait to 10000ms
[debug] &amp#27;[35m[W3C (e67b95f7)]&amp#27;[39m Responding to client with driver.timeouts() result: null
[INFO ] 2021-06-18 15:59:49.344 [main] ViewsPage - Clicks The Expandable Lists
&amp#27;[35m[HTTP]&amp#27;[39m &amp#27;[37m<-- POST /wd/hub/session/e67b95f7-0666-4ad9-bf82[INFO ] 2021-06-18 15:59:49.345 [main] ExplicitWait - Waiting for element to be clickable: Located by By.chained({By.xpath: //android.widget.TextView[@content-desc="Expandable Lists"]})
-0c69c65da043/timeouts &amp#27;[39m&amp#27;[32m200&amp#27;[39m &amp#27;[90m2 ms - 14&amp#27;[39m
&amp#27;[35m[HTTP]&amp#27;[39m &amp#27;[90m&amp#27;[39m
&amp#27;[35m[HTTP]&amp#27;[39m &amp#27;[37m-->&amp#27;[39m &amp#27;[37mPOST&amp#27;[39m &amp#27;[37m/wd/hub/session/e67b95f7-0666-4ad9-bf82-0c69c65da043/timeouts&amp#27;[39m
&amp#27;[35m[HTTP]&amp#27;[39m &amp#27;[90m{"implicit":0}&amp#27;[39m
[debug] &amp#27;[35m[W3C (e67b95f7)]&amp#27;[39m Calling AppiumDriver.timeouts() with args: [null,null,null,null,0,"e67b95f7-0666-4ad9-bf82-0c69c65da043"]
[debug] &amp#27;[35m[BaseDriver]&amp#27;[39m W3C timeout argument: {"implicit":0}}
[debug] &amp#27;[35m[BaseDriver]&amp#27;[39m Set implicit wait to 0ms
[debug] &amp#27;[35m[W3C (e67b95f7)]&amp#27;[39m Responding to client with driver.timeouts() result: null
&amp#27;[35m[HTTP]&amp#27;[39m &amp#27;[37m<-- POST /wd/hub/session/e67b95f7-0666-4ad9-bf82-0c69c65da043/timeouts &amp#27;[39m&amp#27;[32m200&amp#27;[39m &amp#27;[90m3 ms - 14&amp#27;[39m
&amp#27;[35m[HTTP]&amp#27;[39m &amp#27;[90m&amp#27;[39m
&amp#27;[35m[HTTP]&amp#27;[39m &amp#27;[37m-->&amp#27;[39m &amp#27;[37mGET&amp#27;[39m &amp#27;[37m/wd/hub/session/e67b95f7-0666-4ad9-bf82-0c69c65da043&amp#27;[39m
&amp#27;[35m[HTTP]&amp#27;[39m &amp#27;[90m{}&amp#27;[39m
[debug] &amp#27;[35m[W3C (e67b95f7)]&amp#27;[39m Calling AppiumDriver.getSession() with args: ["e67b95f7-0666-4ad9-bf82-0c69c65da043"]
[debug] &amp#27;[35m[UiAutomator2]&amp#27;[39m Getting session details from server to mix in
[debug] &amp#27;[35m[WD Proxy]&amp#27;[39m Matched '/' to command name 'getSession'
[debug] &amp#27;[35m[WD Proxy]&amp#27;[39m Proxying [GET /] to [GET http://127.0.0.1:8218/wd/hub/session/e30bd81a-f139-4837-b67f-99a041c747ef] with no body
[debug] &amp#27;[35m[WD Proxy]&amp#27;[39m Got response with status 200: {"sessionId":"e30bd81a-f139-4837-b67f-99a041c747ef","value":{"lastScrollData":null}}
[debug] &amp#27;[35m[W3C (e67b95f7)]&amp#27;[39m Responding to client with driver.getSession() result: {"platform":"LINUX","webStorageEnabled":false,"takesScreenshot":true,"javascriptEnabled":true,"databaseEnabled":false,"networkConnectionEnabled":true,"locationContextEnabled":false,"warnings":{},"desired":{"platformName":"android","app":"C:\\Users\\Anis\\eclipse-workspace\\Appium\\src\\ApiDemos-debug.apk","deviceName":"Redmi","newCommandTimeout":14},"platformName":"android","app":"C:\\Users\\Anis\\eclipse-workspace\\Appium\\src\\ApiDemos-debug.apk","deviceName":"55272e729804","newCommandTimeout":14,"deviceUDID":"55272e729804","appPackage":"io.appium.android.apis","deviceApiLevel":24,"platformVersion":"7.0","deviceScreenSize":"1080x1920","deviceScreenDensity":480,"deviceModel":"Redmi Note 4","deviceManufacturer":"Xiaomi","pixelRatio":3,"statBarHeight":72,"viewportRect":{"left":0,"top":72,"width":1080,"height":1848},"lastScrollData":null}
&amp#27;[35m[HTTP]&amp#27;[39m &amp#27;[37m<-- GET /wd/hub/session/e67b95f7-0666-4ad9-bf82-0c69c65da043 &amp#27;[39m&amp#27;[32m200&amp#27;[39m &amp#27;[90m11 ms - 858&amp#27;[39m
&amp#27;[35m[HTTP]&amp#27;[39m &amp#27;[90m&amp#27;[39m
&amp#27;[35m[HTTP]&amp#27;[39m &amp#27;[37m-->&amp#27;[39m &amp#27;[37mPOST&amp#27;[39m &amp#27;[37m/wd/hub/session/e67b95f7-0666-4ad9-bf82-0c69c65da043/element&amp#27;[39m
&amp#27;[35m[HTTP]&amp#27;[39m &amp#27;[90m{"using":"xpath","value":"//android.widget.TextView[@content-desc=\"Expandable Lists\"]"}&amp#27;[39m
[debug] &amp#27;[35m[W3C (e67b95f7)]&amp#27;[39m Calling AppiumDriver.findElement() with args: ["xpath","//android.widget.TextView[@content-desc=\"Expandable Lists\"]","e67b95f7-0666-4ad9-bf82-0c69c65da043"]
[debug] &amp#27;[35m[BaseDriver]&amp#27;[39m Valid locator strategies for this request: xpath, id, class name, accessibility id, css selector, -android uiautomator
[debug] &amp#27;[35m[BaseDriver]&amp#27;[39m Waiting up to 0 ms for condition
[debug] &amp#27;[35m[WD Proxy]&amp#27;[39m Matched '/element' to command name 'findElement'
[debug] &amp#27;[35m[WD Proxy]&amp#27;[39m Proxying [POST /element] to [POST http://127.0.0.1:8218/wd/hub/session/e30bd81a-f139-4837-b67f-99a041c747ef/element] with body: {"strategy":"xpath","selector":"//android.widget.TextView[@content-desc=\"Expandable Lists\"]","context":"","multiple":false}
[debug] &amp#27;[35m[WD Proxy]&amp#27;[39m Got response with status 200: {"sessionId":"e30bd81a-f139-4837-b67f-99a041c747ef","value":{"ELEMENT":"cdb45242-4ec3-440c-9b04-4fa49248245b","element-6066-11e4-a52e-4f735466cecf":"cdb45242-4ec3-440c-9b04-4fa49248245b"}}
[debug] &amp#27;[35m[W3C (e67b95f7)]&amp#27;[39m Responding to client with driver.findElement() result: {"element-6066-11e4-a52e-4f735466cecf":"cdb45242-4ec3-440c-9b04-4fa49248245b","ELEMENT":"cdb45242-4ec3-440c-9b04-4fa49248245b"}
&amp#27;[35m[HTTP]&amp#27;[39m &amp#27;[37m<-- POST /wd/hub/session/e67b95f7-0666-4ad9-bf82-0c69c65da043/element &amp#27;[39m&amp#27;[32m200&amp#27;[39m &amp#27;[90m44 ms - 137&amp#27;[39m
&amp#27;[35m[HTTP]&amp#27;[39m &amp#27;[90m&amp#27;[39m
&amp#27;[35m[HTTP]&amp#27;[39m &amp#27;[37m-->&amp#27;[39m &amp#27;[37mGET&amp#27;[39m &amp#27;[37m/wd/hub/session/e67b95f7-0666-4ad9-bf82-0c69c65da043/element/cdb45242-4ec3-440c-9b04-4fa49248245b/displayed&amp#27;[39m
&amp#27;[35m[HTTP]&amp#27;[39m &amp#27;[90m{}&amp#27;[39m
[debug] &amp#27;[35m[W3C (e67b95f7)]&amp#27;[39m Calling AppiumDriver.elementDisplayed() with args: ["cdb45242-4ec3-440c-9b04-4fa49248245b","e67b95f7-0666-4ad9-bf82-0c69c65da043"]
[debug] &amp#27;[35m[WD Proxy]&amp#27;[39m Matched '/element/cdb45242-4ec3-440c-9b04-4fa49248245b/attribute/displayed' to command name 'getAttribute'
[debug] &amp#27;[35m[WD Proxy]&amp#27;[39m Proxying [GET /element/cdb45242-4ec3-440c-9b04-4fa49248245b/attribute/displayed] to [GET http://127.0.0.1:8218/wd/hub/session/e30bd81a-f139-4837-b67f-99a041c747ef/element/cdb45242-4ec3-440c-9b04-4fa49248245b/attribute/displayed] with no body
[debug] &amp#27;[35m[WD Proxy]&amp#27;[39m Got response with status 200: {"sessionId":"e30bd81a-f139-4837-b67f-99a041c747ef","value":"true"}
[debug] &amp#27;[35m[W3C (e67b95f7)]&amp#27;[39m Responding to client with driver.elementDisplayed() result: true
&amp#27;[35m[HTTP]&amp#27;[39m &amp#27;[37m<-- GET /wd/hub/session/e67b95f7-0666-4ad9-bf82-0c69c65da043/element/cdb45242-4ec3-440c-9b04-4fa49248245b/displayed &amp#27;[39m&amp#27;[32m200&amp#27;[39m &amp#27;[90m16 ms - 14&amp#27;[39m
&amp#27;[35m[HTTP]&amp#27;[39m &amp#27;[90m&amp#27;[39m
&amp#27;[35m[HTTP]&amp#27;[39m &amp#27;[37m-->&amp#27;[39m &amp#27;[37mGET&amp#27;[39m &amp#27;[37m/wd/hub/session/e67b95f7-0666-4ad9-bf82-0c69c65da043&amp#27;[39m
&amp#27;[35m[HTTP]&amp#27;[39m &amp#27;[90m{}&amp#27;[39m
[debug] &amp#27;[35m[W3C (e67b95f7)]&amp#27;[39m Calling AppiumDriver.getSession() with args: ["e67b95f7-0666-4ad9-bf82-0c69c65da043"]
[debug] &amp#27;[35m[UiAutomator2]&amp#27;[39m Getting session details from server to mix in
[debug] &amp#27;[35m[WD Proxy]&amp#27;[39m Matched '/' to command name 'getSession'
[debug] &amp#27;[35m[WD Proxy]&amp#27;[39m Proxying [GET /] to [GET http://127.0.0.1:8218/wd/hub/session/e30bd81a-f139-4837-b67f-99a041c747ef] with no body
[debug] &amp#27;[35m[WD Proxy]&amp#27;[39m Got response with status 200: {"sessionId":"e30bd81a-f139-4837-b67f-99a041c747ef","value":{"lastScrollData":null}}
[debug] &amp#27;[35m[W3C (e67b95f7)]&amp#27;[39m Responding to client with driver.getSession() result: {"platform":"LINUX","webStorageEnabled":false,"takesScreenshot":true,"javascriptEnabled":true,"databaseEnabled":false,"networkConnectionEnabled":true,"locationContextEnabled":false,"warnings":{},"desired":{"platformName":"android","app":"C:\\Users\\Anis\\eclipse-workspace\\Appium\\src\\ApiDemos-debug.apk","deviceName":"Redmi","newCommandTimeout":14},"platformName":"android","app":"C:\\Users\\Anis\\eclipse-workspace\\Appium\\src\\ApiDemos-debug.apk","deviceName":"55272e729804","newCommandTimeout":14,"deviceUDID":"55272e729804","appPackage":"io.appium.android.apis","deviceApiLevel":24,"platformVersion":"7.0","deviceScreenSize":"1080x1920","deviceScreenDensity":480,"deviceModel":"Redmi Note 4","deviceManufacturer":"Xiaomi","pixelRatio":3,"statBarHeight":72,"viewportRect":{"left":0,"top":72,"width":1080,"height":1848},"lastScrollData":null}
&amp#27;[35m[HTTP]&amp#27;[39m &amp#27;[37m<-- GET /wd/hub/session/e67b95f7-0666-4ad9-bf82-0c69c65da043 &amp#27;[39m&amp#27;[32m200&amp#27;[39m &amp#27;[90m9 ms - 858&amp#27;[39m
&amp#27;[35m[HTTP]&amp#27;[39m &amp#27;[90m&amp#27;[39m
&amp#27;[35m[HTTP]&amp#27;[39m &amp#27;[37m-->&amp#27;[39m &amp#27;[37mPOST&amp#27;[39m &amp#27;[37m/wd/hub/session/e67b95f7-0666-4ad9-bf82-0c69c65da043/element&amp#27;[39m
&amp#27;[35m[HTTP]&amp#27;[39m &amp#27;[90m{"using":"xpath","value":"//android.widget.TextView[@content-desc=\"Expandable Lists\"]"}&amp#27;[39m
[debug] &amp#27;[35m[W3C (e67b95f7)]&amp#27;[39m Calling AppiumDriver.findElement() with args: ["xpath","//android.widget.TextView[@content-desc=\"Expandable Lists\"]","e67b95f7-0666-4ad9-bf82-0c69c65da043"]
[debug] &amp#27;[35m[BaseDriver]&amp#27;[39m Valid locator strategies for this request: xpath, id, class name, accessibility id, css selector, -android uiautomator
[debug] &amp#27;[35m[BaseDriver]&amp#27;[39m Waiting up to 0 ms for condition
[debug] &amp#27;[35m[WD Proxy]&amp#27;[39m Matched '/element' to command name 'findElement'
[debug] &amp#27;[35m[WD Proxy]&amp#27;[39m Proxying [POST /element] to [POST http://127.0.0.1:8218/wd/hub/session/e30bd81a-f139-4837-b67f-99a041c747ef/element] with body: {"strategy":"xpath","selector":"//android.widget.TextView[@content-desc=\"Expandable Lists\"]","context":"","multiple":false}
[debug] &amp#27;[35m[WD Proxy]&amp#27;[39m Got response with status 200: {"sessionId":"e30bd81a-f139-4837-b67f-99a041c747ef","value":{"ELEMENT":"f017fe76-a8f6-4ff9-b1d2-908760f13725","element-6066-11e4-a52e-4f735466cecf":"f017fe76-a8f6-4ff9-b1d2-908760f13725"}}
[debug] &amp#27;[35m[W3C (e67b95f7)]&amp#27;[39m Responding to client with driver.findElement() result: {"element-6066-11e4-a52e-4f735466cecf":"f017fe76-a8f6-4ff9-b1d2-908760f13725","ELEMENT":"f017fe76-a8f6-4ff9-b1d2-908760f13725"}
&amp#27;[35m[HTTP]&amp#27;[39m &amp#27;[37m<-- POST /wd/hub/session/e67b95f7-0666-4ad9-bf82-0c69c65da043/element &amp#27;[39m&amp#27;[32m200&amp#27;[39m &amp#27;[90m47 ms - 137&amp#27;[39m
&amp#27;[35m[HTTP]&amp#27;[39m &amp#27;[90m&amp#27;[39m
&amp#27;[35m[HTTP]&amp#27;[39m &amp#27;[37m-->&amp#27;[39m &amp#27;[37mGET&amp#27;[39m &amp#27;[37m/wd/hub/session/e67b95f7-0666-4ad9-bf82-0c69c65da043/element/f017fe76-a8f6-4ff9-b1d2-908760f13725/enabled&amp#27;[39m
&amp#27;[35m[HTTP]&amp#27;[39m &amp#27;[90m{}&amp#27;[39m
[debug] &amp#27;[35m[W3C (e67b95f7)]&amp#27;[39m Calling AppiumDriver.elementEnabled() with args: ["f017fe76-a8f6-4ff9-b1d2-908760f13725","e67b95f7-0666-4ad9-bf82-0c69c65da043"]
[debug] &amp#27;[35m[WD Proxy]&amp#27;[39m Matched '/element/f017fe76-a8f6-4ff9-b1d2-908760f13725/attribute/enabled' to command name 'getAttribute'
[debug] &amp#27;[35m[WD Proxy]&amp#27;[39m Proxying [GET /element/f017fe76-a8f6-4ff9-b1d2-908760f13725/attribute/enabled] to [GET http://127.0.0.1:8218/wd/hub/session/e30bd81a-f139-4837-b67f-99a041c747ef/element/f017fe76-a8f6-4ff9-b1d2-908760f13725/attribute/enabled] with no body
[debug] &amp#27;[35m[WD Proxy]&amp#27;[39m Got response with status 200: {"sessionId":"e30bd81a-f139-4837-b67f-99a041c747ef","value":"true"}
[debug] &amp#27;[35m[W3C (e67b95f7)]&amp#27;[39m Responding to client with driver.elementEnabled() result: true
&amp#27;[35m[HTTP]&amp#27;[39m &amp#27;[37m<-- GET /wd/hub/session/e67b95f7-0666-4ad9-bf82-0c69c65da043/element/f017fe76-a8f6-4ff9-b1d2-908760f13725/enabled &amp#27;[39m&amp#27;[32m200&amp#27;[39m &amp#27;[90m15 ms - 14&amp#27;[39m
&amp#27;[35m[HTTP]&amp#27;[39m &amp#27;[90m&amp#27;[39m
&amp#27;[35m[HTTP]&amp#27;[39m &amp#27;[37m-->&amp#27;[39m &amp#27;[37mPOST&amp#27;[39m &amp#27;[37m/wd/hub/session/e67b95f7-0666-4ad9-bf82-0c69c65da043/timeouts&amp#27;[39m
&amp#27;[35m[HTTP]&amp#27;[39m &amp#27;[90m{"implicit":10000}&amp#27;[39m
[debug] &amp#27;[35m[W3C (e67b95f7)]&amp#27;[39m Calling AppiumDriver.timeouts() with args: [null,null,null,null,10000,"e67b95f7-0666-4ad9-bf82-0c69c65da043"]
[debug] &amp#27;[35m[BaseDriver]&amp#27;[39m W3C timeout argument: {"implicit":10000}}
[debug] &amp#27;[35m[BaseDriver]&amp#27;[39m Set implicit wait to 10000ms
[debug] &amp#27;[35m[W3C (e67b95f7)]&amp#27;[39m Responding to client with driver.timeouts() result: null
&amp#27;[35m[HTTP]&amp#27;[39m &amp#27;[37m<-- POST /wd/hub/session/e67b95f7-0666-4ad9-bf82-0c69c65da043/timeouts &amp#27;[39m&amp#27;[32m200&amp#27;[39m &amp#27;[90m3 ms - 14&amp#27;[39m
&amp#27;[35m[HTTP]&amp#27;[39m &amp#27;[90m&amp#27;[39m
&amp#27;[35m[HTTP]&amp#27;[39m &amp#27;[37m-->&amp#27;[39m &amp#27;[37mGET&amp#27;[39m &amp#27;[37m/wd/hub/session/e67b95f7-0666-4ad9-bf82-0c69c65da043&amp#27;[39m
&amp#27;[35m[HTTP]&amp#27;[39m &amp#27;[90m{}&amp#27;[39m
[debug] &amp#27;[35m[W3C (e67b95f7)]&amp#27;[39m Calling AppiumDriver.getSession() with args: ["e67b95f7-0666-4ad9-bf82-0c69c65da043"]
[debug] &amp#27;[35m[UiAutomator2]&amp#27;[39m Getting session details from server to mix in
[debug] &amp#27;[35m[WD Proxy]&amp#27;[39m Matched '/' to command name 'getSession'
[debug] &amp#27;[35m[WD Proxy]&amp#27;[39m Proxying [GET /] to [GET http://127.0.0.1:8218/wd/hub/session/e30bd81a-f139-4837-b67f-99a041c747ef] with no body
[debug] &amp#27;[35m[WD Proxy]&amp#27;[39m Got response with status 200: {"sessionId":"e30bd81a-f139-4837-b67f-99a041c747ef","value":{"lastScrollData":null}}
[debug] &amp#27;[35m[W3C (e67b95f7)]&amp#27;[39m Responding to client with driver.getSession() result: {"platform":"LINUX","webStorageEnabled":false,"takesScreenshot":true,"javascriptEnabled":true,"databaseEnabled":false,"networkConnectionEnabled":true,"locationContextEnabled":false,"warnings":{},"desired":{"platformName":"android","app":"C:\\Users\\Anis\\eclipse-workspace\\Appium\\src\\ApiDemos-debug.apk","deviceName":"Redmi","newCommandTimeout":14},"platformName":"android","app":"C:\\Users\\Anis\\eclipse-workspace\\Appium\\src\\ApiDemos-debug.apk","deviceName":"55272e729804","newCommandTimeout":14,"deviceUDID":"55272e729804","appPackage":"io.appium.android.apis","deviceApiLevel":24,"platformVersion":"7.0","deviceScreenSize":"1080x1920","deviceScreenDensity":480,"deviceModel":"Redmi Note 4","deviceManufacturer":"Xiaomi","pixelRatio":3,"statBarHeight":72,"viewportRect":{"left":0,"top":72,"width":1080,"height":1848},"lastScrollData":null}
&amp#27;[35m[HTTP]&amp#27;[39m &amp#27;[37m<-- GET /wd/hub/session/e67b95f7-0666-4ad9-bf82-0c69c65da043 &amp#27;[39m&amp#27;[32m200&amp#27;[39m &amp#27;[90m11 ms - 858&amp#27;[39m
&amp#27;[35m[HTTP]&amp#27;[39m &amp#27;[90m&amp#27;[39m
&amp#27;[35m[HTTP]&amp#27;[39m &amp#27;[37m-->&amp#27;[39m &amp#27;[37mPOST&amp#27;[39m &amp#27;[37m/wd/hub/session/e67b95f7-0666-4ad9-bf82-0c69c65da043/element&amp#27;[39m
&amp#27;[35m[HTTP]&amp#27;[39m &amp#27;[90m{"using":"xpath","value":"//android.widget.TextView[@content-desc=\"Expandable Lists\"]"}&amp#27;[39m
[debug] &amp#27;[35m[W3C (e67b95f7)]&amp#27;[39m Calling AppiumDriver.findElement() with args: ["xpath","//android.widget.TextView[@content-desc=\"Expandable Lists\"]","e67b95f7-0666-4ad9-bf82-0c69c65da043"]
[debug] &amp#27;[35m[BaseDriver]&amp#27;[39m Valid locator strategies for this request: xpath, id, class name, accessibility id, css selector, -android uiautomator
[debug] &amp#27;[35m[BaseDriver]&amp#27;[39m Waiting up to 10000 ms for condition
[debug] &amp#27;[35m[WD Proxy]&amp#27;[39m Matched '/element' to command name 'findElement'
[debug] &amp#27;[35m[WD Proxy]&amp#27;[39m Proxying [POST /element] to [POST http://127.0.0.1:8218/wd/hub/session/e30bd81a-f139-4837-b67f-99a041c747ef/element] with body: {"strategy":"xpath","selector":"//android.widget.TextView[@content-desc=\"Expandable Lists\"]","context":"","multiple":false}
[debug] &amp#27;[35m[WD Proxy]&amp#27;[39m Got response with status 200: {"sessionId":"e30bd81a-f139-4837-b67f-99a041c747ef","value":{"ELEMENT":"46ae23dc-3265-4225-99e0-4ff4fddc51f7","element-6066-11e4-a52e-4f735466cecf":"46ae23dc-3265-4225-99e0-4ff4fddc51f7"}}
[debug] &amp#27;[35m[W3C (e67b95f7)]&amp#27;[39m Responding to client with driver.findElement() result: {"element-6066-11e4-a52e-4f735466cecf":"46ae23dc-3265-4225-99e0-4ff4fddc51f7","ELEMENT":"46ae23dc-3265-4225-99e0-4ff4fddc51f7"}
&amp#27;[35m[HTTP]&amp#27;[39m &amp#27;[37m<-- POST /wd/hub/session/e67b95f7-0666-4ad9-bf82-0c69c65da043/element &amp#27;[39m&amp#27;[32m200&amp#27;[39m &amp#27;[90m42 ms - 137&amp#27;[39m
&amp#27;[35m[HTTP]&amp#27;[39m &amp#27;[90m&amp#27;[39m
&amp#27;[35m[HTTP]&amp#27;[39m &amp#27;[37m-->&amp#27;[39m &amp#27;[37mPOST&amp#27;[39m &amp#27;[37m/wd/hub/session/e67b95f7-0666-4ad9-bf82-0c69c65da043/element/46ae23dc-3265-4225-99e0-4ff4fddc51f7/click&amp#27;[39m
&amp#27;[35m[HTTP]&amp#27;[39m &amp#27;[90m{"id":"46ae23dc-3265-4225-99e0-4ff4fddc51f7"}&amp#27;[39m
[debug] &amp#27;[35m[W3C (e67b95f7)]&amp#27;[39m Calling AppiumDriver.click() with args: ["46ae23dc-3265-4225-99e0-4ff4fddc51f7","e67b95f7-0666-4ad9-bf82-0c69c65da043"]
[debug] &amp#27;[35m[WD Proxy]&amp#27;[39m Matched '/element/46ae23dc-3265-4225-99e0-4ff4fddc51f7/click' to command name 'click'
[debug] &amp#27;[35m[WD Proxy]&amp#27;[39m Proxying [POST /element/46ae23dc-3265-4225-99e0-4ff4fddc51f7/click] to [POST http://127.0.0.1:8218/wd/hub/session/e30bd81a-f139-4837-b67f-99a041c747ef/element/46ae23dc-3265-4225-99e0-4ff4fddc51f7/click] with body: {"element":"46ae23dc-3265-4225-99e0-4ff4fddc51f7"}
[debug] &amp#27;[35m[WD Proxy]&amp#27;[39m Got response with status 200: {"sessionId":"e30bd81a-f139-4837-b67f-99a041c747ef","value":null}
[debug] &amp#27;[35m[W3C (e67b95f7)]&amp#27;[39m Responding to client with driver.click() result: null
[INFO ] 2021-06-18 15:59:51.283 [main] ExplicitWait - Waiting for element to be visible: Located by By.chained({By.xpath: //android.widget.TextView[@content-desc="1. Custom Adapter"]})
&amp#27;[35m[HTTP]&amp#27;[39m &amp#27;[37m<-- POST /wd/hub/session/e67b95f7-0666-4ad9-bf82-0c69c65da043/element/46ae23dc-3265-4225-99e0-4ff4fddc51f7/click &amp#27;[39m&amp#27;[32m200&amp#27;[39m &amp#27;[INFO ] 2021-06-18 15:59:51.283 [main] ExplicitWait - Waiting for element to be visible: Located by By.chained({By.xpath: //android.widget.TextView[@content-desc="1. Custom Adapter"]})
[90m1648 ms - 14&amp#27;[39m
&amp#27;[35m[HTTP]&amp#27;[39m &amp#27;[90m&amp#27;[39m
&amp#27;[35m[HTTP]&amp#27;[39m &amp#27;[37m-->&amp#27;[39m &amp#27;[37mPOST&amp#27;[39m &amp#27;[37m/wd/hub/session/e67b95f7-0666-4ad9-bf82-0c69c65da043/timeouts&amp#27;[39m
&amp#27;[35m[HTTP]&amp#27;[39m &amp#27;[90m{"implicit":0}&amp#27;[39m
[debug] &amp#27;[35m[W3C (e67b95f7)]&amp#27;[39m Calling AppiumDriver.timeouts() with args: [null,null,null,null,0,"e67b95f7-0666-4ad9-bf82-0c69c65da043"]
[debug] &amp#27;[35m[BaseDriver]&amp#27;[39m W3C timeout argument: {"implicit":0}}
[debug] &amp#27;[35m[BaseDriver]&amp#27;[39m Set implicit wait to 0ms
[debug] &amp#27;[35m[W3C (e67b95f7)]&amp#27;[39m Responding to client with driver.timeouts() result: null
&amp#27;[35m[HTTP]&amp#27;[39m &amp#27;[37m<-- POST /wd/hub/session/e67b95f7-0666-4ad9-bf82-0c69c65da043/timeouts &amp#27;[39m&amp#27;[32m200&amp#27;[39m &amp#27;[90m2 ms - 14&amp#27;[39m
&amp#27;[35m[HTTP]&amp#27;[39m &amp#27;[90m&amp#27;[39m
&amp#27;[35m[HTTP]&amp#27;[39m &amp#27;[37m-->&amp#27;[39m &amp#27;[37mGET&amp#27;[39m &amp#27;[37m/wd/hub/session/e67b95f7-0666-4ad9-bf82-0c69c65da043&amp#27;[39m
&amp#27;[35m[HTTP]&amp#27;[39m &amp#27;[90m{}&amp#27;[39m
[debug] &amp#27;[35m[W3C (e67b95f7)]&amp#27;[39m Calling AppiumDriver.getSession() with args: ["e67b95f7-0666-4ad9-bf82-0c69c65da043"]
[debug] &amp#27;[35m[UiAutomator2]&amp#27;[39m Getting session details from server to mix in
[debug] &amp#27;[35m[WD Proxy]&amp#27;[39m Matched '/' to command name 'getSession'
[debug] &amp#27;[35m[WD Proxy]&amp#27;[39m Proxying [GET /] to [GET http://127.0.0.1:8218/wd/hub/session/e30bd81a-f139-4837-b67f-99a041c747ef] with no body
[debug] &amp#27;[35m[WD Proxy]&amp#27;[39m Got response with status 200: {"sessionId":"e30bd81a-f139-4837-b67f-99a041c747ef","value":{"lastScrollData":null}}
[debug] &amp#27;[35m[W3C (e67b95f7)]&amp#27;[39m Responding to client with driver.getSession() result: {"platform":"LINUX","webStorageEnabled":false,"takesScreenshot":true,"javascriptEnabled":true,"databaseEnabled":false,"networkConnectionEnabled":true,"locationContextEnabled":false,"warnings":{},"desired":{"platformName":"android","app":"C:\\Users\\Anis\\eclipse-workspace\\Appium\\src\\ApiDemos-debug.apk","deviceName":"Redmi","newCommandTimeout":14},"platformName":"android","app":"C:\\Users\\Anis\\eclipse-workspace\\Appium\\src\\ApiDemos-debug.apk","deviceName":"55272e729804","newCommandTimeout":14,"deviceUDID":"55272e729804","appPackage":"io.appium.android.apis","deviceApiLevel":24,"platformVersion":"7.0","deviceScreenSize":"1080x1920","deviceScreenDensity":480,"deviceModel":"Redmi Note 4","deviceManufacturer":"Xiaomi","pixelRatio":3,"statBarHeight":72,"viewportRect":{"left":0,"top":72,"width":1080,"height":1848},"lastScrollData":null}
&amp#27;[35m[HTTP]&amp#27;[39m &amp#27;[37m<-- GET /wd/hub/session/e67b95f7-0666-4ad9-bf82-0c69c65da043 &amp#27;[39m&amp#27;[32m200&amp#27;[39m &amp#27;[90m12 ms - 858&amp#27;[39m
&amp#27;[35m[HTTP]&amp#27;[39m &amp#27;[90m&amp#27;[39m
&amp#27;[35m[HTTP]&amp#27;[39m &amp#27;[37m-->&amp#27;[39m &amp#27;[37mPOST&amp#27;[39m &amp#27;[37m/wd/hub/session/e67b95f7-0666-4ad9-bf82-0c69c65da043/element&amp#27;[39m
&amp#27;[35m[HTTP]&amp#27;[39m &amp#27;[90m{"using":"xpath","value":"//android.widget.TextView[@content-desc=\"1. Custom Adapter\"]"}&amp#27;[39m
[debug] &amp#27;[35m[W3C (e67b95f7)]&amp#27;[39m Calling AppiumDriver.findElement() with args: ["xpath","//android.widget.TextView[@content-desc=\"1. Custom Adapter\"]","e67b95f7-0666-4ad9-bf82-0c69c65da043"]
[debug] &amp#27;[35m[BaseDriver]&amp#27;[39m Valid locator strategies for this request: xpath, id, class name, accessibility id, css selector, -android uiautomator
[debug] &amp#27;[35m[BaseDriver]&amp#27;[39m Waiting up to 0 ms for condition
[debug] &amp#27;[35m[WD Proxy]&amp#27;[39m Matched '/element' to command name 'findElement'
[debug] &amp#27;[35m[WD Proxy]&amp#27;[39m Proxying [POST /element] to [POST http://127.0.0.1:8218/wd/hub/session/e30bd81a-f139-4837-b67f-99a041c747ef/element] with body: {"strategy":"xpath","selector":"//android.widget.TextView[@content-desc=\"1. Custom Adapter\"]","context":"","multiple":false}
[debug] &amp#27;[35m[WD Proxy]&amp#27;[39m Got response with status 200: {"sessionId":"e30bd81a-f139-4837-b67f-99a041c747ef","value":{"ELEMENT":"3f85249a-3e17-4d05-9d26-260dbfab15d7","element-6066-11e4-a52e-4f735466cecf":"3f85249a-3e17-4d05-9d26-260dbfab15d7"}}
[debug] &amp#27;[35m[W3C (e67b95f7)]&amp#27;[39m Responding to client with driver.findElement() result: {"element-6066-11e4-a52e-4f735466cecf":"3f85249a-3e17-4d05-9d26-260dbfab15d7","ELEMENT":"3f85249a-3e17-4d05-9d26-260dbfab15d7"}
&amp#27;[35m[HTTP]&amp#27;[39m &amp#27;[37m<-- POST /wd/hub/session/e67b95f7-0666-4ad9-bf82-0c69c65da043/element &amp#27;[39m&amp#27;[32m200&amp#27;[39m &amp#27;[90m35 ms - 137&amp#27;[39m
&amp#27;[35m[HTTP]&amp#27;[39m &amp#27;[90m&amp#27;[39m
&amp#27;[35m[HTTP]&amp#27;[39m &amp#27;[37m-->&amp#27;[39m &amp#27;[37mGET&amp#27;[39m &amp#27;[37m/wd/hub/session/e67b95f7-0666-4ad9-bf82-0c69c65da043/element/3f85249a-3e17-4d05-9d26-260dbfab15d7/displayed&amp#27;[39m
&amp#27;[35m[HTTP]&amp#27;[39m &amp#27;[90m{}&amp#27;[39m
[debug] &amp#27;[35m[W3C (e67b95f7)]&amp#27;[39m Calling AppiumDriver.elementDisplayed() with args: ["3f85249a-3e17-4d05-9d26-260dbfab15d7","e67b95f7-0666-4ad9-bf82-0c69c65da043"]
[debug] &amp#27;[35m[WD Proxy]&amp#27;[39m Matched '/element/3f85249a-3e17-4d05-9d26-260dbfab15d7/attribute/displayed' to command name 'getAttribute'
[debug] &amp#27;[35m[WD Proxy]&amp#27;[39m Proxying [GET /element/3f85249a-3e17-4d05-9d26-260dbfab15d7/attribute/displayed] to [GET http://127.0.0.1:8218/wd/hub/session/e30bd81a-f139-4837-b67f-99a041c747ef/element/3f85249a-3e17-4d05-9d26-260dbfab15d7/attribute/displayed] with no body
[debug] &amp#27;[35m[WD Proxy]&amp#27;[39m Got response with status 200: {"sessionId":"e30bd81a-f139-4837-b67f-99a041c747ef","value":"true"}
[debug] &amp#27;[35m[W3C (e67b95f7)]&amp#27;[39m Responding to client with driver.elementDisplayed() result: true
&amp#27;[35m[HTTP]&amp#27;[39m &amp#27;[37m<-- GET /wd/hub/session/e67b95f7-0666-4ad9-bf82-0c69c65da043/element/3f85249a-3e17-4d05-9d26-260dbfab15d7/displayed &amp#27;[39m&amp#27;[32m200&amp#27;[39m &amp#27;[90m15 ms - 14&amp#27;[39m
&amp#27;[35m[HTTP]&amp#27;[39m &amp#27;[90m&amp#27;[39m
&amp#27;[35m[HTTP]&amp#27;[39m &amp#27;[37m-->&amp#27;[39m &amp#27;[37mPOST&amp#27;[39m &amp#27;[37m/wd/hub/session/e67b95f7-0666-4ad9-bf82-0c69c65da043/timeouts&amp#27;[39m
&amp#27;[35m[HTTP]&amp#27;[39m &amp#27;[90m{"implicit":10000}&amp#27;[39m
[debug] &amp#27;[35m[W3C (e67b95f7)]&amp#27;[39m Calling AppiumDriver.timeouts() with args: [null,null,null,null,10000,"e67b95f7-0666-4ad9-bf82-0c69c65da043"]
[debug] &amp#27;[35m[BaseDriver]&amp#27;[39m W3C timeout argument: {"implicit":10000}}
[debug] &amp#27;[35m[BaseDriver]&amp#27;[39m Set implicit wait to 10000ms
[debug] &amp#27;[35m[W3C (e67b95f7)]&amp#27;[39m Responding to client with driver.timeouts() result: null
&amp#27;[35m[HTTP]&amp#27;[39m &amp#27;[37m<-- POST /wd/hub/session/e67b95f7-0666-4ad9-bf[INFO ] 2021-06-18 15:59:51.391 [main] ViewsPage - Clicks The Custom Adaptor
82-0c69c65da043/timeouts &amp#27;[39m&amp#27;[32m200&amp#27;[39m &amp#27;[90m2 ms - 14&amp#27;[39m
&amp#27;[35m[HTTP]&amp#27;[39m &amp#27;[90m&amp#27;[39m
[INFO ] 2021-06-18 15:59:51.391 [main] ExplicitWait - Waiting for element to be clickable: Located by By.chained({By.xpath: //android.widget.TextView[@content-desc="1. Custom Adapter"]})
&amp#27;[35m[HTTP]&amp#27;[39m &amp#27;[37m-->&amp#27;[39m &amp#27;[37mPOST&amp#27;[39m &amp#27;[37m/wd/hub/session/e67b95f7-0666-4ad9-bf82-0c69c65da043/timeouts&amp#27;[39m
&amp#27;[35m[HTTP]&amp#27;[39m &amp#27;[90m{"implicit":0}&amp#27;[39m
[debug] &amp#27;[35m[W3C (e67b95f7)]&amp#27;[39m Calling AppiumDriver.timeouts() with args: [null,null,null,null,0,"e67b95f7-0666-4ad9-bf82-0c69c65da043"]
[debug] &amp#27;[35m[BaseDriver]&amp#27;[39m W3C timeout argument: {"implicit":0}}
[debug] &amp#27;[35m[BaseDriver]&amp#27;[39m Set implicit wait to 0ms
[debug] &amp#27;[35m[W3C (e67b95f7)]&amp#27;[39m Responding to client with driver.timeouts() result: null
&amp#27;[35m[HTTP]&amp#27;[39m &amp#27;[37m<-- POST /wd/hub/session/e67b95f7-0666-4ad9-bf82-0c69c65da043/timeouts &amp#27;[39m&amp#27;[32m200&amp#27;[39m &amp#27;[90m3 ms - 14&amp#27;[39m
&amp#27;[35m[HTTP]&amp#27;[39m &amp#27;[90m&amp#27;[39m
&amp#27;[35m[HTTP]&amp#27;[39m &amp#27;[37m-->&amp#27;[39m &amp#27;[37mGET&amp#27;[39m &amp#27;[37m/wd/hub/session/e67b95f7-0666-4ad9-bf82-0c69c65da043&amp#27;[39m
&amp#27;[35m[HTTP]&amp#27;[39m &amp#27;[90m{}&amp#27;[39m
[debug] &amp#27;[35m[W3C (e67b95f7)]&amp#27;[39m Calling AppiumDriver.getSession() with args: ["e67b95f7-0666-4ad9-bf82-0c69c65da043"]
[debug] &amp#27;[35m[UiAutomator2]&amp#27;[39m Getting session details from server to mix in
[debug] &amp#27;[35m[WD Proxy]&amp#27;[39m Matched '/' to command name 'getSession'
[debug] &amp#27;[35m[WD Proxy]&amp#27;[39m Proxying [GET /] to [GET http://127.0.0.1:8218/wd/hub/session/e30bd81a-f139-4837-b67f-99a041c747ef] with no body
[debug] &amp#27;[35m[WD Proxy]&amp#27;[39m Got response with status 200: {"sessionId":"e30bd81a-f139-4837-b67f-99a041c747ef","value":{"lastScrollData":null}}
[debug] &amp#27;[35m[W3C (e67b95f7)]&amp#27;[39m Responding to client with driver.getSession() result: {"platform":"LINUX","webStorageEnabled":false,"takesScreenshot":true,"javascriptEnabled":true,"databaseEnabled":false,"networkConnectionEnabled":true,"locationContextEnabled":false,"warnings":{},"desired":{"platformName":"android","app":"C:\\Users\\Anis\\eclipse-workspace\\Appium\\src\\ApiDemos-debug.apk","deviceName":"Redmi","newCommandTimeout":14},"platformName":"android","app":"C:\\Users\\Anis\\eclipse-workspace\\Appium\\src\\ApiDemos-debug.apk","deviceName":"55272e729804","newCommandTimeout":14,"deviceUDID":"55272e729804","appPackage":"io.appium.android.apis","deviceApiLevel":24,"platformVersion":"7.0","deviceScreenSize":"1080x1920","deviceScreenDensity":480,"deviceModel":"Redmi Note 4","deviceManufacturer":"Xiaomi","pixelRatio":3,"statBarHeight":72,"viewportRect":{"left":0,"top":72,"width":1080,"height":1848},"lastScrollData":null}
&amp#27;[35m[HTTP]&amp#27;[39m &amp#27;[37m<-- GET /wd/hub/session/e67b95f7-0666-4ad9-bf82-0c69c65da043 &amp#27;[39m&amp#27;[32m200&amp#27;[39m &amp#27;[90m10 ms - 858&amp#27;[39m
&amp#27;[35m[HTTP]&amp#27;[39m &amp#27;[90m&amp#27;[39m
&amp#27;[35m[HTTP]&amp#27;[39m &amp#27;[37m-->&amp#27;[39m &amp#27;[37mPOST&amp#27;[39m &amp#27;[37m/wd/hub/session/e67b95f7-0666-4ad9-bf82-0c69c65da043/element&amp#27;[39m
&amp#27;[35m[HTTP]&amp#27;[39m &amp#27;[90m{"using":"xpath","value":"//android.widget.TextView[@content-desc=\"1. Custom Adapter\"]"}&amp#27;[39m
[debug] &amp#27;[35m[W3C (e67b95f7)]&amp#27;[39m Calling AppiumDriver.findElement() with args: ["xpath","//android.widget.TextView[@content-desc=\"1. Custom Adapter\"]","e67b95f7-0666-4ad9-bf82-0c69c65da043"]
[debug] &amp#27;[35m[BaseDriver]&amp#27;[39m Valid locator strategies for this request: xpath, id, class name, accessibility id, css selector, -android uiautomator
[debug] &amp#27;[35m[BaseDriver]&amp#27;[39m Waiting up to 0 ms for condition
[debug] &amp#27;[35m[WD Proxy]&amp#27;[39m Matched '/element' to command name 'findElement'
[debug] &amp#27;[35m[WD Proxy]&amp#27;[39m Proxying [POST /element] to [POST http://127.0.0.1:8218/wd/hub/session/e30bd81a-f139-4837-b67f-99a041c747ef/element] with body: {"strategy":"xpath","selector":"//android.widget.TextView[@content-desc=\"1. Custom Adapter\"]","context":"","multiple":false}
[debug] &amp#27;[35m[WD Proxy]&amp#27;[39m Got response with status 200: {"sessionId":"e30bd81a-f139-4837-b67f-99a041c747ef","value":{"ELEMENT":"fe4b7bdb-6324-46f3-bc15-cd4421b74f79","element-6066-11e4-a52e-4f735466cecf":"fe4b7bdb-6324-46f3-bc15-cd4421b74f79"}}
[debug] &amp#27;[35m[W3C (e67b95f7)]&amp#27;[39m Responding to client with driver.findElement() result: {"element-6066-11e4-a52e-4f735466cecf":"fe4b7bdb-6324-46f3-bc15-cd4421b74f79","ELEMENT":"fe4b7bdb-6324-46f3-bc15-cd4421b74f79"}
&amp#27;[35m[HTTP]&amp#27;[39m &amp#27;[37m<-- POST /wd/hub/session/e67b95f7-0666-4ad9-bf82-0c69c65da043/element &amp#27;[39m&amp#27;[32m200&amp#27;[39m &amp#27;[90m35 ms - 137&amp#27;[39m
&amp#27;[35m[HTTP]&amp#27;[39m &amp#27;[90m&amp#27;[39m
&amp#27;[35m[HTTP]&amp#27;[39m &amp#27;[37m-->&amp#27;[39m &amp#27;[37mGET&amp#27;[39m &amp#27;[37m/wd/hub/session/e67b95f7-0666-4ad9-bf82-0c69c65da043/element/fe4b7bdb-6324-46f3-bc15-cd4421b74f79/displayed&amp#27;[39m
&amp#27;[35m[HTTP]&amp#27;[39m &amp#27;[90m{}&amp#27;[39m
[debug] &amp#27;[35m[W3C (e67b95f7)]&amp#27;[39m Calling AppiumDriver.elementDisplayed() with args: ["fe4b7bdb-6324-46f3-bc15-cd4421b74f79","e67b95f7-0666-4ad9-bf82-0c69c65da043"]
[debug] &amp#27;[35m[WD Proxy]&amp#27;[39m Matched '/element/fe4b7bdb-6324-46f3-bc15-cd4421b74f79/attribute/displayed' to command name 'getAttribute'
[debug] &amp#27;[35m[WD Proxy]&amp#27;[39m Proxying [GET /element/fe4b7bdb-6324-46f3-bc15-cd4421b74f79/attribute/displayed] to [GET http://127.0.0.1:8218/wd/hub/session/e30bd81a-f139-4837-b67f-99a041c747ef/element/fe4b7bdb-6324-46f3-bc15-cd4421b74f79/attribute/displayed] with no body
[debug] &amp#27;[35m[WD Proxy]&amp#27;[39m Got response with status 200: {"sessionId":"e30bd81a-f139-4837-b67f-99a041c747ef","value":"true"}
[debug] &amp#27;[35m[W3C (e67b95f7)]&amp#27;[39m Responding to client with driver.elementDisplayed() result: true
&amp#27;[35m[HTTP]&amp#27;[39m &amp#27;[37m<-- GET /wd/hub/session/e67b95f7-0666-4ad9-bf82-0c69c65da043/element/fe4b7bdb-6324-46f3-bc15-cd4421b74f79/displayed &amp#27;[39m&amp#27;[32m200&amp#27;[39m &amp#27;[90m34 ms - 14&amp#27;[39m
&amp#27;[35m[HTTP]&amp#27;[39m &amp#27;[90m&amp#27;[39m
&amp#27;[35m[HTTP]&amp#27;[39m &amp#27;[37m-->&amp#27;[39m &amp#27;[37mGET&amp#27;[39m &amp#27;[37m/wd/hub/session/e67b95f7-0666-4ad9-bf82-0c69c65da043&amp#27;[39m
&amp#27;[35m[HTTP]&amp#27;[39m &amp#27;[90m{}&amp#27;[39m
[debug] &amp#27;[35m[W3C (e67b95f7)]&amp#27;[39m Calling AppiumDriver.getSession() with args: ["e67b95f7-0666-4ad9-bf82-0c69c65da043"]
[debug] &amp#27;[35m[UiAutomator2]&amp#27;[39m Getting session details from server to mix in
[debug] &amp#27;[35m[WD Proxy]&amp#27;[39m Matched '/' to command name 'getSession'
[debug] &amp#27;[35m[WD Proxy]&amp#27;[39m Proxying [GET /] to [GET http://127.0.0.1:8218/wd/hub/session/e30bd81a-f139-4837-b67f-99a041c747ef] with no body
[debug] &amp#27;[35m[WD Proxy]&amp#27;[39m Got response with status 200: {"sessionId":"e30bd81a-f139-4837-b67f-99a041c747ef","value":{"lastScrollData":null}}
[debug] &amp#27;[35m[W3C (e67b95f7)]&amp#27;[39m Responding to client with driver.getSession() result: {"platform":"LINUX","webStorageEnabled":false,"takesScreenshot":true,"javascriptEnabled":true,"databaseEnabled":false,"networkConnectionEnabled":true,"locationContextEnabled":false,"warnings":{},"desired":{"platformName":"android","app":"C:\\Users\\Anis\\eclipse-workspace\\Appium\\src\\ApiDemos-debug.apk","deviceName":"Redmi","newCommandTimeout":14},"platformName":"android","app":"C:\\Users\\Anis\\eclipse-workspace\\Appium\\src\\ApiDemos-debug.apk","deviceName":"55272e729804","newCommandTimeout":14,"deviceUDID":"55272e729804","appPackage":"io.appium.android.apis","deviceApiLevel":24,"platformVersion":"7.0","deviceScreenSize":"1080x1920","deviceScreenDensity":480,"deviceModel":"Redmi Note 4","deviceManufacturer":"Xiaomi","pixelRatio":3,"statBarHeight":72,"viewportRect":{"left":0,"top":72,"width":1080,"height":1848},"lastScrollData":null}
&amp#27;[35m[HTTP]&amp#27;[39m &amp#27;[37m<-- GET /wd/hub/session/e67b95f7-0666-4ad9-bf82-0c69c65da043 &amp#27;[39m&amp#27;[32m200&amp#27;[39m &amp#27;[90m11 ms - 858&amp#27;[39m
&amp#27;[35m[HTTP]&amp#27;[39m &amp#27;[90m&amp#27;[39m
&amp#27;[35m[HTTP]&amp#27;[39m &amp#27;[37m-->&amp#27;[39m &amp#27;[37mPOST&amp#27;[39m &amp#27;[37m/wd/hub/session/e67b95f7-0666-4ad9-bf82-0c69c65da043/element&amp#27;[39m
&amp#27;[35m[HTTP]&amp#27;[39m &amp#27;[90m{"using":"xpath","value":"//android.widget.TextView[@content-desc=\"1. Custom Adapter\"]"}&amp#27;[39m
[debug] &amp#27;[35m[W3C (e67b95f7)]&amp#27;[39m Calling AppiumDriver.findElement() with args: ["xpath","//android.widget.TextView[@content-desc=\"1. Custom Adapter\"]","e67b95f7-0666-4ad9-bf82-0c69c65da043"]
[debug] &amp#27;[35m[BaseDriver]&amp#27;[39m Valid locator strategies for this request: xpath, id, class name, accessibility id, css selector, -android uiautomator
[debug] &amp#27;[35m[BaseDriver]&amp#27;[39m Waiting up to 0 ms for condition
[debug] &amp#27;[35m[WD Proxy]&amp#27;[39m Matched '/element' to command name 'findElement'
[debug] &amp#27;[35m[WD Proxy]&amp#27;[39m Proxying [POST /element] to [POST http://127.0.0.1:8218/wd/hub/session/e30bd81a-f139-4837-b67f-99a041c747ef/element] with body: {"strategy":"xpath","selector":"//android.widget.TextView[@content-desc=\"1. Custom Adapter\"]","context":"","multiple":false}
[debug] &amp#27;[35m[WD Proxy]&amp#27;[39m Got response with status 200: {"sessionId":"e30bd81a-f139-4837-b67f-99a041c747ef","value":{"ELEMENT":"9b459288-52ad-4d0c-b75c-666f4bae6c86","element-6066-11e4-a52e-4f735466cecf":"9b459288-52ad-4d0c-b75c-666f4bae6c86"}}
[debug] &amp#27;[35m[W3C (e67b95f7)]&amp#27;[39m Responding to client with driver.findElement() result: {"element-6066-11e4-a52e-4f735466cecf":"9b459288-52ad-4d0c-b75c-666f4bae6c86","ELEMENT":"9b459288-52ad-4d0c-b75c-666f4bae6c86"}
&amp#27;[35m[HTTP]&amp#27;[39m &amp#27;[37m<-- POST /wd/hub/session/e67b95f7-0666-4ad9-bf82-0c69c65da043/element &amp#27;[39m&amp#27;[32m200&amp#27;[39m &amp#27;[90m44 ms - 137&amp#27;[39m
&amp#27;[35m[HTTP]&amp#27;[39m &amp#27;[90m&amp#27;[39m
&amp#27;[35m[HTTP]&amp#27;[39m &amp#27;[37m-->&amp#27;[39m &amp#27;[37mGET&amp#27;[39m &amp#27;[37m/wd/hub/session/e67b95f7-0666-4ad9-bf82-0c69c65da043/element/9b459288-52ad-4d0c-b75c-666f4bae6c86/enabled&amp#27;[39m
&amp#27;[35m[HTTP]&amp#27;[39m &amp#27;[90m{}&amp#27;[39m
[debug] &amp#27;[35m[W3C (e67b95f7)]&amp#27;[39m Calling AppiumDriver.elementEnabled() with args: ["9b459288-52ad-4d0c-b75c-666f4bae6c86","e67b95f7-0666-4ad9-bf82-0c69c65da043"]
[debug] &amp#27;[35m[WD Proxy]&amp#27;[39m Matched '/element/9b459288-52ad-4d0c-b75c-666f4bae6c86/attribute/enabled' to command name 'getAttribute'
[debug] &amp#27;[35m[WD Proxy]&amp#27;[39m Proxying [GET /element/9b459288-52ad-4d0c-b75c-666f4bae6c86/attribute/enabled] to [GET http://127.0.0.1:8218/wd/hub/session/e30bd81a-f139-4837-b67f-99a041c747ef/element/9b459288-52ad-4d0c-b75c-666f4bae6c86/attribute/enabled] with no body
[debug] &amp#27;[35m[WD Proxy]&amp#27;[39m Got response with status 200: {"sessionId":"e30bd81a-f139-4837-b67f-99a041c747ef","value":"true"}
[debug] &amp#27;[35m[W3C (e67b95f7)]&amp#27;[39m Responding to client with driver.elementEnabled() result: true
&amp#27;[35m[HTTP]&amp#27;[39m &amp#27;[37m<-- GET /wd/hub/session/e67b95f7-0666-4ad9-bf82-0c69c65da043/element/9b459288-52ad-4d0c-b75c-666f4bae6c86/enabled &amp#27;[39m&amp#27;[32m200&amp#27;[39m &amp#27;[90m49 ms - 14&amp#27;[39m
&amp#27;[35m[HTTP]&amp#27;[39m &amp#27;[90m&amp#27;[39m
&amp#27;[35m[HTTP]&amp#27;[39m &amp#27;[37m-->&amp#27;[39m &amp#27;[37mPOST&amp#27;[39m &amp#27;[37m/wd/hub/session/e67b95f7-0666-4ad9-bf82-0c69c65da043/timeouts&amp#27;[39m
&amp#27;[35m[HTTP]&amp#27;[39m &amp#27;[90m{"implicit":10000}&amp#27;[39m
[debug] &amp#27;[35m[W3C (e67b95f7)]&amp#27;[39m Calling AppiumDriver.timeouts() with args: [null,null,null,null,10000,"e67b95f7-0666-4ad9-bf82-0c69c65da043"]
[debug] &amp#27;[35m[BaseDriver]&amp#27;[39m W3C timeout argument: {"implicit":10000}}
[debug] &amp#27;[35m[BaseDriver]&amp#27;[39m Set implicit wait to 10000ms
[debug] &amp#27;[35m[W3C (e67b95f7)]&amp#27;[39m Responding to client with driver.timeouts() result: null
&amp#27;[35m[HTTP]&amp#27;[39m &amp#27;[37m<-- POST /wd/hub/session/e67b95f7-0666-4ad9-bf82-0c69c65da043/timeouts &amp#27;[39m&amp#27;[32m200&amp#27;[39m &amp#27;[90m2 ms - 14&amp#27;[39m
&amp#27;[35m[HTTP]&amp#27;[39m &amp#27;[90m&amp#27;[39m
&amp#27;[35m[HTTP]&amp#27;[39m &amp#27;[37m-->&amp#27;[39m &amp#27;[37mGET&amp#27;[39m &amp#27;[37m/wd/hub/session/e67b95f7-0666-4ad9-bf82-0c69c65da043&amp#27;[39m
&amp#27;[35m[HTTP]&amp#27;[39m &amp#27;[90m{}&amp#27;[39m
[debug] &amp#27;[35m[W3C (e67b95f7)]&amp#27;[39m Calling AppiumDriver.getSession() with args: ["e67b95f7-0666-4ad9-bf82-0c69c65da043"]
[debug] &amp#27;[35m[UiAutomator2]&amp#27;[39m Getting session details from server to mix in
[debug] &amp#27;[35m[WD Proxy]&amp#27;[39m Matched '/' to command name 'getSession'
[debug] &amp#27;[35m[WD Proxy]&amp#27;[39m Proxying [GET /] to [GET http://127.0.0.1:8218/wd/hub/session/e30bd81a-f139-4837-b67f-99a041c747ef] with no body
[debug] &amp#27;[35m[WD Proxy]&amp#27;[39m Got response with status 200: {"sessionId":"e30bd81a-f139-4837-b67f-99a041c747ef","value":{"lastScrollData":null}}
[debug] &amp#27;[35m[W3C (e67b95f7)]&amp#27;[39m Responding to client with driver.getSession() result: {"platform":"LINUX","webStorageEnabled":false,"takesScreenshot":true,"javascriptEnabled":true,"databaseEnabled":false,"networkConnectionEnabled":true,"locationContextEnabled":false,"warnings":{},"desired":{"platformName":"android","app":"C:\\Users\\Anis\\eclipse-workspace\\Appium\\src\\ApiDemos-debug.apk","deviceName":"Redmi","newCommandTimeout":14},"platformName":"android","app":"C:\\Users\\Anis\\eclipse-workspace\\Appium\\src\\ApiDemos-debug.apk","deviceName":"55272e729804","newCommandTimeout":14,"deviceUDID":"55272e729804","appPackage":"io.appium.android.apis","deviceApiLevel":24,"platformVersion":"7.0","deviceScreenSize":"1080x1920","deviceScreenDensity":480,"deviceModel":"Redmi Note 4","deviceManufacturer":"Xiaomi","pixelRatio":3,"statBarHeight":72,"viewportRect":{"left":0,"top":72,"width":1080,"height":1848},"lastScrollData":null}
&amp#27;[35m[HTTP]&amp#27;[39m &amp#27;[37m<-- GET /wd/hub/session/e67b95f7-0666-4ad9-bf82-0c69c65da043 &amp#27;[39m&amp#27;[32m200&amp#27;[39m &amp#27;[90m11 ms - 858&amp#27;[39m
&amp#27;[35m[HTTP]&amp#27;[39m &amp#27;[90m&amp#27;[39m
&amp#27;[35m[HTTP]&amp#27;[39m &amp#27;[37m-->&amp#27;[39m &amp#27;[37mPOST&amp#27;[39m &amp#27;[37m/wd/hub/session/e67b95f7-0666-4ad9-bf82-0c69c65da043/element&amp#27;[39m
&amp#27;[35m[HTTP]&amp#27;[39m &amp#27;[90m{"using":"xpath","value":"//android.widget.TextView[@content-desc=\"1. Custom Adapter\"]"}&amp#27;[39m
[debug] &amp#27;[35m[W3C (e67b95f7)]&amp#27;[39m Calling AppiumDriver.findElement() with args: ["xpath","//android.widget.TextView[@content-desc=\"1. Custom Adapter\"]","e67b95f7-0666-4ad9-bf82-0c69c65da043"]
[debug] &amp#27;[35m[BaseDriver]&amp#27;[39m Valid locator strategies for this request: xpath, id, class name, accessibility id, css selector, -android uiautomator
[debug] &amp#27;[35m[BaseDriver]&amp#27;[39m Waiting up to 10000 ms for condition
[debug] &amp#27;[35m[WD Proxy]&amp#27;[39m Matched '/element' to command name 'findElement'
[debug] &amp#27;[35m[WD Proxy]&amp#27;[39m Proxying [POST /element] to [POST http://127.0.0.1:8218/wd/hub/session/e30bd81a-f139-4837-b67f-99a041c747ef/element] with body: {"strategy":"xpath","selector":"//android.widget.TextView[@content-desc=\"1. Custom Adapter\"]","context":"","multiple":false}
[debug] &amp#27;[35m[WD Proxy]&amp#27;[39m Got response with status 200: {"sessionId":"e30bd81a-f139-4837-b67f-99a041c747ef","value":{"ELEMENT":"1138ded1-9e47-47fe-9172-71d41b137d78","element-6066-11e4-a52e-4f735466cecf":"1138ded1-9e47-47fe-9172-71d41b137d78"}}
[debug] &amp#27;[35m[W3C (e67b95f7)]&amp#27;[39m Responding to client with driver.findElement() result: {"element-6066-11e4-a52e-4f735466cecf":"1138ded1-9e47-47fe-9172-71d41b137d78","ELEMENT":"1138ded1-9e47-47fe-9172-71d41b137d78"}
&amp#27;[35m[HTTP]&amp#27;[39m &amp#27;[37m<-- POST /wd/hub/session/e67b95f7-0666-4ad9-bf82-0c69c65da043/element &amp#27;[39m&amp#27;[32m200&amp#27;[39m &amp#27;[90m37 ms - 137&amp#27;[39m
&amp#27;[35m[HTTP]&amp#27;[39m &amp#27;[90m&amp#27;[39m
&amp#27;[35m[HTTP]&amp#27;[39m &amp#27;[37m-->&amp#27;[39m &amp#27;[37mPOST&amp#27;[39m &amp#27;[37m/wd/hub/session/e67b95f7-0666-4ad9-bf82-0c69c65da043/element/1138ded1-9e47-47fe-9172-71d41b137d78/click&amp#27;[39m
&amp#27;[35m[HTTP]&amp#27;[39m &amp#27;[90m{"id":"1138ded1-9e47-47fe-9172-71d41b137d78"}&amp#27;[39m
[debug] &amp#27;[35m[W3C (e67b95f7)]&amp#27;[39m Calling AppiumDriver.click() with args: ["1138ded1-9e47-47fe-9172-71d41b137d78","e67b95f7-0666-4ad9-bf82-0c69c65da043"]
[debug] &amp#27;[35m[WD Proxy]&amp#27;[39m Matched '/element/1138ded1-9e47-47fe-9172-71d41b137d78/click' to command name 'click'
[debug] &amp#27;[35m[WD Proxy]&amp#27;[39m Proxying [POST /element/1138ded1-9e47-47fe-9172-71d41b137d78/click] to [POST http://127.0.0.1:8218/wd/hub/session/e30bd81a-f139-4837-b67f-99a041c747ef/element/1138ded1-9e47-47fe-9172-71d41b137d78/click] with body: {"element":"1138ded1-9e47-47fe-9172-71d41b137d78"}
[debug] &amp#27;[35m[WD Proxy]&amp#27;[39m Got response with status 200: {"sessionId":"e30bd81a-f139-4837-b67f-99a041c747ef","value":null}
[debug] &amp#27;[35m[W3C (e67b95f7)]&amp#27;[39m Responding to client with driver.click() result: null
&amp#27;[35m[HTTP]&amp#27;[39m &amp#27;[37m<-- POST /wd/hub/session/e67b95f7-0666-4ad9-bf82-0c69c65da043/element/1138ded1-9e47-47fe-9172-71d41b137d78/click &amp#27;[39m&amp#27;[32m200&amp#27;[39m &amp#27;[90m1575 ms - 14&amp#27;[39m
&amp#27;[35m[HTTP]&amp#27;[39m &amp#27;[90m&amp#27;[39m
[INFO ] 2021-06-18 15:59:53.290 [main] ExplicitWait - Waiting for element to be visible: Located by By.chained({By.xpath: //*[contains(@text,'People Names')]})
[INFO ] 2021-06-18 15:59:53.291 [main] ExplicitWait - Waiting for element to be visible: Located by By.chained({By.xpath: //*[contains(@text,'People Names')]})
&amp#27;[35m[HTTP]&amp#27;[39m &amp#27;[37m-->&amp#27;[39m &amp#27;[37mPOST&amp#27;[39m &amp#27;[37m/wd/hub/session/e67b95f7-0666-4ad9-bf82-0c69c65da043/timeouts&amp#27;[39m
&amp#27;[35m[HTTP]&amp#27;[39m &amp#27;[90m{"implicit":0}&amp#27;[39m
[debug] &amp#27;[35m[W3C (e67b95f7)]&amp#27;[39m Calling AppiumDriver.timeouts() with args: [null,null,null,null,0,"e67b95f7-0666-4ad9-bf82-0c69c65da043"]
[debug] &amp#27;[35m[BaseDriver]&amp#27;[39m W3C timeout argument: {"implicit":0}}
[debug] &amp#27;[35m[BaseDriver]&amp#27;[39m Set implicit wait to 0ms
[debug] &amp#27;[35m[W3C (e67b95f7)]&amp#27;[39m Responding to client with driver.timeouts() result: null
&amp#27;[35m[HTTP]&amp#27;[39m &amp#27;[37m<-- POST /wd/hub/session/e67b95f7-0666-4ad9-bf82-0c69c65da043/timeouts &amp#27;[39m&amp#27;[32m200&amp#27;[39m &amp#27;[90m2 ms - 14&amp#27;[39m
&amp#27;[35m[HTTP]&amp#27;[39m &amp#27;[90m&amp#27;[39m
&amp#27;[35m[HTTP]&amp#27;[39m &amp#27;[37m-->&amp#27;[39m &amp#27;[37mGET&amp#27;[39m &amp#27;[37m/wd/hub/session/e67b95f7-0666-4ad9-bf82-0c69c65da043&amp#27;[39m
&amp#27;[35m[HTTP]&amp#27;[39m &amp#27;[90m{}&amp#27;[39m
[debug] &amp#27;[35m[W3C (e67b95f7)]&amp#27;[39m Calling AppiumDriver.getSession() with args: ["e67b95f7-0666-4ad9-bf82-0c69c65da043"]
[debug] &amp#27;[35m[UiAutomator2]&amp#27;[39m Getting session details from server to mix in
[debug] &amp#27;[35m[WD Proxy]&amp#27;[39m Matched '/' to command name 'getSession'
[debug] &amp#27;[35m[WD Proxy]&amp#27;[39m Proxying [GET /] to [GET http://127.0.0.1:8218/wd/hub/session/e30bd81a-f139-4837-b67f-99a041c747ef] with no body
[debug] &amp#27;[35m[WD Proxy]&amp#27;[39m Got response with status 200: {"sessionId":"e30bd81a-f139-4837-b67f-99a041c747ef","value":{"lastScrollData":null}}
[debug] &amp#27;[35m[W3C (e67b95f7)]&amp#27;[39m Responding to client with driver.getSession() result: {"platform":"LINUX","webStorageEnabled":false,"takesScreenshot":true,"javascriptEnabled":true,"databaseEnabled":false,"networkConnectionEnabled":true,"locationContextEnabled":false,"warnings":{},"desired":{"platformName":"android","app":"C:\\Users\\Anis\\eclipse-workspace\\Appium\\src\\ApiDemos-debug.apk","deviceName":"Redmi","newCommandTimeout":14},"platformName":"android","app":"C:\\Users\\Anis\\eclipse-workspace\\Appium\\src\\ApiDemos-debug.apk","deviceName":"55272e729804","newCommandTimeout":14,"deviceUDID":"55272e729804","appPackage":"io.appium.android.apis","deviceApiLevel":24,"platformVersion":"7.0","deviceScreenSize":"1080x1920","deviceScreenDensity":480,"deviceModel":"Redmi Note 4","deviceManufacturer":"Xiaomi","pixelRatio":3,"statBarHeight":72,"viewportRect":{"left":0,"top":72,"width":1080,"height":1848},"lastScrollData":null}
&amp#27;[35m[HTTP]&amp#27;[39m &amp#27;[37m<-- GET /wd/hub/session/e67b95f7-0666-4ad9-bf82-0c69c65da043 &amp#27;[39m&amp#27;[32m200&amp#27;[39m &amp#27;[90m15 ms - 858&amp#27;[39m
&amp#27;[35m[HTTP]&amp#27;[39m &amp#27;[90m&amp#27;[39m
&amp#27;[35m[HTTP]&amp#27;[39m &amp#27;[37m-->&amp#27;[39m &amp#27;[37mPOST&amp#27;[39m &amp#27;[37m/wd/hub/session/e67b95f7-0666-4ad9-bf82-0c69c65da043/element&amp#27;[39m
&amp#27;[35m[HTTP]&amp#27;[39m &amp#27;[90m{"using":"xpath","value":"//*[contains(@text,'People Names')]"}&amp#27;[39m
[debug] &amp#27;[35m[W3C (e67b95f7)]&amp#27;[39m Calling AppiumDriver.findElement() with args: ["xpath","//*[contains(@text,'People Names')]","e67b95f7-0666-4ad9-bf82-0c69c65da043"]
[debug] &amp#27;[35m[BaseDriver]&amp#27;[39m Valid locator strategies for this request: xpath, id, class name, accessibility id, css selector, -android uiautomator
[debug] &amp#27;[35m[BaseDriver]&amp#27;[39m Waiting up to 0 ms for condition
[debug] &amp#27;[35m[WD Proxy]&amp#27;[39m Matched '/element' to command name 'findElement'
[debug] &amp#27;[35m[WD Proxy]&amp#27;[39m Proxying [POST /element] to [POST http://127.0.0.1:8218/wd/hub/session/e30bd81a-f139-4837-b67f-99a041c747ef/element] with body: {"strategy":"xpath","selector":"//*[contains(@text,'People Names')]","context":"","multiple":false}
[debug] &amp#27;[35m[WD Proxy]&amp#27;[39m Got response with status 200: {"sessionId":"e30bd81a-f139-4837-b67f-99a041c747ef","value":{"ELEMENT":"6e4fb281-25c3-423c-951f-778597de0eb6","element-6066-11e4-a52e-4f735466cecf":"6e4fb281-25c3-423c-951f-778597de0eb6"}}
[debug] &amp#27;[35m[W3C (e67b95f7)]&amp#27;[39m Responding to client with driver.findElement() result: {"element-6066-11e4-a52e-4f735466cecf":"6e4fb281-25c3-423c-951f-778597de0eb6","ELEMENT":"6e4fb281-25c3-423c-951f-778597de0eb6"}
&amp#27;[35m[HTTP]&amp#27;[39m &amp#27;[37m<-- POST /wd/hub/session/e67b95f7-0666-4ad9-bf82-0c69c65da043/element &amp#27;[39m&amp#27;[32m200&amp#27;[39m &amp#27;[90m63 ms - 137&amp#27;[39m
&amp#27;[35m[HTTP]&amp#27;[39m &amp#27;[90m&amp#27;[39m
&amp#27;[35m[HTTP]&amp#27;[39m &amp#27;[37m-->&amp#27;[39m &amp#27;[37mGET&amp#27;[39m &amp#27;[37m/wd/hub/session/e67b95f7-0666-4ad9-bf82-0c69c65da043/element/6e4fb281-25c3-423c-951f-778597de0eb6/displayed&amp#27;[39m
&amp#27;[35m[HTTP]&amp#27;[39m &amp#27;[90m{}&amp#27;[39m
[debug] &amp#27;[35m[W3C (e67b95f7)]&amp#27;[39m Calling AppiumDriver.elementDisplayed() with args: ["6e4fb281-25c3-423c-951f-778597de0eb6","e67b95f7-0666-4ad9-bf82-0c69c65da043"]
[debug] &amp#27;[35m[WD Proxy]&amp#27;[39m Matched '/element/6e4fb281-25c3-423c-951f-778597de0eb6/attribute/displayed' to command name 'getAttribute'
[debug] &amp#27;[35m[WD Proxy]&amp#27;[39m Proxying [GET /element/6e4fb281-25c3-423c-951f-778597de0eb6/attribute/displayed] to [GET http://127.0.0.1:8218/wd/hub/session/e30bd81a-f139-4837-b67f-99a041c747ef/element/6e4fb281-25c3-423c-951f-778597de0eb6/attribute/displayed] with no body
[debug] &amp#27;[35m[WD Proxy]&amp#27;[39m Got response with status 200: {"sessionId":"e30bd81a-f139-4837-b67f-99a041c747ef","value":"true"}
[debug] &amp#27;[35m[W3C (e67b95f7)]&amp#27;[39m Responding to client with driver.elementDisplayed() result: true
&amp#27;[35m[HTTP]&amp#27;[39m &amp#27;[37m<-- GET /wd/hub/session/e67b95f7-0666-4ad9-bf82-0c69c65da043/element/6e4fb281-25c3-423c-951f-778597de0eb6/displayed &amp#27;[39m&amp#27;[32m200&amp#27;[39m &amp#27;[90m15 ms - 14&amp#27;[39m
&amp#27;[35m[HTTP]&amp#27;[39m &amp#27;[90m&amp#27;[39m
&amp#27;[35m[HTTP]&amp#27;[39m &amp#27;[37m-->&amp#27;[39m &amp#27;[37mPOST&amp#27;[39m &amp#27;[37m/wd/hub/session/e67b95f7-0666-4ad9-bf82-0c69c65da043/timeouts&amp#27;[39m
&amp#27;[35m[HTTP]&amp#27;[39m &amp#27;[90m{"implicit":10000}&amp#27;[39m
[debug] &amp#27;[35m[W3C (e67b95f7)]&amp#27;[39m Calling AppiumDriver.timeouts() with args: [null,null,null,null,10000,"e67b95f7-0666-4ad9-bf82-0c69c65da043"]
[debug] &amp#27;[35m[BaseDriver]&amp#27;[39m W3C timeout argument: {"implicit":10000}}
[debug] &amp#27;[35m[BaseDriver]&amp#27;[39m Set implicit wait to 10000ms
[debug] &amp#27;[35m[W3C (e67b95f7)]&amp#27;[39m Responding to client with driver.timeouts() result: null
&amp#27;[35m[HTTP]&amp#27;[39m &amp#27;[37m<-- POST /wd/hub/session/e67b95f7-0666-4ad9-bf82-0c69c65da043/timeouts &amp#27;[39m&amp#27;[32m200&amp#27;[39m &amp#27;[90m2 ms - 14&amp#27;[39m
&amp#27;[35m[HTTP]&amp#27;[39m &amp#27;[90m&amp#27;[39m
[INFO ] 2021-06-18 15:59:53.429 [main] ViewsPage - Clicks The People Names
[INFO ] 2021-06-18 15:59:53.429 [main] ExplicitWait - Waiting for element to be clickable: Located by By.chained({By.xpath: //*[contains(@text,'People Names')]})
&amp#27;[35m[HTTP]&amp#27;[39m &amp#27;[37m-->&amp#27;[39m &amp#27;[37mPOST&amp#27;[39m &amp#27;[37m/wd/hub/session/e67b95f7-0666-4ad9-bf82-0c69c65da043/timeouts&amp#27;[39m
&amp#27;[35m[HTTP]&amp#27;[39m &amp#27;[90m{"implicit":0}&amp#27;[39m
[debug] &amp#27;[35m[W3C (e67b95f7)]&amp#27;[39m Calling AppiumDriver.timeouts() with args: [null,null,null,null,0,"e67b95f7-0666-4ad9-bf82-0c69c65da043"]
[debug] &amp#27;[35m[BaseDriver]&amp#27;[39m W3C timeout argument: {"implicit":0}}
[debug] &amp#27;[35m[BaseDriver]&amp#27;[39m Set implicit wait to 0ms
[debug] &amp#27;[35m[W3C (e67b95f7)]&amp#27;[39m Responding to client with driver.timeouts() result: null
&amp#27;[35m[HTTP]&amp#27;[39m &amp#27;[37m<-- POST /wd/hub/session/e67b95f7-0666-4ad9-bf82-0c69c65da043/timeouts &amp#27;[39m&amp#27;[32m200&amp#27;[39m &amp#27;[90m2 ms - 14&amp#27;[39m
&amp#27;[35m[HTTP]&amp#27;[39m &amp#27;[90m&amp#27;[39m
&amp#27;[35m[HTTP]&amp#27;[39m &amp#27;[37m-->&amp#27;[39m &amp#27;[37mGET&amp#27;[39m &amp#27;[37m/wd/hub/session/e67b95f7-0666-4ad9-bf82-0c69c65da043&amp#27;[39m
&amp#27;[35m[HTTP]&amp#27;[39m &amp#27;[90m{}&amp#27;[39m
[debug] &amp#27;[35m[W3C (e67b95f7)]&amp#27;[39m Calling AppiumDriver.getSession() with args: ["e67b95f7-0666-4ad9-bf82-0c69c65da043"]
[debug] &amp#27;[35m[UiAutomator2]&amp#27;[39m Getting session details from server to mix in
[debug] &amp#27;[35m[WD Proxy]&amp#27;[39m Matched '/' to command name 'getSession'
[debug] &amp#27;[35m[WD Proxy]&amp#27;[39m Proxying [GET /] to [GET http://127.0.0.1:8218/wd/hub/session/e30bd81a-f139-4837-b67f-99a041c747ef] with no body
[debug] &amp#27;[35m[WD Proxy]&amp#27;[39m Got response with status 200: {"sessionId":"e30bd81a-f139-4837-b67f-99a041c747ef","value":{"lastScrollData":null}}
[debug] &amp#27;[35m[W3C (e67b95f7)]&amp#27;[39m Responding to client with driver.getSession() result: {"platform":"LINUX","webStorageEnabled":false,"takesScreenshot":true,"javascriptEnabled":true,"databaseEnabled":false,"networkConnectionEnabled":true,"locationContextEnabled":false,"warnings":{},"desired":{"platformName":"android","app":"C:\\Users\\Anis\\eclipse-workspace\\Appium\\src\\ApiDemos-debug.apk","deviceName":"Redmi","newCommandTimeout":14},"platformName":"android","app":"C:\\Users\\Anis\\eclipse-workspace\\Appium\\src\\ApiDemos-debug.apk","deviceName":"55272e729804","newCommandTimeout":14,"deviceUDID":"55272e729804","appPackage":"io.appium.android.apis","deviceApiLevel":24,"platformVersion":"7.0","deviceScreenSize":"1080x1920","deviceScreenDensity":480,"deviceModel":"Redmi Note 4","deviceManufacturer":"Xiaomi","pixelRatio":3,"statBarHeight":72,"viewportRect":{"left":0,"top":72,"width":1080,"height":1848},"lastScrollData":null}
&amp#27;[35m[HTTP]&amp#27;[39m &amp#27;[37m<-- GET /wd/hub/session/e67b95f7-0666-4ad9-bf82-0c69c65da043 &amp#27;[39m&amp#27;[32m200&amp#27;[39m &amp#27;[90m12 ms - 858&amp#27;[39m
&amp#27;[35m[HTTP]&amp#27;[39m &amp#27;[90m&amp#27;[39m
&amp#27;[35m[HTTP]&amp#27;[39m &amp#27;[37m-->&amp#27;[39m &amp#27;[37mPOST&amp#27;[39m &amp#27;[37m/wd/hub/session/e67b95f7-0666-4ad9-bf82-0c69c65da043/element&amp#27;[39m
&amp#27;[35m[HTTP]&amp#27;[39m &amp#27;[90m{"using":"xpath","value":"//*[contains(@text,'People Names')]"}&amp#27;[39m
[debug] &amp#27;[35m[W3C (e67b95f7)]&amp#27;[39m Calling AppiumDriver.findElement() with args: ["xpath","//*[contains(@text,'People Names')]","e67b95f7-0666-4ad9-bf82-0c69c65da043"]
[debug] &amp#27;[35m[BaseDriver]&amp#27;[39m Valid locator strategies for this request: xpath, id, class name, accessibility id, css selector, -android uiautomator
[debug] &amp#27;[35m[BaseDriver]&amp#27;[39m Waiting up to 0 ms for condition
[debug] &amp#27;[35m[WD Proxy]&amp#27;[39m Matched '/element' to command name 'findElement'
[debug] &amp#27;[35m[WD Proxy]&amp#27;[39m Proxying [POST /element] to [POST http://127.0.0.1:8218/wd/hub/session/e30bd81a-f139-4837-b67f-99a041c747ef/element] with body: {"strategy":"xpath","selector":"//*[contains(@text,'People Names')]","context":"","multiple":false}
[debug] &amp#27;[35m[WD Proxy]&amp#27;[39m Got response with status 200: {"sessionId":"e30bd81a-f139-4837-b67f-99a041c747ef","value":{"ELEMENT":"a704ffb3-06de-4082-9d55-2bfb94f9db16","element-6066-11e4-a52e-4f735466cecf":"a704ffb3-06de-4082-9d55-2bfb94f9db16"}}
[debug] &amp#27;[35m[W3C (e67b95f7)]&amp#27;[39m Responding to client with driver.findElement() result: {"element-6066-11e4-a52e-4f735466cecf":"a704ffb3-06de-4082-9d55-2bfb94f9db16","ELEMENT":"a704ffb3-06de-4082-9d55-2bfb94f9db16"}
&amp#27;[35m[HTTP]&amp#27;[39m &amp#27;[37m<-- POST /wd/hub/session/e67b95f7-0666-4ad9-bf82-0c69c65da043/element &amp#27;[39m&amp#27;[32m200&amp#27;[39m &amp#27;[90m46 ms - 137&amp#27;[39m
&amp#27;[35m[HTTP]&amp#27;[39m &amp#27;[90m&amp#27;[39m
&amp#27;[35m[HTTP]&amp#27;[39m &amp#27;[37m-->&amp#27;[39m &amp#27;[37mGET&amp#27;[39m &amp#27;[37m/wd/hub/session/e67b95f7-0666-4ad9-bf82-0c69c65da043/element/a704ffb3-06de-4082-9d55-2bfb94f9db16/displayed&amp#27;[39m
&amp#27;[35m[HTTP]&amp#27;[39m &amp#27;[90m{}&amp#27;[39m
[debug] &amp#27;[35m[W3C (e67b95f7)]&amp#27;[39m Calling AppiumDriver.elementDisplayed() with args: ["a704ffb3-06de-4082-9d55-2bfb94f9db16","e67b95f7-0666-4ad9-bf82-0c69c65da043"]
[debug] &amp#27;[35m[WD Proxy]&amp#27;[39m Matched '/element/a704ffb3-06de-4082-9d55-2bfb94f9db16/attribute/displayed' to command name 'getAttribute'
[debug] &amp#27;[35m[WD Proxy]&amp#27;[39m Proxying [GET /element/a704ffb3-06de-4082-9d55-2bfb94f9db16/attribute/displayed] to [GET http://127.0.0.1:8218/wd/hub/session/e30bd81a-f139-4837-b67f-99a041c747ef/element/a704ffb3-06de-4082-9d55-2bfb94f9db16/attribute/displayed] with no body
[debug] &amp#27;[35m[WD Proxy]&amp#27;[39m Got response with status 200: {"sessionId":"e30bd81a-f139-4837-b67f-99a041c747ef","value":"true"}
[debug] &amp#27;[35m[W3C (e67b95f7)]&amp#27;[39m Responding to client with driver.elementDisplayed() result: true
&amp#27;[35m[HTTP]&amp#27;[39m &amp#27;[37m<-- GET /wd/hub/session/e67b95f7-0666-4ad9-bf82-0c69c65da043/element/a704ffb3-06de-4082-9d55-2bfb94f9db16/displayed &amp#27;[39m&amp#27;[32m200&amp#27;[39m &amp#27;[90m15 ms - 14&amp#27;[39m
&amp#27;[35m[HTTP]&amp#27;[39m &amp#27;[90m&amp#27;[39m
&amp#27;[35m[HTTP]&amp#27;[39m &amp#27;[37m-->&amp#27;[39m &amp#27;[37mGET&amp#27;[39m &amp#27;[37m/wd/hub/session/e67b95f7-0666-4ad9-bf82-0c69c65da043&amp#27;[39m
&amp#27;[35m[HTTP]&amp#27;[39m &amp#27;[90m{}&amp#27;[39m
[debug] &amp#27;[35m[W3C (e67b95f7)]&amp#27;[39m Calling AppiumDriver.getSession() with args: ["e67b95f7-0666-4ad9-bf82-0c69c65da043"]
[debug] &amp#27;[35m[UiAutomator2]&amp#27;[39m Getting session details from server to mix in
[debug] &amp#27;[35m[WD Proxy]&amp#27;[39m Matched '/' to command name 'getSession'
[debug] &amp#27;[35m[WD Proxy]&amp#27;[39m Proxying [GET /] to [GET http://127.0.0.1:8218/wd/hub/session/e30bd81a-f139-4837-b67f-99a041c747ef] with no body
[debug] &amp#27;[35m[WD Proxy]&amp#27;[39m Got response with status 200: {"sessionId":"e30bd81a-f139-4837-b67f-99a041c747ef","value":{"lastScrollData":null}}
[debug] &amp#27;[35m[W3C (e67b95f7)]&amp#27;[39m Responding to client with driver.getSession() result: {"platform":"LINUX","webStorageEnabled":false,"takesScreenshot":true,"javascriptEnabled":true,"databaseEnabled":false,"networkConnectionEnabled":true,"locationContextEnabled":false,"warnings":{},"desired":{"platformName":"android","app":"C:\\Users\\Anis\\eclipse-workspace\\Appium\\src\\ApiDemos-debug.apk","deviceName":"Redmi","newCommandTimeout":14},"platformName":"android","app":"C:\\Users\\Anis\\eclipse-workspace\\Appium\\src\\ApiDemos-debug.apk","deviceName":"55272e729804","newCommandTimeout":14,"deviceUDID":"55272e729804","appPackage":"io.appium.android.apis","deviceApiLevel":24,"platformVersion":"7.0","deviceScreenSize":"1080x1920","deviceScreenDensity":480,"deviceModel":"Redmi Note 4","deviceManufacturer":"Xiaomi","pixelRatio":3,"statBarHeight":72,"viewportRect":{"left":0,"top":72,"width":1080,"height":1848},"lastScrollData":null}
&amp#27;[35m[HTTP]&amp#27;[39m &amp#27;[37m<-- GET /wd/hub/session/e67b95f7-0666-4ad9-bf82-0c69c65da043 &amp#27;[39m&amp#27;[32m200&amp#27;[39m &amp#27;[90m13 ms - 858&amp#27;[39m
&amp#27;[35m[HTTP]&amp#27;[39m &amp#27;[90m&amp#27;[39m
&amp#27;[35m[HTTP]&amp#27;[39m &amp#27;[37m-->&amp#27;[39m &amp#27;[37mPOST&amp#27;[39m &amp#27;[37m/wd/hub/session/e67b95f7-0666-4ad9-bf82-0c69c65da043/element&amp#27;[39m
&amp#27;[35m[HTTP]&amp#27;[39m &amp#27;[90m{"using":"xpath","value":"//*[contains(@text,'People Names')]"}&amp#27;[39m
[debug] &amp#27;[35m[W3C (e67b95f7)]&amp#27;[39m Calling AppiumDriver.findElement() with args: ["xpath","//*[contains(@text,'People Names')]","e67b95f7-0666-4ad9-bf82-0c69c65da043"]
[debug] &amp#27;[35m[BaseDriver]&amp#27;[39m Valid locator strategies for this request: xpath, id, class name, accessibility id, css selector, -android uiautomator
[debug] &amp#27;[35m[BaseDriver]&amp#27;[39m Waiting up to 0 ms for condition
[debug] &amp#27;[35m[WD Proxy]&amp#27;[39m Matched '/element' to command name 'findElement'
[debug] &amp#27;[35m[WD Proxy]&amp#27;[39m Proxying [POST /element] to [POST http://127.0.0.1:8218/wd/hub/session/e30bd81a-f139-4837-b67f-99a041c747ef/element] with body: {"strategy":"xpath","selector":"//*[contains(@text,'People Names')]","context":"","multiple":false}
[debug] &amp#27;[35m[WD Proxy]&amp#27;[39m Got response with status 200: {"sessionId":"e30bd81a-f139-4837-b67f-99a041c747ef","value":{"ELEMENT":"4500bebd-3607-4c4d-9e43-6a3b400af30e","element-6066-11e4-a52e-4f735466cecf":"4500bebd-3607-4c4d-9e43-6a3b400af30e"}}
[debug] &amp#27;[35m[W3C (e67b95f7)]&amp#27;[39m Responding to client with driver.findElement() result: {"element-6066-11e4-a52e-4f735466cecf":"4500bebd-3607-4c4d-9e43-6a3b400af30e","ELEMENT":"4500bebd-3607-4c4d-9e43-6a3b400af30e"}
&amp#27;[35m[HTTP]&amp#27;[39m &amp#27;[37m<-- POST /wd/hub/session/e67b95f7-0666-4ad9-bf82-0c69c65da043/element &amp#27;[39m&amp#27;[32m200&amp#27;[39m &amp#27;[90m49 ms - 137&amp#27;[39m
&amp#27;[35m[HTTP]&amp#27;[39m &amp#27;[90m&amp#27;[39m
&amp#27;[35m[HTTP]&amp#27;[39m &amp#27;[37m-->&amp#27;[39m &amp#27;[37mGET&amp#27;[39m &amp#27;[37m/wd/hub/session/e67b95f7-0666-4ad9-bf82-0c69c65da043/element/4500bebd-3607-4c4d-9e43-6a3b400af30e/enabled&amp#27;[39m
&amp#27;[35m[HTTP]&amp#27;[39m &amp#27;[90m{}&amp#27;[39m
[debug] &amp#27;[35m[W3C (e67b95f7)]&amp#27;[39m Calling AppiumDriver.elementEnabled() with args: ["4500bebd-3607-4c4d-9e43-6a3b400af30e","e67b95f7-0666-4ad9-bf82-0c69c65da043"]
[debug] &amp#27;[35m[WD Proxy]&amp#27;[39m Matched '/element/4500bebd-3607-4c4d-9e43-6a3b400af30e/attribute/enabled' to command name 'getAttribute'
[debug] &amp#27;[35m[WD Proxy]&amp#27;[39m Proxying [GET /element/4500bebd-3607-4c4d-9e43-6a3b400af30e/attribute/enabled] to [GET http://127.0.0.1:8218/wd/hub/session/e30bd81a-f139-4837-b67f-99a041c747ef/element/4500bebd-3607-4c4d-9e43-6a3b400af30e/attribute/enabled] with no body
[debug] &amp#27;[35m[WD Proxy]&amp#27;[39m Got response with status 200: {"sessionId":"e30bd81a-f139-4837-b67f-99a041c747ef","value":"true"}
[debug] &amp#27;[35m[W3C (e67b95f7)]&amp#27;[39m Responding to client with driver.elementEnabled() result: true
&amp#27;[35m[HTTP]&amp#27;[39m &amp#27;[37m<-- GET /wd/hub/session/e67b95f7-0666-4ad9-bf82-0c69c65da043/element/4500bebd-3607-4c4d-9e43-6a3b400af30e/enabled &amp#27;[39m&amp#27;[32m200&amp#27;[39m &amp#27;[90m43 ms - 14&amp#27;[39m
&amp#27;[35m[HTTP]&amp#27;[39m &amp#27;[90m&amp#27;[39m
&amp#27;[35m[HTTP]&amp#27;[39m &amp#27;[37m-->&amp#27;[39m &amp#27;[37mPOST&amp#27;[39m &amp#27;[37m/wd/hub/session/e67b95f7-0666-4ad9-bf82-0c69c65da043/timeouts&amp#27;[39m
&amp#27;[35m[HTTP]&amp#27;[39m &amp#27;[90m{"implicit":10000}&amp#27;[39m
[debug] &amp#27;[35m[W3C (e67b95f7)]&amp#27;[39m Calling AppiumDriver.timeouts() with args: [null,null,null,null,10000,"e67b95f7-0666-4ad9-bf82-0c69c65da043"]
[debug] &amp#27;[35m[BaseDriver]&amp#27;[39m W3C timeout argument: {"implicit":10000}}
[debug] &amp#27;[35m[BaseDriver]&amp#27;[39m Set implicit wait to 10000ms
[debug] &amp#27;[35m[W3C (e67b95f7)]&amp#27;[39m Responding to client with driver.timeouts() result: null
&amp#27;[35m[HTTP]&amp#27;[39m &amp#27;[37m<-- POST /wd/hub/session/e67b95f7-0666-4ad9-bf82-0c69c65da043/timeouts &amp#27;[39m&amp#27;[32m200&amp#27;[39m &amp#27;[90m2 ms - 14&amp#27;[39m
&amp#27;[35m[HTTP]&amp#27;[39m &amp#27;[90m&amp#27;[39m
&amp#27;[35m[HTTP]&amp#27;[39m &amp#27;[37m-->&amp#27;[39m &amp#27;[37mGET&amp#27;[39m &amp#27;[37m/wd/hub/session/e67b95f7-0666-4ad9-bf82-0c69c65da043&amp#27;[39m
&amp#27;[35m[HTTP]&amp#27;[39m &amp#27;[90m{}&amp#27;[39m
[debug] &amp#27;[35m[W3C (e67b95f7)]&amp#27;[39m Calling AppiumDriver.getSession() with args: ["e67b95f7-0666-4ad9-bf82-0c69c65da043"]
[debug] &amp#27;[35m[UiAutomator2]&amp#27;[39m Getting session details from server to mix in
[debug] &amp#27;[35m[WD Proxy]&amp#27;[39m Matched '/' to command name 'getSession'
[debug] &amp#27;[35m[WD Proxy]&amp#27;[39m Proxying [GET /] to [GET http://127.0.0.1:8218/wd/hub/session/e30bd81a-f139-4837-b67f-99a041c747ef] with no body
[debug] &amp#27;[35m[WD Proxy]&amp#27;[39m Got response with status 200: {"sessionId":"e30bd81a-f139-4837-b67f-99a041c747ef","value":{"lastScrollData":null}}
[debug] &amp#27;[35m[W3C (e67b95f7)]&amp#27;[39m Responding to client with driver.getSession() result: {"platform":"LINUX","webStorageEnabled":false,"takesScreenshot":true,"javascriptEnabled":true,"databaseEnabled":false,"networkConnectionEnabled":true,"locationContextEnabled":false,"warnings":{},"desired":{"platformName":"android","app":"C:\\Users\\Anis\\eclipse-workspace\\Appium\\src\\ApiDemos-debug.apk","deviceName":"Redmi","newCommandTimeout":14},"platformName":"android","app":"C:\\Users\\Anis\\eclipse-workspace\\Appium\\src\\ApiDemos-debug.apk","deviceName":"55272e729804","newCommandTimeout":14,"deviceUDID":"55272e729804","appPackage":"io.appium.android.apis","deviceApiLevel":24,"platformVersion":"7.0","deviceScreenSize":"1080x1920","deviceScreenDensity":480,"deviceModel":"Redmi Note 4","deviceManufacturer":"Xiaomi","pixelRatio":3,"statBarHeight":72,"viewportRect":{"left":0,"top":72,"width":1080,"height":1848},"lastScrollData":null}
&amp#27;[35m[HTTP]&amp#27;[39m &amp#27;[37m<-- GET /wd/hub/session/e67b95f7-0666-4ad9-bf82-0c69c65da043 &amp#27;[39m&amp#27;[32m200&amp#27;[39m &amp#27;[90m12 ms - 858&amp#27;[39m
&amp#27;[35m[HTTP]&amp#27;[39m &amp#27;[90m&amp#27;[39m
&amp#27;[35m[HTTP]&amp#27;[39m &amp#27;[37m-->&amp#27;[39m &amp#27;[37mPOST&amp#27;[39m &amp#27;[37m/wd/hub/session/e67b95f7-0666-4ad9-bf82-0c69c65da043/element&amp#27;[39m
&amp#27;[35m[HTTP]&amp#27;[39m &amp#27;[90m{"using":"xpath","value":"//*[contains(@text,'People Names')]"}&amp#27;[39m
[debug] &amp#27;[35m[W3C (e67b95f7)]&amp#27;[39m Calling AppiumDriver.findElement() with args: ["xpath","//*[contains(@text,'People Names')]","e67b95f7-0666-4ad9-bf82-0c69c65da043"]
[debug] &amp#27;[35m[BaseDriver]&amp#27;[39m Valid locator strategies for this request: xpath, id, class name, accessibility id, css selector, -android uiautomator
[debug] &amp#27;[35m[BaseDriver]&amp#27;[39m Waiting up to 10000 ms for condition
[debug] &amp#27;[35m[WD Proxy]&amp#27;[39m Matched '/element' to command name 'findElement'
[debug] &amp#27;[35m[WD Proxy]&amp#27;[39m Proxying [POST /element] to [POST http://127.0.0.1:8218/wd/hub/session/e30bd81a-f139-4837-b67f-99a041c747ef/element] with body: {"strategy":"xpath","selector":"//*[contains(@text,'People Names')]","context":"","multiple":false}
[debug] &amp#27;[35m[WD Proxy]&amp#27;[39m Got response with status 200: {"sessionId":"e30bd81a-f139-4837-b67f-99a041c747ef","value":{"ELEMENT":"9c64e9f9-4dea-42a2-a256-dcd1cf91064c","element-6066-11e4-a52e-4f735466cecf":"9c64e9f9-4dea-42a2-a256-dcd1cf91064c"}}
[debug] &amp#27;[35m[W3C (e67b95f7)]&amp#27;[39m Responding to client with driver.findElement() result: {"element-6066-11e4-a52e-4f735466cecf":"9c64e9f9-4dea-42a2-a256-dcd1cf91064c","ELEMENT":"9c64e9f9-4dea-42a2-a256-dcd1cf91064c"}
&amp#27;[35m[HTTP]&amp#27;[39m &amp#27;[37m<-- POST /wd/hub/session/e67b95f7-0666-4ad9-bf82-0c69c65da043/element &amp#27;[39m&amp#27;[32m200&amp#27;[39m &amp#27;[90m66 ms - 137&amp#27;[39m
&amp#27;[35m[HTTP]&amp#27;[39m &amp#27;[90m&amp#27;[39m
&amp#27;[35m[HTTP]&amp#27;[39m &amp#27;[37m-->&amp#27;[39m &amp#27;[37mPOST&amp#27;[39m &amp#27;[37m/wd/hub/session/e67b95f7-0666-4ad9-bf82-0c69c65da043/element/9c64e9f9-4dea-42a2-a256-dcd1cf91064c/click&amp#27;[39m
&amp#27;[35m[HTTP]&amp#27;[39m &amp#27;[90m{"id":"9c64e9f9-4dea-42a2-a256-dcd1cf91064c"}&amp#27;[39m
[debug] &amp#27;[35m[W3C (e67b95f7)]&amp#27;[39m Calling AppiumDriver.click() with args: ["9c64e9f9-4dea-42a2-a256-dcd1cf91064c","e67b95f7-0666-4ad9-bf82-0c69c65da043"]
[debug] &amp#27;[35m[WD Proxy]&amp#27;[39m Matched '/element/9c64e9f9-4dea-42a2-a256-dcd1cf91064c/click' to command name 'click'
[debug] &amp#27;[35m[WD Proxy]&amp#27;[39m Proxying [POST /element/9c64e9f9-4dea-42a2-a256-dcd1cf91064c/click] to [POST http://127.0.0.1:8218/wd/hub/session/e30bd81a-f139-4837-b67f-99a041c747ef/element/9c64e9f9-4dea-42a2-a256-dcd1cf91064c/click] with body: {"element":"9c64e9f9-4dea-42a2-a256-dcd1cf91064c"}
[debug] &amp#27;[35m[WD Proxy]&amp#27;[39m Got response with status 200: {"sessionId":"e30bd81a-f139-4837-b67f-99a041c747ef","value":null}
[debug] &amp#27;[35m[W3C (e67b95f7)]&amp#27;[39m Responding to client with driver.click() result: null
&amp#27;[35m[HTTP]&amp#27;[39m &amp#27;[37m<-- POST /wd/hub/session/e67b95f7-0666-4ad9-bf82-0c69c65da043/element/9c64e9f9-4dea-42a2-a256-dcd1cf91064c/click &amp#27;[39m&amp#27;[32m200&amp#27;[39m &amp#27;[90m1589 ms - 14&amp#27;[39m
&amp#27;[35m[HTTP]&amp#27;[39m &amp#27;[90m&amp#27;[39m
&amp#27;[35m[HTTP]&amp#27;[39m &amp#27;[37m-->&amp#27;[39m &amp#27;[37mPOST&amp#27;[39m &amp#27;[37m/wd/hub/session/e67b95f7-0666-4ad9-bf82-0c69c65da043/back&amp#27;[39m
&amp#27;[35m[HTTP]&amp#27;[39m &amp#27;[90m{}&amp#27;[39m
&amp#27;[35m[W3C (e67b95f7)]&amp#27;[39m Driver proxy active, passing request on via HTTP proxy
[debug] &amp#27;[35m[WD Proxy]&amp#27;[39m Matched '/wd/hub/session/e67b95f7-0666-4ad9-bf82-0c69c65da043/back' to command name 'back'
[debug] &amp#27;[35m[WD Proxy]&amp#27;[39m Proxying [POST /wd/hub/session/e67b95f7-0666-4ad9-bf82-0c69c65da043/back] to [POST http://127.0.0.1:8218/wd/hub/session/e30bd81a-f139-4837-b67f-99a041c747ef/back] with body: {}
[debug] &amp#27;[35m[WD Proxy]&amp#27;[39m Got response with status 200: {"sessionId":"e30bd81a-f139-4837-b67f-99a041c747ef","value":null}
&amp#27;[35m[WD Proxy]&amp#27;[39m Replacing sessionId e30bd81a-f139-4837-b67f-99a041c747ef with e67b95f7-0666-4ad9-bf82-0c69c65da043
&amp#27;[35m[HTTP]&amp#27;[39m &amp#27;[37m<-- POST /wd/hub/session/e67b95f7-0666-4ad9-bf82-0c69c65da043/back &amp#27;[39m&amp#27;[32m200&amp#27;[39m &amp#27;[90m431 ms - 65&amp#27;[39m
&amp#27;[35m[HTTP]&amp#27;[39m &amp#27;[90m&amp#27;[39m
&amp#27;[35m[HTTP]&amp#27;[39m &amp#27;[37m-->&amp#27;[39m &amp#27;[37mPOST&amp#27;[39m &amp#27;[37m/wd/hub/session/e67b95f7-0666-4ad9-bf82-0c69c65da043/back&amp#27;[39m
&amp#27;[35m[HTTP]&amp#27;[39m &amp#27;[90m{}&amp#27;[39m
&amp#27;[35m[W3C (e67b95f7)]&amp#27;[39m Driver proxy active, passing request on via HTTP proxy
[debug] &amp#27;[35m[WD Proxy]&amp#27;[39m Matched '/wd/hub/session/e67b95f7-0666-4ad9-bf82-0c69c65da043/back' to command name 'back'
[debug] &amp#27;[35m[WD Proxy]&amp#27;[39m Proxying [POST /wd/hub/session/e67b95f7-0666-4ad9-bf82-0c69c65da043/back] to [POST http://127.0.0.1:8218/wd/hub/session/e30bd81a-f139-4837-b67f-99a041c747ef/back] with body: {}
[debug] &amp#27;[35m[WD Proxy]&amp#27;[39m Got response with status 200: {"sessionId":"e30bd81a-f139-4837-b67f-99a041c747ef","value":null}
&amp#27;[35m[WD Proxy]&amp#27;[39m Replacing sessionId e30bd81a-f139-4837-b67f-99a041c747ef with e67b95f7-0666-4ad9-bf82-0c69c65da043
&amp#27;[35m[HTTP]&amp#27;[39m &amp#27;[37m<-- POST /wd/hub/s[INFO ] 2021-06-18 15:59:57.829 [main] ExplicitWait - Waiting for element to be visible: Located by By.chained({By.xpath: //android.widget.TextView[@content-desc="Controls"]})
ession/e67b95f7-0666-4ad9-bf82-0c69c65da043/back &amp#27;[39m&amp#27;[32m200&amp#27;[39m &amp#27;[90m2009[INFO ] 2021-06-18 15:59:57.829 [main] ExplicitWait - Waiting for element to be visible: Located by By.chained({By.xpath: //android.widget.TextView[@content-desc="Controls"]})
 ms - 65&amp#27;[39m
&amp#27;[35m[HTTP]&amp#27;[39m &amp#27;[90m&amp#27;[39m
&amp#27;[35m[HTTP]&amp#27;[39m &amp#27;[37m-->&amp#27;[39m &amp#27;[37mPOST&amp#27;[39m &amp#27;[37m/wd/hub/session/e67b95f7-0666-4ad9-bf82-0c69c65da043/timeouts&amp#27;[39m
&amp#27;[35m[HTTP]&amp#27;[39m &amp#27;[90m{"implicit":0}&amp#27;[39m
[debug] &amp#27;[35m[W3C (e67b95f7)]&amp#27;[39m Calling AppiumDriver.timeouts() with args: [null,null,null,null,0,"e67b95f7-0666-4ad9-bf82-0c69c65da043"]
[debug] &amp#27;[35m[BaseDriver]&amp#27;[39m W3C timeout argument: {"implicit":0}}
[debug] &amp#27;[35m[BaseDriver]&amp#27;[39m Set implicit wait to 0ms
[debug] &amp#27;[35m[W3C (e67b95f7)]&amp#27;[39m Responding to client with driver.timeouts() result: null
&amp#27;[35m[HTTP]&amp#27;[39m &amp#27;[37m<-- POST /wd/hub/session/e67b95f7-0666-4ad9-bf82-0c69c65da043/timeouts &amp#27;[39m&amp#27;[32m200&amp#27;[39m &amp#27;[90m3 ms - 14&amp#27;[39m
&amp#27;[35m[HTTP]&amp#27;[39m &amp#27;[90m&amp#27;[39m
&amp#27;[35m[HTTP]&amp#27;[39m &amp#27;[37m-->&amp#27;[39m &amp#27;[37mGET&amp#27;[39m &amp#27;[37m/wd/hub/session/e67b95f7-0666-4ad9-bf82-0c69c65da043&amp#27;[39m
&amp#27;[35m[HTTP]&amp#27;[39m &amp#27;[90m{}&amp#27;[39m
[debug] &amp#27;[35m[W3C (e67b95f7)]&amp#27;[39m Calling AppiumDriver.getSession() with args: ["e67b95f7-0666-4ad9-bf82-0c69c65da043"]
[debug] &amp#27;[35m[UiAutomator2]&amp#27;[39m Getting session details from server to mix in
[debug] &amp#27;[35m[WD Proxy]&amp#27;[39m Matched '/' to command name 'getSession'
[debug] &amp#27;[35m[WD Proxy]&amp#27;[39m Proxying [GET /] to [GET http://127.0.0.1:8218/wd/hub/session/e30bd81a-f139-4837-b67f-99a041c747ef] with no body
[debug] &amp#27;[35m[WD Proxy]&amp#27;[39m Got response with status 200: {"sessionId":"e30bd81a-f139-4837-b67f-99a041c747ef","value":{"lastScrollData":null}}
[debug] &amp#27;[35m[W3C (e67b95f7)]&amp#27;[39m Responding to client with driver.getSession() result: {"platform":"LINUX","webStorageEnabled":false,"takesScreenshot":true,"javascriptEnabled":true,"databaseEnabled":false,"networkConnectionEnabled":true,"locationContextEnabled":false,"warnings":{},"desired":{"platformName":"android","app":"C:\\Users\\Anis\\eclipse-workspace\\Appium\\src\\ApiDemos-debug.apk","deviceName":"Redmi","newCommandTimeout":14},"platformName":"android","app":"C:\\Users\\Anis\\eclipse-workspace\\Appium\\src\\ApiDemos-debug.apk","deviceName":"55272e729804","newCommandTimeout":14,"deviceUDID":"55272e729804","appPackage":"io.appium.android.apis","deviceApiLevel":24,"platformVersion":"7.0","deviceScreenSize":"1080x1920","deviceScreenDensity":480,"deviceModel":"Redmi Note 4","deviceManufacturer":"Xiaomi","pixelRatio":3,"statBarHeight":72,"viewportRect":{"left":0,"top":72,"width":1080,"height":1848},"lastScrollData":null}
&amp#27;[35m[HTTP]&amp#27;[39m &amp#27;[37m<-- GET /wd/hub/session/e67b95f7-0666-4ad9-bf82-0c69c65da043 &amp#27;[39m&amp#27;[32m200&amp#27;[39m &amp#27;[90m15 ms - 858&amp#27;[39m
&amp#27;[35m[HTTP]&amp#27;[39m &amp#27;[90m&amp#27;[39m
&amp#27;[35m[HTTP]&amp#27;[39m &amp#27;[37m-->&amp#27;[39m &amp#27;[37mPOST&amp#27;[39m &amp#27;[37m/wd/hub/session/e67b95f7-0666-4ad9-bf82-0c69c65da043/element&amp#27;[39m
&amp#27;[35m[HTTP]&amp#27;[39m &amp#27;[90m{"using":"xpath","value":"//android.widget.TextView[@content-desc=\"Controls\"]"}&amp#27;[39m
[debug] &amp#27;[35m[W3C (e67b95f7)]&amp#27;[39m Calling AppiumDriver.findElement() with args: ["xpath","//android.widget.TextView[@content-desc=\"Controls\"]","e67b95f7-0666-4ad9-bf82-0c69c65da043"]
[debug] &amp#27;[35m[BaseDriver]&amp#27;[39m Valid locator strategies for this request: xpath, id, class name, accessibility id, css selector, -android uiautomator
[debug] &amp#27;[35m[BaseDriver]&amp#27;[39m Waiting up to 0 ms for condition
[debug] &amp#27;[35m[WD Proxy]&amp#27;[39m Matched '/element' to command name 'findElement'
[debug] &amp#27;[35m[WD Proxy]&amp#27;[39m Proxying [POST /element] to [POST http://127.0.0.1:8218/wd/hub/session/e30bd81a-f139-4837-b67f-99a041c747ef/element] with body: {"strategy":"xpath","selector":"//android.widget.TextView[@content-desc=\"Controls\"]","context":"","multiple":false}
[debug] &amp#27;[35m[WD Proxy]&amp#27;[39m Got response with status 200: {"sessionId":"e30bd81a-f139-4837-b67f-99a041c747ef","value":{"ELEMENT":"81e4817f-db2c-455c-bdcf-09596b148eb1","element-6066-11e4-a52e-4f735466cecf":"81e4817f-db2c-455c-bdcf-09596b148eb1"}}
[debug] &amp#27;[35m[W3C (e67b95f7)]&amp#27;[39m Responding to client with driver.findElement() result: {"element-6066-11e4-a52e-4f735466cecf":"81e4817f-db2c-455c-bdcf-09596b148eb1","ELEMENT":"81e4817f-db2c-455c-bdcf-09596b148eb1"}
&amp#27;[35m[HTTP]&amp#27;[39m &amp#27;[37m<-- POST /wd/hub/session/e67b95f7-0666-4ad9-bf82-0c69c65da043/element &amp#27;[39m&amp#27;[32m200&amp#27;[39m &amp#27;[90m521 ms - 137&amp#27;[39m
&amp#27;[35m[HTTP]&amp#27;[39m &amp#27;[90m&amp#27;[39m
&amp#27;[35m[HTTP]&amp#27;[39m &amp#27;[37m-->&amp#27;[39m &amp#27;[37mGET&amp#27;[39m &amp#27;[37m/wd/hub/session/e67b95f7-0666-4ad9-bf82-0c69c65da043/element/81e4817f-db2c-455c-bdcf-09596b148eb1/displayed&amp#27;[39m
&amp#27;[35m[HTTP]&amp#27;[39m &amp#27;[90m{}&amp#27;[39m
[debug] &amp#27;[35m[W3C (e67b95f7)]&amp#27;[39m Calling AppiumDriver.elementDisplayed() with args: ["81e4817f-db2c-455c-bdcf-09596b148eb1","e67b95f7-0666-4ad9-bf82-0c69c65da043"]
[debug] &amp#27;[35m[WD Proxy]&amp#27;[39m Matched '/element/81e4817f-db2c-455c-bdcf-09596b148eb1/attribute/displayed' to command name 'getAttribute'
[debug] &amp#27;[35m[WD Proxy]&amp#27;[39m Proxying [GET /element/81e4817f-db2c-455c-bdcf-09596b148eb1/attribute/displayed] to [GET http://127.0.0.1:8218/wd/hub/session/e30bd81a-f139-4837-b67f-99a041c747ef/element/81e4817f-db2c-455c-bdcf-09596b148eb1/attribute/displayed] with no body
[debug] &amp#27;[35m[WD Proxy]&amp#27;[39m Got response with status 200: {"sessionId":"e30bd81a-f139-4837-b67f-99a041c747ef","value":"true"}
[debug] &amp#27;[35m[W3C (e67b95f7)]&amp#27;[39m Responding to client with driver.elementDisplayed() result: true
&amp#27;[35m[HTTP]&amp#27;[39m &amp#27;[37m<-- GET /wd/hub/session/e67b95f7-0666-4ad9-bf82-0c69c65da043/element/81e4817f-db2c-455c-bdcf-09596b148eb1/displayed &amp#27;[39m&amp#27;[32m200&amp#27;[39m &amp#27;[90m19 ms - 14&amp#27;[39m
&amp#27;[35m[HTTP]&amp#27;[39m &amp#27;[90m&amp#27;[39m
&amp#27;[35m[HTTP]&amp#27;[39m &amp#27;[37m-->&amp#27;[39m &amp#27;[37mPOST&amp#27;[39m &amp#27;[37m/wd/hub/session/e67b95f7-0666-4ad9-bf82-0c69c65da043/timeouts&amp#27;[39m
&amp#27;[35m[HTTP]&amp#27;[39m &amp#27;[90m{"implicit":10000}&amp#27;[39m
[debug] &amp#27;[35m[W3C (e67b95f7)]&amp#27;[39m Calling AppiumDriver.timeouts() with args: [null,null,null,null,10000,"e67b95f7-0666-4ad9-bf82-0c69c65da043"]
[debug] &amp#27;[35m[BaseDriver]&amp#27;[39m W3C timeout argument: {"implicit":10000}}
[debug] &amp#27;[35m[BaseDriver]&amp#27;[39m Set implicit wait to 10000ms
[debug] &amp#27;[35m[W3C (e67b95f7)]&amp#27;[39m Responding to client with driver.timeouts() result: null
&amp#27;[35m[HTTP]&amp#27;[39m &amp#27;[37m<-- POST /wd/hub/session/e67b95f7-0666-4ad9-bf82-0c69c65da043/timeout[INFO ] 2021-06-18 15:59:58.437 [main] ViewsPage - Clicks The Controls
s &amp#27;[39m&amp#27;[32m200&amp#27;[39m &amp#27;[90m2 ms - 14&amp#27;[39m
&amp#27;[35m[HTTP]&amp#27;[39m &amp#27;[90m&amp#27;[39m
[INFO ] 2021-06-18 15:59:58.437 [main] ExplicitWait - Waiting for element to be clickable: Located by By.chained({By.xpath: //android.widget.TextView[@content-desc="Controls"]})
&amp#27;[35m[HTTP]&amp#27;[39m &amp#27;[37m-->&amp#27;[39m &amp#27;[37mPOST&amp#27;[39m &amp#27;[37m/wd/hub/session/e67b95f7-0666-4ad9-bf82-0c69c65da043/timeouts&amp#27;[39m
&amp#27;[35m[HTTP]&amp#27;[39m &amp#27;[90m{"implicit":0}&amp#27;[39m
[debug] &amp#27;[35m[W3C (e67b95f7)]&amp#27;[39m Calling AppiumDriver.timeouts() with args: [null,null,null,null,0,"e67b95f7-0666-4ad9-bf82-0c69c65da043"]
[debug] &amp#27;[35m[BaseDriver]&amp#27;[39m W3C timeout argument: {"implicit":0}}
[debug] &amp#27;[35m[BaseDriver]&amp#27;[39m Set implicit wait to 0ms
[debug] &amp#27;[35m[W3C (e67b95f7)]&amp#27;[39m Responding to client with driver.timeouts() result: null
&amp#27;[35m[HTTP]&amp#27;[39m &amp#27;[37m<-- POST /wd/hub/session/e67b95f7-0666-4ad9-bf82-0c69c65da043/timeouts &amp#27;[39m&amp#27;[32m200&amp#27;[39m &amp#27;[90m2 ms - 14&amp#27;[39m
&amp#27;[35m[HTTP]&amp#27;[39m &amp#27;[90m&amp#27;[39m
&amp#27;[35m[HTTP]&amp#27;[39m &amp#27;[37m-->&amp#27;[39m &amp#27;[37mGET&amp#27;[39m &amp#27;[37m/wd/hub/session/e67b95f7-0666-4ad9-bf82-0c69c65da043&amp#27;[39m
&amp#27;[35m[HTTP]&amp#27;[39m &amp#27;[90m{}&amp#27;[39m
[debug] &amp#27;[35m[W3C (e67b95f7)]&amp#27;[39m Calling AppiumDriver.getSession() with args: ["e67b95f7-0666-4ad9-bf82-0c69c65da043"]
[debug] &amp#27;[35m[UiAutomator2]&amp#27;[39m Getting session details from server to mix in
[debug] &amp#27;[35m[WD Proxy]&amp#27;[39m Matched '/' to command name 'getSession'
[debug] &amp#27;[35m[WD Proxy]&amp#27;[39m Proxying [GET /] to [GET http://127.0.0.1:8218/wd/hub/session/e30bd81a-f139-4837-b67f-99a041c747ef] with no body
[debug] &amp#27;[35m[WD Proxy]&amp#27;[39m Got response with status 200: {"sessionId":"e30bd81a-f139-4837-b67f-99a041c747ef","value":{"lastScrollData":null}}
[debug] &amp#27;[35m[W3C (e67b95f7)]&amp#27;[39m Responding to client with driver.getSession() result: {"platform":"LINUX","webStorageEnabled":false,"takesScreenshot":true,"javascriptEnabled":true,"databaseEnabled":false,"networkConnectionEnabled":true,"locationContextEnabled":false,"warnings":{},"desired":{"platformName":"android","app":"C:\\Users\\Anis\\eclipse-workspace\\Appium\\src\\ApiDemos-debug.apk","deviceName":"Redmi","newCommandTimeout":14},"platformName":"android","app":"C:\\Users\\Anis\\eclipse-workspace\\Appium\\src\\ApiDemos-debug.apk","deviceName":"55272e729804","newCommandTimeout":14,"deviceUDID":"55272e729804","appPackage":"io.appium.android.apis","deviceApiLevel":24,"platformVersion":"7.0","deviceScreenSize":"1080x1920","deviceScreenDensity":480,"deviceModel":"Redmi Note 4","deviceManufacturer":"Xiaomi","pixelRatio":3,"statBarHeight":72,"viewportRect":{"left":0,"top":72,"width":1080,"height":1848},"lastScrollData":null}
&amp#27;[35m[HTTP]&amp#27;[39m &amp#27;[37m<-- GET /wd/hub/session/e67b95f7-0666-4ad9-bf82-0c69c65da043 &amp#27;[39m&amp#27;[32m200&amp#27;[39m &amp#27;[90m10 ms - 858&amp#27;[39m
&amp#27;[35m[HTTP]&amp#27;[39m &amp#27;[90m&amp#27;[39m
&amp#27;[35m[HTTP]&amp#27;[39m &amp#27;[37m-->&amp#27;[39m &amp#27;[37mPOST&amp#27;[39m &amp#27;[37m/wd/hub/session/e67b95f7-0666-4ad9-bf82-0c69c65da043/element&amp#27;[39m
&amp#27;[35m[HTTP]&amp#27;[39m &amp#27;[90m{"using":"xpath","value":"//android.widget.TextView[@content-desc=\"Controls\"]"}&amp#27;[39m
[debug] &amp#27;[35m[W3C (e67b95f7)]&amp#27;[39m Calling AppiumDriver.findElement() with args: ["xpath","//android.widget.TextView[@content-desc=\"Controls\"]","e67b95f7-0666-4ad9-bf82-0c69c65da043"]
[debug] &amp#27;[35m[BaseDriver]&amp#27;[39m Valid locator strategies for this request: xpath, id, class name, accessibility id, css selector, -android uiautomator
[debug] &amp#27;[35m[BaseDriver]&amp#27;[39m Waiting up to 0 ms for condition
[debug] &amp#27;[35m[WD Proxy]&amp#27;[39m Matched '/element' to command name 'findElement'
[debug] &amp#27;[35m[WD Proxy]&amp#27;[39m Proxying [POST /element] to [POST http://127.0.0.1:8218/wd/hub/session/e30bd81a-f139-4837-b67f-99a041c747ef/element] with body: {"strategy":"xpath","selector":"//android.widget.TextView[@content-desc=\"Controls\"]","context":"","multiple":false}
[debug] &amp#27;[35m[WD Proxy]&amp#27;[39m Got response with status 200: {"sessionId":"e30bd81a-f139-4837-b67f-99a041c747ef","value":{"ELEMENT":"ff4672d0-c6d7-413d-986d-60817ca96cc6","element-6066-11e4-a52e-4f735466cecf":"ff4672d0-c6d7-413d-986d-60817ca96cc6"}}
[debug] &amp#27;[35m[W3C (e67b95f7)]&amp#27;[39m Responding to client with driver.findElement() result: {"element-6066-11e4-a52e-4f735466cecf":"ff4672d0-c6d7-413d-986d-60817ca96cc6","ELEMENT":"ff4672d0-c6d7-413d-986d-60817ca96cc6"}
&amp#27;[35m[HTTP]&amp#27;[39m &amp#27;[37m<-- POST /wd/hub/session/e67b95f7-0666-4ad9-bf82-0c69c65da043/element &amp#27;[39m&amp#27;[32m200&amp#27;[39m &amp#27;[90m74 ms - 137&amp#27;[39m
&amp#27;[35m[HTTP]&amp#27;[39m &amp#27;[90m&amp#27;[39m
&amp#27;[35m[HTTP]&amp#27;[39m &amp#27;[37m-->&amp#27;[39m &amp#27;[37mGET&amp#27;[39m &amp#27;[37m/wd/hub/session/e67b95f7-0666-4ad9-bf82-0c69c65da043/element/ff4672d0-c6d7-413d-986d-60817ca96cc6/displayed&amp#27;[39m
&amp#27;[35m[HTTP]&amp#27;[39m &amp#27;[90m{}&amp#27;[39m
[debug] &amp#27;[35m[W3C (e67b95f7)]&amp#27;[39m Calling AppiumDriver.elementDisplayed() with args: ["ff4672d0-c6d7-413d-986d-60817ca96cc6","e67b95f7-0666-4ad9-bf82-0c69c65da043"]
[debug] &amp#27;[35m[WD Proxy]&amp#27;[39m Matched '/element/ff4672d0-c6d7-413d-986d-60817ca96cc6/attribute/displayed' to command name 'getAttribute'
[debug] &amp#27;[35m[WD Proxy]&amp#27;[39m Proxying [GET /element/ff4672d0-c6d7-413d-986d-60817ca96cc6/attribute/displayed] to [GET http://127.0.0.1:8218/wd/hub/session/e30bd81a-f139-4837-b67f-99a041c747ef/element/ff4672d0-c6d7-413d-986d-60817ca96cc6/attribute/displayed] with no body
[debug] &amp#27;[35m[WD Proxy]&amp#27;[39m Got response with status 200: {"sessionId":"e30bd81a-f139-4837-b67f-99a041c747ef","value":"true"}
[debug] &amp#27;[35m[W3C (e67b95f7)]&amp#27;[39m Responding to client with driver.elementDisplayed() result: true
&amp#27;[35m[HTTP]&amp#27;[39m &amp#27;[37m<-- GET /wd/hub/session/e67b95f7-0666-4ad9-bf82-0c69c65da043/element/ff4672d0-c6d7-413d-986d-60817ca96cc6/displayed &amp#27;[39m&amp#27;[32m200&amp#27;[39m &amp#27;[90m17 ms - 14&amp#27;[39m
&amp#27;[35m[HTTP]&amp#27;[39m &amp#27;[90m&amp#27;[39m
&amp#27;[35m[HTTP]&amp#27;[39m &amp#27;[37m-->&amp#27;[39m &amp#27;[37mGET&amp#27;[39m &amp#27;[37m/wd/hub/session/e67b95f7-0666-4ad9-bf82-0c69c65da043&amp#27;[39m
&amp#27;[35m[HTTP]&amp#27;[39m &amp#27;[90m{}&amp#27;[39m
[debug] &amp#27;[35m[W3C (e67b95f7)]&amp#27;[39m Calling AppiumDriver.getSession() with args: ["e67b95f7-0666-4ad9-bf82-0c69c65da043"]
[debug] &amp#27;[35m[UiAutomator2]&amp#27;[39m Getting session details from server to mix in
[debug] &amp#27;[35m[WD Proxy]&amp#27;[39m Matched '/' to command name 'getSession'
[debug] &amp#27;[35m[WD Proxy]&amp#27;[39m Proxying [GET /] to [GET http://127.0.0.1:8218/wd/hub/session/e30bd81a-f139-4837-b67f-99a041c747ef] with no body
[debug] &amp#27;[35m[WD Proxy]&amp#27;[39m Got response with status 200: {"sessionId":"e30bd81a-f139-4837-b67f-99a041c747ef","value":{"lastScrollData":null}}
[debug] &amp#27;[35m[W3C (e67b95f7)]&amp#27;[39m Responding to client with driver.getSession() result: {"platform":"LINUX","webStorageEnabled":false,"takesScreenshot":true,"javascriptEnabled":true,"databaseEnabled":false,"networkConnectionEnabled":true,"locationContextEnabled":false,"warnings":{},"desired":{"platformName":"android","app":"C:\\Users\\Anis\\eclipse-workspace\\Appium\\src\\ApiDemos-debug.apk","deviceName":"Redmi","newCommandTimeout":14},"platformName":"android","app":"C:\\Users\\Anis\\eclipse-workspace\\Appium\\src\\ApiDemos-debug.apk","deviceName":"55272e729804","newCommandTimeout":14,"deviceUDID":"55272e729804","appPackage":"io.appium.android.apis","deviceApiLevel":24,"platformVersion":"7.0","deviceScreenSize":"1080x1920","deviceScreenDensity":480,"deviceModel":"Redmi Note 4","deviceManufacturer":"Xiaomi","pixelRatio":3,"statBarHeight":72,"viewportRect":{"left":0,"top":72,"width":1080,"height":1848},"lastScrollData":null}
&amp#27;[35m[HTTP]&amp#27;[39m &amp#27;[37m<-- GET /wd/hub/session/e67b95f7-0666-4ad9-bf82-0c69c65da043 &amp#27;[39m&amp#27;[32m200&amp#27;[39m &amp#27;[90m13 ms - 858&amp#27;[39m
&amp#27;[35m[HTTP]&amp#27;[39m &amp#27;[90m&amp#27;[39m
&amp#27;[35m[HTTP]&amp#27;[39m &amp#27;[37m-->&amp#27;[39m &amp#27;[37mPOST&amp#27;[39m &amp#27;[37m/wd/hub/session/e67b95f7-0666-4ad9-bf82-0c69c65da043/element&amp#27;[39m
&amp#27;[35m[HTTP]&amp#27;[39m &amp#27;[90m{"using":"xpath","value":"//android.widget.TextView[@content-desc=\"Controls\"]"}&amp#27;[39m
[debug] &amp#27;[35m[W3C (e67b95f7)]&amp#27;[39m Calling AppiumDriver.findElement() with args: ["xpath","//android.widget.TextView[@content-desc=\"Controls\"]","e67b95f7-0666-4ad9-bf82-0c69c65da043"]
[debug] &amp#27;[35m[BaseDriver]&amp#27;[39m Valid locator strategies for this request: xpath, id, class name, accessibility id, css selector, -android uiautomator
[debug] &amp#27;[35m[BaseDriver]&amp#27;[39m Waiting up to 0 ms for condition
[debug] &amp#27;[35m[WD Proxy]&amp#27;[39m Matched '/element' to command name 'findElement'
[debug] &amp#27;[35m[WD Proxy]&amp#27;[39m Proxying [POST /element] to [POST http://127.0.0.1:8218/wd/hub/session/e30bd81a-f139-4837-b67f-99a041c747ef/element] with body: {"strategy":"xpath","selector":"//android.widget.TextView[@content-desc=\"Controls\"]","context":"","multiple":false}
[debug] &amp#27;[35m[WD Proxy]&amp#27;[39m Got response with status 200: {"sessionId":"e30bd81a-f139-4837-b67f-99a041c747ef","value":{"ELEMENT":"0d8fecaa-3a6f-4e48-84ef-6ac1c4462079","element-6066-11e4-a52e-4f735466cecf":"0d8fecaa-3a6f-4e48-84ef-6ac1c4462079"}}
[debug] &amp#27;[35m[W3C (e67b95f7)]&amp#27;[39m Responding to client with driver.findElement() result: {"element-6066-11e4-a52e-4f735466cecf":"0d8fecaa-3a6f-4e48-84ef-6ac1c4462079","ELEMENT":"0d8fecaa-3a6f-4e48-84ef-6ac1c4462079"}
&amp#27;[35m[HTTP]&amp#27;[39m &amp#27;[37m<-- POST /wd/hub/session/e67b95f7-0666-4ad9-bf82-0c69c65da043/element &amp#27;[39m&amp#27;[32m200&amp#27;[39m &amp#27;[90m70 ms - 137&amp#27;[39m
&amp#27;[35m[HTTP]&amp#27;[39m &amp#27;[90m&amp#27;[39m
&amp#27;[35m[HTTP]&amp#27;[39m &amp#27;[37m-->&amp#27;[39m &amp#27;[37mGET&amp#27;[39m &amp#27;[37m/wd/hub/session/e67b95f7-0666-4ad9-bf82-0c69c65da043/element/0d8fecaa-3a6f-4e48-84ef-6ac1c4462079/enabled&amp#27;[39m
&amp#27;[35m[HTTP]&amp#27;[39m &amp#27;[90m{}&amp#27;[39m
[debug] &amp#27;[35m[W3C (e67b95f7)]&amp#27;[39m Calling AppiumDriver.elementEnabled() with args: ["0d8fecaa-3a6f-4e48-84ef-6ac1c4462079","e67b95f7-0666-4ad9-bf82-0c69c65da043"]
[debug] &amp#27;[35m[WD Proxy]&amp#27;[39m Matched '/element/0d8fecaa-3a6f-4e48-84ef-6ac1c4462079/attribute/enabled' to command name 'getAttribute'
[debug] &amp#27;[35m[WD Proxy]&amp#27;[39m Proxying [GET /element/0d8fecaa-3a6f-4e48-84ef-6ac1c4462079/attribute/enabled] to [GET http://127.0.0.1:8218/wd/hub/session/e30bd81a-f139-4837-b67f-99a041c747ef/element/0d8fecaa-3a6f-4e48-84ef-6ac1c4462079/attribute/enabled] with no body
[debug] &amp#27;[35m[WD Proxy]&amp#27;[39m Got response with status 200: {"sessionId":"e30bd81a-f139-4837-b67f-99a041c747ef","value":"true"}
[debug] &amp#27;[35m[W3C (e67b95f7)]&amp#27;[39m Responding to client with driver.elementEnabled() result: true
&amp#27;[35m[HTTP]&amp#27;[39m &amp#27;[37m<-- GET /wd/hub/session/e67b95f7-0666-4ad9-bf82-0c69c65da043/element/0d8fecaa-3a6f-4e48-84ef-6ac1c4462079/enabled &amp#27;[39m&amp#27;[32m200&amp#27;[39m &amp#27;[90m16 ms - 14&amp#27;[39m
&amp#27;[35m[HTTP]&amp#27;[39m &amp#27;[90m&amp#27;[39m
&amp#27;[35m[HTTP]&amp#27;[39m &amp#27;[37m-->&amp#27;[39m &amp#27;[37mPOST&amp#27;[39m &amp#27;[37m/wd/hub/session/e67b95f7-0666-4ad9-bf82-0c69c65da043/timeouts&amp#27;[39m
&amp#27;[35m[HTTP]&amp#27;[39m &amp#27;[90m{"implicit":10000}&amp#27;[39m
[debug] &amp#27;[35m[W3C (e67b95f7)]&amp#27;[39m Calling AppiumDriver.timeouts() with args: [null,null,null,null,10000,"e67b95f7-0666-4ad9-bf82-0c69c65da043"]
[debug] &amp#27;[35m[BaseDriver]&amp#27;[39m W3C timeout argument: {"implicit":10000}}
[debug] &amp#27;[35m[BaseDriver]&amp#27;[39m Set implicit wait to 10000ms
[debug] &amp#27;[35m[W3C (e67b95f7)]&amp#27;[39m Responding to client with driver.timeouts() result: null
&amp#27;[35m[HTTP]&amp#27;[39m &amp#27;[37m<-- POST /wd/hub/session/e67b95f7-0666-4ad9-bf82-0c69c65da043/timeouts &amp#27;[39m&amp#27;[32m200&amp#27;[39m &amp#27;[90m2 ms - 14&amp#27;[39m
&amp#27;[35m[HTTP]&amp#27;[39m &amp#27;[90m&amp#27;[39m
&amp#27;[35m[HTTP]&amp#27;[39m &amp#27;[37m-->&amp#27;[39m &amp#27;[37mGET&amp#27;[39m &amp#27;[37m/wd/hub/session/e67b95f7-0666-4ad9-bf82-0c69c65da043&amp#27;[39m
&amp#27;[35m[HTTP]&amp#27;[39m &amp#27;[90m{}&amp#27;[39m
[debug] &amp#27;[35m[W3C (e67b95f7)]&amp#27;[39m Calling AppiumDriver.getSession() with args: ["e67b95f7-0666-4ad9-bf82-0c69c65da043"]
[debug] &amp#27;[35m[UiAutomator2]&amp#27;[39m Getting session details from server to mix in
[debug] &amp#27;[35m[WD Proxy]&amp#27;[39m Matched '/' to command name 'getSession'
[debug] &amp#27;[35m[WD Proxy]&amp#27;[39m Proxying [GET /] to [GET http://127.0.0.1:8218/wd/hub/session/e30bd81a-f139-4837-b67f-99a041c747ef] with no body
[debug] &amp#27;[35m[WD Proxy]&amp#27;[39m Got response with status 200: {"sessionId":"e30bd81a-f139-4837-b67f-99a041c747ef","value":{"lastScrollData":null}}
[debug] &amp#27;[35m[W3C (e67b95f7)]&amp#27;[39m Responding to client with driver.getSession() result: {"platform":"LINUX","webStorageEnabled":false,"takesScreenshot":true,"javascriptEnabled":true,"databaseEnabled":false,"networkConnectionEnabled":true,"locationContextEnabled":false,"warnings":{},"desired":{"platformName":"android","app":"C:\\Users\\Anis\\eclipse-workspace\\Appium\\src\\ApiDemos-debug.apk","deviceName":"Redmi","newCommandTimeout":14},"platformName":"android","app":"C:\\Users\\Anis\\eclipse-workspace\\Appium\\src\\ApiDemos-debug.apk","deviceName":"55272e729804","newCommandTimeout":14,"deviceUDID":"55272e729804","appPackage":"io.appium.android.apis","deviceApiLevel":24,"platformVersion":"7.0","deviceScreenSize":"1080x1920","deviceScreenDensity":480,"deviceModel":"Redmi Note 4","deviceManufacturer":"Xiaomi","pixelRatio":3,"statBarHeight":72,"viewportRect":{"left":0,"top":72,"width":1080,"height":1848},"lastScrollData":null}
&amp#27;[35m[HTTP]&amp#27;[39m &amp#27;[37m<-- GET /wd/hub/session/e67b95f7-0666-4ad9-bf82-0c69c65da043 &amp#27;[39m&amp#27;[32m200&amp#27;[39m &amp#27;[90m10 ms - 858&amp#27;[39m
&amp#27;[35m[HTTP]&amp#27;[39m &amp#27;[90m&amp#27;[39m
&amp#27;[35m[HTTP]&amp#27;[39m &amp#27;[37m-->&amp#27;[39m &amp#27;[37mPOST&amp#27;[39m &amp#27;[37m/wd/hub/session/e67b95f7-0666-4ad9-bf82-0c69c65da043/element&amp#27;[39m
&amp#27;[35m[HTTP]&amp#27;[39m &amp#27;[90m{"using":"xpath","value":"//android.widget.TextView[@content-desc=\"Controls\"]"}&amp#27;[39m
[debug] &amp#27;[35m[W3C (e67b95f7)]&amp#27;[39m Calling AppiumDriver.findElement() with args: ["xpath","//android.widget.TextView[@content-desc=\"Controls\"]","e67b95f7-0666-4ad9-bf82-0c69c65da043"]
[debug] &amp#27;[35m[BaseDriver]&amp#27;[39m Valid locator strategies for this request: xpath, id, class name, accessibility id, css selector, -android uiautomator
[debug] &amp#27;[35m[BaseDriver]&amp#27;[39m Waiting up to 10000 ms for condition
[debug] &amp#27;[35m[WD Proxy]&amp#27;[39m Matched '/element' to command name 'findElement'
[debug] &amp#27;[35m[WD Proxy]&amp#27;[39m Proxying [POST /element] to [POST http://127.0.0.1:8218/wd/hub/session/e30bd81a-f139-4837-b67f-99a041c747ef/element] with body: {"strategy":"xpath","selector":"//android.widget.TextView[@content-desc=\"Controls\"]","context":"","multiple":false}
[debug] &amp#27;[35m[WD Proxy]&amp#27;[39m Got response with status 200: {"sessionId":"e30bd81a-f139-4837-b67f-99a041c747ef","value":{"ELEMENT":"4ea9dda1-77ab-4819-9a31-b3d4d58da72e","element-6066-11e4-a52e-4f735466cecf":"4ea9dda1-77ab-4819-9a31-b3d4d58da72e"}}
[debug] &amp#27;[35m[W3C (e67b95f7)]&amp#27;[39m Responding to client with driver.findElement() result: {"element-6066-11e4-a52e-4f735466cecf":"4ea9dda1-77ab-4819-9a31-b3d4d58da72e","ELEMENT":"4ea9dda1-77ab-4819-9a31-b3d4d58da72e"}
&amp#27;[35m[HTTP]&amp#27;[39m &amp#27;[37m<-- POST /wd/hub/session/e67b95f7-0666-4ad9-bf82-0c69c65da043/element &amp#27;[39m&amp#27;[32m200&amp#27;[39m &amp#27;[90m76 ms - 137&amp#27;[39m
&amp#27;[35m[HTTP]&amp#27;[39m &amp#27;[90m&amp#27;[39m
&amp#27;[35m[HTTP]&amp#27;[39m &amp#27;[37m-->&amp#27;[39m &amp#27;[37mPOST&amp#27;[39m &amp#27;[37m/wd/hub/session/e67b95f7-0666-4ad9-bf82-0c69c65da043/element/4ea9dda1-77ab-4819-9a31-b3d4d58da72e/click&amp#27;[39m
&amp#27;[35m[HTTP]&amp#27;[39m &amp#27;[90m{"id":"4ea9dda1-77ab-4819-9a31-b3d4d58da72e"}&amp#27;[39m
[debug] &amp#27;[35m[W3C (e67b95f7)]&amp#27;[39m Calling AppiumDriver.click() with args: ["4ea9dda1-77ab-4819-9a31-b3d4d58da72e","e67b95f7-0666-4ad9-bf82-0c69c65da043"]
[debug] &amp#27;[35m[WD Proxy]&amp#27;[39m Matched '/element/4ea9dda1-77ab-4819-9a31-b3d4d58da72e/click' to command name 'click'
[debug] &amp#27;[35m[WD Proxy]&amp#27;[39m Proxying [POST /element/4ea9dda1-77ab-4819-9a31-b3d4d58da72e/click] to [POST http://127.0.0.1:8218/wd/hub/session/e30bd81a-f139-4837-b67f-99a041c747ef/element/4ea9dda1-77ab-4819-9a31-b3d4d58da72e/click] with body: {"element":"4ea9dda1-77ab-4819-9a31-b3d4d58da72e"}
[debug] &amp#27;[35m[WD Proxy]&amp#27;[39m Got response with status 200: {"sessionId":"e30bd81a-f139-4837-b67f-99a041c747ef","value":null}
[debug] &amp#27;[35m[W3C (e67b95f7)]&amp#27;[39m Responding to client with driver.click() result: null
&amp#27;[35m[HTTP]&amp#27;[39m &amp#27;[37m<-- POST /wd/hub/session/e67b95f7-0666-4ad9-bf82-0c69c65da043/element/4ea9dda1-77ab-4819-9a31-b3d4d58da72e/click &amp#27;[39m&amp#27;[32m200&amp#27;[39m &amp#27;[90m1158 ms - 14&amp#27;[39m
[INFO ] 2021-06-18 15:59:59.992 [main] ExplicitWait - Waiting for element to be visible: Located by By.chained({By.xpath: //android.widget.TextView[@content-desc="2. Dark Theme"]})
&amp#27;[35m[HTTP]&amp#27;[39m &amp#27;[90m&amp#27;[39m
[INFO ] 2021-06-18 15:59:59.992 [main] ExplicitWait - Waiting for element to be visible: Located by By.chained({By.xpath: //android.widget.TextView[@content-desc="2. Dark Theme"]})
&amp#27;[35m[HTTP]&amp#27;[39m &amp#27;[37m-->&amp#27;[39m &amp#27;[37mPOST&amp#27;[39m &amp#27;[37m/wd/hub/session/e67b95f7-0666-4ad9-bf82-0c69c65da043/timeouts&amp#27;[39m
&amp#27;[35m[HTTP]&amp#27;[39m &amp#27;[90m{"implicit":0}&amp#27;[39m
[debug] &amp#27;[35m[W3C (e67b95f7)]&amp#27;[39m Calling AppiumDriver.timeouts() with args: [null,null,null,null,0,"e67b95f7-0666-4ad9-bf82-0c69c65da043"]
[debug] &amp#27;[35m[BaseDriver]&amp#27;[39m W3C timeout argument: {"implicit":0}}
[debug] &amp#27;[35m[BaseDriver]&amp#27;[39m Set implicit wait to 0ms
[debug] &amp#27;[35m[W3C (e67b95f7)]&amp#27;[39m Responding to client with driver.timeouts() result: null
&amp#27;[35m[HTTP]&amp#27;[39m &amp#27;[37m<-- POST /wd/hub/session/e67b95f7-0666-4ad9-bf82-0c69c65da043/timeouts &amp#27;[39m&amp#27;[32m200&amp#27;[39m &amp#27;[90m3 ms - 14&amp#27;[39m
&amp#27;[35m[HTTP]&amp#27;[39m &amp#27;[90m&amp#27;[39m
&amp#27;[35m[HTTP]&amp#27;[39m &amp#27;[37m-->&amp#27;[39m &amp#27;[37mGET&amp#27;[39m &amp#27;[37m/wd/hub/session/e67b95f7-0666-4ad9-bf82-0c69c65da043&amp#27;[39m
&amp#27;[35m[HTTP]&amp#27;[39m &amp#27;[90m{}&amp#27;[39m
[debug] &amp#27;[35m[W3C (e67b95f7)]&amp#27;[39m Calling AppiumDriver.getSession() with args: ["e67b95f7-0666-4ad9-bf82-0c69c65da043"]
[debug] &amp#27;[35m[UiAutomator2]&amp#27;[39m Getting session details from server to mix in
[debug] &amp#27;[35m[WD Proxy]&amp#27;[39m Matched '/' to command name 'getSession'
[debug] &amp#27;[35m[WD Proxy]&amp#27;[39m Proxying [GET /] to [GET http://127.0.0.1:8218/wd/hub/session/e30bd81a-f139-4837-b67f-99a041c747ef] with no body
[debug] &amp#27;[35m[WD Proxy]&amp#27;[39m Got response with status 200: {"sessionId":"e30bd81a-f139-4837-b67f-99a041c747ef","value":{"lastScrollData":null}}
[debug] &amp#27;[35m[W3C (e67b95f7)]&amp#27;[39m Responding to client with driver.getSession() result: {"platform":"LINUX","webStorageEnabled":false,"takesScreenshot":true,"javascriptEnabled":true,"databaseEnabled":false,"networkConnectionEnabled":true,"locationContextEnabled":false,"warnings":{},"desired":{"platformName":"android","app":"C:\\Users\\Anis\\eclipse-workspace\\Appium\\src\\ApiDemos-debug.apk","deviceName":"Redmi","newCommandTimeout":14},"platformName":"android","app":"C:\\Users\\Anis\\eclipse-workspace\\Appium\\src\\ApiDemos-debug.apk","deviceName":"55272e729804","newCommandTimeout":14,"deviceUDID":"55272e729804","appPackage":"io.appium.android.apis","deviceApiLevel":24,"platformVersion":"7.0","deviceScreenSize":"1080x1920","deviceScreenDensity":480,"deviceModel":"Redmi Note 4","deviceManufacturer":"Xiaomi","pixelRatio":3,"statBarHeight":72,"viewportRect":{"left":0,"top":72,"width":1080,"height":1848},"lastScrollData":null}
&amp#27;[35m[HTTP]&amp#27;[39m &amp#27;[37m<-- GET /wd/hub/session/e67b95f7-0666-4ad9-bf82-0c69c65da043 &amp#27;[39m&amp#27;[32m200&amp#27;[39m &amp#27;[90m17 ms - 858&amp#27;[39m
&amp#27;[35m[HTTP]&amp#27;[39m &amp#27;[90m&amp#27;[39m
&amp#27;[35m[HTTP]&amp#27;[39m &amp#27;[37m-->&amp#27;[39m &amp#27;[37mPOST&amp#27;[39m &amp#27;[37m/wd/hub/session/e67b95f7-0666-4ad9-bf82-0c69c65da043/element&amp#27;[39m
&amp#27;[35m[HTTP]&amp#27;[39m &amp#27;[90m{"using":"xpath","value":"//android.widget.TextView[@content-desc=\"2. Dark Theme\"]"}&amp#27;[39m
[debug] &amp#27;[35m[W3C (e67b95f7)]&amp#27;[39m Calling AppiumDriver.findElement() with args: ["xpath","//android.widget.TextView[@content-desc=\"2. Dark Theme\"]","e67b95f7-0666-4ad9-bf82-0c69c65da043"]
[debug] &amp#27;[35m[BaseDriver]&amp#27;[39m Valid locator strategies for this request: xpath, id, class name, accessibility id, css selector, -android uiautomator
[debug] &amp#27;[35m[BaseDriver]&amp#27;[39m Waiting up to 0 ms for condition
[debug] &amp#27;[35m[WD Proxy]&amp#27;[39m Matched '/element' to command name 'findElement'
[debug] &amp#27;[35m[WD Proxy]&amp#27;[39m Proxying [POST /element] to [POST http://127.0.0.1:8218/wd/hub/session/e30bd81a-f139-4837-b67f-99a041c747ef/element] with body: {"strategy":"xpath","selector":"//android.widget.TextView[@content-desc=\"2. Dark Theme\"]","context":"","multiple":false}
[debug] &amp#27;[35m[WD Proxy]&amp#27;[39m Got response with status 200: {"sessionId":"e30bd81a-f139-4837-b67f-99a041c747ef","value":{"ELEMENT":"d74d8438-770d-444d-921c-88b51a5ee6c2","element-6066-11e4-a52e-4f735466cecf":"d74d8438-770d-444d-921c-88b51a5ee6c2"}}
[debug] &amp#27;[35m[W3C (e67b95f7)]&amp#27;[39m Responding to client with driver.findElement() result: {"element-6066-11e4-a52e-4f735466cecf":"d74d8438-770d-444d-921c-88b51a5ee6c2","ELEMENT":"d74d8438-770d-444d-921c-88b51a5ee6c2"}
&amp#27;[35m[HTTP]&amp#27;[39m &amp#27;[37m<-- POST /wd/hub/session/e67b95f7-0666-4ad9-bf82-0c69c65da043/element &amp#27;[39m&amp#27;[32m200&amp#27;[39m &amp#27;[90m60 ms - 137&amp#27;[39m
&amp#27;[35m[HTTP]&amp#27;[39m &amp#27;[90m&amp#27;[39m
&amp#27;[35m[HTTP]&amp#27;[39m &amp#27;[37m-->&amp#27;[39m &amp#27;[37mGET&amp#27;[39m &amp#27;[37m/wd/hub/session/e67b95f7-0666-4ad9-bf82-0c69c65da043/element/d74d8438-770d-444d-921c-88b51a5ee6c2/displayed&amp#27;[39m
&amp#27;[35m[HTTP]&amp#27;[39m &amp#27;[90m{}&amp#27;[39m
[debug] &amp#27;[35m[W3C (e67b95f7)]&amp#27;[39m Calling AppiumDriver.elementDisplayed() with args: ["d74d8438-770d-444d-921c-88b51a5ee6c2","e67b95f7-0666-4ad9-bf82-0c69c65da043"]
[debug] &amp#27;[35m[WD Proxy]&amp#27;[39m Matched '/element/d74d8438-770d-444d-921c-88b51a5ee6c2/attribute/displayed' to command name 'getAttribute'
[debug] &amp#27;[35m[WD Proxy]&amp#27;[39m Proxying [GET /element/d74d8438-770d-444d-921c-88b51a5ee6c2/attribute/displayed] to [GET http://127.0.0.1:8218/wd/hub/session/e30bd81a-f139-4837-b67f-99a041c747ef/element/d74d8438-770d-444d-921c-88b51a5ee6c2/attribute/displayed] with no body
[debug] &amp#27;[35m[WD Proxy]&amp#27;[39m Got response with status 200: {"sessionId":"e30bd81a-f139-4837-b67f-99a041c747ef","value":"true"}
[debug] &amp#27;[35m[W3C (e67b95f7)]&amp#27;[39m Responding to client with driver.elementDisplayed() result: true
&amp#27;[35m[HTTP]&amp#27;[39m &amp#27;[37m<-- GET /wd/hub/session/e67b95f7-0666-4ad9-bf82-0c69c65da043/element/d74d8438-770d-444d-921c-88b51a5ee6c2/displayed &amp#27;[39m&amp#27;[32m200&amp#27;[39m &amp#27;[90m19 ms - 14&amp#27;[39m
&amp#27;[35m[HTTP]&amp#27;[39m &amp#27;[90m&amp#27;[39m
&amp#27;[35m[HTTP]&amp#27;[39m &amp#27;[37m-->&amp#27;[39m &amp#27;[37mPOST&amp#27;[39m &amp#27;[37m/wd/hub/session/e67b95f7-0666-4ad9-bf82-0c69c65da043/timeouts&amp#27;[39m
&amp#27;[35m[HTTP]&amp#27;[39m &amp#27;[90m{"implicit":10000}&amp#27;[39m
[debug] &amp#27;[35m[W3C (e67b95f7)]&amp#27;[39m Calling AppiumDriver.timeouts() with args: [null,null,null,null,10000,"e67b95f7-0666-4ad9-bf82-0c69c65da043"]
[debug] &amp#27;[35m[BaseDriver]&amp#27;[39m W3C timeout argument: {"implicit":10000}}
[debug] &amp#27;[35m[BaseDriver]&amp#27;[39m Set implicit wait to 10000ms
[debug] &amp#27;[35m[W3C (e67b95f7)]&amp#27;[39m Responding to client with driver.timeouts() result: null
&amp#27;[35m[HTTP]&amp#27;[39m &amp#27;[37m<-- POST /wd/hub/session/e67b95f7-0666-4ad9-bf82-0c69c65da043/timeouts &amp#27;[39m&amp#27;[32m200&amp#27;[39m &amp#27;[90m2 ms - 14&amp#27;[39m
&amp#27;[35m[HTTP]&amp#27;[39m &amp#27;[90m&amp#27;[39m
[INFO ] 2021-06-18 16:00:00.129 [main] ViewsPage - Clicks The Dark Theme
[INFO ] 2021-06-18 16:00:00.129 [main] ExplicitWait - Waiting for element to be clickable: Located by By.chained({By.xpath: //android.widget.TextView[@content-desc="2. Dark Theme"]})
&amp#27;[35m[HTTP]&amp#27;[39m &amp#27;[37m-->&amp#27;[39m &amp#27;[37mPOST&amp#27;[39m &amp#27;[37m/wd/hub/session/e67b95f7-0666-4ad9-bf82-0c69c65da043/timeouts&amp#27;[39m
&amp#27;[35m[HTTP]&amp#27;[39m &amp#27;[90m{"implicit":0}&amp#27;[39m
[debug] &amp#27;[35m[W3C (e67b95f7)]&amp#27;[39m Calling AppiumDriver.timeouts() with args: [null,null,null,null,0,"e67b95f7-0666-4ad9-bf82-0c69c65da043"]
[debug] &amp#27;[35m[BaseDriver]&amp#27;[39m W3C timeout argument: {"implicit":0}}
[debug] &amp#27;[35m[BaseDriver]&amp#27;[39m Set implicit wait to 0ms
[debug] &amp#27;[35m[W3C (e67b95f7)]&amp#27;[39m Responding to client with driver.timeouts() result: null
&amp#27;[35m[HTTP]&amp#27;[39m &amp#27;[37m<-- POST /wd/hub/session/e67b95f7-0666-4ad9-bf82-0c69c65da043/timeouts &amp#27;[39m&amp#27;[32m200&amp#27;[39m &amp#27;[90m2 ms - 14&amp#27;[39m
&amp#27;[35m[HTTP]&amp#27;[39m &amp#27;[90m&amp#27;[39m
&amp#27;[35m[HTTP]&amp#27;[39m &amp#27;[37m-->&amp#27;[39m &amp#27;[37mGET&amp#27;[39m &amp#27;[37m/wd/hub/session/e67b95f7-0666-4ad9-bf82-0c69c65da043&amp#27;[39m
&amp#27;[35m[HTTP]&amp#27;[39m &amp#27;[90m{}&amp#27;[39m
[debug] &amp#27;[35m[W3C (e67b95f7)]&amp#27;[39m Calling AppiumDriver.getSession() with args: ["e67b95f7-0666-4ad9-bf82-0c69c65da043"]
[debug] &amp#27;[35m[UiAutomator2]&amp#27;[39m Getting session details from server to mix in
[debug] &amp#27;[35m[WD Proxy]&amp#27;[39m Matched '/' to command name 'getSession'
[debug] &amp#27;[35m[WD Proxy]&amp#27;[39m Proxying [GET /] to [GET http://127.0.0.1:8218/wd/hub/session/e30bd81a-f139-4837-b67f-99a041c747ef] with no body
[debug] &amp#27;[35m[WD Proxy]&amp#27;[39m Got response with status 200: {"sessionId":"e30bd81a-f139-4837-b67f-99a041c747ef","value":{"lastScrollData":null}}
[debug] &amp#27;[35m[W3C (e67b95f7)]&amp#27;[39m Responding to client with driver.getSession() result: {"platform":"LINUX","webStorageEnabled":false,"takesScreenshot":true,"javascriptEnabled":true,"databaseEnabled":false,"networkConnectionEnabled":true,"locationContextEnabled":false,"warnings":{},"desired":{"platformName":"android","app":"C:\\Users\\Anis\\eclipse-workspace\\Appium\\src\\ApiDemos-debug.apk","deviceName":"Redmi","newCommandTimeout":14},"platformName":"android","app":"C:\\Users\\Anis\\eclipse-workspace\\Appium\\src\\ApiDemos-debug.apk","deviceName":"55272e729804","newCommandTimeout":14,"deviceUDID":"55272e729804","appPackage":"io.appium.android.apis","deviceApiLevel":24,"platformVersion":"7.0","deviceScreenSize":"1080x1920","deviceScreenDensity":480,"deviceModel":"Redmi Note 4","deviceManufacturer":"Xiaomi","pixelRatio":3,"statBarHeight":72,"viewportRect":{"left":0,"top":72,"width":1080,"height":1848},"lastScrollData":null}
&amp#27;[35m[HTTP]&amp#27;[39m &amp#27;[37m<-- GET /wd/hub/session/e67b95f7-0666-4ad9-bf82-0c69c65da043 &amp#27;[39m&amp#27;[32m200&amp#27;[39m &amp#27;[90m17 ms - 858&amp#27;[39m
&amp#27;[35m[HTTP]&amp#27;[39m &amp#27;[90m&amp#27;[39m
&amp#27;[35m[HTTP]&amp#27;[39m &amp#27;[37m-->&amp#27;[39m &amp#27;[37mPOST&amp#27;[39m &amp#27;[37m/wd/hub/session/e67b95f7-0666-4ad9-bf82-0c69c65da043/element&amp#27;[39m
&amp#27;[35m[HTTP]&amp#27;[39m &amp#27;[90m{"using":"xpath","value":"//android.widget.TextView[@content-desc=\"2. Dark Theme\"]"}&amp#27;[39m
[debug] &amp#27;[35m[W3C (e67b95f7)]&amp#27;[39m Calling AppiumDriver.findElement() with args: ["xpath","//android.widget.TextView[@content-desc=\"2. Dark Theme\"]","e67b95f7-0666-4ad9-bf82-0c69c65da043"]
[debug] &amp#27;[35m[BaseDriver]&amp#27;[39m Valid locator strategies for this request: xpath, id, class name, accessibility id, css selector, -android uiautomator
[debug] &amp#27;[35m[BaseDriver]&amp#27;[39m Waiting up to 0 ms for condition
[debug] &amp#27;[35m[WD Proxy]&amp#27;[39m Matched '/element' to command name 'findElement'
[debug] &amp#27;[35m[WD Proxy]&amp#27;[39m Proxying [POST /element] to [POST http://127.0.0.1:8218/wd/hub/session/e30bd81a-f139-4837-b67f-99a041c747ef/element] with body: {"strategy":"xpath","selector":"//android.widget.TextView[@content-desc=\"2. Dark Theme\"]","context":"","multiple":false}
[debug] &amp#27;[35m[WD Proxy]&amp#27;[39m Got response with status 200: {"sessionId":"e30bd81a-f139-4837-b67f-99a041c747ef","value":{"ELEMENT":"47359afc-b7d2-4b4a-920e-3053beb84f85","element-6066-11e4-a52e-4f735466cecf":"47359afc-b7d2-4b4a-920e-3053beb84f85"}}
[debug] &amp#27;[35m[W3C (e67b95f7)]&amp#27;[39m Responding to client with driver.findElement() result: {"element-6066-11e4-a52e-4f735466cecf":"47359afc-b7d2-4b4a-920e-3053beb84f85","ELEMENT":"47359afc-b7d2-4b4a-920e-3053beb84f85"}
&amp#27;[35m[HTTP]&amp#27;[39m &amp#27;[37m<-- POST /wd/hub/session/e67b95f7-0666-4ad9-bf82-0c69c65da043/element &amp#27;[39m&amp#27;[32m200&amp#27;[39m &amp#27;[90m68 ms - 137&amp#27;[39m
&amp#27;[35m[HTTP]&amp#27;[39m &amp#27;[90m&amp#27;[39m
&amp#27;[35m[HTTP]&amp#27;[39m &amp#27;[37m-->&amp#27;[39m &amp#27;[37mGET&amp#27;[39m &amp#27;[37m/wd/hub/session/e67b95f7-0666-4ad9-bf82-0c69c65da043/element/47359afc-b7d2-4b4a-920e-3053beb84f85/displayed&amp#27;[39m
&amp#27;[35m[HTTP]&amp#27;[39m &amp#27;[90m{}&amp#27;[39m
[debug] &amp#27;[35m[W3C (e67b95f7)]&amp#27;[39m Calling AppiumDriver.elementDisplayed() with args: ["47359afc-b7d2-4b4a-920e-3053beb84f85","e67b95f7-0666-4ad9-bf82-0c69c65da043"]
[debug] &amp#27;[35m[WD Proxy]&amp#27;[39m Matched '/element/47359afc-b7d2-4b4a-920e-3053beb84f85/attribute/displayed' to command name 'getAttribute'
[debug] &amp#27;[35m[WD Proxy]&amp#27;[39m Proxying [GET /element/47359afc-b7d2-4b4a-920e-3053beb84f85/attribute/displayed] to [GET http://127.0.0.1:8218/wd/hub/session/e30bd81a-f139-4837-b67f-99a041c747ef/element/47359afc-b7d2-4b4a-920e-3053beb84f85/attribute/displayed] with no body
[debug] &amp#27;[35m[WD Proxy]&amp#27;[39m Got response with status 200: {"sessionId":"e30bd81a-f139-4837-b67f-99a041c747ef","value":"true"}
[debug] &amp#27;[35m[W3C (e67b95f7)]&amp#27;[39m Responding to client with driver.elementDisplayed() result: true
&amp#27;[35m[HTTP]&amp#27;[39m &amp#27;[37m<-- GET /wd/hub/session/e67b95f7-0666-4ad9-bf82-0c69c65da043/element/47359afc-b7d2-4b4a-920e-3053beb84f85/displayed &amp#27;[39m&amp#27;[32m200&amp#27;[39m &amp#27;[90m532 ms - 14&amp#27;[39m
&amp#27;[35m[HTTP]&amp#27;[39m &amp#27;[90m&amp#27;[39m
&amp#27;[35m[HTTP]&amp#27;[39m &amp#27;[37m-->&amp#27;[39m &amp#27;[37mGET&amp#27;[39m &amp#27;[37m/wd/hub/session/e67b95f7-0666-4ad9-bf82-0c69c65da043&amp#27;[39m
&amp#27;[35m[HTTP]&amp#27;[39m &amp#27;[90m{}&amp#27;[39m
[debug] &amp#27;[35m[W3C (e67b95f7)]&amp#27;[39m Calling AppiumDriver.getSession() with args: ["e67b95f7-0666-4ad9-bf82-0c69c65da043"]
[debug] &amp#27;[35m[UiAutomator2]&amp#27;[39m Getting session details from server to mix in
[debug] &amp#27;[35m[WD Proxy]&amp#27;[39m Matched '/' to command name 'getSession'
[debug] &amp#27;[35m[WD Proxy]&amp#27;[39m Proxying [GET /] to [GET http://127.0.0.1:8218/wd/hub/session/e30bd81a-f139-4837-b67f-99a041c747ef] with no body
[debug] &amp#27;[35m[WD Proxy]&amp#27;[39m Got response with status 200: {"sessionId":"e30bd81a-f139-4837-b67f-99a041c747ef","value":{"lastScrollData":null}}
[debug] &amp#27;[35m[W3C (e67b95f7)]&amp#27;[39m Responding to client with driver.getSession() result: {"platform":"LINUX","webStorageEnabled":false,"takesScreenshot":true,"javascriptEnabled":true,"databaseEnabled":false,"networkConnectionEnabled":true,"locationContextEnabled":false,"warnings":{},"desired":{"platformName":"android","app":"C:\\Users\\Anis\\eclipse-workspace\\Appium\\src\\ApiDemos-debug.apk","deviceName":"Redmi","newCommandTimeout":14},"platformName":"android","app":"C:\\Users\\Anis\\eclipse-workspace\\Appium\\src\\ApiDemos-debug.apk","deviceName":"55272e729804","newCommandTimeout":14,"deviceUDID":"55272e729804","appPackage":"io.appium.android.apis","deviceApiLevel":24,"platformVersion":"7.0","deviceScreenSize":"1080x1920","deviceScreenDensity":480,"deviceModel":"Redmi Note 4","deviceManufacturer":"Xiaomi","pixelRatio":3,"statBarHeight":72,"viewportRect":{"left":0,"top":72,"width":1080,"height":1848},"lastScrollData":null}
&amp#27;[35m[HTTP]&amp#27;[39m &amp#27;[37m<-- GET /wd/hub/session/e67b95f7-0666-4ad9-bf82-0c69c65da043 &amp#27;[39m&amp#27;[32m200&amp#27;[39m &amp#27;[90m13 ms - 858&amp#27;[39m
&amp#27;[35m[HTTP]&amp#27;[39m &amp#27;[90m&amp#27;[39m
&amp#27;[35m[HTTP]&amp#27;[39m &amp#27;[37m-->&amp#27;[39m &amp#27;[37mPOST&amp#27;[39m &amp#27;[37m/wd/hub/session/e67b95f7-0666-4ad9-bf82-0c69c65da043/element&amp#27;[39m
&amp#27;[35m[HTTP]&amp#27;[39m &amp#27;[90m{"using":"xpath","value":"//android.widget.TextView[@content-desc=\"2. Dark Theme\"]"}&amp#27;[39m
[debug] &amp#27;[35m[W3C (e67b95f7)]&amp#27;[39m Calling AppiumDriver.findElement() with args: ["xpath","//android.widget.TextView[@content-desc=\"2. Dark Theme\"]","e67b95f7-0666-4ad9-bf82-0c69c65da043"]
[debug] &amp#27;[35m[BaseDriver]&amp#27;[39m Valid locator strategies for this request: xpath, id, class name, accessibility id, css selector, -android uiautomator
[debug] &amp#27;[35m[BaseDriver]&amp#27;[39m Waiting up to 0 ms for condition
[debug] &amp#27;[35m[WD Proxy]&amp#27;[39m Matched '/element' to command name 'findElement'
[debug] &amp#27;[35m[WD Proxy]&amp#27;[39m Proxying [POST /element] to [POST http://127.0.0.1:8218/wd/hub/session/e30bd81a-f139-4837-b67f-99a041c747ef/element] with body: {"strategy":"xpath","selector":"//android.widget.TextView[@content-desc=\"2. Dark Theme\"]","context":"","multiple":false}
[debug] &amp#27;[35m[WD Proxy]&amp#27;[39m Got response with status 200: {"sessionId":"e30bd81a-f139-4837-b67f-99a041c747ef","value":{"ELEMENT":"48dc4cef-77d4-4dc8-99b8-10881079feb1","element-6066-11e4-a52e-4f735466cecf":"48dc4cef-77d4-4dc8-99b8-10881079feb1"}}
[debug] &amp#27;[35m[W3C (e67b95f7)]&amp#27;[39m Responding to client with driver.findElement() result: {"element-6066-11e4-a52e-4f735466cecf":"48dc4cef-77d4-4dc8-99b8-10881079feb1","ELEMENT":"48dc4cef-77d4-4dc8-99b8-10881079feb1"}
&amp#27;[35m[HTTP]&amp#27;[39m &amp#27;[37m<-- POST /wd/hub/session/e67b95f7-0666-4ad9-bf82-0c69c65da043/element &amp#27;[39m&amp#27;[32m200&amp#27;[39m &amp#27;[90m49 ms - 137&amp#27;[39m
&amp#27;[35m[HTTP]&amp#27;[39m &amp#27;[90m&amp#27;[39m
&amp#27;[35m[HTTP]&amp#27;[39m &amp#27;[37m-->&amp#27;[39m &amp#27;[37mGET&amp#27;[39m &amp#27;[37m/wd/hub/session/e67b95f7-0666-4ad9-bf82-0c69c65da043/element/48dc4cef-77d4-4dc8-99b8-10881079feb1/enabled&amp#27;[39m
&amp#27;[35m[HTTP]&amp#27;[39m &amp#27;[90m{}&amp#27;[39m
[debug] &amp#27;[35m[W3C (e67b95f7)]&amp#27;[39m Calling AppiumDriver.elementEnabled() with args: ["48dc4cef-77d4-4dc8-99b8-10881079feb1","e67b95f7-0666-4ad9-bf82-0c69c65da043"]
[debug] &amp#27;[35m[WD Proxy]&amp#27;[39m Matched '/element/48dc4cef-77d4-4dc8-99b8-10881079feb1/attribute/enabled' to command name 'getAttribute'
[debug] &amp#27;[35m[WD Proxy]&amp#27;[39m Proxying [GET /element/48dc4cef-77d4-4dc8-99b8-10881079feb1/attribute/enabled] to [GET http://127.0.0.1:8218/wd/hub/session/e30bd81a-f139-4837-b67f-99a041c747ef/element/48dc4cef-77d4-4dc8-99b8-10881079feb1/attribute/enabled] with no body
[debug] &amp#27;[35m[WD Proxy]&amp#27;[39m Got response with status 200: {"sessionId":"e30bd81a-f139-4837-b67f-99a041c747ef","value":"true"}
[debug] &amp#27;[35m[W3C (e67b95f7)]&amp#27;[39m Responding to client with driver.elementEnabled() result: true
&amp#27;[35m[HTTP]&amp#27;[39m &amp#27;[37m<-- GET /wd/hub/session/e67b95f7-0666-4ad9-bf82-0c69c65da043/element/48dc4cef-77d4-4dc8-99b8-10881079feb1/enabled &amp#27;[39m&amp#27;[32m200&amp#27;[39m &amp#27;[90m482 ms - 14&amp#27;[39m
&amp#27;[35m[HTTP]&amp#27;[39m &amp#27;[90m&amp#27;[39m
&amp#27;[35m[HTTP]&amp#27;[39m &amp#27;[37m-->&amp#27;[39m &amp#27;[37mPOST&amp#27;[39m &amp#27;[37m/wd/hub/session/e67b95f7-0666-4ad9-bf82-0c69c65da043/timeouts&amp#27;[39m
&amp#27;[35m[HTTP]&amp#27;[39m &amp#27;[90m{"implicit":10000}&amp#27;[39m
[debug] &amp#27;[35m[W3C (e67b95f7)]&amp#27;[39m Calling AppiumDriver.timeouts() with args: [null,null,null,null,10000,"e67b95f7-0666-4ad9-bf82-0c69c65da043"]
[debug] &amp#27;[35m[BaseDriver]&amp#27;[39m W3C timeout argument: {"implicit":10000}}
[debug] &amp#27;[35m[BaseDriver]&amp#27;[39m Set implicit wait to 10000ms
[debug] &amp#27;[35m[W3C (e67b95f7)]&amp#27;[39m Responding to client with driver.timeouts() result: null
&amp#27;[35m[HTTP]&amp#27;[39m &amp#27;[37m<-- POST /wd/hub/session/e67b95f7-0666-4ad9-bf82-0c69c65da043/timeouts &amp#27;[39m&amp#27;[32m200&amp#27;[39m &amp#27;[90m3 ms - 14&amp#27;[39m
&amp#27;[35m[HTTP]&amp#27;[39m &amp#27;[90m&amp#27;[39m
&amp#27;[35m[HTTP]&amp#27;[39m &amp#27;[37m-->&amp#27;[39m &amp#27;[37mGET&amp#27;[39m &amp#27;[37m/wd/hub/session/e67b95f7-0666-4ad9-bf82-0c69c65da043&amp#27;[39m
&amp#27;[35m[HTTP]&amp#27;[39m &amp#27;[90m{}&amp#27;[39m
[debug] &amp#27;[35m[W3C (e67b95f7)]&amp#27;[39m Calling AppiumDriver.getSession() with args: ["e67b95f7-0666-4ad9-bf82-0c69c65da043"]
[debug] &amp#27;[35m[UiAutomator2]&amp#27;[39m Getting session details from server to mix in
[debug] &amp#27;[35m[WD Proxy]&amp#27;[39m Matched '/' to command name 'getSession'
[debug] &amp#27;[35m[WD Proxy]&amp#27;[39m Proxying [GET /] to [GET http://127.0.0.1:8218/wd/hub/session/e30bd81a-f139-4837-b67f-99a041c747ef] with no body
[debug] &amp#27;[35m[WD Proxy]&amp#27;[39m Got response with status 200: {"sessionId":"e30bd81a-f139-4837-b67f-99a041c747ef","value":{"lastScrollData":null}}
[debug] &amp#27;[35m[W3C (e67b95f7)]&amp#27;[39m Responding to client with driver.getSession() result: {"platform":"LINUX","webStorageEnabled":false,"takesScreenshot":true,"javascriptEnabled":true,"databaseEnabled":false,"networkConnectionEnabled":true,"locationContextEnabled":false,"warnings":{},"desired":{"platformName":"android","app":"C:\\Users\\Anis\\eclipse-workspace\\Appium\\src\\ApiDemos-debug.apk","deviceName":"Redmi","newCommandTimeout":14},"platformName":"android","app":"C:\\Users\\Anis\\eclipse-workspace\\Appium\\src\\ApiDemos-debug.apk","deviceName":"55272e729804","newCommandTimeout":14,"deviceUDID":"55272e729804","appPackage":"io.appium.android.apis","deviceApiLevel":24,"platformVersion":"7.0","deviceScreenSize":"1080x1920","deviceScreenDensity":480,"deviceModel":"Redmi Note 4","deviceManufacturer":"Xiaomi","pixelRatio":3,"statBarHeight":72,"viewportRect":{"left":0,"top":72,"width":1080,"height":1848},"lastScrollData":null}
&amp#27;[35m[HTTP]&amp#27;[39m &amp#27;[37m<-- GET /wd/hub/session/e67b95f7-0666-4ad9-bf82-0c69c65da043 &amp#27;[39m&amp#27;[32m200&amp#27;[39m &amp#27;[90m16 ms - 858&amp#27;[39m
&amp#27;[35m[HTTP]&amp#27;[39m &amp#27;[90m&amp#27;[39m
&amp#27;[35m[HTTP]&amp#27;[39m &amp#27;[37m-->&amp#27;[39m &amp#27;[37mPOST&amp#27;[39m &amp#27;[37m/wd/hub/session/e67b95f7-0666-4ad9-bf82-0c69c65da043/element&amp#27;[39m
&amp#27;[35m[HTTP]&amp#27;[39m &amp#27;[90m{"using":"xpath","value":"//android.widget.TextView[@content-desc=\"2. Dark Theme\"]"}&amp#27;[39m
[debug] &amp#27;[35m[W3C (e67b95f7)]&amp#27;[39m Calling AppiumDriver.findElement() with args: ["xpath","//android.widget.TextView[@content-desc=\"2. Dark Theme\"]","e67b95f7-0666-4ad9-bf82-0c69c65da043"]
[debug] &amp#27;[35m[BaseDriver]&amp#27;[39m Valid locator strategies for this request: xpath, id, class name, accessibility id, css selector, -android uiautomator
[debug] &amp#27;[35m[BaseDriver]&amp#27;[39m Waiting up to 10000 ms for condition
[debug] &amp#27;[35m[WD Proxy]&amp#27;[39m Matched '/element' to command name 'findElement'
[debug] &amp#27;[35m[WD Proxy]&amp#27;[39m Proxying [POST /element] to [POST http://127.0.0.1:8218/wd/hub/session/e30bd81a-f139-4837-b67f-99a041c747ef/element] with body: {"strategy":"xpath","selector":"//android.widget.TextView[@content-desc=\"2. Dark Theme\"]","context":"","multiple":false}
[debug] &amp#27;[35m[WD Proxy]&amp#27;[39m Got response with status 200: {"sessionId":"e30bd81a-f139-4837-b67f-99a041c747ef","value":{"ELEMENT":"eeed5957-8b4d-4419-b8be-3389b57d28aa","element-6066-11e4-a52e-4f735466cecf":"eeed5957-8b4d-4419-b8be-3389b57d28aa"}}
[debug] &amp#27;[35m[W3C (e67b95f7)]&amp#27;[39m Responding to client with driver.findElement() result: {"element-6066-11e4-a52e-4f735466cecf":"eeed5957-8b4d-4419-b8be-3389b57d28aa","ELEMENT":"eeed5957-8b4d-4419-b8be-3389b57d28aa"}
&amp#27;[35m[HTTP]&amp#27;[39m &amp#27;[37m<-- POST /wd/hub/session/e67b95f7-0666-4ad9-bf82-0c69c65da043/element &amp#27;[39m&amp#27;[32m200&amp#27;[39m &amp#27;[90m63 ms - 137&amp#27;[39m
&amp#27;[35m[HTTP]&amp#27;[39m &amp#27;[90m&amp#27;[39m
&amp#27;[35m[HTTP]&amp#27;[39m &amp#27;[37m-->&amp#27;[39m &amp#27;[37mPOST&amp#27;[39m &amp#27;[37m/wd/hub/session/e67b95f7-0666-4ad9-bf82-0c69c65da043/element/eeed5957-8b4d-4419-b8be-3389b57d28aa/click&amp#27;[39m
&amp#27;[35m[HTTP]&amp#27;[39m &amp#27;[90m{"id":"eeed5957-8b4d-4419-b8be-3389b57d28aa"}&amp#27;[39m
[debug] &amp#27;[35m[W3C (e67b95f7)]&amp#27;[39m Calling AppiumDriver.click() with args: ["eeed5957-8b4d-4419-b8be-3389b57d28aa","e67b95f7-0666-4ad9-bf82-0c69c65da043"]
[debug] &amp#27;[35m[WD Proxy]&amp#27;[39m Matched '/element/eeed5957-8b4d-4419-b8be-3389b57d28aa/click' to command name 'click'
[debug] &amp#27;[35m[WD Proxy]&amp#27;[39m Proxying [POST /element/eeed5957-8b4d-4419-b8be-3389b57d28aa/click] to [POST http://127.0.0.1:8218/wd/hub/session/e30bd81a-f139-4837-b67f-99a041c747ef/element/eeed5957-8b4d-4419-b8be-3389b57d28aa/click] with body: {"element":"eeed5957-8b4d-4419-b8be-3389b57d28aa"}
[debug] &amp#27;[35m[WD Proxy]&amp#27;[39m Got response with status 200: {"sessionId":"e30bd81a-f139-4837-b67f-99a041c747ef","value":null}
[debug] &amp#27;[35m[W3C (e67b95f7)]&amp#27;[39m Responding to client with driver.click() result: null
&amp#27;[35m[HTTP]&amp#27;[39m &amp#27;[37m<-- POST /wd/hub/session/e67b95f7-0666[INFO ] 2021-06-18 16:00:03.835 [main] ExplicitWait - Waiting for element to be visible: Located by By.chained({By.id: io.appium.android.apis:id/edit})
-4ad9-bf82-0c69c65da043/element/eeed5957-8b4d-4419-b8be-3389b57d28aa/click &amp#27;[39m&amp#27;[32m200&amp#27;[39m &amp#27;[90m2373 ms - 14&amp#27;[39m
[INFO ] 2021-06-18 16:00:03.835 [main] ExplicitWait - Waiting for element to be visible: Located by By.chained({By.id: io.appium.android.apis:id/edit})
&amp#27;[35m[HTTP]&amp#27;[39m &amp#27;[90m&amp#27;[39m
&amp#27;[35m[HTTP]&amp#27;[39m &amp#27;[37m-->&amp#27;[39m &amp#27;[37mPOST&amp#27;[39m &amp#27;[37m/wd/hub/session/e67b95f7-0666-4ad9-bf82-0c69c65da043/timeouts&amp#27;[39m
&amp#27;[35m[HTTP]&amp#27;[39m &amp#27;[90m{"implicit":0}&amp#27;[39m
[debug] &amp#27;[35m[W3C (e67b95f7)]&amp#27;[39m Calling AppiumDriver.timeouts() with args: [null,null,null,null,0,"e67b95f7-0666-4ad9-bf82-0c69c65da043"]
[debug] &amp#27;[35m[BaseDriver]&amp#27;[39m W3C timeout argument: {"implicit":0}}
[debug] &amp#27;[35m[BaseDriver]&amp#27;[39m Set implicit wait to 0ms
[debug] &amp#27;[35m[W3C (e67b95f7)]&amp#27;[39m Responding to client with driver.timeouts() result: null
&amp#27;[35m[HTTP]&amp#27;[39m &amp#27;[37m<-- POST /wd/hub/session/e67b95f7-0666-4ad9-bf82-0c69c65da043/timeouts &amp#27;[39m&amp#27;[32m200&amp#27;[39m &amp#27;[90m2 ms - 14&amp#27;[39m
&amp#27;[35m[HTTP]&amp#27;[39m &amp#27;[90m&amp#27;[39m
&amp#27;[35m[HTTP]&amp#27;[39m &amp#27;[37m-->&amp#27;[39m &amp#27;[37mGET&amp#27;[39m &amp#27;[37m/wd/hub/session/e67b95f7-0666-4ad9-bf82-0c69c65da043&amp#27;[39m
&amp#27;[35m[HTTP]&amp#27;[39m &amp#27;[90m{}&amp#27;[39m
[debug] &amp#27;[35m[W3C (e67b95f7)]&amp#27;[39m Calling AppiumDriver.getSession() with args: ["e67b95f7-0666-4ad9-bf82-0c69c65da043"]
[debug] &amp#27;[35m[UiAutomator2]&amp#27;[39m Getting session details from server to mix in
[debug] &amp#27;[35m[WD Proxy]&amp#27;[39m Matched '/' to command name 'getSession'
[debug] &amp#27;[35m[WD Proxy]&amp#27;[39m Proxying [GET /] to [GET http://127.0.0.1:8218/wd/hub/session/e30bd81a-f139-4837-b67f-99a041c747ef] with no body
[debug] &amp#27;[35m[WD Proxy]&amp#27;[39m Got response with status 200: {"sessionId":"e30bd81a-f139-4837-b67f-99a041c747ef","value":{"lastScrollData":null}}
[debug] &amp#27;[35m[W3C (e67b95f7)]&amp#27;[39m Responding to client with driver.getSession() result: {"platform":"LINUX","webStorageEnabled":false,"takesScreenshot":true,"javascriptEnabled":true,"databaseEnabled":false,"networkConnectionEnabled":true,"locationContextEnabled":false,"warnings":{},"desired":{"platformName":"android","app":"C:\\Users\\Anis\\eclipse-workspace\\Appium\\src\\ApiDemos-debug.apk","deviceName":"Redmi","newCommandTimeout":14},"platformName":"android","app":"C:\\Users\\Anis\\eclipse-workspace\\Appium\\src\\ApiDemos-debug.apk","deviceName":"55272e729804","newCommandTimeout":14,"deviceUDID":"55272e729804","appPackage":"io.appium.android.apis","deviceApiLevel":24,"platformVersion":"7.0","deviceScreenSize":"1080x1920","deviceScreenDensity":480,"deviceModel":"Redmi Note 4","deviceManufacturer":"Xiaomi","pixelRatio":3,"statBarHeight":72,"viewportRect":{"left":0,"top":72,"width":1080,"height":1848},"lastScrollData":null}
&amp#27;[35m[HTTP]&amp#27;[39m &amp#27;[37m<-- GET /wd/hub/session/e67b95f7-0666-4ad9-bf82-0c69c65da043 &amp#27;[39m&amp#27;[32m200&amp#27;[39m &amp#27;[90m14 ms - 858&amp#27;[39m
&amp#27;[35m[HTTP]&amp#27;[39m &amp#27;[90m&amp#27;[39m
&amp#27;[35m[HTTP]&amp#27;[39m &amp#27;[37m-->&amp#27;[39m &amp#27;[37mPOST&amp#27;[39m &amp#27;[37m/wd/hub/session/e67b95f7-0666-4ad9-bf82-0c69c65da043/element&amp#27;[39m
&amp#27;[35m[HTTP]&amp#27;[39m &amp#27;[90m{"using":"id","value":"io.appium.android.apis:id/edit"}&amp#27;[39m
[debug] &amp#27;[35m[W3C (e67b95f7)]&amp#27;[39m Calling AppiumDriver.findElement() with args: ["id","io.appium.android.apis:id/edit","e67b95f7-0666-4ad9-bf82-0c69c65da043"]
[debug] &amp#27;[35m[BaseDriver]&amp#27;[39m Valid locator strategies for this request: xpath, id, class name, accessibility id, css selector, -android uiautomator
[debug] &amp#27;[35m[BaseDriver]&amp#27;[39m Waiting up to 0 ms for condition
[debug] &amp#27;[35m[WD Proxy]&amp#27;[39m Matched '/element' to command name 'findElement'
[debug] &amp#27;[35m[WD Proxy]&amp#27;[39m Proxying [POST /element] to [POST http://127.0.0.1:8218/wd/hub/session/e30bd81a-f139-4837-b67f-99a041c747ef/element] with body: {"strategy":"id","selector":"io.appium.android.apis:id/edit","context":"","multiple":false}
[debug] &amp#27;[35m[WD Proxy]&amp#27;[39m Got response with status 200: {"sessionId":"e30bd81a-f139-4837-b67f-99a041c747ef","value":{"ELEMENT":"9a59690d-f354-4b38-9d2a-23ebcab63abf","element-6066-11e4-a52e-4f735466cecf":"9a59690d-f354-4b38-9d2a-23ebcab63abf"}}
[debug] &amp#27;[35m[W3C (e67b95f7)]&amp#27;[39m Responding to client with driver.findElement() result: {"element-6066-11e4-a52e-4f735466cecf":"9a59690d-f354-4b38-9d2a-23ebcab63abf","ELEMENT":"9a59690d-f354-4b38-9d2a-23ebcab63abf"}
&amp#27;[35m[HTTP]&amp#27;[39m &amp#27;[37m<-- POST /wd/hub/session/e67b95f7-0666-4ad9-bf82-0c69c65da043/element &amp#27;[39m&amp#27;[32m200&amp#27;[39m &amp#27;[90m905 ms - 137&amp#27;[39m
&amp#27;[35m[HTTP]&amp#27;[39m &amp#27;[90m&amp#27;[39m
&amp#27;[35m[HTTP]&amp#27;[39m &amp#27;[37m-->&amp#27;[39m &amp#27;[37mGET&amp#27;[39m &amp#27;[37m/wd/hub/session/e67b95f7-0666-4ad9-bf82-0c69c65da043/element/9a59690d-f354-4b38-9d2a-23ebcab63abf/displayed&amp#27;[39m
&amp#27;[35m[HTTP]&amp#27;[39m &amp#27;[90m{}&amp#27;[39m
[debug] &amp#27;[35m[W3C (e67b95f7)]&amp#27;[39m Calling AppiumDriver.elementDisplayed() with args: ["9a59690d-f354-4b38-9d2a-23ebcab63abf","e67b95f7-0666-4ad9-bf82-0c69c65da043"]
[debug] &amp#27;[35m[WD Proxy]&amp#27;[39m Matched '/element/9a59690d-f354-4b38-9d2a-23ebcab63abf/attribute/displayed' to command name 'getAttribute'
[debug] &amp#27;[35m[WD Proxy]&amp#27;[39m Proxying [GET /element/9a59690d-f354-4b38-9d2a-23ebcab63abf/attribute/displayed] to [GET http://127.0.0.1:8218/wd/hub/session/e30bd81a-f139-4837-b67f-99a041c747ef/element/9a59690d-f354-4b38-9d2a-23ebcab63abf/attribute/displayed] with no body
[debug] &amp#27;[35m[WD Proxy]&amp#27;[39m Got response with status 200: {"sessionId":"e30bd81a-f139-4837-b67f-99a041c747ef","value":"true"}
[debug] &amp#27;[35m[W3C (e67b95f7)]&amp#27;[39m Responding to client with driver.elementDisplayed() result: true
&amp#27;[35m[HTTP]&amp#27;[39m &amp#27;[37m<-- GET /wd/hub/session/e67b95f7-0666-4ad9-bf82-0c69c65da043/element/9a59690d-f354-4b38-9d2a-23ebcab63abf/displayed &amp#27;[39m&amp#27;[32m200&amp#27;[39m &amp#27;[90m17 ms - 14&amp#27;[39m
&amp#27;[35m[HTTP]&amp#27;[39m &amp#27;[90m&amp#27;[39m
&amp#27;[35m[HTTP]&amp#27;[39m &amp#27;[37m-->&amp#27;[39m &amp#27;[37mPOST&amp#27;[39m &amp#27;[37m/wd/hub/session/e67b95f7-0666-4ad9-bf82-0c69c65da043/timeouts&amp#27;[39m
&amp#27;[35m[HTTP]&amp#27;[39m &amp#27;[90m{"implicit":10000}&amp#27;[39m
[debug] &amp#27;[35m[W3C (e67b95f7)]&amp#27;[39m Calling AppiumDriver.timeouts() with args: [null,null,null,null,10000,"e67b95f7-0666-4ad9-bf82-0c69c65da043"]
[debug] &amp#27;[35m[BaseDriver]&amp#27;[39m W3C timeout argument: {"implicit":10000}}
[debug] &amp#27;[35m[BaseDriver]&amp#27;[39m Set implicit wait to 10000ms
[debug] &amp#27;[35m[W3C (e67b95f7)]&amp#27;[39m Responding to client with driver.timeouts() result: null
&amp#27;[35m[HTTP]&amp#27;[39m &amp#27;[37m<-- POST /wd/hub/session/e67b95f7-0666-4ad9-bf82-0c69c65da043/timeouts[INFO ] 2021-06-18 16:00:04.819 [main] ViewsPage - Enters Text in Text Box
 &amp#27;[39m&amp#27;[32m200&amp#27;[39m &amp#27;[90m3 ms - 14&amp#27;[39m
&amp#27;[35m[HTTP]&amp#27;[39m &amp#27;[90m&amp#27;[39m
&amp#27;[35m[HTTP]&amp#27;[39m &amp#27;[37m-->&amp#27;[39m &amp#27;[37mGET&amp#27;[39m &amp#27;[37m/wd/hub/session/e67b95f7-0666-4ad9-bf82-0c69c65da043&amp#27;[39m
&amp#27;[35m[HTTP]&amp#27;[39m &amp#27;[90m{}&amp#27;[39m
[debug] &amp#27;[35m[W3C (e67b95f7)]&amp#27;[39m Calling AppiumDriver.getSession() with args: ["e67b95f7-0666-4ad9-bf82-0c69c65da043"]
[debug] &amp#27;[35m[UiAutomator2]&amp#27;[39m Getting session details from server to mix in
[debug] &amp#27;[35m[WD Proxy]&amp#27;[39m Matched '/' to command name 'getSession'
[debug] &amp#27;[35m[WD Proxy]&amp#27;[39m Proxying [GET /] to [GET http://127.0.0.1:8218/wd/hub/session/e30bd81a-f139-4837-b67f-99a041c747ef] with no body
[debug] &amp#27;[35m[WD Proxy]&amp#27;[39m Got response with status 200: {"sessionId":"e30bd81a-f139-4837-b67f-99a041c747ef","value":{"lastScrollData":null}}
[debug] &amp#27;[35m[W3C (e67b95f7)]&amp#27;[39m Responding to client with driver.getSession() result: {"platform":"LINUX","webStorageEnabled":false,"takesScreenshot":true,"javascriptEnabled":true,"databaseEnabled":false,"networkConnectionEnabled":true,"locationContextEnabled":false,"warnings":{},"desired":{"platformName":"android","app":"C:\\Users\\Anis\\eclipse-workspace\\Appium\\src\\ApiDemos-debug.apk","deviceName":"Redmi","newCommandTimeout":14},"platformName":"android","app":"C:\\Users\\Anis\\eclipse-workspace\\Appium\\src\\ApiDemos-debug.apk","deviceName":"55272e729804","newCommandTimeout":14,"deviceUDID":"55272e729804","appPackage":"io.appium.android.apis","deviceApiLevel":24,"platformVersion":"7.0","deviceScreenSize":"1080x1920","deviceScreenDensity":480,"deviceModel":"Redmi Note 4","deviceManufacturer":"Xiaomi","pixelRatio":3,"statBarHeight":72,"viewportRect":{"left":0,"top":72,"width":1080,"height":1848},"lastScrollData":null}
&amp#27;[35m[HTTP]&amp#27;[39m &amp#27;[37m<-- GET /wd/hub/session/e67b95f7-0666-4ad9-bf82-0c69c65da043 &amp#27;[39m&amp#27;[32m200&amp#27;[39m &amp#27;[90m16 ms - 858&amp#27;[39m
&amp#27;[35m[HTTP]&amp#27;[39m &amp#27;[90m&amp#27;[39m
&amp#27;[35m[HTTP]&amp#27;[39m &amp#27;[37m-->&amp#27;[39m &amp#27;[37mPOST&amp#27;[39m &amp#27;[37m/wd/hub/session/e67b95f7-0666-4ad9-bf82-0c69c65da043/element&amp#27;[39m
&amp#27;[35m[HTTP]&amp#27;[39m &amp#27;[90m{"using":"id","value":"io.appium.android.apis:id/edit"}&amp#27;[39m
[debug] &amp#27;[35m[W3C (e67b95f7)]&amp#27;[39m Calling AppiumDriver.findElement() with args: ["id","io.appium.android.apis:id/edit","e67b95f7-0666-4ad9-bf82-0c69c65da043"]
[debug] &amp#27;[35m[BaseDriver]&amp#27;[39m Valid locator strategies for this request: xpath, id, class name, accessibility id, css selector, -android uiautomator
[debug] &amp#27;[35m[BaseDriver]&amp#27;[39m Waiting up to 10000 ms for condition
[debug] &amp#27;[35m[WD Proxy]&amp#27;[39m Matched '/element' to command name 'findElement'
[debug] &amp#27;[35m[WD Proxy]&amp#27;[39m Proxying [POST /element] to [POST http://127.0.0.1:8218/wd/hub/session/e30bd81a-f139-4837-b67f-99a041c747ef/element] with body: {"strategy":"id","selector":"io.appium.android.apis:id/edit","context":"","multiple":false}
[debug] &amp#27;[35m[WD Proxy]&amp#27;[39m Got response with status 200: {"sessionId":"e30bd81a-f139-4837-b67f-99a041c747ef","value":{"ELEMENT":"5f336d38-aa91-467f-860a-e5832e716043","element-6066-11e4-a52e-4f735466cecf":"5f336d38-aa91-467f-860a-e5832e716043"}}
[debug] &amp#27;[35m[W3C (e67b95f7)]&amp#27;[39m Responding to client with driver.findElement() result: {"element-6066-11e4-a52e-4f735466cecf":"5f336d38-aa91-467f-860a-e5832e716043","ELEMENT":"5f336d38-aa91-467f-860a-e5832e716043"}
&amp#27;[35m[HTTP]&amp#27;[39m &amp#27;[37m<-- POST /wd/hub/session/e67b95f7-0666-4ad9-bf82-0c69c65da043/element &amp#27;[39m&amp#27;[32m200&amp#27;[39m &amp#27;[90m50 ms - 137&amp#27;[39m
&amp#27;[35m[HTTP]&amp#27;[39m &amp#27;[90m&amp#27;[39m
&amp#27;[35m[HTTP]&amp#27;[39m &amp#27;[37m-->&amp#27;[39m &amp#27;[37mPOST&amp#27;[39m &amp#27;[37m/wd/hub/session/e67b95f7-0666-4ad9-bf82-0c69c65da043/element/5f336d38-aa91-467f-860a-e5832e716043/clear&amp#27;[39m
&amp#27;[35m[HTTP]&amp#27;[39m &amp#27;[90m{"id":"5f336d38-aa91-467f-860a-e5832e716043"}&amp#27;[39m
[debug] &amp#27;[35m[W3C (e67b95f7)]&amp#27;[39m Calling AppiumDriver.clear() with args: ["5f336d38-aa91-467f-860a-e5832e716043","e67b95f7-0666-4ad9-bf82-0c69c65da043"]
[debug] &amp#27;[35m[WD Proxy]&amp#27;[39m Matched '/element/5f336d38-aa91-467f-860a-e5832e716043/clear' to command name 'clear'
[debug] &amp#27;[35m[WD Proxy]&amp#27;[39m Proxying [POST /element/5f336d38-aa91-467f-860a-e5832e716043/clear] to [POST http://127.0.0.1:8218/wd/hub/session/e30bd81a-f139-4837-b67f-99a041c747ef/element/5f336d38-aa91-467f-860a-e5832e716043/clear] with body: {"elementId":"5f336d38-aa91-467f-860a-e5832e716043"}
[debug] &amp#27;[35m[WD Proxy]&amp#27;[39m Got response with status 200: {"sessionId":"e30bd81a-f139-4837-b67f-99a041c747ef","value":null}
[debug] &amp#27;[35m[W3C (e67b95f7)]&amp#27;[39m Responding to client with driver.clear() result: null
&amp#27;[35m[HTTP]&amp#27;[39m &amp#27;[37m<-- POST /wd/hub/session/e67b95f7-0666-4ad9-bf82-0c69c65da043/element/5f336d38-aa91-467f-860a-e5832e716043/clear &amp#27;[39m&amp#27;[32m200&amp#27;[39m &amp#27;[90m63 ms - 14&amp#27;[39m
&amp#27;[35m[HTTP]&amp#27;[39m &amp#27;[90m&amp#27;[39m
&amp#27;[35m[HTTP]&amp#27;[39m &amp#27;[37m-->&amp#27;[39m &amp#27;[37mGET&amp#27;[39m &amp#27;[37m/wd/hub/session/e67b95f7-0666-4ad9-bf82-0c69c65da043&amp#27;[39m
&amp#27;[35m[HTTP]&amp#27;[39m &amp#27;[90m{}&amp#27;[39m
[debug] &amp#27;[35m[W3C (e67b95f7)]&amp#27;[39m Calling AppiumDriver.getSession() with args: ["e67b95f7-0666-4ad9-bf82-0c69c65da043"]
[debug] &amp#27;[35m[UiAutomator2]&amp#27;[39m Getting session details from server to mix in
[debug] &amp#27;[35m[WD Proxy]&amp#27;[39m Matched '/' to command name 'getSession'
[debug] &amp#27;[35m[WD Proxy]&amp#27;[39m Proxying [GET /] to [GET http://127.0.0.1:8218/wd/hub/session/e30bd81a-f139-4837-b67f-99a041c747ef] with no body
[debug] &amp#27;[35m[WD Proxy]&amp#27;[39m Got response with status 200: {"sessionId":"e30bd81a-f139-4837-b67f-99a041c747ef","value":{"lastScrollData":null}}
[debug] &amp#27;[35m[W3C (e67b95f7)]&amp#27;[39m Responding to client with driver.getSession() result: {"platform":"LINUX","webStorageEnabled":false,"takesScreenshot":true,"javascriptEnabled":true,"databaseEnabled":false,"networkConnectionEnabled":true,"locationContextEnabled":false,"warnings":{},"desired":{"platformName":"android","app":"C:\\Users\\Anis\\eclipse-workspace\\Appium\\src\\ApiDemos-debug.apk","deviceName":"Redmi","newCommandTimeout":14},"platformName":"android","app":"C:\\Users\\Anis\\eclipse-workspace\\Appium\\src\\ApiDemos-debug.apk","deviceName":"55272e729804","newCommandTimeout":14,"deviceUDID":"55272e729804","appPackage":"io.appium.android.apis","deviceApiLevel":24,"platformVersion":"7.0","deviceScreenSize":"1080x1920","deviceScreenDensity":480,"deviceModel":"Redmi Note 4","deviceManufacturer":"Xiaomi","pixelRatio":3,"statBarHeight":72,"viewportRect":{"left":0,"top":72,"width":1080,"height":1848},"lastScrollData":null}
&amp#27;[35m[HTTP]&amp#27;[39m &amp#27;[37m<-- GET /wd/hub/session/e67b95f7-0666-4ad9-bf82-0c69c65da043 &amp#27;[39m&amp#27;[32m200&amp#27;[39m &amp#27;[90m10 ms - 858&amp#27;[39m
&amp#27;[35m[HTTP]&amp#27;[39m &amp#27;[90m&amp#27;[39m
&amp#27;[35m[HTTP]&amp#27;[39m &amp#27;[37m-->&amp#27;[39m &amp#27;[37mPOST&amp#27;[39m &amp#27;[37m/wd/hub/session/e67b95f7-0666-4ad9-bf82-0c69c65da043/element&amp#27;[39m
&amp#27;[35m[HTTP]&amp#27;[39m &amp#27;[90m{"using":"id","value":"io.appium.android.apis:id/edit"}&amp#27;[39m
[debug] &amp#27;[35m[W3C (e67b95f7)]&amp#27;[39m Calling AppiumDriver.findElement() with args: ["id","io.appium.android.apis:id/edit","e67b95f7-0666-4ad9-bf82-0c69c65da043"]
[debug] &amp#27;[35m[BaseDriver]&amp#27;[39m Valid locator strategies for this request: xpath, id, class name, accessibility id, css selector, -android uiautomator
[debug] &amp#27;[35m[BaseDriver]&amp#27;[39m Waiting up to 10000 ms for condition
[debug] &amp#27;[35m[WD Proxy]&amp#27;[39m Matched '/element' to command name 'findElement'
[debug] &amp#27;[35m[WD Proxy]&amp#27;[39m Proxying [POST /element] to [POST http://127.0.0.1:8218/wd/hub/session/e30bd81a-f139-4837-b67f-99a041c747ef/element] with body: {"strategy":"id","selector":"io.appium.android.apis:id/edit","context":"","multiple":false}
[debug] &amp#27;[35m[WD Proxy]&amp#27;[39m Got response with status 200: {"sessionId":"e30bd81a-f139-4837-b67f-99a041c747ef","value":{"ELEMENT":"3f8acb04-49bf-41c9-8aa3-8767599505b8","element-6066-11e4-a52e-4f735466cecf":"3f8acb04-49bf-41c9-8aa3-8767599505b8"}}
[debug] &amp#27;[35m[W3C (e67b95f7)]&amp#27;[39m Responding to client with driver.findElement() result: {"element-6066-11e4-a52e-4f735466cecf":"3f8acb04-49bf-41c9-8aa3-8767599505b8","ELEMENT":"3f8acb04-49bf-41c9-8aa3-8767599505b8"}
&amp#27;[35m[HTTP]&amp#27;[39m &amp#27;[37m<-- POST /wd/hub/session/e67b95f7-0666-4ad9-bf82-0c69c65da043/element &amp#27;[39m&amp#27;[32m200&amp#27;[39m &amp#27;[90m1385 ms - 137&amp#27;[39m
&amp#27;[35m[HTTP]&amp#27;[39m &amp#27;[90m&amp#27;[39m
&amp#27;[35m[HTTP]&amp#27;[39m &amp#27;[37m-->&amp#27;[39m &amp#27;[37mPOST&amp#27;[39m &amp#27;[37m/wd/hub/session/e67b95f7-0666-4ad9-bf82-0c69c65da043/element/3f8acb04-49bf-41c9-8aa3-8767599505b8/value&amp#27;[39m
&amp#27;[35m[HTTP]&amp#27;[39m &amp#27;[90m{"id":"3f8acb04-49bf-41c9-8aa3-8767599505b8","text":"Hello","value":["H","e","l","l","o"]}&amp#27;[39m
[debug] &amp#27;[35m[W3C (e67b95f7)]&amp#27;[39m Calling AppiumDriver.setValue() with args: [["H","e","l","l","o"],"3f8acb04-49bf-41c9-8aa3-8767599505b8","e67b95f7-0666-4ad9-bf82-0c69c65da043"]
[debug] &amp#27;[35m[WD Proxy]&amp#27;[39m Matched '/element/3f8acb04-49bf-41c9-8aa3-8767599505b8/value' to command name 'setValue'
[debug] &amp#27;[35m[Protocol Converter]&amp#27;[39m Added 'value' property ["H","e","l","l","o"] to 'setValue' request body
[debug] &amp#27;[35m[WD Proxy]&amp#27;[39m Proxying [POST /element/3f8acb04-49bf-41c9-8aa3-8767599505b8/value] to [POST http://127.0.0.1:8218/wd/hub/session/e30bd81a-f139-4837-b67f-99a041c747ef/element/3f8acb04-49bf-41c9-8aa3-8767599505b8/value] with body: {"elementId":"3f8acb04-49bf-41c9-8aa3-8767599505b8","text":"Hello","replace":false,"value":["H","e","l","l","o"]}
[debug] &amp#27;[35m[WD Proxy]&amp#27;[39m Got response with status 200: {"sessionId":"e30bd81a-f139-4837-b67f-99a041c747ef","value":null}
[debug] &amp#27;[35m[W3C (e67b95f7)]&amp#27;[39m Responding to client with driver.setValue() result: null
&amp#27;[35m[HTTP]&amp#27;[39m &amp#27;[37m<-- POST /wd/hub/session/e67b95f7-0666-4ad9-bf82-0c69c65da043/element/3f8acb04-49bf-41c9-8aa3-8767599505b8/value &amp#27;[39m&amp#27;[32m200&amp#27;[39m &amp#27;[90m34 ms - 14&amp#27;[39m
&amp#27;[35m[HTTP]&amp#27;[39m &amp#27;[90m&amp#27;[39m
&amp#27;[35m[HTTP]&amp#27;[39m &amp#27;[37m-->&amp#27;[39m &amp#27;[37mPOST&amp#27;[39m &amp#27;[37m/wd/hub/session/e67b95f7-0666-4ad9-bf82-0c69c65da043/appium/device/hide_keyboard&amp#27;[39m
&amp#27;[35m[HTTP]&amp#27;[39m &amp#27;[90m{}&amp#27;[39m
[debug] &amp#27;[35m[W3C (e67b95f7)]&amp#27;[39m Calling AppiumDriver.hideKeyboard() with args: [null,null,null,null,"e67b95f7-0666-4ad9-bf82-0c69c65da043"]
[debug] &amp#27;[35m[ADB]&amp#27;[39m Running 'C:\Users\Anis\AppData\Local\Android\Sdk\platform-tools\adb.exe -P 5037 -s 55272e729804 shell dumpsys input_method'
[debug] &amp#27;[35m[ADB]&amp#27;[39m Running 'C:\Users\Anis\AppData\Local\Android\Sdk\platform-tools\adb.exe -P 5037 -s 55272e729804 shell input keyevent 111'
[debug] &amp#27;[35m[ADB]&amp#27;[39m Running 'C:\Users\Anis\AppData\Local\Android\Sdk\platform-tools\adb.exe -P 5037 -s 55272e729804 shell dumpsys input_method'
[debug] &amp#27;[35m[W3C (e67b95f7)]&amp#27;[39m Responding to client with driver.hideKeyboard() result: true
[INFO ] 2021-06-18 16:00:07.938 [main] ExplicitWait - Waiting for element to be visible: Located by By.chained({By.id: io.appium.android.apis:id/radio1})
[INFO ] 2021-06-18 16:00:07.938 [main] ExplicitWait - Waiting for element to be visible: Located by By.chained({By.id: io.appium.android.apis:id/radio1})
&amp#27;[35m[HTTP]&amp#27;[39m &amp#27;[37m<-- POST /wd/hub/session/e67b95f7-0666-4ad9-bf82-0c69c65da043/appium/device/hide_keyboard &amp#27;[39m&amp#27;[32m200&amp#27;[39m &amp#27;[90m1493 ms - 14&amp#27;[39m
&amp#27;[35m[HTTP]&amp#27;[39m &amp#27;[90m&amp#27;[39m
&amp#27;[35m[HTTP]&amp#27;[39m &amp#27;[37m-->&amp#27;[39m &amp#27;[37mPOST&amp#27;[39m &amp#27;[37m/wd/hub/session/e67b95f7-0666-4ad9-bf82-0c69c65da043/timeouts&amp#27;[39m
&amp#27;[35m[HTTP]&amp#27;[39m &amp#27;[90m{"implicit":0}&amp#27;[39m
[debug] &amp#27;[35m[W3C (e67b95f7)]&amp#27;[39m Calling AppiumDriver.timeouts() with args: [null,null,null,null,0,"e67b95f7-0666-4ad9-bf82-0c69c65da043"]
[debug] &amp#27;[35m[BaseDriver]&amp#27;[39m W3C timeout argument: {"implicit":0}}
[debug] &amp#27;[35m[BaseDriver]&amp#27;[39m Set implicit wait to 0ms
[debug] &amp#27;[35m[W3C (e67b95f7)]&amp#27;[39m Responding to client with driver.timeouts() result: null
&amp#27;[35m[HTTP]&amp#27;[39m &amp#27;[37m<-- POST /wd/hub/session/e67b95f7-0666-4ad9-bf82-0c69c65da043/timeouts &amp#27;[39m&amp#27;[32m200&amp#27;[39m &amp#27;[90m2 ms - 14&amp#27;[39m
&amp#27;[35m[HTTP]&amp#27;[39m &amp#27;[90m&amp#27;[39m
&amp#27;[35m[HTTP]&amp#27;[39m &amp#27;[37m-->&amp#27;[39m &amp#27;[37mGET&amp#27;[39m &amp#27;[37m/wd/hub/session/e67b95f7-0666-4ad9-bf82-0c69c65da043&amp#27;[39m
&amp#27;[35m[HTTP]&amp#27;[39m &amp#27;[90m{}&amp#27;[39m
[debug] &amp#27;[35m[W3C (e67b95f7)]&amp#27;[39m Calling AppiumDriver.getSession() with args: ["e67b95f7-0666-4ad9-bf82-0c69c65da043"]
[debug] &amp#27;[35m[UiAutomator2]&amp#27;[39m Getting session details from server to mix in
[debug] &amp#27;[35m[WD Proxy]&amp#27;[39m Matched '/' to command name 'getSession'
[debug] &amp#27;[35m[WD Proxy]&amp#27;[39m Proxying [GET /] to [GET http://127.0.0.1:8218/wd/hub/session/e30bd81a-f139-4837-b67f-99a041c747ef] with no body
[debug] &amp#27;[35m[WD Proxy]&amp#27;[39m Got response with status 200: {"sessionId":"e30bd81a-f139-4837-b67f-99a041c747ef","value":{"lastScrollData":null}}
[debug] &amp#27;[35m[W3C (e67b95f7)]&amp#27;[39m Responding to client with driver.getSession() result: {"platform":"LINUX","webStorageEnabled":false,"takesScreenshot":true,"javascriptEnabled":true,"databaseEnabled":false,"networkConnectionEnabled":true,"locationContextEnabled":false,"warnings":{},"desired":{"platformName":"android","app":"C:\\Users\\Anis\\eclipse-workspace\\Appium\\src\\ApiDemos-debug.apk","deviceName":"Redmi","newCommandTimeout":14},"platformName":"android","app":"C:\\Users\\Anis\\eclipse-workspace\\Appium\\src\\ApiDemos-debug.apk","deviceName":"55272e729804","newCommandTimeout":14,"deviceUDID":"55272e729804","appPackage":"io.appium.android.apis","deviceApiLevel":24,"platformVersion":"7.0","deviceScreenSize":"1080x1920","deviceScreenDensity":480,"deviceModel":"Redmi Note 4","deviceManufacturer":"Xiaomi","pixelRatio":3,"statBarHeight":72,"viewportRect":{"left":0,"top":72,"width":1080,"height":1848},"lastScrollData":null}
&amp#27;[35m[HTTP]&amp#27;[39m &amp#27;[37m<-- GET /wd/hub/session/e67b95f7-0666-4ad9-bf82-0c69c65da043 &amp#27;[39m&amp#27;[32m200&amp#27;[39m &amp#27;[90m12 ms - 858&amp#27;[39m
&amp#27;[35m[HTTP]&amp#27;[39m &amp#27;[90m&amp#27;[39m
&amp#27;[35m[HTTP]&amp#27;[39m &amp#27;[37m-->&amp#27;[39m &amp#27;[37mPOST&amp#27;[39m &amp#27;[37m/wd/hub/session/e67b95f7-0666-4ad9-bf82-0c69c65da043/element&amp#27;[39m
&amp#27;[35m[HTTP]&amp#27;[39m &amp#27;[90m{"using":"id","value":"io.appium.android.apis:id/radio1"}&amp#27;[39m
[debug] &amp#27;[35m[W3C (e67b95f7)]&amp#27;[39m Calling AppiumDriver.findElement() with args: ["id","io.appium.android.apis:id/radio1","e67b95f7-0666-4ad9-bf82-0c69c65da043"]
[debug] &amp#27;[35m[BaseDriver]&amp#27;[39m Valid locator strategies for this request: xpath, id, class name, accessibility id, css selector, -android uiautomator
[debug] &amp#27;[35m[BaseDriver]&amp#27;[39m Waiting up to 0 ms for condition
[debug] &amp#27;[35m[WD Proxy]&amp#27;[39m Matched '/element' to command name 'findElement'
[debug] &amp#27;[35m[WD Proxy]&amp#27;[39m Proxying [POST /element] to [POST http://127.0.0.1:8218/wd/hub/session/e30bd81a-f139-4837-b67f-99a041c747ef/element] with body: {"strategy":"id","selector":"io.appium.android.apis:id/radio1","context":"","multiple":false}
[debug] &amp#27;[35m[WD Proxy]&amp#27;[39m Got response with status 200: {"sessionId":"e30bd81a-f139-4837-b67f-99a041c747ef","value":{"ELEMENT":"1a2ef04b-17b3-4b94-add7-a2ac6df2f389","element-6066-11e4-a52e-4f735466cecf":"1a2ef04b-17b3-4b94-add7-a2ac6df2f389"}}
[debug] &amp#27;[35m[W3C (e67b95f7)]&amp#27;[39m Responding to client with driver.findElement() result: {"element-6066-11e4-a52e-4f735466cecf":"1a2ef04b-17b3-4b94-add7-a2ac6df2f389","ELEMENT":"1a2ef04b-17b3-4b94-add7-a2ac6df2f389"}
&amp#27;[35m[HTTP]&amp#27;[39m &amp#27;[37m<-- POST /wd/hub/session/e67b95f7-0666-4ad9-bf82-0c69c65da043/element &amp#27;[39m&amp#27;[32m200&amp#27;[39m &amp#27;[90m798 ms - 137&amp#27;[39m
&amp#27;[35m[HTTP]&amp#27;[39m &amp#27;[90m&amp#27;[39m
&amp#27;[35m[HTTP]&amp#27;[39m &amp#27;[37m-->&amp#27;[39m &amp#27;[37mGET&amp#27;[39m &amp#27;[37m/wd/hub/session/e67b95f7-0666-4ad9-bf82-0c69c65da043/element/1a2ef04b-17b3-4b94-add7-a2ac6df2f389/displayed&amp#27;[39m
&amp#27;[35m[HTTP]&amp#27;[39m &amp#27;[90m{}&amp#27;[39m
[debug] &amp#27;[35m[W3C (e67b95f7)]&amp#27;[39m Calling AppiumDriver.elementDisplayed() with args: ["1a2ef04b-17b3-4b94-add7-a2ac6df2f389","e67b95f7-0666-4ad9-bf82-0c69c65da043"]
[debug] &amp#27;[35m[WD Proxy]&amp#27;[39m Matched '/element/1a2ef04b-17b3-4b94-add7-a2ac6df2f389/attribute/displayed' to command name 'getAttribute'
[debug] &amp#27;[35m[WD Proxy]&amp#27;[39m Proxying [GET /element/1a2ef04b-17b3-4b94-add7-a2ac6df2f389/attribute/displayed] to [GET http://127.0.0.1:8218/wd/hub/session/e30bd81a-f139-4837-b67f-99a041c747ef/element/1a2ef04b-17b3-4b94-add7-a2ac6df2f389/attribute/displayed] with no body
[debug] &amp#27;[35m[WD Proxy]&amp#27;[39m Got response with status 200: {"sessionId":"e30bd81a-f139-4837-b67f-99a041c747ef","value":"true"}
[debug] &amp#27;[35m[W3C (e67b95f7)]&amp#27;[39m Responding to client with driver.elementDisplayed() result: true
&amp#27;[35m[HTTP]&amp#27;[39m &amp#27;[37m<-- GET /wd/hub/session/e67b95f7-0666-4ad9-bf82-0c69c65da043/element/1a2ef04b-17b3-4b94-add7-a2ac6df2f389/displayed &amp#27;[39m&amp#27;[32m200&amp#27;[39m &amp#27;[90m19 ms - 14&amp#27;[39m
&amp#27;[35m[HTTP]&amp#27;[39m &amp#27;[90m&amp#27;[39m
&amp#27;[35m[HTTP]&amp#27;[39m &amp#27;[37m-->&amp#27;[39m &amp#27;[37mPOST&amp#27;[39m &amp#27;[37m/wd/hub/session/e67b95f7-0666-4ad9-bf82-0c69c65da043/timeouts&amp#27;[39m
&amp#27;[35m[HTTP]&amp#27;[39m &amp#27;[90m{"implicit":10000}&amp#27;[39m
[debug] &amp#27;[35m[W3C (e67b95f7)]&amp#27;[39m Calling AppiumDriver.timeouts() with args: [null,null,null,null,10000,"e67b95f7-0666-4ad9-bf82-0c69c65da043"]
[debug] &amp#27;[35m[BaseDriver]&amp#27;[39m W3C timeout argument: {"implicit":10000}}
[debug] &amp#27;[35m[BaseDriver]&amp#27;[39m Set implicit wait to 10000ms
[debug] &amp#27;[35m[W3C (e67b95f7)]&amp#27;[39m Responding to client with driver.timeouts() result: null
&amp#27;[35m[HTTP]&amp#27;[39m &amp#27;[37m<-- POST /wd/hub/session/e67b95f7-0666-4ad9-bf82-0c69c65da043/timeouts &amp#27;[39m&amp#27;[32m200&amp#27;[39m &amp#27;[90m2 ms - 14&amp#27;[39m
&amp#27;[35m[HTTP]&amp#27;[39m &amp#27;[90m&amp#27;[39m
[INFO ] 2021-06-18 16:00:08.811 [main] ViewsPage - Clicks The Radio Button
[INFO ] 2021-06-18 16:00:08.811 [main] ExplicitWait - Waiting for element to be clickable: Located by By.chained({By.id: io.appium.android.apis:id/radio1})
&amp#27;[35m[HTTP]&amp#27;[39m &amp#27;[37m-->&amp#27;[39m &amp#27;[37mPOST&amp#27;[39m &amp#27;[37m/wd/hub/session/e67b95f7-0666-4ad9-bf82-0c69c65da043/timeouts&amp#27;[39m
&amp#27;[35m[HTTP]&amp#27;[39m &amp#27;[90m{"implicit":0}&amp#27;[39m
[debug] &amp#27;[35m[W3C (e67b95f7)]&amp#27;[39m Calling AppiumDriver.timeouts() with args: [null,null,null,null,0,"e67b95f7-0666-4ad9-bf82-0c69c65da043"]
[debug] &amp#27;[35m[BaseDriver]&amp#27;[39m W3C timeout argument: {"implicit":0}}
[debug] &amp#27;[35m[BaseDriver]&amp#27;[39m Set implicit wait to 0ms
[debug] &amp#27;[35m[W3C (e67b95f7)]&amp#27;[39m Responding to client with driver.timeouts() result: null
&amp#27;[35m[HTTP]&amp#27;[39m &amp#27;[37m<-- POST /wd/hub/session/e67b95f7-0666-4ad9-bf82-0c69c65da043/timeouts &amp#27;[39m&amp#27;[32m200&amp#27;[39m &amp#27;[90m2 ms - 14&amp#27;[39m
&amp#27;[35m[HTTP]&amp#27;[39m &amp#27;[90m&amp#27;[39m
&amp#27;[35m[HTTP]&amp#27;[39m &amp#27;[37m-->&amp#27;[39m &amp#27;[37mGET&amp#27;[39m &amp#27;[37m/wd/hub/session/e67b95f7-0666-4ad9-bf82-0c69c65da043&amp#27;[39m
&amp#27;[35m[HTTP]&amp#27;[39m &amp#27;[90m{}&amp#27;[39m
[debug] &amp#27;[35m[W3C (e67b95f7)]&amp#27;[39m Calling AppiumDriver.getSession() with args: ["e67b95f7-0666-4ad9-bf82-0c69c65da043"]
[debug] &amp#27;[35m[UiAutomator2]&amp#27;[39m Getting session details from server to mix in
[debug] &amp#27;[35m[WD Proxy]&amp#27;[39m Matched '/' to command name 'getSession'
[debug] &amp#27;[35m[WD Proxy]&amp#27;[39m Proxying [GET /] to [GET http://127.0.0.1:8218/wd/hub/session/e30bd81a-f139-4837-b67f-99a041c747ef] with no body
[debug] &amp#27;[35m[WD Proxy]&amp#27;[39m Got response with status 200: {"sessionId":"e30bd81a-f139-4837-b67f-99a041c747ef","value":{"lastScrollData":null}}
[debug] &amp#27;[35m[W3C (e67b95f7)]&amp#27;[39m Responding to client with driver.getSession() result: {"platform":"LINUX","webStorageEnabled":false,"takesScreenshot":true,"javascriptEnabled":true,"databaseEnabled":false,"networkConnectionEnabled":true,"locationContextEnabled":false,"warnings":{},"desired":{"platformName":"android","app":"C:\\Users\\Anis\\eclipse-workspace\\Appium\\src\\ApiDemos-debug.apk","deviceName":"Redmi","newCommandTimeout":14},"platformName":"android","app":"C:\\Users\\Anis\\eclipse-workspace\\Appium\\src\\ApiDemos-debug.apk","deviceName":"55272e729804","newCommandTimeout":14,"deviceUDID":"55272e729804","appPackage":"io.appium.android.apis","deviceApiLevel":24,"platformVersion":"7.0","deviceScreenSize":"1080x1920","deviceScreenDensity":480,"deviceModel":"Redmi Note 4","deviceManufacturer":"Xiaomi","pixelRatio":3,"statBarHeight":72,"viewportRect":{"left":0,"top":72,"width":1080,"height":1848},"lastScrollData":null}
&amp#27;[35m[HTTP]&amp#27;[39m &amp#27;[37m<-- GET /wd/hub/session/e67b95f7-0666-4ad9-bf82-0c69c65da043 &amp#27;[39m&amp#27;[32m200&amp#27;[39m &amp#27;[90m10 ms - 858&amp#27;[39m
&amp#27;[35m[HTTP]&amp#27;[39m &amp#27;[90m&amp#27;[39m
&amp#27;[35m[HTTP]&amp#27;[39m &amp#27;[37m-->&amp#27;[39m &amp#27;[37mPOST&amp#27;[39m &amp#27;[37m/wd/hub/session/e67b95f7-0666-4ad9-bf82-0c69c65da043/element&amp#27;[39m
&amp#27;[35m[HTTP]&amp#27;[39m &amp#27;[90m{"using":"id","value":"io.appium.android.apis:id/radio1"}&amp#27;[39m
[debug] &amp#27;[35m[W3C (e67b95f7)]&amp#27;[39m Calling AppiumDriver.findElement() with args: ["id","io.appium.android.apis:id/radio1","e67b95f7-0666-4ad9-bf82-0c69c65da043"]
[debug] &amp#27;[35m[BaseDriver]&amp#27;[39m Valid locator strategies for this request: xpath, id, class name, accessibility id, css selector, -android uiautomator
[debug] &amp#27;[35m[BaseDriver]&amp#27;[39m Waiting up to 0 ms for condition
[debug] &amp#27;[35m[WD Proxy]&amp#27;[39m Matched '/element' to command name 'findElement'
[debug] &amp#27;[35m[WD Proxy]&amp#27;[39m Proxying [POST /element] to [POST http://127.0.0.1:8218/wd/hub/session/e30bd81a-f139-4837-b67f-99a041c747ef/element] with body: {"strategy":"id","selector":"io.appium.android.apis:id/radio1","context":"","multiple":false}
[debug] &amp#27;[35m[WD Proxy]&amp#27;[39m Got response with status 200: {"sessionId":"e30bd81a-f139-4837-b67f-99a041c747ef","value":{"ELEMENT":"af963738-2cf8-4bcc-8512-7b4148d64922","element-6066-11e4-a52e-4f735466cecf":"af963738-2cf8-4bcc-8512-7b4148d64922"}}
[debug] &amp#27;[35m[W3C (e67b95f7)]&amp#27;[39m Responding to client with driver.findElement() result: {"element-6066-11e4-a52e-4f735466cecf":"af963738-2cf8-4bcc-8512-7b4148d64922","ELEMENT":"af963738-2cf8-4bcc-8512-7b4148d64922"}
&amp#27;[35m[HTTP]&amp#27;[39m &amp#27;[37m<-- POST /wd/hub/session/e67b95f7-0666-4ad9-bf82-0c69c65da043/element &amp#27;[39m&amp#27;[32m200&amp#27;[39m &amp#27;[90m23 ms - 137&amp#27;[39m
&amp#27;[35m[HTTP]&amp#27;[39m &amp#27;[90m&amp#27;[39m
&amp#27;[35m[HTTP]&amp#27;[39m &amp#27;[37m-->&amp#27;[39m &amp#27;[37mGET&amp#27;[39m &amp#27;[37m/wd/hub/session/e67b95f7-0666-4ad9-bf82-0c69c65da043/element/af963738-2cf8-4bcc-8512-7b4148d64922/displayed&amp#27;[39m
&amp#27;[35m[HTTP]&amp#27;[39m &amp#27;[90m{}&amp#27;[39m
[debug] &amp#27;[35m[W3C (e67b95f7)]&amp#27;[39m Calling AppiumDriver.elementDisplayed() with args: ["af963738-2cf8-4bcc-8512-7b4148d64922","e67b95f7-0666-4ad9-bf82-0c69c65da043"]
[debug] &amp#27;[35m[WD Proxy]&amp#27;[39m Matched '/element/af963738-2cf8-4bcc-8512-7b4148d64922/attribute/displayed' to command name 'getAttribute'
[debug] &amp#27;[35m[WD Proxy]&amp#27;[39m Proxying [GET /element/af963738-2cf8-4bcc-8512-7b4148d64922/attribute/displayed] to [GET http://127.0.0.1:8218/wd/hub/session/e30bd81a-f139-4837-b67f-99a041c747ef/element/af963738-2cf8-4bcc-8512-7b4148d64922/attribute/displayed] with no body
[debug] &amp#27;[35m[WD Proxy]&amp#27;[39m Got response with status 200: {"sessionId":"e30bd81a-f139-4837-b67f-99a041c747ef","value":"true"}
[debug] &amp#27;[35m[W3C (e67b95f7)]&amp#27;[39m Responding to client with driver.elementDisplayed() result: true
&amp#27;[35m[HTTP]&amp#27;[39m &amp#27;[37m<-- GET /wd/hub/session/e67b95f7-0666-4ad9-bf82-0c69c65da043/element/af963738-2cf8-4bcc-8512-7b4148d64922/displayed &amp#27;[39m&amp#27;[32m200&amp#27;[39m &amp#27;[90m17 ms - 14&amp#27;[39m
&amp#27;[35m[HTTP]&amp#27;[39m &amp#27;[90m&amp#27;[39m
&amp#27;[35m[HTTP]&amp#27;[39m &amp#27;[37m-->&amp#27;[39m &amp#27;[37mGET&amp#27;[39m &amp#27;[37m/wd/hub/session/e67b95f7-0666-4ad9-bf82-0c69c65da043&amp#27;[39m
&amp#27;[35m[HTTP]&amp#27;[39m &amp#27;[90m{}&amp#27;[39m
[debug] &amp#27;[35m[W3C (e67b95f7)]&amp#27;[39m Calling AppiumDriver.getSession() with args: ["e67b95f7-0666-4ad9-bf82-0c69c65da043"]
[debug] &amp#27;[35m[UiAutomator2]&amp#27;[39m Getting session details from server to mix in
[debug] &amp#27;[35m[WD Proxy]&amp#27;[39m Matched '/' to command name 'getSession'
[debug] &amp#27;[35m[WD Proxy]&amp#27;[39m Proxying [GET /] to [GET http://127.0.0.1:8218/wd/hub/session/e30bd81a-f139-4837-b67f-99a041c747ef] with no body
[debug] &amp#27;[35m[WD Proxy]&amp#27;[39m Got response with status 200: {"sessionId":"e30bd81a-f139-4837-b67f-99a041c747ef","value":{"lastScrollData":null}}
[debug] &amp#27;[35m[W3C (e67b95f7)]&amp#27;[39m Responding to client with driver.getSession() result: {"platform":"LINUX","webStorageEnabled":false,"takesScreenshot":true,"javascriptEnabled":true,"databaseEnabled":false,"networkConnectionEnabled":true,"locationContextEnabled":false,"warnings":{},"desired":{"platformName":"android","app":"C:\\Users\\Anis\\eclipse-workspace\\Appium\\src\\ApiDemos-debug.apk","deviceName":"Redmi","newCommandTimeout":14},"platformName":"android","app":"C:\\Users\\Anis\\eclipse-workspace\\Appium\\src\\ApiDemos-debug.apk","deviceName":"55272e729804","newCommandTimeout":14,"deviceUDID":"55272e729804","appPackage":"io.appium.android.apis","deviceApiLevel":24,"platformVersion":"7.0","deviceScreenSize":"1080x1920","deviceScreenDensity":480,"deviceModel":"Redmi Note 4","deviceManufacturer":"Xiaomi","pixelRatio":3,"statBarHeight":72,"viewportRect":{"left":0,"top":72,"width":1080,"height":1848},"lastScrollData":null}
&amp#27;[35m[HTTP]&amp#27;[39m &amp#27;[37m<-- GET /wd/hub/session/e67b95f7-0666-4ad9-bf82-0c69c65da043 &amp#27;[39m&amp#27;[32m200&amp#27;[39m &amp#27;[90m10 ms - 858&amp#27;[39m
&amp#27;[35m[HTTP]&amp#27;[39m &amp#27;[90m&amp#27;[39m
&amp#27;[35m[HTTP]&amp#27;[39m &amp#27;[37m-->&amp#27;[39m &amp#27;[37mPOST&amp#27;[39m &amp#27;[37m/wd/hub/session/e67b95f7-0666-4ad9-bf82-0c69c65da043/element&amp#27;[39m
&amp#27;[35m[HTTP]&amp#27;[39m &amp#27;[90m{"using":"id","value":"io.appium.android.apis:id/radio1"}&amp#27;[39m
[debug] &amp#27;[35m[W3C (e67b95f7)]&amp#27;[39m Calling AppiumDriver.findElement() with args: ["id","io.appium.android.apis:id/radio1","e67b95f7-0666-4ad9-bf82-0c69c65da043"]
[debug] &amp#27;[35m[BaseDriver]&amp#27;[39m Valid locator strategies for this request: xpath, id, class name, accessibility id, css selector, -android uiautomator
[debug] &amp#27;[35m[BaseDriver]&amp#27;[39m Waiting up to 0 ms for condition
[debug] &amp#27;[35m[WD Proxy]&amp#27;[39m Matched '/element' to command name 'findElement'
[debug] &amp#27;[35m[WD Proxy]&amp#27;[39m Proxying [POST /element] to [POST http://127.0.0.1:8218/wd/hub/session/e30bd81a-f139-4837-b67f-99a041c747ef/element] with body: {"strategy":"id","selector":"io.appium.android.apis:id/radio1","context":"","multiple":false}
[debug] &amp#27;[35m[WD Proxy]&amp#27;[39m Got response with status 200: {"sessionId":"e30bd81a-f139-4837-b67f-99a041c747ef","value":{"ELEMENT":"d311b18a-d1dd-46c5-973d-9b8e3ca75543","element-6066-11e4-a52e-4f735466cecf":"d311b18a-d1dd-46c5-973d-9b8e3ca75543"}}
[debug] &amp#27;[35m[W3C (e67b95f7)]&amp#27;[39m Responding to client with driver.findElement() result: {"element-6066-11e4-a52e-4f735466cecf":"d311b18a-d1dd-46c5-973d-9b8e3ca75543","ELEMENT":"d311b18a-d1dd-46c5-973d-9b8e3ca75543"}
&amp#27;[35m[HTTP]&amp#27;[39m &amp#27;[37m<-- POST /wd/hub/session/e67b95f7-0666-4ad9-bf82-0c69c65da043/element &amp#27;[39m&amp#27;[32m200&amp#27;[39m &amp#27;[90m31 ms - 137&amp#27;[39m
&amp#27;[35m[HTTP]&amp#27;[39m &amp#27;[90m&amp#27;[39m
&amp#27;[35m[HTTP]&amp#27;[39m &amp#27;[37m-->&amp#27;[39m &amp#27;[37mGET&amp#27;[39m &amp#27;[37m/wd/hub/session/e67b95f7-0666-4ad9-bf82-0c69c65da043/element/d311b18a-d1dd-46c5-973d-9b8e3ca75543/enabled&amp#27;[39m
&amp#27;[35m[HTTP]&amp#27;[39m &amp#27;[90m{}&amp#27;[39m
[debug] &amp#27;[35m[W3C (e67b95f7)]&amp#27;[39m Calling AppiumDriver.elementEnabled() with args: ["d311b18a-d1dd-46c5-973d-9b8e3ca75543","e67b95f7-0666-4ad9-bf82-0c69c65da043"]
[debug] &amp#27;[35m[WD Proxy]&amp#27;[39m Matched '/element/d311b18a-d1dd-46c5-973d-9b8e3ca75543/attribute/enabled' to command name 'getAttribute'
[debug] &amp#27;[35m[WD Proxy]&amp#27;[39m Proxying [GET /element/d311b18a-d1dd-46c5-973d-9b8e3ca75543/attribute/enabled] to [GET http://127.0.0.1:8218/wd/hub/session/e30bd81a-f139-4837-b67f-99a041c747ef/element/d311b18a-d1dd-46c5-973d-9b8e3ca75543/attribute/enabled] with no body
[debug] &amp#27;[35m[WD Proxy]&amp#27;[39m Got response with status 200: {"sessionId":"e30bd81a-f139-4837-b67f-99a041c747ef","value":"true"}
[debug] &amp#27;[35m[W3C (e67b95f7)]&amp#27;[39m Responding to client with driver.elementEnabled() result: true
&amp#27;[35m[HTTP]&amp#27;[39m &amp#27;[37m<-- GET /wd/hub/session/e67b95f7-0666-4ad9-bf82-0c69c65da043/element/d311b18a-d1dd-46c5-973d-9b8e3ca75543/enabled &amp#27;[39m&amp#27;[32m200&amp#27;[39m &amp#27;[90m18 ms - 14&amp#27;[39m
&amp#27;[35m[HTTP]&amp#27;[39m &amp#27;[90m&amp#27;[39m
&amp#27;[35m[HTTP]&amp#27;[39m &amp#27;[37m-->&amp#27;[39m &amp#27;[37mPOST&amp#27;[39m &amp#27;[37m/wd/hub/session/e67b95f7-0666-4ad9-bf82-0c69c65da043/timeouts&amp#27;[39m
&amp#27;[35m[HTTP]&amp#27;[39m &amp#27;[90m{"implicit":10000}&amp#27;[39m
[debug] &amp#27;[35m[W3C (e67b95f7)]&amp#27;[39m Calling AppiumDriver.timeouts() with args: [null,null,null,null,10000,"e67b95f7-0666-4ad9-bf82-0c69c65da043"]
[debug] &amp#27;[35m[BaseDriver]&amp#27;[39m W3C timeout argument: {"implicit":10000}}
[debug] &amp#27;[35m[BaseDriver]&amp#27;[39m Set implicit wait to 10000ms
[debug] &amp#27;[35m[W3C (e67b95f7)]&amp#27;[39m Responding to client with driver.timeouts() result: null
&amp#27;[35m[HTTP]&amp#27;[39m &amp#27;[37m<-- POST /wd/hub/session/e67b95f7-0666-4ad9-bf82-0c69c65da043/timeouts &amp#27;[39m&amp#27;[32m200&amp#27;[39m &amp#27;[90m3 ms - 14&amp#27;[39m
&amp#27;[35m[HTTP]&amp#27;[39m &amp#27;[90m&amp#27;[39m
&amp#27;[35m[HTTP]&amp#27;[39m &amp#27;[37m-->&amp#27;[39m &amp#27;[37mGET&amp#27;[39m &amp#27;[37m/wd/hub/session/e67b95f7-0666-4ad9-bf82-0c69c65da043&amp#27;[39m
&amp#27;[35m[HTTP]&amp#27;[39m &amp#27;[90m{}&amp#27;[39m
[debug] &amp#27;[35m[W3C (e67b95f7)]&amp#27;[39m Calling AppiumDriver.getSession() with args: ["e67b95f7-0666-4ad9-bf82-0c69c65da043"]
[debug] &amp#27;[35m[UiAutomator2]&amp#27;[39m Getting session details from server to mix in
[debug] &amp#27;[35m[WD Proxy]&amp#27;[39m Matched '/' to command name 'getSession'
[debug] &amp#27;[35m[WD Proxy]&amp#27;[39m Proxying [GET /] to [GET http://127.0.0.1:8218/wd/hub/session/e30bd81a-f139-4837-b67f-99a041c747ef] with no body
[debug] &amp#27;[35m[WD Proxy]&amp#27;[39m Got response with status 200: {"sessionId":"e30bd81a-f139-4837-b67f-99a041c747ef","value":{"lastScrollData":null}}
[debug] &amp#27;[35m[W3C (e67b95f7)]&amp#27;[39m Responding to client with driver.getSession() result: {"platform":"LINUX","webStorageEnabled":false,"takesScreenshot":true,"javascriptEnabled":true,"databaseEnabled":false,"networkConnectionEnabled":true,"locationContextEnabled":false,"warnings":{},"desired":{"platformName":"android","app":"C:\\Users\\Anis\\eclipse-workspace\\Appium\\src\\ApiDemos-debug.apk","deviceName":"Redmi","newCommandTimeout":14},"platformName":"android","app":"C:\\Users\\Anis\\eclipse-workspace\\Appium\\src\\ApiDemos-debug.apk","deviceName":"55272e729804","newCommandTimeout":14,"deviceUDID":"55272e729804","appPackage":"io.appium.android.apis","deviceApiLevel":24,"platformVersion":"7.0","deviceScreenSize":"1080x1920","deviceScreenDensity":480,"deviceModel":"Redmi Note 4","deviceManufacturer":"Xiaomi","pixelRatio":3,"statBarHeight":72,"viewportRect":{"left":0,"top":72,"width":1080,"height":1848},"lastScrollData":null}
&amp#27;[35m[HTTP]&amp#27;[39m &amp#27;[37m<-- GET /wd/hub/session/e67b95f7-0666-4ad9-bf82-0c69c65da043 &amp#27;[39m&amp#27;[32m200&amp#27;[39m &amp#27;[90m10 ms - 858&amp#27;[39m
&amp#27;[35m[HTTP]&amp#27;[39m &amp#27;[90m&amp#27;[39m
&amp#27;[35m[HTTP]&amp#27;[39m &amp#27;[37m-->&amp#27;[39m &amp#27;[37mPOST&amp#27;[39m &amp#27;[37m/wd/hub/session/e67b95f7-0666-4ad9-bf82-0c69c65da043/element&amp#27;[39m
&amp#27;[35m[HTTP]&amp#27;[39m &amp#27;[90m{"using":"id","value":"io.appium.android.apis:id/radio1"}&amp#27;[39m
[debug] &amp#27;[35m[W3C (e67b95f7)]&amp#27;[39m Calling AppiumDriver.findElement() with args: ["id","io.appium.android.apis:id/radio1","e67b95f7-0666-4ad9-bf82-0c69c65da043"]
[debug] &amp#27;[35m[BaseDriver]&amp#27;[39m Valid locator strategies for this request: xpath, id, class name, accessibility id, css selector, -android uiautomator
[debug] &amp#27;[35m[BaseDriver]&amp#27;[39m Waiting up to 10000 ms for condition
[debug] &amp#27;[35m[WD Proxy]&amp#27;[39m Matched '/element' to command name 'findElement'
[debug] &amp#27;[35m[WD Proxy]&amp#27;[39m Proxying [POST /element] to [POST http://127.0.0.1:8218/wd/hub/session/e30bd81a-f139-4837-b67f-99a041c747ef/element] with body: {"strategy":"id","selector":"io.appium.android.apis:id/radio1","context":"","multiple":false}
[debug] &amp#27;[35m[WD Proxy]&amp#27;[39m Got response with status 200: {"sessionId":"e30bd81a-f139-4837-b67f-99a041c747ef","value":{"ELEMENT":"e25ec210-36cc-4780-bc16-4b3ffa6cab9b","element-6066-11e4-a52e-4f735466cecf":"e25ec210-36cc-4780-bc16-4b3ffa6cab9b"}}
[debug] &amp#27;[35m[W3C (e67b95f7)]&amp#27;[39m Responding to client with driver.findElement() result: {"element-6066-11e4-a52e-4f735466cecf":"e25ec210-36cc-4780-bc16-4b3ffa6cab9b","ELEMENT":"e25ec210-36cc-4780-bc16-4b3ffa6cab9b"}
&amp#27;[35m[HTTP]&amp#27;[39m &amp#27;[37m<-- POST /wd/hub/session/e67b95f7-0666-4ad9-bf82-0c69c65da043/element &amp#27;[39m&amp#27;[32m200&amp#27;[39m &amp#27;[90m24 ms - 137&amp#27;[39m
&amp#27;[35m[HTTP]&amp#27;[39m &amp#27;[90m&amp#27;[39m
&amp#27;[35m[HTTP]&amp#27;[39m &amp#27;[37m-->&amp#27;[39m &amp#27;[37mPOST&amp#27;[39m &amp#27;[37m/wd/hub/session/e67b95f7-0666-4ad9-bf82-0c69c65da043/element/e25ec210-36cc-4780-bc16-4b3ffa6cab9b/click&amp#27;[39m
&amp#27;[35m[HTTP]&amp#27;[39m &amp#27;[90m{"id":"e25ec210-36cc-4780-bc16-4b3ffa6cab9b"}&amp#27;[39m
[debug] &amp#27;[35m[W3C (e67b95f7)]&amp#27;[39m Calling AppiumDriver.click() with args: ["e25ec210-36cc-4780-bc16-4b3ffa6cab9b","e67b95f7-0666-4ad9-bf82-0c69c65da043"]
[debug] &amp#27;[35m[WD Proxy]&amp#27;[39m Matched '/element/e25ec210-36cc-4780-bc16-4b3ffa6cab9b/click' to command name 'click'
[debug] &amp#27;[35m[WD Proxy]&amp#27;[39m Proxying [POST /element/e25ec210-36cc-4780-bc16-4b3ffa6cab9b/click] to [POST http://127.0.0.1:8218/wd/hub/session/e30bd81a-f139-4837-b67f-99a041c747ef/element/e25ec210-36cc-4780-bc16-4b3ffa6cab9b/click] with body: {"element":"e25ec210-36cc-4780-bc16-4b3ffa6cab9b"}
[debug] &amp#27;[35m[WD Proxy]&amp#27;[39m Got response with status 200: {"sessionId":"e30bd81a-f139-4837-b67f-99a041c747ef","value":null}
[debug] &amp#27;[35m[W3C (e67b95f7)]&amp#27;[39m Responding to client with driver.click() result: null
&amp#27;[35m[HTTP]&amp#27;[39m &amp#27;[37m<-- POST /wd/hub/session/e67b95f7-0666-4ad9-bf82-0c69c65da043/element/e25ec210-36cc-4780-bc16-4b3ffa6cab9b/click &amp#27;[39m&amp#27;[32m200&amp#27;[39m &amp#27;[90m25 ms - 14&amp#27;[39m
&amp#27;[35m[HTTP]&amp#27;[39m &amp#27;[90[INFO ] 2021-06-18 16:00:09.067 [main] ExplicitWait - Waiting for element to be visible: Located by By.chained({By.id: io.appium.android.apis:id/star})
m&amp#27;[39m
[INFO ] 2021-06-18 16:00:09.068 [main] ExplicitWait - Waiting for element to be visible: Located by By.chained({By.id: io.appium.android.apis:id/star})
&amp#27;[35m[HTTP]&amp#27;[39m &amp#27;[37m-->&amp#27;[39m &amp#27;[37mPOST&amp#27;[39m &amp#27;[37m/wd/hub/session/e67b95f7-0666-4ad9-bf82-0c69c65da043/timeouts&amp#27;[39m
&amp#27;[35m[HTTP]&amp#27;[39m &amp#27;[90m{"implicit":0}&amp#27;[39m
[debug] &amp#27;[35m[W3C (e67b95f7)]&amp#27;[39m Calling AppiumDriver.timeouts() with args: [null,null,null,null,0,"e67b95f7-0666-4ad9-bf82-0c69c65da043"]
[debug] &amp#27;[35m[BaseDriver]&amp#27;[39m W3C timeout argument: {"implicit":0}}
[debug] &amp#27;[35m[BaseDriver]&amp#27;[39m Set implicit wait to 0ms
[debug] &amp#27;[35m[W3C (e67b95f7)]&amp#27;[39m Responding to client with driver.timeouts() result: null
&amp#27;[35m[HTTP]&amp#27;[39m &amp#27;[37m<-- POST /wd/hub/session/e67b95f7-0666-4ad9-bf82-0c69c65da043/timeouts &amp#27;[39m&amp#27;[32m200&amp#27;[39m &amp#27;[90m2 ms - 14&amp#27;[39m
&amp#27;[35m[HTTP]&amp#27;[39m &amp#27;[90m&amp#27;[39m
&amp#27;[35m[HTTP]&amp#27;[39m &amp#27;[37m-->&amp#27;[39m &amp#27;[37mGET&amp#27;[39m &amp#27;[37m/wd/hub/session/e67b95f7-0666-4ad9-bf82-0c69c65da043&amp#27;[39m
&amp#27;[35m[HTTP]&amp#27;[39m &amp#27;[90m{}&amp#27;[39m
[debug] &amp#27;[35m[W3C (e67b95f7)]&amp#27;[39m Calling AppiumDriver.getSession() with args: ["e67b95f7-0666-4ad9-bf82-0c69c65da043"]
[debug] &amp#27;[35m[UiAutomator2]&amp#27;[39m Getting session details from server to mix in
[debug] &amp#27;[35m[WD Proxy]&amp#27;[39m Matched '/' to command name 'getSession'
[debug] &amp#27;[35m[WD Proxy]&amp#27;[39m Proxying [GET /] to [GET http://127.0.0.1:8218/wd/hub/session/e30bd81a-f139-4837-b67f-99a041c747ef] with no body
[debug] &amp#27;[35m[WD Proxy]&amp#27;[39m Got response with status 200: {"sessionId":"e30bd81a-f139-4837-b67f-99a041c747ef","value":{"lastScrollData":null}}
[debug] &amp#27;[35m[W3C (e67b95f7)]&amp#27;[39m Responding to client with driver.getSession() result: {"platform":"LINUX","webStorageEnabled":false,"takesScreenshot":true,"javascriptEnabled":true,"databaseEnabled":false,"networkConnectionEnabled":true,"locationContextEnabled":false,"warnings":{},"desired":{"platformName":"android","app":"C:\\Users\\Anis\\eclipse-workspace\\Appium\\src\\ApiDemos-debug.apk","deviceName":"Redmi","newCommandTimeout":14},"platformName":"android","app":"C:\\Users\\Anis\\eclipse-workspace\\Appium\\src\\ApiDemos-debug.apk","deviceName":"55272e729804","newCommandTimeout":14,"deviceUDID":"55272e729804","appPackage":"io.appium.android.apis","deviceApiLevel":24,"platformVersion":"7.0","deviceScreenSize":"1080x1920","deviceScreenDensity":480,"deviceModel":"Redmi Note 4","deviceManufacturer":"Xiaomi","pixelRatio":3,"statBarHeight":72,"viewportRect":{"left":0,"top":72,"width":1080,"height":1848},"lastScrollData":null}
&amp#27;[35m[HTTP]&amp#27;[39m &amp#27;[37m<-- GET /wd/hub/session/e67b95f7-0666-4ad9-bf82-0c69c65da043 &amp#27;[39m&amp#27;[32m200&amp#27;[39m &amp#27;[90m10 ms - 858&amp#27;[39m
&amp#27;[35m[HTTP]&amp#27;[39m &amp#27;[90m&amp#27;[39m
&amp#27;[35m[HTTP]&amp#27;[39m &amp#27;[37m-->&amp#27;[39m &amp#27;[37mPOST&amp#27;[39m &amp#27;[37m/wd/hub/session/e67b95f7-0666-4ad9-bf82-0c69c65da043/element&amp#27;[39m
&amp#27;[35m[HTTP]&amp#27;[39m &amp#27;[90m{"using":"id","value":"io.appium.android.apis:id/star"}&amp#27;[39m
[debug] &amp#27;[35m[W3C (e67b95f7)]&amp#27;[39m Calling AppiumDriver.findElement() with args: ["id","io.appium.android.apis:id/star","e67b95f7-0666-4ad9-bf82-0c69c65da043"]
[debug] &amp#27;[35m[BaseDriver]&amp#27;[39m Valid locator strategies for this request: xpath, id, class name, accessibility id, css selector, -android uiautomator
[debug] &amp#27;[35m[BaseDriver]&amp#27;[39m Waiting up to 0 ms for condition
[debug] &amp#27;[35m[WD Proxy]&amp#27;[39m Matched '/element' to command name 'findElement'
[debug] &amp#27;[35m[WD Proxy]&amp#27;[39m Proxying [POST /element] to [POST http://127.0.0.1:8218/wd/hub/session/e30bd81a-f139-4837-b67f-99a041c747ef/element] with body: {"strategy":"id","selector":"io.appium.android.apis:id/star","context":"","multiple":false}
[debug] &amp#27;[35m[WD Proxy]&amp#27;[39m Got response with status 200: {"sessionId":"e30bd81a-f139-4837-b67f-99a041c747ef","value":{"ELEMENT":"6cda71b2-9d9a-4e99-aaa9-d3c5dc1824bd","element-6066-11e4-a52e-4f735466cecf":"6cda71b2-9d9a-4e99-aaa9-d3c5dc1824bd"}}
[debug] &amp#27;[35m[W3C (e67b95f7)]&amp#27;[39m Responding to client with driver.findElement() result: {"element-6066-11e4-a52e-4f735466cecf":"6cda71b2-9d9a-4e99-aaa9-d3c5dc1824bd","ELEMENT":"6cda71b2-9d9a-4e99-aaa9-d3c5dc1824bd"}
&amp#27;[35m[HTTP]&amp#27;[39m &amp#27;[37m<-- POST /wd/hub/session/e67b95f7-0666-4ad9-bf82-0c69c65da043/element &amp#27;[39m&amp#27;[32m200&amp#27;[39m &amp#27;[90m483 ms - 137&amp#27;[39m
&amp#27;[35m[HTTP]&amp#27;[39m &amp#27;[90m&amp#27;[39m
&amp#27;[35m[HTTP]&amp#27;[39m &amp#27;[37m-->&amp#27;[39m &amp#27;[37mGET&amp#27;[39m &amp#27;[37m/wd/hub/session/e67b95f7-0666-4ad9-bf82-0c69c65da043/element/6cda71b2-9d9a-4e99-aaa9-d3c5dc1824bd/displayed&amp#27;[39m
&amp#27;[35m[HTTP]&amp#27;[39m &amp#27;[90m{}&amp#27;[39m
[debug] &amp#27;[35m[W3C (e67b95f7)]&amp#27;[39m Calling AppiumDriver.elementDisplayed() with args: ["6cda71b2-9d9a-4e99-aaa9-d3c5dc1824bd","e67b95f7-0666-4ad9-bf82-0c69c65da043"]
[debug] &amp#27;[35m[WD Proxy]&amp#27;[39m Matched '/element/6cda71b2-9d9a-4e99-aaa9-d3c5dc1824bd/attribute/displayed' to command name 'getAttribute'
[debug] &amp#27;[35m[WD Proxy]&amp#27;[39m Proxying [GET /element/6cda71b2-9d9a-4e99-aaa9-d3c5dc1824bd/attribute/displayed] to [GET http://127.0.0.1:8218/wd/hub/session/e30bd81a-f139-4837-b67f-99a041c747ef/element/6cda71b2-9d9a-4e99-aaa9-d3c5dc1824bd/attribute/displayed] with no body
[debug] &amp#27;[35m[WD Proxy]&amp#27;[39m Got response with status 200: {"sessionId":"e30bd81a-f139-4837-b67f-99a041c747ef","value":"true"}
[debug] &amp#27;[35m[W3C (e67b95f7)]&amp#27;[39m Responding to client with driver.elementDisplayed() result: true
&amp#27;[35m[HTTP]&amp#27;[39m &amp#27;[37m<-- GET /wd/hub/session/e67b95f7-0666-4ad9-bf82-0c69c65da043/element/6cda71b2-9d9a-4e99-aaa9-d3c5dc1824bd/displayed &amp#27;[39m&amp#27;[32m200&amp#27;[39m &amp#27;[90m15 ms - 14&amp#27;[39m
&amp#27;[35m[HTTP]&amp#27;[39m &amp#27;[90m&amp#27;[39m
&amp#27;[35m[HTTP]&amp#27;[39m &amp#27;[37m-->&amp#27;[39m &amp#27;[37mPOST&amp#27;[39m &amp#27;[37m/wd/hub/session/e67b95f7-0666-4ad9-bf82-0c69c65da043/timeouts&amp#27;[39m
&amp#27;[35m[HTTP]&amp#27;[39m &amp#27;[90m{"implicit":10000}&amp#27;[39m
[debug] &amp#27;[35m[W3C (e67b95f7)]&amp#27;[39m Calling AppiumDriver.timeouts() with args: [null,null,null,null,10000,"e67b95f7-0666-4ad9-bf82-0c69c65da043"]
[debug] &amp#27;[35m[BaseDriver]&amp#27;[39m W3C timeout argument: {"implicit":10000}}
[debug] &amp#27;[35m[BaseDriver]&amp#27;[39m Set implicit wait to 10000ms
[debug] &amp#27;[35m[W3C (e67b95f7)]&amp#27;[39m Responding to client with driver.timeouts() result: null
&amp#27;[35m[HTTP]&amp#27;[39m &amp#27;[37m<-- POST /wd/hub/session/e67b95f7-0666[INFO ] 2021-06-18 16:00:09.620 [main] ViewsPage - Clicks The Star Button
-4ad9-bf82-0c69c65da043/timeouts &amp#27;[39m&amp#27;[32m200&amp#27;[39m &amp#27;[90m2 ms - 14&amp#27;[39m
&amp#27;[35m[HTTP]&amp#27;[39m &amp#27;[90m&amp#27;[39m
[INFO ] 2021-06-18 16:00:09.620 [main] ExplicitWait - Waiting for element to be clickable: Located by By.chained({By.id: io.appium.android.apis:id/star})
&amp#27;[35m[HTTP]&amp#27;[39m &amp#27;[37m-->&amp#27;[39m &amp#27;[37mPOST&amp#27;[39m &amp#27;[37m/wd/hub/session/e67b95f7-0666-4ad9-bf82-0c69c65da043/timeouts&amp#27;[39m
&amp#27;[35m[HTTP]&amp#27;[39m &amp#27;[90m{"implicit":0}&amp#27;[39m
[debug] &amp#27;[35m[W3C (e67b95f7)]&amp#27;[39m Calling AppiumDriver.timeouts() with args: [null,null,null,null,0,"e67b95f7-0666-4ad9-bf82-0c69c65da043"]
[debug] &amp#27;[35m[BaseDriver]&amp#27;[39m W3C timeout argument: {"implicit":0}}
[debug] &amp#27;[35m[BaseDriver]&amp#27;[39m Set implicit wait to 0ms
[debug] &amp#27;[35m[W3C (e67b95f7)]&amp#27;[39m Responding to client with driver.timeouts() result: null
&amp#27;[35m[HTTP]&amp#27;[39m &amp#27;[37m<-- POST /wd/hub/session/e67b95f7-0666-4ad9-bf82-0c69c65da043/timeouts &amp#27;[39m&amp#27;[32m200&amp#27;[39m &amp#27;[90m6 ms - 14&amp#27;[39m
&amp#27;[35m[HTTP]&amp#27;[39m &amp#27;[90m&amp#27;[39m
&amp#27;[35m[HTTP]&amp#27;[39m &amp#27;[37m-->&amp#27;[39m &amp#27;[37mGET&amp#27;[39m &amp#27;[37m/wd/hub/session/e67b95f7-0666-4ad9-bf82-0c69c65da043&amp#27;[39m
&amp#27;[35m[HTTP]&amp#27;[39m &amp#27;[90m{}&amp#27;[39m
[debug] &amp#27;[35m[W3C (e67b95f7)]&amp#27;[39m Calling AppiumDriver.getSession() with args: ["e67b95f7-0666-4ad9-bf82-0c69c65da043"]
[debug] &amp#27;[35m[UiAutomator2]&amp#27;[39m Getting session details from server to mix in
[debug] &amp#27;[35m[WD Proxy]&amp#27;[39m Matched '/' to command name 'getSession'
[debug] &amp#27;[35m[WD Proxy]&amp#27;[39m Proxying [GET /] to [GET http://127.0.0.1:8218/wd/hub/session/e30bd81a-f139-4837-b67f-99a041c747ef] with no body
[debug] &amp#27;[35m[WD Proxy]&amp#27;[39m Got response with status 200: {"sessionId":"e30bd81a-f139-4837-b67f-99a041c747ef","value":{"lastScrollData":null}}
[debug] &amp#27;[35m[W3C (e67b95f7)]&amp#27;[39m Responding to client with driver.getSession() result: {"platform":"LINUX","webStorageEnabled":false,"takesScreenshot":true,"javascriptEnabled":true,"databaseEnabled":false,"networkConnectionEnabled":true,"locationContextEnabled":false,"warnings":{},"desired":{"platformName":"android","app":"C:\\Users\\Anis\\eclipse-workspace\\Appium\\src\\ApiDemos-debug.apk","deviceName":"Redmi","newCommandTimeout":14},"platformName":"android","app":"C:\\Users\\Anis\\eclipse-workspace\\Appium\\src\\ApiDemos-debug.apk","deviceName":"55272e729804","newCommandTimeout":14,"deviceUDID":"55272e729804","appPackage":"io.appium.android.apis","deviceApiLevel":24,"platformVersion":"7.0","deviceScreenSize":"1080x1920","deviceScreenDensity":480,"deviceModel":"Redmi Note 4","deviceManufacturer":"Xiaomi","pixelRatio":3,"statBarHeight":72,"viewportRect":{"left":0,"top":72,"width":1080,"height":1848},"lastScrollData":null}
&amp#27;[35m[HTTP]&amp#27;[39m &amp#27;[37m<-- GET /wd/hub/session/e67b95f7-0666-4ad9-bf82-0c69c65da043 &amp#27;[39m&amp#27;[32m200&amp#27;[39m &amp#27;[90m11 ms - 858&amp#27;[39m
&amp#27;[35m[HTTP]&amp#27;[39m &amp#27;[90m&amp#27;[39m
&amp#27;[35m[HTTP]&amp#27;[39m &amp#27;[37m-->&amp#27;[39m &amp#27;[37mPOST&amp#27;[39m &amp#27;[37m/wd/hub/session/e67b95f7-0666-4ad9-bf82-0c69c65da043/element&amp#27;[39m
&amp#27;[35m[HTTP]&amp#27;[39m &amp#27;[90m{"using":"id","value":"io.appium.android.apis:id/star"}&amp#27;[39m
[debug] &amp#27;[35m[W3C (e67b95f7)]&amp#27;[39m Calling AppiumDriver.findElement() with args: ["id","io.appium.android.apis:id/star","e67b95f7-0666-4ad9-bf82-0c69c65da043"]
[debug] &amp#27;[35m[BaseDriver]&amp#27;[39m Valid locator strategies for this request: xpath, id, class name, accessibility id, css selector, -android uiautomator
[debug] &amp#27;[35m[BaseDriver]&amp#27;[39m Waiting up to 0 ms for condition
[debug] &amp#27;[35m[WD Proxy]&amp#27;[39m Matched '/element' to command name 'findElement'
[debug] &amp#27;[35m[WD Proxy]&amp#27;[39m Proxying [POST /element] to [POST http://127.0.0.1:8218/wd/hub/session/e30bd81a-f139-4837-b67f-99a041c747ef/element] with body: {"strategy":"id","selector":"io.appium.android.apis:id/star","context":"","multiple":false}
[debug] &amp#27;[35m[WD Proxy]&amp#27;[39m Got response with status 200: {"sessionId":"e30bd81a-f139-4837-b67f-99a041c747ef","value":{"ELEMENT":"f94423e9-a68e-4f0a-9b47-eb285ab055c7","element-6066-11e4-a52e-4f735466cecf":"f94423e9-a68e-4f0a-9b47-eb285ab055c7"}}
[debug] &amp#27;[35m[W3C (e67b95f7)]&amp#27;[39m Responding to client with driver.findElement() result: {"element-6066-11e4-a52e-4f735466cecf":"f94423e9-a68e-4f0a-9b47-eb285ab055c7","ELEMENT":"f94423e9-a68e-4f0a-9b47-eb285ab055c7"}
&amp#27;[35m[HTTP]&amp#27;[39m &amp#27;[37m<-- POST /wd/hub/session/e67b95f7-0666-4ad9-bf82-0c69c65da043/element &amp#27;[39m&amp#27;[32m200&amp#27;[39m &amp#27;[90m24 ms - 137&amp#27;[39m
&amp#27;[35m[HTTP]&amp#27;[39m &amp#27;[90m&amp#27;[39m
&amp#27;[35m[HTTP]&amp#27;[39m &amp#27;[37m-->&amp#27;[39m &amp#27;[37mGET&amp#27;[39m &amp#27;[37m/wd/hub/session/e67b95f7-0666-4ad9-bf82-0c69c65da043/element/f94423e9-a68e-4f0a-9b47-eb285ab055c7/displayed&amp#27;[39m
&amp#27;[35m[HTTP]&amp#27;[39m &amp#27;[90m{}&amp#27;[39m
[debug] &amp#27;[35m[W3C (e67b95f7)]&amp#27;[39m Calling AppiumDriver.elementDisplayed() with args: ["f94423e9-a68e-4f0a-9b47-eb285ab055c7","e67b95f7-0666-4ad9-bf82-0c69c65da043"]
[debug] &amp#27;[35m[WD Proxy]&amp#27;[39m Matched '/element/f94423e9-a68e-4f0a-9b47-eb285ab055c7/attribute/displayed' to command name 'getAttribute'
[debug] &amp#27;[35m[WD Proxy]&amp#27;[39m Proxying [GET /element/f94423e9-a68e-4f0a-9b47-eb285ab055c7/attribute/displayed] to [GET http://127.0.0.1:8218/wd/hub/session/e30bd81a-f139-4837-b67f-99a041c747ef/element/f94423e9-a68e-4f0a-9b47-eb285ab055c7/attribute/displayed] with no body
[debug] &amp#27;[35m[WD Proxy]&amp#27;[39m Got response with status 200: {"sessionId":"e30bd81a-f139-4837-b67f-99a041c747ef","value":"true"}
[debug] &amp#27;[35m[W3C (e67b95f7)]&amp#27;[39m Responding to client with driver.elementDisplayed() result: true
&amp#27;[35m[HTTP]&amp#27;[39m &amp#27;[37m<-- GET /wd/hub/session/e67b95f7-0666-4ad9-bf82-0c69c65da043/element/f94423e9-a68e-4f0a-9b47-eb285ab055c7/displayed &amp#27;[39m&amp#27;[32m200&amp#27;[39m &amp#27;[90m14 ms - 14&amp#27;[39m
&amp#27;[35m[HTTP]&amp#27;[39m &amp#27;[90m&amp#27;[39m
&amp#27;[35m[HTTP]&amp#27;[39m &amp#27;[37m-->&amp#27;[39m &amp#27;[37mGET&amp#27;[39m &amp#27;[37m/wd/hub/session/e67b95f7-0666-4ad9-bf82-0c69c65da043&amp#27;[39m
&amp#27;[35m[HTTP]&amp#27;[39m &amp#27;[90m{}&amp#27;[39m
[debug] &amp#27;[35m[W3C (e67b95f7)]&amp#27;[39m Calling AppiumDriver.getSession() with args: ["e67b95f7-0666-4ad9-bf82-0c69c65da043"]
[debug] &amp#27;[35m[UiAutomator2]&amp#27;[39m Getting session details from server to mix in
[debug] &amp#27;[35m[WD Proxy]&amp#27;[39m Matched '/' to command name 'getSession'
[debug] &amp#27;[35m[WD Proxy]&amp#27;[39m Proxying [GET /] to [GET http://127.0.0.1:8218/wd/hub/session/e30bd81a-f139-4837-b67f-99a041c747ef] with no body
[debug] &amp#27;[35m[WD Proxy]&amp#27;[39m Got response with status 200: {"sessionId":"e30bd81a-f139-4837-b67f-99a041c747ef","value":{"lastScrollData":null}}
[debug] &amp#27;[35m[W3C (e67b95f7)]&amp#27;[39m Responding to client with driver.getSession() result: {"platform":"LINUX","webStorageEnabled":false,"takesScreenshot":true,"javascriptEnabled":true,"databaseEnabled":false,"networkConnectionEnabled":true,"locationContextEnabled":false,"warnings":{},"desired":{"platformName":"android","app":"C:\\Users\\Anis\\eclipse-workspace\\Appium\\src\\ApiDemos-debug.apk","deviceName":"Redmi","newCommandTimeout":14},"platformName":"android","app":"C:\\Users\\Anis\\eclipse-workspace\\Appium\\src\\ApiDemos-debug.apk","deviceName":"55272e729804","newCommandTimeout":14,"deviceUDID":"55272e729804","appPackage":"io.appium.android.apis","deviceApiLevel":24,"platformVersion":"7.0","deviceScreenSize":"1080x1920","deviceScreenDensity":480,"deviceModel":"Redmi Note 4","deviceManufacturer":"Xiaomi","pixelRatio":3,"statBarHeight":72,"viewportRect":{"left":0,"top":72,"width":1080,"height":1848},"lastScrollData":null}
&amp#27;[35m[HTTP]&amp#27;[39m &amp#27;[37m<-- GET /wd/hub/session/e67b95f7-0666-4ad9-bf82-0c69c65da043 &amp#27;[39m&amp#27;[32m200&amp#27;[39m &amp#27;[90m9 ms - 858&amp#27;[39m
&amp#27;[35m[HTTP]&amp#27;[39m &amp#27;[90m&amp#27;[39m
&amp#27;[35m[HTTP]&amp#27;[39m &amp#27;[37m-->&amp#27;[39m &amp#27;[37mPOST&amp#27;[39m &amp#27;[37m/wd/hub/session/e67b95f7-0666-4ad9-bf82-0c69c65da043/element&amp#27;[39m
&amp#27;[35m[HTTP]&amp#27;[39m &amp#27;[90m{"using":"id","value":"io.appium.android.apis:id/star"}&amp#27;[39m
[debug] &amp#27;[35m[W3C (e67b95f7)]&amp#27;[39m Calling AppiumDriver.findElement() with args: ["id","io.appium.android.apis:id/star","e67b95f7-0666-4ad9-bf82-0c69c65da043"]
[debug] &amp#27;[35m[BaseDriver]&amp#27;[39m Valid locator strategies for this request: xpath, id, class name, accessibility id, css selector, -android uiautomator
[debug] &amp#27;[35m[BaseDriver]&amp#27;[39m Waiting up to 0 ms for condition
[debug] &amp#27;[35m[WD Proxy]&amp#27;[39m Matched '/element' to command name 'findElement'
[debug] &amp#27;[35m[WD Proxy]&amp#27;[39m Proxying [POST /element] to [POST http://127.0.0.1:8218/wd/hub/session/e30bd81a-f139-4837-b67f-99a041c747ef/element] with body: {"strategy":"id","selector":"io.appium.android.apis:id/star","context":"","multiple":false}
[debug] &amp#27;[35m[WD Proxy]&amp#27;[39m Got response with status 200: {"sessionId":"e30bd81a-f139-4837-b67f-99a041c747ef","value":{"ELEMENT":"35f75e94-9f6c-4d19-ac10-d8e80e6455a4","element-6066-11e4-a52e-4f735466cecf":"35f75e94-9f6c-4d19-ac10-d8e80e6455a4"}}
[debug] &amp#27;[35m[W3C (e67b95f7)]&amp#27;[39m Responding to client with driver.findElement() result: {"element-6066-11e4-a52e-4f735466cecf":"35f75e94-9f6c-4d19-ac10-d8e80e6455a4","ELEMENT":"35f75e94-9f6c-4d19-ac10-d8e80e6455a4"}
&amp#27;[35m[HTTP]&amp#27;[39m &amp#27;[37m<-- POST /wd/hub/session/e67b95f7-0666-4ad9-bf82-0c69c65da043/element &amp#27;[39m&amp#27;[32m200&amp#27;[39m &amp#27;[90m22 ms - 137&amp#27;[39m
&amp#27;[35m[HTTP]&amp#27;[39m &amp#27;[90m&amp#27;[39m
&amp#27;[35m[HTTP]&amp#27;[39m &amp#27;[37m-->&amp#27;[39m &amp#27;[37mGET&amp#27;[39m &amp#27;[37m/wd/hub/session/e67b95f7-0666-4ad9-bf82-0c69c65da043/element/35f75e94-9f6c-4d19-ac10-d8e80e6455a4/enabled&amp#27;[39m
&amp#27;[35m[HTTP]&amp#27;[39m &amp#27;[90m{}&amp#27;[39m
[debug] &amp#27;[35m[W3C (e67b95f7)]&amp#27;[39m Calling AppiumDriver.elementEnabled() with args: ["35f75e94-9f6c-4d19-ac10-d8e80e6455a4","e67b95f7-0666-4ad9-bf82-0c69c65da043"]
[debug] &amp#27;[35m[WD Proxy]&amp#27;[39m Matched '/element/35f75e94-9f6c-4d19-ac10-d8e80e6455a4/attribute/enabled' to command name 'getAttribute'
[debug] &amp#27;[35m[WD Proxy]&amp#27;[39m Proxying [GET /element/35f75e94-9f6c-4d19-ac10-d8e80e6455a4/attribute/enabled] to [GET http://127.0.0.1:8218/wd/hub/session/e30bd81a-f139-4837-b67f-99a041c747ef/element/35f75e94-9f6c-4d19-ac10-d8e80e6455a4/attribute/enabled] with no body
[debug] &amp#27;[35m[WD Proxy]&amp#27;[39m Got response with status 200: {"sessionId":"e30bd81a-f139-4837-b67f-99a041c747ef","value":"true"}
[debug] &amp#27;[35m[W3C (e67b95f7)]&amp#27;[39m Responding to client with driver.elementEnabled() result: true
&amp#27;[35m[HTTP]&amp#27;[39m &amp#27;[37m<-- GET /wd/hub/session/e67b95f7-0666-4ad9-bf82-0c69c65da043/element/35f75e94-9f6c-4d19-ac10-d8e80e6455a4/enabled &amp#27;[39m&amp#27;[32m200&amp#27;[39m &amp#27;[90m16 ms - 14&amp#27;[39m
&amp#27;[35m[HTTP]&amp#27;[39m &amp#27;[90m&amp#27;[39m
&amp#27;[35m[HTTP]&amp#27;[39m &amp#27;[37m-->&amp#27;[39m &amp#27;[37mPOST&amp#27;[39m &amp#27;[37m/wd/hub/session/e67b95f7-0666-4ad9-bf82-0c69c65da043/timeouts&amp#27;[39m
&amp#27;[35m[HTTP]&amp#27;[39m &amp#27;[90m{"implicit":10000}&amp#27;[39m
[debug] &amp#27;[35m[W3C (e67b95f7)]&amp#27;[39m Calling AppiumDriver.timeouts() with args: [null,null,null,null,10000,"e67b95f7-0666-4ad9-bf82-0c69c65da043"]
[debug] &amp#27;[35m[BaseDriver]&amp#27;[39m W3C timeout argument: {"implicit":10000}}
[debug] &amp#27;[35m[BaseDriver]&amp#27;[39m Set implicit wait to 10000ms
[debug] &amp#27;[35m[W3C (e67b95f7)]&amp#27;[39m Responding to client with driver.timeouts() result: null
&amp#27;[35m[HTTP]&amp#27;[39m &amp#27;[37m<-- POST /wd/hub/session/e67b95f7-0666-4ad9-bf82-0c69c65da043/timeouts &amp#27;[39m&amp#27;[32m200&amp#27;[39m &amp#27;[90m2 ms - 14&amp#27;[39m
&amp#27;[35m[HTTP]&amp#27;[39m &amp#27;[90m&amp#27;[39m
&amp#27;[35m[HTTP]&amp#27;[39m &amp#27;[37m-->&amp#27;[39m &amp#27;[37mGET&amp#27;[39m &amp#27;[37m/wd/hub/session/e67b95f7-0666-4ad9-bf82-0c69c65da043&amp#27;[39m
&amp#27;[35m[HTTP]&amp#27;[39m &amp#27;[90m{}&amp#27;[39m
[debug] &amp#27;[35m[W3C (e67b95f7)]&amp#27;[39m Calling AppiumDriver.getSession() with args: ["e67b95f7-0666-4ad9-bf82-0c69c65da043"]
[debug] &amp#27;[35m[UiAutomator2]&amp#27;[39m Getting session details from server to mix in
[debug] &amp#27;[35m[WD Proxy]&amp#27;[39m Matched '/' to command name 'getSession'
[debug] &amp#27;[35m[WD Proxy]&amp#27;[39m Proxying [GET /] to [GET http://127.0.0.1:8218/wd/hub/session/e30bd81a-f139-4837-b67f-99a041c747ef] with no body
[debug] &amp#27;[35m[WD Proxy]&amp#27;[39m Got response with status 200: {"sessionId":"e30bd81a-f139-4837-b67f-99a041c747ef","value":{"lastScrollData":null}}
[debug] &amp#27;[35m[W3C (e67b95f7)]&amp#27;[39m Responding to client with driver.getSession() result: {"platform":"LINUX","webStorageEnabled":false,"takesScreenshot":true,"javascriptEnabled":true,"databaseEnabled":false,"networkConnectionEnabled":true,"locationContextEnabled":false,"warnings":{},"desired":{"platformName":"android","app":"C:\\Users\\Anis\\eclipse-workspace\\Appium\\src\\ApiDemos-debug.apk","deviceName":"Redmi","newCommandTimeout":14},"platformName":"android","app":"C:\\Users\\Anis\\eclipse-workspace\\Appium\\src\\ApiDemos-debug.apk","deviceName":"55272e729804","newCommandTimeout":14,"deviceUDID":"55272e729804","appPackage":"io.appium.android.apis","deviceApiLevel":24,"platformVersion":"7.0","deviceScreenSize":"1080x1920","deviceScreenDensity":480,"deviceModel":"Redmi Note 4","deviceManufacturer":"Xiaomi","pixelRatio":3,"statBarHeight":72,"viewportRect":{"left":0,"top":72,"width":1080,"height":1848},"lastScrollData":null}
&amp#27;[35m[HTTP]&amp#27;[39m &amp#27;[37m<-- GET /wd/hub/session/e67b95f7-0666-4ad9-bf82-0c69c65da043 &amp#27;[39m&amp#27;[32m200&amp#27;[39m &amp#27;[90m10 ms - 858&amp#27;[39m
&amp#27;[35m[HTTP]&amp#27;[39m &amp#27;[90m&amp#27;[39m
&amp#27;[35m[HTTP]&amp#27;[39m &amp#27;[37m-->&amp#27;[39m &amp#27;[37mPOST&amp#27;[39m &amp#27;[37m/wd/hub/session/e67b95f7-0666-4ad9-bf82-0c69c65da043/element&amp#27;[39m
&amp#27;[35m[HTTP]&amp#27;[39m &amp#27;[90m{"using":"id","value":"io.appium.android.apis:id/star"}&amp#27;[39m
[debug] &amp#27;[35m[W3C (e67b95f7)]&amp#27;[39m Calling AppiumDriver.findElement() with args: ["id","io.appium.android.apis:id/star","e67b95f7-0666-4ad9-bf82-0c69c65da043"]
[debug] &amp#27;[35m[BaseDriver]&amp#27;[39m Valid locator strategies for this request: xpath, id, class name, accessibility id, css selector, -android uiautomator
[debug] &amp#27;[35m[BaseDriver]&amp#27;[39m Waiting up to 10000 ms for condition
[debug] &amp#27;[35m[WD Proxy]&amp#27;[39m Matched '/element' to command name 'findElement'
[debug] &amp#27;[35m[WD Proxy]&amp#27;[39m Proxying [POST /element] to [POST http://127.0.0.1:8218/wd/hub/session/e30bd81a-f139-4837-b67f-99a041c747ef/element] with body: {"strategy":"id","selector":"io.appium.android.apis:id/star","context":"","multiple":false}
[debug] &amp#27;[35m[WD Proxy]&amp#27;[39m Got response with status 200: {"sessionId":"e30bd81a-f139-4837-b67f-99a041c747ef","value":{"ELEMENT":"1972b754-1c7a-4ad2-b616-b854760a6add","element-6066-11e4-a52e-4f735466cecf":"1972b754-1c7a-4ad2-b616-b854760a6add"}}
[debug] &amp#27;[35m[W3C (e67b95f7)]&amp#27;[39m Responding to client with driver.findElement() result: {"element-6066-11e4-a52e-4f735466cecf":"1972b754-1c7a-4ad2-b616-b854760a6add","ELEMENT":"1972b754-1c7a-4ad2-b616-b854760a6add"}
&amp#27;[35m[HTTP]&amp#27;[39m &amp#27;[37m<-- POST /wd/hub/session/e67b95f7-0666-4ad9-bf82-0c69c65da043/element &amp#27;[39m&amp#27;[32m200&amp#27;[39m &amp#27;[90m41 ms - 137&amp#27;[39m
&amp#27;[35m[HTTP]&amp#27;[39m &amp#27;[90m&amp#27;[39m
&amp#27;[35m[HTTP]&amp#27;[39m &amp#27;[37m-->&amp#27;[39m &amp#27;[37mPOST&amp#27;[39m &amp#27;[37m/wd/hub/session/e67b95f7-0666-4ad9-bf82-0c69c65da043/element/1972b754-1c7a-4ad2-b616-b854760a6add/click&amp#27;[39m
&amp#27;[35m[HTTP]&amp#27;[39m &amp#27;[90m{"id":"1972b754-1c7a-4ad2-b616-b854760a6add"}&amp#27;[39m
[debug] &amp#27;[35m[W3C (e67b95f7)]&amp#27;[39m Calling AppiumDriver.click() with args: ["1972b754-1c7a-4ad2-b616-b854760a6add","e67b95f7-0666-4ad9-bf82-0c69c65da043"]
[debug] &amp#27;[35m[WD Proxy]&amp#27;[39m Matched '/element/1972b754-1c7a-4ad2-b616-b854760a6add/click' to command name 'click'
[debug] &amp#27;[35m[WD Proxy]&amp#27;[39m Proxying [POST /element/1972b754-1c7a-4ad2-b616-b854760a6add/click] to [POST http://127.0.0.1:8218/wd/hub/session/e30bd81a-f139-4837-b67f-99a041c747ef/element/1972b754-1c7a-4ad2-b616-b854760a6add/click] with body: {"element":"1972b754-1c7a-4ad2-b616-b854760a6add"}
[debug] &amp#27;[35m[WD Proxy]&amp#27;[39m Got response with status 200: {"sessionId":"e30bd81a-f139-4837-b67f-99a041c747ef","value":null}
[debug] &amp#27;[35m[W3C (e67b95f7)]&amp#27;[39m Responding to client with driver.click() result: null
[INFO ] 2021-06-18 16:00:09.886 [main] ExplicitWait - Waiting for element to be visible: Located by By.chained({By.id: io.appium.android.apis:id/spinner1})
[INFO ] 2021-06-18 16:00:09.886 [main] ExplicitWait - Waiting for element to be visible: Located by By.chained({By.id: io.appium.android.apis:id/spinner1})
&amp#27;[35m[HTTP]&amp#27;[39m &amp#27;[37m<-- POST /wd/hub/session/e67b95f7-0666-4ad9-bf82-0c69c65da043/element/1972b754-1c7a-4ad2-b616-b854760a6add/click &amp#27;[39m&amp#27;[32m200&amp#27;[39m &amp#27;[90m37 ms - 14&amp#27;[39m
&amp#27;[35m[HTTP]&amp#27;[39m &amp#27;[90m&amp#27;[39m
&amp#27;[35m[HTTP]&amp#27;[39m &amp#27;[37m-->&amp#27;[39m &amp#27;[37mPOST&amp#27;[39m &amp#27;[37m/wd/hub/session/e67b95f7-0666-4ad9-bf82-0c69c65da043/timeouts&amp#27;[39m
&amp#27;[35m[HTTP]&amp#27;[39m &amp#27;[90m{"implicit":0}&amp#27;[39m
[debug] &amp#27;[35m[W3C (e67b95f7)]&amp#27;[39m Calling AppiumDriver.timeouts() with args: [null,null,null,null,0,"e67b95f7-0666-4ad9-bf82-0c69c65da043"]
[debug] &amp#27;[35m[BaseDriver]&amp#27;[39m W3C timeout argument: {"implicit":0}}
[debug] &amp#27;[35m[BaseDriver]&amp#27;[39m Set implicit wait to 0ms
[debug] &amp#27;[35m[W3C (e67b95f7)]&amp#27;[39m Responding to client with driver.timeouts() result: null
&amp#27;[35m[HTTP]&amp#27;[39m &amp#27;[37m<-- POST /wd/hub/session/e67b95f7-0666-4ad9-bf82-0c69c65da043/timeouts &amp#27;[39m&amp#27;[32m200&amp#27;[39m &amp#27;[90m2 ms - 14&amp#27;[39m
&amp#27;[35m[HTTP]&amp#27;[39m &amp#27;[90m&amp#27;[39m
&amp#27;[35m[HTTP]&amp#27;[39m &amp#27;[37m-->&amp#27;[39m &amp#27;[37mGET&amp#27;[39m &amp#27;[37m/wd/hub/session/e67b95f7-0666-4ad9-bf82-0c69c65da043&amp#27;[39m
&amp#27;[35m[HTTP]&amp#27;[39m &amp#27;[90m{}&amp#27;[39m
[debug] &amp#27;[35m[W3C (e67b95f7)]&amp#27;[39m Calling AppiumDriver.getSession() with args: ["e67b95f7-0666-4ad9-bf82-0c69c65da043"]
[debug] &amp#27;[35m[UiAutomator2]&amp#27;[39m Getting session details from server to mix in
[debug] &amp#27;[35m[WD Proxy]&amp#27;[39m Matched '/' to command name 'getSession'
[debug] &amp#27;[35m[WD Proxy]&amp#27;[39m Proxying [GET /] to [GET http://127.0.0.1:8218/wd/hub/session/e30bd81a-f139-4837-b67f-99a041c747ef] with no body
[debug] &amp#27;[35m[WD Proxy]&amp#27;[39m Got response with status 200: {"sessionId":"e30bd81a-f139-4837-b67f-99a041c747ef","value":{"lastScrollData":null}}
[debug] &amp#27;[35m[W3C (e67b95f7)]&amp#27;[39m Responding to client with driver.getSession() result: {"platform":"LINUX","webStorageEnabled":false,"takesScreenshot":true,"javascriptEnabled":true,"databaseEnabled":false,"networkConnectionEnabled":true,"locationContextEnabled":false,"warnings":{},"desired":{"platformName":"android","app":"C:\\Users\\Anis\\eclipse-workspace\\Appium\\src\\ApiDemos-debug.apk","deviceName":"Redmi","newCommandTimeout":14},"platformName":"android","app":"C:\\Users\\Anis\\eclipse-workspace\\Appium\\src\\ApiDemos-debug.apk","deviceName":"55272e729804","newCommandTimeout":14,"deviceUDID":"55272e729804","appPackage":"io.appium.android.apis","deviceApiLevel":24,"platformVersion":"7.0","deviceScreenSize":"1080x1920","deviceScreenDensity":480,"deviceModel":"Redmi Note 4","deviceManufacturer":"Xiaomi","pixelRatio":3,"statBarHeight":72,"viewportRect":{"left":0,"top":72,"width":1080,"height":1848},"lastScrollData":null}
&amp#27;[35m[HTTP]&amp#27;[39m &amp#27;[37m<-- GET /wd/hub/session/e67b95f7-0666-4ad9-bf82-0c69c65da043 &amp#27;[39m&amp#27;[32m200&amp#27;[39m &amp#27;[90m10 ms - 858&amp#27;[39m
&amp#27;[35m[HTTP]&amp#27;[39m &amp#27;[90m&amp#27;[39m
&amp#27;[35m[HTTP]&amp#27;[39m &amp#27;[37m-->&amp#27;[39m &amp#27;[37mPOST&amp#27;[39m &amp#27;[37m/wd/hub/session/e67b95f7-0666-4ad9-bf82-0c69c65da043/element&amp#27;[39m
&amp#27;[35m[HTTP]&amp#27;[39m &amp#27;[90m{"using":"id","value":"io.appium.android.apis:id/spinner1"}&amp#27;[39m
[debug] &amp#27;[35m[W3C (e67b95f7)]&amp#27;[39m Calling AppiumDriver.findElement() with args: ["id","io.appium.android.apis:id/spinner1","e67b95f7-0666-4ad9-bf82-0c69c65da043"]
[debug] &amp#27;[35m[BaseDriver]&amp#27;[39m Valid locator strategies for this request: xpath, id, class name, accessibility id, css selector, -android uiautomator
[debug] &amp#27;[35m[BaseDriver]&amp#27;[39m Waiting up to 0 ms for condition
[debug] &amp#27;[35m[WD Proxy]&amp#27;[39m Matched '/element' to command name 'findElement'
[debug] &amp#27;[35m[WD Proxy]&amp#27;[39m Proxying [POST /element] to [POST http://127.0.0.1:8218/wd/hub/session/e30bd81a-f139-4837-b67f-99a041c747ef/element] with body: {"strategy":"id","selector":"io.appium.android.apis:id/spinner1","context":"","multiple":false}
[debug] &amp#27;[35m[WD Proxy]&amp#27;[39m Got response with status 200: {"sessionId":"e30bd81a-f139-4837-b67f-99a041c747ef","value":{"ELEMENT":"7059e01b-d27c-4c04-a1d3-182aa2013814","element-6066-11e4-a52e-4f735466cecf":"7059e01b-d27c-4c04-a1d3-182aa2013814"}}
[debug] &amp#27;[35m[W3C (e67b95f7)]&amp#27;[39m Responding to client with driver.findElement() result: {"element-6066-11e4-a52e-4f735466cecf":"7059e01b-d27c-4c04-a1d3-182aa2013814","ELEMENT":"7059e01b-d27c-4c04-a1d3-182aa2013814"}
&amp#27;[35m[HTTP]&amp#27;[39m &amp#27;[37m<-- POST /wd/hub/session/e67b95f7-0666-4ad9-bf82-0c69c65da043/element &amp#27;[39m&amp#27;[32m200&amp#27;[39m &amp#27;[90m494 ms - 137&amp#27;[39m
&amp#27;[35m[HTTP]&amp#27;[39m &amp#27;[90m&amp#27;[39m
&amp#27;[35m[HTTP]&amp#27;[39m &amp#27;[37m-->&amp#27;[39m &amp#27;[37mGET&amp#27;[39m &amp#27;[37m/wd/hub/session/e67b95f7-0666-4ad9-bf82-0c69c65da043/element/7059e01b-d27c-4c04-a1d3-182aa2013814/displayed&amp#27;[39m
&amp#27;[35m[HTTP]&amp#27;[39m &amp#27;[90m{}&amp#27;[39m
[debug] &amp#27;[35m[W3C (e67b95f7)]&amp#27;[39m Calling AppiumDriver.elementDisplayed() with args: ["7059e01b-d27c-4c04-a1d3-182aa2013814","e67b95f7-0666-4ad9-bf82-0c69c65da043"]
[debug] &amp#27;[35m[WD Proxy]&amp#27;[39m Matched '/element/7059e01b-d27c-4c04-a1d3-182aa2013814/attribute/displayed' to command name 'getAttribute'
[debug] &amp#27;[35m[WD Proxy]&amp#27;[39m Proxying [GET /element/7059e01b-d27c-4c04-a1d3-182aa2013814/attribute/displayed] to [GET http://127.0.0.1:8218/wd/hub/session/e30bd81a-f139-4837-b67f-99a041c747ef/element/7059e01b-d27c-4c04-a1d3-182aa2013814/attribute/displayed] with no body
[debug] &amp#27;[35m[WD Proxy]&amp#27;[39m Got response with status 200: {"sessionId":"e30bd81a-f139-4837-b67f-99a041c747ef","value":"true"}
[debug] &amp#27;[35m[W3C (e67b95f7)]&amp#27;[39m Responding to client with driver.elementDisplayed() result: true
&amp#27;[35m[HTTP]&amp#27;[39m &amp#27;[37m<-- GET /wd/hub/session/e67b95f7-0666-4ad9-bf82-0c69c65da043/element/7059e01b-d27c-4c04-a1d3-182aa2013814/displayed &amp#27;[39m&amp#27;[32m200&amp#27;[39m &amp#27;[90m24 ms - 14&amp#27;[39m
&amp#27;[35m[HTTP]&amp#27;[39m &amp#27;[90m&amp#27;[39m
&amp#27;[35m[HTTP]&amp#27;[39m &amp#27;[37m-->&amp#27;[39m &amp#27;[37mPOST&amp#27;[39m &amp#27;[37m/wd/hub/session/e67b95f7-0666-4ad9-bf82-0c69c65da043/timeouts&amp#27;[39m
&amp#27;[35m[HTTP]&amp#27;[39m &amp#27;[90m{"implicit":10000}&amp#27;[39m
[debug] &amp#27;[35m[W3C (e67b95f7)]&amp#27;[39m Calling AppiumDriver.timeouts() with args: [null,null,null,null,10000,"e67b95f7-0666-4ad9-bf82-0c69c65da043"]
[debug] &amp#27;[35m[BaseDriver]&amp#27;[39m W3C timeout argument: {"implicit":10000}}
[debug] &amp#27;[35m[BaseDriver]&amp#27;[39m Set implicit wait to 10000ms
[debug] &amp#27;[35m[W3C (e67b95f7)]&amp#27;[39m Responding to client with driver.timeouts() result: null
&amp#27;[35m[HTTP]&amp#27;[39m &amp#27;[37m<-- POST /wd/hub/session/e67[INFO ] 2021-06-18 16:00:10.456 [main] ViewsPage - Clicks The select
b95f7-0666-4ad9-bf82-0c69c65da043/timeouts &amp#27;[39m&amp#27;[32m200&amp#27;[39m &amp#27;[90m2 ms - 14&amp#27;[39m
&amp#27;[35m[HTTP]&amp#27;[39m &amp#27;[90m&amp#27;[3[INFO ] 2021-06-18 16:00:10.456 [main] ExplicitWait - Waiting for element to be clickable: Located by By.chained({By.id: io.appium.android.apis:id/spinner1})
9m
&amp#27;[35m[HTTP]&amp#27;[39m &amp#27;[37m-->&amp#27;[39m &amp#27;[37mPOST&amp#27;[39m &amp#27;[37m/wd/hub/session/e67b95f7-0666-4ad9-bf82-0c69c65da043/timeouts&amp#27;[39m
&amp#27;[35m[HTTP]&amp#27;[39m &amp#27;[90m{"implicit":0}&amp#27;[39m
[debug] &amp#27;[35m[W3C (e67b95f7)]&amp#27;[39m Calling AppiumDriver.timeouts() with args: [null,null,null,null,0,"e67b95f7-0666-4ad9-bf82-0c69c65da043"]
[debug] &amp#27;[35m[BaseDriver]&amp#27;[39m W3C timeout argument: {"implicit":0}}
[debug] &amp#27;[35m[BaseDriver]&amp#27;[39m Set implicit wait to 0ms
[debug] &amp#27;[35m[W3C (e67b95f7)]&amp#27;[39m Responding to client with driver.timeouts() result: null
&amp#27;[35m[HTTP]&amp#27;[39m &amp#27;[37m<-- POST /wd/hub/session/e67b95f7-0666-4ad9-bf82-0c69c65da043/timeouts &amp#27;[39m&amp#27;[32m200&amp#27;[39m &amp#27;[90m3 ms - 14&amp#27;[39m
&amp#27;[35m[HTTP]&amp#27;[39m &amp#27;[90m&amp#27;[39m
&amp#27;[35m[HTTP]&amp#27;[39m &amp#27;[37m-->&amp#27;[39m &amp#27;[37mGET&amp#27;[39m &amp#27;[37m/wd/hub/session/e67b95f7-0666-4ad9-bf82-0c69c65da043&amp#27;[39m
&amp#27;[35m[HTTP]&amp#27;[39m &amp#27;[90m{}&amp#27;[39m
[debug] &amp#27;[35m[W3C (e67b95f7)]&amp#27;[39m Calling AppiumDriver.getSession() with args: ["e67b95f7-0666-4ad9-bf82-0c69c65da043"]
[debug] &amp#27;[35m[UiAutomator2]&amp#27;[39m Getting session details from server to mix in
[debug] &amp#27;[35m[WD Proxy]&amp#27;[39m Matched '/' to command name 'getSession'
[debug] &amp#27;[35m[WD Proxy]&amp#27;[39m Proxying [GET /] to [GET http://127.0.0.1:8218/wd/hub/session/e30bd81a-f139-4837-b67f-99a041c747ef] with no body
[debug] &amp#27;[35m[WD Proxy]&amp#27;[39m Got response with status 200: {"sessionId":"e30bd81a-f139-4837-b67f-99a041c747ef","value":{"lastScrollData":null}}
[debug] &amp#27;[35m[W3C (e67b95f7)]&amp#27;[39m Responding to client with driver.getSession() result: {"platform":"LINUX","webStorageEnabled":false,"takesScreenshot":true,"javascriptEnabled":true,"databaseEnabled":false,"networkConnectionEnabled":true,"locationContextEnabled":false,"warnings":{},"desired":{"platformName":"android","app":"C:\\Users\\Anis\\eclipse-workspace\\Appium\\src\\ApiDemos-debug.apk","deviceName":"Redmi","newCommandTimeout":14},"platformName":"android","app":"C:\\Users\\Anis\\eclipse-workspace\\Appium\\src\\ApiDemos-debug.apk","deviceName":"55272e729804","newCommandTimeout":14,"deviceUDID":"55272e729804","appPackage":"io.appium.android.apis","deviceApiLevel":24,"platformVersion":"7.0","deviceScreenSize":"1080x1920","deviceScreenDensity":480,"deviceModel":"Redmi Note 4","deviceManufacturer":"Xiaomi","pixelRatio":3,"statBarHeight":72,"viewportRect":{"left":0,"top":72,"width":1080,"height":1848},"lastScrollData":null}
&amp#27;[35m[HTTP]&amp#27;[39m &amp#27;[37m<-- GET /wd/hub/session/e67b95f7-0666-4ad9-bf82-0c69c65da043 &amp#27;[39m&amp#27;[32m200&amp#27;[39m &amp#27;[90m17 ms - 858&amp#27;[39m
&amp#27;[35m[HTTP]&amp#27;[39m &amp#27;[90m&amp#27;[39m
&amp#27;[35m[HTTP]&amp#27;[39m &amp#27;[37m-->&amp#27;[39m &amp#27;[37mPOST&amp#27;[39m &amp#27;[37m/wd/hub/session/e67b95f7-0666-4ad9-bf82-0c69c65da043/element&amp#27;[39m
&amp#27;[35m[HTTP]&amp#27;[39m &amp#27;[90m{"using":"id","value":"io.appium.android.apis:id/spinner1"}&amp#27;[39m
[debug] &amp#27;[35m[W3C (e67b95f7)]&amp#27;[39m Calling AppiumDriver.findElement() with args: ["id","io.appium.android.apis:id/spinner1","e67b95f7-0666-4ad9-bf82-0c69c65da043"]
[debug] &amp#27;[35m[BaseDriver]&amp#27;[39m Valid locator strategies for this request: xpath, id, class name, accessibility id, css selector, -android uiautomator
[debug] &amp#27;[35m[BaseDriver]&amp#27;[39m Waiting up to 0 ms for condition
[debug] &amp#27;[35m[WD Proxy]&amp#27;[39m Matched '/element' to command name 'findElement'
[debug] &amp#27;[35m[WD Proxy]&amp#27;[39m Proxying [POST /element] to [POST http://127.0.0.1:8218/wd/hub/session/e30bd81a-f139-4837-b67f-99a041c747ef/element] with body: {"strategy":"id","selector":"io.appium.android.apis:id/spinner1","context":"","multiple":false}
[debug] &amp#27;[35m[WD Proxy]&amp#27;[39m Got response with status 200: {"sessionId":"e30bd81a-f139-4837-b67f-99a041c747ef","value":{"ELEMENT":"6aa37c40-5664-44c2-bfb8-34dcd6d309e8","element-6066-11e4-a52e-4f735466cecf":"6aa37c40-5664-44c2-bfb8-34dcd6d309e8"}}
[debug] &amp#27;[35m[W3C (e67b95f7)]&amp#27;[39m Responding to client with driver.findElement() result: {"element-6066-11e4-a52e-4f735466cecf":"6aa37c40-5664-44c2-bfb8-34dcd6d309e8","ELEMENT":"6aa37c40-5664-44c2-bfb8-34dcd6d309e8"}
&amp#27;[35m[HTTP]&amp#27;[39m &amp#27;[37m<-- POST /wd/hub/session/e67b95f7-0666-4ad9-bf82-0c69c65da043/element &amp#27;[39m&amp#27;[32m200&amp#27;[39m &amp#27;[90m43 ms - 137&amp#27;[39m
&amp#27;[35m[HTTP]&amp#27;[39m &amp#27;[90m&amp#27;[39m
&amp#27;[35m[HTTP]&amp#27;[39m &amp#27;[37m-->&amp#27;[39m &amp#27;[37mGET&amp#27;[39m &amp#27;[37m/wd/hub/session/e67b95f7-0666-4ad9-bf82-0c69c65da043/element/6aa37c40-5664-44c2-bfb8-34dcd6d309e8/displayed&amp#27;[39m
&amp#27;[35m[HTTP]&amp#27;[39m &amp#27;[90m{}&amp#27;[39m
[debug] &amp#27;[35m[W3C (e67b95f7)]&amp#27;[39m Calling AppiumDriver.elementDisplayed() with args: ["6aa37c40-5664-44c2-bfb8-34dcd6d309e8","e67b95f7-0666-4ad9-bf82-0c69c65da043"]
[debug] &amp#27;[35m[WD Proxy]&amp#27;[39m Matched '/element/6aa37c40-5664-44c2-bfb8-34dcd6d309e8/attribute/displayed' to command name 'getAttribute'
[debug] &amp#27;[35m[WD Proxy]&amp#27;[39m Proxying [GET /element/6aa37c40-5664-44c2-bfb8-34dcd6d309e8/attribute/displayed] to [GET http://127.0.0.1:8218/wd/hub/session/e30bd81a-f139-4837-b67f-99a041c747ef/element/6aa37c40-5664-44c2-bfb8-34dcd6d309e8/attribute/displayed] with no body
[debug] &amp#27;[35m[WD Proxy]&amp#27;[39m Got response with status 200: {"sessionId":"e30bd81a-f139-4837-b67f-99a041c747ef","value":"true"}
[debug] &amp#27;[35m[W3C (e67b95f7)]&amp#27;[39m Responding to client with driver.elementDisplayed() result: true
&amp#27;[35m[HTTP]&amp#27;[39m &amp#27;[37m<-- GET /wd/hub/session/e67b95f7-0666-4ad9-bf82-0c69c65da043/element/6aa37c40-5664-44c2-bfb8-34dcd6d309e8/displayed &amp#27;[39m&amp#27;[32m200&amp#27;[39m &amp#27;[90m68 ms - 14&amp#27;[39m
&amp#27;[35m[HTTP]&amp#27;[39m &amp#27;[90m&amp#27;[39m
&amp#27;[35m[HTTP]&amp#27;[39m &amp#27;[37m-->&amp#27;[39m &amp#27;[37mGET&amp#27;[39m &amp#27;[37m/wd/hub/session/e67b95f7-0666-4ad9-bf82-0c69c65da043&amp#27;[39m
&amp#27;[35m[HTTP]&amp#27;[39m &amp#27;[90m{}&amp#27;[39m
[debug] &amp#27;[35m[W3C (e67b95f7)]&amp#27;[39m Calling AppiumDriver.getSession() with args: ["e67b95f7-0666-4ad9-bf82-0c69c65da043"]
[debug] &amp#27;[35m[UiAutomator2]&amp#27;[39m Getting session details from server to mix in
[debug] &amp#27;[35m[WD Proxy]&amp#27;[39m Matched '/' to command name 'getSession'
[debug] &amp#27;[35m[WD Proxy]&amp#27;[39m Proxying [GET /] to [GET http://127.0.0.1:8218/wd/hub/session/e30bd81a-f139-4837-b67f-99a041c747ef] with no body
[debug] &amp#27;[35m[WD Proxy]&amp#27;[39m Got response with status 200: {"sessionId":"e30bd81a-f139-4837-b67f-99a041c747ef","value":{"lastScrollData":null}}
[debug] &amp#27;[35m[W3C (e67b95f7)]&amp#27;[39m Responding to client with driver.getSession() result: {"platform":"LINUX","webStorageEnabled":false,"takesScreenshot":true,"javascriptEnabled":true,"databaseEnabled":false,"networkConnectionEnabled":true,"locationContextEnabled":false,"warnings":{},"desired":{"platformName":"android","app":"C:\\Users\\Anis\\eclipse-workspace\\Appium\\src\\ApiDemos-debug.apk","deviceName":"Redmi","newCommandTimeout":14},"platformName":"android","app":"C:\\Users\\Anis\\eclipse-workspace\\Appium\\src\\ApiDemos-debug.apk","deviceName":"55272e729804","newCommandTimeout":14,"deviceUDID":"55272e729804","appPackage":"io.appium.android.apis","deviceApiLevel":24,"platformVersion":"7.0","deviceScreenSize":"1080x1920","deviceScreenDensity":480,"deviceModel":"Redmi Note 4","deviceManufacturer":"Xiaomi","pixelRatio":3,"statBarHeight":72,"viewportRect":{"left":0,"top":72,"width":1080,"height":1848},"lastScrollData":null}
&amp#27;[35m[HTTP]&amp#27;[39m &amp#27;[37m<-- GET /wd/hub/session/e67b95f7-0666-4ad9-bf82-0c69c65da043 &amp#27;[39m&amp#27;[32m200&amp#27;[39m &amp#27;[90m13 ms - 858&amp#27;[39m
&amp#27;[35m[HTTP]&amp#27;[39m &amp#27;[90m&amp#27;[39m
&amp#27;[35m[HTTP]&amp#27;[39m &amp#27;[37m-->&amp#27;[39m &amp#27;[37mPOST&amp#27;[39m &amp#27;[37m/wd/hub/session/e67b95f7-0666-4ad9-bf82-0c69c65da043/element&amp#27;[39m
&amp#27;[35m[HTTP]&amp#27;[39m &amp#27;[90m{"using":"id","value":"io.appium.android.apis:id/spinner1"}&amp#27;[39m
[debug] &amp#27;[35m[W3C (e67b95f7)]&amp#27;[39m Calling AppiumDriver.findElement() with args: ["id","io.appium.android.apis:id/spinner1","e67b95f7-0666-4ad9-bf82-0c69c65da043"]
[debug] &amp#27;[35m[BaseDriver]&amp#27;[39m Valid locator strategies for this request: xpath, id, class name, accessibility id, css selector, -android uiautomator
[debug] &amp#27;[35m[BaseDriver]&amp#27;[39m Waiting up to 0 ms for condition
[debug] &amp#27;[35m[WD Proxy]&amp#27;[39m Matched '/element' to command name 'findElement'
[debug] &amp#27;[35m[WD Proxy]&amp#27;[39m Proxying [POST /element] to [POST http://127.0.0.1:8218/wd/hub/session/e30bd81a-f139-4837-b67f-99a041c747ef/element] with body: {"strategy":"id","selector":"io.appium.android.apis:id/spinner1","context":"","multiple":false}
[debug] &amp#27;[35m[WD Proxy]&amp#27;[39m Got response with status 200: {"sessionId":"e30bd81a-f139-4837-b67f-99a041c747ef","value":{"ELEMENT":"20a0f76c-d24a-4587-9158-3d0030bcb224","element-6066-11e4-a52e-4f735466cecf":"20a0f76c-d24a-4587-9158-3d0030bcb224"}}
[debug] &amp#27;[35m[W3C (e67b95f7)]&amp#27;[39m Responding to client with driver.findElement() result: {"element-6066-11e4-a52e-4f735466cecf":"20a0f76c-d24a-4587-9158-3d0030bcb224","ELEMENT":"20a0f76c-d24a-4587-9158-3d0030bcb224"}
&amp#27;[35m[HTTP]&amp#27;[39m &amp#27;[37m<-- POST /wd/hub/session/e67b95f7-0666-4ad9-bf82-0c69c65da043/element &amp#27;[39m&amp#27;[32m200&amp#27;[39m &amp#27;[90m41 ms - 137&amp#27;[39m
&amp#27;[35m[HTTP]&amp#27;[39m &amp#27;[90m&amp#27;[39m
&amp#27;[35m[HTTP]&amp#27;[39m &amp#27;[37m-->&amp#27;[39m &amp#27;[37mGET&amp#27;[39m &amp#27;[37m/wd/hub/session/e67b95f7-0666-4ad9-bf82-0c69c65da043/element/20a0f76c-d24a-4587-9158-3d0030bcb224/enabled&amp#27;[39m
&amp#27;[35m[HTTP]&amp#27;[39m &amp#27;[90m{}&amp#27;[39m
[debug] &amp#27;[35m[W3C (e67b95f7)]&amp#27;[39m Calling AppiumDriver.elementEnabled() with args: ["20a0f76c-d24a-4587-9158-3d0030bcb224","e67b95f7-0666-4ad9-bf82-0c69c65da043"]
[debug] &amp#27;[35m[WD Proxy]&amp#27;[39m Matched '/element/20a0f76c-d24a-4587-9158-3d0030bcb224/attribute/enabled' to command name 'getAttribute'
[debug] &amp#27;[35m[WD Proxy]&amp#27;[39m Proxying [GET /element/20a0f76c-d24a-4587-9158-3d0030bcb224/attribute/enabled] to [GET http://127.0.0.1:8218/wd/hub/session/e30bd81a-f139-4837-b67f-99a041c747ef/element/20a0f76c-d24a-4587-9158-3d0030bcb224/attribute/enabled] with no body
[debug] &amp#27;[35m[WD Proxy]&amp#27;[39m Got response with status 200: {"sessionId":"e30bd81a-f139-4837-b67f-99a041c747ef","value":"true"}
[debug] &amp#27;[35m[W3C (e67b95f7)]&amp#27;[39m Responding to client with driver.elementEnabled() result: true
&amp#27;[35m[HTTP]&amp#27;[39m &amp#27;[37m<-- GET /wd/hub/session/e67b95f7-0666-4ad9-bf82-0c69c65da043/element/20a0f76c-d24a-4587-9158-3d0030bcb224/enabled &amp#27;[39m&amp#27;[32m200&amp#27;[39m &amp#27;[90m24 ms - 14&amp#27;[39m
&amp#27;[35m[HTTP]&amp#27;[39m &amp#27;[90m&amp#27;[39m
&amp#27;[35m[HTTP]&amp#27;[39m &amp#27;[37m-->&amp#27;[39m &amp#27;[37mPOST&amp#27;[39m &amp#27;[37m/wd/hub/session/e67b95f7-0666-4ad9-bf82-0c69c65da043/timeouts&amp#27;[39m
&amp#27;[35m[HTTP]&amp#27;[39m &amp#27;[90m{"implicit":10000}&amp#27;[39m
[debug] &amp#27;[35m[W3C (e67b95f7)]&amp#27;[39m Calling AppiumDriver.timeouts() with args: [null,null,null,null,10000,"e67b95f7-0666-4ad9-bf82-0c69c65da043"]
[debug] &amp#27;[35m[BaseDriver]&amp#27;[39m W3C timeout argument: {"implicit":10000}}
[debug] &amp#27;[35m[BaseDriver]&amp#27;[39m Set implicit wait to 10000ms
[debug] &amp#27;[35m[W3C (e67b95f7)]&amp#27;[39m Responding to client with driver.timeouts() result: null
&amp#27;[35m[HTTP]&amp#27;[39m &amp#27;[37m<-- POST /wd/hub/session/e67b95f7-0666-4ad9-bf82-0c69c65da043/timeouts &amp#27;[39m&amp#27;[32m200&amp#27;[39m &amp#27;[90m2 ms - 14&amp#27;[39m
&amp#27;[35m[HTTP]&amp#27;[39m &amp#27;[90m&amp#27;[39m
&amp#27;[35m[HTTP]&amp#27;[39m &amp#27;[37m-->&amp#27;[39m &amp#27;[37mGET&amp#27;[39m &amp#27;[37m/wd/hub/session/e67b95f7-0666-4ad9-bf82-0c69c65da043&amp#27;[39m
&amp#27;[35m[HTTP]&amp#27;[39m &amp#27;[90m{}&amp#27;[39m
[debug] &amp#27;[35m[W3C (e67b95f7)]&amp#27;[39m Calling AppiumDriver.getSession() with args: ["e67b95f7-0666-4ad9-bf82-0c69c65da043"]
[debug] &amp#27;[35m[UiAutomator2]&amp#27;[39m Getting session details from server to mix in
[debug] &amp#27;[35m[WD Proxy]&amp#27;[39m Matched '/' to command name 'getSession'
[debug] &amp#27;[35m[WD Proxy]&amp#27;[39m Proxying [GET /] to [GET http://127.0.0.1:8218/wd/hub/session/e30bd81a-f139-4837-b67f-99a041c747ef] with no body
[debug] &amp#27;[35m[WD Proxy]&amp#27;[39m Got response with status 200: {"sessionId":"e30bd81a-f139-4837-b67f-99a041c747ef","value":{"lastScrollData":null}}
[debug] &amp#27;[35m[W3C (e67b95f7)]&amp#27;[39m Responding to client with driver.getSession() result: {"platform":"LINUX","webStorageEnabled":false,"takesScreenshot":true,"javascriptEnabled":true,"databaseEnabled":false,"networkConnectionEnabled":true,"locationContextEnabled":false,"warnings":{},"desired":{"platformName":"android","app":"C:\\Users\\Anis\\eclipse-workspace\\Appium\\src\\ApiDemos-debug.apk","deviceName":"Redmi","newCommandTimeout":14},"platformName":"android","app":"C:\\Users\\Anis\\eclipse-workspace\\Appium\\src\\ApiDemos-debug.apk","deviceName":"55272e729804","newCommandTimeout":14,"deviceUDID":"55272e729804","appPackage":"io.appium.android.apis","deviceApiLevel":24,"platformVersion":"7.0","deviceScreenSize":"1080x1920","deviceScreenDensity":480,"deviceModel":"Redmi Note 4","deviceManufacturer":"Xiaomi","pixelRatio":3,"statBarHeight":72,"viewportRect":{"left":0,"top":72,"width":1080,"height":1848},"lastScrollData":null}
&amp#27;[35m[HTTP]&amp#27;[39m &amp#27;[37m<-- GET /wd/hub/session/e67b95f7-0666-4ad9-bf82-0c69c65da043 &amp#27;[39m&amp#27;[32m200&amp#27;[39m &amp#27;[90m13 ms - 858&amp#27;[39m
&amp#27;[35m[HTTP]&amp#27;[39m &amp#27;[90m&amp#27;[39m
&amp#27;[35m[HTTP]&amp#27;[39m &amp#27;[37m-->&amp#27;[39m &amp#27;[37mPOST&amp#27;[39m &amp#27;[37m/wd/hub/session/e67b95f7-0666-4ad9-bf82-0c69c65da043/element&amp#27;[39m
&amp#27;[35m[HTTP]&amp#27;[39m &amp#27;[90m{"using":"id","value":"io.appium.android.apis:id/spinner1"}&amp#27;[39m
[debug] &amp#27;[35m[W3C (e67b95f7)]&amp#27;[39m Calling AppiumDriver.findElement() with args: ["id","io.appium.android.apis:id/spinner1","e67b95f7-0666-4ad9-bf82-0c69c65da043"]
[debug] &amp#27;[35m[BaseDriver]&amp#27;[39m Valid locator strategies for this request: xpath, id, class name, accessibility id, css selector, -android uiautomator
[debug] &amp#27;[35m[BaseDriver]&amp#27;[39m Waiting up to 10000 ms for condition
[debug] &amp#27;[35m[WD Proxy]&amp#27;[39m Matched '/element' to command name 'findElement'
[debug] &amp#27;[35m[WD Proxy]&amp#27;[39m Proxying [POST /element] to [POST http://127.0.0.1:8218/wd/hub/session/e30bd81a-f139-4837-b67f-99a041c747ef/element] with body: {"strategy":"id","selector":"io.appium.android.apis:id/spinner1","context":"","multiple":false}
[debug] &amp#27;[35m[WD Proxy]&amp#27;[39m Got response with status 200: {"sessionId":"e30bd81a-f139-4837-b67f-99a041c747ef","value":{"ELEMENT":"f827dd8f-fef7-4649-a028-ce98425a94db","element-6066-11e4-a52e-4f735466cecf":"f827dd8f-fef7-4649-a028-ce98425a94db"}}
[debug] &amp#27;[35m[W3C (e67b95f7)]&amp#27;[39m Responding to client with driver.findElement() result: {"element-6066-11e4-a52e-4f735466cecf":"f827dd8f-fef7-4649-a028-ce98425a94db","ELEMENT":"f827dd8f-fef7-4649-a028-ce98425a94db"}
&amp#27;[35m[HTTP]&amp#27;[39m &amp#27;[37m<-- POST /wd/hub/session/e67b95f7-0666-4ad9-bf82-0c69c65da043/element &amp#27;[39m&amp#27;[32m200&amp#27;[39m &amp#27;[90m29 ms - 137&amp#27;[39m
&amp#27;[35m[HTTP]&amp#27;[39m &amp#27;[90m&amp#27;[39m
&amp#27;[35m[HTTP]&amp#27;[39m &amp#27;[37m-->&amp#27;[39m &amp#27;[37mPOST&amp#27;[39m &amp#27;[37m/wd/hub/session/e67b95f7-0666-4ad9-bf82-0c69c65da043/element/f827dd8f-fef7-4649-a028-ce98425a94db/click&amp#27;[39m
&amp#27;[35m[HTTP]&amp#27;[39m &amp#27;[90m{"id":"f827dd8f-fef7-4649-a028-ce98425a94db"}&amp#27;[39m
[debug] &amp#27;[35m[W3C (e67b95f7)]&amp#27;[39m Calling AppiumDriver.click() with args: ["f827dd8f-fef7-4649-a028-ce98425a94db","e67b95f7-0666-4ad9-bf82-0c69c65da043"]
[debug] &amp#27;[35m[WD Proxy]&amp#27;[39m Matched '/element/f827dd8f-fef7-4649-a028-ce98425a94db/click' to command name 'click'
[debug] &amp#27;[35m[WD Proxy]&amp#27;[39m Proxying [POST /element/f827dd8f-fef7-4649-a028-ce98425a94db/click] to [POST http://127.0.0.1:8218/wd/hub/session/e30bd81a-f139-4837-b67f-99a041c747ef/element/f827dd8f-fef7-4649-a028-ce98425a94db/click] with body: {"element":"f827dd8f-fef7-4649-a028-ce98425a94db"}
[debug] &amp#27;[35m[WD Proxy]&amp#27;[39m Got response with status 200: {"sessionId":"e30bd81a-f139-4837-b67f-99a041c747ef","value":null}
[debug] &amp#27;[35m[W3C (e67b95f7)]&amp#27;[39m Responding to client with driver.click() result: null
[INFO ] 2021-06-18 16:00:10.826 [main] ExplicitWait - Waiting for element to be visible: Located by By.chained({By.xpath: //*[contains(@text,'Earth')]})
&amp#27;[35m[HTTP]&amp#27;[39m &amp#27;[37m<-- POST /wd/hub/session/e67b9[INFO ] 2021-06-18 16:00:10.826 [main] ExplicitWait - Waiting for element to be visible: Located by By.chained({By.xpath: //*[contains(@text,'Earth')]})
5f7-0666-4ad9-bf82-0c69c65da043/element/f827dd8f-fef7-4649-a028-ce98425a94db/click &amp#27;[39m&amp#27;[32m200&amp#27;[39m &amp#27;[90m30 ms - 14&amp#27;[39m
&amp#27;[35m[HTTP]&amp#27;[39m &amp#27;[90m&amp#27;[39m
&amp#27;[35m[HTTP]&amp#27;[39m &amp#27;[37m-->&amp#27;[39m &amp#27;[37mPOST&amp#27;[39m &amp#27;[37m/wd/hub/session/e67b95f7-0666-4ad9-bf82-0c69c65da043/timeouts&amp#27;[39m
&amp#27;[35m[HTTP]&amp#27;[39m &amp#27;[90m{"implicit":0}&amp#27;[39m
[debug] &amp#27;[35m[W3C (e67b95f7)]&amp#27;[39m Calling AppiumDriver.timeouts() with args: [null,null,null,null,0,"e67b95f7-0666-4ad9-bf82-0c69c65da043"]
[debug] &amp#27;[35m[BaseDriver]&amp#27;[39m W3C timeout argument: {"implicit":0}}
[debug] &amp#27;[35m[BaseDriver]&amp#27;[39m Set implicit wait to 0ms
[debug] &amp#27;[35m[W3C (e67b95f7)]&amp#27;[39m Responding to client with driver.timeouts() result: null
&amp#27;[35m[HTTP]&amp#27;[39m &amp#27;[37m<-- POST /wd/hub/session/e67b95f7-0666-4ad9-bf82-0c69c65da043/timeouts &amp#27;[39m&amp#27;[32m200&amp#27;[39m &amp#27;[90m2 ms - 14&amp#27;[39m
&amp#27;[35m[HTTP]&amp#27;[39m &amp#27;[90m&amp#27;[39m
&amp#27;[35m[HTTP]&amp#27;[39m &amp#27;[37m-->&amp#27;[39m &amp#27;[37mGET&amp#27;[39m &amp#27;[37m/wd/hub/session/e67b95f7-0666-4ad9-bf82-0c69c65da043&amp#27;[39m
&amp#27;[35m[HTTP]&amp#27;[39m &amp#27;[90m{}&amp#27;[39m
[debug] &amp#27;[35m[W3C (e67b95f7)]&amp#27;[39m Calling AppiumDriver.getSession() with args: ["e67b95f7-0666-4ad9-bf82-0c69c65da043"]
[debug] &amp#27;[35m[UiAutomator2]&amp#27;[39m Getting session details from server to mix in
[debug] &amp#27;[35m[WD Proxy]&amp#27;[39m Matched '/' to command name 'getSession'
[debug] &amp#27;[35m[WD Proxy]&amp#27;[39m Proxying [GET /] to [GET http://127.0.0.1:8218/wd/hub/session/e30bd81a-f139-4837-b67f-99a041c747ef] with no body
[debug] &amp#27;[35m[WD Proxy]&amp#27;[39m Got response with status 200: {"sessionId":"e30bd81a-f139-4837-b67f-99a041c747ef","value":{"lastScrollData":null}}
[debug] &amp#27;[35m[W3C (e67b95f7)]&amp#27;[39m Responding to client with driver.getSession() result: {"platform":"LINUX","webStorageEnabled":false,"takesScreenshot":true,"javascriptEnabled":true,"databaseEnabled":false,"networkConnectionEnabled":true,"locationContextEnabled":false,"warnings":{},"desired":{"platformName":"android","app":"C:\\Users\\Anis\\eclipse-workspace\\Appium\\src\\ApiDemos-debug.apk","deviceName":"Redmi","newCommandTimeout":14},"platformName":"android","app":"C:\\Users\\Anis\\eclipse-workspace\\Appium\\src\\ApiDemos-debug.apk","deviceName":"55272e729804","newCommandTimeout":14,"deviceUDID":"55272e729804","appPackage":"io.appium.android.apis","deviceApiLevel":24,"platformVersion":"7.0","deviceScreenSize":"1080x1920","deviceScreenDensity":480,"deviceModel":"Redmi Note 4","deviceManufacturer":"Xiaomi","pixelRatio":3,"statBarHeight":72,"viewportRect":{"left":0,"top":72,"width":1080,"height":1848},"lastScrollData":null}
&amp#27;[35m[HTTP]&amp#27;[39m &amp#27;[37m<-- GET /wd/hub/session/e67b95f7-0666-4ad9-bf82-0c69c65da043 &amp#27;[39m&amp#27;[32m200&amp#27;[39m &amp#27;[90m12 ms - 858&amp#27;[39m
&amp#27;[35m[HTTP]&amp#27;[39m &amp#27;[90m&amp#27;[39m
&amp#27;[35m[HTTP]&amp#27;[39m &amp#27;[37m-->&amp#27;[39m &amp#27;[37mPOST&amp#27;[39m &amp#27;[37m/wd/hub/session/e67b95f7-0666-4ad9-bf82-0c69c65da043/element&amp#27;[39m
&amp#27;[35m[HTTP]&amp#27;[39m &amp#27;[90m{"using":"xpath","value":"//*[contains(@text,'Earth')]"}&amp#27;[39m
[debug] &amp#27;[35m[W3C (e67b95f7)]&amp#27;[39m Calling AppiumDriver.findElement() with args: ["xpath","//*[contains(@text,'Earth')]","e67b95f7-0666-4ad9-bf82-0c69c65da043"]
[debug] &amp#27;[35m[BaseDriver]&amp#27;[39m Valid locator strategies for this request: xpath, id, class name, accessibility id, css selector, -android uiautomator
[debug] &amp#27;[35m[BaseDriver]&amp#27;[39m Waiting up to 0 ms for condition
[debug] &amp#27;[35m[WD Proxy]&amp#27;[39m Matched '/element' to command name 'findElement'
[debug] &amp#27;[35m[WD Proxy]&amp#27;[39m Proxying [POST /element] to [POST http://127.0.0.1:8218/wd/hub/session/e30bd81a-f139-4837-b67f-99a041c747ef/element] with body: {"strategy":"xpath","selector":"//*[contains(@text,'Earth')]","context":"","multiple":false}
[debug] &amp#27;[35m[WD Proxy]&amp#27;[39m Got response with status 200: {"sessionId":"e30bd81a-f139-4837-b67f-99a041c747ef","value":{"ELEMENT":"f3604077-3b31-4388-ad6d-03184db5ba2d","element-6066-11e4-a52e-4f735466cecf":"f3604077-3b31-4388-ad6d-03184db5ba2d"}}
[debug] &amp#27;[35m[W3C (e67b95f7)]&amp#27;[39m Responding to client with driver.findElement() result: {"element-6066-11e4-a52e-4f735466cecf":"f3604077-3b31-4388-ad6d-03184db5ba2d","ELEMENT":"f3604077-3b31-4388-ad6d-03184db5ba2d"}
&amp#27;[35m[HTTP]&amp#27;[39m &amp#27;[37m<-- POST /wd/hub/session/e67b95f7-0666-4ad9-bf82-0c69c65da043/element &amp#27;[39m&amp#27;[32m200&amp#27;[39m &amp#27;[90m92 ms - 137&amp#27;[39m
&amp#27;[35m[HTTP]&amp#27;[39m &amp#27;[90m&amp#27;[39m
&amp#27;[35m[HTTP]&amp#27;[39m &amp#27;[37m-->&amp#27;[39m &amp#27;[37mGET&amp#27;[39m &amp#27;[37m/wd/hub/session/e67b95f7-0666-4ad9-bf82-0c69c65da043/element/f3604077-3b31-4388-ad6d-03184db5ba2d/displayed&amp#27;[39m
&amp#27;[35m[HTTP]&amp#27;[39m &amp#27;[90m{}&amp#27;[39m
[debug] &amp#27;[35m[W3C (e67b95f7)]&amp#27;[39m Calling AppiumDriver.elementDisplayed() with args: ["f3604077-3b31-4388-ad6d-03184db5ba2d","e67b95f7-0666-4ad9-bf82-0c69c65da043"]
[debug] &amp#27;[35m[WD Proxy]&amp#27;[39m Matched '/element/f3604077-3b31-4388-ad6d-03184db5ba2d/attribute/displayed' to command name 'getAttribute'
[debug] &amp#27;[35m[WD Proxy]&amp#27;[39m Proxying [GET /element/f3604077-3b31-4388-ad6d-03184db5ba2d/attribute/displayed] to [GET http://127.0.0.1:8218/wd/hub/session/e30bd81a-f139-4837-b67f-99a041c747ef/element/f3604077-3b31-4388-ad6d-03184db5ba2d/attribute/displayed] with no body
[debug] &amp#27;[35m[WD Proxy]&amp#27;[39m Got response with status 200: {"sessionId":"e30bd81a-f139-4837-b67f-99a041c747ef","value":"true"}
[debug] &amp#27;[35m[W3C (e67b95f7)]&amp#27;[39m Responding to client with driver.elementDisplayed() result: true
&amp#27;[35m[HTTP]&amp#27;[39m &amp#27;[37m<-- GET /wd/hub/session/e67b95f7-0666-4ad9-bf82-0c69c65da043/element/f3604077-3b31-4388-ad6d-03184db5ba2d/displayed &amp#27;[39m&amp#27;[32m200&amp#27;[39m &amp#27;[90m877 ms - 14&amp#27;[39m
&amp#27;[35m[HTTP]&amp#27;[39m &amp#27;[90m&amp#27;[39m
&amp#27;[35m[HTTP]&amp#27;[39m &amp#27;[37m-->&amp#27;[39m &amp#27;[37mPOST&amp#27;[39m &amp#27;[37m/wd/hub/session/e67b95f7-0666-4ad9-bf82-0c69c65da043/timeouts&amp#27;[39m
&amp#27;[35m[HTTP]&amp#27;[39m &amp#27;[90m{"implicit":10000}&amp#27;[39m
[debug] &amp#27;[35m[W3C (e67b95f7)]&amp#27;[39m Calling AppiumDriver.timeouts() with args: [null,null,null,null,10000,"e67b95f7-0666-4ad9-bf82-0c69c65da043"]
[debug] &amp#27;[35m[BaseDriver]&amp#27;[39m W3C timeout argument: {"implicit":10000}}
[debug] &amp#27;[35m[BaseDriver]&amp#27;[39m Set implicit wait to 10000ms
[debug] &amp#27;[35m[W3C (e67b95f7)]&amp#27;[39m Responding to client with driver.timeouts() result: null
&amp#27;[35m[HTTP]&amp#27;[39m &amp#27;[37m<-- POST /wd/hub/session/e67b95f7-0666-4ad9-bf82-0c69c65da04[INFO ] 2021-06-18 16:00:11.855 [main] ViewsPage - Clicks The Select Earth
3/timeouts &amp#27;[39m&amp#27;[32m200&amp#27;[39m &amp#27;[90m3 ms - 14&amp#27;[39m
&amp#27;[35m[HTTP]&amp#27;[39m &amp#27;[90m&amp#27;[39m
[INFO ] 2021-06-18 16:00:11.856 [main] ExplicitWait - Waiting for element to be clickable: Located by By.chained({By.xpath: //*[contains(@text,'Earth')]})
&amp#27;[35m[HTTP]&amp#27;[39m &amp#27;[37m-->&amp#27;[39m &amp#27;[37mPOST&amp#27;[39m &amp#27;[37m/wd/hub/session/e67b95f7-0666-4ad9-bf82-0c69c65da043/timeouts&amp#27;[39m
&amp#27;[35m[HTTP]&amp#27;[39m &amp#27;[90m{"implicit":0}&amp#27;[39m
[debug] &amp#27;[35m[W3C (e67b95f7)]&amp#27;[39m Calling AppiumDriver.timeouts() with args: [null,null,null,null,0,"e67b95f7-0666-4ad9-bf82-0c69c65da043"]
[debug] &amp#27;[35m[BaseDriver]&amp#27;[39m W3C timeout argument: {"implicit":0}}
[debug] &amp#27;[35m[BaseDriver]&amp#27;[39m Set implicit wait to 0ms
[debug] &amp#27;[35m[W3C (e67b95f7)]&amp#27;[39m Responding to client with driver.timeouts() result: null
&amp#27;[35m[HTTP]&amp#27;[39m &amp#27;[37m<-- POST /wd/hub/session/e67b95f7-0666-4ad9-bf82-0c69c65da043/timeouts &amp#27;[39m&amp#27;[32m200&amp#27;[39m &amp#27;[90m2 ms - 14&amp#27;[39m
&amp#27;[35m[HTTP]&amp#27;[39m &amp#27;[90m&amp#27;[39m
&amp#27;[35m[HTTP]&amp#27;[39m &amp#27;[37m-->&amp#27;[39m &amp#27;[37mGET&amp#27;[39m &amp#27;[37m/wd/hub/session/e67b95f7-0666-4ad9-bf82-0c69c65da043&amp#27;[39m
&amp#27;[35m[HTTP]&amp#27;[39m &amp#27;[90m{}&amp#27;[39m
[debug] &amp#27;[35m[W3C (e67b95f7)]&amp#27;[39m Calling AppiumDriver.getSession() with args: ["e67b95f7-0666-4ad9-bf82-0c69c65da043"]
[debug] &amp#27;[35m[UiAutomator2]&amp#27;[39m Getting session details from server to mix in
[debug] &amp#27;[35m[WD Proxy]&amp#27;[39m Matched '/' to command name 'getSession'
[debug] &amp#27;[35m[WD Proxy]&amp#27;[39m Proxying [GET /] to [GET http://127.0.0.1:8218/wd/hub/session/e30bd81a-f139-4837-b67f-99a041c747ef] with no body
[debug] &amp#27;[35m[WD Proxy]&amp#27;[39m Got response with status 200: {"sessionId":"e30bd81a-f139-4837-b67f-99a041c747ef","value":{"lastScrollData":null}}
[debug] &amp#27;[35m[W3C (e67b95f7)]&amp#27;[39m Responding to client with driver.getSession() result: {"platform":"LINUX","webStorageEnabled":false,"takesScreenshot":true,"javascriptEnabled":true,"databaseEnabled":false,"networkConnectionEnabled":true,"locationContextEnabled":false,"warnings":{},"desired":{"platformName":"android","app":"C:\\Users\\Anis\\eclipse-workspace\\Appium\\src\\ApiDemos-debug.apk","deviceName":"Redmi","newCommandTimeout":14},"platformName":"android","app":"C:\\Users\\Anis\\eclipse-workspace\\Appium\\src\\ApiDemos-debug.apk","deviceName":"55272e729804","newCommandTimeout":14,"deviceUDID":"55272e729804","appPackage":"io.appium.android.apis","deviceApiLevel":24,"platformVersion":"7.0","deviceScreenSize":"1080x1920","deviceScreenDensity":480,"deviceModel":"Redmi Note 4","deviceManufacturer":"Xiaomi","pixelRatio":3,"statBarHeight":72,"viewportRect":{"left":0,"top":72,"width":1080,"height":1848},"lastScrollData":null}
&amp#27;[35m[HTTP]&amp#27;[39m &amp#27;[37m<-- GET /wd/hub/session/e67b95f7-0666-4ad9-bf82-0c69c65da043 &amp#27;[39m&amp#27;[32m200&amp#27;[39m &amp#27;[90m10 ms - 858&amp#27;[39m
&amp#27;[35m[HTTP]&amp#27;[39m &amp#27;[90m&amp#27;[39m
&amp#27;[35m[HTTP]&amp#27;[39m &amp#27;[37m-->&amp#27;[39m &amp#27;[37mPOST&amp#27;[39m &amp#27;[37m/wd/hub/session/e67b95f7-0666-4ad9-bf82-0c69c65da043/element&amp#27;[39m
&amp#27;[35m[HTTP]&amp#27;[39m &amp#27;[90m{"using":"xpath","value":"//*[contains(@text,'Earth')]"}&amp#27;[39m
[debug] &amp#27;[35m[W3C (e67b95f7)]&amp#27;[39m Calling AppiumDriver.findElement() with args: ["xpath","//*[contains(@text,'Earth')]","e67b95f7-0666-4ad9-bf82-0c69c65da043"]
[debug] &amp#27;[35m[BaseDriver]&amp#27;[39m Valid locator strategies for this request: xpath, id, class name, accessibility id, css selector, -android uiautomator
[debug] &amp#27;[35m[BaseDriver]&amp#27;[39m Waiting up to 0 ms for condition
[debug] &amp#27;[35m[WD Proxy]&amp#27;[39m Matched '/element' to command name 'findElement'
[debug] &amp#27;[35m[WD Proxy]&amp#27;[39m Proxying [POST /element] to [POST http://127.0.0.1:8218/wd/hub/session/e30bd81a-f139-4837-b67f-99a041c747ef/element] with body: {"strategy":"xpath","selector":"//*[contains(@text,'Earth')]","context":"","multiple":false}
[debug] &amp#27;[35m[WD Proxy]&amp#27;[39m Got response with status 200: {"sessionId":"e30bd81a-f139-4837-b67f-99a041c747ef","value":{"ELEMENT":"8a288445-7751-40d2-9164-fb8791ab56a7","element-6066-11e4-a52e-4f735466cecf":"8a288445-7751-40d2-9164-fb8791ab56a7"}}
[debug] &amp#27;[35m[W3C (e67b95f7)]&amp#27;[39m Responding to client with driver.findElement() result: {"element-6066-11e4-a52e-4f735466cecf":"8a288445-7751-40d2-9164-fb8791ab56a7","ELEMENT":"8a288445-7751-40d2-9164-fb8791ab56a7"}
&amp#27;[35m[HTTP]&amp#27;[39m &amp#27;[37m<-- POST /wd/hub/session/e67b95f7-0666-4ad9-bf82-0c69c65da043/element &amp#27;[39m&amp#27;[32m200&amp#27;[39m &amp#27;[90m939 ms - 137&amp#27;[39m
&amp#27;[35m[HTTP]&amp#27;[39m &amp#27;[90m&amp#27;[39m
&amp#27;[35m[HTTP]&amp#27;[39m &amp#27;[37m-->&amp#27;[39m &amp#27;[37mGET&amp#27;[39m &amp#27;[37m/wd/hub/session/e67b95f7-0666-4ad9-bf82-0c69c65da043/element/8a288445-7751-40d2-9164-fb8791ab56a7/displayed&amp#27;[39m
&amp#27;[35m[HTTP]&amp#27;[39m &amp#27;[90m{}&amp#27;[39m
[debug] &amp#27;[35m[W3C (e67b95f7)]&amp#27;[39m Calling AppiumDriver.elementDisplayed() with args: ["8a288445-7751-40d2-9164-fb8791ab56a7","e67b95f7-0666-4ad9-bf82-0c69c65da043"]
[debug] &amp#27;[35m[WD Proxy]&amp#27;[39m Matched '/element/8a288445-7751-40d2-9164-fb8791ab56a7/attribute/displayed' to command name 'getAttribute'
[debug] &amp#27;[35m[WD Proxy]&amp#27;[39m Proxying [GET /element/8a288445-7751-40d2-9164-fb8791ab56a7/attribute/displayed] to [GET http://127.0.0.1:8218/wd/hub/session/e30bd81a-f139-4837-b67f-99a041c747ef/element/8a288445-7751-40d2-9164-fb8791ab56a7/attribute/displayed] with no body
[debug] &amp#27;[35m[WD Proxy]&amp#27;[39m Got response with status 200: {"sessionId":"e30bd81a-f139-4837-b67f-99a041c747ef","value":"true"}
[debug] &amp#27;[35m[W3C (e67b95f7)]&amp#27;[39m Responding to client with driver.elementDisplayed() result: true
&amp#27;[35m[HTTP]&amp#27;[39m &amp#27;[37m<-- GET /wd/hub/session/e67b95f7-0666-4ad9-bf82-0c69c65da043/element/8a288445-7751-40d2-9164-fb8791ab56a7/displayed &amp#27;[39m&amp#27;[32m200&amp#27;[39m &amp#27;[90m16 ms - 14&amp#27;[39m
&amp#27;[35m[HTTP]&amp#27;[39m &amp#27;[90m&amp#27;[39m
&amp#27;[35m[HTTP]&amp#27;[39m &amp#27;[37m-->&amp#27;[39m &amp#27;[37mGET&amp#27;[39m &amp#27;[37m/wd/hub/session/e67b95f7-0666-4ad9-bf82-0c69c65da043&amp#27;[39m
&amp#27;[35m[HTTP]&amp#27;[39m &amp#27;[90m{}&amp#27;[39m
[debug] &amp#27;[35m[W3C (e67b95f7)]&amp#27;[39m Calling AppiumDriver.getSession() with args: ["e67b95f7-0666-4ad9-bf82-0c69c65da043"]
[debug] &amp#27;[35m[UiAutomator2]&amp#27;[39m Getting session details from server to mix in
[debug] &amp#27;[35m[WD Proxy]&amp#27;[39m Matched '/' to command name 'getSession'
[debug] &amp#27;[35m[WD Proxy]&amp#27;[39m Proxying [GET /] to [GET http://127.0.0.1:8218/wd/hub/session/e30bd81a-f139-4837-b67f-99a041c747ef] with no body
[debug] &amp#27;[35m[WD Proxy]&amp#27;[39m Got response with status 200: {"sessionId":"e30bd81a-f139-4837-b67f-99a041c747ef","value":{"lastScrollData":null}}
[debug] &amp#27;[35m[W3C (e67b95f7)]&amp#27;[39m Responding to client with driver.getSession() result: {"platform":"LINUX","webStorageEnabled":false,"takesScreenshot":true,"javascriptEnabled":true,"databaseEnabled":false,"networkConnectionEnabled":true,"locationContextEnabled":false,"warnings":{},"desired":{"platformName":"android","app":"C:\\Users\\Anis\\eclipse-workspace\\Appium\\src\\ApiDemos-debug.apk","deviceName":"Redmi","newCommandTimeout":14},"platformName":"android","app":"C:\\Users\\Anis\\eclipse-workspace\\Appium\\src\\ApiDemos-debug.apk","deviceName":"55272e729804","newCommandTimeout":14,"deviceUDID":"55272e729804","appPackage":"io.appium.android.apis","deviceApiLevel":24,"platformVersion":"7.0","deviceScreenSize":"1080x1920","deviceScreenDensity":480,"deviceModel":"Redmi Note 4","deviceManufacturer":"Xiaomi","pixelRatio":3,"statBarHeight":72,"viewportRect":{"left":0,"top":72,"width":1080,"height":1848},"lastScrollData":null}
&amp#27;[35m[HTTP]&amp#27;[39m &amp#27;[37m<-- GET /wd/hub/session/e67b95f7-0666-4ad9-bf82-0c69c65da043 &amp#27;[39m&amp#27;[32m200&amp#27;[39m &amp#27;[90m10 ms - 858&amp#27;[39m
&amp#27;[35m[HTTP]&amp#27;[39m &amp#27;[90m&amp#27;[39m
&amp#27;[35m[HTTP]&amp#27;[39m &amp#27;[37m-->&amp#27;[39m &amp#27;[37mPOST&amp#27;[39m &amp#27;[37m/wd/hub/session/e67b95f7-0666-4ad9-bf82-0c69c65da043/element&amp#27;[39m
&amp#27;[35m[HTTP]&amp#27;[39m &amp#27;[90m{"using":"xpath","value":"//*[contains(@text,'Earth')]"}&amp#27;[39m
[debug] &amp#27;[35m[W3C (e67b95f7)]&amp#27;[39m Calling AppiumDriver.findElement() with args: ["xpath","//*[contains(@text,'Earth')]","e67b95f7-0666-4ad9-bf82-0c69c65da043"]
[debug] &amp#27;[35m[BaseDriver]&amp#27;[39m Valid locator strategies for this request: xpath, id, class name, accessibility id, css selector, -android uiautomator
[debug] &amp#27;[35m[BaseDriver]&amp#27;[39m Waiting up to 0 ms for condition
[debug] &amp#27;[35m[WD Proxy]&amp#27;[39m Matched '/element' to command name 'findElement'
[debug] &amp#27;[35m[WD Proxy]&amp#27;[39m Proxying [POST /element] to [POST http://127.0.0.1:8218/wd/hub/session/e30bd81a-f139-4837-b67f-99a041c747ef/element] with body: {"strategy":"xpath","selector":"//*[contains(@text,'Earth')]","context":"","multiple":false}
[debug] &amp#27;[35m[WD Proxy]&amp#27;[39m Got response with status 200: {"sessionId":"e30bd81a-f139-4837-b67f-99a041c747ef","value":{"ELEMENT":"1d9aabac-1fc5-454d-9bd7-8cd06b1198b0","element-6066-11e4-a52e-4f735466cecf":"1d9aabac-1fc5-454d-9bd7-8cd06b1198b0"}}
[debug] &amp#27;[35m[W3C (e67b95f7)]&amp#27;[39m Responding to client with driver.findElement() result: {"element-6066-11e4-a52e-4f735466cecf":"1d9aabac-1fc5-454d-9bd7-8cd06b1198b0","ELEMENT":"1d9aabac-1fc5-454d-9bd7-8cd06b1198b0"}
&amp#27;[35m[HTTP]&amp#27;[39m &amp#27;[37m<-- POST /wd/hub/session/e67b95f7-0666-4ad9-bf82-0c69c65da043/element &amp#27;[39m&amp#27;[32m200&amp#27;[39m &amp#27;[90m39 ms - 137&amp#27;[39m
&amp#27;[35m[HTTP]&amp#27;[39m &amp#27;[90m&amp#27;[39m
&amp#27;[35m[HTTP]&amp#27;[39m &amp#27;[37m-->&amp#27;[39m &amp#27;[37mGET&amp#27;[39m &amp#27;[37m/wd/hub/session/e67b95f7-0666-4ad9-bf82-0c69c65da043/element/1d9aabac-1fc5-454d-9bd7-8cd06b1198b0/enabled&amp#27;[39m
&amp#27;[35m[HTTP]&amp#27;[39m &amp#27;[90m{}&amp#27;[39m
[debug] &amp#27;[35m[W3C (e67b95f7)]&amp#27;[39m Calling AppiumDriver.elementEnabled() with args: ["1d9aabac-1fc5-454d-9bd7-8cd06b1198b0","e67b95f7-0666-4ad9-bf82-0c69c65da043"]
[debug] &amp#27;[35m[WD Proxy]&amp#27;[39m Matched '/element/1d9aabac-1fc5-454d-9bd7-8cd06b1198b0/attribute/enabled' to command name 'getAttribute'
[debug] &amp#27;[35m[WD Proxy]&amp#27;[39m Proxying [GET /element/1d9aabac-1fc5-454d-9bd7-8cd06b1198b0/attribute/enabled] to [GET http://127.0.0.1:8218/wd/hub/session/e30bd81a-f139-4837-b67f-99a041c747ef/element/1d9aabac-1fc5-454d-9bd7-8cd06b1198b0/attribute/enabled] with no body
[debug] &amp#27;[35m[WD Proxy]&amp#27;[39m Got response with status 200: {"sessionId":"e30bd81a-f139-4837-b67f-99a041c747ef","value":"true"}
[debug] &amp#27;[35m[W3C (e67b95f7)]&amp#27;[39m Responding to client with driver.elementEnabled() result: true
&amp#27;[35m[HTTP]&amp#27;[39m &amp#27;[37m<-- GET /wd/hub/session/e67b95f7-0666-4ad9-bf82-0c69c65da043/element/1d9aabac-1fc5-454d-9bd7-8cd06b1198b0/enabled &amp#27;[39m&amp#27;[32m200&amp#27;[39m &amp#27;[90m15 ms - 14&amp#27;[39m
&amp#27;[35m[HTTP]&amp#27;[39m &amp#27;[90m&amp#27;[39m
&amp#27;[35m[HTTP]&amp#27;[39m &amp#27;[37m-->&amp#27;[39m &amp#27;[37mPOST&amp#27;[39m &amp#27;[37m/wd/hub/session/e67b95f7-0666-4ad9-bf82-0c69c65da043/timeouts&amp#27;[39m
&amp#27;[35m[HTTP]&amp#27;[39m &amp#27;[90m{"implicit":10000}&amp#27;[39m
[debug] &amp#27;[35m[W3C (e67b95f7)]&amp#27;[39m Calling AppiumDriver.timeouts() with args: [null,null,null,null,10000,"e67b95f7-0666-4ad9-bf82-0c69c65da043"]
[debug] &amp#27;[35m[BaseDriver]&amp#27;[39m W3C timeout argument: {"implicit":10000}}
[debug] &amp#27;[35m[BaseDriver]&amp#27;[39m Set implicit wait to 10000ms
[debug] &amp#27;[35m[W3C (e67b95f7)]&amp#27;[39m Responding to client with driver.timeouts() result: null
&amp#27;[35m[HTTP]&amp#27;[39m &amp#27;[37m<-- POST /wd/hub/session/e67b95f7-0666-4ad9-bf82-0c69c65da043/timeouts &amp#27;[39m&amp#27;[32m200&amp#27;[39m &amp#27;[90m1 ms - 14&amp#27;[39m
&amp#27;[35m[HTTP]&amp#27;[39m &amp#27;[90m&amp#27;[39m
&amp#27;[35m[HTTP]&amp#27;[39m &amp#27;[37m-->&amp#27;[39m &amp#27;[37mGET&amp#27;[39m &amp#27;[37m/wd/hub/session/e67b95f7-0666-4ad9-bf82-0c69c65da043&amp#27;[39m
&amp#27;[35m[HTTP]&amp#27;[39m &amp#27;[90m{}&amp#27;[39m
[debug] &amp#27;[35m[W3C (e67b95f7)]&amp#27;[39m Calling AppiumDriver.getSession() with args: ["e67b95f7-0666-4ad9-bf82-0c69c65da043"]
[debug] &amp#27;[35m[UiAutomator2]&amp#27;[39m Getting session details from server to mix in
[debug] &amp#27;[35m[WD Proxy]&amp#27;[39m Matched '/' to command name 'getSession'
[debug] &amp#27;[35m[WD Proxy]&amp#27;[39m Proxying [GET /] to [GET http://127.0.0.1:8218/wd/hub/session/e30bd81a-f139-4837-b67f-99a041c747ef] with no body
[debug] &amp#27;[35m[WD Proxy]&amp#27;[39m Got response with status 200: {"sessionId":"e30bd81a-f139-4837-b67f-99a041c747ef","value":{"lastScrollData":null}}
[debug] &amp#27;[35m[W3C (e67b95f7)]&amp#27;[39m Responding to client with driver.getSession() result: {"platform":"LINUX","webStorageEnabled":false,"takesScreenshot":true,"javascriptEnabled":true,"databaseEnabled":false,"networkConnectionEnabled":true,"locationContextEnabled":false,"warnings":{},"desired":{"platformName":"android","app":"C:\\Users\\Anis\\eclipse-workspace\\Appium\\src\\ApiDemos-debug.apk","deviceName":"Redmi","newCommandTimeout":14},"platformName":"android","app":"C:\\Users\\Anis\\eclipse-workspace\\Appium\\src\\ApiDemos-debug.apk","deviceName":"55272e729804","newCommandTimeout":14,"deviceUDID":"55272e729804","appPackage":"io.appium.android.apis","deviceApiLevel":24,"platformVersion":"7.0","deviceScreenSize":"1080x1920","deviceScreenDensity":480,"deviceModel":"Redmi Note 4","deviceManufacturer":"Xiaomi","pixelRatio":3,"statBarHeight":72,"viewportRect":{"left":0,"top":72,"width":1080,"height":1848},"lastScrollData":null}
&amp#27;[35m[HTTP]&amp#27;[39m &amp#27;[37m<-- GET /wd/hub/session/e67b95f7-0666-4ad9-bf82-0c69c65da043 &amp#27;[39m&amp#27;[32m200&amp#27;[39m &amp#27;[90m10 ms - 858&amp#27;[39m
&amp#27;[35m[HTTP]&amp#27;[39m &amp#27;[90m&amp#27;[39m
&amp#27;[35m[HTTP]&amp#27;[39m &amp#27;[37m-->&amp#27;[39m &amp#27;[37mPOST&amp#27;[39m &amp#27;[37m/wd/hub/session/e67b95f7-0666-4ad9-bf82-0c69c65da043/element&amp#27;[39m
&amp#27;[35m[HTTP]&amp#27;[39m &amp#27;[90m{"using":"xpath","value":"//*[contains(@text,'Earth')]"}&amp#27;[39m
[debug] &amp#27;[35m[W3C (e67b95f7)]&amp#27;[39m Calling AppiumDriver.findElement() with args: ["xpath","//*[contains(@text,'Earth')]","e67b95f7-0666-4ad9-bf82-0c69c65da043"]
[debug] &amp#27;[35m[BaseDriver]&amp#27;[39m Valid locator strategies for this request: xpath, id, class name, accessibility id, css selector, -android uiautomator
[debug] &amp#27;[35m[BaseDriver]&amp#27;[39m Waiting up to 10000 ms for condition
[debug] &amp#27;[35m[WD Proxy]&amp#27;[39m Matched '/element' to command name 'findElement'
[debug] &amp#27;[35m[WD Proxy]&amp#27;[39m Proxying [POST /element] to [POST http://127.0.0.1:8218/wd/hub/session/e30bd81a-f139-4837-b67f-99a041c747ef/element] with body: {"strategy":"xpath","selector":"//*[contains(@text,'Earth')]","context":"","multiple":false}
[debug] &amp#27;[35m[WD Proxy]&amp#27;[39m Got response with status 200: {"sessionId":"e30bd81a-f139-4837-b67f-99a041c747ef","value":{"ELEMENT":"2824deb0-f044-4f58-b1a5-59e578995cd4","element-6066-11e4-a52e-4f735466cecf":"2824deb0-f044-4f58-b1a5-59e578995cd4"}}
[debug] &amp#27;[35m[W3C (e67b95f7)]&amp#27;[39m Responding to client with driver.findElement() result: {"element-6066-11e4-a52e-4f735466cecf":"2824deb0-f044-4f58-b1a5-59e578995cd4","ELEMENT":"2824deb0-f044-4f58-b1a5-59e578995cd4"}
&amp#27;[35m[HTTP]&amp#27;[39m &amp#27;[37m<-- POST /wd/hub/session/e67b95f7-0666-4ad9-bf82-0c69c65da043/element &amp#27;[39m&amp#27;[32m200&amp#27;[39m &amp#27;[90m66 ms - 137&amp#27;[39m
&amp#27;[35m[HTTP]&amp#27;[39m &amp#27;[90m&amp#27;[39m
&amp#27;[35m[HTTP]&amp#27;[39m &amp#27;[37m-->&amp#27;[39m &amp#27;[37mPOST&amp#27;[39m &amp#27;[37m/wd/hub/session/e67b95f7-0666-4ad9-bf82-0c69c65da043/element/2824deb0-f044-4f58-b1a5-59e578995cd4/click&amp#27;[39m
&amp#27;[35m[HTTP]&amp#27;[39m &amp#27;[90m{"id":"2824deb0-f044-4f58-b1a5-59e578995cd4"}&amp#27;[39m
[debug] &amp#27;[35m[W3C (e67b95f7)]&amp#27;[39m Calling AppiumDriver.click() with args: ["2824deb0-f044-4f58-b1a5-59e578995cd4","e67b95f7-0666-4ad9-bf82-0c69c65da043"]
[debug] &amp#27;[35m[WD Proxy]&amp#27;[39m Matched '/element/2824deb0-f044-4f58-b1a5-59e578995cd4/click' to command name 'click'
[debug] &amp#27;[35m[WD Proxy]&amp#27;[39m Proxying [POST /element/2824deb0-f044-4f58-b1a5-59e578995cd4/click] to [POST http://127.0.0.1:8218/wd/hub/session/e30bd81a-f139-4837-b67f-99a041c747ef/element/2824deb0-f044-4f58-b1a5-59e578995cd4/click] with body: {"element":"2824deb0-f044-4f58-b1a5-59e578995cd4"}
[debug] &amp#27;[35m[WD Proxy]&amp#27;[39m Got response with status 200: {"sessionId":"e30bd81a-f139-4837-b67f-99a041c747ef","value":null}
[debug] &amp#27;[35m[W3C (e67b95f7)]&amp#27;[39m Responding to client with driver.click() result: null
&amp#27;[35m[HTTP]&amp#27;[39m &amp#27;[37m<-- POST /wd/hub/session/e67b95f7-0666-4ad9-bf82-0c69c65da043/element/2824deb0-f044-4f58-b1a5[INFO ] 2021-06-18 16:00:13.776 [main] Listeners - *******************ApiDemoTest2.viewsTest passed*******************
-59e578995cd4/click &amp#27;[39m&amp#27;[32m200&amp#27;[39m &amp#27;[90m733 ms - 14&amp#27;[39m
&amp#27;[35m[HTTP]&amp#27;[39m &amp#27;[90m&amp#27;[]]></system-out>
    <system-err><![CDATA[Jun 18, 2021 3:59:46 PM io.appium.java_client.remote.AppiumCommandExecutor$1 lambda$0
INFO: Detected dialect: W3C
]]></system-err>
  </testcase>
</testsuite>