<?xml version="1.0" encoding="UTF-8"?>
<testsuite xmlns:xsi="http://www.w3.org/2001/XMLSchema-instance" xsi:noNamespaceSchemaLocation="https://maven.apache.org/surefire/maven-surefire-plugin/xsd/surefire-test-report-3.0.xsd" version="3.0" name="TestSuite" time="82.656" tests="2" errors="0" skipped="0" failures="0">
  <properties>
    <property name="sun.desktop" value="windows"/>
    <property name="awt.toolkit" value="sun.awt.windows.WToolkit"/>
    <property name="java.specification.version" value="11"/>
    <property name="sun.cpu.isalist" value="amd64"/>
    <property name="sun.jnu.encoding" value="Cp1252"/>
    <property name="java.class.path" value="C:\Users\Anis\eclipse-workspace\Appium\target\test-classes;C:\Users\Anis\eclipse-workspace\Appium\target\classes;C:\Users\Anis\.m2\repository\org\testng\testng\6.14.3\testng-6.14.3.jar;C:\Users\Anis\.m2\repository\com\beust\jcommander\1.72\jcommander-1.72.jar;C:\Users\Anis\.m2\repository\org\apache-extras\beanshell\bsh\2.0b6\bsh-2.0b6.jar;C:\Users\Anis\.m2\repository\org\apache\commons\commons-lang3\3.9\commons-lang3-3.9.jar;C:\Users\Anis\.m2\repository\commons-io\commons-io\2.6\commons-io-2.6.jar;C:\Users\Anis\.m2\repository\io\appium\java-client\7.0.0\java-client-7.0.0.jar;C:\Users\Anis\.m2\repository\org\seleniumhq\selenium\selenium-support\3.141.59\selenium-support-3.141.59.jar;C:\Users\Anis\.m2\repository\org\seleniumhq\selenium\selenium-api\3.141.59\selenium-api-3.141.59.jar;C:\Users\Anis\.m2\repository\com\google\code\gson\gson\2.8.5\gson-2.8.5.jar;C:\Users\Anis\.m2\repository\org\apache\httpcomponents\httpclient\4.5.6\httpclient-4.5.6.jar;C:\Users\Anis\.m2\repository\org\apache\httpcomponents\httpcore\4.4.10\httpcore-4.4.10.jar;C:\Users\Anis\.m2\repository\commons-codec\commons-codec\1.10\commons-codec-1.10.jar;C:\Users\Anis\.m2\repository\cglib\cglib\3.2.8\cglib-3.2.8.jar;C:\Users\Anis\.m2\repository\org\ow2\asm\asm\6.2.1\asm-6.2.1.jar;C:\Users\Anis\.m2\repository\org\apache\ant\ant\1.10.3\ant-1.10.3.jar;C:\Users\Anis\.m2\repository\org\apache\ant\ant-launcher\1.10.3\ant-launcher-1.10.3.jar;C:\Users\Anis\.m2\repository\org\springframework\spring-context\5.1.0.RELEASE\spring-context-5.1.0.RELEASE.jar;C:\Users\Anis\.m2\repository\org\springframework\spring-aop\5.1.0.RELEASE\spring-aop-5.1.0.RELEASE.jar;C:\Users\Anis\.m2\repository\org\springframework\spring-beans\5.1.0.RELEASE\spring-beans-5.1.0.RELEASE.jar;C:\Users\Anis\.m2\repository\org\springframework\spring-core\5.1.0.RELEASE\spring-core-5.1.0.RELEASE.jar;C:\Users\Anis\.m2\repository\org\springframework\spring-jcl\5.1.0.RELEASE\spring-jcl-5.1.0.RELEASE.jar;C:\Users\Anis\.m2\repository\org\springframework\spring-expression\5.1.0.RELEASE\spring-expression-5.1.0.RELEASE.jar;C:\Users\Anis\.m2\repository\org\aspectj\aspectjweaver\1.9.1\aspectjweaver-1.9.1.jar;C:\Users\Anis\.m2\repository\com\aventstack\extentreports\4.0.0\extentreports-4.0.0.jar;C:\Users\Anis\.m2\repository\org\freemarker\freemarker\2.3.23\freemarker-2.3.23.jar;C:\Users\Anis\.m2\repository\org\mongodb\mongodb-driver\3.3.0\mongodb-driver-3.3.0.jar;C:\Users\Anis\.m2\repository\org\mongodb\mongodb-driver-core\3.3.0\mongodb-driver-core-3.3.0.jar;C:\Users\Anis\.m2\repository\org\mongodb\bson\3.3.0\bson-3.3.0.jar;C:\Users\Anis\.m2\repository\org\apache\httpcomponents\httpmime\4.5.2\httpmime-4.5.2.jar;C:\Users\Anis\.m2\repository\commons-validator\commons-validator\1.6\commons-validator-1.6.jar;C:\Users\Anis\.m2\repository\commons-beanutils\commons-beanutils\1.9.2\commons-beanutils-1.9.2.jar;C:\Users\Anis\.m2\repository\commons-digester\commons-digester\1.8.1\commons-digester-1.8.1.jar;C:\Users\Anis\.m2\repository\commons-logging\commons-logging\1.2\commons-logging-1.2.jar;C:\Users\Anis\.m2\repository\commons-collections\commons-collections\3.2.2\commons-collections-3.2.2.jar;C:\Users\Anis\.m2\repository\org\slf4j\slf4j-simple\1.7.26\slf4j-simple-1.7.26.jar;C:\Users\Anis\.m2\repository\org\slf4j\slf4j-api\1.7.26\slf4j-api-1.7.26.jar;C:\Users\Anis\.m2\repository\org\seleniumhq\selenium\selenium-java\3.141.59\selenium-java-3.141.59.jar;C:\Users\Anis\.m2\repository\org\seleniumhq\selenium\selenium-chrome-driver\3.141.59\selenium-chrome-driver-3.141.59.jar;C:\Users\Anis\.m2\repository\org\seleniumhq\selenium\selenium-edge-driver\3.141.59\selenium-edge-driver-3.141.59.jar;C:\Users\Anis\.m2\repository\org\seleniumhq\selenium\selenium-firefox-driver\3.141.59\selenium-firefox-driver-3.141.59.jar;C:\Users\Anis\.m2\repository\org\seleniumhq\selenium\selenium-ie-driver\3.141.59\selenium-ie-driver-3.141.59.jar;C:\Users\Anis\.m2\repository\org\seleniumhq\selenium\selenium-opera-driver\3.141.59\selenium-opera-driver-3.141.59.jar;C:\Users\Anis\.m2\repository\org\seleniumhq\selenium\selenium-remote-driver\3.141.59\selenium-remote-driver-3.141.59.jar;C:\Users\Anis\.m2\repository\org\seleniumhq\selenium\selenium-safari-driver\3.141.59\selenium-safari-driver-3.141.59.jar;C:\Users\Anis\.m2\repository\net\bytebuddy\byte-buddy\1.8.15\byte-buddy-1.8.15.jar;C:\Users\Anis\.m2\repository\org\apache\commons\commons-exec\1.3\commons-exec-1.3.jar;C:\Users\Anis\.m2\repository\com\google\guava\guava\25.0-jre\guava-25.0-jre.jar;C:\Users\Anis\.m2\repository\com\google\code\findbugs\jsr305\1.3.9\jsr305-1.3.9.jar;C:\Users\Anis\.m2\repository\org\checkerframework\checker-compat-qual\2.0.0\checker-compat-qual-2.0.0.jar;C:\Users\Anis\.m2\repository\com\google\errorprone\error_prone_annotations\2.1.3\error_prone_annotations-2.1.3.jar;C:\Users\Anis\.m2\repository\com\google\j2objc\j2objc-annotations\1.1\j2objc-annotations-1.1.jar;C:\Users\Anis\.m2\repository\org\codehaus\mojo\animal-sniffer-annotations\1.14\animal-sniffer-annotations-1.14.jar;C:\Users\Anis\.m2\repository\com\squareup\okhttp3\okhttp\3.11.0\okhttp-3.11.0.jar;C:\Users\Anis\.m2\repository\com\squareup\okio\okio\1.14.0\okio-1.14.0.jar;C:\Users\Anis\.m2\repository\org\apache\logging\log4j\log4j-core\2.13.1\log4j-core-2.13.1.jar;C:\Users\Anis\.m2\repository\org\apache\logging\log4j\log4j-api\2.13.1\log4j-api-2.13.1.jar;"/>
    <property name="java.vm.vendor" value="Oracle Corporation"/>
    <property name="deviceName" value="Redmi"/>
    <property name="sun.arch.data.model" value="64"/>
    <property name="user.variant" value=""/>
    <property name="java.vendor.url" value="https://openjdk.java.net/"/>
    <property name="user.timezone" value="Asia/Calcutta"/>
    <property name="java.vm.specification.version" value="11"/>
    <property name="os.name" value="Windows 10"/>
    <property name="sun.java.launcher" value="SUN_STANDARD"/>
    <property name="user.country" value="IN"/>
    <property name="sun.boot.library.path" value="C:\Program Files\Java\jdk-11.0.11\bin"/>
    <property name="sun.java.command" value="C:\Users\Anis\AppData\Local\Temp\surefire10344652864140114646\surefirebooter10794026201576609455.jar C:\Users\Anis\AppData\Local\Temp\surefire10344652864140114646 2021-06-07T18-38-38_774-jvmRun1 surefire10159771095048256415tmp surefire_0984701296672268841tmp"/>
    <property name="jdk.debug" value="release"/>
    <property name="surefire.test.class.path" value="C:\Users\Anis\eclipse-workspace\Appium\target\test-classes;C:\Users\Anis\eclipse-workspace\Appium\target\classes;C:\Users\Anis\.m2\repository\org\testng\testng\6.14.3\testng-6.14.3.jar;C:\Users\Anis\.m2\repository\com\beust\jcommander\1.72\jcommander-1.72.jar;C:\Users\Anis\.m2\repository\org\apache-extras\beanshell\bsh\2.0b6\bsh-2.0b6.jar;C:\Users\Anis\.m2\repository\org\apache\commons\commons-lang3\3.9\commons-lang3-3.9.jar;C:\Users\Anis\.m2\repository\commons-io\commons-io\2.6\commons-io-2.6.jar;C:\Users\Anis\.m2\repository\io\appium\java-client\7.0.0\java-client-7.0.0.jar;C:\Users\Anis\.m2\repository\org\seleniumhq\selenium\selenium-support\3.141.59\selenium-support-3.141.59.jar;C:\Users\Anis\.m2\repository\org\seleniumhq\selenium\selenium-api\3.141.59\selenium-api-3.141.59.jar;C:\Users\Anis\.m2\repository\com\google\code\gson\gson\2.8.5\gson-2.8.5.jar;C:\Users\Anis\.m2\repository\org\apache\httpcomponents\httpclient\4.5.6\httpclient-4.5.6.jar;C:\Users\Anis\.m2\repository\org\apache\httpcomponents\httpcore\4.4.10\httpcore-4.4.10.jar;C:\Users\Anis\.m2\repository\commons-codec\commons-codec\1.10\commons-codec-1.10.jar;C:\Users\Anis\.m2\repository\cglib\cglib\3.2.8\cglib-3.2.8.jar;C:\Users\Anis\.m2\repository\org\ow2\asm\asm\6.2.1\asm-6.2.1.jar;C:\Users\Anis\.m2\repository\org\apache\ant\ant\1.10.3\ant-1.10.3.jar;C:\Users\Anis\.m2\repository\org\apache\ant\ant-launcher\1.10.3\ant-launcher-1.10.3.jar;C:\Users\Anis\.m2\repository\org\springframework\spring-context\5.1.0.RELEASE\spring-context-5.1.0.RELEASE.jar;C:\Users\Anis\.m2\repository\org\springframework\spring-aop\5.1.0.RELEASE\spring-aop-5.1.0.RELEASE.jar;C:\Users\Anis\.m2\repository\org\springframework\spring-beans\5.1.0.RELEASE\spring-beans-5.1.0.RELEASE.jar;C:\Users\Anis\.m2\repository\org\springframework\spring-core\5.1.0.RELEASE\spring-core-5.1.0.RELEASE.jar;C:\Users\Anis\.m2\repository\org\springframework\spring-jcl\5.1.0.RELEASE\spring-jcl-5.1.0.RELEASE.jar;C:\Users\Anis\.m2\repository\org\springframework\spring-expression\5.1.0.RELEASE\spring-expression-5.1.0.RELEASE.jar;C:\Users\Anis\.m2\repository\org\aspectj\aspectjweaver\1.9.1\aspectjweaver-1.9.1.jar;C:\Users\Anis\.m2\repository\com\aventstack\extentreports\4.0.0\extentreports-4.0.0.jar;C:\Users\Anis\.m2\repository\org\freemarker\freemarker\2.3.23\freemarker-2.3.23.jar;C:\Users\Anis\.m2\repository\org\mongodb\mongodb-driver\3.3.0\mongodb-driver-3.3.0.jar;C:\Users\Anis\.m2\repository\org\mongodb\mongodb-driver-core\3.3.0\mongodb-driver-core-3.3.0.jar;C:\Users\Anis\.m2\repository\org\mongodb\bson\3.3.0\bson-3.3.0.jar;C:\Users\Anis\.m2\repository\org\apache\httpcomponents\httpmime\4.5.2\httpmime-4.5.2.jar;C:\Users\Anis\.m2\repository\commons-validator\commons-validator\1.6\commons-validator-1.6.jar;C:\Users\Anis\.m2\repository\commons-beanutils\commons-beanutils\1.9.2\commons-beanutils-1.9.2.jar;C:\Users\Anis\.m2\repository\commons-digester\commons-digester\1.8.1\commons-digester-1.8.1.jar;C:\Users\Anis\.m2\repository\commons-logging\commons-logging\1.2\commons-logging-1.2.jar;C:\Users\Anis\.m2\repository\commons-collections\commons-collections\3.2.2\commons-collections-3.2.2.jar;C:\Users\Anis\.m2\repository\org\slf4j\slf4j-simple\1.7.26\slf4j-simple-1.7.26.jar;C:\Users\Anis\.m2\repository\org\slf4j\slf4j-api\1.7.26\slf4j-api-1.7.26.jar;C:\Users\Anis\.m2\repository\org\seleniumhq\selenium\selenium-java\3.141.59\selenium-java-3.141.59.jar;C:\Users\Anis\.m2\repository\org\seleniumhq\selenium\selenium-chrome-driver\3.141.59\selenium-chrome-driver-3.141.59.jar;C:\Users\Anis\.m2\repository\org\seleniumhq\selenium\selenium-edge-driver\3.141.59\selenium-edge-driver-3.141.59.jar;C:\Users\Anis\.m2\repository\org\seleniumhq\selenium\selenium-firefox-driver\3.141.59\selenium-firefox-driver-3.141.59.jar;C:\Users\Anis\.m2\repository\org\seleniumhq\selenium\selenium-ie-driver\3.141.59\selenium-ie-driver-3.141.59.jar;C:\Users\Anis\.m2\repository\org\seleniumhq\selenium\selenium-opera-driver\3.141.59\selenium-opera-driver-3.141.59.jar;C:\Users\Anis\.m2\repository\org\seleniumhq\selenium\selenium-remote-driver\3.141.59\selenium-remote-driver-3.141.59.jar;C:\Users\Anis\.m2\repository\org\seleniumhq\selenium\selenium-safari-driver\3.141.59\selenium-safari-driver-3.141.59.jar;C:\Users\Anis\.m2\repository\net\bytebuddy\byte-buddy\1.8.15\byte-buddy-1.8.15.jar;C:\Users\Anis\.m2\repository\org\apache\commons\commons-exec\1.3\commons-exec-1.3.jar;C:\Users\Anis\.m2\repository\com\google\guava\guava\25.0-jre\guava-25.0-jre.jar;C:\Users\Anis\.m2\repository\com\google\code\findbugs\jsr305\1.3.9\jsr305-1.3.9.jar;C:\Users\Anis\.m2\repository\org\checkerframework\checker-compat-qual\2.0.0\checker-compat-qual-2.0.0.jar;C:\Users\Anis\.m2\repository\com\google\errorprone\error_prone_annotations\2.1.3\error_prone_annotations-2.1.3.jar;C:\Users\Anis\.m2\repository\com\google\j2objc\j2objc-annotations\1.1\j2objc-annotations-1.1.jar;C:\Users\Anis\.m2\repository\org\codehaus\mojo\animal-sniffer-annotations\1.14\animal-sniffer-annotations-1.14.jar;C:\Users\Anis\.m2\repository\com\squareup\okhttp3\okhttp\3.11.0\okhttp-3.11.0.jar;C:\Users\Anis\.m2\repository\com\squareup\okio\okio\1.14.0\okio-1.14.0.jar;C:\Users\Anis\.m2\repository\org\apache\logging\log4j\log4j-core\2.13.1\log4j-core-2.13.1.jar;C:\Users\Anis\.m2\repository\org\apache\logging\log4j\log4j-api\2.13.1\log4j-api-2.13.1.jar;"/>
    <property name="sun.cpu.endian" value="little"/>
    <property name="user.home" value="C:\Users\Anis"/>
    <property name="user.language" value="en"/>
    <property name="java.specification.vendor" value="Oracle Corporation"/>
    <property name="java.version.date" value="2021-04-20"/>
    <property name="java.home" value="C:\Program Files\Java\jdk-11.0.11"/>
    <property name="file.separator" value="\"/>
    <property name="basedir" value="C:\Users\Anis\eclipse-workspace\Appium"/>
    <property name="java.vm.compressedOopsMode" value="32-bit"/>
    <property name="line.separator" value="&#10;"/>
    <property name="java.specification.name" value="Java Platform API Specification"/>
    <property name="java.vm.specification.vendor" value="Oracle Corporation"/>
    <property name="java.awt.graphicsenv" value="sun.awt.Win32GraphicsEnvironment"/>
    <property name="surefire.real.class.path" value="C:\Users\Anis\AppData\Local\Temp\surefire10344652864140114646\surefirebooter10794026201576609455.jar"/>
    <property name="user.script" value=""/>
    <property name="sun.management.compiler" value="HotSpot 64-Bit Tiered Compilers"/>
    <property name="java.runtime.version" value="11.0.11+9-LTS-194"/>
    <property name="user.name" value="Anis"/>
    <property name="path.separator" value=";"/>
    <property name="os.version" value="10.0"/>
    <property name="java.runtime.name" value="Java(TM) SE Runtime Environment"/>
    <property name="file.encoding" value="Cp1252"/>
    <property name="java.vm.name" value="Java HotSpot(TM) 64-Bit Server VM"/>
    <property name="java.vendor.version" value="18.9"/>
    <property name="localRepository" value="C:\Users\Anis\.m2\repository"/>
    <property name="java.vendor.url.bug" value="https://bugreport.java.com/bugreport/"/>
    <property name="java.io.tmpdir" value="C:\Users\Anis\AppData\Local\Temp\"/>
    <property name="java.version" value="11.0.11"/>
    <property name="user.dir" value="C:\Users\Anis\eclipse-workspace\Appium"/>
    <property name="os.arch" value="amd64"/>
    <property name="java.vm.specification.name" value="Java Virtual Machine Specification"/>
    <property name="java.awt.printerjob" value="sun.awt.windows.WPrinterJob"/>
    <property name="sun.os.patch.level" value=""/>
    <property name="java.library.path" value="C:\Program Files\Java\jdk-11.0.11\bin;C:\windows\Sun\Java\bin;C:\windows\system32;C:\windows;C:\Program Files\Common Files\Oracle\Java\javapath;C:\windows\system32;C:\windows;C:\windows\System32\Wbem;C:\windows\System32\WindowsPowerShell\v1.0\;C:\windows\System32\OpenSSH\;C:\Program Files\Java\jdk-11.0.11\bin;C:\Users\Anis\apache-maven-3.8.1\bin;C:\Program Files\nodejs\;C:\Program Files\Git\cmd;C:\Users\Anis\AppData\Local\Android\Sdk\platform-tools;C:\Users\Anis\AppData\Local\Android\Sdk\tools;C:\Users\Anis\AppData\Local\Android\Sdk\tools\bin;C:\Users\Anis\AppData\Roaming\npm;C:\Users\Anis\AppData\Local\Microsoft\WindowsApps;C:\Users\Anis\AppData\Roaming\npm;."/>
    <property name="java.vendor" value="Oracle Corporation"/>
    <property name="java.vm.info" value="mixed mode"/>
    <property name="java.vm.version" value="11.0.11+9-LTS-194"/>
    <property name="sun.io.unicode.encoding" value="UnicodeLittle"/>
    <property name="java.class.version" value="55.0"/>
  </properties>
  <testcase name="apiDemoTest[hello](1)" classname="ApiDemoTest" time="8.559">
    <system-out><![CDATA[[TestNGContentHandler] [WARN] It is strongly recommended to add "<!DOCTYPE suite SYSTEM "http://testng.org/testng-1.0.dtd" >" at the top of your file, otherwise TestNG may fail or not work as expected.
&amp#27;[35m[Appium]&amp#27;[39m Welcome to Appium v1.21.0
&amp#27;[35m[Appium]&amp#27;[39m Appium REST http interface listener started on 0.0.0.0:4723
&amp#27;[35m[HTTP]&amp#27;[39m &amp#27;[37m-->&amp#27;[39m &amp#27;[37mGET&amp#27;[39m &amp#27;[37m/wd/hub/status&amp#27;[39m
&amp#27;[35m[HTTP]&amp#27;[39m &amp#27;[90m{}&amp#27;[39m
[debug] &amp#27;[35m[GENERIC]&amp#27;[39m Calling AppiumDriver.getStatus() with args: []
[debug] &amp#27;[35m[GENERIC]&amp#27;[39m Responding to client with driver.getStatus() result: {"build":{"version":"1.21.0"}}
&amp#27;[35m[HTTP]&amp#27;[39m &amp#27;[37m<-- GET /wd/hub/status &amp#27;[39m&amp#27;[32m200&amp#27;[39m &amp#27;[90m4 ms - 68&amp#27;[39m
&amp#27;[35m[HTTP]&amp#27;[39m &amp#27;[90m&amp#27;[39m
&amp#27;[35m[HTTP]&amp#27;[39m &amp#27;[37m-->&amp#27;[39m &amp#27;[37mPOST&amp#27;[39m &amp#27;[37m/wd/hub/session&amp#27;[39m
&amp#27;[35m[HTTP]&amp#27;[39m &amp#27;[90m{"desiredCapabilities":{"app":"C:\\Users\\Anis\\eclipse-workspace\\Appium\\src\\ApiDemos-debug.apk","platformName":"Android","deviceName":"Redmi","newCommandTimeout":14},"capabilities":{"firstMatch":[{"appium:app":"C:\\Users\\Anis\\eclipse-workspace\\Appium\\src\\ApiDemos-debug.apk","appium:deviceName":"Redmi","appium:newCommandTimeout":14,"platformName":"android"}]}}&amp#27;[39m
[debug] &amp#27;[35m[W3C]&amp#27;[39m Calling AppiumDriver.createSession() with args: [{"app":"C:\\Users\\Anis\\eclipse-workspace\\Appium\\src\\ApiDemos-debug.apk","platformName":"Android","deviceName":"Redmi","newCommandTimeout":14},null,{"firstMatch":[{"appium:app":"C:\\Users\\Anis\\eclipse-workspace\\Appium\\src\\ApiDemos-debug.apk","appium:deviceName":"Redmi","appium:newCommandTimeout":14,"platformName":"android"}]}]
[debug] &amp#27;[35m[BaseDriver]&amp#27;[39m Event 'newSessionRequested' logged at 1623071335677 (18:38:55 GMT+0530 (India Standard Time))
&amp#27;[35m[Appium]&amp#27;[39m 
&amp#27;[35m[Appium]&amp#27;[39m ======================================================================
&amp#27;[35m[Appium]&amp#27;[39m   DEPRECATION WARNING:
&amp#27;[35m[Appium]&amp#27;[39m 
&amp#27;[35m[Appium]&amp#27;[39m   The 'automationName' capability was not provided in the desired 
&amp#27;[35m[Appium]&amp#27;[39m   capabilities for this Android session
&amp#27;[35m[Appium]&amp#27;[39m 
&amp#27;[35m[Appium]&amp#27;[39m   Setting 'automationName=UiAutomator2' by default and using the 
&amp#27;[35m[Appium]&amp#27;[39m   UiAutomator2 Driver
&amp#27;[35m[Appium]&amp#27;[39m 
&amp#27;[35m[Appium]&amp#27;[39m   The next major version of Appium (2.x) will **require** the 
&amp#27;[35m[Appium]&amp#27;[39m   'automationName' capability to be set for all sessions on all 
&amp#27;[35m[Appium]&amp#27;[39m   platforms
&amp#27;[35m[Appium]&amp#27;[39m 
&amp#27;[35m[Appium]&amp#27;[39m   In previous versions (Appium <= 1.13.x), the default was 
&amp#27;[35m[Appium]&amp#27;[39m   'automationName=UiAutomator1'
&amp#27;[35m[Appium]&amp#27;[39m 
&amp#27;[35m[Appium]&amp#27;[39m   If you wish to use that automation instead of UiAutomator2, please 
&amp#27;[35m[Appium]&amp#27;[39m   add 'automationName=UiAutomator1' to your desired capabilities
&amp#27;[35m[Appium]&amp#27;[39m 
&amp#27;[35m[Appium]&amp#27;[39m   For more information about drivers, please visit 
&amp#27;[35m[Appium]&amp#27;[39m   http://appium.io/docs/en/about-appium/intro/ and explore the 
&amp#27;[35m[Appium]&amp#27;[39m   'Drivers' menu
&amp#27;[35m[Appium]&amp#27;[39m 
&amp#27;[35m[Appium]&amp#27;[39m ======================================================================
&amp#27;[35m[Appium]&amp#27;[39m 
&amp#27;[35m[Appium]&amp#27;[39m Appium v1.21.0 creating new AndroidUiautomator2Driver (v1.65.0) session
[debug] &amp#27;[35m[BaseDriver]&amp#27;[39m W3C capabilities and MJSONWP desired capabilities were provided
[debug] &amp#27;[35m[BaseDriver]&amp#27;[39m Creating session with W3C capabilities: {
[debug] &amp#27;[35m[BaseDriver]&amp#27;[39m   "alwaysMatch": {
[debug] &amp#27;[35m[BaseDriver]&amp#27;[39m     "platformName": "android",
[debug] &amp#27;[35m[BaseDriver]&amp#27;[39m     "appium:app": "C:\\Users\\Anis\\eclipse-workspace\\Appium\\src\\ApiDemos-debug.apk",
[debug] &amp#27;[35m[BaseDriver]&amp#27;[39m     "appium:deviceName": "Redmi",
[debug] &amp#27;[35m[BaseDriver]&amp#27;[39m     "appium:newCommandTimeout": 14
[debug] &amp#27;[35m[BaseDriver]&amp#27;[39m   },
[debug] &amp#27;[35m[BaseDriver]&amp#27;[39m   "firstMatch": [
[debug] &amp#27;[35m[BaseDriver]&amp#27;[39m     {}
[debug] &amp#27;[35m[BaseDriver]&amp#27;[39m   ]
[debug] &amp#27;[35m[BaseDriver]&amp#27;[39m }
&amp#27;[35m[BaseDriver]&amp#27;[39m Session created with session id: ec7f467e-f2a7-423c-b1e3-126ec157c6d1
&amp#27;[35m[BaseDriver]&amp#27;[39m Using local app 'C:\Users\Anis\eclipse-workspace\Appium\src\ApiDemos-debug.apk'
[debug] &amp#27;[35m[UiAutomator2]&amp#27;[39m Checking whether app is actually present
&amp#27;[35m[ADB]&amp#27;[39m Found 2 'build-tools' folders under 'C:\Users\Anis\AppData\Local\Android\Sdk' (newest first):
&amp#27;[35m[ADB]&amp#27;[39m     C:/Users/Anis/AppData/Local/Android/Sdk/build-tools/31.0.0-rc4
&amp#27;[35m[ADB]&amp#27;[39m     C:/Users/Anis/AppData/Local/Android/Sdk/build-tools/30.0.3
&amp#27;[35m[ADB]&amp#27;[39m Using 'adb.exe' from 'C:\Users\Anis\AppData\Local\Android\Sdk\platform-tools\adb.exe'
[debug] &amp#27;[35m[ADB]&amp#27;[39m Running 'C:\Users\Anis\AppData\Local\Android\Sdk\platform-tools\adb.exe -P 5037 start-server'
&amp#27;[35m[AndroidDriver]&amp#27;[39m Retrieving device list
[debug] &amp#27;[35m[ADB]&amp#27;[39m Trying to find a connected android device
[debug] &amp#27;[35m[ADB]&amp#27;[39m Getting connected devices
[debug] &amp#27;[35m[ADB]&amp#27;[39m Connected devices: [{"udid":"55272e729804","state":"device"}]
&amp#27;[35m[AndroidDriver]&amp#27;[39m Using device: 55272e729804
&amp#27;[35m[ADB]&amp#27;[39m Using 'adb.exe' from 'C:\Users\Anis\AppData\Local\Android\Sdk\platform-tools\adb.exe'
[debug] &amp#27;[35m[ADB]&amp#27;[39m Running 'C:\Users\Anis\AppData\Local\Android\Sdk\platform-tools\adb.exe -P 5037 start-server'
[debug] &amp#27;[35m[ADB]&amp#27;[39m Setting device id to 55272e729804
[debug] &amp#27;[35m[ADB]&amp#27;[39m Running 'C:\Users\Anis\AppData\Local\Android\Sdk\platform-tools\adb.exe -P 5037 -s 55272e729804 shell getprop ro.build.version.sdk'
[debug] &amp#27;[35m[ADB]&amp#27;[39m Current device property 'ro.build.version.sdk': 24
[debug] &amp#27;[35m[ADB]&amp#27;[39m Device API level: 24
[debug] &amp#27;[35m[AndroidDriver]&amp#27;[39m Parsing package and activity from app manifest
&amp#27;[35m[ADB]&amp#27;[39m Package name: 'io.appium.android.apis'
&amp#27;[35m[ADB]&amp#27;[39m Main activity name: 'ApiDemos'
[debug] &amp#27;[35m[AndroidDriver]&amp#27;[39m Parsed package and activity are: io.appium.android.apis/ApiDemos
[debug] &amp#27;[35m[ADB]&amp#27;[39m Running 'C:\Users\Anis\AppData\Local\Android\Sdk\platform-tools\adb.exe -P 5037 -s 55272e729804 wait-for-device'
[debug] &amp#27;[35m[ADB]&amp#27;[39m Running 'C:\Users\Anis\AppData\Local\Android\Sdk\platform-tools\adb.exe -P 5037 -s 55272e729804 shell echo ping'
[debug] &amp#27;[35m[AndroidDriver]&amp#27;[39m Pushing settings apk to device...
[debug] &amp#27;[35m[ADB]&amp#27;[39m Getting install status for io.appium.settings
[debug] &amp#27;[35m[ADB]&amp#27;[39m Running 'C:\Users\Anis\AppData\Local\Android\Sdk\platform-tools\adb.exe -P 5037 -s 55272e729804 shell dumpsys package io.appium.settings'
[debug] &amp#27;[35m[ADB]&amp#27;[39m 'io.appium.settings' is installed
[debug] &amp#27;[35m[ADB]&amp#27;[39m Getting package info for 'io.appium.settings'
[debug] &amp#27;[35m[ADB]&amp#27;[39m Running 'C:\Users\Anis\AppData\Local\Android\Sdk\platform-tools\adb.exe -P 5037 -s 55272e729804 shell dumpsys package io.appium.settings'
[debug] &amp#27;[35m[ADB]&amp#27;[39m The version name of the installed 'io.appium.settings' is greater or equal to the application version name ('3.3.0' >= '3.3.0')
[debug] &amp#27;[35m[ADB]&amp#27;[39m There is no need to install/upgrade 'C:\Users\Anis\AppData\Roaming\npm\node_modules\appium\node_modules\io.appium.settings\apks\settings_apk-debug.apk'
[debug] &amp#27;[35m[ADB]&amp#27;[39m Getting IDs of all 'io.appium.settings' processes
[debug] &amp#27;[35m[ADB]&amp#27;[39m Running 'C:\Users\Anis\AppData\Local\Android\Sdk\platform-tools\adb.exe -P 5037 -s 55272e729804 shell 'pgrep --help; echo $?''
[debug] &amp#27;[35m[ADB]&amp#27;[39m Running 'C:\Users\Anis\AppData\Local\Android\Sdk\platform-tools\adb.exe -P 5037 -s 55272e729804 shell 'pgrep ^appium\\.settings$ || pgrep ^io\\.appium\\.setti$''
[debug] &amp#27;[35m[ADB]&amp#27;[39m Getting IDs of all 'io.appium.settings' processes
[debug] &amp#27;[35m[ADB]&amp#27;[39m Running 'C:\Users\Anis\AppData\Local\Android\Sdk\platform-tools\adb.exe -P 5037 -s 55272e729804 shell 'pgrep ^appium\\.settings$ || pgrep ^io\\.appium\\.setti$''
[debug] &amp#27;[35m[ADB]&amp#27;[39m Starting Appium Settings app
[debug] &amp#27;[35m[ADB]&amp#27;[39m Running 'C:\Users\Anis\AppData\Local\Android\Sdk\platform-tools\adb.exe -P 5037 -s 55272e729804 shell am start -n io.appium.settings/.Settings -a android.intent.action.MAIN -c android.intent.category.LAUNCHER'
[debug] &amp#27;[35m[ADB]&amp#27;[39m Getting IDs of all 'io.appium.settings' processes
[debug] &amp#27;[35m[ADB]&amp#27;[39m Running 'C:\Users\Anis\AppData\Local\Android\Sdk\platform-tools\adb.exe -P 5037 -s 55272e729804 shell 'pgrep ^appium\\.settings$ || pgrep ^io\\.appium\\.setti$''
[debug] &amp#27;[35m[ADB]&amp#27;[39m Running 'C:\Users\Anis\AppData\Local\Android\Sdk\platform-tools\adb.exe -P 5037 -s 55272e729804 shell appops set io.appium.settings android:mock_location allow'
[debug] &amp#27;[35m[Logcat]&amp#27;[39m Starting logs capture with command: C:\\Users\\Anis\\AppData\\Local\\Android\\Sdk\\platform-tools\\adb.exe -P 5037 -s 55272e729804 logcat -v threadtime
[debug] &amp#27;[35m[UiAutomator2]&amp#27;[39m Forwarding UiAutomator2 Server port 6790 to local port 8200
[debug] &amp#27;[35m[ADB]&amp#27;[39m Forwarding system: 8200 to device: 6790
[debug] &amp#27;[35m[ADB]&amp#27;[39m Running 'C:\Users\Anis\AppData\Local\Android\Sdk\platform-tools\adb.exe -P 5037 -s 55272e729804 forward tcp:8200 tcp:6790'
[debug] &amp#27;[35m[ADB]&amp#27;[39m Getting install status for io.appium.uiautomator2.server
[debug] &amp#27;[35m[ADB]&amp#27;[39m Running 'C:\Users\Anis\AppData\Local\Android\Sdk\platform-tools\adb.exe -P 5037 -s 55272e729804 shell dumpsys package io.appium.uiautomator2.server'
[debug] &amp#27;[35m[ADB]&amp#27;[39m 'io.appium.uiautomator2.server' is installed
[debug] &amp#27;[35m[ADB]&amp#27;[39m Getting package info for 'io.appium.uiautomator2.server'
[debug] &amp#27;[35m[ADB]&amp#27;[39m Running 'C:\Users\Anis\AppData\Local\Android\Sdk\platform-tools\adb.exe -P 5037 -s 55272e729804 shell dumpsys package io.appium.uiautomator2.server'
[debug] &amp#27;[35m[ADB]&amp#27;[39m The version name of the installed 'io.appium.uiautomator2.server' is greater or equal to the application version name ('4.21.1' >= '4.21.1')
[debug] &amp#27;[35m[UiAutomator2]&amp#27;[39m io.appium.uiautomator2.server installation state: sameVersionInstalled
[debug] &amp#27;[35m[ADB]&amp#27;[39m Checking app cert for C:\Users\Anis\AppData\Roaming\npm\node_modules\appium\node_modules\appium-uiautomator2-server\apks\appium-uiautomator2-server-v4.21.1.apk
&amp#27;[35m[ADB]&amp#27;[39m Using 'apksigner.jar' from 'C:\Users\Anis\AppData\Local\Android\Sdk\build-tools\31.0.0-rc4\lib\apksigner.jar'
[debug] &amp#27;[35m[ADB]&amp#27;[39m Starting apksigner: 'C:\\Program Files\\Java\\jdk-11.0.11\\bin\\java.exe' -Xmx1024M -Xss1m -jar C:\\Users\\Anis\\AppData\\Local\\Android\\Sdk\\build-tools\\31.0.0-rc4\\lib\\apksigner.jar verify --print-certs C:\\Users\\Anis\\AppData\\Roaming\\npm\\node_modules\\appium\\node_modules\\appium-uiautomator2-server\\apks\\appium-uiautomator2-server-v4.21.1.apk
[debug] &amp#27;[35m[ADB]&amp#27;[39m apksigner stdout: Signer #1 certificate DN: EMAILADDRESS=android@android.com, CN=Android, OU=Android, O=Android, L=Mountain View, ST=California, C=US
[debug] &amp#27;[35m[ADB]&amp#27;[39m Signer #1 certificate SHA-256 digest: a40da80a59d170caa950cf15c18c454d47a39b26989d8b640ecd745ba71bf5dc
[debug] &amp#27;[35m[ADB]&amp#27;[39m Signer #1 certificate SHA-1 digest: 61ed377e85d386a8dfee6b864bd85b0bfaa5af81
[debug] &amp#27;[35m[ADB]&amp#27;[39m Signer #1 certificate MD5 digest: e89b158e4bcf988ebd09eb83f5378e87
[debug] &amp#27;[35m[ADB]&amp#27;[39m 
[debug] &amp#27;[35m[ADB]&amp#27;[39m sha256 hash did match for 'appium-uiautomator2-server-v4.21.1.apk'
&amp#27;[35m[ADB]&amp#27;[39m 'C:\Users\Anis\AppData\Roaming\npm\node_modules\appium\node_modules\appium-uiautomator2-server\apks\appium-uiautomator2-server-v4.21.1.apk' is signed with the default certificate
[debug] &amp#27;[35m[ADB]&amp#27;[39m Getting install status for io.appium.uiautomator2.server.test
[debug] &amp#27;[35m[ADB]&amp#27;[39m Running 'C:\Users\Anis\AppData\Local\Android\Sdk\platform-tools\adb.exe -P 5037 -s 55272e729804 shell dumpsys package io.appium.uiautomator2.server.test'
[debug] &amp#27;[35m[ADB]&amp#27;[39m 'io.appium.uiautomator2.server.test' is installed
[debug] &amp#27;[35m[ADB]&amp#27;[39m Checking app cert for C:\Users\Anis\AppData\Roaming\npm\node_modules\appium\node_modules\appium-uiautomator2-server\apks\appium-uiautomator2-server-debug-androidTest.apk
[debug] &amp#27;[35m[ADB]&amp#27;[39m Starting apksigner: 'C:\\Program Files\\Java\\jdk-11.0.11\\bin\\java.exe' -Xmx1024M -Xss1m -jar C:\\Users\\Anis\\AppData\\Local\\Android\\Sdk\\build-tools\\31.0.0-rc4\\lib\\apksigner.jar verify --print-certs C:\\Users\\Anis\\AppData\\Roaming\\npm\\node_modules\\appium\\node_modules\\appium-uiautomator2-server\\apks\\appium-uiautomator2-server-debug-androidTest.apk
[debug] &amp#27;[35m[ADB]&amp#27;[39m apksigner stdout: Signer #1 certificate DN: EMAILADDRESS=android@android.com, CN=Android, OU=Android, O=Android, L=Mountain View, ST=California, C=US
[debug] &amp#27;[35m[ADB]&amp#27;[39m Signer #1 certificate SHA-256 digest: a40da80a59d170caa950cf15c18c454d47a39b26989d8b640ecd745ba71bf5dc
[debug] &amp#27;[35m[ADB]&amp#27;[39m Signer #1 certificate SHA-1 digest: 61ed377e85d386a8dfee6b864bd85b0bfaa5af81
[debug] &amp#27;[35m[ADB]&amp#27;[39m Signer #1 certificate MD5 digest: e89b158e4bcf988ebd09eb83f5378e87
[debug] &amp#27;[35m[ADB]&amp#27;[39m 
[debug] &amp#27;[35m[ADB]&amp#27;[39m sha256 hash did match for 'appium-uiautomator2-server-debug-androidTest.apk'
&amp#27;[35m[ADB]&amp#27;[39m 'C:\Users\Anis\AppData\Roaming\npm\node_modules\appium\node_modules\appium-uiautomator2-server\apks\appium-uiautomator2-server-debug-androidTest.apk' is signed with the default certificate
&amp#27;[35m[UiAutomator2]&amp#27;[39m Server packages are not going to be (re)installed
[debug] &amp#27;[35m[UiAutomator2]&amp#27;[39m Waiting up to 30000ms for services to be available
[debug] &amp#27;[35m[ADB]&amp#27;[39m Running 'C:\Users\Anis\AppData\Local\Android\Sdk\platform-tools\adb.exe -P 5037 -s 55272e729804 shell pm list instrumentation'
[debug] &amp#27;[35m[UiAutomator2]&amp#27;[39m Instrumentation target 'io.appium.uiautomator2.server.test/androidx.test.runner.AndroidJUnitRunner' is available
&amp#27;[35m[ADB]&amp#27;[39m Adding packages ["io.appium.settings","io.appium.uiautomator2.server","io.appium.uiautomator2.server.test"] to Doze whitelist
[debug] &amp#27;[35m[ADB]&amp#27;[39m Got the following command chunks to execute: [["dumpsys","deviceidle","whitelist","+io.appium.settings",";","dumpsys","deviceidle","whitelist","+io.appium.uiautomator2.server",";","dumpsys","deviceidle","whitelist","+io.appium.uiautomator2.server.test",";"]]
[debug] &amp#27;[35m[ADB]&amp#27;[39m Running 'C:\Users\Anis\AppData\Local\Android\Sdk\platform-tools\adb.exe -P 5037 -s 55272e729804 shell dumpsys deviceidle whitelist +io.appium.settings ; dumpsys deviceidle whitelist +io.appium.uiautomator2.server ; dumpsys deviceidle whitelist +io.appium.uiautomator2.server.test ;'
[debug] &amp#27;[35m[ADB]&amp#27;[39m Checking app cert for C:\Users\Anis\eclipse-workspace\Appium\src\ApiDemos-debug.apk
[debug] &amp#27;[35m[ADB]&amp#27;[39m Starting apksigner: 'C:\\Program Files\\Java\\jdk-11.0.11\\bin\\java.exe' -Xmx1024M -Xss1m -jar C:\\Users\\Anis\\AppData\\Local\\Android\\Sdk\\build-tools\\31.0.0-rc4\\lib\\apksigner.jar verify --print-certs C:\\Users\\Anis\\eclipse-workspace\\Appium\\src\\ApiDemos-debug.apk
[debug] &amp#27;[35m[ADB]&amp#27;[39m apksigner stdout: Signer #1 certificate DN: EMAILADDRESS=android@android.com, CN=Android, OU=Android, O=Android, L=Mountain View, ST=California, C=US
[debug] &amp#27;[35m[ADB]&amp#27;[39m Signer #1 certificate SHA-256 digest: a40da80a59d170caa950cf15c18c454d47a39b26989d8b640ecd745ba71bf5dc
[debug] &amp#27;[35m[ADB]&amp#27;[39m Signer #1 certificate SHA-1 digest: 61ed377e85d386a8dfee6b864bd85b0bfaa5af81
[debug] &amp#27;[35m[ADB]&amp#27;[39m Signer #1 certificate MD5 digest: e89b158e4bcf988ebd09eb83f5378e87
[debug] &amp#27;[35m[ADB]&amp#27;[39m 
[debug] &amp#27;[35m[ADB]&amp#27;[39m sha256 hash did match for 'ApiDemos-debug.apk'
&amp#27;[35m[ADB]&amp#27;[39m 'C:\Users\Anis\eclipse-workspace\Appium\src\ApiDemos-debug.apk' is signed with the default certificate
[debug] &amp#27;[35m[ADB]&amp#27;[39m Getting install status for io.appium.android.apis
[debug] &amp#27;[35m[ADB]&amp#27;[39m Running 'C:\Users\Anis\AppData\Local\Android\Sdk\platform-tools\adb.exe -P 5037 -s 55272e729804 shell dumpsys package io.appium.android.apis'
[debug] &amp#27;[35m[ADB]&amp#27;[39m 'io.appium.android.apis' is installed
[debug] &amp#27;[35m[ADB]&amp#27;[39m Getting package info for 'io.appium.android.apis'
[debug] &amp#27;[35m[ADB]&amp#27;[39m Running 'C:\Users\Anis\AppData\Local\Android\Sdk\platform-tools\adb.exe -P 5037 -s 55272e729804 shell dumpsys package io.appium.android.apis'
&amp#27;[35m[ADB]&amp#27;[39m Cannot read version codes of 'C:\Users\Anis\eclipse-workspace\Appium\src\ApiDemos-debug.apk' and/or 'io.appium.android.apis'
&amp#27;[35m[ADB]&amp#27;[39m Cannot read version names of 'C:\Users\Anis\eclipse-workspace\Appium\src\ApiDemos-debug.apk' and/or 'io.appium.android.apis'
[debug] &amp#27;[35m[ADB]&amp#27;[39m The current install state of 'C:\Users\Anis\eclipse-workspace\Appium\src\ApiDemos-debug.apk' is unknown. Installing anyway
[debug] &amp#27;[35m[ADB]&amp#27;[39m Running 'C:\Users\Anis\AppData\Local\Android\Sdk\platform-tools\adb.exe -P 5037 -s 55272e729804 help'
[debug] &amp#27;[35m[ADB]&amp#27;[39m Running 'C:\Users\Anis\AppData\Local\Android\Sdk\platform-tools\adb.exe -P 5037 -s 55272e729804 features'
&amp#27;[35m[ADB]&amp#27;[39m The application at 'C:\Users\Anis\eclipse-workspace\Appium\src\ApiDemos-debug.apk' will not be cached, because the device under test has confirmed the support of streamed installs
[debug] &amp#27;[35m[ADB]&amp#27;[39m Running 'C:\Users\Anis\AppData\Local\Android\Sdk\platform-tools\adb.exe -P 5037 -s 55272e729804 install -r C:\Users\Anis\eclipse-workspace\Appium\src\ApiDemos-debug.apk'
&amp#27;[35m[ADB]&amp#27;[39m The installation of 'ApiDemos-debug.apk' took 5694ms
[debug] &amp#27;[35m[ADB]&amp#27;[39m Install command stdout: Performing Streamed Install
[debug] &amp#27;[35m[ADB]&amp#27;[39m Success
&amp#27;[35m[AndroidDriver]&amp#27;[39m Performing fast reset on 'io.appium.android.apis'
[debug] &amp#27;[35m[ADB]&amp#27;[39m Getting install status for io.appium.android.apis
[debug] &amp#27;[35m[ADB]&amp#27;[39m Running 'C:\Users\Anis\AppData\Local\Android\Sdk\platform-tools\adb.exe -P 5037 -s 55272e729804 shell dumpsys package io.appium.android.apis'
[debug] &amp#27;[35m[ADB]&amp#27;[39m 'io.appium.android.apis' is installed
[debug] &amp#27;[35m[ADB]&amp#27;[39m Running 'C:\Users\Anis\AppData\Local\Android\Sdk\platform-tools\adb.exe -P 5037 -s 55272e729804 shell am force-stop io.appium.android.apis'
[debug] &amp#27;[35m[ADB]&amp#27;[39m Running 'C:\Users\Anis\AppData\Local\Android\Sdk\platform-tools\adb.exe -P 5037 -s 55272e729804 shell pm clear io.appium.android.apis'
[debug] &amp#27;[35m[AndroidDriver]&amp#27;[39m Performed fast reset on the installed 'io.appium.android.apis' application (stop and clear)
[debug] &amp#27;[35m[UiAutomator2]&amp#27;[39m Performing shallow cleanup of automation leftovers
[debug] &amp#27;[35m[UiAutomator2]&amp#27;[39m The following obsolete sessions are still running: [null]
[debug] &amp#27;[35m[UiAutomator2]&amp#27;[39m Cleaning up the obsolete sessions
[debug] &amp#27;[35m[ADB]&amp#27;[39m Running 'C:\Users\Anis\AppData\Local\Android\Sdk\platform-tools\adb.exe -P 5037 -s 55272e729804 shell am force-stop io.appium.uiautomator2.server.test'
&amp#27;[35m[UiAutomator2]&amp#27;[39m Starting UIAutomator2 server 4.21.1
&amp#27;[35m[UiAutomator2]&amp#27;[39m Using UIAutomator2 server from 'C:\Users\Anis\AppData\Roaming\npm\node_modules\appium\node_modules\appium-uiautomator2-server\apks\appium-uiautomator2-server-v4.21.1.apk' and test from 'C:\Users\Anis\AppData\Roaming\npm\node_modules\appium\node_modules\appium-uiautomator2-server\apks\appium-uiautomator2-server-debug-androidTest.apk'
&amp#27;[35m[UiAutomator2]&amp#27;[39m Waiting up to 30000ms for UiAutomator2 to be online...
[debug] &amp#27;[35m[ADB]&amp#27;[39m Creating ADB subprocess with args: ["-P",5037,"-s","55272e729804","shell","am","instrument","-w","-e","disableAnalytics",true,"io.appium.uiautomator2.server.test/androidx.test.runner.AndroidJUnitRunner"]
[debug] &amp#27;[35m[WD Proxy]&amp#27;[39m Matched '/status' to command name 'getStatus'
[debug] &amp#27;[35m[WD Proxy]&amp#27;[39m Proxying [GET /status] to [GET http://127.0.0.1:8200/wd/hub/status] with no body
&amp#27;[35m[WD Proxy]&amp#27;[39m socket hang up
[debug] &amp#27;[35m[WD Proxy]&amp#27;[39m Matched '/status' to command name 'getStatus'
[debug] &amp#27;[35m[WD Proxy]&amp#27;[39m Proxying [GET /status] to [GET http://127.0.0.1:8200/wd/hub/status] with no body
&amp#27;[35m[WD Proxy]&amp#27;[39m socket hang up
[debug] &amp#27;[35m[Instrumentation]&amp#27;[39m io.appium.uiautomator2.server.test.AppiumUiAutomator2Server:
[debug] &amp#27;[35m[WD Proxy]&amp#27;[39m Matched '/status' to command name 'getStatus'
[debug] &amp#27;[35m[WD Proxy]&amp#27;[39m Proxying [GET /status] to [GET http://127.0.0.1:8200/wd/hub/status] with no body
&amp#27;[35m[WD Proxy]&amp#27;[39m socket hang up
[debug] &amp#27;[35m[WD Proxy]&amp#27;[39m Matched '/status' to command name 'getStatus'
[debug] &amp#27;[35m[WD Proxy]&amp#27;[39m Proxying [GET /status] to [GET http://127.0.0.1:8200/wd/hub/status] with no body
[debug] &amp#27;[35m[WD Proxy]&amp#27;[39m Got response with status 200: {"sessionId":"None","value":{"message":"UiAutomator2 Server is ready to accept commands","ready":true}}
[debug] &amp#27;[35m[UiAutomator2]&amp#27;[39m The initialization of the instrumentation process took 3144ms
[debug] &amp#27;[35m[WD Proxy]&amp#27;[39m Matched '/session' to command name 'createSession'
[debug] &amp#27;[35m[WD Proxy]&amp#27;[39m Proxying [POST /session] to [POST http://127.0.0.1:8200/wd/hub/session] with body: {"capabilities":{"firstMatch":[{"platform":"LINUX","webStorageEnabled":false,"takesScreenshot":true,"javascriptEnabled":true,"databaseEnabled":false,"networkConnectionEnabled":true,"locationContextEnabled":false,"warnings":{},"desired":{"platformName":"android","app":"C:\\Users\\Anis\\eclipse-workspace\\Appium\\src\\ApiDemos-debug.apk","deviceName":"Redmi","newCommandTimeout":14},"platformName":"android","app":"C:\\Users\\Anis\\eclipse-workspace\\Appium\\src\\ApiDemos-debug.apk","deviceName":"55272e729804","newCommandTimeout":14,"deviceUDID":"55272e729804","appPackage":"io.appium.android.apis"}],"alwaysMatch":{}}}
[debug] &amp#27;[35m[WD Proxy]&amp#27;[39m Got response with status 200: {"sessionId":"43d24746-025b-4693-ba65-63453b56ee80","value":{"capabilities":{"firstMatch":[{"platform":"LINUX","webStorageEnabled":false,"takesScreenshot":true,"javascriptEnabled":true,"databaseEnabled":false,"networkConnectionEnabled":true,"locationContextEnabled":false,"warnings":{},"desired":{"platformName":"android","app":"C:\\Users\\Anis\\eclipse-workspace\\Appium\\src\\ApiDemos-debug.apk","deviceName":"Redmi","newCommandTimeout":14},"platformName":"android","app":"C:\\Users\\Anis\\eclipse-workspace\\Appium\\src\\ApiDemos-debug.apk","deviceName":"55272e729804","newCommandTimeout":14,"deviceUDID":"55272e729804","appPackage":"io.appium.android.apis"}],"alwaysMatch":{}},"sessionId":"43d24746-025b-4693-ba65-63453b56ee80"}}
&amp#27;[35m[WD Proxy]&amp#27;[39m Determined the downstream protocol as 'W3C'
[debug] &amp#27;[35m[WD Proxy]&amp#27;[39m Proxying [GET /appium/device/info] to [GET http://127.0.0.1:8200/wd/hub/session/43d24746-025b-4693-ba65-63453b56ee80/appium/device/info] with no body
[debug] &amp#27;[35m[WD Proxy]&amp#27;[39m Got response with status 200: {"sessionId":"43d24746-025b-4693-ba65-63453b56ee80","value":{"androidId":"62e279822e2e3c5b","apiVersion":"24","bluetooth":{"state":"OFF"},"brand":"xiaomi","carrierName":"airtel","displayDensity":480,"locale":"en_GB","manufacturer":"Xiaomi","model":"Redmi Note 4","networks":[{"capabilities":{"SSID":null,"linkDownBandwidthKbps":102400,"linkUpstreamBandwidthKbps":51200,"networkCapabilities":"NET_CAPABILITY_NOT_METERED,NET_CAPABILITY_NOT_RESTRICTED,NET_CAPABILITY_IMS,NET_CAPABILITY_NOT_VPN,NET_CAPABILITY_TRUSTED,NET_CAPABILITY_VALIDATED","signalStrength":-2147483648,"transportTypes":"TRANSPORT_CELLULAR"},"detailedState":"CONNECTED","extraInfo":"ims","isAvailable":true,"isConnected":true,"isFailover":false,"isRoaming":false,"state":"CONNECTED","subtype":13,"subtypeName":"LTE","type":0,"typeName":"MOBILE"},{"capabilities":{"SSID":null,"linkDownBandwidthKbps":102400,"linkUpstreamBandwidthKbps":51200,"networkCapabilities":"NET_CAPABILITY_NOT_RESTRICTED,NET_CAPABILITY_SUPL,NET_CAPABILITY_NOT_VPN,NET_CAPABILITY_INTE...
[debug] &amp#27;[35m[ADB]&amp#27;[39m Running 'C:\Users\Anis\AppData\Local\Android\Sdk\platform-tools\adb.exe -P 5037 -s 55272e729804 shell dumpsys window'
&amp#27;[35m[AndroidDriver]&amp#27;[39m Screen already unlocked, doing nothing
&amp#27;[35m[UiAutomator2]&amp#27;[39m Starting 'io.appium.android.apis/ApiDemos and waiting for 'io.appium.android.apis/ApiDemos'
[debug] &amp#27;[35m[ADB]&amp#27;[39m Running 'C:\Users\Anis\AppData\Local\Android\Sdk\platform-tools\adb.exe -P 5037 -s 55272e729804 shell am start -W -n io.appium.android.apis/ApiDemos -S -a android.intent.action.MAIN -c android.intent.category.LAUNCHER -f 0x10200000'
[debug] &amp#27;[35m[ADB]&amp#27;[39m We tried to start an activity that doesn't exist, retrying with '.ApiDemos' activity name
[debug] &amp#27;[35m[ADB]&amp#27;[39m Running 'C:\Users\Anis\AppData\Local\Android\Sdk\platform-tools\adb.exe -P 5037 -s 55272e729804 shell am start -W -n io.appium.android.apis/.ApiDemos -S -a android.intent.action.MAIN -c android.intent.category.LAUNCHER -f 0x10200000'
[debug] &amp#27;[35m[ADB]&amp#27;[39m Waiting up to 20000ms for activity matching pkg: 'io.appium.android.apis' and activity: 'ApiDemos' to be focused
[debug] &amp#27;[35m[ADB]&amp#27;[39m Possible activities, to be checked: 'ApiDemos', 'io.appium.android.apis.ApiDemos'
[debug] &amp#27;[35m[ADB]&amp#27;[39m Getting focused package and activity
[debug] &amp#27;[35m[ADB]&amp#27;[39m Running 'C:\Users\Anis\AppData\Local\Android\Sdk\platform-tools\adb.exe -P 5037 -s 55272e729804 shell dumpsys window windows'
[debug] &amp#27;[35m[ADB]&amp#27;[39m Found package: 'io.appium.android.apis' and fully qualified activity name : 'io.appium.android.apis.ApiDemos'
[debug] &amp#27;[35m[WD Proxy]&amp#27;[39m Proxying [GET /appium/device/pixel_ratio] to [GET http://127.0.0.1:8200/wd/hub/session/43d24746-025b-4693-ba65-63453b56ee80/appium/device/pixel_ratio] with no body
[debug] &amp#27;[35m[WD Proxy]&amp#27;[39m Got response with status 200: {"sessionId":"43d24746-025b-4693-ba65-63453b56ee80","value":3}
[debug] &amp#27;[35m[WD Proxy]&amp#27;[39m Matched '/appium/device/system_bars' to command name 'getSystemBars'
[debug] &amp#27;[35m[WD Proxy]&amp#27;[39m Proxying [GET /appium/device/system_bars] to [GET http://127.0.0.1:8200/wd/hub/session/43d24746-025b-4693-ba65-63453b56ee80/appium/device/system_bars] with no body
[debug] &amp#27;[35m[WD Proxy]&amp#27;[39m Got response with status 200: {"sessionId":"43d24746-025b-4693-ba65-63453b56ee80","value":{"statusBar":72}}
[debug] &amp#27;[35m[WD Proxy]&amp#27;[39m Matched '/window/current/size' to command name 'getWindowSize'
[debug] &amp#27;[35m[WD Proxy]&amp#27;[39m Proxying [GET /window/current/size] to [GET http://127.0.0.1:8200/wd/hub/session/43d24746-025b-4693-ba65-63453b56ee80/window/current/size] with no body
[debug] &amp#27;[35m[WD Proxy]&amp#27;[39m Got response with status 200: {"sessionId":"43d24746-025b-4693-ba65-63453b56ee80","value":{"height":1920,"width":1080}}
&amp#27;[35m[Appium]&amp#27;[39m New AndroidUiautomator2Driver session created successfully, session ec7f467e-f2a7-423c-b1e3-126ec157c6d1 added to master session list
[debug] &amp#27;[35m[BaseDriver]&amp#27;[39m Event 'newSessionStarted' logged at 1623071359757 (18:39:19 GMT+0530 (India Standard Time))
[debug] &amp#27;[35m[W3C (ec7f467e)]&amp#27;[39m Cached the protocol value 'W3C' for the new session ec7f467e-f2a7-423c-b1e3-126ec157c6d1
[debug] &amp#27;[35m[W3C (ec7f467e)]&amp#27;[39m Responding to client with driver.createSession() result: {"capabilities":{"platform":"LINUX","webStorageEnabled":false,"takesScreenshot":true,"javascriptEnabled":true,"databaseEnabled":false,"networkConnectionEnabled":true,"locationContextEnabled":false,"warnings":{},"desired":{"platformName":"android","app":"C:\\Users\\Anis\\eclipse-workspace\\Appium\\src\\ApiDemos-debug.apk","deviceName":"Redmi","newCommandTimeout":14},"platformName":"android","app":"C:\\Users\\Anis\\eclipse-workspace\\Appium\\src\\ApiDemos-debug.apk","deviceName":"55272e729804","newCommandTimeout":14,"deviceUDID":"55272e729804","appPackage":"io.appium.android.apis","deviceApiLevel":24,"platformVersion":"7.0","deviceScreenSize":"1080x1920","deviceScreenDensity":480,"deviceModel":"Redmi Note 4","deviceManufacturer":"Xiaomi","pixelRatio":3,"statBarHeight":72,"viewportRect":{"left":0,"top":72,"width":1080,"height":1848}}}
&amp#27;[35m[HTTP]&amp#27;[39m &amp#27;[37m<-- POST /wd/hub/session &amp#27;[39m&amp#27;[32m200&amp#27;[39m &amp#27;[90m24083 ms - 904&amp#27;[39m
&amp#27;[35m[HTTP]&amp#27;[39m &amp#27;[90m&amp#27;[39m
&amp#27;[35m[HTTP]&amp#27;[39m &amp#27;[37m-->&amp#27;[39m &amp#27;[37mGET&amp#27;[39m &amp#27;[37m/wd/hub/session/ec7f467e-f2a7-423c-b1e3-126ec157c6d1&amp#27;[39m
&amp#27;[35m[HTTP]&amp#27;[39m &amp#27;[90m{}&amp#27;[39m
[debug] &amp#27;[35m[W3C (ec7f467e)]&amp#27;[39m Calling AppiumDriver.getSession() with args: ["ec7f467e-f2a7-423c-b1e3-126ec157c6d1"]
[debug] &amp#27;[35m[UiAutomator2]&amp#27;[39m Getting session details from server to mix in
[debug] &amp#27;[35m[WD Proxy]&amp#27;[39m Matched '/' to command name 'getSession'
[debug] &amp#27;[35m[WD Proxy]&amp#27;[39m Proxying [GET /] to [GET http://127.0.0.1:8200/wd/hub/session/43d24746-025b-4693-ba65-63453b56ee80] with no body
[debug] &amp#27;[35m[WD Proxy]&amp#27;[39m Got response with status 200: {"sessionId":"43d24746-025b-4693-ba65-63453b56ee80","value":{"lastScrollData":null}}
[debug] &amp#27;[35m[W3C (ec7f467e)]&amp#27;[39m Responding to client with driver.getSession() result: {"platform":"LINUX","webStorageEnabled":false,"takesScreenshot":true,"javascriptEnabled":true,"databaseEnabled":false,"networkConnectionEnabled":true,"locationContextEnabled":false,"warnings":{},"desired":{"platformName":"android","app":"C:\\Users\\Anis\\eclipse-workspace\\Appium\\src\\ApiDemos-debug.apk","deviceName":"Redmi","newCommandTimeout":14},"platformName":"android","app":"C:\\Users\\Anis\\eclipse-workspace\\Appium\\src\\ApiDemos-debug.apk","deviceName":"55272e729804","newCommandTimeout":14,"deviceUDID":"55272e729804","appPackage":"io.appium.android.apis","deviceApiLevel":24,"platformVersion":"7.0","deviceScreenSize":"1080x1920","deviceScreenDensity":480,"deviceModel":"Redmi Note 4","deviceManufacturer":"Xiaomi","pixelRatio":3,"statBarHeight":72,"viewportRect":{"left":0,"top":72,"width":1080,"height":1848},"lastScrollData":null}
&amp#27;[35m[HTTP]&amp#27;[39m &amp#27;[37m<-- GET /wd/hub/session/ec7f467e-f2a7-423c-b1e3-126ec157c6d1 &amp#27;[39m&amp#27;[32m200&amp#27;[39m &amp#27;[90m10 ms - 858&amp#27;[39m
&amp#27;[35m[HTTP]&amp#27;[39m &amp#27;[90m&amp#27;[39m
&amp#27;[35m[HTTP]&amp#27;[39m &amp#27;[37m-->&amp#27;[39m &amp#27;[37mGET&amp#27;[39m &amp#27;[37m/wd/hub/session/ec7f467e-f2a7-423c-b1e3-126ec157c6d1&amp#27;[39m
&amp#27;[35m[HTTP]&amp#27;[39m &amp#27;[90m{}&amp#27;[39m
[debug] &amp#27;[35m[W3C (ec7f467e)]&amp#27;[39m Calling AppiumDriver.getSession() with args: ["ec7f467e-f2a7-423c-b1e3-126ec157c6d1"]
[debug] &amp#27;[35m[UiAutomator2]&amp#27;[39m Getting session details from server to mix in
[debug] &amp#27;[35m[WD Proxy]&amp#27;[39m Matched '/' to command name 'getSession'
[debug] &amp#27;[35m[WD Proxy]&amp#27;[39m Proxying [GET /] to [GET http://127.0.0.1:8200/wd/hub/session/43d24746-025b-4693-ba65-63453b56ee80] with no body
[debug] &amp#27;[35m[WD Proxy]&amp#27;[39m Got response with status 200: {"sessionId":"43d24746-025b-4693-ba65-63453b56ee80","value":{"lastScrollData":null}}
[debug] &amp#27;[35m[W3C (ec7f467e)]&amp#27;[39m Responding to client with driver.getSession() result: {"platform":"LINUX","webStorageEnabled":false,"takesScreenshot":true,"javascriptEnabled":true,"databaseEnabled":false,"networkConnectionEnabled":true,"locationContextEnabled":false,"warnings":{},"desired":{"platformName":"android","app":"C:\\Users\\Anis\\eclipse-workspace\\Appium\\src\\ApiDemos-debug.apk","deviceName":"Redmi","newCommandTimeout":14},"platformName":"android","app":"C:\\Users\\Anis\\eclipse-workspace\\Appium\\src\\ApiDemos-debug.apk","deviceName":"55272e729804","newCommandTimeout":14,"deviceUDID":"55272e729804","appPackage":"io.appium.android.apis","deviceApiLevel":24,"platformVersion":"7.0","deviceScreenSize":"1080x1920","deviceScreenDensity":480,"deviceModel":"Redmi Note 4","deviceManufacturer":"Xiaomi","pixelRatio":3,"statBarHeight":72,"viewportRect":{"left":0,"top":72,"width":1080,"height":1848},"lastScrollData":null}
&amp#27;[35m[HTTP]&amp#27;[39m &amp#27;[37m<-- GET /wd/hub/session/ec7f467e-f2a7-423c-b1e3-126ec157c6d1 &amp#27;[39m&amp#27;[32m200&amp#27;[39m &amp#27;[90m10 ms - 858&amp#27;[39m
&amp#27;[35m[HTTP]&amp#27;[39m &amp#27;[90m&amp#27;[39m
&amp#27;[35m[HTTP]&amp#27;[39m &amp#27;[37m-->&amp#27;[39m &amp#27;[37mPOST&amp#27;[39m &amp#27;[37m/wd/hub/session/ec7f467e-f2a7-423c-b1e3-126ec157c6d1/timeouts&amp#27;[39m
&amp#27;[35m[HTTP]&amp#27;[39m &amp#27;[90m{"implicit":10000}&amp#27;[39m
[debug] &amp#27;[35m[W3C (ec7f467e)]&amp#27;[39m Calling AppiumDriver.timeouts() with args: [null,null,null,null,10000,"ec7f467e-f2a7-423c-b1e3-126ec157c6d1"]
[debug] &amp#27;[35m[BaseDriver]&amp#27;[39m W3C timeout argument: {"implicit":10000}}
[debug] &amp#27;[35m[BaseDriver]&amp#27;[39m Set implicit wait to 10000ms
[debug] &amp#27;[35m[W3C (ec7f467e)]&amp#27;[39m Responding to client with driver.timeouts() result: null
&amp#27;[35m[HTTP]&amp#27;[39m &amp#27;[37m<-- POST /wd/hub/session/ec7f467e-f2a7-423c-b1e3-126ec157c6d1/timeouts &amp#27;[39m&amp#27;[32m200&amp#27;[39m &amp#27;[90m3 ms - 14&amp#27;[39m
&amp#27;[35m[HTTP]&amp#27;[39m &amp#27;[90m&amp#27;[39m
&amp#27;[35m[HTTP]&amp#27;[39m &amp#27;[37m-->&amp#27;[39m &amp#27;[37mGET&amp#27;[39m &amp#27;[37m/wd/hub/session/ec7f467e-f2a7-423c-b1e3-126ec157c6d1&amp#27;[39m
&amp#27;[35m[HTTP]&amp#27;[39m &amp#27;[90m{}&amp#27;[39m
[debug] &amp#27;[35m[W3C (ec7f467e)]&amp#27;[39m Calling AppiumDriver.getSession() with args: ["ec7f467e-f2a7-423c-b1e3-126ec157c6d1"]
[debug] &amp#27;[35m[UiAutomator2]&amp#27;[39m Getting session details from server to mix in
[debug] &amp#27;[35m[WD Proxy]&amp#27;[39m Matched '/' to command name 'getSession'
[debug] &amp#27;[35m[WD Proxy]&amp#27;[39m Proxying [GET /] to [GET http://127.0.0.1:8200/wd/hub/session/43d24746-025b-4693-ba65-63453b56ee80] with no body
[debug] &amp#27;[35m[WD Proxy]&amp#27;[39m Got response with status 200: {"sessionId":"43d24746-025b-4693-ba65-63453b56ee80","value":{"lastScrollData":null}}
[debug] &amp#27;[35m[W3C (ec7f467e)]&amp#27;[39m Responding to client with driver.getSession() result: {"platform":"LINUX","webStorageEnabled":false,"takesScreenshot":true,"javascriptEnabled":true,"databaseEnabled":false,"networkConnectionEnabled":true,"locationContextEnabled":false,"warnings":{},"desired":{"platformName":"android","app":"C:\\Users\\Anis\\eclipse-workspace\\Appium\\src\\ApiDemos-debug.apk","deviceName":"Redmi","newCommandTimeout":14},"platformName":"android","app":"C:\\Users\\Anis\\eclipse-workspace\\Appium\\src\\ApiDemos-debug.apk","deviceName":"55272e729804","newCommandTimeout":14,"deviceUDID":"55272e729804","appPackage":"io.appium.android.apis","deviceApiLevel":24,"platformVersion":"7.0","deviceScreenSize":"1080x1920","deviceScreenDensity":480,"deviceModel":"Redmi Note 4","deviceManufacturer":"Xiaomi","pixelRatio":3,"statBarHeight":72,"viewportRect":{"left":0,"top":72,"width":1080,"height":1848},"lastScrollData":null}
&amp#27;[35m[HTTP]&amp#27;[39m &amp#27;[37m<-- GET /wd/hub/session/ec7f467e-f2a7-423c-b1e3-126ec157c6d1 &amp#27;[39m&amp#27;[32m200&amp#27;[39m &amp#27;[90m12 ms - 858&amp#27;[39m
&amp#27;[35m[HTTP]&amp#27;[39m &amp#27;[90m&amp#27;[39m
&amp#27;[35m[HTTP]&amp#27;[39m &amp#27;[37m-->&amp#27;[39m &amp#27;[37mGET&amp#27;[39m &amp#27;[37m/wd/hub/session/ec7f467e-f2a7-423c-b1e3-126ec157c6d1&amp#27;[39m
&amp#27;[35m[HTTP]&amp#27;[39m &amp#27;[90m{}&amp#27;[39m
[debug] &amp#27;[35m[W3C (ec7f467e)]&amp#27;[39m Calling AppiumDriver.getSession() with args: ["ec7f467e-f2a7-423c-b1e3-126ec157c6d1"]
[debug] &amp#27;[35m[UiAutomator2]&amp#27;[39m Getting session details from server to mix in
[debug] &amp#27;[35m[WD Proxy]&amp#27;[39m Matched '/' to command name 'getSession'
[debug] &amp#27;[35m[WD Proxy]&amp#27;[39m Proxying [GET /] to [GET http://127.0.0.1:8200/wd/hub/session/43d24746-025b-4693-ba65-63453b56ee80] with no body
[debug] &amp#27;[35m[WD Proxy]&amp#27;[39m Got response with status 200: {"sessionId":"43d24746-025b-4693-ba65-63453b56ee80","value":{"lastScrollData":null}}
[debug] &amp#27;[35m[W3C (ec7f467e)]&amp#27;[39m Responding to client with driver.getSession() result: {"platform":"LINUX","webStorageEnabled":false,"takesScreenshot":true,"javascriptEnabled":true,"databaseEnabled":false,"networkConnectionEnabled":true,"locationContextEnabled":false,"warnings":{},"desired":{"platformName":"android","app":"C:\\Users\\Anis\\eclipse-workspace\\Appium\\src\\ApiDemos-debug.apk","deviceName":"Redmi","newCommandTimeout":14},"platformName":"android","app":"C:\\Users\\Anis\\eclipse-workspace\\Appium\\src\\ApiDemos-debug.apk","deviceName":"55272e729804","newCommandTimeout":14,"deviceUDID":"55272e729804","appPackage":"io.appium.android.apis","deviceApiLevel":24,"platformVersion":"7.0","deviceScreenSize":"1080x1920","deviceScreenDensity":480,"deviceModel":"Redmi Note 4","deviceManufacturer":"Xiaomi","pixelRatio":3,"statBarHeight":72,"viewportRect":{"left":0,"top":72,"width":1080,"height":1848},"lastScrollData":null}
&amp#27;[35m[HTTP]&amp#27;[39m &amp#27;[37m<-- GET /wd/hub/session/ec7f467e-f2a7-423c-b1e3-126ec157c6d1 &amp#27;[39m&amp#27;[32m200&amp#27;[39m &amp#27;[90m32 ms - 858&amp#27;[39m
&amp#27;[35m[HTTP]&amp#27;[39m &amp#27;[90m&amp#27;[39m
&amp#27;[35m[HTTP]&amp#27;[39m &amp#27;[37m-->&amp#27;[39m &amp#27;[37mGET&amp#27;[39m &amp#27;[37m/wd/hub/session/ec7f467e-f2a7-423c-b1e3-126ec157c6d1&amp#27;[39m
&amp#27;[35m[HTTP]&amp#27;[39m &amp#27;[90m{}&amp#27;[39m
[debug] &amp#27;[35m[W3C (ec7f467e)]&amp#27;[39m Calling AppiumDriver.getSession() with args: ["ec7f467e-f2a7-423c-b1e3-126ec157c6d1"]
[debug] &amp#27;[35m[UiAutomator2]&amp#27;[39m Getting session details from server to mix in
[debug] &amp#27;[35m[WD Proxy]&amp#27;[39m Matched '/' to command name 'getSession'
[debug] &amp#27;[35m[WD Proxy]&amp#27;[39m Proxying [GET /] to [GET http://127.0.0.1:8200/wd/hub/session/43d24746-025b-4693-ba65-63453b56ee80] with no body
[debug] &amp#27;[35m[WD Proxy]&amp#27;[39m Got response with status 200: {"sessionId":"43d24746-025b-4693-ba65-63453b56ee80","value":{"lastScrollData":null}}
[debug] &amp#27;[35m[W3C (ec7f467e)]&amp#27;[39m Responding to client with driver.getSession() result: {"platform":"LINUX","webStorageEnabled":false,"takesScreenshot":true,"javascriptEnabled":true,"databaseEnabled":false,"networkConnectionEnabled":true,"locationContextEnabled":false,"warnings":{},"desired":{"platformName":"android","app":"C:\\Users\\Anis\\eclipse-workspace\\Appium\\src\\ApiDemos-debug.apk","deviceName":"Redmi","newCommandTimeout":14},"platformName":"android","app":"C:\\Users\\Anis\\eclipse-workspace\\Appium\\src\\ApiDemos-debug.apk","deviceName":"55272e729804","newCommandTimeout":14,"deviceUDID":"55272e729804","appPackage":"io.appium.android.apis","deviceApiLevel":24,"platformVersion":"7.0","deviceScreenSize":"1080x1920","deviceScreenDensity":480,"deviceModel":"Redmi Note 4","deviceManufacturer":"Xiaomi","pixelRatio":3,"statBarHeight":72,"viewportRect":{"left":0,"top":72,"width":1080,"height":1848},"lastScrollData":null}
&amp#27;[35m[HTTP]&amp#27;[39m &amp#27;[37m<-- GET /wd/hub/session/ec7f467e-f2a7-423c-b1e3-126ec157c6d1 &amp#27;[39m&amp#27;[32m200&amp#27;[39m &amp#27;[90m9 ms - 858&amp#27;[39m
&amp#27;[35m[HTTP]&amp#27;[39m &amp#27;[90m&amp#27;[39m
&amp#27;[35m[HTTP]&amp#27;[39m &amp#27;[37m-->&amp#27;[39m &amp#27;[37mPOST&amp#27;[39m &amp#27;[37m/wd/hub/session/ec7f467e-f2a7-423c-b1e3-126ec157c6d1/element&amp#27;[39m
&amp#27;[35m[HTTP]&amp#27;[39m &amp#27;[90m{"using":"xpath","value":"//android.widget.TextView[@text='Preference']"}&amp#27;[39m
[debug] &amp#27;[35m[W3C (ec7f467e)]&amp#27;[39m Calling AppiumDriver.findElement() with args: ["xpath","//android.widget.TextView[@text='Preference']","ec7f467e-f2a7-423c-b1e3-126ec157c6d1"]
[debug] &amp#27;[35m[BaseDriver]&amp#27;[39m Valid locator strategies for this request: xpath, id, class name, accessibility id, css selector, -android uiautomator
[debug] &amp#27;[35m[BaseDriver]&amp#27;[39m Waiting up to 10000 ms for condition
[debug] &amp#27;[35m[WD Proxy]&amp#27;[39m Matched '/element' to command name 'findElement'
[debug] &amp#27;[35m[WD Proxy]&amp#27;[39m Proxying [POST /element] to [POST http://127.0.0.1:8200/wd/hub/session/43d24746-025b-4693-ba65-63453b56ee80/element] with body: {"strategy":"xpath","selector":"//android.widget.TextView[@text='Preference']","context":"","multiple":false}
[debug] &amp#27;[35m[WD Proxy]&amp#27;[39m Got response with status 200: {"sessionId":"43d24746-025b-4693-ba65-63453b56ee80","value":{"ELEMENT":"31e8838d-85dc-43af-ba04-08c39de79542","element-6066-11e4-a52e-4f735466cecf":"31e8838d-85dc-43af-ba04-08c39de79542"}}
[debug] &amp#27;[35m[W3C (ec7f467e)]&amp#27;[39m Responding to client with driver.findElement() result: {"element-6066-11e4-a52e-4f735466cecf":"31e8838d-85dc-43af-ba04-08c39de79542","ELEMENT":"31e8838d-85dc-43af-ba04-08c39de79542"}
&amp#27;[35m[HTTP]&amp#27;[39m &amp#27;[37m<-- POST /wd/hub/session/ec7f467e-f2a7-423c-b1e3-126ec157c6d1/element &amp#27;[39m&amp#27;[32m200&amp#27;[39m &amp#27;[90m337 ms - 137&amp#27;[39m
&amp#27;[35m[HTTP]&amp#27;[39m &amp#27;[90m&amp#27;[39m
&amp#27;[35m[HTTP]&amp#27;[39m &amp#27;[37m-->&amp#27;[39m &amp#27;[37mPOST&amp#27;[39m &amp#27;[37m/wd/hub/session/ec7f467e-f2a7-423c-b1e3-126ec157c6d1/element/31e8838d-85dc-43af-ba04-08c39de79542/click&amp#27;[39m
&amp#27;[35m[HTTP]&amp#27;[39m &amp#27;[90m{"id":"31e8838d-85dc-43af-ba04-08c39de79542"}&amp#27;[39m
[debug] &amp#27;[35m[W3C (ec7f467e)]&amp#27;[39m Calling AppiumDriver.click() with args: ["31e8838d-85dc-43af-ba04-08c39de79542","ec7f467e-f2a7-423c-b1e3-126ec157c6d1"]
[debug] &amp#27;[35m[WD Proxy]&amp#27;[39m Matched '/element/31e8838d-85dc-43af-ba04-08c39de79542/click' to command name 'click'
[debug] &amp#27;[35m[WD Proxy]&amp#27;[39m Proxying [POST /element/31e8838d-85dc-43af-ba04-08c39de79542/click] to [POST http://127.0.0.1:8200/wd/hub/session/43d24746-025b-4693-ba65-63453b56ee80/element/31e8838d-85dc-43af-ba04-08c39de79542/click] with body: {"element":"31e8838d-85dc-43af-ba04-08c39de79542"}
[debug] &amp#27;[35m[WD Proxy]&amp#27;[39m Got response with status 200: {"sessionId":"43d24746-025b-4693-ba65-63453b56ee80","value":null}
[debug] &amp#27;[35m[W3C (ec7f467e)]&amp#27;[39m Responding to client with driver.click() result: null
&amp#27;[35m[HTTP]&amp#27;[39m &amp#27;[37m<-- POST /wd/hub/session/ec7f467e-f2a7-423c-b1e3-126ec157c6d1/element/31e8838d-85dc-43af-ba04-08c39de79542/click &amp#27;[39m&amp#27;[32m200&amp#27;[39m &amp#27;[90m1224 ms - 14&amp#27;[39m
&amp#27;[35m[HTTP]&amp#27;[39m &amp#27;[90m&amp#27;[39m
&amp#27;[35m[HTTP]&amp#27;[39m &amp#27;[37m-->&amp#27;[39m &amp#27;[37mGET&amp#27;[39m &amp#27;[37m/wd/hub/session/ec7f467e-f2a7-423c-b1e3-126ec157c6d1&amp#27;[39m
&amp#27;[35m[HTTP]&amp#27;[39m &amp#27;[90m{}&amp#27;[39m
[debug] &amp#27;[35m[W3C (ec7f467e)]&amp#27;[39m Calling AppiumDriver.getSession() with args: ["ec7f467e-f2a7-423c-b1e3-126ec157c6d1"]
[debug] &amp#27;[35m[UiAutomator2]&amp#27;[39m Getting session details from server to mix in
[debug] &amp#27;[35m[WD Proxy]&amp#27;[39m Matched '/' to command name 'getSession'
[debug] &amp#27;[35m[WD Proxy]&amp#27;[39m Proxying [GET /] to [GET http://127.0.0.1:8200/wd/hub/session/43d24746-025b-4693-ba65-63453b56ee80] with no body
[debug] &amp#27;[35m[WD Proxy]&amp#27;[39m Got response with status 200: {"sessionId":"43d24746-025b-4693-ba65-63453b56ee80","value":{"lastScrollData":null}}
[debug] &amp#27;[35m[W3C (ec7f467e)]&amp#27;[39m Responding to client with driver.getSession() result: {"platform":"LINUX","webStorageEnabled":false,"takesScreenshot":true,"javascriptEnabled":true,"databaseEnabled":false,"networkConnectionEnabled":true,"locationContextEnabled":false,"warnings":{},"desired":{"platformName":"android","app":"C:\\Users\\Anis\\eclipse-workspace\\Appium\\src\\ApiDemos-debug.apk","deviceName":"Redmi","newCommandTimeout":14},"platformName":"android","app":"C:\\Users\\Anis\\eclipse-workspace\\Appium\\src\\ApiDemos-debug.apk","deviceName":"55272e729804","newCommandTimeout":14,"deviceUDID":"55272e729804","appPackage":"io.appium.android.apis","deviceApiLevel":24,"platformVersion":"7.0","deviceScreenSize":"1080x1920","deviceScreenDensity":480,"deviceModel":"Redmi Note 4","deviceManufacturer":"Xiaomi","pixelRatio":3,"statBarHeight":72,"viewportRect":{"left":0,"top":72,"width":1080,"height":1848},"lastScrollData":null}
&amp#27;[35m[HTTP]&amp#27;[39m &amp#27;[37m<-- GET /wd/hub/session/ec7f467e-f2a7-423c-b1e3-126ec157c6d1 &amp#27;[39m&amp#27;[32m200&amp#27;[39m &amp#27;[90m15 ms - 858&amp#27;[39m
&amp#27;[35m[HTTP]&amp#27;[39m &amp#27;[90m&amp#27;[39m
&amp#27;[35m[HTTP]&amp#27;[39m &amp#27;[37m-->&amp#27;[39m &amp#27;[37mGET&amp#27;[39m &amp#27;[37m/wd/hub/session/ec7f467e-f2a7-423c-b1e3-126ec157c6d1&amp#27;[39m
&amp#27;[35m[HTTP]&amp#27;[39m &amp#27;[90m{}&amp#27;[39m
[debug] &amp#27;[35m[W3C (ec7f467e)]&amp#27;[39m Calling AppiumDriver.getSession() with args: ["ec7f467e-f2a7-423c-b1e3-126ec157c6d1"]
[debug] &amp#27;[35m[UiAutomator2]&amp#27;[39m Getting session details from server to mix in
[debug] &amp#27;[35m[WD Proxy]&amp#27;[39m Matched '/' to command name 'getSession'
[debug] &amp#27;[35m[WD Proxy]&amp#27;[39m Proxying [GET /] to [GET http://127.0.0.1:8200/wd/hub/session/43d24746-025b-4693-ba65-63453b56ee80] with no body
[debug] &amp#27;[35m[WD Proxy]&amp#27;[39m Got response with status 200: {"sessionId":"43d24746-025b-4693-ba65-63453b56ee80","value":{"lastScrollData":null}}
[debug] &amp#27;[35m[W3C (ec7f467e)]&amp#27;[39m Responding to client with driver.getSession() result: {"platform":"LINUX","webStorageEnabled":false,"takesScreenshot":true,"javascriptEnabled":true,"databaseEnabled":false,"networkConnectionEnabled":true,"locationContextEnabled":false,"warnings":{},"desired":{"platformName":"android","app":"C:\\Users\\Anis\\eclipse-workspace\\Appium\\src\\ApiDemos-debug.apk","deviceName":"Redmi","newCommandTimeout":14},"platformName":"android","app":"C:\\Users\\Anis\\eclipse-workspace\\Appium\\src\\ApiDemos-debug.apk","deviceName":"55272e729804","newCommandTimeout":14,"deviceUDID":"55272e729804","appPackage":"io.appium.android.apis","deviceApiLevel":24,"platformVersion":"7.0","deviceScreenSize":"1080x1920","deviceScreenDensity":480,"deviceModel":"Redmi Note 4","deviceManufacturer":"Xiaomi","pixelRatio":3,"statBarHeight":72,"viewportRect":{"left":0,"top":72,"width":1080,"height":1848},"lastScrollData":null}
&amp#27;[35m[HTTP]&amp#27;[39m &amp#27;[37m<-- GET /wd/hub/session/ec7f467e-f2a7-423c-b1e3-126ec157c6d1 &amp#27;[39m&amp#27;[32m200&amp#27;[39m &amp#27;[90m15 ms - 858&amp#27;[39m
&amp#27;[35m[HTTP]&amp#27;[39m &amp#27;[90m&amp#27;[39m
&amp#27;[35m[HTTP]&amp#27;[39m &amp#27;[37m-->&amp#27;[39m &amp#27;[37mGET&amp#27;[39m &amp#27;[37m/wd/hub/session/ec7f467e-f2a7-423c-b1e3-126ec157c6d1&amp#27;[39m
&amp#27;[35m[HTTP]&amp#27;[39m &amp#27;[90m{}&amp#27;[39m
[debug] &amp#27;[35m[W3C (ec7f467e)]&amp#27;[39m Calling AppiumDriver.getSession() with args: ["ec7f467e-f2a7-423c-b1e3-126ec157c6d1"]
[debug] &amp#27;[35m[UiAutomator2]&amp#27;[39m Getting session details from server to mix in
[debug] &amp#27;[35m[WD Proxy]&amp#27;[39m Matched '/' to command name 'getSession'
[debug] &amp#27;[35m[WD Proxy]&amp#27;[39m Proxying [GET /] to [GET http://127.0.0.1:8200/wd/hub/session/43d24746-025b-4693-ba65-63453b56ee80] with no body
[debug] &amp#27;[35m[WD Proxy]&amp#27;[39m Got response with status 200: {"sessionId":"43d24746-025b-4693-ba65-63453b56ee80","value":{"lastScrollData":null}}
[debug] &amp#27;[35m[W3C (ec7f467e)]&amp#27;[39m Responding to client with driver.getSession() result: {"platform":"LINUX","webStorageEnabled":false,"takesScreenshot":true,"javascriptEnabled":true,"databaseEnabled":false,"networkConnectionEnabled":true,"locationContextEnabled":false,"warnings":{},"desired":{"platformName":"android","app":"C:\\Users\\Anis\\eclipse-workspace\\Appium\\src\\ApiDemos-debug.apk","deviceName":"Redmi","newCommandTimeout":14},"platformName":"android","app":"C:\\Users\\Anis\\eclipse-workspace\\Appium\\src\\ApiDemos-debug.apk","deviceName":"55272e729804","newCommandTimeout":14,"deviceUDID":"55272e729804","appPackage":"io.appium.android.apis","deviceApiLevel":24,"platformVersion":"7.0","deviceScreenSize":"1080x1920","deviceScreenDensity":480,"deviceModel":"Redmi Note 4","deviceManufacturer":"Xiaomi","pixelRatio":3,"statBarHeight":72,"viewportRect":{"left":0,"top":72,"width":1080,"height":1848},"lastScrollData":null}
&amp#27;[35m[HTTP]&amp#27;[39m &amp#27;[37m<-- GET /wd/hub/session/ec7f467e-f2a7-423c-b1e3-126ec157c6d1 &amp#27;[39m&amp#27;[32m200&amp#27;[39m &amp#27;[90m9 ms - 858&amp#27;[39m
&amp#27;[35m[HTTP]&amp#27;[39m &amp#27;[90m&amp#27;[39m
&amp#27;[35m[HTTP]&amp#27;[39m &amp#27;[37m-->&amp#27;[39m &amp#27;[37mPOST&amp#27;[39m &amp#27;[37m/wd/hub/session/ec7f467e-f2a7-423c-b1e3-126ec157c6d1/element&amp#27;[39m
&amp#27;[35m[HTTP]&amp#27;[39m &amp#27;[90m{"using":"xpath","value":"//android.widget.TextView[@text='3. Preference dependencies']"}&amp#27;[39m
[debug] &amp#27;[35m[W3C (ec7f467e)]&amp#27;[39m Calling AppiumDriver.findElement() with args: ["xpath","//android.widget.TextView[@text='3. Preference dependencies']","ec7f467e-f2a7-423c-b1e3-126ec157c6d1"]
[debug] &amp#27;[35m[BaseDriver]&amp#27;[39m Valid locator strategies for this request: xpath, id, class name, accessibility id, css selector, -android uiautomator
[debug] &amp#27;[35m[BaseDriver]&amp#27;[39m Waiting up to 10000 ms for condition
[debug] &amp#27;[35m[WD Proxy]&amp#27;[39m Matched '/element' to command name 'findElement'
[debug] &amp#27;[35m[WD Proxy]&amp#27;[39m Proxying [POST /element] to [POST http://127.0.0.1:8200/wd/hub/session/43d24746-025b-4693-ba65-63453b56ee80/element] with body: {"strategy":"xpath","selector":"//android.widget.TextView[@text='3. Preference dependencies']","context":"","multiple":false}
[debug] &amp#27;[35m[WD Proxy]&amp#27;[39m Got response with status 200: {"sessionId":"43d24746-025b-4693-ba65-63453b56ee80","value":{"ELEMENT":"0f075b04-2ac2-44b2-a18f-9411e161d6e7","element-6066-11e4-a52e-4f735466cecf":"0f075b04-2ac2-44b2-a18f-9411e161d6e7"}}
[debug] &amp#27;[35m[W3C (ec7f467e)]&amp#27;[39m Responding to client with driver.findElement() result: {"element-6066-11e4-a52e-4f735466cecf":"0f075b04-2ac2-44b2-a18f-9411e161d6e7","ELEMENT":"0f075b04-2ac2-44b2-a18f-9411e161d6e7"}
&amp#27;[35m[HTTP]&amp#27;[39m &amp#27;[37m<-- POST /wd/hub/session/ec7f467e-f2a7-423c-b1e3-126ec157c6d1/element &amp#27;[39m&amp#27;[32m200&amp#27;[39m &amp#27;[90m704 ms - 137&amp#27;[39m
&amp#27;[35m[HTTP]&amp#27;[39m &amp#27;[90m&amp#27;[39m
&amp#27;[35m[HTTP]&amp#27;[39m &amp#27;[37m-->&amp#27;[39m &amp#27;[37mPOST&amp#27;[39m &amp#27;[37m/wd/hub/session/ec7f467e-f2a7-423c-b1e3-126ec157c6d1/element/0f075b04-2ac2-44b2-a18f-9411e161d6e7/click&amp#27;[39m
&amp#27;[35m[HTTP]&amp#27;[39m &amp#27;[90m{"id":"0f075b04-2ac2-44b2-a18f-9411e161d6e7"}&amp#27;[39m
[debug] &amp#27;[35m[W3C (ec7f467e)]&amp#27;[39m Calling AppiumDriver.click() with args: ["0f075b04-2ac2-44b2-a18f-9411e161d6e7","ec7f467e-f2a7-423c-b1e3-126ec157c6d1"]
[debug] &amp#27;[35m[WD Proxy]&amp#27;[39m Matched '/element/0f075b04-2ac2-44b2-a18f-9411e161d6e7/click' to command name 'click'
[debug] &amp#27;[35m[WD Proxy]&amp#27;[39m Proxying [POST /element/0f075b04-2ac2-44b2-a18f-9411e161d6e7/click] to [POST http://127.0.0.1:8200/wd/hub/session/43d24746-025b-4693-ba65-63453b56ee80/element/0f075b04-2ac2-44b2-a18f-9411e161d6e7/click] with body: {"element":"0f075b04-2ac2-44b2-a18f-9411e161d6e7"}
[debug] &amp#27;[35m[WD Proxy]&amp#27;[39m Got response with status 200: {"sessionId":"43d24746-025b-4693-ba65-63453b56ee80","value":null}
[debug] &amp#27;[35m[W3C (ec7f467e)]&amp#27;[39m Responding to client with driver.click() result: null
&amp#27;[35m[HTTP]&amp#27;[39m &amp#27;[37m<-- POST /wd/hub/session/ec7f467e-f2a7-423c-b1e3-126ec157c6d1/element/0f075b04-2ac2-44b2-a18f-9411e161d6e7/click &amp#27;[39m&amp#27;[32m200&amp#27;[39m &amp#27;[90m1354 ms - 14&amp#27;[39m
&amp#27;[35m[HTTP]&amp#27;[39m &amp#27;[90m&amp#27;[39m
&amp#27;[35m[HTTP]&amp#27;[39m &amp#27;[37m-->&amp#27;[39m &amp#27;[37mGET&amp#27;[39m &amp#27;[37m/wd/hub/session/ec7f467e-f2a7-423c-b1e3-126ec157c6d1&amp#27;[39m
&amp#27;[35m[HTTP]&amp#27;[39m &amp#27;[90m{}&amp#27;[39m
[debug] &amp#27;[35m[W3C (ec7f467e)]&amp#27;[39m Calling AppiumDriver.getSession() with args: ["ec7f467e-f2a7-423c-b1e3-126ec157c6d1"]
[debug] &amp#27;[35m[UiAutomator2]&amp#27;[39m Getting session details from server to mix in
[debug] &amp#27;[35m[WD Proxy]&amp#27;[39m Matched '/' to command name 'getSession'
[debug] &amp#27;[35m[WD Proxy]&amp#27;[39m Proxying [GET /] to [GET http://127.0.0.1:8200/wd/hub/session/43d24746-025b-4693-ba65-63453b56ee80] with no body
[debug] &amp#27;[35m[WD Proxy]&amp#27;[39m Got response with status 200: {"sessionId":"43d24746-025b-4693-ba65-63453b56ee80","value":{"lastScrollData":null}}
[debug] &amp#27;[35m[W3C (ec7f467e)]&amp#27;[39m Responding to client with driver.getSession() result: {"platform":"LINUX","webStorageEnabled":false,"takesScreenshot":true,"javascriptEnabled":true,"databaseEnabled":false,"networkConnectionEnabled":true,"locationContextEnabled":false,"warnings":{},"desired":{"platformName":"android","app":"C:\\Users\\Anis\\eclipse-workspace\\Appium\\src\\ApiDemos-debug.apk","deviceName":"Redmi","newCommandTimeout":14},"platformName":"android","app":"C:\\Users\\Anis\\eclipse-workspace\\Appium\\src\\ApiDemos-debug.apk","deviceName":"55272e729804","newCommandTimeout":14,"deviceUDID":"55272e729804","appPackage":"io.appium.android.apis","deviceApiLevel":24,"platformVersion":"7.0","deviceScreenSize":"1080x1920","deviceScreenDensity":480,"deviceModel":"Redmi Note 4","deviceManufacturer":"Xiaomi","pixelRatio":3,"statBarHeight":72,"viewportRect":{"left":0,"top":72,"width":1080,"height":1848},"lastScrollData":null}
&amp#27;[35m[HTTP]&amp#27;[39m &amp#27;[37m<-- GET /wd/hub/session/ec7f467e-f2a7-423c-b1e3-126ec157c6d1 &amp#27;[39m&amp#27;[32m200&amp#27;[39m &amp#27;[90m12 ms - 858&amp#27;[39m
&amp#27;[35m[HTTP]&amp#27;[39m &amp#27;[90m&amp#27;[39m
&amp#27;[35m[HTTP]&amp#27;[39m &amp#27;[37m-->&amp#27;[39m &amp#27;[37mPOST&amp#27;[39m &amp#27;[37m/wd/hub/session/ec7f467e-f2a7-423c-b1e3-126ec157c6d1/element&amp#27;[39m
&amp#27;[35m[HTTP]&amp#27;[39m &amp#27;[90m{"using":"id","value":"android:id/checkbox"}&amp#27;[39m
[debug] &amp#27;[35m[W3C (ec7f467e)]&amp#27;[39m Calling AppiumDriver.findElement() with args: ["id","android:id/checkbox","ec7f467e-f2a7-423c-b1e3-126ec157c6d1"]
[debug] &amp#27;[35m[BaseDriver]&amp#27;[39m Valid locator strategies for this request: xpath, id, class name, accessibility id, css selector, -android uiautomator
[debug] &amp#27;[35m[BaseDriver]&amp#27;[39m Waiting up to 10000 ms for condition
[debug] &amp#27;[35m[WD Proxy]&amp#27;[39m Matched '/element' to command name 'findElement'
[debug] &amp#27;[35m[WD Proxy]&amp#27;[39m Proxying [POST /element] to [POST http://127.0.0.1:8200/wd/hub/session/43d24746-025b-4693-ba65-63453b56ee80/element] with body: {"strategy":"id","selector":"android:id/checkbox","context":"","multiple":false}
[debug] &amp#27;[35m[WD Proxy]&amp#27;[39m Got response with status 200: {"sessionId":"43d24746-025b-4693-ba65-63453b56ee80","value":{"ELEMENT":"71126eb3-8d6d-42ef-a650-bf8262994157","element-6066-11e4-a52e-4f735466cecf":"71126eb3-8d6d-42ef-a650-bf8262994157"}}
[debug] &amp#27;[35m[W3C (ec7f467e)]&amp#27;[39m Responding to client with driver.findElement() result: {"element-6066-11e4-a52e-4f735466cecf":"71126eb3-8d6d-42ef-a650-bf8262994157","ELEMENT":"71126eb3-8d6d-42ef-a650-bf8262994157"}
&amp#27;[35m[HTTP]&amp#27;[39m &amp#27;[37m<-- POST /wd/hub/session/ec7f467e-f2a7-423c-b1e3-126ec157c6d1/element &amp#27;[39m&amp#27;[32m200&amp#27;[39m &amp#27;[90m608 ms - 137&amp#27;[39m
&amp#27;[35m[HTTP]&amp#27;[39m &amp#27;[90m&amp#27;[39m
&amp#27;[35m[HTTP]&amp#27;[39m &amp#27;[37m-->&amp#27;[39m &amp#27;[37mPOST&amp#27;[39m &amp#27;[37m/wd/hub/session/ec7f467e-f2a7-423c-b1e3-126ec157c6d1/element/71126eb3-8d6d-42ef-a650-bf8262994157/click&amp#27;[39m
&amp#27;[35m[HTTP]&amp#27;[39m &amp#27;[90m{"id":"71126eb3-8d6d-42ef-a650-bf8262994157"}&amp#27;[39m
[debug] &amp#27;[35m[W3C (ec7f467e)]&amp#27;[39m Calling AppiumDriver.click() with args: ["71126eb3-8d6d-42ef-a650-bf8262994157","ec7f467e-f2a7-423c-b1e3-126ec157c6d1"]
[debug] &amp#27;[35m[WD Proxy]&amp#27;[39m Matched '/element/71126eb3-8d6d-42ef-a650-bf8262994157/click' to command name 'click'
[debug] &amp#27;[35m[WD Proxy]&amp#27;[39m Proxying [POST /element/71126eb3-8d6d-42ef-a650-bf8262994157/click] to [POST http://127.0.0.1:8200/wd/hub/session/43d24746-025b-4693-ba65-63453b56ee80/element/71126eb3-8d6d-42ef-a650-bf8262994157/click] with body: {"element":"71126eb3-8d6d-42ef-a650-bf8262994157"}
[debug] &amp#27;[35m[WD Proxy]&amp#27;[39m Got response with status 200: {"sessionId":"43d24746-025b-4693-ba65-63453b56ee80","value":null}
[debug] &amp#27;[35m[W3C (ec7f467e)]&amp#27;[39m Responding to client with driver.click() result: null
&amp#27;[35m[HTTP]&amp#27;[39m &amp#27;[37m<-- POST /wd/hub/session/ec7f467e-f2a7-423c-b1e3-126ec157c6d1/element/71126eb3-8d6d-42ef-a650-bf8262994157/click &amp#27;[39m&amp#27;[32m200&amp#27;[39m &amp#27;[90m752 ms - 14&amp#27;[39m
&amp#27;[35m[HTTP]&amp#27;[39m &amp#27;[90m&amp#27;[39m
&amp#27;[35m[HTTP]&amp#27;[39m &amp#27;[37m-->&amp#27;[39m &amp#27;[37mGET&amp#27;[39m &amp#27;[37m/wd/hub/session/ec7f467e-f2a7-423c-b1e3-126ec157c6d1&amp#27;[39m
&amp#27;[35m[HTTP]&amp#27;[39m &amp#27;[90m{}&amp#27;[39m
[debug] &amp#27;[35m[W3C (ec7f467e)]&amp#27;[39m Calling AppiumDriver.getSession() with args: ["ec7f467e-f2a7-423c-b1e3-126ec157c6d1"]
[debug] &amp#27;[35m[UiAutomator2]&amp#27;[39m Getting session details from server to mix in
[debug] &amp#27;[35m[WD Proxy]&amp#27;[39m Matched '/' to command name 'getSession'
[debug] &amp#27;[35m[WD Proxy]&amp#27;[39m Proxying [GET /] to [GET http://127.0.0.1:8200/wd/hub/session/43d24746-025b-4693-ba65-63453b56ee80] with no body
[debug] &amp#27;[35m[WD Proxy]&amp#27;[39m Got response with status 200: {"sessionId":"43d24746-025b-4693-ba65-63453b56ee80","value":{"lastScrollData":null}}
[debug] &amp#27;[35m[W3C (ec7f467e)]&amp#27;[39m Responding to client with driver.getSession() result: {"platform":"LINUX","webStorageEnabled":false,"takesScreenshot":true,"javascriptEnabled":true,"databaseEnabled":false,"networkConnectionEnabled":true,"locationContextEnabled":false,"warnings":{},"desired":{"platformName":"android","app":"C:\\Users\\Anis\\eclipse-workspace\\Appium\\src\\ApiDemos-debug.apk","deviceName":"Redmi","newCommandTimeout":14},"platformName":"android","app":"C:\\Users\\Anis\\eclipse-workspace\\Appium\\src\\ApiDemos-debug.apk","deviceName":"55272e729804","newCommandTimeout":14,"deviceUDID":"55272e729804","appPackage":"io.appium.android.apis","deviceApiLevel":24,"platformVersion":"7.0","deviceScreenSize":"1080x1920","deviceScreenDensity":480,"deviceModel":"Redmi Note 4","deviceManufacturer":"Xiaomi","pixelRatio":3,"statBarHeight":72,"viewportRect":{"left":0,"top":72,"width":1080,"height":1848},"lastScrollData":null}
&amp#27;[35m[HTTP]&amp#27;[39m &amp#27;[37m<-- GET /wd/hub/session/ec7f467e-f2a7-423c-b1e3-126ec157c6d1 &amp#27;[39m&amp#27;[32m200&amp#27;[39m &amp#27;[90m10 ms - 858&amp#27;[39m
&amp#27;[35m[HTTP]&amp#27;[39m &amp#27;[90m&amp#27;[39m
&amp#27;[35m[HTTP]&amp#27;[39m &amp#27;[37m-->&amp#27;[39m &amp#27;[37mPOST&amp#27;[39m &amp#27;[37m/wd/hub/session/ec7f467e-f2a7-423c-b1e3-126ec157c6d1/element&amp#27;[39m
&amp#27;[35m[HTTP]&amp#27;[39m &amp#27;[90m{"using":"xpath","value":"(//android.widget.RelativeLayout)[2]"}&amp#27;[39m
[debug] &amp#27;[35m[W3C (ec7f467e)]&amp#27;[39m Calling AppiumDriver.findElement() with args: ["xpath","(//android.widget.RelativeLayout)[2]","ec7f467e-f2a7-423c-b1e3-126ec157c6d1"]
[debug] &amp#27;[35m[BaseDriver]&amp#27;[39m Valid locator strategies for this request: xpath, id, class name, accessibility id, css selector, -android uiautomator
[debug] &amp#27;[35m[BaseDriver]&amp#27;[39m Waiting up to 10000 ms for condition
[debug] &amp#27;[35m[WD Proxy]&amp#27;[39m Matched '/element' to command name 'findElement'
[debug] &amp#27;[35m[WD Proxy]&amp#27;[39m Proxying [POST /element] to [POST http://127.0.0.1:8200/wd/hub/session/43d24746-025b-4693-ba65-63453b56ee80/element] with body: {"strategy":"xpath","selector":"(//android.widget.RelativeLayout)[2]","context":"","multiple":false}
[debug] &amp#27;[35m[WD Proxy]&amp#27;[39m Got response with status 200: {"sessionId":"43d24746-025b-4693-ba65-63453b56ee80","value":{"ELEMENT":"74915537-2f5a-4b9f-9c21-d97bfbc2c086","element-6066-11e4-a52e-4f735466cecf":"74915537-2f5a-4b9f-9c21-d97bfbc2c086"}}
[debug] &amp#27;[35m[W3C (ec7f467e)]&amp#27;[39m Responding to client with driver.findElement() result: {"element-6066-11e4-a52e-4f735466cecf":"74915537-2f5a-4b9f-9c21-d97bfbc2c086","ELEMENT":"74915537-2f5a-4b9f-9c21-d97bfbc2c086"}
&amp#27;[35m[HTTP]&amp#27;[39m &amp#27;[37m<-- POST /wd/hub/session/ec7f467e-f2a7-423c-b1e3-126ec157c6d1/element &amp#27;[39m&amp#27;[32m200&amp#27;[39m &amp#27;[90m59 ms - 137&amp#27;[39m
&amp#27;[35m[HTTP]&amp#27;[39m &amp#27;[90m&amp#27;[39m
&amp#27;[35m[HTTP]&amp#27;[39m &amp#27;[37m-->&amp#27;[39m &amp#27;[37mPOST&amp#27;[39m &amp#27;[37m/wd/hub/session/ec7f467e-f2a7-423c-b1e3-126ec157c6d1/element/74915537-2f5a-4b9f-9c21-d97bfbc2c086/click&amp#27;[39m
&amp#27;[35m[HTTP]&amp#27;[39m &amp#27;[90m{"id":"74915537-2f5a-4b9f-9c21-d97bfbc2c086"}&amp#27;[39m
[debug] &amp#27;[35m[W3C (ec7f467e)]&amp#27;[39m Calling AppiumDriver.click() with args: ["74915537-2f5a-4b9f-9c21-d97bfbc2c086","ec7f467e-f2a7-423c-b1e3-126ec157c6d1"]
[debug] &amp#27;[35m[WD Proxy]&amp#27;[39m Matched '/element/74915537-2f5a-4b9f-9c21-d97bfbc2c086/click' to command name 'click'
[debug] &amp#27;[35m[WD Proxy]&amp#27;[39m Proxying [POST /element/74915537-2f5a-4b9f-9c21-d97bfbc2c086/click] to [POST http://127.0.0.1:8200/wd/hub/session/43d24746-025b-4693-ba65-63453b56ee80/element/74915537-2f5a-4b9f-9c21-d97bfbc2c086/click] with body: {"element":"74915537-2f5a-4b9f-9c21-d97bfbc2c086"}
[debug] &amp#27;[35m[WD Proxy]&amp#27;[39m Got response with status 200: {"sessionId":"43d24746-025b-4693-ba65-63453b56ee80","value":null}
[debug] &amp#27;[35m[W3C (ec7f467e)]&amp#27;[39m Responding to client with driver.click() result: null
&amp#27;[35m[HTTP]&amp#27;[39m &amp#27;[37m<-- POST /wd/hub/session/ec7f467e-f2a7-423c-b1e3-126ec157c6d1/element/74915537-2f5a-4b9f-9c21-d97bfbc2c086/click &amp#27;[39m&amp#27;[32m200&amp#27;[39m &amp#27;[90m1583 ms - 14&amp#27;[39m
&amp#27;[35m[HTTP]&amp#27;[39m &amp#27;[90m&amp#27;[39m
&amp#27;[35m[HTTP]&amp#27;[39m &amp#27;[37m-->&amp#27;[39m &amp#27;[37mGET&amp#27;[39m &amp#27;[37m/wd/hub/session/ec7f467e-f2a7-423c-b1e3-126ec157c6d1&amp#27;[39m
&amp#27;[35m[HTTP]&amp#27;[39m &amp#27;[90m{}&amp#27;[39m
[debug] &amp#27;[35m[W3C (ec7f467e)]&amp#27;[39m Calling AppiumDriver.getSession() with args: ["ec7f467e-f2a7-423c-b1e3-126ec157c6d1"]
[debug] &amp#27;[35m[UiAutomator2]&amp#27;[39m Getting session details from server to mix in
[debug] &amp#27;[35m[WD Proxy]&amp#27;[39m Matched '/' to command name 'getSession'
[debug] &amp#27;[35m[WD Proxy]&amp#27;[39m Proxying [GET /] to [GET http://127.0.0.1:8200/wd/hub/session/43d24746-025b-4693-ba65-63453b56ee80] with no body
[debug] &amp#27;[35m[WD Proxy]&amp#27;[39m Got response with status 200: {"sessionId":"43d24746-025b-4693-ba65-63453b56ee80","value":{"lastScrollData":null}}
[debug] &amp#27;[35m[W3C (ec7f467e)]&amp#27;[39m Responding to client with driver.getSession() result: {"platform":"LINUX","webStorageEnabled":false,"takesScreenshot":true,"javascriptEnabled":true,"databaseEnabled":false,"networkConnectionEnabled":true,"locationContextEnabled":false,"warnings":{},"desired":{"platformName":"android","app":"C:\\Users\\Anis\\eclipse-workspace\\Appium\\src\\ApiDemos-debug.apk","deviceName":"Redmi","newCommandTimeout":14},"platformName":"android","app":"C:\\Users\\Anis\\eclipse-workspace\\Appium\\src\\ApiDemos-debug.apk","deviceName":"55272e729804","newCommandTimeout":14,"deviceUDID":"55272e729804","appPackage":"io.appium.android.apis","deviceApiLevel":24,"platformVersion":"7.0","deviceScreenSize":"1080x1920","deviceScreenDensity":480,"deviceModel":"Redmi Note 4","deviceManufacturer":"Xiaomi","pixelRatio":3,"statBarHeight":72,"viewportRect":{"left":0,"top":72,"width":1080,"height":1848},"lastScrollData":null}
&amp#27;[35m[HTTP]&amp#27;[39m &amp#27;[37m<-- GET /wd/hub/session/ec7f467e-f2a7-423c-b1e3-126ec157c6d1 &amp#27;[39m&amp#27;[32m200&amp#27;[39m &amp#27;[90m10 ms - 858&amp#27;[39m
&amp#27;[35m[HTTP]&amp#27;[39m &amp#27;[90m&amp#27;[39m
&amp#27;[35m[HTTP]&amp#27;[39m &amp#27;[37m-->&amp#27;[39m &amp#27;[37mPOST&amp#27;[39m &amp#27;[37m/wd/hub/session/ec7f467e-f2a7-423c-b1e3-126ec157c6d1/element&amp#27;[39m
&amp#27;[35m[HTTP]&amp#27;[39m &amp#27;[90m{"using":"class name","value":"android.widget.EditText"}&amp#27;[39m
[debug] &amp#27;[35m[W3C (ec7f467e)]&amp#27;[39m Calling AppiumDriver.findElement() with args: ["class name","android.widget.EditText","ec7f467e-f2a7-423c-b1e3-126ec157c6d1"]
[debug] &amp#27;[35m[BaseDriver]&amp#27;[39m Valid locator strategies for this request: xpath, id, class name, accessibility id, css selector, -android uiautomator
[debug] &amp#27;[35m[BaseDriver]&amp#27;[39m Waiting up to 10000 ms for condition
[debug] &amp#27;[35m[WD Proxy]&amp#27;[39m Matched '/element' to command name 'findElement'
[debug] &amp#27;[35m[WD Proxy]&amp#27;[39m Proxying [POST /element] to [POST http://127.0.0.1:8200/wd/hub/session/43d24746-025b-4693-ba65-63453b56ee80/element] with body: {"strategy":"class name","selector":"android.widget.EditText","context":"","multiple":false}
[debug] &amp#27;[35m[WD Proxy]&amp#27;[39m Got response with status 200: {"sessionId":"43d24746-025b-4693-ba65-63453b56ee80","value":{"ELEMENT":"7f6ad406-c334-4ed9-99fa-4c9c6407f2a5","element-6066-11e4-a52e-4f735466cecf":"7f6ad406-c334-4ed9-99fa-4c9c6407f2a5"}}
[debug] &amp#27;[35m[W3C (ec7f467e)]&amp#27;[39m Responding to client with driver.findElement() result: {"element-6066-11e4-a52e-4f735466cecf":"7f6ad406-c334-4ed9-99fa-4c9c6407f2a5","ELEMENT":"7f6ad406-c334-4ed9-99fa-4c9c6407f2a5"}
&amp#27;[35m[HTTP]&amp#27;[39m &amp#27;[37m<-- POST /wd/hub/session/ec7f467e-f2a7-423c-b1e3-126ec157c6d1/element &amp#27;[39m&amp#27;[32m200&amp#27;[39m &amp#27;[90m28 ms - 137&amp#27;[39m
&amp#27;[35m[HTTP]&amp#27;[39m &amp#27;[90m&amp#27;[39m
&amp#27;[35m[HTTP]&amp#27;[39m &amp#27;[37m-->&amp#27;[39m &amp#27;[37mPOST&amp#27;[39m &amp#27;[37m/wd/hub/session/ec7f467e-f2a7-423c-b1e3-126ec157c6d1/element/7f6ad406-c334-4ed9-99fa-4c9c6407f2a5/value&amp#27;[39m
&amp#27;[35m[HTTP]&amp#27;[39m &amp#27;[90m{"id":"7f6ad406-c334-4ed9-99fa-4c9c6407f2a5","text":"hello","value":["h","e","l","l","o"]}&amp#27;[39m
[debug] &amp#27;[35m[W3C (ec7f467e)]&amp#27;[39m Calling AppiumDriver.setValue() with args: [["h","e","l","l","o"],"7f6ad406-c334-4ed9-99fa-4c9c6407f2a5","ec7f467e-f2a7-423c-b1e3-126ec157c6d1"]
[debug] &amp#27;[35m[WD Proxy]&amp#27;[39m Matched '/element/7f6ad406-c334-4ed9-99fa-4c9c6407f2a5/value' to command name 'setValue'
[debug] &amp#27;[35m[Protocol Converter]&amp#27;[39m Added 'value' property ["h","e","l","l","o"] to 'setValue' request body
[debug] &amp#27;[35m[WD Proxy]&amp#27;[39m Proxying [POST /element/7f6ad406-c334-4ed9-99fa-4c9c6407f2a5/value] to [POST http://127.0.0.1:8200/wd/hub/session/43d24746-025b-4693-ba65-63453b56ee80/element/7f6ad406-c334-4ed9-99fa-4c9c6407f2a5/value] with body: {"elementId":"7f6ad406-c334-4ed9-99fa-4c9c6407f2a5","text":"hello","replace":false,"value":["h","e","l","l","o"]}
[debug] &amp#27;[35m[WD Proxy]&amp#27;[39m Got response with status 200: {"sessionId":"43d24746-025b-4693-ba65-63453b56ee80","value":null}
[debug] &amp#27;[35m[W3C (ec7f467e)]&amp#27;[39m Responding to client with driver.setValue() result: null
&amp#27;[35m[HTTP]&amp#27;[39m &amp#27;[37m<-- POST /wd/hub/session/ec7f467e-f2a7-423c-b1e3-126ec157c6d1/element/7f6ad406-c334-4ed9-99fa-4c9c6407f2a5/value &amp#27;[39m&amp#27;[32m200&amp#27;[39m &amp#27;[90m79 ms - 14&amp#27;[39m
&amp#27;[35m[HTTP]&amp#27;[39m &amp#27;[90m&amp#27;[39m
&amp#27;[35m[HTTP]&amp#27;[39m &amp#27;[37m-->&amp#27;[39m &amp#27;[37mGET&amp#27;[39m &amp#27;[37m/wd/hub/session/ec7f467e-f2a7-423c-b1e3-126ec157c6d1&amp#27;[39m
&amp#27;[35m[HTTP]&amp#27;[39m &amp#27;[90m{}&amp#27;[39m
[debug] &amp#27;[35m[W3C (ec7f467e)]&amp#27;[39m Calling AppiumDriver.getSession() with args: ["ec7f467e-f2a7-423c-b1e3-126ec157c6d1"]
[debug] &amp#27;[35m[UiAutomator2]&amp#27;[39m Getting session details from server to mix in
[debug] &amp#27;[35m[WD Proxy]&amp#27;[39m Matched '/' to command name 'getSession'
[debug] &amp#27;[35m[WD Proxy]&amp#27;[39m Proxying [GET /] to [GET http://127.0.0.1:8200/wd/hub/session/43d24746-025b-4693-ba65-63453b56ee80] with no body
[debug] &amp#27;[35m[WD Proxy]&amp#27;[39m Got response with status 200: {"sessionId":"43d24746-025b-4693-ba65-63453b56ee80","value":{"lastScrollData":null}}
[debug] &amp#27;[35m[W3C (ec7f467e)]&amp#27;[39m Responding to client with driver.getSession() result: {"platform":"LINUX","webStorageEnabled":false,"takesScreenshot":true,"javascriptEnabled":true,"databaseEnabled":false,"networkConnectionEnabled":true,"locationContextEnabled":false,"warnings":{},"desired":{"platformName":"android","app":"C:\\Users\\Anis\\eclipse-workspace\\Appium\\src\\ApiDemos-debug.apk","deviceName":"Redmi","newCommandTimeout":14},"platformName":"android","app":"C:\\Users\\Anis\\eclipse-workspace\\Appium\\src\\ApiDemos-debug.apk","deviceName":"55272e729804","newCommandTimeout":14,"deviceUDID":"55272e729804","appPackage":"io.appium.android.apis","deviceApiLevel":24,"platformVersion":"7.0","deviceScreenSize":"1080x1920","deviceScreenDensity":480,"deviceModel":"Redmi Note 4","deviceManufacturer":"Xiaomi","pixelRatio":3,"statBarHeight":72,"viewportRect":{"left":0,"top":72,"width":1080,"height":1848},"lastScrollData":null}
&amp#27;[35m[HTTP]&amp#27;[39m &amp#27;[37m<-- GET /wd/hub/session/ec7f467e-f2a7-423c-b1e3-126ec157c6d1 &amp#27;[39m&amp#27;[32m200&amp#27;[39m &amp#27;[90m14 ms - 858&amp#27;[39m
&amp#27;[35m[HTTP]&amp#27;[39m &amp#27;[90m&amp#27;[39m
&amp#27;[35m[HTTP]&amp#27;[39m &amp#27;[37m-->&amp#27;[39m &amp#27;[37mPOST&amp#27;[39m &amp#27;[37m/wd/hub/session/ec7f467e-f2a7-423c-b1e3-126ec157c6d1/elements&amp#27;[39m
&amp#27;[35m[HTTP]&amp#27;[39m &amp#27;[90m{"using":"class name","value":"android.widget.Button"}&amp#27;[39m
[debug] &amp#27;[35m[W3C (ec7f467e)]&amp#27;[39m Calling AppiumDriver.findElements() with args: ["class name","android.widget.Button","ec7f467e-f2a7-423c-b1e3-126ec157c6d1"]
[debug] &amp#27;[35m[BaseDriver]&amp#27;[39m Valid locator strategies for this request: xpath, id, class name, accessibility id, css selector, -android uiautomator
[debug] &amp#27;[35m[BaseDriver]&amp#27;[39m Waiting up to 10000 ms for condition
[debug] &amp#27;[35m[WD Proxy]&amp#27;[39m Matched '/elements' to command name 'findElements'
[debug] &amp#27;[35m[WD Proxy]&amp#27;[39m Proxying [POST /elements] to [POST http://127.0.0.1:8200/wd/hub/session/43d24746-025b-4693-ba65-63453b56ee80/elements] with body: {"strategy":"class name","selector":"android.widget.Button","context":"","multiple":true}
[debug] &amp#27;[35m[WD Proxy]&amp#27;[39m Got response with status 200: {"sessionId":"43d24746-025b-4693-ba65-63453b56ee80","value":[{"ELEMENT":"5e530241-6af7-4a35-9ea5-ab40074b07c9","element-6066-11e4-a52e-4f735466cecf":"5e530241-6af7-4a35-9ea5-ab40074b07c9"},{"ELEMENT":"0629363d-c63a-4998-ac09-2cf45ec72c4b","element-6066-11e4-a52e-4f735466cecf":"0629363d-c63a-4998-ac09-2cf45ec72c4b"}]}
[debug] &amp#27;[35m[W3C (ec7f467e)]&amp#27;[39m Responding to client with driver.findElements() result: [{"element-6066-11e4-a52e-4f735466cecf":"5e530241-6af7-4a35-9ea5-ab40074b07c9","ELEMENT":"5e530241-6af7-4a35-9ea5-ab40074b07c9"},{"element-6066-11e4-a52e-4f735466cecf":"0629363d-c63a-4998-ac09-2cf45ec72c4b","ELEMENT":"0629363d-c63a-4998-ac09-2cf45ec72c4b"}]
&amp#27;[35m[HTTP]&amp#27;[39m &amp#27;[37m<-- POST /wd/hub/session/ec7f467e-f2a7-423c-b1e3-126ec157c6d1/elements &amp#27;[39m&amp#27;[32m200&amp#27;[39m &amp#27;[90m740 ms - 267&amp#27;[39m
&amp#27;[35m[HTTP]&amp#27;[39m &amp#27;[90m&amp#27;[39m
&amp#27;[35m[HTTP]&amp#27;[39m &amp#27;[37m-->&amp#27;[39m &amp#27;[37mPOST&amp#27;[39m &amp#27;[37m/wd/hub/session/ec7f467e-f2a7-423c-b1e3-126ec157c6d1/element/0629363d-c63a-4998-ac09-2cf45ec72c4b/click&amp#27;[39m
&amp#27;[35m[HTTP]&amp#27;[39m &amp#27;[90m{"id":"0629363d-c63a-4998-ac09-2cf45ec72c4b"}&amp#27;[39m
[debug] &amp#27;[35m[W3C (ec7f467e)]&amp#27;[39m Calling AppiumDriver.click() with args: ["0629363d-c63a-4998-ac09-2cf45ec72c4b","ec7f467e-f2a7-423c-b1e3-126ec157c6d1"]
[debug] &amp#27;[35m[WD Proxy]&amp#27;[39m Matched '/element/0629363d-c63a-4998-ac09-2cf45ec72c4b/click' to command name 'click'
[debug] &amp#27;[35m[WD Proxy]&amp#27;[39m Proxying [POST /element/0629363d-c63a-4998-ac09-2cf45ec72c4b/click] to [POST http://127.0.0.1:8200/wd/hub/session/43d24746-025b-4693-ba65-63453b56ee80/element/0629363d-c63a-4998-ac09-2cf45ec72c4b/click] with body: {"element":"0629363d-c63a-4998-ac09-2cf45ec72c4b"}
[debug] &amp#27;[35m[WD Proxy]&amp#27;[39m Got response with status 200: {"sessionId":"43d24746-025b-4693-ba65-63453b56ee80","value":null}
[debug] &amp#27;[35m[W3C (ec7f467e)]&amp#27;[39m Responding to client with driver.click() result: null
&amp#27;[35m[HTTP]&amp#27;[39m &amp#27;[37m<-- POST /wd/hub/session/ec7f467e-f2a7-423c-b1e3-126ec157c6d1/element/0629363d-c63a-4998-ac09-2cf45ec72c4b/click &amp#27;[39m&amp#27;[32m200&amp#27;[39m &amp#27;[90m450 ms - 14&amp#27;[39m
&amp#27;[35m[HTTP]&amp#27;[39m &amp#27;[90m&amp#27;[39m
]]></system-out>
    <system-err><![CDATA[Jun 07, 2021 6:39:19 PM io.appium.java_client.remote.AppiumCommandExecutor$1 lambda$0
INFO: Detected dialect: W3C
]]></system-err>
  </testcase>
  <testcase name="apiDemoTest[@#$%](2)" classname="ApiDemoTest" time="6.408">
    <system-out><![CDATA[&amp#27;[35m[Appium]&amp#27;[39m Welcome to Appium v1.21.0
&amp#27;[35m[Appium]&amp#27;[39m Appium REST http interface listener started on 0.0.0.0:4723
&amp#27;[35m[HTTP]&amp#27;[39m &amp#27;[37m-->&amp#27;[39m &amp#27;[37mGET&amp#27;[39m &amp#27;[37m/wd/hub/status&amp#27;[39m
&amp#27;[35m[HTTP]&amp#27;[39m &amp#27;[90m{}&amp#27;[39m
[debug] &amp#27;[35m[GENERIC]&amp#27;[39m Calling AppiumDriver.getStatus() with args: []
[debug] &amp#27;[35m[GENERIC]&amp#27;[39m Responding to client with driver.getStatus() result: {"build":{"version":"1.21.0"}}
&amp#27;[35m[HTTP]&amp#27;[39m &amp#27;[37m<-- GET /wd/hub/status &amp#27;[39m&amp#27;[32m200&amp#27;[39m &amp#27;[90m4 ms - 68&amp#27;[39m
&amp#27;[35m[HTTP]&amp#27;[39m &amp#27;[90m&amp#27;[39m
&amp#27;[35m[HTTP]&amp#27;[39m &amp#27;[37m-->&amp#27;[39m &amp#27;[37mPOST&amp#27;[39m &amp#27;[37m/wd/hub/session&amp#27;[39m
&amp#27;[35m[HTTP]&amp#27;[39m &amp#27;[90m{"desiredCapabilities":{"app":"C:\\Users\\Anis\\eclipse-workspace\\Appium\\src\\ApiDemos-debug.apk","platformName":"Android","deviceName":"Redmi","newCommandTimeout":14},"capabilities":{"firstMatch":[{"appium:app":"C:\\Users\\Anis\\eclipse-workspace\\Appium\\src\\ApiDemos-debug.apk","appium:deviceName":"Redmi","appium:newCommandTimeout":14,"platformName":"android"}]}}&amp#27;[39m
[debug] &amp#27;[35m[W3C]&amp#27;[39m Calling AppiumDriver.createSession() with args: [{"app":"C:\\Users\\Anis\\eclipse-workspace\\Appium\\src\\ApiDemos-debug.apk","platformName":"Android","deviceName":"Redmi","newCommandTimeout":14},null,{"firstMatch":[{"appium:app":"C:\\Users\\Anis\\eclipse-workspace\\Appium\\src\\ApiDemos-debug.apk","appium:deviceName":"Redmi","appium:newCommandTimeout":14,"platformName":"android"}]}]
[debug] &amp#27;[35m[BaseDriver]&amp#27;[39m Event 'newSessionRequested' logged at 1623071370692 (18:39:30 GMT+0530 (India Standard Time))
&amp#27;[35m[Appium]&amp#27;[39m 
&amp#27;[35m[Appium]&amp#27;[39m ======================================================================
&amp#27;[35m[Appium]&amp#27;[39m   DEPRECATION WARNING:
&amp#27;[35m[Appium]&amp#27;[39m 
&amp#27;[35m[Appium]&amp#27;[39m   The 'automationName' capability was not provided in the desired 
&amp#27;[35m[Appium]&amp#27;[39m   capabilities for this Android session
&amp#27;[35m[Appium]&amp#27;[39m 
&amp#27;[35m[Appium]&amp#27;[39m   Setting 'automationName=UiAutomator2' by default and using the 
&amp#27;[35m[Appium]&amp#27;[39m   UiAutomator2 Driver
&amp#27;[35m[Appium]&amp#27;[39m 
&amp#27;[35m[Appium]&amp#27;[39m   The next major version of Appium (2.x) will **require** the 
&amp#27;[35m[Appium]&amp#27;[39m   'automationName' capability to be set for all sessions on all 
&amp#27;[35m[Appium]&amp#27;[39m   platforms
&amp#27;[35m[Appium]&amp#27;[39m 
&amp#27;[35m[Appium]&amp#27;[39m   In previous versions (Appium <= 1.13.x), the default was 
&amp#27;[35m[Appium]&amp#27;[39m   'automationName=UiAutomator1'
&amp#27;[35m[Appium]&amp#27;[39m 
&amp#27;[35m[Appium]&amp#27;[39m   If you wish to use that automation instead of UiAutomator2, please 
&amp#27;[35m[Appium]&amp#27;[39m   add 'automationName=UiAutomator1' to your desired capabilities
&amp#27;[35m[Appium]&amp#27;[39m 
&amp#27;[35m[Appium]&amp#27;[39m   For more information about drivers, please visit 
&amp#27;[35m[Appium]&amp#27;[39m   http://appium.io/docs/en/about-appium/intro/ and explore the 
&amp#27;[35m[Appium]&amp#27;[39m   'Drivers' menu
&amp#27;[35m[Appium]&amp#27;[39m 
&amp#27;[35m[Appium]&amp#27;[39m ======================================================================
&amp#27;[35m[Appium]&amp#27;[39m 
&amp#27;[35m[Appium]&amp#27;[39m Appium v1.21.0 creating new AndroidUiautomator2Driver (v1.65.0) session
[debug] &amp#27;[35m[BaseDriver]&amp#27;[39m W3C capabilities and MJSONWP desired capabilities were provided
[debug] &amp#27;[35m[BaseDriver]&amp#27;[39m Creating session with W3C capabilities: {
[debug] &amp#27;[35m[BaseDriver]&amp#27;[39m   "alwaysMatch": {
[debug] &amp#27;[35m[BaseDriver]&amp#27;[39m     "platformName": "android",
[debug] &amp#27;[35m[BaseDriver]&amp#27;[39m     "appium:app": "C:\\Users\\Anis\\eclipse-workspace\\Appium\\src\\ApiDemos-debug.apk",
[debug] &amp#27;[35m[BaseDriver]&amp#27;[39m     "appium:deviceName": "Redmi",
[debug] &amp#27;[35m[BaseDriver]&amp#27;[39m     "appium:newCommandTimeout": 14
[debug] &amp#27;[35m[BaseDriver]&amp#27;[39m   },
[debug] &amp#27;[35m[BaseDriver]&amp#27;[39m   "firstMatch": [
[debug] &amp#27;[35m[BaseDriver]&amp#27;[39m     {}
[debug] &amp#27;[35m[BaseDriver]&amp#27;[39m   ]
[debug] &amp#27;[35m[BaseDriver]&amp#27;[39m }
&amp#27;[35m[BaseDriver]&amp#27;[39m Session created with session id: f650acb5-3a2d-4dbf-944e-815fac6c430a
&amp#27;[35m[BaseDriver]&amp#27;[39m Using local app 'C:\Users\Anis\eclipse-workspace\Appium\src\ApiDemos-debug.apk'
[debug] &amp#27;[35m[UiAutomator2]&amp#27;[39m Checking whether app is actually present
&amp#27;[35m[ADB]&amp#27;[39m Found 2 'build-tools' folders under 'C:\Users\Anis\AppData\Local\Android\Sdk' (newest first):
&amp#27;[35m[ADB]&amp#27;[39m     C:/Users/Anis/AppData/Local/Android/Sdk/build-tools/31.0.0-rc4
&amp#27;[35m[ADB]&amp#27;[39m     C:/Users/Anis/AppData/Local/Android/Sdk/build-tools/30.0.3
&amp#27;[35m[ADB]&amp#27;[39m Using 'adb.exe' from 'C:\Users\Anis\AppData\Local\Android\Sdk\platform-tools\adb.exe'
[debug] &amp#27;[35m[ADB]&amp#27;[39m Running 'C:\Users\Anis\AppData\Local\Android\Sdk\platform-tools\adb.exe -P 5037 start-server'
&amp#27;[35m[AndroidDriver]&amp#27;[39m Retrieving device list
[debug] &amp#27;[35m[ADB]&amp#27;[39m Trying to find a connected android device
[debug] &amp#27;[35m[ADB]&amp#27;[39m Getting connected devices
[debug] &amp#27;[35m[ADB]&amp#27;[39m Connected devices: [{"udid":"55272e729804","state":"device"}]
&amp#27;[35m[AndroidDriver]&amp#27;[39m Using device: 55272e729804
&amp#27;[35m[ADB]&amp#27;[39m Using 'adb.exe' from 'C:\Users\Anis\AppData\Local\Android\Sdk\platform-tools\adb.exe'
[debug] &amp#27;[35m[ADB]&amp#27;[39m Running 'C:\Users\Anis\AppData\Local\Android\Sdk\platform-tools\adb.exe -P 5037 start-server'
[debug] &amp#27;[35m[ADB]&amp#27;[39m Setting device id to 55272e729804
[debug] &amp#27;[35m[ADB]&amp#27;[39m Running 'C:\Users\Anis\AppData\Local\Android\Sdk\platform-tools\adb.exe -P 5037 -s 55272e729804 shell getprop ro.build.version.sdk'
[debug] &amp#27;[35m[ADB]&amp#27;[39m Current device property 'ro.build.version.sdk': 24
[debug] &amp#27;[35m[ADB]&amp#27;[39m Device API level: 24
[debug] &amp#27;[35m[AndroidDriver]&amp#27;[39m Parsing package and activity from app manifest
&amp#27;[35m[ADB]&amp#27;[39m Package name: 'io.appium.android.apis'
&amp#27;[35m[ADB]&amp#27;[39m Main activity name: 'ApiDemos'
[debug] &amp#27;[35m[AndroidDriver]&amp#27;[39m Parsed package and activity are: io.appium.android.apis/ApiDemos
[debug] &amp#27;[35m[ADB]&amp#27;[39m Running 'C:\Users\Anis\AppData\Local\Android\Sdk\platform-tools\adb.exe -P 5037 -s 55272e729804 wait-for-device'
[debug] &amp#27;[35m[ADB]&amp#27;[39m Running 'C:\Users\Anis\AppData\Local\Android\Sdk\platform-tools\adb.exe -P 5037 -s 55272e729804 shell echo ping'
[debug] &amp#27;[35m[AndroidDriver]&amp#27;[39m Pushing settings apk to device...
[debug] &amp#27;[35m[ADB]&amp#27;[39m Getting install status for io.appium.settings
[debug] &amp#27;[35m[ADB]&amp#27;[39m Running 'C:\Users\Anis\AppData\Local\Android\Sdk\platform-tools\adb.exe -P 5037 -s 55272e729804 shell dumpsys package io.appium.settings'
[debug] &amp#27;[35m[ADB]&amp#27;[39m 'io.appium.settings' is installed
[debug] &amp#27;[35m[ADB]&amp#27;[39m Getting package info for 'io.appium.settings'
[debug] &amp#27;[35m[ADB]&amp#27;[39m Running 'C:\Users\Anis\AppData\Local\Android\Sdk\platform-tools\adb.exe -P 5037 -s 55272e729804 shell dumpsys package io.appium.settings'
[debug] &amp#27;[35m[ADB]&amp#27;[39m The version name of the installed 'io.appium.settings' is greater or equal to the application version name ('3.3.0' >= '3.3.0')
[debug] &amp#27;[35m[ADB]&amp#27;[39m There is no need to install/upgrade 'C:\Users\Anis\AppData\Roaming\npm\node_modules\appium\node_modules\io.appium.settings\apks\settings_apk-debug.apk'
[debug] &amp#27;[35m[ADB]&amp#27;[39m Getting IDs of all 'io.appium.settings' processes
[debug] &amp#27;[35m[ADB]&amp#27;[39m Running 'C:\Users\Anis\AppData\Local\Android\Sdk\platform-tools\adb.exe -P 5037 -s 55272e729804 shell 'pgrep --help; echo $?''
[debug] &amp#27;[35m[ADB]&amp#27;[39m Running 'C:\Users\Anis\AppData\Local\Android\Sdk\platform-tools\adb.exe -P 5037 -s 55272e729804 shell 'pgrep ^appium\\.settings$ || pgrep ^io\\.appium\\.setti$''
[debug] &amp#27;[35m[ADB]&amp#27;[39m Getting IDs of all 'io.appium.settings' processes
[debug] &amp#27;[35m[ADB]&amp#27;[39m Running 'C:\Users\Anis\AppData\Local\Android\Sdk\platform-tools\adb.exe -P 5037 -s 55272e729804 shell 'pgrep ^appium\\.settings$ || pgrep ^io\\.appium\\.setti$''
[debug] &amp#27;[35m[ADB]&amp#27;[39m Starting Appium Settings app
[debug] &amp#27;[35m[ADB]&amp#27;[39m Running 'C:\Users\Anis\AppData\Local\Android\Sdk\platform-tools\adb.exe -P 5037 -s 55272e729804 shell am start -n io.appium.settings/.Settings -a android.intent.action.MAIN -c android.intent.category.LAUNCHER'
[debug] &amp#27;[35m[ADB]&amp#27;[39m Getting IDs of all 'io.appium.settings' processes
[debug] &amp#27;[35m[ADB]&amp#27;[39m Running 'C:\Users\Anis\AppData\Local\Android\Sdk\platform-tools\adb.exe -P 5037 -s 55272e729804 shell 'pgrep ^appium\\.settings$ || pgrep ^io\\.appium\\.setti$''
[debug] &amp#27;[35m[ADB]&amp#27;[39m Running 'C:\Users\Anis\AppData\Local\Android\Sdk\platform-tools\adb.exe -P 5037 -s 55272e729804 shell appops set io.appium.settings android:mock_location allow'
[debug] &amp#27;[35m[Logcat]&amp#27;[39m Starting logs capture with command: C:\\Users\\Anis\\AppData\\Local\\Android\\Sdk\\platform-tools\\adb.exe -P 5037 -s 55272e729804 logcat -v threadtime
[debug] &amp#27;[35m[UiAutomator2]&amp#27;[39m Forwarding UiAutomator2 Server port 6790 to local port 8201
[debug] &amp#27;[35m[ADB]&amp#27;[39m Forwarding system: 8201 to device: 6790
[debug] &amp#27;[35m[ADB]&amp#27;[39m Running 'C:\Users\Anis\AppData\Local\Android\Sdk\platform-tools\adb.exe -P 5037 -s 55272e729804 forward tcp:8201 tcp:6790'
[debug] &amp#27;[35m[ADB]&amp#27;[39m Getting install status for io.appium.uiautomator2.server
[debug] &amp#27;[35m[ADB]&amp#27;[39m Running 'C:\Users\Anis\AppData\Local\Android\Sdk\platform-tools\adb.exe -P 5037 -s 55272e729804 shell dumpsys package io.appium.uiautomator2.server'
[debug] &amp#27;[35m[ADB]&amp#27;[39m 'io.appium.uiautomator2.server' is installed
[debug] &amp#27;[35m[ADB]&amp#27;[39m Getting package info for 'io.appium.uiautomator2.server'
[debug] &amp#27;[35m[ADB]&amp#27;[39m Running 'C:\Users\Anis\AppData\Local\Android\Sdk\platform-tools\adb.exe -P 5037 -s 55272e729804 shell dumpsys package io.appium.uiautomator2.server'
[debug] &amp#27;[35m[ADB]&amp#27;[39m The version name of the installed 'io.appium.uiautomator2.server' is greater or equal to the application version name ('4.21.1' >= '4.21.1')
[debug] &amp#27;[35m[UiAutomator2]&amp#27;[39m io.appium.uiautomator2.server installation state: sameVersionInstalled
[debug] &amp#27;[35m[ADB]&amp#27;[39m Checking app cert for C:\Users\Anis\AppData\Roaming\npm\node_modules\appium\node_modules\appium-uiautomator2-server\apks\appium-uiautomator2-server-v4.21.1.apk
&amp#27;[35m[ADB]&amp#27;[39m Using 'apksigner.jar' from 'C:\Users\Anis\AppData\Local\Android\Sdk\build-tools\31.0.0-rc4\lib\apksigner.jar'
[debug] &amp#27;[35m[ADB]&amp#27;[39m Starting apksigner: 'C:\\Program Files\\Java\\jdk-11.0.11\\bin\\java.exe' -Xmx1024M -Xss1m -jar C:\\Users\\Anis\\AppData\\Local\\Android\\Sdk\\build-tools\\31.0.0-rc4\\lib\\apksigner.jar verify --print-certs C:\\Users\\Anis\\AppData\\Roaming\\npm\\node_modules\\appium\\node_modules\\appium-uiautomator2-server\\apks\\appium-uiautomator2-server-v4.21.1.apk
[debug] &amp#27;[35m[ADB]&amp#27;[39m apksigner stdout: Signer #1 certificate DN: EMAILADDRESS=android@android.com, CN=Android, OU=Android, O=Android, L=Mountain View, ST=California, C=US
[debug] &amp#27;[35m[ADB]&amp#27;[39m Signer #1 certificate SHA-256 digest: a40da80a59d170caa950cf15c18c454d47a39b26989d8b640ecd745ba71bf5dc
[debug] &amp#27;[35m[ADB]&amp#27;[39m Signer #1 certificate SHA-1 digest: 61ed377e85d386a8dfee6b864bd85b0bfaa5af81
[debug] &amp#27;[35m[ADB]&amp#27;[39m Signer #1 certificate MD5 digest: e89b158e4bcf988ebd09eb83f5378e87
[debug] &amp#27;[35m[ADB]&amp#27;[39m 
[debug] &amp#27;[35m[ADB]&amp#27;[39m sha256 hash did match for 'appium-uiautomator2-server-v4.21.1.apk'
&amp#27;[35m[ADB]&amp#27;[39m 'C:\Users\Anis\AppData\Roaming\npm\node_modules\appium\node_modules\appium-uiautomator2-server\apks\appium-uiautomator2-server-v4.21.1.apk' is signed with the default certificate
[debug] &amp#27;[35m[ADB]&amp#27;[39m Getting install status for io.appium.uiautomator2.server.test
[debug] &amp#27;[35m[ADB]&amp#27;[39m Running 'C:\Users\Anis\AppData\Local\Android\Sdk\platform-tools\adb.exe -P 5037 -s 55272e729804 shell dumpsys package io.appium.uiautomator2.server.test'
[debug] &amp#27;[35m[ADB]&amp#27;[39m 'io.appium.uiautomator2.server.test' is installed
[debug] &amp#27;[35m[ADB]&amp#27;[39m Checking app cert for C:\Users\Anis\AppData\Roaming\npm\node_modules\appium\node_modules\appium-uiautomator2-server\apks\appium-uiautomator2-server-debug-androidTest.apk
[debug] &amp#27;[35m[ADB]&amp#27;[39m Starting apksigner: 'C:\\Program Files\\Java\\jdk-11.0.11\\bin\\java.exe' -Xmx1024M -Xss1m -jar C:\\Users\\Anis\\AppData\\Local\\Android\\Sdk\\build-tools\\31.0.0-rc4\\lib\\apksigner.jar verify --print-certs C:\\Users\\Anis\\AppData\\Roaming\\npm\\node_modules\\appium\\node_modules\\appium-uiautomator2-server\\apks\\appium-uiautomator2-server-debug-androidTest.apk
[debug] &amp#27;[35m[ADB]&amp#27;[39m apksigner stdout: Signer #1 certificate DN: EMAILADDRESS=android@android.com, CN=Android, OU=Android, O=Android, L=Mountain View, ST=California, C=US
[debug] &amp#27;[35m[ADB]&amp#27;[39m Signer #1 certificate SHA-256 digest: a40da80a59d170caa950cf15c18c454d47a39b26989d8b640ecd745ba71bf5dc
[debug] &amp#27;[35m[ADB]&amp#27;[39m Signer #1 certificate SHA-1 digest: 61ed377e85d386a8dfee6b864bd85b0bfaa5af81
[debug] &amp#27;[35m[ADB]&amp#27;[39m Signer #1 certificate MD5 digest: e89b158e4bcf988ebd09eb83f5378e87
[debug] &amp#27;[35m[ADB]&amp#27;[39m 
[debug] &amp#27;[35m[ADB]&amp#27;[39m sha256 hash did match for 'appium-uiautomator2-server-debug-androidTest.apk'
&amp#27;[35m[ADB]&amp#27;[39m 'C:\Users\Anis\AppData\Roaming\npm\node_modules\appium\node_modules\appium-uiautomator2-server\apks\appium-uiautomator2-server-debug-androidTest.apk' is signed with the default certificate
&amp#27;[35m[UiAutomator2]&amp#27;[39m Server packages are not going to be (re)installed
[debug] &amp#27;[35m[UiAutomator2]&amp#27;[39m Waiting up to 30000ms for services to be available
[debug] &amp#27;[35m[ADB]&amp#27;[39m Running 'C:\Users\Anis\AppData\Local\Android\Sdk\platform-tools\adb.exe -P 5037 -s 55272e729804 shell pm list instrumentation'
[debug] &amp#27;[35m[UiAutomator2]&amp#27;[39m Instrumentation target 'io.appium.uiautomator2.server.test/androidx.test.runner.AndroidJUnitRunner' is available
&amp#27;[35m[ADB]&amp#27;[39m Adding packages ["io.appium.settings","io.appium.uiautomator2.server","io.appium.uiautomator2.server.test"] to Doze whitelist
[debug] &amp#27;[35m[ADB]&amp#27;[39m Got the following command chunks to execute: [["dumpsys","deviceidle","whitelist","+io.appium.settings",";","dumpsys","deviceidle","whitelist","+io.appium.uiautomator2.server",";","dumpsys","deviceidle","whitelist","+io.appium.uiautomator2.server.test",";"]]
[debug] &amp#27;[35m[ADB]&amp#27;[39m Running 'C:\Users\Anis\AppData\Local\Android\Sdk\platform-tools\adb.exe -P 5037 -s 55272e729804 shell dumpsys deviceidle whitelist +io.appium.settings ; dumpsys deviceidle whitelist +io.appium.uiautomator2.server ; dumpsys deviceidle whitelist +io.appium.uiautomator2.server.test ;'
[debug] &amp#27;[35m[ADB]&amp#27;[39m Checking app cert for C:\Users\Anis\eclipse-workspace\Appium\src\ApiDemos-debug.apk
[debug] &amp#27;[35m[ADB]&amp#27;[39m Starting apksigner: 'C:\\Program Files\\Java\\jdk-11.0.11\\bin\\java.exe' -Xmx1024M -Xss1m -jar C:\\Users\\Anis\\AppData\\Local\\Android\\Sdk\\build-tools\\31.0.0-rc4\\lib\\apksigner.jar verify --print-certs C:\\Users\\Anis\\eclipse-workspace\\Appium\\src\\ApiDemos-debug.apk
[debug] &amp#27;[35m[ADB]&amp#27;[39m apksigner stdout: Signer #1 certificate DN: EMAILADDRESS=android@android.com, CN=Android, OU=Android, O=Android, L=Mountain View, ST=California, C=US
[debug] &amp#27;[35m[ADB]&amp#27;[39m Signer #1 certificate SHA-256 digest: a40da80a59d170caa950cf15c18c454d47a39b26989d8b640ecd745ba71bf5dc
[debug] &amp#27;[35m[ADB]&amp#27;[39m Signer #1 certificate SHA-1 digest: 61ed377e85d386a8dfee6b864bd85b0bfaa5af81
[debug] &amp#27;[35m[ADB]&amp#27;[39m Signer #1 certificate MD5 digest: e89b158e4bcf988ebd09eb83f5378e87
[debug] &amp#27;[35m[ADB]&amp#27;[39m 
[debug] &amp#27;[35m[ADB]&amp#27;[39m sha256 hash did match for 'ApiDemos-debug.apk'
&amp#27;[35m[ADB]&amp#27;[39m 'C:\Users\Anis\eclipse-workspace\Appium\src\ApiDemos-debug.apk' is signed with the default certificate
[debug] &amp#27;[35m[ADB]&amp#27;[39m Getting install status for io.appium.android.apis
[debug] &amp#27;[35m[ADB]&amp#27;[39m Running 'C:\Users\Anis\AppData\Local\Android\Sdk\platform-tools\adb.exe -P 5037 -s 55272e729804 shell dumpsys package io.appium.android.apis'
[debug] &amp#27;[35m[ADB]&amp#27;[39m 'io.appium.android.apis' is installed
[debug] &amp#27;[35m[ADB]&amp#27;[39m Getting package info for 'io.appium.android.apis'
[debug] &amp#27;[35m[ADB]&amp#27;[39m Running 'C:\Users\Anis\AppData\Local\Android\Sdk\platform-tools\adb.exe -P 5037 -s 55272e729804 shell dumpsys package io.appium.android.apis'
&amp#27;[35m[ADB]&amp#27;[39m Cannot read version codes of 'C:\Users\Anis\eclipse-workspace\Appium\src\ApiDemos-debug.apk' and/or 'io.appium.android.apis'
&amp#27;[35m[ADB]&amp#27;[39m Cannot read version names of 'C:\Users\Anis\eclipse-workspace\Appium\src\ApiDemos-debug.apk' and/or 'io.appium.android.apis'
[debug] &amp#27;[35m[ADB]&amp#27;[39m The current install state of 'C:\Users\Anis\eclipse-workspace\Appium\src\ApiDemos-debug.apk' is unknown. Installing anyway
[debug] &amp#27;[35m[ADB]&amp#27;[39m Running 'C:\Users\Anis\AppData\Local\Android\Sdk\platform-tools\adb.exe -P 5037 -s 55272e729804 help'
[debug] &amp#27;[35m[ADB]&amp#27;[39m Running 'C:\Users\Anis\AppData\Local\Android\Sdk\platform-tools\adb.exe -P 5037 -s 55272e729804 features'
&amp#27;[35m[ADB]&amp#27;[39m The application at 'C:\Users\Anis\eclipse-workspace\Appium\src\ApiDemos-debug.apk' will not be cached, because the device under test has confirmed the support of streamed installs
[debug] &amp#27;[35m[ADB]&amp#27;[39m Running 'C:\Users\Anis\AppData\Local\Android\Sdk\platform-tools\adb.exe -P 5037 -s 55272e729804 install -r C:\Users\Anis\eclipse-workspace\Appium\src\ApiDemos-debug.apk'
&amp#27;[35m[ADB]&amp#27;[39m The installation of 'ApiDemos-debug.apk' took 6488ms
[debug] &amp#27;[35m[ADB]&amp#27;[39m Install command stdout: Performing Streamed Install
[debug] &amp#27;[35m[ADB]&amp#27;[39m Success
&amp#27;[35m[AndroidDriver]&amp#27;[39m Performing fast reset on 'io.appium.android.apis'
[debug] &amp#27;[35m[ADB]&amp#27;[39m Getting install status for io.appium.android.apis
[debug] &amp#27;[35m[ADB]&amp#27;[39m Running 'C:\Users\Anis\AppData\Local\Android\Sdk\platform-tools\adb.exe -P 5037 -s 55272e729804 shell dumpsys package io.appium.android.apis'
[debug] &amp#27;[35m[ADB]&amp#27;[39m 'io.appium.android.apis' is installed
[debug] &amp#27;[35m[ADB]&amp#27;[39m Running 'C:\Users\Anis\AppData\Local\Android\Sdk\platform-tools\adb.exe -P 5037 -s 55272e729804 shell am force-stop io.appium.android.apis'
[debug] &amp#27;[35m[ADB]&amp#27;[39m Running 'C:\Users\Anis\AppData\Local\Android\Sdk\platform-tools\adb.exe -P 5037 -s 55272e729804 shell pm clear io.appium.android.apis'
[debug] &amp#27;[35m[AndroidDriver]&amp#27;[39m Performed fast reset on the installed 'io.appium.android.apis' application (stop and clear)
[debug] &amp#27;[35m[UiAutomator2]&amp#27;[39m Performing shallow cleanup of automation leftovers
[debug] &amp#27;[35m[UiAutomator2]&amp#27;[39m The following obsolete sessions are still running: [null]
[debug] &amp#27;[35m[UiAutomator2]&amp#27;[39m Cleaning up the obsolete sessions
[debug] &amp#27;[35m[ADB]&amp#27;[39m Running 'C:\Users\Anis\AppData\Local\Android\Sdk\platform-tools\adb.exe -P 5037 -s 55272e729804 shell am force-stop io.appium.uiautomator2.server.test'
&amp#27;[35m[UiAutomator2]&amp#27;[39m Starting UIAutomator2 server 4.21.1
&amp#27;[35m[UiAutomator2]&amp#27;[39m Using UIAutomator2 server from 'C:\Users\Anis\AppData\Roaming\npm\node_modules\appium\node_modules\appium-uiautomator2-server\apks\appium-uiautomator2-server-v4.21.1.apk' and test from 'C:\Users\Anis\AppData\Roaming\npm\node_modules\appium\node_modules\appium-uiautomator2-server\apks\appium-uiautomator2-server-debug-androidTest.apk'
&amp#27;[35m[UiAutomator2]&amp#27;[39m Waiting up to 30000ms for UiAutomator2 to be online...
[debug] &amp#27;[35m[ADB]&amp#27;[39m Creating ADB subprocess with args: ["-P",5037,"-s","55272e729804","shell","am","instrument","-w","-e","disableAnalytics",true,"io.appium.uiautomator2.server.test/androidx.test.runner.AndroidJUnitRunner"]
[debug] &amp#27;[35m[WD Proxy]&amp#27;[39m Matched '/status' to command name 'getStatus'
[debug] &amp#27;[35m[WD Proxy]&amp#27;[39m Proxying [GET /status] to [GET http://127.0.0.1:8201/wd/hub/status] with no body
&amp#27;[35m[WD Proxy]&amp#27;[39m socket hang up
[debug] &amp#27;[35m[WD Proxy]&amp#27;[39m Matched '/status' to command name 'getStatus'
[debug] &amp#27;[35m[WD Proxy]&amp#27;[39m Proxying [GET /status] to [GET http://127.0.0.1:8201/wd/hub/status] with no body
&amp#27;[35m[WD Proxy]&amp#27;[39m socket hang up
[debug] &amp#27;[35m[Instrumentation]&amp#27;[39m io.appium.uiautomator2.server.test.AppiumUiAutomator2Server:
[debug] &amp#27;[35m[WD Proxy]&amp#27;[39m Matched '/status' to command name 'getStatus'
[debug] &amp#27;[35m[WD Proxy]&amp#27;[39m Proxying [GET /status] to [GET http://127.0.0.1:8201/wd/hub/status] with no body
&amp#27;[35m[WD Proxy]&amp#27;[39m socket hang up
[debug] &amp#27;[35m[WD Proxy]&amp#27;[39m Matched '/status' to command name 'getStatus'
[debug] &amp#27;[35m[WD Proxy]&amp#27;[39m Proxying [GET /status] to [GET http://127.0.0.1:8201/wd/hub/status] with no body
[debug] &amp#27;[35m[WD Proxy]&amp#27;[39m Got response with status 200: {"sessionId":"None","value":{"message":"UiAutomator2 Server is ready to accept commands","ready":true}}
[debug] &amp#27;[35m[UiAutomator2]&amp#27;[39m The initialization of the instrumentation process took 3145ms
[debug] &amp#27;[35m[WD Proxy]&amp#27;[39m Matched '/session' to command name 'createSession'
[debug] &amp#27;[35m[WD Proxy]&amp#27;[39m Proxying [POST /session] to [POST http://127.0.0.1:8201/wd/hub/session] with body: {"capabilities":{"firstMatch":[{"platform":"LINUX","webStorageEnabled":false,"takesScreenshot":true,"javascriptEnabled":true,"databaseEnabled":false,"networkConnectionEnabled":true,"locationContextEnabled":false,"warnings":{},"desired":{"platformName":"android","app":"C:\\Users\\Anis\\eclipse-workspace\\Appium\\src\\ApiDemos-debug.apk","deviceName":"Redmi","newCommandTimeout":14},"platformName":"android","app":"C:\\Users\\Anis\\eclipse-workspace\\Appium\\src\\ApiDemos-debug.apk","deviceName":"55272e729804","newCommandTimeout":14,"deviceUDID":"55272e729804","appPackage":"io.appium.android.apis"}],"alwaysMatch":{}}}
[debug] &amp#27;[35m[WD Proxy]&amp#27;[39m Got response with status 200: {"sessionId":"1d2663b0-61b3-49c6-bfa3-41f89d0a44da","value":{"capabilities":{"firstMatch":[{"platform":"LINUX","webStorageEnabled":false,"takesScreenshot":true,"javascriptEnabled":true,"databaseEnabled":false,"networkConnectionEnabled":true,"locationContextEnabled":false,"warnings":{},"desired":{"platformName":"android","app":"C:\\Users\\Anis\\eclipse-workspace\\Appium\\src\\ApiDemos-debug.apk","deviceName":"Redmi","newCommandTimeout":14},"platformName":"android","app":"C:\\Users\\Anis\\eclipse-workspace\\Appium\\src\\ApiDemos-debug.apk","deviceName":"55272e729804","newCommandTimeout":14,"deviceUDID":"55272e729804","appPackage":"io.appium.android.apis"}],"alwaysMatch":{}},"sessionId":"1d2663b0-61b3-49c6-bfa3-41f89d0a44da"}}
&amp#27;[35m[WD Proxy]&amp#27;[39m Determined the downstream protocol as 'W3C'
[debug] &amp#27;[35m[WD Proxy]&amp#27;[39m Proxying [GET /appium/device/info] to [GET http://127.0.0.1:8201/wd/hub/session/1d2663b0-61b3-49c6-bfa3-41f89d0a44da/appium/device/info] with no body
[debug] &amp#27;[35m[WD Proxy]&amp#27;[39m Got response with status 200: {"sessionId":"1d2663b0-61b3-49c6-bfa3-41f89d0a44da","value":{"androidId":"62e279822e2e3c5b","apiVersion":"24","bluetooth":{"state":"OFF"},"brand":"xiaomi","carrierName":"airtel","displayDensity":480,"locale":"en_GB","manufacturer":"Xiaomi","model":"Redmi Note 4","networks":[{"capabilities":{"SSID":null,"linkDownBandwidthKbps":102400,"linkUpstreamBandwidthKbps":51200,"networkCapabilities":"NET_CAPABILITY_NOT_METERED,NET_CAPABILITY_NOT_RESTRICTED,NET_CAPABILITY_IMS,NET_CAPABILITY_NOT_VPN,NET_CAPABILITY_TRUSTED,NET_CAPABILITY_VALIDATED","signalStrength":-2147483648,"transportTypes":"TRANSPORT_CELLULAR"},"detailedState":"CONNECTED","extraInfo":"ims","isAvailable":true,"isConnected":true,"isFailover":false,"isRoaming":false,"state":"CONNECTED","subtype":13,"subtypeName":"LTE","type":0,"typeName":"MOBILE"},{"capabilities":{"SSID":null,"linkDownBandwidthKbps":102400,"linkUpstreamBandwidthKbps":51200,"networkCapabilities":"NET_CAPABILITY_NOT_RESTRICTED,NET_CAPABILITY_SUPL,NET_CAPABILITY_NOT_VPN,NET_CAPABILITY_INTE...
[debug] &amp#27;[35m[ADB]&amp#27;[39m Running 'C:\Users\Anis\AppData\Local\Android\Sdk\platform-tools\adb.exe -P 5037 -s 55272e729804 shell dumpsys window'
&amp#27;[35m[AndroidDriver]&amp#27;[39m Screen already unlocked, doing nothing
&amp#27;[35m[UiAutomator2]&amp#27;[39m Starting 'io.appium.android.apis/ApiDemos and waiting for 'io.appium.android.apis/ApiDemos'
[debug] &amp#27;[35m[ADB]&amp#27;[39m Running 'C:\Users\Anis\AppData\Local\Android\Sdk\platform-tools\adb.exe -P 5037 -s 55272e729804 shell am start -W -n io.appium.android.apis/ApiDemos -S -a android.intent.action.MAIN -c android.intent.category.LAUNCHER -f 0x10200000'
[debug] &amp#27;[35m[ADB]&amp#27;[39m We tried to start an activity that doesn't exist, retrying with '.ApiDemos' activity name
[debug] &amp#27;[35m[ADB]&amp#27;[39m Running 'C:\Users\Anis\AppData\Local\Android\Sdk\platform-tools\adb.exe -P 5037 -s 55272e729804 shell am start -W -n io.appium.android.apis/.ApiDemos -S -a android.intent.action.MAIN -c android.intent.category.LAUNCHER -f 0x10200000'
[debug] &amp#27;[35m[ADB]&amp#27;[39m Waiting up to 20000ms for activity matching pkg: 'io.appium.android.apis' and activity: 'ApiDemos' to be focused
[debug] &amp#27;[35m[ADB]&amp#27;[39m Possible activities, to be checked: 'ApiDemos', 'io.appium.android.apis.ApiDemos'
[debug] &amp#27;[35m[ADB]&amp#27;[39m Getting focused package and activity
[debug] &amp#27;[35m[ADB]&amp#27;[39m Running 'C:\Users\Anis\AppData\Local\Android\Sdk\platform-tools\adb.exe -P 5037 -s 55272e729804 shell dumpsys window windows'
[debug] &amp#27;[35m[ADB]&amp#27;[39m Found package: 'io.appium.android.apis' and fully qualified activity name : 'io.appium.android.apis.ApiDemos'
[debug] &amp#27;[35m[WD Proxy]&amp#27;[39m Proxying [GET /appium/device/pixel_ratio] to [GET http://127.0.0.1:8201/wd/hub/session/1d2663b0-61b3-49c6-bfa3-41f89d0a44da/appium/device/pixel_ratio] with no body
[debug] &amp#27;[35m[WD Proxy]&amp#27;[39m Got response with status 200: {"sessionId":"1d2663b0-61b3-49c6-bfa3-41f89d0a44da","value":3}
[debug] &amp#27;[35m[WD Proxy]&amp#27;[39m Matched '/appium/device/system_bars' to command name 'getSystemBars'
[debug] &amp#27;[35m[WD Proxy]&amp#27;[39m Proxying [GET /appium/device/system_bars] to [GET http://127.0.0.1:8201/wd/hub/session/1d2663b0-61b3-49c6-bfa3-41f89d0a44da/appium/device/system_bars] with no body
[debug] &amp#27;[35m[WD Proxy]&amp#27;[39m Got response with status 200: {"sessionId":"1d2663b0-61b3-49c6-bfa3-41f89d0a44da","value":{"statusBar":72}}
[debug] &amp#27;[35m[WD Proxy]&amp#27;[39m Matched '/window/current/size' to command name 'getWindowSize'
[debug] &amp#27;[35m[WD Proxy]&amp#27;[39m Proxying [GET /window/current/size] to [GET http://127.0.0.1:8201/wd/hub/session/1d2663b0-61b3-49c6-bfa3-41f89d0a44da/window/current/size] with no body
[debug] &amp#27;[35m[WD Proxy]&amp#27;[39m Got response with status 200: {"sessionId":"1d2663b0-61b3-49c6-bfa3-41f89d0a44da","value":{"height":1920,"width":1080}}
&amp#27;[35m[Appium]&amp#27;[39m New AndroidUiautomator2Driver session created successfully, session f650acb5-3a2d-4dbf-944e-815fac6c430a added to master session list
[debug] &amp#27;[35m[BaseDriver]&amp#27;[39m Event 'newSessionStarted' logged at 1623071395238 (18:39:55 GMT+0530 (India Standard Time))
[debug] &amp#27;[35m[W3C (f650acb5)]&amp#27;[39m Cached the protocol value 'W3C' for the new session f650acb5-3a2d-4dbf-944e-815fac6c430a
[debug] &amp#27;[35m[W3C (f650acb5)]&amp#27;[39m Responding to client with driver.createSession() result: {"capabilities":{"platform":"LINUX","webStorageEnabled":false,"takesScreenshot":true,"javascriptEnabled":true,"databaseEnabled":false,"networkConnectionEnabled":true,"locationContextEnabled":false,"warnings":{},"desired":{"platformName":"android","app":"C:\\Users\\Anis\\eclipse-workspace\\Appium\\src\\ApiDemos-debug.apk","deviceName":"Redmi","newCommandTimeout":14},"platformName":"android","app":"C:\\Users\\Anis\\eclipse-workspace\\Appium\\src\\ApiDemos-debug.apk","deviceName":"55272e729804","newCommandTimeout":14,"deviceUDID":"55272e729804","appPackage":"io.appium.android.apis","deviceApiLevel":24,"platformVersion":"7.0","deviceScreenSize":"1080x1920","deviceScreenDensity":480,"deviceModel":"Redmi Note 4","deviceManufacturer":"Xiaomi","pixelRatio":3,"statBarHeight":72,"viewportRect":{"left":0,"top":72,"width":1080,"height":1848}}}
&amp#27;[35m[HTTP]&amp#27;[39m &amp#27;[37m<-- POST /wd/hub/session &amp#27;[39m&amp#27;[32m200&amp#27;[39m &amp#27;[90m24550 ms - 904&amp#27;[39m
&amp#27;[35m[HTTP]&amp#27;[39m &amp#27;[90m&amp#27;[39m
&amp#27;[35m[HTTP]&amp#27;[39m &amp#27;[37m-->&amp#27;[39m &amp#27;[37mGET&amp#27;[39m &amp#27;[37m/wd/hub/session/f650acb5-3a2d-4dbf-944e-815fac6c430a&amp#27;[39m
&amp#27;[35m[HTTP]&amp#27;[39m &amp#27;[90m{}&amp#27;[39m
[debug] &amp#27;[35m[W3C (f650acb5)]&amp#27;[39m Calling AppiumDriver.getSession() with args: ["f650acb5-3a2d-4dbf-944e-815fac6c430a"]
[debug] &amp#27;[35m[UiAutomator2]&amp#27;[39m Getting session details from server to mix in
[debug] &amp#27;[35m[WD Proxy]&amp#27;[39m Matched '/' to command name 'getSession'
[debug] &amp#27;[35m[WD Proxy]&amp#27;[39m Proxying [GET /] to [GET http://127.0.0.1:8201/wd/hub/session/1d2663b0-61b3-49c6-bfa3-41f89d0a44da] with no body
[debug] &amp#27;[35m[WD Proxy]&amp#27;[39m Got response with status 200: {"sessionId":"1d2663b0-61b3-49c6-bfa3-41f89d0a44da","value":{"lastScrollData":null}}
[debug] &amp#27;[35m[W3C (f650acb5)]&amp#27;[39m Responding to client with driver.getSession() result: {"platform":"LINUX","webStorageEnabled":false,"takesScreenshot":true,"javascriptEnabled":true,"databaseEnabled":false,"networkConnectionEnabled":true,"locationContextEnabled":false,"warnings":{},"desired":{"platformName":"android","app":"C:\\Users\\Anis\\eclipse-workspace\\Appium\\src\\ApiDemos-debug.apk","deviceName":"Redmi","newCommandTimeout":14},"platformName":"android","app":"C:\\Users\\Anis\\eclipse-workspace\\Appium\\src\\ApiDemos-debug.apk","deviceName":"55272e729804","newCommandTimeout":14,"deviceUDID":"55272e729804","appPackage":"io.appium.android.apis","deviceApiLevel":24,"platformVersion":"7.0","deviceScreenSize":"1080x1920","deviceScreenDensity":480,"deviceModel":"Redmi Note 4","deviceManufacturer":"Xiaomi","pixelRatio":3,"statBarHeight":72,"viewportRect":{"left":0,"top":72,"width":1080,"height":1848},"lastScrollData":null}
&amp#27;[35m[HTTP]&amp#27;[39m &amp#27;[37m<-- GET /wd/hub/session/f650acb5-3a2d-4dbf-944e-815fac6c430a &amp#27;[39m&amp#27;[32m200&amp#27;[39m &amp#27;[90m20 ms - 858&amp#27;[39m
&amp#27;[35m[HTTP]&amp#27;[39m &amp#27;[90m&amp#27;[39m
&amp#27;[35m[HTTP]&amp#27;[39m &amp#27;[37m-->&amp#27;[39m &amp#27;[37mGET&amp#27;[39m &amp#27;[37m/wd/hub/session/f650acb5-3a2d-4dbf-944e-815fac6c430a&amp#27;[39m
&amp#27;[35m[HTTP]&amp#27;[39m &amp#27;[90m{}&amp#27;[39m
[debug] &amp#27;[35m[W3C (f650acb5)]&amp#27;[39m Calling AppiumDriver.getSession() with args: ["f650acb5-3a2d-4dbf-944e-815fac6c430a"]
[debug] &amp#27;[35m[UiAutomator2]&amp#27;[39m Getting session details from server to mix in
[debug] &amp#27;[35m[WD Proxy]&amp#27;[39m Matched '/' to command name 'getSession'
[debug] &amp#27;[35m[WD Proxy]&amp#27;[39m Proxying [GET /] to [GET http://127.0.0.1:8201/wd/hub/session/1d2663b0-61b3-49c6-bfa3-41f89d0a44da] with no body
[debug] &amp#27;[35m[WD Proxy]&amp#27;[39m Got response with status 200: {"sessionId":"1d2663b0-61b3-49c6-bfa3-41f89d0a44da","value":{"lastScrollData":null}}
[debug] &amp#27;[35m[W3C (f650acb5)]&amp#27;[39m Responding to client with driver.getSession() result: {"platform":"LINUX","webStorageEnabled":false,"takesScreenshot":true,"javascriptEnabled":true,"databaseEnabled":false,"networkConnectionEnabled":true,"locationContextEnabled":false,"warnings":{},"desired":{"platformName":"android","app":"C:\\Users\\Anis\\eclipse-workspace\\Appium\\src\\ApiDemos-debug.apk","deviceName":"Redmi","newCommandTimeout":14},"platformName":"android","app":"C:\\Users\\Anis\\eclipse-workspace\\Appium\\src\\ApiDemos-debug.apk","deviceName":"55272e729804","newCommandTimeout":14,"deviceUDID":"55272e729804","appPackage":"io.appium.android.apis","deviceApiLevel":24,"platformVersion":"7.0","deviceScreenSize":"1080x1920","deviceScreenDensity":480,"deviceModel":"Redmi Note 4","deviceManufacturer":"Xiaomi","pixelRatio":3,"statBarHeight":72,"viewportRect":{"left":0,"top":72,"width":1080,"height":1848},"lastScrollData":null}
&amp#27;[35m[HTTP]&amp#27;[39m &amp#27;[37m<-- GET /wd/hub/session/f650acb5-3a2d-4dbf-944e-815fac6c430a &amp#27;[39m&amp#27;[32m200&amp#27;[39m &amp#27;[90m10 ms - 858&amp#27;[39m
&amp#27;[35m[HTTP]&amp#27;[39m &amp#27;[90m&amp#27;[39m
&amp#27;[35m[HTTP]&amp#27;[39m &amp#27;[37m-->&amp#27;[39m &amp#27;[37mPOST&amp#27;[39m &amp#27;[37m/wd/hub/session/f650acb5-3a2d-4dbf-944e-815fac6c430a/timeouts&amp#27;[39m
&amp#27;[35m[HTTP]&amp#27;[39m &amp#27;[90m{"implicit":10000}&amp#27;[39m
[debug] &amp#27;[35m[W3C (f650acb5)]&amp#27;[39m Calling AppiumDriver.timeouts() with args: [null,null,null,null,10000,"f650acb5-3a2d-4dbf-944e-815fac6c430a"]
[debug] &amp#27;[35m[BaseDriver]&amp#27;[39m W3C timeout argument: {"implicit":10000}}
[debug] &amp#27;[35m[BaseDriver]&amp#27;[39m Set implicit wait to 10000ms
[debug] &amp#27;[35m[W3C (f650acb5)]&amp#27;[39m Responding to client with driver.timeouts() result: null
&amp#27;[35m[HTTP]&amp#27;[39m &amp#27;[37m<-- POST /wd/hub/session/f650acb5-3a2d-4dbf-944e-815fac6c430a/timeouts &amp#27;[39m&amp#27;[32m200&amp#27;[39m &amp#27;[90m4 ms - 14&amp#27;[39m
&amp#27;[35m[HTTP]&amp#27;[39m &amp#27;[90m&amp#27;[39m
&amp#27;[35m[HTTP]&amp#27;[39m &amp#27;[37m-->&amp#27;[39m &amp#27;[37mGET&amp#27;[39m &amp#27;[37m/wd/hub/session/f650acb5-3a2d-4dbf-944e-815fac6c430a&amp#27;[39m
&amp#27;[35m[HTTP]&amp#27;[39m &amp#27;[90m{}&amp#27;[39m
[debug] &amp#27;[35m[W3C (f650acb5)]&amp#27;[39m Calling AppiumDriver.getSession() with args: ["f650acb5-3a2d-4dbf-944e-815fac6c430a"]
[debug] &amp#27;[35m[UiAutomator2]&amp#27;[39m Getting session details from server to mix in
[debug] &amp#27;[35m[WD Proxy]&amp#27;[39m Matched '/' to command name 'getSession'
[debug] &amp#27;[35m[WD Proxy]&amp#27;[39m Proxying [GET /] to [GET http://127.0.0.1:8201/wd/hub/session/1d2663b0-61b3-49c6-bfa3-41f89d0a44da] with no body
[debug] &amp#27;[35m[WD Proxy]&amp#27;[39m Got response with status 200: {"sessionId":"1d2663b0-61b3-49c6-bfa3-41f89d0a44da","value":{"lastScrollData":null}}
[debug] &amp#27;[35m[W3C (f650acb5)]&amp#27;[39m Responding to client with driver.getSession() result: {"platform":"LINUX","webStorageEnabled":false,"takesScreenshot":true,"javascriptEnabled":true,"databaseEnabled":false,"networkConnectionEnabled":true,"locationContextEnabled":false,"warnings":{},"desired":{"platformName":"android","app":"C:\\Users\\Anis\\eclipse-workspace\\Appium\\src\\ApiDemos-debug.apk","deviceName":"Redmi","newCommandTimeout":14},"platformName":"android","app":"C:\\Users\\Anis\\eclipse-workspace\\Appium\\src\\ApiDemos-debug.apk","deviceName":"55272e729804","newCommandTimeout":14,"deviceUDID":"55272e729804","appPackage":"io.appium.android.apis","deviceApiLevel":24,"platformVersion":"7.0","deviceScreenSize":"1080x1920","deviceScreenDensity":480,"deviceModel":"Redmi Note 4","deviceManufacturer":"Xiaomi","pixelRatio":3,"statBarHeight":72,"viewportRect":{"left":0,"top":72,"width":1080,"height":1848},"lastScrollData":null}
&amp#27;[35m[HTTP]&amp#27;[39m &amp#27;[37m<-- GET /wd/hub/session/f650acb5-3a2d-4dbf-944e-815fac6c430a &amp#27;[39m&amp#27;[32m200&amp#27;[39m &amp#27;[90m10 ms - 858&amp#27;[39m
&amp#27;[35m[HTTP]&amp#27;[39m &amp#27;[90m&amp#27;[39m
&amp#27;[35m[HTTP]&amp#27;[39m &amp#27;[37m-->&amp#27;[39m &amp#27;[37mGET&amp#27;[39m &amp#27;[37m/wd/hub/session/f650acb5-3a2d-4dbf-944e-815fac6c430a&amp#27;[39m
&amp#27;[35m[HTTP]&amp#27;[39m &amp#27;[90m{}&amp#27;[39m
[debug] &amp#27;[35m[W3C (f650acb5)]&amp#27;[39m Calling AppiumDriver.getSession() with args: ["f650acb5-3a2d-4dbf-944e-815fac6c430a"]
[debug] &amp#27;[35m[UiAutomator2]&amp#27;[39m Getting session details from server to mix in
[debug] &amp#27;[35m[WD Proxy]&amp#27;[39m Matched '/' to command name 'getSession'
[debug] &amp#27;[35m[WD Proxy]&amp#27;[39m Proxying [GET /] to [GET http://127.0.0.1:8201/wd/hub/session/1d2663b0-61b3-49c6-bfa3-41f89d0a44da] with no body
[debug] &amp#27;[35m[WD Proxy]&amp#27;[39m Got response with status 200: {"sessionId":"1d2663b0-61b3-49c6-bfa3-41f89d0a44da","value":{"lastScrollData":null}}
[debug] &amp#27;[35m[W3C (f650acb5)]&amp#27;[39m Responding to client with driver.getSession() result: {"platform":"LINUX","webStorageEnabled":false,"takesScreenshot":true,"javascriptEnabled":true,"databaseEnabled":false,"networkConnectionEnabled":true,"locationContextEnabled":false,"warnings":{},"desired":{"platformName":"android","app":"C:\\Users\\Anis\\eclipse-workspace\\Appium\\src\\ApiDemos-debug.apk","deviceName":"Redmi","newCommandTimeout":14},"platformName":"android","app":"C:\\Users\\Anis\\eclipse-workspace\\Appium\\src\\ApiDemos-debug.apk","deviceName":"55272e729804","newCommandTimeout":14,"deviceUDID":"55272e729804","appPackage":"io.appium.android.apis","deviceApiLevel":24,"platformVersion":"7.0","deviceScreenSize":"1080x1920","deviceScreenDensity":480,"deviceModel":"Redmi Note 4","deviceManufacturer":"Xiaomi","pixelRatio":3,"statBarHeight":72,"viewportRect":{"left":0,"top":72,"width":1080,"height":1848},"lastScrollData":null}
&amp#27;[35m[HTTP]&amp#27;[39m &amp#27;[37m<-- GET /wd/hub/session/f650acb5-3a2d-4dbf-944e-815fac6c430a &amp#27;[39m&amp#27;[32m200&amp#27;[39m &amp#27;[90m9 ms - 858&amp#27;[39m
&amp#27;[35m[HTTP]&amp#27;[39m &amp#27;[90m&amp#27;[39m
&amp#27;[35m[HTTP]&amp#27;[39m &amp#27;[37m-->&amp#27;[39m &amp#27;[37mGET&amp#27;[39m &amp#27;[37m/wd/hub/session/f650acb5-3a2d-4dbf-944e-815fac6c430a&amp#27;[39m
&amp#27;[35m[HTTP]&amp#27;[39m &amp#27;[90m{}&amp#27;[39m
[debug] &amp#27;[35m[W3C (f650acb5)]&amp#27;[39m Calling AppiumDriver.getSession() with args: ["f650acb5-3a2d-4dbf-944e-815fac6c430a"]
[debug] &amp#27;[35m[UiAutomator2]&amp#27;[39m Getting session details from server to mix in
[debug] &amp#27;[35m[WD Proxy]&amp#27;[39m Matched '/' to command name 'getSession'
[debug] &amp#27;[35m[WD Proxy]&amp#27;[39m Proxying [GET /] to [GET http://127.0.0.1:8201/wd/hub/session/1d2663b0-61b3-49c6-bfa3-41f89d0a44da] with no body
[debug] &amp#27;[35m[WD Proxy]&amp#27;[39m Got response with status 200: {"sessionId":"1d2663b0-61b3-49c6-bfa3-41f89d0a44da","value":{"lastScrollData":null}}
[debug] &amp#27;[35m[W3C (f650acb5)]&amp#27;[39m Responding to client with driver.getSession() result: {"platform":"LINUX","webStorageEnabled":false,"takesScreenshot":true,"javascriptEnabled":true,"databaseEnabled":false,"networkConnectionEnabled":true,"locationContextEnabled":false,"warnings":{},"desired":{"platformName":"android","app":"C:\\Users\\Anis\\eclipse-workspace\\Appium\\src\\ApiDemos-debug.apk","deviceName":"Redmi","newCommandTimeout":14},"platformName":"android","app":"C:\\Users\\Anis\\eclipse-workspace\\Appium\\src\\ApiDemos-debug.apk","deviceName":"55272e729804","newCommandTimeout":14,"deviceUDID":"55272e729804","appPackage":"io.appium.android.apis","deviceApiLevel":24,"platformVersion":"7.0","deviceScreenSize":"1080x1920","deviceScreenDensity":480,"deviceModel":"Redmi Note 4","deviceManufacturer":"Xiaomi","pixelRatio":3,"statBarHeight":72,"viewportRect":{"left":0,"top":72,"width":1080,"height":1848},"lastScrollData":null}
&amp#27;[35m[HTTP]&amp#27;[39m &amp#27;[37m<-- GET /wd/hub/session/f650acb5-3a2d-4dbf-944e-815fac6c430a &amp#27;[39m&amp#27;[32m200&amp#27;[39m &amp#27;[90m12 ms - 858&amp#27;[39m
&amp#27;[35m[HTTP]&amp#27;[39m &amp#27;[90m&amp#27;[39m
&amp#27;[35m[HTTP]&amp#27;[39m &amp#27;[37m-->&amp#27;[39m &amp#27;[37mPOST&amp#27;[39m &amp#27;[37m/wd/hub/session/f650acb5-3a2d-4dbf-944e-815fac6c430a/element&amp#27;[39m
&amp#27;[35m[HTTP]&amp#27;[39m &amp#27;[90m{"using":"xpath","value":"//android.widget.TextView[@text='Preference']"}&amp#27;[39m
[debug] &amp#27;[35m[W3C (f650acb5)]&amp#27;[39m Calling AppiumDriver.findElement() with args: ["xpath","//android.widget.TextView[@text='Preference']","f650acb5-3a2d-4dbf-944e-815fac6c430a"]
[debug] &amp#27;[35m[BaseDriver]&amp#27;[39m Valid locator strategies for this request: xpath, id, class name, accessibility id, css selector, -android uiautomator
[debug] &amp#27;[35m[BaseDriver]&amp#27;[39m Waiting up to 10000 ms for condition
[debug] &amp#27;[35m[WD Proxy]&amp#27;[39m Matched '/element' to command name 'findElement'
[debug] &amp#27;[35m[WD Proxy]&amp#27;[39m Proxying [POST /element] to [POST http://127.0.0.1:8201/wd/hub/session/1d2663b0-61b3-49c6-bfa3-41f89d0a44da/element] with body: {"strategy":"xpath","selector":"//android.widget.TextView[@text='Preference']","context":"","multiple":false}
[debug] &amp#27;[35m[WD Proxy]&amp#27;[39m Got response with status 200: {"sessionId":"1d2663b0-61b3-49c6-bfa3-41f89d0a44da","value":{"ELEMENT":"3b64bb05-b995-40aa-860c-3aed8a94ed12","element-6066-11e4-a52e-4f735466cecf":"3b64bb05-b995-40aa-860c-3aed8a94ed12"}}
[debug] &amp#27;[35m[W3C (f650acb5)]&amp#27;[39m Responding to client with driver.findElement() result: {"element-6066-11e4-a52e-4f735466cecf":"3b64bb05-b995-40aa-860c-3aed8a94ed12","ELEMENT":"3b64bb05-b995-40aa-860c-3aed8a94ed12"}
&amp#27;[35m[HTTP]&amp#27;[39m &amp#27;[37m<-- POST /wd/hub/session/f650acb5-3a2d-4dbf-944e-815fac6c430a/element &amp#27;[39m&amp#27;[32m200&amp#27;[39m &amp#27;[90m415 ms - 137&amp#27;[39m
&amp#27;[35m[HTTP]&amp#27;[39m &amp#27;[90m&amp#27;[39m
&amp#27;[35m[HTTP]&amp#27;[39m &amp#27;[37m-->&amp#27;[39m &amp#27;[37mPOST&amp#27;[39m &amp#27;[37m/wd/hub/session/f650acb5-3a2d-4dbf-944e-815fac6c430a/element/3b64bb05-b995-40aa-860c-3aed8a94ed12/click&amp#27;[39m
&amp#27;[35m[HTTP]&amp#27;[39m &amp#27;[90m{"id":"3b64bb05-b995-40aa-860c-3aed8a94ed12"}&amp#27;[39m
[debug] &amp#27;[35m[W3C (f650acb5)]&amp#27;[39m Calling AppiumDriver.click() with args: ["3b64bb05-b995-40aa-860c-3aed8a94ed12","f650acb5-3a2d-4dbf-944e-815fac6c430a"]
[debug] &amp#27;[35m[WD Proxy]&amp#27;[39m Matched '/element/3b64bb05-b995-40aa-860c-3aed8a94ed12/click' to command name 'click'
[debug] &amp#27;[35m[WD Proxy]&amp#27;[39m Proxying [POST /element/3b64bb05-b995-40aa-860c-3aed8a94ed12/click] to [POST http://127.0.0.1:8201/wd/hub/session/1d2663b0-61b3-49c6-bfa3-41f89d0a44da/element/3b64bb05-b995-40aa-860c-3aed8a94ed12/click] with body: {"element":"3b64bb05-b995-40aa-860c-3aed8a94ed12"}
[debug] &amp#27;[35m[WD Proxy]&amp#27;[39m Got response with status 200: {"sessionId":"1d2663b0-61b3-49c6-bfa3-41f89d0a44da","value":null}
[debug] &amp#27;[35m[W3C (f650acb5)]&amp#27;[39m Responding to client with driver.click() result: null
&amp#27;[35m[HTTP]&amp#27;[39m &amp#27;[37m<-- POST /wd/hub/session/f650acb5-3a2d-4dbf-944e-815fac6c430a/element/3b64bb05-b995-40aa-860c-3aed8a94ed12/click &amp#27;[39m&amp#27;[32m200&amp#27;[39m &amp#27;[90m1276 ms - 14&amp#27;[39m
&amp#27;[35m[HTTP]&amp#27;[39m &amp#27;[90m&amp#27;[39m
&amp#27;[35m[HTTP]&amp#27;[39m &amp#27;[37m-->&amp#27;[39m &amp#27;[37mGET&amp#27;[39m &amp#27;[37m/wd/hub/session/f650acb5-3a2d-4dbf-944e-815fac6c430a&amp#27;[39m
&amp#27;[35m[HTTP]&amp#27;[39m &amp#27;[90m{}&amp#27;[39m
[debug] &amp#27;[35m[W3C (f650acb5)]&amp#27;[39m Calling AppiumDriver.getSession() with args: ["f650acb5-3a2d-4dbf-944e-815fac6c430a"]
[debug] &amp#27;[35m[UiAutomator2]&amp#27;[39m Getting session details from server to mix in
[debug] &amp#27;[35m[WD Proxy]&amp#27;[39m Matched '/' to command name 'getSession'
[debug] &amp#27;[35m[WD Proxy]&amp#27;[39m Proxying [GET /] to [GET http://127.0.0.1:8201/wd/hub/session/1d2663b0-61b3-49c6-bfa3-41f89d0a44da] with no body
[debug] &amp#27;[35m[WD Proxy]&amp#27;[39m Got response with status 200: {"sessionId":"1d2663b0-61b3-49c6-bfa3-41f89d0a44da","value":{"lastScrollData":null}}
[debug] &amp#27;[35m[W3C (f650acb5)]&amp#27;[39m Responding to client with driver.getSession() result: {"platform":"LINUX","webStorageEnabled":false,"takesScreenshot":true,"javascriptEnabled":true,"databaseEnabled":false,"networkConnectionEnabled":true,"locationContextEnabled":false,"warnings":{},"desired":{"platformName":"android","app":"C:\\Users\\Anis\\eclipse-workspace\\Appium\\src\\ApiDemos-debug.apk","deviceName":"Redmi","newCommandTimeout":14},"platformName":"android","app":"C:\\Users\\Anis\\eclipse-workspace\\Appium\\src\\ApiDemos-debug.apk","deviceName":"55272e729804","newCommandTimeout":14,"deviceUDID":"55272e729804","appPackage":"io.appium.android.apis","deviceApiLevel":24,"platformVersion":"7.0","deviceScreenSize":"1080x1920","deviceScreenDensity":480,"deviceModel":"Redmi Note 4","deviceManufacturer":"Xiaomi","pixelRatio":3,"statBarHeight":72,"viewportRect":{"left":0,"top":72,"width":1080,"height":1848},"lastScrollData":null}
&amp#27;[35m[HTTP]&amp#27;[39m &amp#27;[37m<-- GET /wd/hub/session/f650acb5-3a2d-4dbf-944e-815fac6c430a &amp#27;[39m&amp#27;[32m200&amp#27;[39m &amp#27;[90m11 ms - 858&amp#27;[39m
&amp#27;[35m[HTTP]&amp#27;[39m &amp#27;[90m&amp#27;[39m
&amp#27;[35m[HTTP]&amp#27;[39m &amp#27;[37m-->&amp#27;[39m &amp#27;[37mGET&amp#27;[39m &amp#27;[37m/wd/hub/session/f650acb5-3a2d-4dbf-944e-815fac6c430a&amp#27;[39m
&amp#27;[35m[HTTP]&amp#27;[39m &amp#27;[90m{}&amp#27;[39m
[debug] &amp#27;[35m[W3C (f650acb5)]&amp#27;[39m Calling AppiumDriver.getSession() with args: ["f650acb5-3a2d-4dbf-944e-815fac6c430a"]
[debug] &amp#27;[35m[UiAutomator2]&amp#27;[39m Getting session details from server to mix in
[debug] &amp#27;[35m[WD Proxy]&amp#27;[39m Matched '/' to command name 'getSession'
[debug] &amp#27;[35m[WD Proxy]&amp#27;[39m Proxying [GET /] to [GET http://127.0.0.1:8201/wd/hub/session/1d2663b0-61b3-49c6-bfa3-41f89d0a44da] with no body
[debug] &amp#27;[35m[WD Proxy]&amp#27;[39m Got response with status 200: {"sessionId":"1d2663b0-61b3-49c6-bfa3-41f89d0a44da","value":{"lastScrollData":null}}
[debug] &amp#27;[35m[W3C (f650acb5)]&amp#27;[39m Responding to client with driver.getSession() result: {"platform":"LINUX","webStorageEnabled":false,"takesScreenshot":true,"javascriptEnabled":true,"databaseEnabled":false,"networkConnectionEnabled":true,"locationContextEnabled":false,"warnings":{},"desired":{"platformName":"android","app":"C:\\Users\\Anis\\eclipse-workspace\\Appium\\src\\ApiDemos-debug.apk","deviceName":"Redmi","newCommandTimeout":14},"platformName":"android","app":"C:\\Users\\Anis\\eclipse-workspace\\Appium\\src\\ApiDemos-debug.apk","deviceName":"55272e729804","newCommandTimeout":14,"deviceUDID":"55272e729804","appPackage":"io.appium.android.apis","deviceApiLevel":24,"platformVersion":"7.0","deviceScreenSize":"1080x1920","deviceScreenDensity":480,"deviceModel":"Redmi Note 4","deviceManufacturer":"Xiaomi","pixelRatio":3,"statBarHeight":72,"viewportRect":{"left":0,"top":72,"width":1080,"height":1848},"lastScrollData":null}
&amp#27;[35m[HTTP]&amp#27;[39m &amp#27;[37m<-- GET /wd/hub/session/f650acb5-3a2d-4dbf-944e-815fac6c430a &amp#27;[39m&amp#27;[32m200&amp#27;[39m &amp#27;[90m8 ms - 858&amp#27;[39m
&amp#27;[35m[HTTP]&amp#27;[39m &amp#27;[90m&amp#27;[39m
&amp#27;[35m[HTTP]&amp#27;[39m &amp#27;[37m-->&amp#27;[39m &amp#27;[37mGET&amp#27;[39m &amp#27;[37m/wd/hub/session/f650acb5-3a2d-4dbf-944e-815fac6c430a&amp#27;[39m
&amp#27;[35m[HTTP]&amp#27;[39m &amp#27;[90m{}&amp#27;[39m
[debug] &amp#27;[35m[W3C (f650acb5)]&amp#27;[39m Calling AppiumDriver.getSession() with args: ["f650acb5-3a2d-4dbf-944e-815fac6c430a"]
[debug] &amp#27;[35m[UiAutomator2]&amp#27;[39m Getting session details from server to mix in
[debug] &amp#27;[35m[WD Proxy]&amp#27;[39m Matched '/' to command name 'getSession'
[debug] &amp#27;[35m[WD Proxy]&amp#27;[39m Proxying [GET /] to [GET http://127.0.0.1:8201/wd/hub/session/1d2663b0-61b3-49c6-bfa3-41f89d0a44da] with no body
[debug] &amp#27;[35m[WD Proxy]&amp#27;[39m Got response with status 200: {"sessionId":"1d2663b0-61b3-49c6-bfa3-41f89d0a44da","value":{"lastScrollData":null}}
[debug] &amp#27;[35m[W3C (f650acb5)]&amp#27;[39m Responding to client with driver.getSession() result: {"platform":"LINUX","webStorageEnabled":false,"takesScreenshot":true,"javascriptEnabled":true,"databaseEnabled":false,"networkConnectionEnabled":true,"locationContextEnabled":false,"warnings":{},"desired":{"platformName":"android","app":"C:\\Users\\Anis\\eclipse-workspace\\Appium\\src\\ApiDemos-debug.apk","deviceName":"Redmi","newCommandTimeout":14},"platformName":"android","app":"C:\\Users\\Anis\\eclipse-workspace\\Appium\\src\\ApiDemos-debug.apk","deviceName":"55272e729804","newCommandTimeout":14,"deviceUDID":"55272e729804","appPackage":"io.appium.android.apis","deviceApiLevel":24,"platformVersion":"7.0","deviceScreenSize":"1080x1920","deviceScreenDensity":480,"deviceModel":"Redmi Note 4","deviceManufacturer":"Xiaomi","pixelRatio":3,"statBarHeight":72,"viewportRect":{"left":0,"top":72,"width":1080,"height":1848},"lastScrollData":null}
&amp#27;[35m[HTTP]&amp#27;[39m &amp#27;[37m<-- GET /wd/hub/session/f650acb5-3a2d-4dbf-944e-815fac6c430a &amp#27;[39m&amp#27;[32m200&amp#27;[39m &amp#27;[90m8 ms - 858&amp#27;[39m
&amp#27;[35m[HTTP]&amp#27;[39m &amp#27;[90m&amp#27;[39m
&amp#27;[35m[HTTP]&amp#27;[39m &amp#27;[37m-->&amp#27;[39m &amp#27;[37mPOST&amp#27;[39m &amp#27;[37m/wd/hub/session/f650acb5-3a2d-4dbf-944e-815fac6c430a/element&amp#27;[39m
&amp#27;[35m[HTTP]&amp#27;[39m &amp#27;[90m{"using":"xpath","value":"//android.widget.TextView[@text='3. Preference dependencies']"}&amp#27;[39m
[debug] &amp#27;[35m[W3C (f650acb5)]&amp#27;[39m Calling AppiumDriver.findElement() with args: ["xpath","//android.widget.TextView[@text='3. Preference dependencies']","f650acb5-3a2d-4dbf-944e-815fac6c430a"]
[debug] &amp#27;[35m[BaseDriver]&amp#27;[39m Valid locator strategies for this request: xpath, id, class name, accessibility id, css selector, -android uiautomator
[debug] &amp#27;[35m[BaseDriver]&amp#27;[39m Waiting up to 10000 ms for condition
[debug] &amp#27;[35m[WD Proxy]&amp#27;[39m Matched '/element' to command name 'findElement'
[debug] &amp#27;[35m[WD Proxy]&amp#27;[39m Proxying [POST /element] to [POST http://127.0.0.1:8201/wd/hub/session/1d2663b0-61b3-49c6-bfa3-41f89d0a44da/element] with body: {"strategy":"xpath","selector":"//android.widget.TextView[@text='3. Preference dependencies']","context":"","multiple":false}
[debug] &amp#27;[35m[WD Proxy]&amp#27;[39m Got response with status 200: {"sessionId":"1d2663b0-61b3-49c6-bfa3-41f89d0a44da","value":{"ELEMENT":"4b347681-96b9-4f4f-b21b-6bb702a2268b","element-6066-11e4-a52e-4f735466cecf":"4b347681-96b9-4f4f-b21b-6bb702a2268b"}}
[debug] &amp#27;[35m[W3C (f650acb5)]&amp#27;[39m Responding to client with driver.findElement() result: {"element-6066-11e4-a52e-4f735466cecf":"4b347681-96b9-4f4f-b21b-6bb702a2268b","ELEMENT":"4b347681-96b9-4f4f-b21b-6bb702a2268b"}
&amp#27;[35m[HTTP]&amp#27;[39m &amp#27;[37m<-- POST /wd/hub/session/f650acb5-3a2d-4dbf-944e-815fac6c430a/element &amp#27;[39m&amp#27;[32m200&amp#27;[39m &amp#27;[90m43 ms - 137&amp#27;[39m
&amp#27;[35m[HTTP]&amp#27;[39m &amp#27;[90m&amp#27;[39m
&amp#27;[35m[HTTP]&amp#27;[39m &amp#27;[37m-->&amp#27;[39m &amp#27;[37mPOST&amp#27;[39m &amp#27;[37m/wd/hub/session/f650acb5-3a2d-4dbf-944e-815fac6c430a/element/4b347681-96b9-4f4f-b21b-6bb702a2268b/click&amp#27;[39m
&amp#27;[35m[HTTP]&amp#27;[39m &amp#27;[90m{"id":"4b347681-96b9-4f4f-b21b-6bb702a2268b"}&amp#27;[39m
[debug] &amp#27;[35m[W3C (f650acb5)]&amp#27;[39m Calling AppiumDriver.click() with args: ["4b347681-96b9-4f4f-b21b-6bb702a2268b","f650acb5-3a2d-4dbf-944e-815fac6c430a"]
[debug] &amp#27;[35m[WD Proxy]&amp#27;[39m Matched '/element/4b347681-96b9-4f4f-b21b-6bb702a2268b/click' to command name 'click'
[debug] &amp#27;[35m[WD Proxy]&amp#27;[39m Proxying [POST /element/4b347681-96b9-4f4f-b21b-6bb702a2268b/click] to [POST http://127.0.0.1:8201/wd/hub/session/1d2663b0-61b3-49c6-bfa3-41f89d0a44da/element/4b347681-96b9-4f4f-b21b-6bb702a2268b/click] with body: {"element":"4b347681-96b9-4f4f-b21b-6bb702a2268b"}
[debug] &amp#27;[35m[WD Proxy]&amp#27;[39m Got response with status 200: {"sessionId":"1d2663b0-61b3-49c6-bfa3-41f89d0a44da","value":null}
[debug] &amp#27;[35m[W3C (f650acb5)]&amp#27;[39m Responding to client with driver.click() result: null
&amp#27;[35m[HTTP]&amp#27;[39m &amp#27;[37m<-- POST /wd/hub/session/f650acb5-3a2d-4dbf-944e-815fac6c430a/element/4b347681-96b9-4f4f-b21b-6bb702a2268b/click &amp#27;[39m&amp#27;[32m200&amp#27;[39m &amp#27;[90m1315 ms - 14&amp#27;[39m
&amp#27;[35m[HTTP]&amp#27;[39m &amp#27;[90m&amp#27;[39m
&amp#27;[35m[HTTP]&amp#27;[39m &amp#27;[37m-->&amp#27;[39m &amp#27;[37mGET&amp#27;[39m &amp#27;[37m/wd/hub/session/f650acb5-3a2d-4dbf-944e-815fac6c430a&amp#27;[39m
&amp#27;[35m[HTTP]&amp#27;[39m &amp#27;[90m{}&amp#27;[39m
[debug] &amp#27;[35m[W3C (f650acb5)]&amp#27;[39m Calling AppiumDriver.getSession() with args: ["f650acb5-3a2d-4dbf-944e-815fac6c430a"]
[debug] &amp#27;[35m[UiAutomator2]&amp#27;[39m Getting session details from server to mix in
[debug] &amp#27;[35m[WD Proxy]&amp#27;[39m Matched '/' to command name 'getSession'
[debug] &amp#27;[35m[WD Proxy]&amp#27;[39m Proxying [GET /] to [GET http://127.0.0.1:8201/wd/hub/session/1d2663b0-61b3-49c6-bfa3-41f89d0a44da] with no body
[debug] &amp#27;[35m[WD Proxy]&amp#27;[39m Got response with status 200: {"sessionId":"1d2663b0-61b3-49c6-bfa3-41f89d0a44da","value":{"lastScrollData":null}}
[debug] &amp#27;[35m[W3C (f650acb5)]&amp#27;[39m Responding to client with driver.getSession() result: {"platform":"LINUX","webStorageEnabled":false,"takesScreenshot":true,"javascriptEnabled":true,"databaseEnabled":false,"networkConnectionEnabled":true,"locationContextEnabled":false,"warnings":{},"desired":{"platformName":"android","app":"C:\\Users\\Anis\\eclipse-workspace\\Appium\\src\\ApiDemos-debug.apk","deviceName":"Redmi","newCommandTimeout":14},"platformName":"android","app":"C:\\Users\\Anis\\eclipse-workspace\\Appium\\src\\ApiDemos-debug.apk","deviceName":"55272e729804","newCommandTimeout":14,"deviceUDID":"55272e729804","appPackage":"io.appium.android.apis","deviceApiLevel":24,"platformVersion":"7.0","deviceScreenSize":"1080x1920","deviceScreenDensity":480,"deviceModel":"Redmi Note 4","deviceManufacturer":"Xiaomi","pixelRatio":3,"statBarHeight":72,"viewportRect":{"left":0,"top":72,"width":1080,"height":1848},"lastScrollData":null}
&amp#27;[35m[HTTP]&amp#27;[39m &amp#27;[37m<-- GET /wd/hub/session/f650acb5-3a2d-4dbf-944e-815fac6c430a &amp#27;[39m&amp#27;[32m200&amp#27;[39m &amp#27;[90m11 ms - 858&amp#27;[39m
&amp#27;[35m[HTTP]&amp#27;[39m &amp#27;[90m&amp#27;[39m
&amp#27;[35m[HTTP]&amp#27;[39m &amp#27;[37m-->&amp#27;[39m &amp#27;[37mPOST&amp#27;[39m &amp#27;[37m/wd/hub/session/f650acb5-3a2d-4dbf-944e-815fac6c430a/element&amp#27;[39m
&amp#27;[35m[HTTP]&amp#27;[39m &amp#27;[90m{"using":"id","value":"android:id/checkbox"}&amp#27;[39m
[debug] &amp#27;[35m[W3C (f650acb5)]&amp#27;[39m Calling AppiumDriver.findElement() with args: ["id","android:id/checkbox","f650acb5-3a2d-4dbf-944e-815fac6c430a"]
[debug] &amp#27;[35m[BaseDriver]&amp#27;[39m Valid locator strategies for this request: xpath, id, class name, accessibility id, css selector, -android uiautomator
[debug] &amp#27;[35m[BaseDriver]&amp#27;[39m Waiting up to 10000 ms for condition
[debug] &amp#27;[35m[WD Proxy]&amp#27;[39m Matched '/element' to command name 'findElement'
[debug] &amp#27;[35m[WD Proxy]&amp#27;[39m Proxying [POST /element] to [POST http://127.0.0.1:8201/wd/hub/session/1d2663b0-61b3-49c6-bfa3-41f89d0a44da/element] with body: {"strategy":"id","selector":"android:id/checkbox","context":"","multiple":false}
[debug] &amp#27;[35m[WD Proxy]&amp#27;[39m Got response with status 200: {"sessionId":"1d2663b0-61b3-49c6-bfa3-41f89d0a44da","value":{"ELEMENT":"e79841ef-2360-497a-a13e-7a96997f6804","element-6066-11e4-a52e-4f735466cecf":"e79841ef-2360-497a-a13e-7a96997f6804"}}
[debug] &amp#27;[35m[W3C (f650acb5)]&amp#27;[39m Responding to client with driver.findElement() result: {"element-6066-11e4-a52e-4f735466cecf":"e79841ef-2360-497a-a13e-7a96997f6804","ELEMENT":"e79841ef-2360-497a-a13e-7a96997f6804"}
&amp#27;[35m[HTTP]&amp#27;[39m &amp#27;[37m<-- POST /wd/hub/session/f650acb5-3a2d-4dbf-944e-815fac6c430a/element &amp#27;[39m&amp#27;[32m200&amp#27;[39m &amp#27;[90m48 ms - 137&amp#27;[39m
&amp#27;[35m[HTTP]&amp#27;[39m &amp#27;[90m&amp#27;[39m
&amp#27;[35m[HTTP]&amp#27;[39m &amp#27;[37m-->&amp#27;[39m &amp#27;[37mPOST&amp#27;[39m &amp#27;[37m/wd/hub/session/f650acb5-3a2d-4dbf-944e-815fac6c430a/element/e79841ef-2360-497a-a13e-7a96997f6804/click&amp#27;[39m
&amp#27;[35m[HTTP]&amp#27;[39m &amp#27;[90m{"id":"e79841ef-2360-497a-a13e-7a96997f6804"}&amp#27;[39m
[debug] &amp#27;[35m[W3C (f650acb5)]&amp#27;[39m Calling AppiumDriver.click() with args: ["e79841ef-2360-497a-a13e-7a96997f6804","f650acb5-3a2d-4dbf-944e-815fac6c430a"]
[debug] &amp#27;[35m[WD Proxy]&amp#27;[39m Matched '/element/e79841ef-2360-497a-a13e-7a96997f6804/click' to command name 'click'
[debug] &amp#27;[35m[WD Proxy]&amp#27;[39m Proxying [POST /element/e79841ef-2360-497a-a13e-7a96997f6804/click] to [POST http://127.0.0.1:8201/wd/hub/session/1d2663b0-61b3-49c6-bfa3-41f89d0a44da/element/e79841ef-2360-497a-a13e-7a96997f6804/click] with body: {"element":"e79841ef-2360-497a-a13e-7a96997f6804"}
[debug] &amp#27;[35m[WD Proxy]&amp#27;[39m Got response with status 200: {"sessionId":"1d2663b0-61b3-49c6-bfa3-41f89d0a44da","value":null}
[debug] &amp#27;[35m[W3C (f650acb5)]&amp#27;[39m Responding to client with driver.click() result: null
&amp#27;[35m[HTTP]&amp#27;[39m &amp#27;[37m<-- POST /wd/hub/session/f650acb5-3a2d-4dbf-944e-815fac6c430a/element/e79841ef-2360-497a-a13e-7a96997f6804/click &amp#27;[39m&amp#27;[32m200&amp#27;[39m &amp#27;[90m720 ms - 14&amp#27;[39m
&amp#27;[35m[HTTP]&amp#27;[39m &amp#27;[90m&amp#27;[39m
&amp#27;[35m[HTTP]&amp#27;[39m &amp#27;[37m-->&amp#27;[39m &amp#27;[37mGET&amp#27;[39m &amp#27;[37m/wd/hub/session/f650acb5-3a2d-4dbf-944e-815fac6c430a&amp#27;[39m
&amp#27;[35m[HTTP]&amp#27;[39m &amp#27;[90m{}&amp#27;[39m
[debug] &amp#27;[35m[W3C (f650acb5)]&amp#27;[39m Calling AppiumDriver.getSession() with args: ["f650acb5-3a2d-4dbf-944e-815fac6c430a"]
[debug] &amp#27;[35m[UiAutomator2]&amp#27;[39m Getting session details from server to mix in
[debug] &amp#27;[35m[WD Proxy]&amp#27;[39m Matched '/' to command name 'getSession'
[debug] &amp#27;[35m[WD Proxy]&amp#27;[39m Proxying [GET /] to [GET http://127.0.0.1:8201/wd/hub/session/1d2663b0-61b3-49c6-bfa3-41f89d0a44da] with no body
[debug] &amp#27;[35m[WD Proxy]&amp#27;[39m Got response with status 200: {"sessionId":"1d2663b0-61b3-49c6-bfa3-41f89d0a44da","value":{"lastScrollData":null}}
[debug] &amp#27;[35m[W3C (f650acb5)]&amp#27;[39m Responding to client with driver.getSession() result: {"platform":"LINUX","webStorageEnabled":false,"takesScreenshot":true,"javascriptEnabled":true,"databaseEnabled":false,"networkConnectionEnabled":true,"locationContextEnabled":false,"warnings":{},"desired":{"platformName":"android","app":"C:\\Users\\Anis\\eclipse-workspace\\Appium\\src\\ApiDemos-debug.apk","deviceName":"Redmi","newCommandTimeout":14},"platformName":"android","app":"C:\\Users\\Anis\\eclipse-workspace\\Appium\\src\\ApiDemos-debug.apk","deviceName":"55272e729804","newCommandTimeout":14,"deviceUDID":"55272e729804","appPackage":"io.appium.android.apis","deviceApiLevel":24,"platformVersion":"7.0","deviceScreenSize":"1080x1920","deviceScreenDensity":480,"deviceModel":"Redmi Note 4","deviceManufacturer":"Xiaomi","pixelRatio":3,"statBarHeight":72,"viewportRect":{"left":0,"top":72,"width":1080,"height":1848},"lastScrollData":null}
&amp#27;[35m[HTTP]&amp#27;[39m &amp#27;[37m<-- GET /wd/hub/session/f650acb5-3a2d-4dbf-944e-815fac6c430a &amp#27;[39m&amp#27;[32m200&amp#27;[39m &amp#27;[90m12 ms - 858&amp#27;[39m
&amp#27;[35m[HTTP]&amp#27;[39m &amp#27;[90m&amp#27;[39m
&amp#27;[35m[HTTP]&amp#27;[39m &amp#27;[37m-->&amp#27;[39m &amp#27;[37mPOST&amp#27;[39m &amp#27;[37m/wd/hub/session/f650acb5-3a2d-4dbf-944e-815fac6c430a/element&amp#27;[39m
&amp#27;[35m[HTTP]&amp#27;[39m &amp#27;[90m{"using":"xpath","value":"(//android.widget.RelativeLayout)[2]"}&amp#27;[39m
[debug] &amp#27;[35m[W3C (f650acb5)]&amp#27;[39m Calling AppiumDriver.findElement() with args: ["xpath","(//android.widget.RelativeLayout)[2]","f650acb5-3a2d-4dbf-944e-815fac6c430a"]
[debug] &amp#27;[35m[BaseDriver]&amp#27;[39m Valid locator strategies for this request: xpath, id, class name, accessibility id, css selector, -android uiautomator
[debug] &amp#27;[35m[BaseDriver]&amp#27;[39m Waiting up to 10000 ms for condition
[debug] &amp#27;[35m[WD Proxy]&amp#27;[39m Matched '/element' to command name 'findElement'
[debug] &amp#27;[35m[WD Proxy]&amp#27;[39m Proxying [POST /element] to [POST http://127.0.0.1:8201/wd/hub/session/1d2663b0-61b3-49c6-bfa3-41f89d0a44da/element] with body: {"strategy":"xpath","selector":"(//android.widget.RelativeLayout)[2]","context":"","multiple":false}
[debug] &amp#27;[35m[WD Proxy]&amp#27;[39m Got response with status 200: {"sessionId":"1d2663b0-61b3-49c6-bfa3-41f89d0a44da","value":{"ELEMENT":"5af35f34-d9f1-4a13-9b83-03196cfd18e0","element-6066-11e4-a52e-4f735466cecf":"5af35f34-d9f1-4a13-9b83-03196cfd18e0"}}
[debug] &amp#27;[35m[W3C (f650acb5)]&amp#27;[39m Responding to client with driver.findElement() result: {"element-6066-11e4-a52e-4f735466cecf":"5af35f34-d9f1-4a13-9b83-03196cfd18e0","ELEMENT":"5af35f34-d9f1-4a13-9b83-03196cfd18e0"}
&amp#27;[35m[HTTP]&amp#27;[39m &amp#27;[37m<-- POST /wd/hub/session/f650acb5-3a2d-4dbf-944e-815fac6c430a/element &amp#27;[39m&amp#27;[32m200&amp#27;[39m &amp#27;[90m54 ms - 137&amp#27;[39m
&amp#27;[35m[HTTP]&amp#27;[39m &amp#27;[90m&amp#27;[39m
&amp#27;[35m[HTTP]&amp#27;[39m &amp#27;[37m-->&amp#27;[39m &amp#27;[37mPOST&amp#27;[39m &amp#27;[37m/wd/hub/session/f650acb5-3a2d-4dbf-944e-815fac6c430a/element/5af35f34-d9f1-4a13-9b83-03196cfd18e0/click&amp#27;[39m
&amp#27;[35m[HTTP]&amp#27;[39m &amp#27;[90m{"id":"5af35f34-d9f1-4a13-9b83-03196cfd18e0"}&amp#27;[39m
[debug] &amp#27;[35m[W3C (f650acb5)]&amp#27;[39m Calling AppiumDriver.click() with args: ["5af35f34-d9f1-4a13-9b83-03196cfd18e0","f650acb5-3a2d-4dbf-944e-815fac6c430a"]
[debug] &amp#27;[35m[WD Proxy]&amp#27;[39m Matched '/element/5af35f34-d9f1-4a13-9b83-03196cfd18e0/click' to command name 'click'
[debug] &amp#27;[35m[WD Proxy]&amp#27;[39m Proxying [POST /element/5af35f34-d9f1-4a13-9b83-03196cfd18e0/click] to [POST http://127.0.0.1:8201/wd/hub/session/1d2663b0-61b3-49c6-bfa3-41f89d0a44da/element/5af35f34-d9f1-4a13-9b83-03196cfd18e0/click] with body: {"element":"5af35f34-d9f1-4a13-9b83-03196cfd18e0"}
[debug] &amp#27;[35m[WD Proxy]&amp#27;[39m Got response with status 200: {"sessionId":"1d2663b0-61b3-49c6-bfa3-41f89d0a44da","value":null}
[debug] &amp#27;[35m[W3C (f650acb5)]&amp#27;[39m Responding to client with driver.click() result: null
&amp#27;[35m[HTTP]&amp#27;[39m &amp#27;[37m<-- POST /wd/hub/session/f650acb5-3a2d-4dbf-944e-815fac6c430a/element/5af35f34-d9f1-4a13-9b83-03196cfd18e0/click &amp#27;[39m&amp#27;[32m200&amp#27;[39m &amp#27;[90m1567 ms - 14&amp#27;[39m
&amp#27;[35m[HTTP]&amp#27;[39m &amp#27;[90m&amp#27;[39m
&amp#27;[35m[HTTP]&amp#27;[39m &amp#27;[37m-->&amp#27;[39m &amp#27;[37mGET&amp#27;[39m &amp#27;[37m/wd/hub/session/f650acb5-3a2d-4dbf-944e-815fac6c430a&amp#27;[39m
&amp#27;[35m[HTTP]&amp#27;[39m &amp#27;[90m{}&amp#27;[39m
[debug] &amp#27;[35m[W3C (f650acb5)]&amp#27;[39m Calling AppiumDriver.getSession() with args: ["f650acb5-3a2d-4dbf-944e-815fac6c430a"]
[debug] &amp#27;[35m[UiAutomator2]&amp#27;[39m Getting session details from server to mix in
[debug] &amp#27;[35m[WD Proxy]&amp#27;[39m Matched '/' to command name 'getSession'
[debug] &amp#27;[35m[WD Proxy]&amp#27;[39m Proxying [GET /] to [GET http://127.0.0.1:8201/wd/hub/session/1d2663b0-61b3-49c6-bfa3-41f89d0a44da] with no body
[debug] &amp#27;[35m[WD Proxy]&amp#27;[39m Got response with status 200: {"sessionId":"1d2663b0-61b3-49c6-bfa3-41f89d0a44da","value":{"lastScrollData":null}}
[debug] &amp#27;[35m[W3C (f650acb5)]&amp#27;[39m Responding to client with driver.getSession() result: {"platform":"LINUX","webStorageEnabled":false,"takesScreenshot":true,"javascriptEnabled":true,"databaseEnabled":false,"networkConnectionEnabled":true,"locationContextEnabled":false,"warnings":{},"desired":{"platformName":"android","app":"C:\\Users\\Anis\\eclipse-workspace\\Appium\\src\\ApiDemos-debug.apk","deviceName":"Redmi","newCommandTimeout":14},"platformName":"android","app":"C:\\Users\\Anis\\eclipse-workspace\\Appium\\src\\ApiDemos-debug.apk","deviceName":"55272e729804","newCommandTimeout":14,"deviceUDID":"55272e729804","appPackage":"io.appium.android.apis","deviceApiLevel":24,"platformVersion":"7.0","deviceScreenSize":"1080x1920","deviceScreenDensity":480,"deviceModel":"Redmi Note 4","deviceManufacturer":"Xiaomi","pixelRatio":3,"statBarHeight":72,"viewportRect":{"left":0,"top":72,"width":1080,"height":1848},"lastScrollData":null}
&amp#27;[35m[HTTP]&amp#27;[39m &amp#27;[37m<-- GET /wd/hub/session/f650acb5-3a2d-4dbf-944e-815fac6c430a &amp#27;[39m&amp#27;[32m200&amp#27;[39m &amp#27;[90m14 ms - 858&amp#27;[39m
&amp#27;[35m[HTTP]&amp#27;[39m &amp#27;[90m&amp#27;[39m
&amp#27;[35m[HTTP]&amp#27;[39m &amp#27;[37m-->&amp#27;[39m &amp#27;[37mPOST&amp#27;[39m &amp#27;[37m/wd/hub/session/f650acb5-3a2d-4dbf-944e-815fac6c430a/element&amp#27;[39m
&amp#27;[35m[HTTP]&amp#27;[39m &amp#27;[90m{"using":"class name","value":"android.widget.EditText"}&amp#27;[39m
[debug] &amp#27;[35m[W3C (f650acb5)]&amp#27;[39m Calling AppiumDriver.findElement() with args: ["class name","android.widget.EditText","f650acb5-3a2d-4dbf-944e-815fac6c430a"]
[debug] &amp#27;[35m[BaseDriver]&amp#27;[39m Valid locator strategies for this request: xpath, id, class name, accessibility id, css selector, -android uiautomator
[debug] &amp#27;[35m[BaseDriver]&amp#27;[39m Waiting up to 10000 ms for condition
[debug] &amp#27;[35m[WD Proxy]&amp#27;[39m Matched '/element' to command name 'findElement'
[debug] &amp#27;[35m[WD Proxy]&amp#27;[39m Proxying [POST /element] to [POST http://127.0.0.1:8201/wd/hub/session/1d2663b0-61b3-49c6-bfa3-41f89d0a44da/element] with body: {"strategy":"class name","selector":"android.widget.EditText","context":"","multiple":false}
[debug] &amp#27;[35m[WD Proxy]&amp#27;[39m Got response with status 200: {"sessionId":"1d2663b0-61b3-49c6-bfa3-41f89d0a44da","value":{"ELEMENT":"c3c36aea-366e-4ceb-b664-c4b901a12d21","element-6066-11e4-a52e-4f735466cecf":"c3c36aea-366e-4ceb-b664-c4b901a12d21"}}
[debug] &amp#27;[35m[W3C (f650acb5)]&amp#27;[39m Responding to client with driver.findElement() result: {"element-6066-11e4-a52e-4f735466cecf":"c3c36aea-366e-4ceb-b664-c4b901a12d21","ELEMENT":"c3c36aea-366e-4ceb-b664-c4b901a12d21"}
&amp#27;[35m[HTTP]&amp#27;[39m &amp#27;[37m<-- POST /wd/hub/session/f650acb5-3a2d-4dbf-944e-815fac6c430a/element &amp#27;[39m&amp#27;[32m200&amp#27;[39m &amp#27;[90m26 ms - 137&amp#27;[39m
&amp#27;[35m[HTTP]&amp#27;[39m &amp#27;[90m&amp#27;[39m
&amp#27;[35m[HTTP]&amp#27;[39m &amp#27;[37m-->&amp#27;[39m &amp#27;[37mPOST&amp#27;[39m &amp#27;[37m/wd/hub/session/f650acb5-3a2d-4dbf-944e-815fac6c430a/element/c3c36aea-366e-4ceb-b664-c4b901a12d21/value&amp#27;[39m
&amp#27;[35m[HTTP]&amp#27;[39m &amp#27;[90m{"id":"c3c36aea-366e-4ceb-b664-c4b901a12d21","text":"@#$%","value":["@","#","$","%"]}&amp#27;[39m
[debug] &amp#27;[35m[W3C (f650acb5)]&amp#27;[39m Calling AppiumDriver.setValue() with args: [["@","#","$","%"],"c3c36aea-366e-4ceb-b664-c4b901a12d21","f650acb5-3a2d-4dbf-944e-815fac6c430a"]
[debug] &amp#27;[35m[WD Proxy]&amp#27;[39m Matched '/element/c3c36aea-366e-4ceb-b664-c4b901a12d21/value' to command name 'setValue'
[debug] &amp#27;[35m[Protocol Converter]&amp#27;[39m Added 'value' property ["@","#","$","%"] to 'setValue' request body
[debug] &amp#27;[35m[WD Proxy]&amp#27;[39m Proxying [POST /element/c3c36aea-366e-4ceb-b664-c4b901a12d21/value] to [POST http://127.0.0.1:8201/wd/hub/session/1d2663b0-61b3-49c6-bfa3-41f89d0a44da/element/c3c36aea-366e-4ceb-b664-c4b901a12d21/value] with body: {"elementId":"c3c36aea-366e-4ceb-b664-c4b901a12d21","text":"@#$%","replace":false,"value":["@","#","$","%"]}
[debug] &amp#27;[35m[WD Proxy]&amp#27;[39m Got response with status 200: {"sessionId":"1d2663b0-61b3-49c6-bfa3-41f89d0a44da","value":null}
[debug] &amp#27;[35m[W3C (f650acb5)]&amp#27;[39m Responding to client with driver.setValue() result: null
&amp#27;[35m[HTTP]&amp#27;[39m &amp#27;[37m<-- POST /wd/hub/session/f650acb5-3a2d-4dbf-944e-815fac6c430a/element/c3c36aea-366e-4ceb-b664-c4b901a12d21/value &amp#27;[39m&amp#27;[32m200&amp#27;[39m &amp#27;[90m52 ms - 14&amp#27;[39m
&amp#27;[35m[HTTP]&amp#27;[39m &amp#27;[90m&amp#27;[39m
&amp#27;[35m[HTTP]&amp#27;[39m &amp#27;[37m-->&amp#27;[39m &amp#27;[37mGET&amp#27;[39m &amp#27;[37m/wd/hub/session/f650acb5-3a2d-4dbf-944e-815fac6c430a&amp#27;[39m
&amp#27;[35m[HTTP]&amp#27;[39m &amp#27;[90m{}&amp#27;[39m
[debug] &amp#27;[35m[W3C (f650acb5)]&amp#27;[39m Calling AppiumDriver.getSession() with args: ["f650acb5-3a2d-4dbf-944e-815fac6c430a"]
[debug] &amp#27;[35m[UiAutomator2]&amp#27;[39m Getting session details from server to mix in
[debug] &amp#27;[35m[WD Proxy]&amp#27;[39m Matched '/' to command name 'getSession'
[debug] &amp#27;[35m[WD Proxy]&amp#27;[39m Proxying [GET /] to [GET http://127.0.0.1:8201/wd/hub/session/1d2663b0-61b3-49c6-bfa3-41f89d0a44da] with no body
[debug] &amp#27;[35m[WD Proxy]&amp#27;[39m Got response with status 200: {"sessionId":"1d2663b0-61b3-49c6-bfa3-41f89d0a44da","value":{"lastScrollData":null}}
[debug] &amp#27;[35m[W3C (f650acb5)]&amp#27;[39m Responding to client with driver.getSession() result: {"platform":"LINUX","webStorageEnabled":false,"takesScreenshot":true,"javascriptEnabled":true,"databaseEnabled":false,"networkConnectionEnabled":true,"locationContextEnabled":false,"warnings":{},"desired":{"platformName":"android","app":"C:\\Users\\Anis\\eclipse-workspace\\Appium\\src\\ApiDemos-debug.apk","deviceName":"Redmi","newCommandTimeout":14},"platformName":"android","app":"C:\\Users\\Anis\\eclipse-workspace\\Appium\\src\\ApiDemos-debug.apk","deviceName":"55272e729804","newCommandTimeout":14,"deviceUDID":"55272e729804","appPackage":"io.appium.android.apis","deviceApiLevel":24,"platformVersion":"7.0","deviceScreenSize":"1080x1920","deviceScreenDensity":480,"deviceModel":"Redmi Note 4","deviceManufacturer":"Xiaomi","pixelRatio":3,"statBarHeight":72,"viewportRect":{"left":0,"top":72,"width":1080,"height":1848},"lastScrollData":null}
&amp#27;[35m[HTTP]&amp#27;[39m &amp#27;[37m<-- GET /wd/hub/session/f650acb5-3a2d-4dbf-944e-815fac6c430a &amp#27;[39m&amp#27;[32m200&amp#27;[39m &amp#27;[90m17 ms - 858&amp#27;[39m
&amp#27;[35m[HTTP]&amp#27;[39m &amp#27;[90m&amp#27;[39m
&amp#27;[35m[HTTP]&amp#27;[39m &amp#27;[37m-->&amp#27;[39m &amp#27;[37mPOST&amp#27;[39m &amp#27;[37m/wd/hub/session/f650acb5-3a2d-4dbf-944e-815fac6c430a/elements&amp#27;[39m
&amp#27;[35m[HTTP]&amp#27;[39m &amp#27;[90m{"using":"class name","value":"android.widget.Button"}&amp#27;[39m
[debug] &amp#27;[35m[W3C (f650acb5)]&amp#27;[39m Calling AppiumDriver.findElements() with args: ["class name","android.widget.Button","f650acb5-3a2d-4dbf-944e-815fac6c430a"]
[debug] &amp#27;[35m[BaseDriver]&amp#27;[39m Valid locator strategies for this request: xpath, id, class name, accessibility id, css selector, -android uiautomator
[debug] &amp#27;[35m[BaseDriver]&amp#27;[39m Waiting up to 10000 ms for condition
[debug] &amp#27;[35m[WD Proxy]&amp#27;[39m Matched '/elements' to command name 'findElements'
[debug] &amp#27;[35m[WD Proxy]&amp#27;[39m Proxying [POST /elements] to [POST http://127.0.0.1:8201/wd/hub/session/1d2663b0-61b3-49c6-bfa3-41f89d0a44da/elements] with body: {"strategy":"class name","selector":"android.widget.Button","context":"","multiple":true}
[debug] &amp#27;[35m[WD Proxy]&amp#27;[39m Got response with status 200: {"sessionId":"1d2663b0-61b3-49c6-bfa3-41f89d0a44da","value":[{"ELEMENT":"ea25c48a-2878-441e-a07e-66e47aa2d3f9","element-6066-11e4-a52e-4f735466cecf":"ea25c48a-2878-441e-a07e-66e47aa2d3f9"},{"ELEMENT":"ca1af16f-7a4a-4bd1-b953-fb73c91dfec1","element-6066-11e4-a52e-4f735466cecf":"ca1af16f-7a4a-4bd1-b953-fb73c91dfec1"}]}
[debug] &amp#27;[35m[W3C (f650acb5)]&amp#27;[39m Responding to client with driver.findElements() result: [{"element-6066-11e4-a52e-4f735466cecf":"ea25c48a-2878-441e-a07e-66e47aa2d3f9","ELEMENT":"ea25c48a-2878-441e-a07e-66e47aa2d3f9"},{"element-6066-11e4-a52e-4f735466cecf":"ca1af16f-7a4a-4bd1-b953-fb73c91dfec1","ELEMENT":"ca1af16f-7a4a-4bd1-b953-fb73c91dfec1"}]
&amp#27;[35m[HTTP]&amp#27;[39m &amp#27;[37m<-- POST /wd/hub/session/f650acb5-3a2d-4dbf-944e-815fac6c430a/elements &amp#27;[39m&amp#27;[32m200&amp#27;[39m &amp#27;[90m555 ms - 267&amp#27;[39m
&amp#27;[35m[HTTP]&amp#27;[39m &amp#27;[90m&amp#27;[39m
&amp#27;[35m[HTTP]&amp#27;[39m &amp#27;[37m-->&amp#27;[39m &amp#27;[37mPOST&amp#27;[39m &amp#27;[37m/wd/hub/session/f650acb5-3a2d-4dbf-944e-815fac6c430a/element/ca1af16f-7a4a-4bd1-b953-fb73c91dfec1/click&amp#27;[39m
&amp#27;[35m[HTTP]&amp#27;[39m &amp#27;[90m{"id":"ca1af16f-7a4a-4bd1-b953-fb73c91dfec1"}&amp#27;[39m
[debug] &amp#27;[35m[W3C (f650acb5)]&amp#27;[39m Calling AppiumDriver.click() with args: ["ca1af16f-7a4a-4bd1-b953-fb73c91dfec1","f650acb5-3a2d-4dbf-944e-815fac6c430a"]
[debug] &amp#27;[35m[WD Proxy]&amp#27;[39m Matched '/element/ca1af16f-7a4a-4bd1-b953-fb73c91dfec1/click' to command name 'click'
[debug] &amp#27;[35m[WD Proxy]&amp#27;[39m Proxying [POST /element/ca1af16f-7a4a-4bd1-b953-fb73c91dfec1/click] to [POST http://127.0.0.1:8201/wd/hub/session/1d2663b0-61b3-49c6-bfa3-41f89d0a44da/element/ca1af16f-7a4a-4bd1-b953-fb73c91dfec1/click] with body: {"element":"ca1af16f-7a4a-4bd1-b953-fb73c91dfec1"}
[debug] &amp#27;[35m[WD Proxy]&amp#27;[39m Got response with status 200: {"sessionId":"1d2663b0-61b3-49c6-bfa3-41f89d0a44da","value":null}
[debug] &amp#27;[35m[W3C (f650acb5)]&amp#27;[39m Responding to client with driver.click() result: null
&amp#27;[35m[HTTP]&amp#27;[39m &amp#27;[37m<-- POST /wd/hub/session/f650acb5-3a2d-4dbf-944e-815fac6c430a/element/ca1af16f-7a4a-4bd1-b953-fb73c91dfec1/click &amp#27;[39m&amp#27;[32m200&amp#27;[39m &amp#27;[90m74 ms - 14&amp#27;[39m
&amp#27;[35m[HTTP]&amp#27;[39m &amp#27;[90m&amp#27;[39m
]]></system-out>
    <system-err><![CDATA[Jun 07, 2021 6:39:55 PM io.appium.java_client.remote.AppiumCommandExecutor$1 lambda$0
INFO: Detected dialect: W3C
]]></system-err>
  </testcase>
</testsuite>