<?xml version="1.0" encoding="UTF-8"?>
<testsuite xmlns:xsi="http://www.w3.org/2001/XMLSchema-instance" xsi:noNamespaceSchemaLocation="https://maven.apache.org/surefire/maven-surefire-plugin/xsd/surefire-test-report-3.0.xsd" version="3.0" name="TestSuite" time="329.044" tests="5" errors="0" skipped="0" failures="0">
  <properties>
    <property name="sun.desktop" value="windows"/>
    <property name="awt.toolkit" value="sun.awt.windows.WToolkit"/>
    <property name="java.specification.version" value="11"/>
    <property name="sun.cpu.isalist" value="amd64"/>
    <property name="sun.jnu.encoding" value="Cp1252"/>
    <property name="java.class.path" value="C:\Users\Anis\eclipse-workspace\Appium\target\test-classes;C:\Users\Anis\eclipse-workspace\Appium\target\classes;C:\Users\Anis\.m2\repository\org\testng\testng\6.14.3\testng-6.14.3.jar;C:\Users\Anis\.m2\repository\com\beust\jcommander\1.72\jcommander-1.72.jar;C:\Users\Anis\.m2\repository\org\apache-extras\beanshell\bsh\2.0b6\bsh-2.0b6.jar;C:\Users\Anis\.m2\repository\org\apache\commons\commons-lang3\3.9\commons-lang3-3.9.jar;C:\Users\Anis\.m2\repository\commons-io\commons-io\2.6\commons-io-2.6.jar;C:\Users\Anis\.m2\repository\io\appium\java-client\7.0.0\java-client-7.0.0.jar;C:\Users\Anis\.m2\repository\org\seleniumhq\selenium\selenium-support\3.141.59\selenium-support-3.141.59.jar;C:\Users\Anis\.m2\repository\org\seleniumhq\selenium\selenium-api\3.141.59\selenium-api-3.141.59.jar;C:\Users\Anis\.m2\repository\com\google\code\gson\gson\2.8.5\gson-2.8.5.jar;C:\Users\Anis\.m2\repository\org\apache\httpcomponents\httpclient\4.5.6\httpclient-4.5.6.jar;C:\Users\Anis\.m2\repository\org\apache\httpcomponents\httpcore\4.4.10\httpcore-4.4.10.jar;C:\Users\Anis\.m2\repository\commons-codec\commons-codec\1.10\commons-codec-1.10.jar;C:\Users\Anis\.m2\repository\cglib\cglib\3.2.8\cglib-3.2.8.jar;C:\Users\Anis\.m2\repository\org\ow2\asm\asm\6.2.1\asm-6.2.1.jar;C:\Users\Anis\.m2\repository\org\apache\ant\ant\1.10.3\ant-1.10.3.jar;C:\Users\Anis\.m2\repository\org\apache\ant\ant-launcher\1.10.3\ant-launcher-1.10.3.jar;C:\Users\Anis\.m2\repository\org\springframework\spring-context\5.1.0.RELEASE\spring-context-5.1.0.RELEASE.jar;C:\Users\Anis\.m2\repository\org\springframework\spring-aop\5.1.0.RELEASE\spring-aop-5.1.0.RELEASE.jar;C:\Users\Anis\.m2\repository\org\springframework\spring-beans\5.1.0.RELEASE\spring-beans-5.1.0.RELEASE.jar;C:\Users\Anis\.m2\repository\org\springframework\spring-core\5.1.0.RELEASE\spring-core-5.1.0.RELEASE.jar;C:\Users\Anis\.m2\repository\org\springframework\spring-jcl\5.1.0.RELEASE\spring-jcl-5.1.0.RELEASE.jar;C:\Users\Anis\.m2\repository\org\springframework\spring-expression\5.1.0.RELEASE\spring-expression-5.1.0.RELEASE.jar;C:\Users\Anis\.m2\repository\org\aspectj\aspectjweaver\1.9.1\aspectjweaver-1.9.1.jar;C:\Users\Anis\.m2\repository\com\aventstack\extentreports\4.0.0\extentreports-4.0.0.jar;C:\Users\Anis\.m2\repository\org\freemarker\freemarker\2.3.23\freemarker-2.3.23.jar;C:\Users\Anis\.m2\repository\org\mongodb\mongodb-driver\3.3.0\mongodb-driver-3.3.0.jar;C:\Users\Anis\.m2\repository\org\mongodb\mongodb-driver-core\3.3.0\mongodb-driver-core-3.3.0.jar;C:\Users\Anis\.m2\repository\org\mongodb\bson\3.3.0\bson-3.3.0.jar;C:\Users\Anis\.m2\repository\org\apache\httpcomponents\httpmime\4.5.2\httpmime-4.5.2.jar;C:\Users\Anis\.m2\repository\commons-validator\commons-validator\1.6\commons-validator-1.6.jar;C:\Users\Anis\.m2\repository\commons-beanutils\commons-beanutils\1.9.2\commons-beanutils-1.9.2.jar;C:\Users\Anis\.m2\repository\commons-digester\commons-digester\1.8.1\commons-digester-1.8.1.jar;C:\Users\Anis\.m2\repository\commons-logging\commons-logging\1.2\commons-logging-1.2.jar;C:\Users\Anis\.m2\repository\commons-collections\commons-collections\3.2.2\commons-collections-3.2.2.jar;C:\Users\Anis\.m2\repository\org\slf4j\slf4j-simple\1.7.26\slf4j-simple-1.7.26.jar;C:\Users\Anis\.m2\repository\org\slf4j\slf4j-api\1.7.26\slf4j-api-1.7.26.jar;C:\Users\Anis\.m2\repository\org\seleniumhq\selenium\selenium-java\3.141.59\selenium-java-3.141.59.jar;C:\Users\Anis\.m2\repository\org\seleniumhq\selenium\selenium-chrome-driver\3.141.59\selenium-chrome-driver-3.141.59.jar;C:\Users\Anis\.m2\repository\org\seleniumhq\selenium\selenium-edge-driver\3.141.59\selenium-edge-driver-3.141.59.jar;C:\Users\Anis\.m2\repository\org\seleniumhq\selenium\selenium-firefox-driver\3.141.59\selenium-firefox-driver-3.141.59.jar;C:\Users\Anis\.m2\repository\org\seleniumhq\selenium\selenium-ie-driver\3.141.59\selenium-ie-driver-3.141.59.jar;C:\Users\Anis\.m2\repository\org\seleniumhq\selenium\selenium-opera-driver\3.141.59\selenium-opera-driver-3.141.59.jar;C:\Users\Anis\.m2\repository\org\seleniumhq\selenium\selenium-remote-driver\3.141.59\selenium-remote-driver-3.141.59.jar;C:\Users\Anis\.m2\repository\org\seleniumhq\selenium\selenium-safari-driver\3.141.59\selenium-safari-driver-3.141.59.jar;C:\Users\Anis\.m2\repository\net\bytebuddy\byte-buddy\1.8.15\byte-buddy-1.8.15.jar;C:\Users\Anis\.m2\repository\org\apache\commons\commons-exec\1.3\commons-exec-1.3.jar;C:\Users\Anis\.m2\repository\com\google\guava\guava\25.0-jre\guava-25.0-jre.jar;C:\Users\Anis\.m2\repository\com\google\code\findbugs\jsr305\1.3.9\jsr305-1.3.9.jar;C:\Users\Anis\.m2\repository\org\checkerframework\checker-compat-qual\2.0.0\checker-compat-qual-2.0.0.jar;C:\Users\Anis\.m2\repository\com\google\errorprone\error_prone_annotations\2.1.3\error_prone_annotations-2.1.3.jar;C:\Users\Anis\.m2\repository\com\google\j2objc\j2objc-annotations\1.1\j2objc-annotations-1.1.jar;C:\Users\Anis\.m2\repository\org\codehaus\mojo\animal-sniffer-annotations\1.14\animal-sniffer-annotations-1.14.jar;C:\Users\Anis\.m2\repository\com\squareup\okhttp3\okhttp\3.11.0\okhttp-3.11.0.jar;C:\Users\Anis\.m2\repository\com\squareup\okio\okio\1.14.0\okio-1.14.0.jar;C:\Users\Anis\.m2\repository\org\apache\logging\log4j\log4j-core\2.13.1\log4j-core-2.13.1.jar;C:\Users\Anis\.m2\repository\org\apache\logging\log4j\log4j-api\2.13.1\log4j-api-2.13.1.jar;"/>
    <property name="java.vm.vendor" value="Oracle Corporation"/>
    <property name="deviceName" value="Redmi"/>
    <property name="sun.arch.data.model" value="64"/>
    <property name="user.variant" value=""/>
    <property name="java.vendor.url" value="https://openjdk.java.net/"/>
    <property name="user.timezone" value="Asia/Calcutta"/>
    <property name="java.vm.specification.version" value="11"/>
    <property name="os.name" value="Windows 10"/>
    <property name="sun.java.launcher" value="SUN_STANDARD"/>
    <property name="user.country" value="IN"/>
    <property name="sun.boot.library.path" value="C:\Program Files\Java\jdk-11.0.11\bin"/>
    <property name="sun.java.command" value="C:\Users\Anis\AppData\Local\Temp\surefire16265995044490044680\surefirebooter1674361008534569327.jar C:\Users\Anis\AppData\Local\Temp\surefire16265995044490044680 2021-06-15T11-10-08_644-jvmRun1 surefire15207463314929724807tmp surefire_08852746709872405965tmp"/>
    <property name="jdk.debug" value="release"/>
    <property name="surefire.test.class.path" value="C:\Users\Anis\eclipse-workspace\Appium\target\test-classes;C:\Users\Anis\eclipse-workspace\Appium\target\classes;C:\Users\Anis\.m2\repository\org\testng\testng\6.14.3\testng-6.14.3.jar;C:\Users\Anis\.m2\repository\com\beust\jcommander\1.72\jcommander-1.72.jar;C:\Users\Anis\.m2\repository\org\apache-extras\beanshell\bsh\2.0b6\bsh-2.0b6.jar;C:\Users\Anis\.m2\repository\org\apache\commons\commons-lang3\3.9\commons-lang3-3.9.jar;C:\Users\Anis\.m2\repository\commons-io\commons-io\2.6\commons-io-2.6.jar;C:\Users\Anis\.m2\repository\io\appium\java-client\7.0.0\java-client-7.0.0.jar;C:\Users\Anis\.m2\repository\org\seleniumhq\selenium\selenium-support\3.141.59\selenium-support-3.141.59.jar;C:\Users\Anis\.m2\repository\org\seleniumhq\selenium\selenium-api\3.141.59\selenium-api-3.141.59.jar;C:\Users\Anis\.m2\repository\com\google\code\gson\gson\2.8.5\gson-2.8.5.jar;C:\Users\Anis\.m2\repository\org\apache\httpcomponents\httpclient\4.5.6\httpclient-4.5.6.jar;C:\Users\Anis\.m2\repository\org\apache\httpcomponents\httpcore\4.4.10\httpcore-4.4.10.jar;C:\Users\Anis\.m2\repository\commons-codec\commons-codec\1.10\commons-codec-1.10.jar;C:\Users\Anis\.m2\repository\cglib\cglib\3.2.8\cglib-3.2.8.jar;C:\Users\Anis\.m2\repository\org\ow2\asm\asm\6.2.1\asm-6.2.1.jar;C:\Users\Anis\.m2\repository\org\apache\ant\ant\1.10.3\ant-1.10.3.jar;C:\Users\Anis\.m2\repository\org\apache\ant\ant-launcher\1.10.3\ant-launcher-1.10.3.jar;C:\Users\Anis\.m2\repository\org\springframework\spring-context\5.1.0.RELEASE\spring-context-5.1.0.RELEASE.jar;C:\Users\Anis\.m2\repository\org\springframework\spring-aop\5.1.0.RELEASE\spring-aop-5.1.0.RELEASE.jar;C:\Users\Anis\.m2\repository\org\springframework\spring-beans\5.1.0.RELEASE\spring-beans-5.1.0.RELEASE.jar;C:\Users\Anis\.m2\repository\org\springframework\spring-core\5.1.0.RELEASE\spring-core-5.1.0.RELEASE.jar;C:\Users\Anis\.m2\repository\org\springframework\spring-jcl\5.1.0.RELEASE\spring-jcl-5.1.0.RELEASE.jar;C:\Users\Anis\.m2\repository\org\springframework\spring-expression\5.1.0.RELEASE\spring-expression-5.1.0.RELEASE.jar;C:\Users\Anis\.m2\repository\org\aspectj\aspectjweaver\1.9.1\aspectjweaver-1.9.1.jar;C:\Users\Anis\.m2\repository\com\aventstack\extentreports\4.0.0\extentreports-4.0.0.jar;C:\Users\Anis\.m2\repository\org\freemarker\freemarker\2.3.23\freemarker-2.3.23.jar;C:\Users\Anis\.m2\repository\org\mongodb\mongodb-driver\3.3.0\mongodb-driver-3.3.0.jar;C:\Users\Anis\.m2\repository\org\mongodb\mongodb-driver-core\3.3.0\mongodb-driver-core-3.3.0.jar;C:\Users\Anis\.m2\repository\org\mongodb\bson\3.3.0\bson-3.3.0.jar;C:\Users\Anis\.m2\repository\org\apache\httpcomponents\httpmime\4.5.2\httpmime-4.5.2.jar;C:\Users\Anis\.m2\repository\commons-validator\commons-validator\1.6\commons-validator-1.6.jar;C:\Users\Anis\.m2\repository\commons-beanutils\commons-beanutils\1.9.2\commons-beanutils-1.9.2.jar;C:\Users\Anis\.m2\repository\commons-digester\commons-digester\1.8.1\commons-digester-1.8.1.jar;C:\Users\Anis\.m2\repository\commons-logging\commons-logging\1.2\commons-logging-1.2.jar;C:\Users\Anis\.m2\repository\commons-collections\commons-collections\3.2.2\commons-collections-3.2.2.jar;C:\Users\Anis\.m2\repository\org\slf4j\slf4j-simple\1.7.26\slf4j-simple-1.7.26.jar;C:\Users\Anis\.m2\repository\org\slf4j\slf4j-api\1.7.26\slf4j-api-1.7.26.jar;C:\Users\Anis\.m2\repository\org\seleniumhq\selenium\selenium-java\3.141.59\selenium-java-3.141.59.jar;C:\Users\Anis\.m2\repository\org\seleniumhq\selenium\selenium-chrome-driver\3.141.59\selenium-chrome-driver-3.141.59.jar;C:\Users\Anis\.m2\repository\org\seleniumhq\selenium\selenium-edge-driver\3.141.59\selenium-edge-driver-3.141.59.jar;C:\Users\Anis\.m2\repository\org\seleniumhq\selenium\selenium-firefox-driver\3.141.59\selenium-firefox-driver-3.141.59.jar;C:\Users\Anis\.m2\repository\org\seleniumhq\selenium\selenium-ie-driver\3.141.59\selenium-ie-driver-3.141.59.jar;C:\Users\Anis\.m2\repository\org\seleniumhq\selenium\selenium-opera-driver\3.141.59\selenium-opera-driver-3.141.59.jar;C:\Users\Anis\.m2\repository\org\seleniumhq\selenium\selenium-remote-driver\3.141.59\selenium-remote-driver-3.141.59.jar;C:\Users\Anis\.m2\repository\org\seleniumhq\selenium\selenium-safari-driver\3.141.59\selenium-safari-driver-3.141.59.jar;C:\Users\Anis\.m2\repository\net\bytebuddy\byte-buddy\1.8.15\byte-buddy-1.8.15.jar;C:\Users\Anis\.m2\repository\org\apache\commons\commons-exec\1.3\commons-exec-1.3.jar;C:\Users\Anis\.m2\repository\com\google\guava\guava\25.0-jre\guava-25.0-jre.jar;C:\Users\Anis\.m2\repository\com\google\code\findbugs\jsr305\1.3.9\jsr305-1.3.9.jar;C:\Users\Anis\.m2\repository\org\checkerframework\checker-compat-qual\2.0.0\checker-compat-qual-2.0.0.jar;C:\Users\Anis\.m2\repository\com\google\errorprone\error_prone_annotations\2.1.3\error_prone_annotations-2.1.3.jar;C:\Users\Anis\.m2\repository\com\google\j2objc\j2objc-annotations\1.1\j2objc-annotations-1.1.jar;C:\Users\Anis\.m2\repository\org\codehaus\mojo\animal-sniffer-annotations\1.14\animal-sniffer-annotations-1.14.jar;C:\Users\Anis\.m2\repository\com\squareup\okhttp3\okhttp\3.11.0\okhttp-3.11.0.jar;C:\Users\Anis\.m2\repository\com\squareup\okio\okio\1.14.0\okio-1.14.0.jar;C:\Users\Anis\.m2\repository\org\apache\logging\log4j\log4j-core\2.13.1\log4j-core-2.13.1.jar;C:\Users\Anis\.m2\repository\org\apache\logging\log4j\log4j-api\2.13.1\log4j-api-2.13.1.jar;"/>
    <property name="sun.cpu.endian" value="little"/>
    <property name="user.home" value="C:\Users\Anis"/>
    <property name="user.language" value="en"/>
    <property name="java.specification.vendor" value="Oracle Corporation"/>
    <property name="java.version.date" value="2021-04-20"/>
    <property name="java.home" value="C:\Program Files\Java\jdk-11.0.11"/>
    <property name="file.separator" value="\"/>
    <property name="basedir" value="C:\Users\Anis\eclipse-workspace\Appium"/>
    <property name="java.vm.compressedOopsMode" value="32-bit"/>
    <property name="line.separator" value="&#10;"/>
    <property name="java.specification.name" value="Java Platform API Specification"/>
    <property name="java.vm.specification.vendor" value="Oracle Corporation"/>
    <property name="java.awt.graphicsenv" value="sun.awt.Win32GraphicsEnvironment"/>
    <property name="surefire.real.class.path" value="C:\Users\Anis\AppData\Local\Temp\surefire16265995044490044680\surefirebooter1674361008534569327.jar"/>
    <property name="user.script" value=""/>
    <property name="sun.management.compiler" value="HotSpot 64-Bit Tiered Compilers"/>
    <property name="java.runtime.version" value="11.0.11+9-LTS-194"/>
    <property name="user.name" value="Anis"/>
    <property name="path.separator" value=";"/>
    <property name="os.version" value="10.0"/>
    <property name="java.runtime.name" value="Java(TM) SE Runtime Environment"/>
    <property name="file.encoding" value="Cp1252"/>
    <property name="java.vm.name" value="Java HotSpot(TM) 64-Bit Server VM"/>
    <property name="java.vendor.version" value="18.9"/>
    <property name="localRepository" value="C:\Users\Anis\.m2\repository"/>
    <property name="java.vendor.url.bug" value="https://bugreport.java.com/bugreport/"/>
    <property name="java.io.tmpdir" value="C:\Users\Anis\AppData\Local\Temp\"/>
    <property name="java.version" value="11.0.11"/>
    <property name="user.dir" value="C:\Users\Anis\eclipse-workspace\Appium"/>
    <property name="os.arch" value="amd64"/>
    <property name="java.vm.specification.name" value="Java Virtual Machine Specification"/>
    <property name="java.awt.printerjob" value="sun.awt.windows.WPrinterJob"/>
    <property name="sun.os.patch.level" value=""/>
    <property name="java.library.path" value="C:\Program Files\Java\jdk-11.0.11\bin;C:\windows\Sun\Java\bin;C:\windows\system32;C:\windows;C:\Program Files\Common Files\Oracle\Java\javapath;C:\windows\system32;C:\windows;C:\windows\System32\Wbem;C:\windows\System32\WindowsPowerShell\v1.0\;C:\windows\System32\OpenSSH\;C:\Program Files\Java\jdk-11.0.11\bin;C:\Users\Anis\apache-maven-3.8.1\bin;C:\Program Files\nodejs\;C:\Program Files\Git\cmd;C:\Users\Anis\AppData\Local\Android\Sdk\platform-tools;C:\Users\Anis\AppData\Local\Android\Sdk\tools;C:\Users\Anis\AppData\Local\Android\Sdk\tools\bin;C:\Users\Anis\AppData\Roaming\npm;C:\Users\Anis\AppData\Local\Microsoft\WindowsApps;."/>
    <property name="java.vendor" value="Oracle Corporation"/>
    <property name="java.vm.info" value="mixed mode"/>
    <property name="java.vm.version" value="11.0.11+9-LTS-194"/>
    <property name="sun.io.unicode.encoding" value="UnicodeLittle"/>
    <property name="java.class.version" value="55.0"/>
  </properties>
  <testcase name="apiDemoTest[hello](1)" classname="ApiDemoTest" time="10.389">
    <system-out><![CDATA[[TestNGContentHandler] [WARN] It is strongly recommended to add "<!DOCTYPE suite SYSTEM "http://testng.org/testng-1.0.dtd" >" at the top of your file, otherwise TestNG may fail or not work as expected.
&amp#27;[35m[Appium]&amp#27;[39m Welcome to Appium v1.21.0
&amp#27;[35m[Appium]&amp#27;[39m Appium REST http interface listener started on 0.0.0.0:4723
&amp#27;[35m[HTTP]&amp#27;[39m &amp#27;[37m-->&amp#27;[39m &amp#27;[37mGET&amp#27;[39m &amp#27;[37m/wd/hub/status&amp#27;[39m
&amp#27;[35m[HTTP]&amp#27;[39m &amp#27;[90m{}&amp#27;[39m
[debug] &amp#27;[35m[GENERIC]&amp#27;[39m Calling AppiumDriver.getStatus() with args: []
[debug] &amp#27;[35m[GENERIC]&amp#27;[39m Responding to client with driver.getStatus() result: {"build":{"version":"1.21.0"}}
&amp#27;[35m[HTTP]&amp#27;[39m &amp#27;[37m<-- GET /wd/hub/status &amp#27;[39m&amp#27;[32m200&amp#27;[39m &amp#27;[90m56 ms - 68&amp#27;[39m
&amp#27;[35m[HTTP]&amp#27;[39m &amp#27;[90m&amp#27;[39m
&amp#27;[35m[HTTP]&amp#27;[39m &amp#27;[37m-->&amp#27;[39m &amp#27;[37mPOST&amp#27;[39m &amp#27;[37m/wd/hub/session&amp#27;[39m
&amp#27;[35m[HTTP]&amp#27;[39m &amp#27;[90m{"desiredCapabilities":{"app":"C:\\Users\\Anis\\eclipse-workspace\\Appium\\src\\ApiDemos-debug.apk","platformName":"Android","deviceName":"Redmi","newCommandTimeout":14},"capabilities":{"firstMatch":[{"appium:app":"C:\\Users\\Anis\\eclipse-workspace\\Appium\\src\\ApiDemos-debug.apk","appium:deviceName":"Redmi","appium:newCommandTimeout":14,"platformName":"android"}]}}&amp#27;[39m
[debug] &amp#27;[35m[W3C]&amp#27;[39m Calling AppiumDriver.createSession() with args: [{"app":"C:\\Users\\Anis\\eclipse-workspace\\Appium\\src\\ApiDemos-debug.apk","platformName":"Android","deviceName":"Redmi","newCommandTimeout":14},null,{"firstMatch":[{"appium:app":"C:\\Users\\Anis\\eclipse-workspace\\Appium\\src\\ApiDemos-debug.apk","appium:deviceName":"Redmi","appium:newCommandTimeout":14,"platformName":"android"}]}]
[debug] &amp#27;[35m[BaseDriver]&amp#27;[39m Event 'newSessionRequested' logged at 1623735655535 (11:10:55 GMT+0530 (India Standard Time))
&amp#27;[35m[Appium]&amp#27;[39m 
&amp#27;[35m[Appium]&amp#27;[39m ======================================================================
&amp#27;[35m[Appium]&amp#27;[39m   DEPRECATION WARNING:
&amp#27;[35m[Appium]&amp#27;[39m 
&amp#27;[35m[Appium]&amp#27;[39m   The 'automationName' capability was not provided in the desired 
&amp#27;[35m[Appium]&amp#27;[39m   capabilities for this Android session
&amp#27;[35m[Appium]&amp#27;[39m 
&amp#27;[35m[Appium]&amp#27;[39m   Setting 'automationName=UiAutomator2' by default and using the 
&amp#27;[35m[Appium]&amp#27;[39m   UiAutomator2 Driver
&amp#27;[35m[Appium]&amp#27;[39m 
&amp#27;[35m[Appium]&amp#27;[39m   The next major version of Appium (2.x) will **require** the 
&amp#27;[35m[Appium]&amp#27;[39m   'automationName' capability to be set for all sessions on all 
&amp#27;[35m[Appium]&amp#27;[39m   platforms
&amp#27;[35m[Appium]&amp#27;[39m 
&amp#27;[35m[Appium]&amp#27;[39m   In previous versions (Appium <= 1.13.x), the default was 
&amp#27;[35m[Appium]&amp#27;[39m   'automationName=UiAutomator1'
&amp#27;[35m[Appium]&amp#27;[39m 
&amp#27;[35m[Appium]&amp#27;[39m   If you wish to use that automation instead of UiAutomator2, please 
&amp#27;[35m[Appium]&amp#27;[39m   add 'automationName=UiAutomator1' to your desired capabilities
&amp#27;[35m[Appium]&amp#27;[39m 
&amp#27;[35m[Appium]&amp#27;[39m   For more information about drivers, please visit 
&amp#27;[35m[Appium]&amp#27;[39m   http://appium.io/docs/en/about-appium/intro/ and explore the 
&amp#27;[35m[Appium]&amp#27;[39m   'Drivers' menu
&amp#27;[35m[Appium]&amp#27;[39m 
&amp#27;[35m[Appium]&amp#27;[39m ======================================================================
&amp#27;[35m[Appium]&amp#27;[39m 
&amp#27;[35m[Appium]&amp#27;[39m Appium v1.21.0 creating new AndroidUiautomator2Driver (v1.65.0) session
[debug] &amp#27;[35m[BaseDriver]&amp#27;[39m W3C capabilities and MJSONWP desired capabilities were provided
[debug] &amp#27;[35m[BaseDriver]&amp#27;[39m Creating session with W3C capabilities: {
[debug] &amp#27;[35m[BaseDriver]&amp#27;[39m   "alwaysMatch": {
[debug] &amp#27;[35m[BaseDriver]&amp#27;[39m     "platformName": "android",
[debug] &amp#27;[35m[BaseDriver]&amp#27;[39m     "appium:app": "C:\\Users\\Anis\\eclipse-workspace\\Appium\\src\\ApiDemos-debug.apk",
[debug] &amp#27;[35m[BaseDriver]&amp#27;[39m     "appium:deviceName": "Redmi",
[debug] &amp#27;[35m[BaseDriver]&amp#27;[39m     "appium:newCommandTimeout": 14
[debug] &amp#27;[35m[BaseDriver]&amp#27;[39m   },
[debug] &amp#27;[35m[BaseDriver]&amp#27;[39m   "firstMatch": [
[debug] &amp#27;[35m[BaseDriver]&amp#27;[39m     {}
[debug] &amp#27;[35m[BaseDriver]&amp#27;[39m   ]
[debug] &amp#27;[35m[BaseDriver]&amp#27;[39m }
&amp#27;[35m[BaseDriver]&amp#27;[39m Session created with session id: a46facd9-87a1-4938-90bd-474741089efc
&amp#27;[35m[BaseDriver]&amp#27;[39m Using local app 'C:\Users\Anis\eclipse-workspace\Appium\src\ApiDemos-debug.apk'
[debug] &amp#27;[35m[UiAutomator2]&amp#27;[39m Checking whether app is actually present
&amp#27;[35m[ADB]&amp#27;[39m Found 2 'build-tools' folders under 'C:\Users\Anis\AppData\Local\Android\Sdk' (newest first):
&amp#27;[35m[ADB]&amp#27;[39m     C:/Users/Anis/AppData/Local/Android/Sdk/build-tools/31.0.0-rc4
&amp#27;[35m[ADB]&amp#27;[39m     C:/Users/Anis/AppData/Local/Android/Sdk/build-tools/30.0.3
&amp#27;[35m[ADB]&amp#27;[39m Using 'adb.exe' from 'C:\Users\Anis\AppData\Local\Android\Sdk\platform-tools\adb.exe'
[debug] &amp#27;[35m[ADB]&amp#27;[39m Running 'C:\Users\Anis\AppData\Local\Android\Sdk\platform-tools\adb.exe -P 5037 start-server'
&amp#27;[35m[AndroidDriver]&amp#27;[39m Retrieving device list
[debug] &amp#27;[35m[ADB]&amp#27;[39m Trying to find a connected android device
[debug] &amp#27;[35m[ADB]&amp#27;[39m Getting connected devices
[debug] &amp#27;[35m[ADB]&amp#27;[39m Connected devices: [{"udid":"55272e729804","state":"device"}]
&amp#27;[35m[AndroidDriver]&amp#27;[39m Using device: 55272e729804
&amp#27;[35m[ADB]&amp#27;[39m Using 'adb.exe' from 'C:\Users\Anis\AppData\Local\Android\Sdk\platform-tools\adb.exe'
[debug] &amp#27;[35m[ADB]&amp#27;[39m Running 'C:\Users\Anis\AppData\Local\Android\Sdk\platform-tools\adb.exe -P 5037 start-server'
[debug] &amp#27;[35m[ADB]&amp#27;[39m Setting device id to 55272e729804
[debug] &amp#27;[35m[ADB]&amp#27;[39m Running 'C:\Users\Anis\AppData\Local\Android\Sdk\platform-tools\adb.exe -P 5037 -s 55272e729804 shell getprop ro.build.version.sdk'
[debug] &amp#27;[35m[ADB]&amp#27;[39m Current device property 'ro.build.version.sdk': 24
[debug] &amp#27;[35m[ADB]&amp#27;[39m Device API level: 24
[debug] &amp#27;[35m[AndroidDriver]&amp#27;[39m Parsing package and activity from app manifest
&amp#27;[35m[ADB]&amp#27;[39m Package name: 'io.appium.android.apis'
&amp#27;[35m[ADB]&amp#27;[39m Main activity name: 'ApiDemos'
[debug] &amp#27;[35m[AndroidDriver]&amp#27;[39m Parsed package and activity are: io.appium.android.apis/ApiDemos
[debug] &amp#27;[35m[ADB]&amp#27;[39m Running 'C:\Users\Anis\AppData\Local\Android\Sdk\platform-tools\adb.exe -P 5037 -s 55272e729804 wait-for-device'
[debug] &amp#27;[35m[ADB]&amp#27;[39m Running 'C:\Users\Anis\AppData\Local\Android\Sdk\platform-tools\adb.exe -P 5037 -s 55272e729804 shell echo ping'
[debug] &amp#27;[35m[AndroidDriver]&amp#27;[39m Pushing settings apk to device...
[debug] &amp#27;[35m[ADB]&amp#27;[39m Getting install status for io.appium.settings
[debug] &amp#27;[35m[ADB]&amp#27;[39m Running 'C:\Users\Anis\AppData\Local\Android\Sdk\platform-tools\adb.exe -P 5037 -s 55272e729804 shell dumpsys package io.appium.settings'
[debug] &amp#27;[35m[ADB]&amp#27;[39m 'io.appium.settings' is installed
[debug] &amp#27;[35m[ADB]&amp#27;[39m Getting package info for 'io.appium.settings'
[debug] &amp#27;[35m[ADB]&amp#27;[39m Running 'C:\Users\Anis\AppData\Local\Android\Sdk\platform-tools\adb.exe -P 5037 -s 55272e729804 shell dumpsys package io.appium.settings'
[debug] &amp#27;[35m[ADB]&amp#27;[39m The version name of the installed 'io.appium.settings' is greater or equal to the application version name ('3.3.0' >= '3.3.0')
[debug] &amp#27;[35m[ADB]&amp#27;[39m There is no need to install/upgrade 'C:\Users\Anis\AppData\Roaming\npm\node_modules\appium\node_modules\io.appium.settings\apks\settings_apk-debug.apk'
[debug] &amp#27;[35m[ADB]&amp#27;[39m Getting IDs of all 'io.appium.settings' processes
[debug] &amp#27;[35m[ADB]&amp#27;[39m Running 'C:\Users\Anis\AppData\Local\Android\Sdk\platform-tools\adb.exe -P 5037 -s 55272e729804 shell 'pgrep --help; echo $?''
[debug] &amp#27;[35m[ADB]&amp#27;[39m Running 'C:\Users\Anis\AppData\Local\Android\Sdk\platform-tools\adb.exe -P 5037 -s 55272e729804 shell 'pgrep ^appium\\.settings$ || pgrep ^io\\.appium\\.setti$''
[debug] &amp#27;[35m[ADB]&amp#27;[39m Getting IDs of all 'io.appium.settings' processes
[debug] &amp#27;[35m[ADB]&amp#27;[39m Running 'C:\Users\Anis\AppData\Local\Android\Sdk\platform-tools\adb.exe -P 5037 -s 55272e729804 shell 'pgrep ^appium\\.settings$ || pgrep ^io\\.appium\\.setti$''
[debug] &amp#27;[35m[ADB]&amp#27;[39m Starting Appium Settings app
[debug] &amp#27;[35m[ADB]&amp#27;[39m Running 'C:\Users\Anis\AppData\Local\Android\Sdk\platform-tools\adb.exe -P 5037 -s 55272e729804 shell am start -n io.appium.settings/.Settings -a android.intent.action.MAIN -c android.intent.category.LAUNCHER'
[debug] &amp#27;[35m[ADB]&amp#27;[39m Getting IDs of all 'io.appium.settings' processes
[debug] &amp#27;[35m[ADB]&amp#27;[39m Running 'C:\Users\Anis\AppData\Local\Android\Sdk\platform-tools\adb.exe -P 5037 -s 55272e729804 shell 'pgrep ^appium\\.settings$ || pgrep ^io\\.appium\\.setti$''
[debug] &amp#27;[35m[ADB]&amp#27;[39m Running 'C:\Users\Anis\AppData\Local\Android\Sdk\platform-tools\adb.exe -P 5037 -s 55272e729804 shell appops set io.appium.settings android:mock_location allow'
[debug] &amp#27;[35m[Logcat]&amp#27;[39m Starting logs capture with command: C:\\Users\\Anis\\AppData\\Local\\Android\\Sdk\\platform-tools\\adb.exe -P 5037 -s 55272e729804 logcat -v threadtime
[debug] &amp#27;[35m[UiAutomator2]&amp#27;[39m Forwarding UiAutomator2 Server port 6790 to local port 8200
[debug] &amp#27;[35m[ADB]&amp#27;[39m Forwarding system: 8200 to device: 6790
[debug] &amp#27;[35m[ADB]&amp#27;[39m Running 'C:\Users\Anis\AppData\Local\Android\Sdk\platform-tools\adb.exe -P 5037 -s 55272e729804 forward tcp:8200 tcp:6790'
[debug] &amp#27;[35m[ADB]&amp#27;[39m Getting install status for io.appium.uiautomator2.server
[debug] &amp#27;[35m[ADB]&amp#27;[39m Running 'C:\Users\Anis\AppData\Local\Android\Sdk\platform-tools\adb.exe -P 5037 -s 55272e729804 shell dumpsys package io.appium.uiautomator2.server'
[debug] &amp#27;[35m[ADB]&amp#27;[39m 'io.appium.uiautomator2.server' is installed
[debug] &amp#27;[35m[ADB]&amp#27;[39m Getting package info for 'io.appium.uiautomator2.server'
[debug] &amp#27;[35m[ADB]&amp#27;[39m Running 'C:\Users\Anis\AppData\Local\Android\Sdk\platform-tools\adb.exe -P 5037 -s 55272e729804 shell dumpsys package io.appium.uiautomator2.server'
[debug] &amp#27;[35m[ADB]&amp#27;[39m The version name of the installed 'io.appium.uiautomator2.server' is greater or equal to the application version name ('4.21.1' >= '4.21.1')
[debug] &amp#27;[35m[UiAutomator2]&amp#27;[39m io.appium.uiautomator2.server installation state: sameVersionInstalled
[debug] &amp#27;[35m[ADB]&amp#27;[39m Checking app cert for C:\Users\Anis\AppData\Roaming\npm\node_modules\appium\node_modules\appium-uiautomator2-server\apks\appium-uiautomator2-server-v4.21.1.apk
&amp#27;[35m[ADB]&amp#27;[39m Using 'apksigner.jar' from 'C:\Users\Anis\AppData\Local\Android\Sdk\build-tools\31.0.0-rc4\lib\apksigner.jar'
[debug] &amp#27;[35m[ADB]&amp#27;[39m Starting apksigner: 'C:\\Program Files\\Java\\jdk-11.0.11\\bin\\java.exe' -Xmx1024M -Xss1m -jar C:\\Users\\Anis\\AppData\\Local\\Android\\Sdk\\build-tools\\31.0.0-rc4\\lib\\apksigner.jar verify --print-certs C:\\Users\\Anis\\AppData\\Roaming\\npm\\node_modules\\appium\\node_modules\\appium-uiautomator2-server\\apks\\appium-uiautomator2-server-v4.21.1.apk
[debug] &amp#27;[35m[ADB]&amp#27;[39m apksigner stdout: Signer #1 certificate DN: EMAILADDRESS=android@android.com, CN=Android, OU=Android, O=Android, L=Mountain View, ST=California, C=US
[debug] &amp#27;[35m[ADB]&amp#27;[39m Signer #1 certificate SHA-256 digest: a40da80a59d170caa950cf15c18c454d47a39b26989d8b640ecd745ba71bf5dc
[debug] &amp#27;[35m[ADB]&amp#27;[39m Signer #1 certificate SHA-1 digest: 61ed377e85d386a8dfee6b864bd85b0bfaa5af81
[debug] &amp#27;[35m[ADB]&amp#27;[39m Signer #1 certificate MD5 digest: e89b158e4bcf988ebd09eb83f5378e87
[debug] &amp#27;[35m[ADB]&amp#27;[39m 
[debug] &amp#27;[35m[ADB]&amp#27;[39m sha256 hash did match for 'appium-uiautomator2-server-v4.21.1.apk'
&amp#27;[35m[ADB]&amp#27;[39m 'C:\Users\Anis\AppData\Roaming\npm\node_modules\appium\node_modules\appium-uiautomator2-server\apks\appium-uiautomator2-server-v4.21.1.apk' is signed with the default certificate
[debug] &amp#27;[35m[ADB]&amp#27;[39m Getting install status for io.appium.uiautomator2.server.test
[debug] &amp#27;[35m[ADB]&amp#27;[39m Running 'C:\Users\Anis\AppData\Local\Android\Sdk\platform-tools\adb.exe -P 5037 -s 55272e729804 shell dumpsys package io.appium.uiautomator2.server.test'
[debug] &amp#27;[35m[ADB]&amp#27;[39m 'io.appium.uiautomator2.server.test' is installed
[debug] &amp#27;[35m[ADB]&amp#27;[39m Checking app cert for C:\Users\Anis\AppData\Roaming\npm\node_modules\appium\node_modules\appium-uiautomator2-server\apks\appium-uiautomator2-server-debug-androidTest.apk
[debug] &amp#27;[35m[ADB]&amp#27;[39m Starting apksigner: 'C:\\Program Files\\Java\\jdk-11.0.11\\bin\\java.exe' -Xmx1024M -Xss1m -jar C:\\Users\\Anis\\AppData\\Local\\Android\\Sdk\\build-tools\\31.0.0-rc4\\lib\\apksigner.jar verify --print-certs C:\\Users\\Anis\\AppData\\Roaming\\npm\\node_modules\\appium\\node_modules\\appium-uiautomator2-server\\apks\\appium-uiautomator2-server-debug-androidTest.apk
[debug] &amp#27;[35m[ADB]&amp#27;[39m apksigner stdout: Signer #1 certificate DN: EMAILADDRESS=android@android.com, CN=Android, OU=Android, O=Android, L=Mountain View, ST=California, C=US
[debug] &amp#27;[35m[ADB]&amp#27;[39m Signer #1 certificate SHA-256 digest: a40da80a59d170caa950cf15c18c454d47a39b26989d8b640ecd745ba71bf5dc
[debug] &amp#27;[35m[ADB]&amp#27;[39m Signer #1 certificate SHA-1 digest: 61ed377e85d386a8dfee6b864bd85b0bfaa5af81
[debug] &amp#27;[35m[ADB]&amp#27;[39m Signer #1 certificate MD5 digest: e89b158e4bcf988ebd09eb83f5378e87
[debug] &amp#27;[35m[ADB]&amp#27;[39m 
[debug] &amp#27;[35m[ADB]&amp#27;[39m sha256 hash did match for 'appium-uiautomator2-server-debug-androidTest.apk'
&amp#27;[35m[ADB]&amp#27;[39m 'C:\Users\Anis\AppData\Roaming\npm\node_modules\appium\node_modules\appium-uiautomator2-server\apks\appium-uiautomator2-server-debug-androidTest.apk' is signed with the default certificate
&amp#27;[35m[UiAutomator2]&amp#27;[39m Server packages are not going to be (re)installed
[debug] &amp#27;[35m[UiAutomator2]&amp#27;[39m Waiting up to 30000ms for services to be available
[debug] &amp#27;[35m[ADB]&amp#27;[39m Running 'C:\Users\Anis\AppData\Local\Android\Sdk\platform-tools\adb.exe -P 5037 -s 55272e729804 shell pm list instrumentation'
[debug] &amp#27;[35m[UiAutomator2]&amp#27;[39m Instrumentation target 'io.appium.uiautomator2.server.test/androidx.test.runner.AndroidJUnitRunner' is available
&amp#27;[35m[ADB]&amp#27;[39m Adding packages ["io.appium.settings","io.appium.uiautomator2.server","io.appium.uiautomator2.server.test"] to Doze whitelist
[debug] &amp#27;[35m[ADB]&amp#27;[39m Got the following command chunks to execute: [["dumpsys","deviceidle","whitelist","+io.appium.settings",";","dumpsys","deviceidle","whitelist","+io.appium.uiautomator2.server",";","dumpsys","deviceidle","whitelist","+io.appium.uiautomator2.server.test",";"]]
[debug] &amp#27;[35m[ADB]&amp#27;[39m Running 'C:\Users\Anis\AppData\Local\Android\Sdk\platform-tools\adb.exe -P 5037 -s 55272e729804 shell dumpsys deviceidle whitelist +io.appium.settings ; dumpsys deviceidle whitelist +io.appium.uiautomator2.server ; dumpsys deviceidle whitelist +io.appium.uiautomator2.server.test ;'
[debug] &amp#27;[35m[ADB]&amp#27;[39m Checking app cert for C:\Users\Anis\eclipse-workspace\Appium\src\ApiDemos-debug.apk
[debug] &amp#27;[35m[ADB]&amp#27;[39m Starting apksigner: 'C:\\Program Files\\Java\\jdk-11.0.11\\bin\\java.exe' -Xmx1024M -Xss1m -jar C:\\Users\\Anis\\AppData\\Local\\Android\\Sdk\\build-tools\\31.0.0-rc4\\lib\\apksigner.jar verify --print-certs C:\\Users\\Anis\\eclipse-workspace\\Appium\\src\\ApiDemos-debug.apk
[debug] &amp#27;[35m[ADB]&amp#27;[39m apksigner stdout: Signer #1 certificate DN: EMAILADDRESS=android@android.com, CN=Android, OU=Android, O=Android, L=Mountain View, ST=California, C=US
[debug] &amp#27;[35m[ADB]&amp#27;[39m Signer #1 certificate SHA-256 digest: a40da80a59d170caa950cf15c18c454d47a39b26989d8b640ecd745ba71bf5dc
[debug] &amp#27;[35m[ADB]&amp#27;[39m Signer #1 certificate SHA-1 digest: 61ed377e85d386a8dfee6b864bd85b0bfaa5af81
[debug] &amp#27;[35m[ADB]&amp#27;[39m Signer #1 certificate MD5 digest: e89b158e4bcf988ebd09eb83f5378e87
[debug] &amp#27;[35m[ADB]&amp#27;[39m 
[debug] &amp#27;[35m[ADB]&amp#27;[39m sha256 hash did match for 'ApiDemos-debug.apk'
&amp#27;[35m[ADB]&amp#27;[39m 'C:\Users\Anis\eclipse-workspace\Appium\src\ApiDemos-debug.apk' is signed with the default certificate
[debug] &amp#27;[35m[ADB]&amp#27;[39m Getting install status for io.appium.android.apis
[debug] &amp#27;[35m[ADB]&amp#27;[39m Running 'C:\Users\Anis\AppData\Local\Android\Sdk\platform-tools\adb.exe -P 5037 -s 55272e729804 shell dumpsys package io.appium.android.apis'
[debug] &amp#27;[35m[ADB]&amp#27;[39m 'io.appium.android.apis' is installed
[debug] &amp#27;[35m[ADB]&amp#27;[39m Getting package info for 'io.appium.android.apis'
[debug] &amp#27;[35m[ADB]&amp#27;[39m Running 'C:\Users\Anis\AppData\Local\Android\Sdk\platform-tools\adb.exe -P 5037 -s 55272e729804 shell dumpsys package io.appium.android.apis'
&amp#27;[35m[ADB]&amp#27;[39m Cannot read version codes of 'C:\Users\Anis\eclipse-workspace\Appium\src\ApiDemos-debug.apk' and/or 'io.appium.android.apis'
&amp#27;[35m[ADB]&amp#27;[39m Cannot read version names of 'C:\Users\Anis\eclipse-workspace\Appium\src\ApiDemos-debug.apk' and/or 'io.appium.android.apis'
[debug] &amp#27;[35m[ADB]&amp#27;[39m The current install state of 'C:\Users\Anis\eclipse-workspace\Appium\src\ApiDemos-debug.apk' is unknown. Installing anyway
[debug] &amp#27;[35m[ADB]&amp#27;[39m Running 'C:\Users\Anis\AppData\Local\Android\Sdk\platform-tools\adb.exe -P 5037 -s 55272e729804 help'
[debug] &amp#27;[35m[ADB]&amp#27;[39m Running 'C:\Users\Anis\AppData\Local\Android\Sdk\platform-tools\adb.exe -P 5037 -s 55272e729804 features'
&amp#27;[35m[ADB]&amp#27;[39m The application at 'C:\Users\Anis\eclipse-workspace\Appium\src\ApiDemos-debug.apk' will not be cached, because the device under test has confirmed the support of streamed installs
[debug] &amp#27;[35m[ADB]&amp#27;[39m Running 'C:\Users\Anis\AppData\Local\Android\Sdk\platform-tools\adb.exe -P 5037 -s 55272e729804 install -r C:\Users\Anis\eclipse-workspace\Appium\src\ApiDemos-debug.apk'
&amp#27;[35m[ADB]&amp#27;[39m The installation of 'ApiDemos-debug.apk' took 14121ms
[debug] &amp#27;[35m[ADB]&amp#27;[39m Install command stdout: Performing Streamed Install
[debug] &amp#27;[35m[ADB]&amp#27;[39m Success
&amp#27;[35m[AndroidDriver]&amp#27;[39m Performing fast reset on 'io.appium.android.apis'
[debug] &amp#27;[35m[ADB]&amp#27;[39m Getting install status for io.appium.android.apis
[debug] &amp#27;[35m[ADB]&amp#27;[39m Running 'C:\Users\Anis\AppData\Local\Android\Sdk\platform-tools\adb.exe -P 5037 -s 55272e729804 shell dumpsys package io.appium.android.apis'
[debug] &amp#27;[35m[ADB]&amp#27;[39m 'io.appium.android.apis' is installed
[debug] &amp#27;[35m[ADB]&amp#27;[39m Running 'C:\Users\Anis\AppData\Local\Android\Sdk\platform-tools\adb.exe -P 5037 -s 55272e729804 shell am force-stop io.appium.android.apis'
[debug] &amp#27;[35m[ADB]&amp#27;[39m Running 'C:\Users\Anis\AppData\Local\Android\Sdk\platform-tools\adb.exe -P 5037 -s 55272e729804 shell pm clear io.appium.android.apis'
[debug] &amp#27;[35m[AndroidDriver]&amp#27;[39m Performed fast reset on the installed 'io.appium.android.apis' application (stop and clear)
[debug] &amp#27;[35m[UiAutomator2]&amp#27;[39m Performing shallow cleanup of automation leftovers
[debug] &amp#27;[35m[UiAutomator2]&amp#27;[39m No obsolete sessions have been detected (socket hang up)
[debug] &amp#27;[35m[ADB]&amp#27;[39m Running 'C:\Users\Anis\AppData\Local\Android\Sdk\platform-tools\adb.exe -P 5037 -s 55272e729804 shell am force-stop io.appium.uiautomator2.server.test'
&amp#27;[35m[UiAutomator2]&amp#27;[39m Starting UIAutomator2 server 4.21.1
&amp#27;[35m[UiAutomator2]&amp#27;[39m Using UIAutomator2 server from 'C:\Users\Anis\AppData\Roaming\npm\node_modules\appium\node_modules\appium-uiautomator2-server\apks\appium-uiautomator2-server-v4.21.1.apk' and test from 'C:\Users\Anis\AppData\Roaming\npm\node_modules\appium\node_modules\appium-uiautomator2-server\apks\appium-uiautomator2-server-debug-androidTest.apk'
&amp#27;[35m[UiAutomator2]&amp#27;[39m Waiting up to 30000ms for UiAutomator2 to be online...
[debug] &amp#27;[35m[ADB]&amp#27;[39m Creating ADB subprocess with args: ["-P",5037,"-s","55272e729804","shell","am","instrument","-w","-e","disableAnalytics",true,"io.appium.uiautomator2.server.test/androidx.test.runner.AndroidJUnitRunner"]
[debug] &amp#27;[35m[WD Proxy]&amp#27;[39m Matched '/status' to command name 'getStatus'
[debug] &amp#27;[35m[WD Proxy]&amp#27;[39m Proxying [GET /status] to [GET http://127.0.0.1:8200/wd/hub/status] with no body
&amp#27;[35m[WD Proxy]&amp#27;[39m socket hang up
[debug] &amp#27;[35m[WD Proxy]&amp#27;[39m Matched '/status' to command name 'getStatus'
[debug] &amp#27;[35m[WD Proxy]&amp#27;[39m Proxying [GET /status] to [GET http://127.0.0.1:8200/wd/hub/status] with no body
&amp#27;[35m[WD Proxy]&amp#27;[39m socket hang up
[debug] &amp#27;[35m[Instrumentation]&amp#27;[39m io.appium.uiautomator2.server.test.AppiumUiAutomator2Server:
[debug] &amp#27;[35m[WD Proxy]&amp#27;[39m Matched '/status' to command name 'getStatus'
[debug] &amp#27;[35m[WD Proxy]&amp#27;[39m Proxying [GET /status] to [GET http://127.0.0.1:8200/wd/hub/status] with no body
&amp#27;[35m[WD Proxy]&amp#27;[39m socket hang up
[debug] &amp#27;[35m[WD Proxy]&amp#27;[39m Matched '/status' to command name 'getStatus'
[debug] &amp#27;[35m[WD Proxy]&amp#27;[39m Proxying [GET /status] to [GET http://127.0.0.1:8200/wd/hub/status] with no body
[debug] &amp#27;[35m[WD Proxy]&amp#27;[39m Got response with status 200: {"sessionId":"None","value":{"message":"UiAutomator2 Server is ready to accept commands","ready":true}}
[debug] &amp#27;[35m[UiAutomator2]&amp#27;[39m The initialization of the instrumentation process took 3140ms
[debug] &amp#27;[35m[WD Proxy]&amp#27;[39m Matched '/session' to command name 'createSession'
[debug] &amp#27;[35m[WD Proxy]&amp#27;[39m Proxying [POST /session] to [POST http://127.0.0.1:8200/wd/hub/session] with body: {"capabilities":{"firstMatch":[{"platform":"LINUX","webStorageEnabled":false,"takesScreenshot":true,"javascriptEnabled":true,"databaseEnabled":false,"networkConnectionEnabled":true,"locationContextEnabled":false,"warnings":{},"desired":{"platformName":"android","app":"C:\\Users\\Anis\\eclipse-workspace\\Appium\\src\\ApiDemos-debug.apk","deviceName":"Redmi","newCommandTimeout":14},"platformName":"android","app":"C:\\Users\\Anis\\eclipse-workspace\\Appium\\src\\ApiDemos-debug.apk","deviceName":"55272e729804","newCommandTimeout":14,"deviceUDID":"55272e729804","appPackage":"io.appium.android.apis"}],"alwaysMatch":{}}}
[debug] &amp#27;[35m[WD Proxy]&amp#27;[39m Got response with status 200: {"sessionId":"03f710e0-b3bc-436a-af5c-0a33ecb375c5","value":{"capabilities":{"firstMatch":[{"platform":"LINUX","webStorageEnabled":false,"takesScreenshot":true,"javascriptEnabled":true,"databaseEnabled":false,"networkConnectionEnabled":true,"locationContextEnabled":false,"warnings":{},"desired":{"platformName":"android","app":"C:\\Users\\Anis\\eclipse-workspace\\Appium\\src\\ApiDemos-debug.apk","deviceName":"Redmi","newCommandTimeout":14},"platformName":"android","app":"C:\\Users\\Anis\\eclipse-workspace\\Appium\\src\\ApiDemos-debug.apk","deviceName":"55272e729804","newCommandTimeout":14,"deviceUDID":"55272e729804","appPackage":"io.appium.android.apis"}],"alwaysMatch":{}},"sessionId":"03f710e0-b3bc-436a-af5c-0a33ecb375c5"}}
&amp#27;[35m[WD Proxy]&amp#27;[39m Determined the downstream protocol as 'W3C'
[debug] &amp#27;[35m[WD Proxy]&amp#27;[39m Proxying [GET /appium/device/info] to [GET http://127.0.0.1:8200/wd/hub/session/03f710e0-b3bc-436a-af5c-0a33ecb375c5/appium/device/info] with no body
[debug] &amp#27;[35m[WD Proxy]&amp#27;[39m Got response with status 200: {"sessionId":"03f710e0-b3bc-436a-af5c-0a33ecb375c5","value":{"androidId":"62e279822e2e3c5b","apiVersion":"24","bluetooth":{"state":"OFF"},"brand":"xiaomi","carrierName":"airtel","displayDensity":480,"locale":"en_GB","manufacturer":"Xiaomi","model":"Redmi Note 4","networks":[{"capabilities":{"SSID":null,"linkDownBandwidthKbps":102400,"linkUpstreamBandwidthKbps":51200,"networkCapabilities":"NET_CAPABILITY_NOT_METERED,NET_CAPABILITY_NOT_RESTRICTED,NET_CAPABILITY_IMS,NET_CAPABILITY_NOT_VPN,NET_CAPABILITY_TRUSTED,NET_CAPABILITY_VALIDATED","signalStrength":-2147483648,"transportTypes":"TRANSPORT_CELLULAR"},"detailedState":"CONNECTED","extraInfo":"ims","isAvailable":true,"isConnected":true,"isFailover":false,"isRoaming":false,"state":"CONNECTED","subtype":13,"subtypeName":"LTE","type":0,"typeName":"MOBILE"},{"capabilities":{"SSID":null,"linkDownBandwidthKbps":102400,"linkUpstreamBandwidthKbps":51200,"networkCapabilities":"NET_CAPABILITY_NOT_RESTRICTED,NET_CAPABILITY_SUPL,NET_CAPABILITY_NOT_VPN,NET_CAPABILITY_INTE...
[debug] &amp#27;[35m[ADB]&amp#27;[39m Running 'C:\Users\Anis\AppData\Local\Android\Sdk\platform-tools\adb.exe -P 5037 -s 55272e729804 shell dumpsys window'
&amp#27;[35m[AndroidDriver]&amp#27;[39m Screen already unlocked, doing nothing
&amp#27;[35m[UiAutomator2]&amp#27;[39m Starting 'io.appium.android.apis/ApiDemos and waiting for 'io.appium.android.apis/ApiDemos'
[debug] &amp#27;[35m[ADB]&amp#27;[39m Running 'C:\Users\Anis\AppData\Local\Android\Sdk\platform-tools\adb.exe -P 5037 -s 55272e729804 shell am start -W -n io.appium.android.apis/ApiDemos -S -a android.intent.action.MAIN -c android.intent.category.LAUNCHER -f 0x10200000'
[debug] &amp#27;[35m[ADB]&amp#27;[39m We tried to start an activity that doesn't exist, retrying with '.ApiDemos' activity name
[debug] &amp#27;[35m[ADB]&amp#27;[39m Running 'C:\Users\Anis\AppData\Local\Android\Sdk\platform-tools\adb.exe -P 5037 -s 55272e729804 shell am start -W -n io.appium.android.apis/.ApiDemos -S -a android.intent.action.MAIN -c android.intent.category.LAUNCHER -f 0x10200000'
[debug] &amp#27;[35m[ADB]&amp#27;[39m Waiting up to 20000ms for activity matching pkg: 'io.appium.android.apis' and activity: 'ApiDemos' to be focused
[debug] &amp#27;[35m[ADB]&amp#27;[39m Possible activities, to be checked: 'ApiDemos', 'io.appium.android.apis.ApiDemos'
[debug] &amp#27;[35m[ADB]&amp#27;[39m Getting focused package and activity
[debug] &amp#27;[35m[ADB]&amp#27;[39m Running 'C:\Users\Anis\AppData\Local\Android\Sdk\platform-tools\adb.exe -P 5037 -s 55272e729804 shell dumpsys window windows'
[debug] &amp#27;[35m[ADB]&amp#27;[39m Found package: 'io.appium.android.apis' and fully qualified activity name : 'io.appium.android.apis.ApiDemos'
[debug] &amp#27;[35m[WD Proxy]&amp#27;[39m Proxying [GET /appium/device/pixel_ratio] to [GET http://127.0.0.1:8200/wd/hub/session/03f710e0-b3bc-436a-af5c-0a33ecb375c5/appium/device/pixel_ratio] with no body
[debug] &amp#27;[35m[WD Proxy]&amp#27;[39m Got response with status 200: {"sessionId":"03f710e0-b3bc-436a-af5c-0a33ecb375c5","value":3}
[debug] &amp#27;[35m[WD Proxy]&amp#27;[39m Matched '/appium/device/system_bars' to command name 'getSystemBars'
[debug] &amp#27;[35m[WD Proxy]&amp#27;[39m Proxying [GET /appium/device/system_bars] to [GET http://127.0.0.1:8200/wd/hub/session/03f710e0-b3bc-436a-af5c-0a33ecb375c5/appium/device/system_bars] with no body
[debug] &amp#27;[35m[WD Proxy]&amp#27;[39m Got response with status 200: {"sessionId":"03f710e0-b3bc-436a-af5c-0a33ecb375c5","value":{"statusBar":72}}
[debug] &amp#27;[35m[WD Proxy]&amp#27;[39m Matched '/window/current/size' to command name 'getWindowSize'
[debug] &amp#27;[35m[WD Proxy]&amp#27;[39m Proxying [GET /window/current/size] to [GET http://127.0.0.1:8200/wd/hub/session/03f710e0-b3bc-436a-af5c-0a33ecb375c5/window/current/size] with no body
[debug] &amp#27;[35m[WD Proxy]&amp#27;[39m Got response with status 200: {"sessionId":"03f710e0-b3bc-436a-af5c-0a33ecb375c5","value":{"height":1920,"width":1080}}
&amp#27;[35m[Appium]&amp#27;[39m New AndroidUiautomator2Driver session created successfully, session a46facd9-87a1-4938-90bd-474741089efc added to master session list
[debug] &amp#27;[35m[BaseDriver]&amp#27;[39m Event 'newSessionStarted' logged at 1623735700200 (11:11:40 GMT+0530 (India Standard Time))
[debug] &amp#27;[35m[W3C (a46facd9)]&amp#27;[39m Cached the protocol value 'W3C' for the new session a46facd9-87a1-4938-90bd-474741089efc
[debug] &amp#27;[35m[W3C (a46facd9)]&amp#27;[39m Responding to client with driver.createSession() result: {"capabilities":{"platform":"LINUX","webStorageEnabled":false,"takesScreenshot":true,"javascriptEnabled":true,"databaseEnabled":false,"networkConnectionEnabled":true,"locationContextEnabled":false,"warnings":{},"desired":{"platformName":"android","app":"C:\\Users\\Anis\\eclipse-workspace\\Appium\\src\\ApiDemos-debug.apk","deviceName":"Redmi","newCommandTimeout":14},"platformName":"android","app":"C:\\Users\\Anis\\eclipse-workspace\\Appium\\src\\ApiDemos-debug.apk","deviceName":"55272e729804","newCommandTimeout":14,"deviceUDID":"55272e729804","appPackage":"io.appium.android.apis","deviceApiLevel":24,"platformVersion":"7.0","deviceScreenSize":"1080x1920","deviceScreenDensity":480,"deviceModel":"Redmi Note 4","deviceManufacturer":"Xiaomi","pixelRatio":3,"statBarHeight":72,"viewportRect":{"left":0,"top":72,"width":1080,"height":1848}}}
&amp#27;[35m[HTTP]&amp#27;[39m &amp#27;[37m<-- POST /wd/hub/session &amp#27;[39m&amp#27;[32m200&amp#27;[39m &amp#27;[90m44675 ms - 904&amp#27;[39m
&amp#27;[35m[HTTP]&amp#27;[39m &amp#27;[90m&amp#27;[39m
&amp#27;[35m[HTTP]&amp#27;[39m &amp#27;[37m-->&amp#27;[39m &amp#27;[37mGET&amp#27;[39m &amp#27;[37m/wd/hub/session/a46facd9-87a1-4938-90bd-474741089efc&amp#27;[39m
&amp#27;[35m[HTTP]&amp#27;[39m &amp#27;[90m{}&amp#27;[39m
[debug] &amp#27;[35m[W3C (a46facd9)]&amp#27;[39m Calling AppiumDriver.getSession() with args: ["a46facd9-87a1-4938-90bd-474741089efc"]
[debug] &amp#27;[35m[UiAutomator2]&amp#27;[39m Getting session details from server to mix in
[debug] &amp#27;[35m[WD Proxy]&amp#27;[39m Matched '/' to command name 'getSession'
[debug] &amp#27;[35m[WD Proxy]&amp#27;[39m Proxying [GET /] to [GET http://127.0.0.1:8200/wd/hub/session/03f710e0-b3bc-436a-af5c-0a33ecb375c5] with no body
[debug] &amp#27;[35m[WD Proxy]&amp#27;[39m Got response with status 200: {"sessionId":"03f710e0-b3bc-436a-af5c-0a33ecb375c5","value":{"lastScrollData":null}}
[debug] &amp#27;[35m[W3C (a46facd9)]&amp#27;[39m Responding to client with driver.getSession() result: {"platform":"LINUX","webStorageEnabled":false,"takesScreenshot":true,"javascriptEnabled":true,"databaseEnabled":false,"networkConnectionEnabled":true,"locationContextEnabled":false,"warnings":{},"desired":{"platformName":"android","app":"C:\\Users\\Anis\\eclipse-workspace\\Appium\\src\\ApiDemos-debug.apk","deviceName":"Redmi","newCommandTimeout":14},"platformName":"android","app":"C:\\Users\\Anis\\eclipse-workspace\\Appium\\src\\ApiDemos-debug.apk","deviceName":"55272e729804","newCommandTimeout":14,"deviceUDID":"55272e729804","appPackage":"io.appium.android.apis","deviceApiLevel":24,"platformVersion":"7.0","deviceScreenSize":"1080x1920","deviceScreenDensity":480,"deviceModel":"Redmi Note 4","deviceManufacturer":"Xiaomi","pixelRatio":3,"statBarHeight":72,"viewportRect":{"left":0,"top":72,"width":1080,"height":1848},"lastScrollData":null}
&amp#27;[35m[HTTP]&amp#27;[39m &amp#27;[37m<-- GET /wd/hub/session/a46facd9-87a1-4938-90bd-474741089efc &amp#27;[39m&amp#27;[32m200&amp#27;[39m &amp#27;[90m18 ms - 858&amp#27;[39m
&amp#27;[35m[HTTP]&amp#27;[39m &amp#27;[90m&amp#27;[39m
&amp#27;[35m[HTTP]&amp#27;[39m &amp#27;[37m-->&amp#27;[39m &amp#27;[37mGET&amp#27;[39m &amp#27;[37m/wd/hub/session/a46facd9-87a1-4938-90bd-474741089efc&amp#27;[39m
&amp#27;[35m[HTTP]&amp#27;[39m &amp#27;[90m{}&amp#27;[39m
[debug] &amp#27;[35m[W3C (a46facd9)]&amp#27;[39m Calling AppiumDriver.getSession() with args: ["a46facd9-87a1-4938-90bd-474741089efc"]
[debug] &amp#27;[35m[UiAutomator2]&amp#27;[39m Getting session details from server to mix in
[debug] &amp#27;[35m[WD Proxy]&amp#27;[39m Matched '/' to command name 'getSession'
[debug] &amp#27;[35m[WD Proxy]&amp#27;[39m Proxying [GET /] to [GET http://127.0.0.1:8200/wd/hub/session/03f710e0-b3bc-436a-af5c-0a33ecb375c5] with no body
[debug] &amp#27;[35m[WD Proxy]&amp#27;[39m Got response with status 200: {"sessionId":"03f710e0-b3bc-436a-af5c-0a33ecb375c5","value":{"lastScrollData":null}}
[debug] &amp#27;[35m[W3C (a46facd9)]&amp#27;[39m Responding to client with driver.getSession() result: {"platform":"LINUX","webStorageEnabled":false,"takesScreenshot":true,"javascriptEnabled":true,"databaseEnabled":false,"networkConnectionEnabled":true,"locationContextEnabled":false,"warnings":{},"desired":{"platformName":"android","app":"C:\\Users\\Anis\\eclipse-workspace\\Appium\\src\\ApiDemos-debug.apk","deviceName":"Redmi","newCommandTimeout":14},"platformName":"android","app":"C:\\Users\\Anis\\eclipse-workspace\\Appium\\src\\ApiDemos-debug.apk","deviceName":"55272e729804","newCommandTimeout":14,"deviceUDID":"55272e729804","appPackage":"io.appium.android.apis","deviceApiLevel":24,"platformVersion":"7.0","deviceScreenSize":"1080x1920","deviceScreenDensity":480,"deviceModel":"Redmi Note 4","deviceManufacturer":"Xiaomi","pixelRatio":3,"statBarHeight":72,"viewportRect":{"left":0,"top":72,"width":1080,"height":1848},"lastScrollData":null}
&amp#27;[35m[HTTP]&amp#27;[39m &amp#27;[37m<-- GET /wd/hub/session/a46facd9-87a1-4938-90bd-474741089efc &amp#27;[39m&amp#27;[32m200&amp#27;[39m &amp#27;[90m13 ms - 858&amp#27;[39m
&amp#27;[35m[HTTP]&amp#27;[39m &amp#27;[90m&amp#27;[39m
&amp#27;[35m[HTTP]&amp#27;[39m &amp#27;[37m-->&amp#27;[39m &amp#27;[37mPOST&amp#27;[39m &amp#27;[37m/wd/hub/session/a46facd9-87a1-4938-90bd-474741089efc/timeouts&amp#27;[39m
&amp#27;[35m[HTTP]&amp#27;[39m &amp#27;[90m{"implicit":10000}&amp#27;[39m
[debug] &amp#27;[35m[W3C (a46facd9)]&amp#27;[39m Calling AppiumDriver.timeouts() with args: [null,null,null,null,10000,"a46facd9-87a1-4938-90bd-474741089efc"]
[debug] &amp#27;[35m[BaseDriver]&amp#27;[39m W3C timeout argument: {"implicit":10000}}
[debug] &amp#27;[35m[BaseDriver]&amp#27;[39m Set implicit wait to 10000ms
[debug] &amp#27;[35m[W3C (a46facd9)]&amp#27;[39m Responding to client with driver.timeouts() result: null
&amp#27;[35m[HTTP]&amp#27;[39m &amp#27;[37m<-- POST /wd/hub/session/a46facd9-87a1-4938-90bd-474741089efc/timeouts &amp#27;[39m&amp#27;[32m200&amp#27;[39m &amp#27;[90m5 ms - 14&amp#27;[39m
&amp#27;[35m[HTTP]&amp#27;[39m &amp#27;[90m&amp#27;[39m
&amp#27;[35m[HTTP]&amp#27;[39m &amp#27;[37m-->&amp#27;[39m &amp#27;[37mGET&amp#27;[39m &amp#27;[37m/wd/hub/session/a46facd9-87a1-4938-90bd-474741089efc&amp#27;[39m
&amp#27;[35m[HTTP]&amp#27;[39m &amp#27;[90m{}&amp#27;[39m
[debug] &amp#27;[35m[W3C (a46facd9)]&amp#27;[39m Calling AppiumDriver.getSession() with args: ["a46facd9-87a1-4938-90bd-474741089efc"]
[debug] &amp#27;[35m[UiAutomator2]&amp#27;[39m Getting session details from server to mix in
[debug] &amp#27;[35m[WD Proxy]&amp#27;[39m Matched '/' to command name 'getSession'
[debug] &amp#27;[35m[WD Proxy]&amp#27;[39m Proxying [GET /] to [GET http://127.0.0.1:8200/wd/hub/session/03f710e0-b3bc-436a-af5c-0a33ecb375c5] with no body
[debug] &amp#27;[35m[WD Proxy]&amp#27;[39m Got response with status 200: {"sessionId":"03f710e0-b3bc-436a-af5c-0a33ecb375c5","value":{"lastScrollData":null}}
[debug] &amp#27;[35m[W3C (a46facd9)]&amp#27;[39m Responding to client with driver.getSession() result: {"platform":"LINUX","webStorageEnabled":false,"takesScreenshot":true,"javascriptEnabled":true,"databaseEnabled":false,"networkConnectionEnabled":true,"locationContextEnabled":false,"warnings":{},"desired":{"platformName":"android","app":"C:\\Users\\Anis\\eclipse-workspace\\Appium\\src\\ApiDemos-debug.apk","deviceName":"Redmi","newCommandTimeout":14},"platformName":"android","app":"C:\\Users\\Anis\\eclipse-workspace\\Appium\\src\\ApiDemos-debug.apk","deviceName":"55272e729804","newCommandTimeout":14,"deviceUDID":"55272e729804","appPackage":"io.appium.android.apis","deviceApiLevel":24,"platformVersion":"7.0","deviceScreenSize":"1080x1920","deviceScreenDensity":480,"deviceModel":"Redmi Note 4","deviceManufacturer":"Xiaomi","pixelRatio":3,"statBarHeight":72,"viewportRect":{"left":0,"top":72,"width":1080,"height":1848},"lastScrollData":null}
&amp#27;[35m[HTTP]&amp#27;[39m &amp#27;[37m<-- GET /wd/hub/session/a46facd9-87a1-4938-90bd-474741089efc &amp#27;[39m&amp#27;[32m200&amp#27;[39m &amp#27;[90m11 ms - 858&amp#27;[39m
&amp#27;[35m[HTTP]&amp#27;[39m &amp#27;[90m&amp#27;[39m
&amp#27;[35m[HTTP]&amp#27;[39m &amp#27;[37m-->&amp#27;[39m &amp#27;[37mGET&amp#27;[39m &amp#27;[37m/wd/hub/session/a46facd9-87a1-4938-90bd-474741089efc&amp#27;[39m
&amp#27;[35m[HTTP]&amp#27;[39m &amp#27;[90m{}&amp#27;[39m
[debug] &amp#27;[35m[W3C (a46facd9)]&amp#27;[39m Calling AppiumDriver.getSession() with args: ["a46facd9-87a1-4938-90bd-474741089efc"]
[debug] &amp#27;[35m[UiAutomator2]&amp#27;[39m Getting session details from server to mix in
[debug] &amp#27;[35m[WD Proxy]&amp#27;[39m Matched '/' to command name 'getSession'
[debug] &amp#27;[35m[WD Proxy]&amp#27;[39m Proxying [GET /] to [GET http://127.0.0.1:8200/wd/hub/session/03f710e0-b3bc-436a-af5c-0a33ecb375c5] with no body
[debug] &amp#27;[35m[WD Proxy]&amp#27;[39m Got response with status 200: {"sessionId":"03f710e0-b3bc-436a-af5c-0a33ecb375c5","value":{"lastScrollData":null}}
[debug] &amp#27;[35m[W3C (a46facd9)]&amp#27;[39m Responding to client with driver.getSession() result: {"platform":"LINUX","webStorageEnabled":false,"takesScreenshot":true,"javascriptEnabled":true,"databaseEnabled":false,"networkConnectionEnabled":true,"locationContextEnabled":false,"warnings":{},"desired":{"platformName":"android","app":"C:\\Users\\Anis\\eclipse-workspace\\Appium\\src\\ApiDemos-debug.apk","deviceName":"Redmi","newCommandTimeout":14},"platformName":"android","app":"C:\\Users\\Anis\\eclipse-workspace\\Appium\\src\\ApiDemos-debug.apk","deviceName":"55272e729804","newCommandTimeout":14,"deviceUDID":"55272e729804","appPackage":"io.appium.android.apis","deviceApiLevel":24,"platformVersion":"7.0","deviceScreenSize":"1080x1920","deviceScreenDensity":480,"deviceModel":"Redmi Note 4","deviceManufacturer":"Xiaomi","pixelRatio":3,"statBarHeight":72,"viewportRect":{"left":0,"top":72,"width":1080,"height":1848},"lastScrollData":null}
&amp#27;[35m[HTTP]&amp#27;[39m &amp#27;[37m<-- GET /wd/hub/session/a46facd9-87a1-4938-90bd-474741089efc &amp#27;[39m&amp#27;[32m200&amp#27;[39m &amp#27;[90m76 ms - 858&amp#27;[39m
&amp#27;[35m[HTTP]&amp#27;[39m &amp#27;[90m&amp#27;[39m
&amp#27;[35m[HTTP]&amp#27;[39m &amp#27;[37m-->&amp#27;[39m &amp#27;[37mGET&amp#27;[39m &amp#27;[37m/wd/hub/session/a46facd9-87a1-4938-90bd-474741089efc&amp#27;[39m
&amp#27;[35m[HTTP]&amp#27;[39m &amp#27;[90m{}&amp#27;[39m
[debug] &amp#27;[35m[W3C (a46facd9)]&amp#27;[39m Calling AppiumDriver.getSession() with args: ["a46facd9-87a1-4938-90bd-474741089efc"]
[debug] &amp#27;[35m[UiAutomator2]&amp#27;[39m Getting session details from server to mix in
[debug] &amp#27;[35m[WD Proxy]&amp#27;[39m Matched '/' to command name 'getSession'
[debug] &amp#27;[35m[WD Proxy]&amp#27;[39m Proxying [GET /] to [GET http://127.0.0.1:8200/wd/hub/session/03f710e0-b3bc-436a-af5c-0a33ecb375c5] with no body
[debug] &amp#27;[35m[WD Proxy]&amp#27;[39m Got response with status 200: {"sessionId":"03f710e0-b3bc-436a-af5c-0a33ecb375c5","value":{"lastScrollData":null}}
[debug] &amp#27;[35m[W3C (a46facd9)]&amp#27;[39m Responding to client with driver.getSession() result: {"platform":"LINUX","webStorageEnabled":false,"takesScreenshot":true,"javascriptEnabled":true,"databaseEnabled":false,"networkConnectionEnabled":true,"locationContextEnabled":false,"warnings":{},"desired":{"platformName":"android","app":"C:\\Users\\Anis\\eclipse-workspace\\Appium\\src\\ApiDemos-debug.apk","deviceName":"Redmi","newCommandTimeout":14},"platformName":"android","app":"C:\\Users\\Anis\\eclipse-workspace\\Appium\\src\\ApiDemos-debug.apk","deviceName":"55272e729804","newCommandTimeout":14,"deviceUDID":"55272e729804","appPackage":"io.appium.android.apis","deviceApiLevel":24,"platformVersion":"7.0","deviceScreenSize":"1080x1920","deviceScreenDensity":480,"deviceModel":"Redmi Note 4","deviceManufacturer":"Xiaomi","pixelRatio":3,"statBarHeight":72,"viewportRect":{"left":0,"top":72,"width":1080,"height":1848},"lastScrollData":null}
&amp#27;[35m[HTTP]&amp#27;[39m &amp#27;[37m<-- GET /wd/hub/session/a46facd9-87a1-4938-90bd-474741089efc &amp#27;[39m&amp#27;[32m200&amp#27;[39m &amp#27;[90m11 ms - 858&amp#27;[39m
&amp#27;[35m[HTTP]&amp#27;[39m &amp#27;[90m&amp#27;[39m
&amp#27;[35m[HTTP]&amp#27;[39m &amp#27;[37m-->&amp#27;[39m &amp#27;[37mPOST&amp#27;[39m &amp#27;[37m/wd/hub/session/a46facd9-87a1-4938-90bd-474741089efc/element&amp#27;[39m
&amp#27;[35m[HTTP]&amp#27;[39m &amp#27;[90m{"using":"xpath","value":"//android.widget.TextView[@text='Preference']"}&amp#27;[39m
[debug] &amp#27;[35m[W3C (a46facd9)]&amp#27;[39m Calling AppiumDriver.findElement() with args: ["xpath","//android.widget.TextView[@text='Preference']","a46facd9-87a1-4938-90bd-474741089efc"]
[debug] &amp#27;[35m[BaseDriver]&amp#27;[39m Valid locator strategies for this request: xpath, id, class name, accessibility id, css selector, -android uiautomator
[debug] &amp#27;[35m[BaseDriver]&amp#27;[39m Waiting up to 10000 ms for condition
[debug] &amp#27;[35m[WD Proxy]&amp#27;[39m Matched '/element' to command name 'findElement'
[debug] &amp#27;[35m[WD Proxy]&amp#27;[39m Proxying [POST /element] to [POST http://127.0.0.1:8200/wd/hub/session/03f710e0-b3bc-436a-af5c-0a33ecb375c5/element] with body: {"strategy":"xpath","selector":"//android.widget.TextView[@text='Preference']","context":"","multiple":false}
[debug] &amp#27;[35m[WD Proxy]&amp#27;[39m Got response with status 200: {"sessionId":"03f710e0-b3bc-436a-af5c-0a33ecb375c5","value":{"ELEMENT":"3d1f4287-b0aa-4660-8fd1-4cc17a864535","element-6066-11e4-a52e-4f735466cecf":"3d1f4287-b0aa-4660-8fd1-4cc17a864535"}}
[debug] &amp#27;[35m[W3C (a46facd9)]&amp#27;[39m Responding to client with driver.findElement() result: {"element-6066-11e4-a52e-4f735466cecf":"3d1f4287-b0aa-4660-8fd1-4cc17a864535","ELEMENT":"3d1f4287-b0aa-4660-8fd1-4cc17a864535"}
&amp#27;[35m[HTTP]&amp#27;[39m &amp#27;[37m<-- POST /wd/hub/session/a46facd9-87a1-4938-90bd-474741089efc/element &amp#27;[39m&amp#27;[32m200&amp#27;[39m &amp#27;[90m792 ms - 137&amp#27;[39m
&amp#27;[35m[HTTP]&amp#27;[39m &amp#27;[90m&amp#27;[39m
&amp#27;[35m[HTTP]&amp#27;[39m &amp#27;[37m-->&amp#27;[39m &amp#27;[37mPOST&amp#27;[39m &amp#27;[37m/wd/hub/session/a46facd9-87a1-4938-90bd-474741089efc/element/3d1f4287-b0aa-4660-8fd1-4cc17a864535/click&amp#27;[39m
&amp#27;[35m[HTTP]&amp#27;[39m &amp#27;[90m{"id":"3d1f4287-b0aa-4660-8fd1-4cc17a864535"}&amp#27;[39m
[debug] &amp#27;[35m[W3C (a46facd9)]&amp#27;[39m Calling AppiumDriver.click() with args: ["3d1f4287-b0aa-4660-8fd1-4cc17a864535","a46facd9-87a1-4938-90bd-474741089efc"]
[debug] &amp#27;[35m[WD Proxy]&amp#27;[39m Matched '/element/3d1f4287-b0aa-4660-8fd1-4cc17a864535/click' to command name 'click'
[debug] &amp#27;[35m[WD Proxy]&amp#27;[39m Proxying [POST /element/3d1f4287-b0aa-4660-8fd1-4cc17a864535/click] to [POST http://127.0.0.1:8200/wd/hub/session/03f710e0-b3bc-436a-af5c-0a33ecb375c5/element/3d1f4287-b0aa-4660-8fd1-4cc17a864535/click] with body: {"element":"3d1f4287-b0aa-4660-8fd1-4cc17a864535"}
[debug] &amp#27;[35m[WD Proxy]&amp#27;[39m Got response with status 200: {"sessionId":"03f710e0-b3bc-436a-af5c-0a33ecb375c5","value":null}
[debug] &amp#27;[35m[W3C (a46facd9)]&amp#27;[39m Responding to client with driver.click() result: null
&amp#27;[35m[HTTP]&amp#27;[39m &amp#27;[37m<-- POST /wd/hub/session/a46facd9-87a1-4938-90bd-474741089efc/element/3d1f4287-b0aa-4660-8fd1-4cc17a864535/click &amp#27;[39m&amp#27;[32m200&amp#27;[39m &amp#27;[90m1202 ms - 14&amp#27;[39m
&amp#27;[35m[HTTP]&amp#27;[39m &amp#27;[90m&amp#27;[39m
&amp#27;[35m[HTTP]&amp#27;[39m &amp#27;[37m-->&amp#27;[39m &amp#27;[37mGET&amp#27;[39m &amp#27;[37m/wd/hub/session/a46facd9-87a1-4938-90bd-474741089efc&amp#27;[39m
&amp#27;[35m[HTTP]&amp#27;[39m &amp#27;[90m{}&amp#27;[39m
[debug] &amp#27;[35m[W3C (a46facd9)]&amp#27;[39m Calling AppiumDriver.getSession() with args: ["a46facd9-87a1-4938-90bd-474741089efc"]
[debug] &amp#27;[35m[UiAutomator2]&amp#27;[39m Getting session details from server to mix in
[debug] &amp#27;[35m[WD Proxy]&amp#27;[39m Matched '/' to command name 'getSession'
[debug] &amp#27;[35m[WD Proxy]&amp#27;[39m Proxying [GET /] to [GET http://127.0.0.1:8200/wd/hub/session/03f710e0-b3bc-436a-af5c-0a33ecb375c5] with no body
[debug] &amp#27;[35m[WD Proxy]&amp#27;[39m Got response with status 200: {"sessionId":"03f710e0-b3bc-436a-af5c-0a33ecb375c5","value":{"lastScrollData":null}}
[debug] &amp#27;[35m[W3C (a46facd9)]&amp#27;[39m Responding to client with driver.getSession() result: {"platform":"LINUX","webStorageEnabled":false,"takesScreenshot":true,"javascriptEnabled":true,"databaseEnabled":false,"networkConnectionEnabled":true,"locationContextEnabled":false,"warnings":{},"desired":{"platformName":"android","app":"C:\\Users\\Anis\\eclipse-workspace\\Appium\\src\\ApiDemos-debug.apk","deviceName":"Redmi","newCommandTimeout":14},"platformName":"android","app":"C:\\Users\\Anis\\eclipse-workspace\\Appium\\src\\ApiDemos-debug.apk","deviceName":"55272e729804","newCommandTimeout":14,"deviceUDID":"55272e729804","appPackage":"io.appium.android.apis","deviceApiLevel":24,"platformVersion":"7.0","deviceScreenSize":"1080x1920","deviceScreenDensity":480,"deviceModel":"Redmi Note 4","deviceManufacturer":"Xiaomi","pixelRatio":3,"statBarHeight":72,"viewportRect":{"left":0,"top":72,"width":1080,"height":1848},"lastScrollData":null}
&amp#27;[35m[HTTP]&amp#27;[39m &amp#27;[37m<-- GET /wd/hub/session/a46facd9-87a1-4938-90bd-474741089efc &amp#27;[39m&amp#27;[32m200&amp#27;[39m &amp#27;[90m12 ms - 858&amp#27;[39m
&amp#27;[35m[HTTP]&amp#27;[39m &amp#27;[90m&amp#27;[39m
&amp#27;[35m[HTTP]&amp#27;[39m &amp#27;[37m-->&amp#27;[39m &amp#27;[37mGET&amp#27;[39m &amp#27;[37m/wd/hub/session/a46facd9-87a1-4938-90bd-474741089efc&amp#27;[39m
&amp#27;[35m[HTTP]&amp#27;[39m &amp#27;[90m{}&amp#27;[39m
[debug] &amp#27;[35m[W3C (a46facd9)]&amp#27;[39m Calling AppiumDriver.getSession() with args: ["a46facd9-87a1-4938-90bd-474741089efc"]
[debug] &amp#27;[35m[UiAutomator2]&amp#27;[39m Getting session details from server to mix in
[debug] &amp#27;[35m[WD Proxy]&amp#27;[39m Matched '/' to command name 'getSession'
[debug] &amp#27;[35m[WD Proxy]&amp#27;[39m Proxying [GET /] to [GET http://127.0.0.1:8200/wd/hub/session/03f710e0-b3bc-436a-af5c-0a33ecb375c5] with no body
[debug] &amp#27;[35m[WD Proxy]&amp#27;[39m Got response with status 200: {"sessionId":"03f710e0-b3bc-436a-af5c-0a33ecb375c5","value":{"lastScrollData":null}}
[debug] &amp#27;[35m[W3C (a46facd9)]&amp#27;[39m Responding to client with driver.getSession() result: {"platform":"LINUX","webStorageEnabled":false,"takesScreenshot":true,"javascriptEnabled":true,"databaseEnabled":false,"networkConnectionEnabled":true,"locationContextEnabled":false,"warnings":{},"desired":{"platformName":"android","app":"C:\\Users\\Anis\\eclipse-workspace\\Appium\\src\\ApiDemos-debug.apk","deviceName":"Redmi","newCommandTimeout":14},"platformName":"android","app":"C:\\Users\\Anis\\eclipse-workspace\\Appium\\src\\ApiDemos-debug.apk","deviceName":"55272e729804","newCommandTimeout":14,"deviceUDID":"55272e729804","appPackage":"io.appium.android.apis","deviceApiLevel":24,"platformVersion":"7.0","deviceScreenSize":"1080x1920","deviceScreenDensity":480,"deviceModel":"Redmi Note 4","deviceManufacturer":"Xiaomi","pixelRatio":3,"statBarHeight":72,"viewportRect":{"left":0,"top":72,"width":1080,"height":1848},"lastScrollData":null}
&amp#27;[35m[HTTP]&amp#27;[39m &amp#27;[37m<-- GET /wd/hub/session/a46facd9-87a1-4938-90bd-474741089efc &amp#27;[39m&amp#27;[32m200&amp#27;[39m &amp#27;[90m11 ms - 858&amp#27;[39m
&amp#27;[35m[HTTP]&amp#27;[39m &amp#27;[90m&amp#27;[39m
&amp#27;[35m[HTTP]&amp#27;[39m &amp#27;[37m-->&amp#27;[39m &amp#27;[37mGET&amp#27;[39m &amp#27;[37m/wd/hub/session/a46facd9-87a1-4938-90bd-474741089efc&amp#27;[39m
&amp#27;[35m[HTTP]&amp#27;[39m &amp#27;[90m{}&amp#27;[39m
[debug] &amp#27;[35m[W3C (a46facd9)]&amp#27;[39m Calling AppiumDriver.getSession() with args: ["a46facd9-87a1-4938-90bd-474741089efc"]
[debug] &amp#27;[35m[UiAutomator2]&amp#27;[39m Getting session details from server to mix in
[debug] &amp#27;[35m[WD Proxy]&amp#27;[39m Matched '/' to command name 'getSession'
[debug] &amp#27;[35m[WD Proxy]&amp#27;[39m Proxying [GET /] to [GET http://127.0.0.1:8200/wd/hub/session/03f710e0-b3bc-436a-af5c-0a33ecb375c5] with no body
[debug] &amp#27;[35m[WD Proxy]&amp#27;[39m Got response with status 200: {"sessionId":"03f710e0-b3bc-436a-af5c-0a33ecb375c5","value":{"lastScrollData":null}}
[debug] &amp#27;[35m[W3C (a46facd9)]&amp#27;[39m Responding to client with driver.getSession() result: {"platform":"LINUX","webStorageEnabled":false,"takesScreenshot":true,"javascriptEnabled":true,"databaseEnabled":false,"networkConnectionEnabled":true,"locationContextEnabled":false,"warnings":{},"desired":{"platformName":"android","app":"C:\\Users\\Anis\\eclipse-workspace\\Appium\\src\\ApiDemos-debug.apk","deviceName":"Redmi","newCommandTimeout":14},"platformName":"android","app":"C:\\Users\\Anis\\eclipse-workspace\\Appium\\src\\ApiDemos-debug.apk","deviceName":"55272e729804","newCommandTimeout":14,"deviceUDID":"55272e729804","appPackage":"io.appium.android.apis","deviceApiLevel":24,"platformVersion":"7.0","deviceScreenSize":"1080x1920","deviceScreenDensity":480,"deviceModel":"Redmi Note 4","deviceManufacturer":"Xiaomi","pixelRatio":3,"statBarHeight":72,"viewportRect":{"left":0,"top":72,"width":1080,"height":1848},"lastScrollData":null}
&amp#27;[35m[HTTP]&amp#27;[39m &amp#27;[37m<-- GET /wd/hub/session/a46facd9-87a1-4938-90bd-474741089efc &amp#27;[39m&amp#27;[32m200&amp#27;[39m &amp#27;[90m13 ms - 858&amp#27;[39m
&amp#27;[35m[HTTP]&amp#27;[39m &amp#27;[90m&amp#27;[39m
&amp#27;[35m[HTTP]&amp#27;[39m &amp#27;[37m-->&amp#27;[39m &amp#27;[37mPOST&amp#27;[39m &amp#27;[37m/wd/hub/session/a46facd9-87a1-4938-90bd-474741089efc/element&amp#27;[39m
&amp#27;[35m[HTTP]&amp#27;[39m &amp#27;[90m{"using":"xpath","value":"//android.widget.TextView[@text='3. Preference dependencies']"}&amp#27;[39m
[debug] &amp#27;[35m[W3C (a46facd9)]&amp#27;[39m Calling AppiumDriver.findElement() with args: ["xpath","//android.widget.TextView[@text='3. Preference dependencies']","a46facd9-87a1-4938-90bd-474741089efc"]
[debug] &amp#27;[35m[BaseDriver]&amp#27;[39m Valid locator strategies for this request: xpath, id, class name, accessibility id, css selector, -android uiautomator
[debug] &amp#27;[35m[BaseDriver]&amp#27;[39m Waiting up to 10000 ms for condition
[debug] &amp#27;[35m[WD Proxy]&amp#27;[39m Matched '/element' to command name 'findElement'
[debug] &amp#27;[35m[WD Proxy]&amp#27;[39m Proxying [POST /element] to [POST http://127.0.0.1:8200/wd/hub/session/03f710e0-b3bc-436a-af5c-0a33ecb375c5/element] with body: {"strategy":"xpath","selector":"//android.widget.TextView[@text='3. Preference dependencies']","context":"","multiple":false}
[debug] &amp#27;[35m[WD Proxy]&amp#27;[39m Got response with status 200: {"sessionId":"03f710e0-b3bc-436a-af5c-0a33ecb375c5","value":{"ELEMENT":"d1cdb108-cb72-44ae-9244-e3d16781cd0f","element-6066-11e4-a52e-4f735466cecf":"d1cdb108-cb72-44ae-9244-e3d16781cd0f"}}
[debug] &amp#27;[35m[W3C (a46facd9)]&amp#27;[39m Responding to client with driver.findElement() result: {"element-6066-11e4-a52e-4f735466cecf":"d1cdb108-cb72-44ae-9244-e3d16781cd0f","ELEMENT":"d1cdb108-cb72-44ae-9244-e3d16781cd0f"}
&amp#27;[35m[HTTP]&amp#27;[39m &amp#27;[37m<-- POST /wd/hub/session/a46facd9-87a1-4938-90bd-474741089efc/element &amp#27;[39m&amp#27;[32m200&amp#27;[39m &amp#27;[90m1272 ms - 137&amp#27;[39m
&amp#27;[35m[HTTP]&amp#27;[39m &amp#27;[90m&amp#27;[39m
&amp#27;[35m[HTTP]&amp#27;[39m &amp#27;[37m-->&amp#27;[39m &amp#27;[37mPOST&amp#27;[39m &amp#27;[37m/wd/hub/session/a46facd9-87a1-4938-90bd-474741089efc/element/d1cdb108-cb72-44ae-9244-e3d16781cd0f/click&amp#27;[39m
&amp#27;[35m[HTTP]&amp#27;[39m &amp#27;[90m{"id":"d1cdb108-cb72-44ae-9244-e3d16781cd0f"}&amp#27;[39m
[debug] &amp#27;[35m[W3C (a46facd9)]&amp#27;[39m Calling AppiumDriver.click() with args: ["d1cdb108-cb72-44ae-9244-e3d16781cd0f","a46facd9-87a1-4938-90bd-474741089efc"]
[debug] &amp#27;[35m[WD Proxy]&amp#27;[39m Matched '/element/d1cdb108-cb72-44ae-9244-e3d16781cd0f/click' to command name 'click'
[debug] &amp#27;[35m[WD Proxy]&amp#27;[39m Proxying [POST /element/d1cdb108-cb72-44ae-9244-e3d16781cd0f/click] to [POST http://127.0.0.1:8200/wd/hub/session/03f710e0-b3bc-436a-af5c-0a33ecb375c5/element/d1cdb108-cb72-44ae-9244-e3d16781cd0f/click] with body: {"element":"d1cdb108-cb72-44ae-9244-e3d16781cd0f"}
[debug] &amp#27;[35m[WD Proxy]&amp#27;[39m Got response with status 200: {"sessionId":"03f710e0-b3bc-436a-af5c-0a33ecb375c5","value":null}
[debug] &amp#27;[35m[W3C (a46facd9)]&amp#27;[39m Responding to client with driver.click() result: null
&amp#27;[35m[HTTP]&amp#27;[39m &amp#27;[37m<-- POST /wd/hub/session/a46facd9-87a1-4938-90bd-474741089efc/element/d1cdb108-cb72-44ae-9244-e3d16781cd0f/click &amp#27;[39m&amp#27;[32m200&amp#27;[39m &amp#27;[90m1340 ms - 14&amp#27;[39m
&amp#27;[35m[HTTP]&amp#27;[39m &amp#27;[90m&amp#27;[39m
&amp#27;[35m[HTTP]&amp#27;[39m &amp#27;[37m-->&amp#27;[39m &amp#27;[37mGET&amp#27;[39m &amp#27;[37m/wd/hub/session/a46facd9-87a1-4938-90bd-474741089efc&amp#27;[39m
&amp#27;[35m[HTTP]&amp#27;[39m &amp#27;[90m{}&amp#27;[39m
[debug] &amp#27;[35m[W3C (a46facd9)]&amp#27;[39m Calling AppiumDriver.getSession() with args: ["a46facd9-87a1-4938-90bd-474741089efc"]
[debug] &amp#27;[35m[UiAutomator2]&amp#27;[39m Getting session details from server to mix in
[debug] &amp#27;[35m[WD Proxy]&amp#27;[39m Matched '/' to command name 'getSession'
[debug] &amp#27;[35m[WD Proxy]&amp#27;[39m Proxying [GET /] to [GET http://127.0.0.1:8200/wd/hub/session/03f710e0-b3bc-436a-af5c-0a33ecb375c5] with no body
[debug] &amp#27;[35m[WD Proxy]&amp#27;[39m Got response with status 200: {"sessionId":"03f710e0-b3bc-436a-af5c-0a33ecb375c5","value":{"lastScrollData":null}}
[debug] &amp#27;[35m[W3C (a46facd9)]&amp#27;[39m Responding to client with driver.getSession() result: {"platform":"LINUX","webStorageEnabled":false,"takesScreenshot":true,"javascriptEnabled":true,"databaseEnabled":false,"networkConnectionEnabled":true,"locationContextEnabled":false,"warnings":{},"desired":{"platformName":"android","app":"C:\\Users\\Anis\\eclipse-workspace\\Appium\\src\\ApiDemos-debug.apk","deviceName":"Redmi","newCommandTimeout":14},"platformName":"android","app":"C:\\Users\\Anis\\eclipse-workspace\\Appium\\src\\ApiDemos-debug.apk","deviceName":"55272e729804","newCommandTimeout":14,"deviceUDID":"55272e729804","appPackage":"io.appium.android.apis","deviceApiLevel":24,"platformVersion":"7.0","deviceScreenSize":"1080x1920","deviceScreenDensity":480,"deviceModel":"Redmi Note 4","deviceManufacturer":"Xiaomi","pixelRatio":3,"statBarHeight":72,"viewportRect":{"left":0,"top":72,"width":1080,"height":1848},"lastScrollData":null}
&amp#27;[35m[HTTP]&amp#27;[39m &amp#27;[37m<-- GET /wd/hub/session/a46facd9-87a1-4938-90bd-474741089efc &amp#27;[39m&amp#27;[32m200&amp#27;[39m &amp#27;[90m72 ms - 858&amp#27;[39m
&amp#27;[35m[HTTP]&amp#27;[39m &amp#27;[90m&amp#27;[39m
&amp#27;[35m[HTTP]&amp#27;[39m &amp#27;[37m-->&amp#27;[39m &amp#27;[37mPOST&amp#27;[39m &amp#27;[37m/wd/hub/session/a46facd9-87a1-4938-90bd-474741089efc/element&amp#27;[39m
&amp#27;[35m[HTTP]&amp#27;[39m &amp#27;[90m{"using":"id","value":"android:id/checkbox"}&amp#27;[39m
[debug] &amp#27;[35m[W3C (a46facd9)]&amp#27;[39m Calling AppiumDriver.findElement() with args: ["id","android:id/checkbox","a46facd9-87a1-4938-90bd-474741089efc"]
[debug] &amp#27;[35m[BaseDriver]&amp#27;[39m Valid locator strategies for this request: xpath, id, class name, accessibility id, css selector, -android uiautomator
[debug] &amp#27;[35m[BaseDriver]&amp#27;[39m Waiting up to 10000 ms for condition
[debug] &amp#27;[35m[WD Proxy]&amp#27;[39m Matched '/element' to command name 'findElement'
[debug] &amp#27;[35m[WD Proxy]&amp#27;[39m Proxying [POST /element] to [POST http://127.0.0.1:8200/wd/hub/session/03f710e0-b3bc-436a-af5c-0a33ecb375c5/element] with body: {"strategy":"id","selector":"android:id/checkbox","context":"","multiple":false}
[debug] &amp#27;[35m[WD Proxy]&amp#27;[39m Got response with status 200: {"sessionId":"03f710e0-b3bc-436a-af5c-0a33ecb375c5","value":{"ELEMENT":"f300d507-56ff-42ad-b7b5-91aa375972f4","element-6066-11e4-a52e-4f735466cecf":"f300d507-56ff-42ad-b7b5-91aa375972f4"}}
[debug] &amp#27;[35m[W3C (a46facd9)]&amp#27;[39m Responding to client with driver.findElement() result: {"element-6066-11e4-a52e-4f735466cecf":"f300d507-56ff-42ad-b7b5-91aa375972f4","ELEMENT":"f300d507-56ff-42ad-b7b5-91aa375972f4"}
&amp#27;[35m[HTTP]&amp#27;[39m &amp#27;[37m<-- POST /wd/hub/session/a46facd9-87a1-4938-90bd-474741089efc/element &amp#27;[39m&amp#27;[32m200&amp#27;[39m &amp#27;[90m102 ms - 137&amp#27;[39m
&amp#27;[35m[HTTP]&amp#27;[39m &amp#27;[90m&amp#27;[39m
&amp#27;[35m[HTTP]&amp#27;[39m &amp#27;[37m-->&amp#27;[39m &amp#27;[37mPOST&amp#27;[39m &amp#27;[37m/wd/hub/session/a46facd9-87a1-4938-90bd-474741089efc/element/f300d507-56ff-42ad-b7b5-91aa375972f4/click&amp#27;[39m
&amp#27;[35m[HTTP]&amp#27;[39m &amp#27;[90m{"id":"f300d507-56ff-42ad-b7b5-91aa375972f4"}&amp#27;[39m
[debug] &amp#27;[35m[W3C (a46facd9)]&amp#27;[39m Calling AppiumDriver.click() with args: ["f300d507-56ff-42ad-b7b5-91aa375972f4","a46facd9-87a1-4938-90bd-474741089efc"]
[debug] &amp#27;[35m[WD Proxy]&amp#27;[39m Matched '/element/f300d507-56ff-42ad-b7b5-91aa375972f4/click' to command name 'click'
[debug] &amp#27;[35m[WD Proxy]&amp#27;[39m Proxying [POST /element/f300d507-56ff-42ad-b7b5-91aa375972f4/click] to [POST http://127.0.0.1:8200/wd/hub/session/03f710e0-b3bc-436a-af5c-0a33ecb375c5/element/f300d507-56ff-42ad-b7b5-91aa375972f4/click] with body: {"element":"f300d507-56ff-42ad-b7b5-91aa375972f4"}
[debug] &amp#27;[35m[WD Proxy]&amp#27;[39m Got response with status 200: {"sessionId":"03f710e0-b3bc-436a-af5c-0a33ecb375c5","value":null}
[debug] &amp#27;[35m[W3C (a46facd9)]&amp#27;[39m Responding to client with driver.click() result: null
&amp#27;[35m[HTTP]&amp#27;[39m &amp#27;[37m<-- POST /wd/hub/session/a46facd9-87a1-4938-90bd-474741089efc/element/f300d507-56ff-42ad-b7b5-91aa375972f4/click &amp#27;[39m&amp#27;[32m200&amp#27;[39m &amp#27;[90m767 ms - 14&amp#27;[39m
&amp#27;[35m[HTTP]&amp#27;[39m &amp#27;[90m&amp#27;[39m
&amp#27;[35m[HTTP]&amp#27;[39m &amp#27;[37m-->&amp#27;[39m &amp#27;[37mGET&amp#27;[39m &amp#27;[37m/wd/hub/session/a46facd9-87a1-4938-90bd-474741089efc&amp#27;[39m
&amp#27;[35m[HTTP]&amp#27;[39m &amp#27;[90m{}&amp#27;[39m
[debug] &amp#27;[35m[W3C (a46facd9)]&amp#27;[39m Calling AppiumDriver.getSession() with args: ["a46facd9-87a1-4938-90bd-474741089efc"]
[debug] &amp#27;[35m[UiAutomator2]&amp#27;[39m Getting session details from server to mix in
[debug] &amp#27;[35m[WD Proxy]&amp#27;[39m Matched '/' to command name 'getSession'
[debug] &amp#27;[35m[WD Proxy]&amp#27;[39m Proxying [GET /] to [GET http://127.0.0.1:8200/wd/hub/session/03f710e0-b3bc-436a-af5c-0a33ecb375c5] with no body
[debug] &amp#27;[35m[WD Proxy]&amp#27;[39m Got response with status 200: {"sessionId":"03f710e0-b3bc-436a-af5c-0a33ecb375c5","value":{"lastScrollData":null}}
[debug] &amp#27;[35m[W3C (a46facd9)]&amp#27;[39m Responding to client with driver.getSession() result: {"platform":"LINUX","webStorageEnabled":false,"takesScreenshot":true,"javascriptEnabled":true,"databaseEnabled":false,"networkConnectionEnabled":true,"locationContextEnabled":false,"warnings":{},"desired":{"platformName":"android","app":"C:\\Users\\Anis\\eclipse-workspace\\Appium\\src\\ApiDemos-debug.apk","deviceName":"Redmi","newCommandTimeout":14},"platformName":"android","app":"C:\\Users\\Anis\\eclipse-workspace\\Appium\\src\\ApiDemos-debug.apk","deviceName":"55272e729804","newCommandTimeout":14,"deviceUDID":"55272e729804","appPackage":"io.appium.android.apis","deviceApiLevel":24,"platformVersion":"7.0","deviceScreenSize":"1080x1920","deviceScreenDensity":480,"deviceModel":"Redmi Note 4","deviceManufacturer":"Xiaomi","pixelRatio":3,"statBarHeight":72,"viewportRect":{"left":0,"top":72,"width":1080,"height":1848},"lastScrollData":null}
&amp#27;[35m[HTTP]&amp#27;[39m &amp#27;[37m<-- GET /wd/hub/session/a46facd9-87a1-4938-90bd-474741089efc &amp#27;[39m&amp#27;[32m200&amp#27;[39m &amp#27;[90m13 ms - 858&amp#27;[39m
&amp#27;[35m[HTTP]&amp#27;[39m &amp#27;[90m&amp#27;[39m
&amp#27;[35m[HTTP]&amp#27;[39m &amp#27;[37m-->&amp#27;[39m &amp#27;[37mPOST&amp#27;[39m &amp#27;[37m/wd/hub/session/a46facd9-87a1-4938-90bd-474741089efc/element&amp#27;[39m
&amp#27;[35m[HTTP]&amp#27;[39m &amp#27;[90m{"using":"xpath","value":"(//android.widget.RelativeLayout)[2]"}&amp#27;[39m
[debug] &amp#27;[35m[W3C (a46facd9)]&amp#27;[39m Calling AppiumDriver.findElement() with args: ["xpath","(//android.widget.RelativeLayout)[2]","a46facd9-87a1-4938-90bd-474741089efc"]
[debug] &amp#27;[35m[BaseDriver]&amp#27;[39m Valid locator strategies for this request: xpath, id, class name, accessibility id, css selector, -android uiautomator
[debug] &amp#27;[35m[BaseDriver]&amp#27;[39m Waiting up to 10000 ms for condition
[debug] &amp#27;[35m[WD Proxy]&amp#27;[39m Matched '/element' to command name 'findElement'
[debug] &amp#27;[35m[WD Proxy]&amp#27;[39m Proxying [POST /element] to [POST http://127.0.0.1:8200/wd/hub/session/03f710e0-b3bc-436a-af5c-0a33ecb375c5/element] with body: {"strategy":"xpath","selector":"(//android.widget.RelativeLayout)[2]","context":"","multiple":false}
[debug] &amp#27;[35m[WD Proxy]&amp#27;[39m Got response with status 200: {"sessionId":"03f710e0-b3bc-436a-af5c-0a33ecb375c5","value":{"ELEMENT":"fb51ab24-730a-4ae4-a5e6-ce596e3215b8","element-6066-11e4-a52e-4f735466cecf":"fb51ab24-730a-4ae4-a5e6-ce596e3215b8"}}
[debug] &amp#27;[35m[W3C (a46facd9)]&amp#27;[39m Responding to client with driver.findElement() result: {"element-6066-11e4-a52e-4f735466cecf":"fb51ab24-730a-4ae4-a5e6-ce596e3215b8","ELEMENT":"fb51ab24-730a-4ae4-a5e6-ce596e3215b8"}
&amp#27;[35m[HTTP]&amp#27;[39m &amp#27;[37m<-- POST /wd/hub/session/a46facd9-87a1-4938-90bd-474741089efc/element &amp#27;[39m&amp#27;[32m200&amp#27;[39m &amp#27;[90m51 ms - 137&amp#27;[39m
&amp#27;[35m[HTTP]&amp#27;[39m &amp#27;[90m&amp#27;[39m
&amp#27;[35m[HTTP]&amp#27;[39m &amp#27;[37m-->&amp#27;[39m &amp#27;[37mPOST&amp#27;[39m &amp#27;[37m/wd/hub/session/a46facd9-87a1-4938-90bd-474741089efc/element/fb51ab24-730a-4ae4-a5e6-ce596e3215b8/click&amp#27;[39m
&amp#27;[35m[HTTP]&amp#27;[39m &amp#27;[90m{"id":"fb51ab24-730a-4ae4-a5e6-ce596e3215b8"}&amp#27;[39m
[debug] &amp#27;[35m[W3C (a46facd9)]&amp#27;[39m Calling AppiumDriver.click() with args: ["fb51ab24-730a-4ae4-a5e6-ce596e3215b8","a46facd9-87a1-4938-90bd-474741089efc"]
[debug] &amp#27;[35m[WD Proxy]&amp#27;[39m Matched '/element/fb51ab24-730a-4ae4-a5e6-ce596e3215b8/click' to command name 'click'
[debug] &amp#27;[35m[WD Proxy]&amp#27;[39m Proxying [POST /element/fb51ab24-730a-4ae4-a5e6-ce596e3215b8/click] to [POST http://127.0.0.1:8200/wd/hub/session/03f710e0-b3bc-436a-af5c-0a33ecb375c5/element/fb51ab24-730a-4ae4-a5e6-ce596e3215b8/click] with body: {"element":"fb51ab24-730a-4ae4-a5e6-ce596e3215b8"}
[debug] &amp#27;[35m[WD Proxy]&amp#27;[39m Got response with status 200: {"sessionId":"03f710e0-b3bc-436a-af5c-0a33ecb375c5","value":null}
[debug] &amp#27;[35m[W3C (a46facd9)]&amp#27;[39m Responding to client with driver.click() result: null
&amp#27;[35m[HTTP]&amp#27;[39m &amp#27;[37m<-- POST /wd/hub/session/a46facd9-87a1-4938-90bd-474741089efc/element/fb51ab24-730a-4ae4-a5e6-ce596e3215b8/click &amp#27;[39m&amp#27;[32m200&amp#27;[39m &amp#27;[90m1750 ms - 14&amp#27;[39m
&amp#27;[35m[HTTP]&amp#27;[39m &amp#27;[90m&amp#27;[39m
&amp#27;[35m[HTTP]&amp#27;[39m &amp#27;[37m-->&amp#27;[39m &amp#27;[37mGET&amp#27;[39m &amp#27;[37m/wd/hub/session/a46facd9-87a1-4938-90bd-474741089efc&amp#27;[39m
&amp#27;[35m[HTTP]&amp#27;[39m &amp#27;[90m{}&amp#27;[39m
[debug] &amp#27;[35m[W3C (a46facd9)]&amp#27;[39m Calling AppiumDriver.getSession() with args: ["a46facd9-87a1-4938-90bd-474741089efc"]
[debug] &amp#27;[35m[UiAutomator2]&amp#27;[39m Getting session details from server to mix in
[debug] &amp#27;[35m[WD Proxy]&amp#27;[39m Matched '/' to command name 'getSession'
[debug] &amp#27;[35m[WD Proxy]&amp#27;[39m Proxying [GET /] to [GET http://127.0.0.1:8200/wd/hub/session/03f710e0-b3bc-436a-af5c-0a33ecb375c5] with no body
[debug] &amp#27;[35m[WD Proxy]&amp#27;[39m Got response with status 200: {"sessionId":"03f710e0-b3bc-436a-af5c-0a33ecb375c5","value":{"lastScrollData":null}}
[debug] &amp#27;[35m[W3C (a46facd9)]&amp#27;[39m Responding to client with driver.getSession() result: {"platform":"LINUX","webStorageEnabled":false,"takesScreenshot":true,"javascriptEnabled":true,"databaseEnabled":false,"networkConnectionEnabled":true,"locationContextEnabled":false,"warnings":{},"desired":{"platformName":"android","app":"C:\\Users\\Anis\\eclipse-workspace\\Appium\\src\\ApiDemos-debug.apk","deviceName":"Redmi","newCommandTimeout":14},"platformName":"android","app":"C:\\Users\\Anis\\eclipse-workspace\\Appium\\src\\ApiDemos-debug.apk","deviceName":"55272e729804","newCommandTimeout":14,"deviceUDID":"55272e729804","appPackage":"io.appium.android.apis","deviceApiLevel":24,"platformVersion":"7.0","deviceScreenSize":"1080x1920","deviceScreenDensity":480,"deviceModel":"Redmi Note 4","deviceManufacturer":"Xiaomi","pixelRatio":3,"statBarHeight":72,"viewportRect":{"left":0,"top":72,"width":1080,"height":1848},"lastScrollData":null}
&amp#27;[35m[HTTP]&amp#27;[39m &amp#27;[37m<-- GET /wd/hub/session/a46facd9-87a1-4938-90bd-474741089efc &amp#27;[39m&amp#27;[32m200&amp#27;[39m &amp#27;[90m15 ms - 858&amp#27;[39m
&amp#27;[35m[HTTP]&amp#27;[39m &amp#27;[90m&amp#27;[39m
&amp#27;[35m[HTTP]&amp#27;[39m &amp#27;[37m-->&amp#27;[39m &amp#27;[37mPOST&amp#27;[39m &amp#27;[37m/wd/hub/session/a46facd9-87a1-4938-90bd-474741089efc/element&amp#27;[39m
&amp#27;[35m[HTTP]&amp#27;[39m &amp#27;[90m{"using":"class name","value":"android.widget.EditText"}&amp#27;[39m
[debug] &amp#27;[35m[W3C (a46facd9)]&amp#27;[39m Calling AppiumDriver.findElement() with args: ["class name","android.widget.EditText","a46facd9-87a1-4938-90bd-474741089efc"]
[debug] &amp#27;[35m[BaseDriver]&amp#27;[39m Valid locator strategies for this request: xpath, id, class name, accessibility id, css selector, -android uiautomator
[debug] &amp#27;[35m[BaseDriver]&amp#27;[39m Waiting up to 10000 ms for condition
[debug] &amp#27;[35m[WD Proxy]&amp#27;[39m Matched '/element' to command name 'findElement'
[debug] &amp#27;[35m[WD Proxy]&amp#27;[39m Proxying [POST /element] to [POST http://127.0.0.1:8200/wd/hub/session/03f710e0-b3bc-436a-af5c-0a33ecb375c5/element] with body: {"strategy":"class name","selector":"android.widget.EditText","context":"","multiple":false}
[debug] &amp#27;[35m[WD Proxy]&amp#27;[39m Got response with status 200: {"sessionId":"03f710e0-b3bc-436a-af5c-0a33ecb375c5","value":{"ELEMENT":"205a3ea2-b414-4819-8cb2-b358aa3c9911","element-6066-11e4-a52e-4f735466cecf":"205a3ea2-b414-4819-8cb2-b358aa3c9911"}}
[debug] &amp#27;[35m[W3C (a46facd9)]&amp#27;[39m Responding to client with driver.findElement() result: {"element-6066-11e4-a52e-4f735466cecf":"205a3ea2-b414-4819-8cb2-b358aa3c9911","ELEMENT":"205a3ea2-b414-4819-8cb2-b358aa3c9911"}
&amp#27;[35m[HTTP]&amp#27;[39m &amp#27;[37m<-- POST /wd/hub/session/a46facd9-87a1-4938-90bd-474741089efc/element &amp#27;[39m&amp#27;[32m200&amp#27;[39m &amp#27;[90m33 ms - 137&amp#27;[39m
&amp#27;[35m[HTTP]&amp#27;[39m &amp#27;[90m&amp#27;[39m
&amp#27;[35m[HTTP]&amp#27;[39m &amp#27;[37m-->&amp#27;[39m &amp#27;[37mPOST&amp#27;[39m &amp#27;[37m/wd/hub/session/a46facd9-87a1-4938-90bd-474741089efc/element/205a3ea2-b414-4819-8cb2-b358aa3c9911/value&amp#27;[39m
&amp#27;[35m[HTTP]&amp#27;[39m &amp#27;[90m{"id":"205a3ea2-b414-4819-8cb2-b358aa3c9911","text":"hello","value":["h","e","l","l","o"]}&amp#27;[39m
[debug] &amp#27;[35m[W3C (a46facd9)]&amp#27;[39m Calling AppiumDriver.setValue() with args: [["h","e","l","l","o"],"205a3ea2-b414-4819-8cb2-b358aa3c9911","a46facd9-87a1-4938-90bd-474741089efc"]
[debug] &amp#27;[35m[WD Proxy]&amp#27;[39m Matched '/element/205a3ea2-b414-4819-8cb2-b358aa3c9911/value' to command name 'setValue'
[debug] &amp#27;[35m[Protocol Converter]&amp#27;[39m Added 'value' property ["h","e","l","l","o"] to 'setValue' request body
[debug] &amp#27;[35m[WD Proxy]&amp#27;[39m Proxying [POST /element/205a3ea2-b414-4819-8cb2-b358aa3c9911/value] to [POST http://127.0.0.1:8200/wd/hub/session/03f710e0-b3bc-436a-af5c-0a33ecb375c5/element/205a3ea2-b414-4819-8cb2-b358aa3c9911/value] with body: {"elementId":"205a3ea2-b414-4819-8cb2-b358aa3c9911","text":"hello","replace":false,"value":["h","e","l","l","o"]}
[debug] &amp#27;[35m[WD Proxy]&amp#27;[39m Got response with status 200: {"sessionId":"03f710e0-b3bc-436a-af5c-0a33ecb375c5","value":null}
[debug] &amp#27;[35m[W3C (a46facd9)]&amp#27;[39m Responding to client with driver.setValue() result: null
&amp#27;[35m[HTTP]&amp#27;[39m &amp#27;[37m<-- POST /wd/hub/session/a46facd9-87a1-4938-90bd-474741089efc/element/205a3ea2-b414-4819-8cb2-b358aa3c9911/value &amp#27;[39m&amp#27;[32m200&amp#27;[39m &amp#27;[90m155 ms - 14&amp#27;[39m
&amp#27;[35m[HTTP]&amp#27;[39m &amp#27;[90m&amp#27;[39m
&amp#27;[35m[HTTP]&amp#27;[39m &amp#27;[37m-->&amp#27;[39m &amp#27;[37mGET&amp#27;[39m &amp#27;[37m/wd/hub/session/a46facd9-87a1-4938-90bd-474741089efc&amp#27;[39m
&amp#27;[35m[HTTP]&amp#27;[39m &amp#27;[90m{}&amp#27;[39m
[debug] &amp#27;[35m[W3C (a46facd9)]&amp#27;[39m Calling AppiumDriver.getSession() with args: ["a46facd9-87a1-4938-90bd-474741089efc"]
[debug] &amp#27;[35m[UiAutomator2]&amp#27;[39m Getting session details from server to mix in
[debug] &amp#27;[35m[WD Proxy]&amp#27;[39m Matched '/' to command name 'getSession'
[debug] &amp#27;[35m[WD Proxy]&amp#27;[39m Proxying [GET /] to [GET http://127.0.0.1:8200/wd/hub/session/03f710e0-b3bc-436a-af5c-0a33ecb375c5] with no body
[debug] &amp#27;[35m[WD Proxy]&amp#27;[39m Got response with status 200: {"sessionId":"03f710e0-b3bc-436a-af5c-0a33ecb375c5","value":{"lastScrollData":null}}
[debug] &amp#27;[35m[W3C (a46facd9)]&amp#27;[39m Responding to client with driver.getSession() result: {"platform":"LINUX","webStorageEnabled":false,"takesScreenshot":true,"javascriptEnabled":true,"databaseEnabled":false,"networkConnectionEnabled":true,"locationContextEnabled":false,"warnings":{},"desired":{"platformName":"android","app":"C:\\Users\\Anis\\eclipse-workspace\\Appium\\src\\ApiDemos-debug.apk","deviceName":"Redmi","newCommandTimeout":14},"platformName":"android","app":"C:\\Users\\Anis\\eclipse-workspace\\Appium\\src\\ApiDemos-debug.apk","deviceName":"55272e729804","newCommandTimeout":14,"deviceUDID":"55272e729804","appPackage":"io.appium.android.apis","deviceApiLevel":24,"platformVersion":"7.0","deviceScreenSize":"1080x1920","deviceScreenDensity":480,"deviceModel":"Redmi Note 4","deviceManufacturer":"Xiaomi","pixelRatio":3,"statBarHeight":72,"viewportRect":{"left":0,"top":72,"width":1080,"height":1848},"lastScrollData":null}
&amp#27;[35m[HTTP]&amp#27;[39m &amp#27;[37m<-- GET /wd/hub/session/a46facd9-87a1-4938-90bd-474741089efc &amp#27;[39m&amp#27;[32m200&amp#27;[39m &amp#27;[90m12 ms - 858&amp#27;[39m
&amp#27;[35m[HTTP]&amp#27;[39m &amp#27;[90m&amp#27;[39m
&amp#27;[35m[HTTP]&amp#27;[39m &amp#27;[37m-->&amp#27;[39m &amp#27;[37mPOST&amp#27;[39m &amp#27;[37m/wd/hub/session/a46facd9-87a1-4938-90bd-474741089efc/elements&amp#27;[39m
&amp#27;[35m[HTTP]&amp#27;[39m &amp#27;[90m{"using":"class name","value":"android.widget.Button"}&amp#27;[39m
[debug] &amp#27;[35m[W3C (a46facd9)]&amp#27;[39m Calling AppiumDriver.findElements() with args: ["class name","android.widget.Button","a46facd9-87a1-4938-90bd-474741089efc"]
[debug] &amp#27;[35m[BaseDriver]&amp#27;[39m Valid locator strategies for this request: xpath, id, class name, accessibility id, css selector, -android uiautomator
[debug] &amp#27;[35m[BaseDriver]&amp#27;[39m Waiting up to 10000 ms for condition
[debug] &amp#27;[35m[WD Proxy]&amp#27;[39m Matched '/elements' to command name 'findElements'
[debug] &amp#27;[35m[WD Proxy]&amp#27;[39m Proxying [POST /elements] to [POST http://127.0.0.1:8200/wd/hub/session/03f710e0-b3bc-436a-af5c-0a33ecb375c5/elements] with body: {"strategy":"class name","selector":"android.widget.Button","context":"","multiple":true}
[debug] &amp#27;[35m[WD Proxy]&amp#27;[39m Got response with status 200: {"sessionId":"03f710e0-b3bc-436a-af5c-0a33ecb375c5","value":[{"ELEMENT":"acf68fbd-5e78-4af1-8314-725477234403","element-6066-11e4-a52e-4f735466cecf":"acf68fbd-5e78-4af1-8314-725477234403"},{"ELEMENT":"6f320093-4d90-46f7-85aa-6295828a9679","element-6066-11e4-a52e-4f735466cecf":"6f320093-4d90-46f7-85aa-6295828a9679"}]}
[debug] &amp#27;[35m[W3C (a46facd9)]&amp#27;[39m Responding to client with driver.findElements() result: [{"element-6066-11e4-a52e-4f735466cecf":"acf68fbd-5e78-4af1-8314-725477234403","ELEMENT":"acf68fbd-5e78-4af1-8314-725477234403"},{"element-6066-11e4-a52e-4f735466cecf":"6f320093-4d90-46f7-85aa-6295828a9679","ELEMENT":"6f320093-4d90-46f7-85aa-6295828a9679"}]
&amp#27;[35m[HTTP]&amp#27;[39m &amp#27;[37m<-- POST /wd/hub/session/a46facd9-87a1-4938-90bd-474741089efc/elements &amp#27;[39m&amp#27;[32m200&amp#27;[39m &amp#27;[90m638 ms - 267&amp#27;[39m
&amp#27;[35m[HTTP]&amp#27;[39m &amp#27;[90m&amp#27;[39m
&amp#27;[35m[HTTP]&amp#27;[39m &amp#27;[37m-->&amp#27;[39m &amp#27;[37mPOST&amp#27;[39m &amp#27;[37m/wd/hub/session/a46facd9-87a1-4938-90bd-474741089efc/element/6f320093-4d90-46f7-85aa-6295828a9679/click&amp#27;[39m
&amp#27;[35m[HTTP]&amp#27;[39m &amp#27;[90m{"id":"6f320093-4d90-46f7-85aa-6295828a9679"}&amp#27;[39m
[debug] &amp#27;[35m[W3C (a46facd9)]&amp#27;[39m Calling AppiumDriver.click() with args: ["6f320093-4d90-46f7-85aa-6295828a9679","a46facd9-87a1-4938-90bd-474741089efc"]
[debug] &amp#27;[35m[WD Proxy]&amp#27;[39m Matched '/element/6f320093-4d90-46f7-85aa-6295828a9679/click' to command name 'click'
[debug] &amp#27;[35m[WD Proxy]&amp#27;[39m Proxying [POST /element/6f320093-4d90-46f7-85aa-6295828a9679/click] to [POST http://127.0.0.1:8200/wd/hub/session/03f710e0-b3bc-436a-af5c-0a33ecb375c5/element/6f320093-4d90-46f7-85aa-6295828a9679/click] with body: {"element":"6f320093-4d90-46f7-85aa-6295828a9679"}
[debug] &amp#27;[35m[WD Proxy]&amp#27;[39m Got response with status 200: {"sessionId":"03f710e0-b3bc-436a-af5c-0a33ecb375c5","value":null}
[debug] &amp#27;[35m[W3C (a46facd9)]&amp#27;[39m Responding to client with driver.click() result: null
&amp#27;[35m[HTTP]&amp#27;[39m &amp#27;[37m<-- POST /wd/hub/session/a46facd9-87a1-4938-90bd-474741089efc/element/6f320093-4d90-46f7-85aa-6295828a9679/click &amp#27;[39m&amp#27;[32m200&amp#27;[39m &amp#27;[90m30 ms - 14&amp#27;[39m
&amp#27;[35m[HTTP]&amp#27;[39m &amp#27;[90m&amp#27;[39m
]]></system-out>
    <system-err><![CDATA[Jun 15, 2021 11:11:40 AM io.appium.java_client.remote.AppiumCommandExecutor$1 lambda$0
INFO: Detected dialect: W3C
]]></system-err>
  </testcase>
  <testcase name="apiDemoTest[@#$%](2)" classname="ApiDemoTest" time="7.375">
    <system-out><![CDATA[&amp#27;[35m[Appium]&amp#27;[39m Welcome to Appium v1.21.0
&amp#27;[35m[Appium]&amp#27;[39m Appium REST http interface listener started on 0.0.0.0:4723
&amp#27;[35m[HTTP]&amp#27;[39m &amp#27;[37m-->&amp#27;[39m &amp#27;[37mGET&amp#27;[39m &amp#27;[37m/wd/hub/status&amp#27;[39m
&amp#27;[35m[HTTP]&amp#27;[39m &amp#27;[90m{}&amp#27;[39m
[debug] &amp#27;[35m[GENERIC]&amp#27;[39m Calling AppiumDriver.getStatus() with args: []
[debug] &amp#27;[35m[GENERIC]&amp#27;[39m Responding to client with driver.getStatus() result: {"build":{"version":"1.21.0"}}
&amp#27;[35m[HTTP]&amp#27;[39m &amp#27;[37m<-- GET /wd/hub/status &amp#27;[39m&amp#27;[32m200&amp#27;[39m &amp#27;[90m4 ms - 68&amp#27;[39m
&amp#27;[35m[HTTP]&amp#27;[39m &amp#27;[90m&amp#27;[39m
&amp#27;[35m[HTTP]&amp#27;[39m &amp#27;[37m-->&amp#27;[39m &amp#27;[37mPOST&amp#27;[39m &amp#27;[37m/wd/hub/session&amp#27;[39m
&amp#27;[35m[HTTP]&amp#27;[39m &amp#27;[90m{"desiredCapabilities":{"app":"C:\\Users\\Anis\\eclipse-workspace\\Appium\\src\\ApiDemos-debug.apk","platformName":"Android","deviceName":"Redmi","newCommandTimeout":14},"capabilities":{"firstMatch":[{"appium:app":"C:\\Users\\Anis\\eclipse-workspace\\Appium\\src\\ApiDemos-debug.apk","appium:deviceName":"Redmi","appium:newCommandTimeout":14,"platformName":"android"}]}}&amp#27;[39m
[debug] &amp#27;[35m[W3C]&amp#27;[39m Calling AppiumDriver.createSession() with args: [{"app":"C:\\Users\\Anis\\eclipse-workspace\\Appium\\src\\ApiDemos-debug.apk","platformName":"Android","deviceName":"Redmi","newCommandTimeout":14},null,{"firstMatch":[{"appium:app":"C:\\Users\\Anis\\eclipse-workspace\\Appium\\src\\ApiDemos-debug.apk","appium:deviceName":"Redmi","appium:newCommandTimeout":14,"platformName":"android"}]}]
[debug] &amp#27;[35m[BaseDriver]&amp#27;[39m Event 'newSessionRequested' logged at 1623735712890 (11:11:52 GMT+0530 (India Standard Time))
&amp#27;[35m[Appium]&amp#27;[39m 
&amp#27;[35m[Appium]&amp#27;[39m ======================================================================
&amp#27;[35m[Appium]&amp#27;[39m   DEPRECATION WARNING:
&amp#27;[35m[Appium]&amp#27;[39m 
&amp#27;[35m[Appium]&amp#27;[39m   The 'automationName' capability was not provided in the desired 
&amp#27;[35m[Appium]&amp#27;[39m   capabilities for this Android session
&amp#27;[35m[Appium]&amp#27;[39m 
&amp#27;[35m[Appium]&amp#27;[39m   Setting 'automationName=UiAutomator2' by default and using the 
&amp#27;[35m[Appium]&amp#27;[39m   UiAutomator2 Driver
&amp#27;[35m[Appium]&amp#27;[39m 
&amp#27;[35m[Appium]&amp#27;[39m   The next major version of Appium (2.x) will **require** the 
&amp#27;[35m[Appium]&amp#27;[39m   'automationName' capability to be set for all sessions on all 
&amp#27;[35m[Appium]&amp#27;[39m   platforms
&amp#27;[35m[Appium]&amp#27;[39m 
&amp#27;[35m[Appium]&amp#27;[39m   In previous versions (Appium <= 1.13.x), the default was 
&amp#27;[35m[Appium]&amp#27;[39m   'automationName=UiAutomator1'
&amp#27;[35m[Appium]&amp#27;[39m 
&amp#27;[35m[Appium]&amp#27;[39m   If you wish to use that automation instead of UiAutomator2, please 
&amp#27;[35m[Appium]&amp#27;[39m   add 'automationName=UiAutomator1' to your desired capabilities
&amp#27;[35m[Appium]&amp#27;[39m 
&amp#27;[35m[Appium]&amp#27;[39m   For more information about drivers, please visit 
&amp#27;[35m[Appium]&amp#27;[39m   http://appium.io/docs/en/about-appium/intro/ and explore the 
&amp#27;[35m[Appium]&amp#27;[39m   'Drivers' menu
&amp#27;[35m[Appium]&amp#27;[39m 
&amp#27;[35m[Appium]&amp#27;[39m ======================================================================
&amp#27;[35m[Appium]&amp#27;[39m 
&amp#27;[35m[Appium]&amp#27;[39m Appium v1.21.0 creating new AndroidUiautomator2Driver (v1.65.0) session
[debug] &amp#27;[35m[BaseDriver]&amp#27;[39m W3C capabilities and MJSONWP desired capabilities were provided
[debug] &amp#27;[35m[BaseDriver]&amp#27;[39m Creating session with W3C capabilities: {
[debug] &amp#27;[35m[BaseDriver]&amp#27;[39m   "alwaysMatch": {
[debug] &amp#27;[35m[BaseDriver]&amp#27;[39m     "platformName": "android",
[debug] &amp#27;[35m[BaseDriver]&amp#27;[39m     "appium:app": "C:\\Users\\Anis\\eclipse-workspace\\Appium\\src\\ApiDemos-debug.apk",
[debug] &amp#27;[35m[BaseDriver]&amp#27;[39m     "appium:deviceName": "Redmi",
[debug] &amp#27;[35m[BaseDriver]&amp#27;[39m     "appium:newCommandTimeout": 14
[debug] &amp#27;[35m[BaseDriver]&amp#27;[39m   },
[debug] &amp#27;[35m[BaseDriver]&amp#27;[39m   "firstMatch": [
[debug] &amp#27;[35m[BaseDriver]&amp#27;[39m     {}
[debug] &amp#27;[35m[BaseDriver]&amp#27;[39m   ]
[debug] &amp#27;[35m[BaseDriver]&amp#27;[39m }
&amp#27;[35m[BaseDriver]&amp#27;[39m Session created with session id: 1454ce12-52e7-409a-9243-9170b9cfc67c
&amp#27;[35m[BaseDriver]&amp#27;[39m Using local app 'C:\Users\Anis\eclipse-workspace\Appium\src\ApiDemos-debug.apk'
[debug] &amp#27;[35m[UiAutomator2]&amp#27;[39m Checking whether app is actually present
&amp#27;[35m[ADB]&amp#27;[39m Found 2 'build-tools' folders under 'C:\Users\Anis\AppData\Local\Android\Sdk' (newest first):
&amp#27;[35m[ADB]&amp#27;[39m     C:/Users/Anis/AppData/Local/Android/Sdk/build-tools/31.0.0-rc4
&amp#27;[35m[ADB]&amp#27;[39m     C:/Users/Anis/AppData/Local/Android/Sdk/build-tools/30.0.3
&amp#27;[35m[ADB]&amp#27;[39m Using 'adb.exe' from 'C:\Users\Anis\AppData\Local\Android\Sdk\platform-tools\adb.exe'
[debug] &amp#27;[35m[ADB]&amp#27;[39m Running 'C:\Users\Anis\AppData\Local\Android\Sdk\platform-tools\adb.exe -P 5037 start-server'
&amp#27;[35m[AndroidDriver]&amp#27;[39m Retrieving device list
[debug] &amp#27;[35m[ADB]&amp#27;[39m Trying to find a connected android device
[debug] &amp#27;[35m[ADB]&amp#27;[39m Getting connected devices
[debug] &amp#27;[35m[ADB]&amp#27;[39m Connected devices: [{"udid":"55272e729804","state":"device"}]
&amp#27;[35m[AndroidDriver]&amp#27;[39m Using device: 55272e729804
&amp#27;[35m[ADB]&amp#27;[39m Using 'adb.exe' from 'C:\Users\Anis\AppData\Local\Android\Sdk\platform-tools\adb.exe'
[debug] &amp#27;[35m[ADB]&amp#27;[39m Running 'C:\Users\Anis\AppData\Local\Android\Sdk\platform-tools\adb.exe -P 5037 start-server'
[debug] &amp#27;[35m[ADB]&amp#27;[39m Setting device id to 55272e729804
[debug] &amp#27;[35m[ADB]&amp#27;[39m Running 'C:\Users\Anis\AppData\Local\Android\Sdk\platform-tools\adb.exe -P 5037 -s 55272e729804 shell getprop ro.build.version.sdk'
[debug] &amp#27;[35m[ADB]&amp#27;[39m Current device property 'ro.build.version.sdk': 24
[debug] &amp#27;[35m[ADB]&amp#27;[39m Device API level: 24
[debug] &amp#27;[35m[AndroidDriver]&amp#27;[39m Parsing package and activity from app manifest
&amp#27;[35m[ADB]&amp#27;[39m Package name: 'io.appium.android.apis'
&amp#27;[35m[ADB]&amp#27;[39m Main activity name: 'ApiDemos'
[debug] &amp#27;[35m[AndroidDriver]&amp#27;[39m Parsed package and activity are: io.appium.android.apis/ApiDemos
[debug] &amp#27;[35m[ADB]&amp#27;[39m Running 'C:\Users\Anis\AppData\Local\Android\Sdk\platform-tools\adb.exe -P 5037 -s 55272e729804 wait-for-device'
[debug] &amp#27;[35m[ADB]&amp#27;[39m Running 'C:\Users\Anis\AppData\Local\Android\Sdk\platform-tools\adb.exe -P 5037 -s 55272e729804 shell echo ping'
[debug] &amp#27;[35m[AndroidDriver]&amp#27;[39m Pushing settings apk to device...
[debug] &amp#27;[35m[ADB]&amp#27;[39m Getting install status for io.appium.settings
[debug] &amp#27;[35m[ADB]&amp#27;[39m Running 'C:\Users\Anis\AppData\Local\Android\Sdk\platform-tools\adb.exe -P 5037 -s 55272e729804 shell dumpsys package io.appium.settings'
[debug] &amp#27;[35m[ADB]&amp#27;[39m 'io.appium.settings' is installed
[debug] &amp#27;[35m[ADB]&amp#27;[39m Getting package info for 'io.appium.settings'
[debug] &amp#27;[35m[ADB]&amp#27;[39m Running 'C:\Users\Anis\AppData\Local\Android\Sdk\platform-tools\adb.exe -P 5037 -s 55272e729804 shell dumpsys package io.appium.settings'
[debug] &amp#27;[35m[ADB]&amp#27;[39m The version name of the installed 'io.appium.settings' is greater or equal to the application version name ('3.3.0' >= '3.3.0')
[debug] &amp#27;[35m[ADB]&amp#27;[39m There is no need to install/upgrade 'C:\Users\Anis\AppData\Roaming\npm\node_modules\appium\node_modules\io.appium.settings\apks\settings_apk-debug.apk'
[debug] &amp#27;[35m[ADB]&amp#27;[39m Getting IDs of all 'io.appium.settings' processes
[debug] &amp#27;[35m[ADB]&amp#27;[39m Running 'C:\Users\Anis\AppData\Local\Android\Sdk\platform-tools\adb.exe -P 5037 -s 55272e729804 shell 'pgrep --help; echo $?''
[debug] &amp#27;[35m[ADB]&amp#27;[39m Running 'C:\Users\Anis\AppData\Local\Android\Sdk\platform-tools\adb.exe -P 5037 -s 55272e729804 shell 'pgrep ^appium\\.settings$ || pgrep ^io\\.appium\\.setti$''
[debug] &amp#27;[35m[ADB]&amp#27;[39m Getting IDs of all 'io.appium.settings' processes
[debug] &amp#27;[35m[ADB]&amp#27;[39m Running 'C:\Users\Anis\AppData\Local\Android\Sdk\platform-tools\adb.exe -P 5037 -s 55272e729804 shell 'pgrep ^appium\\.settings$ || pgrep ^io\\.appium\\.setti$''
[debug] &amp#27;[35m[ADB]&amp#27;[39m Starting Appium Settings app
[debug] &amp#27;[35m[ADB]&amp#27;[39m Running 'C:\Users\Anis\AppData\Local\Android\Sdk\platform-tools\adb.exe -P 5037 -s 55272e729804 shell am start -n io.appium.settings/.Settings -a android.intent.action.MAIN -c android.intent.category.LAUNCHER'
[debug] &amp#27;[35m[ADB]&amp#27;[39m Getting IDs of all 'io.appium.settings' processes
[debug] &amp#27;[35m[ADB]&amp#27;[39m Running 'C:\Users\Anis\AppData\Local\Android\Sdk\platform-tools\adb.exe -P 5037 -s 55272e729804 shell 'pgrep ^appium\\.settings$ || pgrep ^io\\.appium\\.setti$''
[debug] &amp#27;[35m[ADB]&amp#27;[39m Running 'C:\Users\Anis\AppData\Local\Android\Sdk\platform-tools\adb.exe -P 5037 -s 55272e729804 shell appops set io.appium.settings android:mock_location allow'
[debug] &amp#27;[35m[Logcat]&amp#27;[39m Starting logs capture with command: C:\\Users\\Anis\\AppData\\Local\\Android\\Sdk\\platform-tools\\adb.exe -P 5037 -s 55272e729804 logcat -v threadtime
[debug] &amp#27;[35m[UiAutomator2]&amp#27;[39m Forwarding UiAutomator2 Server port 6790 to local port 8201
[debug] &amp#27;[35m[ADB]&amp#27;[39m Forwarding system: 8201 to device: 6790
[debug] &amp#27;[35m[ADB]&amp#27;[39m Running 'C:\Users\Anis\AppData\Local\Android\Sdk\platform-tools\adb.exe -P 5037 -s 55272e729804 forward tcp:8201 tcp:6790'
[debug] &amp#27;[35m[ADB]&amp#27;[39m Getting install status for io.appium.uiautomator2.server
[debug] &amp#27;[35m[ADB]&amp#27;[39m Running 'C:\Users\Anis\AppData\Local\Android\Sdk\platform-tools\adb.exe -P 5037 -s 55272e729804 shell dumpsys package io.appium.uiautomator2.server'
[debug] &amp#27;[35m[ADB]&amp#27;[39m 'io.appium.uiautomator2.server' is installed
[debug] &amp#27;[35m[ADB]&amp#27;[39m Getting package info for 'io.appium.uiautomator2.server'
[debug] &amp#27;[35m[ADB]&amp#27;[39m Running 'C:\Users\Anis\AppData\Local\Android\Sdk\platform-tools\adb.exe -P 5037 -s 55272e729804 shell dumpsys package io.appium.uiautomator2.server'
[debug] &amp#27;[35m[ADB]&amp#27;[39m The version name of the installed 'io.appium.uiautomator2.server' is greater or equal to the application version name ('4.21.1' >= '4.21.1')
[debug] &amp#27;[35m[UiAutomator2]&amp#27;[39m io.appium.uiautomator2.server installation state: sameVersionInstalled
[debug] &amp#27;[35m[ADB]&amp#27;[39m Checking app cert for C:\Users\Anis\AppData\Roaming\npm\node_modules\appium\node_modules\appium-uiautomator2-server\apks\appium-uiautomator2-server-v4.21.1.apk
&amp#27;[35m[ADB]&amp#27;[39m Using 'apksigner.jar' from 'C:\Users\Anis\AppData\Local\Android\Sdk\build-tools\31.0.0-rc4\lib\apksigner.jar'
[debug] &amp#27;[35m[ADB]&amp#27;[39m Starting apksigner: 'C:\\Program Files\\Java\\jdk-11.0.11\\bin\\java.exe' -Xmx1024M -Xss1m -jar C:\\Users\\Anis\\AppData\\Local\\Android\\Sdk\\build-tools\\31.0.0-rc4\\lib\\apksigner.jar verify --print-certs C:\\Users\\Anis\\AppData\\Roaming\\npm\\node_modules\\appium\\node_modules\\appium-uiautomator2-server\\apks\\appium-uiautomator2-server-v4.21.1.apk
[debug] &amp#27;[35m[ADB]&amp#27;[39m apksigner stdout: Signer #1 certificate DN: EMAILADDRESS=android@android.com, CN=Android, OU=Android, O=Android, L=Mountain View, ST=California, C=US
[debug] &amp#27;[35m[ADB]&amp#27;[39m Signer #1 certificate SHA-256 digest: a40da80a59d170caa950cf15c18c454d47a39b26989d8b640ecd745ba71bf5dc
[debug] &amp#27;[35m[ADB]&amp#27;[39m Signer #1 certificate SHA-1 digest: 61ed377e85d386a8dfee6b864bd85b0bfaa5af81
[debug] &amp#27;[35m[ADB]&amp#27;[39m Signer #1 certificate MD5 digest: e89b158e4bcf988ebd09eb83f5378e87
[debug] &amp#27;[35m[ADB]&amp#27;[39m 
[debug] &amp#27;[35m[ADB]&amp#27;[39m sha256 hash did match for 'appium-uiautomator2-server-v4.21.1.apk'
&amp#27;[35m[ADB]&amp#27;[39m 'C:\Users\Anis\AppData\Roaming\npm\node_modules\appium\node_modules\appium-uiautomator2-server\apks\appium-uiautomator2-server-v4.21.1.apk' is signed with the default certificate
[debug] &amp#27;[35m[ADB]&amp#27;[39m Getting install status for io.appium.uiautomator2.server.test
[debug] &amp#27;[35m[ADB]&amp#27;[39m Running 'C:\Users\Anis\AppData\Local\Android\Sdk\platform-tools\adb.exe -P 5037 -s 55272e729804 shell dumpsys package io.appium.uiautomator2.server.test'
[debug] &amp#27;[35m[ADB]&amp#27;[39m 'io.appium.uiautomator2.server.test' is installed
[debug] &amp#27;[35m[ADB]&amp#27;[39m Checking app cert for C:\Users\Anis\AppData\Roaming\npm\node_modules\appium\node_modules\appium-uiautomator2-server\apks\appium-uiautomator2-server-debug-androidTest.apk
[debug] &amp#27;[35m[ADB]&amp#27;[39m Starting apksigner: 'C:\\Program Files\\Java\\jdk-11.0.11\\bin\\java.exe' -Xmx1024M -Xss1m -jar C:\\Users\\Anis\\AppData\\Local\\Android\\Sdk\\build-tools\\31.0.0-rc4\\lib\\apksigner.jar verify --print-certs C:\\Users\\Anis\\AppData\\Roaming\\npm\\node_modules\\appium\\node_modules\\appium-uiautomator2-server\\apks\\appium-uiautomator2-server-debug-androidTest.apk
[debug] &amp#27;[35m[ADB]&amp#27;[39m apksigner stdout: Signer #1 certificate DN: EMAILADDRESS=android@android.com, CN=Android, OU=Android, O=Android, L=Mountain View, ST=California, C=US
[debug] &amp#27;[35m[ADB]&amp#27;[39m Signer #1 certificate SHA-256 digest: a40da80a59d170caa950cf15c18c454d47a39b26989d8b640ecd745ba71bf5dc
[debug] &amp#27;[35m[ADB]&amp#27;[39m Signer #1 certificate SHA-1 digest: 61ed377e85d386a8dfee6b864bd85b0bfaa5af81
[debug] &amp#27;[35m[ADB]&amp#27;[39m Signer #1 certificate MD5 digest: e89b158e4bcf988ebd09eb83f5378e87
[debug] &amp#27;[35m[ADB]&amp#27;[39m 
[debug] &amp#27;[35m[ADB]&amp#27;[39m sha256 hash did match for 'appium-uiautomator2-server-debug-androidTest.apk'
&amp#27;[35m[ADB]&amp#27;[39m 'C:\Users\Anis\AppData\Roaming\npm\node_modules\appium\node_modules\appium-uiautomator2-server\apks\appium-uiautomator2-server-debug-androidTest.apk' is signed with the default certificate
&amp#27;[35m[UiAutomator2]&amp#27;[39m Server packages are not going to be (re)installed
[debug] &amp#27;[35m[UiAutomator2]&amp#27;[39m Waiting up to 30000ms for services to be available
[debug] &amp#27;[35m[ADB]&amp#27;[39m Running 'C:\Users\Anis\AppData\Local\Android\Sdk\platform-tools\adb.exe -P 5037 -s 55272e729804 shell pm list instrumentation'
[debug] &amp#27;[35m[UiAutomator2]&amp#27;[39m Instrumentation target 'io.appium.uiautomator2.server.test/androidx.test.runner.AndroidJUnitRunner' is available
&amp#27;[35m[ADB]&amp#27;[39m Adding packages ["io.appium.settings","io.appium.uiautomator2.server","io.appium.uiautomator2.server.test"] to Doze whitelist
[debug] &amp#27;[35m[ADB]&amp#27;[39m Got the following command chunks to execute: [["dumpsys","deviceidle","whitelist","+io.appium.settings",";","dumpsys","deviceidle","whitelist","+io.appium.uiautomator2.server",";","dumpsys","deviceidle","whitelist","+io.appium.uiautomator2.server.test",";"]]
[debug] &amp#27;[35m[ADB]&amp#27;[39m Running 'C:\Users\Anis\AppData\Local\Android\Sdk\platform-tools\adb.exe -P 5037 -s 55272e729804 shell dumpsys deviceidle whitelist +io.appium.settings ; dumpsys deviceidle whitelist +io.appium.uiautomator2.server ; dumpsys deviceidle whitelist +io.appium.uiautomator2.server.test ;'
[debug] &amp#27;[35m[ADB]&amp#27;[39m Checking app cert for C:\Users\Anis\eclipse-workspace\Appium\src\ApiDemos-debug.apk
[debug] &amp#27;[35m[ADB]&amp#27;[39m Starting apksigner: 'C:\\Program Files\\Java\\jdk-11.0.11\\bin\\java.exe' -Xmx1024M -Xss1m -jar C:\\Users\\Anis\\AppData\\Local\\Android\\Sdk\\build-tools\\31.0.0-rc4\\lib\\apksigner.jar verify --print-certs C:\\Users\\Anis\\eclipse-workspace\\Appium\\src\\ApiDemos-debug.apk
[debug] &amp#27;[35m[ADB]&amp#27;[39m apksigner stdout: Signer #1 certificate DN: EMAILADDRESS=android@android.com, CN=Android, OU=Android, O=Android, L=Mountain View, ST=California, C=US
[debug] &amp#27;[35m[ADB]&amp#27;[39m Signer #1 certificate SHA-256 digest: a40da80a59d170caa950cf15c18c454d47a39b26989d8b640ecd745ba71bf5dc
[debug] &amp#27;[35m[ADB]&amp#27;[39m Signer #1 certificate SHA-1 digest: 61ed377e85d386a8dfee6b864bd85b0bfaa5af81
[debug] &amp#27;[35m[ADB]&amp#27;[39m Signer #1 certificate MD5 digest: e89b158e4bcf988ebd09eb83f5378e87
[debug] &amp#27;[35m[ADB]&amp#27;[39m 
[debug] &amp#27;[35m[ADB]&amp#27;[39m sha256 hash did match for 'ApiDemos-debug.apk'
&amp#27;[35m[ADB]&amp#27;[39m 'C:\Users\Anis\eclipse-workspace\Appium\src\ApiDemos-debug.apk' is signed with the default certificate
[debug] &amp#27;[35m[ADB]&amp#27;[39m Getting install status for io.appium.android.apis
[debug] &amp#27;[35m[ADB]&amp#27;[39m Running 'C:\Users\Anis\AppData\Local\Android\Sdk\platform-tools\adb.exe -P 5037 -s 55272e729804 shell dumpsys package io.appium.android.apis'
[debug] &amp#27;[35m[ADB]&amp#27;[39m 'io.appium.android.apis' is installed
[debug] &amp#27;[35m[ADB]&amp#27;[39m Getting package info for 'io.appium.android.apis'
[debug] &amp#27;[35m[ADB]&amp#27;[39m Running 'C:\Users\Anis\AppData\Local\Android\Sdk\platform-tools\adb.exe -P 5037 -s 55272e729804 shell dumpsys package io.appium.android.apis'
&amp#27;[35m[ADB]&amp#27;[39m Cannot read version codes of 'C:\Users\Anis\eclipse-workspace\Appium\src\ApiDemos-debug.apk' and/or 'io.appium.android.apis'
&amp#27;[35m[ADB]&amp#27;[39m Cannot read version names of 'C:\Users\Anis\eclipse-workspace\Appium\src\ApiDemos-debug.apk' and/or 'io.appium.android.apis'
[debug] &amp#27;[35m[ADB]&amp#27;[39m The current install state of 'C:\Users\Anis\eclipse-workspace\Appium\src\ApiDemos-debug.apk' is unknown. Installing anyway
[debug] &amp#27;[35m[ADB]&amp#27;[39m Running 'C:\Users\Anis\AppData\Local\Android\Sdk\platform-tools\adb.exe -P 5037 -s 55272e729804 help'
[debug] &amp#27;[35m[ADB]&amp#27;[39m Running 'C:\Users\Anis\AppData\Local\Android\Sdk\platform-tools\adb.exe -P 5037 -s 55272e729804 features'
&amp#27;[35m[ADB]&amp#27;[39m The application at 'C:\Users\Anis\eclipse-workspace\Appium\src\ApiDemos-debug.apk' will not be cached, because the device under test has confirmed the support of streamed installs
[debug] &amp#27;[35m[ADB]&amp#27;[39m Running 'C:\Users\Anis\AppData\Local\Android\Sdk\platform-tools\adb.exe -P 5037 -s 55272e729804 install -r C:\Users\Anis\eclipse-workspace\Appium\src\ApiDemos-debug.apk'
&amp#27;[35m[ADB]&amp#27;[39m The installation of 'ApiDemos-debug.apk' took 6454ms
[debug] &amp#27;[35m[ADB]&amp#27;[39m Install command stdout: Performing Streamed Install
[debug] &amp#27;[35m[ADB]&amp#27;[39m Success
&amp#27;[35m[AndroidDriver]&amp#27;[39m Performing fast reset on 'io.appium.android.apis'
[debug] &amp#27;[35m[ADB]&amp#27;[39m Getting install status for io.appium.android.apis
[debug] &amp#27;[35m[ADB]&amp#27;[39m Running 'C:\Users\Anis\AppData\Local\Android\Sdk\platform-tools\adb.exe -P 5037 -s 55272e729804 shell dumpsys package io.appium.android.apis'
[debug] &amp#27;[35m[ADB]&amp#27;[39m 'io.appium.android.apis' is installed
[debug] &amp#27;[35m[ADB]&amp#27;[39m Running 'C:\Users\Anis\AppData\Local\Android\Sdk\platform-tools\adb.exe -P 5037 -s 55272e729804 shell am force-stop io.appium.android.apis'
[debug] &amp#27;[35m[ADB]&amp#27;[39m Running 'C:\Users\Anis\AppData\Local\Android\Sdk\platform-tools\adb.exe -P 5037 -s 55272e729804 shell pm clear io.appium.android.apis'
[debug] &amp#27;[35m[AndroidDriver]&amp#27;[39m Performed fast reset on the installed 'io.appium.android.apis' application (stop and clear)
[debug] &amp#27;[35m[UiAutomator2]&amp#27;[39m Performing shallow cleanup of automation leftovers
[debug] &amp#27;[35m[UiAutomator2]&amp#27;[39m The following obsolete sessions are still running: [null]
[debug] &amp#27;[35m[UiAutomator2]&amp#27;[39m Cleaning up the obsolete sessions
[debug] &amp#27;[35m[ADB]&amp#27;[39m Running 'C:\Users\Anis\AppData\Local\Android\Sdk\platform-tools\adb.exe -P 5037 -s 55272e729804 shell am force-stop io.appium.uiautomator2.server.test'
&amp#27;[35m[UiAutomator2]&amp#27;[39m Starting UIAutomator2 server 4.21.1
&amp#27;[35m[UiAutomator2]&amp#27;[39m Using UIAutomator2 server from 'C:\Users\Anis\AppData\Roaming\npm\node_modules\appium\node_modules\appium-uiautomator2-server\apks\appium-uiautomator2-server-v4.21.1.apk' and test from 'C:\Users\Anis\AppData\Roaming\npm\node_modules\appium\node_modules\appium-uiautomator2-server\apks\appium-uiautomator2-server-debug-androidTest.apk'
&amp#27;[35m[UiAutomator2]&amp#27;[39m Waiting up to 30000ms for UiAutomator2 to be online...
[debug] &amp#27;[35m[ADB]&amp#27;[39m Creating ADB subprocess with args: ["-P",5037,"-s","55272e729804","shell","am","instrument","-w","-e","disableAnalytics",true,"io.appium.uiautomator2.server.test/androidx.test.runner.AndroidJUnitRunner"]
[debug] &amp#27;[35m[WD Proxy]&amp#27;[39m Matched '/status' to command name 'getStatus'
[debug] &amp#27;[35m[WD Proxy]&amp#27;[39m Proxying [GET /status] to [GET http://127.0.0.1:8201/wd/hub/status] with no body
&amp#27;[35m[WD Proxy]&amp#27;[39m socket hang up
[debug] &amp#27;[35m[WD Proxy]&amp#27;[39m Matched '/status' to command name 'getStatus'
[debug] &amp#27;[35m[WD Proxy]&amp#27;[39m Proxying [GET /status] to [GET http://127.0.0.1:8201/wd/hub/status] with no body
&amp#27;[35m[WD Proxy]&amp#27;[39m socket hang up
[debug] &amp#27;[35m[WD Proxy]&amp#27;[39m Matched '/status' to command name 'getStatus'
[debug] &amp#27;[35m[WD Proxy]&amp#27;[39m Proxying [GET /status] to [GET http://127.0.0.1:8201/wd/hub/status] with no body
&amp#27;[35m[WD Proxy]&amp#27;[39m socket hang up
[debug] &amp#27;[35m[Instrumentation]&amp#27;[39m io.appium.uiautomator2.server.test.AppiumUiAutomator2Server:
[debug] &amp#27;[35m[WD Proxy]&amp#27;[39m Matched '/status' to command name 'getStatus'
[debug] &amp#27;[35m[WD Proxy]&amp#27;[39m Proxying [GET /status] to [GET http://127.0.0.1:8201/wd/hub/status] with no body
&amp#27;[35m[WD Proxy]&amp#27;[39m socket hang up
[debug] &amp#27;[35m[WD Proxy]&amp#27;[39m Matched '/status' to command name 'getStatus'
[debug] &amp#27;[35m[WD Proxy]&amp#27;[39m Proxying [GET /status] to [GET http://127.0.0.1:8201/wd/hub/status] with no body
[debug] &amp#27;[35m[WD Proxy]&amp#27;[39m Got response with status 200: {"sessionId":"None","value":{"message":"UiAutomator2 Server is ready to accept commands","ready":true}}
[debug] &amp#27;[35m[UiAutomator2]&amp#27;[39m The initialization of the instrumentation process took 4124ms
[debug] &amp#27;[35m[WD Proxy]&amp#27;[39m Matched '/session' to command name 'createSession'
[debug] &amp#27;[35m[WD Proxy]&amp#27;[39m Proxying [POST /session] to [POST http://127.0.0.1:8201/wd/hub/session] with body: {"capabilities":{"firstMatch":[{"platform":"LINUX","webStorageEnabled":false,"takesScreenshot":true,"javascriptEnabled":true,"databaseEnabled":false,"networkConnectionEnabled":true,"locationContextEnabled":false,"warnings":{},"desired":{"platformName":"android","app":"C:\\Users\\Anis\\eclipse-workspace\\Appium\\src\\ApiDemos-debug.apk","deviceName":"Redmi","newCommandTimeout":14},"platformName":"android","app":"C:\\Users\\Anis\\eclipse-workspace\\Appium\\src\\ApiDemos-debug.apk","deviceName":"55272e729804","newCommandTimeout":14,"deviceUDID":"55272e729804","appPackage":"io.appium.android.apis"}],"alwaysMatch":{}}}
[debug] &amp#27;[35m[WD Proxy]&amp#27;[39m Got response with status 200: {"sessionId":"f119124c-e5a7-4f62-9f87-6402397dbfcd","value":{"capabilities":{"firstMatch":[{"platform":"LINUX","webStorageEnabled":false,"takesScreenshot":true,"javascriptEnabled":true,"databaseEnabled":false,"networkConnectionEnabled":true,"locationContextEnabled":false,"warnings":{},"desired":{"platformName":"android","app":"C:\\Users\\Anis\\eclipse-workspace\\Appium\\src\\ApiDemos-debug.apk","deviceName":"Redmi","newCommandTimeout":14},"platformName":"android","app":"C:\\Users\\Anis\\eclipse-workspace\\Appium\\src\\ApiDemos-debug.apk","deviceName":"55272e729804","newCommandTimeout":14,"deviceUDID":"55272e729804","appPackage":"io.appium.android.apis"}],"alwaysMatch":{}},"sessionId":"f119124c-e5a7-4f62-9f87-6402397dbfcd"}}
&amp#27;[35m[WD Proxy]&amp#27;[39m Determined the downstream protocol as 'W3C'
[debug] &amp#27;[35m[WD Proxy]&amp#27;[39m Proxying [GET /appium/device/info] to [GET http://127.0.0.1:8201/wd/hub/session/f119124c-e5a7-4f62-9f87-6402397dbfcd/appium/device/info] with no body
[debug] &amp#27;[35m[WD Proxy]&amp#27;[39m Got response with status 200: {"sessionId":"f119124c-e5a7-4f62-9f87-6402397dbfcd","value":{"androidId":"62e279822e2e3c5b","apiVersion":"24","bluetooth":{"state":"OFF"},"brand":"xiaomi","carrierName":"airtel","displayDensity":480,"locale":"en_GB","manufacturer":"Xiaomi","model":"Redmi Note 4","networks":[{"capabilities":{"SSID":null,"linkDownBandwidthKbps":102400,"linkUpstreamBandwidthKbps":51200,"networkCapabilities":"NET_CAPABILITY_NOT_METERED,NET_CAPABILITY_NOT_RESTRICTED,NET_CAPABILITY_IMS,NET_CAPABILITY_NOT_VPN,NET_CAPABILITY_TRUSTED,NET_CAPABILITY_VALIDATED","signalStrength":-2147483648,"transportTypes":"TRANSPORT_CELLULAR"},"detailedState":"CONNECTED","extraInfo":"ims","isAvailable":true,"isConnected":true,"isFailover":false,"isRoaming":false,"state":"CONNECTED","subtype":13,"subtypeName":"LTE","type":0,"typeName":"MOBILE"},{"capabilities":{"SSID":null,"linkDownBandwidthKbps":102400,"linkUpstreamBandwidthKbps":51200,"networkCapabilities":"NET_CAPABILITY_NOT_RESTRICTED,NET_CAPABILITY_SUPL,NET_CAPABILITY_NOT_VPN,NET_CAPABILITY_INTE...
[debug] &amp#27;[35m[ADB]&amp#27;[39m Running 'C:\Users\Anis\AppData\Local\Android\Sdk\platform-tools\adb.exe -P 5037 -s 55272e729804 shell dumpsys window'
&amp#27;[35m[AndroidDriver]&amp#27;[39m Screen already unlocked, doing nothing
&amp#27;[35m[UiAutomator2]&amp#27;[39m Starting 'io.appium.android.apis/ApiDemos and waiting for 'io.appium.android.apis/ApiDemos'
[debug] &amp#27;[35m[ADB]&amp#27;[39m Running 'C:\Users\Anis\AppData\Local\Android\Sdk\platform-tools\adb.exe -P 5037 -s 55272e729804 shell am start -W -n io.appium.android.apis/ApiDemos -S -a android.intent.action.MAIN -c android.intent.category.LAUNCHER -f 0x10200000'
[debug] &amp#27;[35m[ADB]&amp#27;[39m We tried to start an activity that doesn't exist, retrying with '.ApiDemos' activity name
[debug] &amp#27;[35m[ADB]&amp#27;[39m Running 'C:\Users\Anis\AppData\Local\Android\Sdk\platform-tools\adb.exe -P 5037 -s 55272e729804 shell am start -W -n io.appium.android.apis/.ApiDemos -S -a android.intent.action.MAIN -c android.intent.category.LAUNCHER -f 0x10200000'
[debug] &amp#27;[35m[ADB]&amp#27;[39m Waiting up to 20000ms for activity matching pkg: 'io.appium.android.apis' and activity: 'ApiDemos' to be focused
[debug] &amp#27;[35m[ADB]&amp#27;[39m Possible activities, to be checked: 'ApiDemos', 'io.appium.android.apis.ApiDemos'
[debug] &amp#27;[35m[ADB]&amp#27;[39m Getting focused package and activity
[debug] &amp#27;[35m[ADB]&amp#27;[39m Running 'C:\Users\Anis\AppData\Local\Android\Sdk\platform-tools\adb.exe -P 5037 -s 55272e729804 shell dumpsys window windows'
[debug] &amp#27;[35m[ADB]&amp#27;[39m Found package: 'io.appium.android.apis' and fully qualified activity name : 'io.appium.android.apis.ApiDemos'
[debug] &amp#27;[35m[WD Proxy]&amp#27;[39m Proxying [GET /appium/device/pixel_ratio] to [GET http://127.0.0.1:8201/wd/hub/session/f119124c-e5a7-4f62-9f87-6402397dbfcd/appium/device/pixel_ratio] with no body
[debug] &amp#27;[35m[WD Proxy]&amp#27;[39m Got response with status 200: {"sessionId":"f119124c-e5a7-4f62-9f87-6402397dbfcd","value":3}
[debug] &amp#27;[35m[WD Proxy]&amp#27;[39m Matched '/appium/device/system_bars' to command name 'getSystemBars'
[debug] &amp#27;[35m[WD Proxy]&amp#27;[39m Proxying [GET /appium/device/system_bars] to [GET http://127.0.0.1:8201/wd/hub/session/f119124c-e5a7-4f62-9f87-6402397dbfcd/appium/device/system_bars] with no body
[debug] &amp#27;[35m[WD Proxy]&amp#27;[39m Got response with status 200: {"sessionId":"f119124c-e5a7-4f62-9f87-6402397dbfcd","value":{"statusBar":72}}
[debug] &amp#27;[35m[WD Proxy]&amp#27;[39m Matched '/window/current/size' to command name 'getWindowSize'
[debug] &amp#27;[35m[WD Proxy]&amp#27;[39m Proxying [GET /window/current/size] to [GET http://127.0.0.1:8201/wd/hub/session/f119124c-e5a7-4f62-9f87-6402397dbfcd/window/current/size] with no body
[debug] &amp#27;[35m[WD Proxy]&amp#27;[39m Got response with status 200: {"sessionId":"f119124c-e5a7-4f62-9f87-6402397dbfcd","value":{"height":1920,"width":1080}}
&amp#27;[35m[Appium]&amp#27;[39m New AndroidUiautomator2Driver session created successfully, session 1454ce12-52e7-409a-9243-9170b9cfc67c added to master session list
[debug] &amp#27;[35m[BaseDriver]&amp#27;[39m Event 'newSessionStarted' logged at 1623735743388 (11:12:23 GMT+0530 (India Standard Time))
[debug] &amp#27;[35m[W3C (1454ce12)]&amp#27;[39m Cached the protocol value 'W3C' for the new session 1454ce12-52e7-409a-9243-9170b9cfc67c
[debug] &amp#27;[35m[W3C (1454ce12)]&amp#27;[39m Responding to client with driver.createSession() result: {"capabilities":{"platform":"LINUX","webStorageEnabled":false,"takesScreenshot":true,"javascriptEnabled":true,"databaseEnabled":false,"networkConnectionEnabled":true,"locationContextEnabled":false,"warnings":{},"desired":{"platformName":"android","app":"C:\\Users\\Anis\\eclipse-workspace\\Appium\\src\\ApiDemos-debug.apk","deviceName":"Redmi","newCommandTimeout":14},"platformName":"android","app":"C:\\Users\\Anis\\eclipse-workspace\\Appium\\src\\ApiDemos-debug.apk","deviceName":"55272e729804","newCommandTimeout":14,"deviceUDID":"55272e729804","appPackage":"io.appium.android.apis","deviceApiLevel":24,"platformVersion":"7.0","deviceScreenSize":"1080x1920","deviceScreenDensity":480,"deviceModel":"Redmi Note 4","deviceManufacturer":"Xiaomi","pixelRatio":3,"statBarHeight":72,"viewportRect":{"left":0,"top":72,"width":1080,"height":1848}}}
&amp#27;[35m[HTTP]&amp#27;[39m &amp#27;[37m<-- POST /wd/hub/session &amp#27;[39m&amp#27;[32m200&amp#27;[39m &amp#27;[90m30512 ms - 904&amp#27;[39m
&amp#27;[35m[HTTP]&amp#27;[39m &amp#27;[90m&amp#27;[39m
&amp#27;[35m[HTTP]&amp#27;[39m &amp#27;[37m-->&amp#27;[39m &amp#27;[37mGET&amp#27;[39m &amp#27;[37m/wd/hub/session/1454ce12-52e7-409a-9243-9170b9cfc67c&amp#27;[39m
&amp#27;[35m[HTTP]&amp#27;[39m &amp#27;[90m{}&amp#27;[39m
[debug] &amp#27;[35m[W3C (1454ce12)]&amp#27;[39m Calling AppiumDriver.getSession() with args: ["1454ce12-52e7-409a-9243-9170b9cfc67c"]
[debug] &amp#27;[35m[UiAutomator2]&amp#27;[39m Getting session details from server to mix in
[debug] &amp#27;[35m[WD Proxy]&amp#27;[39m Matched '/' to command name 'getSession'
[debug] &amp#27;[35m[WD Proxy]&amp#27;[39m Proxying [GET /] to [GET http://127.0.0.1:8201/wd/hub/session/f119124c-e5a7-4f62-9f87-6402397dbfcd] with no body
[debug] &amp#27;[35m[WD Proxy]&amp#27;[39m Got response with status 200: {"sessionId":"f119124c-e5a7-4f62-9f87-6402397dbfcd","value":{"lastScrollData":null}}
[debug] &amp#27;[35m[W3C (1454ce12)]&amp#27;[39m Responding to client with driver.getSession() result: {"platform":"LINUX","webStorageEnabled":false,"takesScreenshot":true,"javascriptEnabled":true,"databaseEnabled":false,"networkConnectionEnabled":true,"locationContextEnabled":false,"warnings":{},"desired":{"platformName":"android","app":"C:\\Users\\Anis\\eclipse-workspace\\Appium\\src\\ApiDemos-debug.apk","deviceName":"Redmi","newCommandTimeout":14},"platformName":"android","app":"C:\\Users\\Anis\\eclipse-workspace\\Appium\\src\\ApiDemos-debug.apk","deviceName":"55272e729804","newCommandTimeout":14,"deviceUDID":"55272e729804","appPackage":"io.appium.android.apis","deviceApiLevel":24,"platformVersion":"7.0","deviceScreenSize":"1080x1920","deviceScreenDensity":480,"deviceModel":"Redmi Note 4","deviceManufacturer":"Xiaomi","pixelRatio":3,"statBarHeight":72,"viewportRect":{"left":0,"top":72,"width":1080,"height":1848},"lastScrollData":null}
&amp#27;[35m[HTTP]&amp#27;[39m &amp#27;[37m<-- GET /wd/hub/session/1454ce12-52e7-409a-9243-9170b9cfc67c &amp#27;[39m&amp#27;[32m200&amp#27;[39m &amp#27;[90m15 ms - 858&amp#27;[39m
&amp#27;[35m[HTTP]&amp#27;[39m &amp#27;[90m&amp#27;[39m
&amp#27;[35m[HTTP]&amp#27;[39m &amp#27;[37m-->&amp#27;[39m &amp#27;[37mGET&amp#27;[39m &amp#27;[37m/wd/hub/session/1454ce12-52e7-409a-9243-9170b9cfc67c&amp#27;[39m
&amp#27;[35m[HTTP]&amp#27;[39m &amp#27;[90m{}&amp#27;[39m
[debug] &amp#27;[35m[W3C (1454ce12)]&amp#27;[39m Calling AppiumDriver.getSession() with args: ["1454ce12-52e7-409a-9243-9170b9cfc67c"]
[debug] &amp#27;[35m[UiAutomator2]&amp#27;[39m Getting session details from server to mix in
[debug] &amp#27;[35m[WD Proxy]&amp#27;[39m Matched '/' to command name 'getSession'
[debug] &amp#27;[35m[WD Proxy]&amp#27;[39m Proxying [GET /] to [GET http://127.0.0.1:8201/wd/hub/session/f119124c-e5a7-4f62-9f87-6402397dbfcd] with no body
[debug] &amp#27;[35m[WD Proxy]&amp#27;[39m Got response with status 200: {"sessionId":"f119124c-e5a7-4f62-9f87-6402397dbfcd","value":{"lastScrollData":null}}
[debug] &amp#27;[35m[W3C (1454ce12)]&amp#27;[39m Responding to client with driver.getSession() result: {"platform":"LINUX","webStorageEnabled":false,"takesScreenshot":true,"javascriptEnabled":true,"databaseEnabled":false,"networkConnectionEnabled":true,"locationContextEnabled":false,"warnings":{},"desired":{"platformName":"android","app":"C:\\Users\\Anis\\eclipse-workspace\\Appium\\src\\ApiDemos-debug.apk","deviceName":"Redmi","newCommandTimeout":14},"platformName":"android","app":"C:\\Users\\Anis\\eclipse-workspace\\Appium\\src\\ApiDemos-debug.apk","deviceName":"55272e729804","newCommandTimeout":14,"deviceUDID":"55272e729804","appPackage":"io.appium.android.apis","deviceApiLevel":24,"platformVersion":"7.0","deviceScreenSize":"1080x1920","deviceScreenDensity":480,"deviceModel":"Redmi Note 4","deviceManufacturer":"Xiaomi","pixelRatio":3,"statBarHeight":72,"viewportRect":{"left":0,"top":72,"width":1080,"height":1848},"lastScrollData":null}
&amp#27;[35m[HTTP]&amp#27;[39m &amp#27;[37m<-- GET /wd/hub/session/1454ce12-52e7-409a-9243-9170b9cfc67c &amp#27;[39m&amp#27;[32m200&amp#27;[39m &amp#27;[90m11 ms - 858&amp#27;[39m
&amp#27;[35m[HTTP]&amp#27;[39m &amp#27;[90m&amp#27;[39m
&amp#27;[35m[HTTP]&amp#27;[39m &amp#27;[37m-->&amp#27;[39m &amp#27;[37mPOST&amp#27;[39m &amp#27;[37m/wd/hub/session/1454ce12-52e7-409a-9243-9170b9cfc67c/timeouts&amp#27;[39m
&amp#27;[35m[HTTP]&amp#27;[39m &amp#27;[90m{"implicit":10000}&amp#27;[39m
[debug] &amp#27;[35m[W3C (1454ce12)]&amp#27;[39m Calling AppiumDriver.timeouts() with args: [null,null,null,null,10000,"1454ce12-52e7-409a-9243-9170b9cfc67c"]
[debug] &amp#27;[35m[BaseDriver]&amp#27;[39m W3C timeout argument: {"implicit":10000}}
[debug] &amp#27;[35m[BaseDriver]&amp#27;[39m Set implicit wait to 10000ms
[debug] &amp#27;[35m[W3C (1454ce12)]&amp#27;[39m Responding to client with driver.timeouts() result: null
&amp#27;[35m[HTTP]&amp#27;[39m &amp#27;[37m<-- POST /wd/hub/session/1454ce12-52e7-409a-9243-9170b9cfc67c/timeouts &amp#27;[39m&amp#27;[32m200&amp#27;[39m &amp#27;[90m6 ms - 14&amp#27;[39m
&amp#27;[35m[HTTP]&amp#27;[39m &amp#27;[90m&amp#27;[39m
&amp#27;[35m[HTTP]&amp#27;[39m &amp#27;[37m-->&amp#27;[39m &amp#27;[37mGET&amp#27;[39m &amp#27;[37m/wd/hub/session/1454ce12-52e7-409a-9243-9170b9cfc67c&amp#27;[39m
&amp#27;[35m[HTTP]&amp#27;[39m &amp#27;[90m{}&amp#27;[39m
[debug] &amp#27;[35m[W3C (1454ce12)]&amp#27;[39m Calling AppiumDriver.getSession() with args: ["1454ce12-52e7-409a-9243-9170b9cfc67c"]
[debug] &amp#27;[35m[UiAutomator2]&amp#27;[39m Getting session details from server to mix in
[debug] &amp#27;[35m[WD Proxy]&amp#27;[39m Matched '/' to command name 'getSession'
[debug] &amp#27;[35m[WD Proxy]&amp#27;[39m Proxying [GET /] to [GET http://127.0.0.1:8201/wd/hub/session/f119124c-e5a7-4f62-9f87-6402397dbfcd] with no body
[debug] &amp#27;[35m[WD Proxy]&amp#27;[39m Got response with status 200: {"sessionId":"f119124c-e5a7-4f62-9f87-6402397dbfcd","value":{"lastScrollData":null}}
[debug] &amp#27;[35m[W3C (1454ce12)]&amp#27;[39m Responding to client with driver.getSession() result: {"platform":"LINUX","webStorageEnabled":false,"takesScreenshot":true,"javascriptEnabled":true,"databaseEnabled":false,"networkConnectionEnabled":true,"locationContextEnabled":false,"warnings":{},"desired":{"platformName":"android","app":"C:\\Users\\Anis\\eclipse-workspace\\Appium\\src\\ApiDemos-debug.apk","deviceName":"Redmi","newCommandTimeout":14},"platformName":"android","app":"C:\\Users\\Anis\\eclipse-workspace\\Appium\\src\\ApiDemos-debug.apk","deviceName":"55272e729804","newCommandTimeout":14,"deviceUDID":"55272e729804","appPackage":"io.appium.android.apis","deviceApiLevel":24,"platformVersion":"7.0","deviceScreenSize":"1080x1920","deviceScreenDensity":480,"deviceModel":"Redmi Note 4","deviceManufacturer":"Xiaomi","pixelRatio":3,"statBarHeight":72,"viewportRect":{"left":0,"top":72,"width":1080,"height":1848},"lastScrollData":null}
&amp#27;[35m[HTTP]&amp#27;[39m &amp#27;[37m<-- GET /wd/hub/session/1454ce12-52e7-409a-9243-9170b9cfc67c &amp#27;[39m&amp#27;[32m200&amp#27;[39m &amp#27;[90m8 ms - 858&amp#27;[39m
&amp#27;[35m[HTTP]&amp#27;[39m &amp#27;[90m&amp#27;[39m
&amp#27;[35m[HTTP]&amp#27;[39m &amp#27;[37m-->&amp#27;[39m &amp#27;[37mGET&amp#27;[39m &amp#27;[37m/wd/hub/session/1454ce12-52e7-409a-9243-9170b9cfc67c&amp#27;[39m
&amp#27;[35m[HTTP]&amp#27;[39m &amp#27;[90m{}&amp#27;[39m
[debug] &amp#27;[35m[W3C (1454ce12)]&amp#27;[39m Calling AppiumDriver.getSession() with args: ["1454ce12-52e7-409a-9243-9170b9cfc67c"]
[debug] &amp#27;[35m[UiAutomator2]&amp#27;[39m Getting session details from server to mix in
[debug] &amp#27;[35m[WD Proxy]&amp#27;[39m Matched '/' to command name 'getSession'
[debug] &amp#27;[35m[WD Proxy]&amp#27;[39m Proxying [GET /] to [GET http://127.0.0.1:8201/wd/hub/session/f119124c-e5a7-4f62-9f87-6402397dbfcd] with no body
[debug] &amp#27;[35m[WD Proxy]&amp#27;[39m Got response with status 200: {"sessionId":"f119124c-e5a7-4f62-9f87-6402397dbfcd","value":{"lastScrollData":null}}
[debug] &amp#27;[35m[W3C (1454ce12)]&amp#27;[39m Responding to client with driver.getSession() result: {"platform":"LINUX","webStorageEnabled":false,"takesScreenshot":true,"javascriptEnabled":true,"databaseEnabled":false,"networkConnectionEnabled":true,"locationContextEnabled":false,"warnings":{},"desired":{"platformName":"android","app":"C:\\Users\\Anis\\eclipse-workspace\\Appium\\src\\ApiDemos-debug.apk","deviceName":"Redmi","newCommandTimeout":14},"platformName":"android","app":"C:\\Users\\Anis\\eclipse-workspace\\Appium\\src\\ApiDemos-debug.apk","deviceName":"55272e729804","newCommandTimeout":14,"deviceUDID":"55272e729804","appPackage":"io.appium.android.apis","deviceApiLevel":24,"platformVersion":"7.0","deviceScreenSize":"1080x1920","deviceScreenDensity":480,"deviceModel":"Redmi Note 4","deviceManufacturer":"Xiaomi","pixelRatio":3,"statBarHeight":72,"viewportRect":{"left":0,"top":72,"width":1080,"height":1848},"lastScrollData":null}
&amp#27;[35m[HTTP]&amp#27;[39m &amp#27;[37m<-- GET /wd/hub/session/1454ce12-52e7-409a-9243-9170b9cfc67c &amp#27;[39m&amp#27;[32m200&amp#27;[39m &amp#27;[90m8 ms - 858&amp#27;[39m
&amp#27;[35m[HTTP]&amp#27;[39m &amp#27;[90m&amp#27;[39m
&amp#27;[35m[HTTP]&amp#27;[39m &amp#27;[37m-->&amp#27;[39m &amp#27;[37mGET&amp#27;[39m &amp#27;[37m/wd/hub/session/1454ce12-52e7-409a-9243-9170b9cfc67c&amp#27;[39m
&amp#27;[35m[HTTP]&amp#27;[39m &amp#27;[90m{}&amp#27;[39m
[debug] &amp#27;[35m[W3C (1454ce12)]&amp#27;[39m Calling AppiumDriver.getSession() with args: ["1454ce12-52e7-409a-9243-9170b9cfc67c"]
[debug] &amp#27;[35m[UiAutomator2]&amp#27;[39m Getting session details from server to mix in
[debug] &amp#27;[35m[WD Proxy]&amp#27;[39m Matched '/' to command name 'getSession'
[debug] &amp#27;[35m[WD Proxy]&amp#27;[39m Proxying [GET /] to [GET http://127.0.0.1:8201/wd/hub/session/f119124c-e5a7-4f62-9f87-6402397dbfcd] with no body
[debug] &amp#27;[35m[WD Proxy]&amp#27;[39m Got response with status 200: {"sessionId":"f119124c-e5a7-4f62-9f87-6402397dbfcd","value":{"lastScrollData":null}}
[debug] &amp#27;[35m[W3C (1454ce12)]&amp#27;[39m Responding to client with driver.getSession() result: {"platform":"LINUX","webStorageEnabled":false,"takesScreenshot":true,"javascriptEnabled":true,"databaseEnabled":false,"networkConnectionEnabled":true,"locationContextEnabled":false,"warnings":{},"desired":{"platformName":"android","app":"C:\\Users\\Anis\\eclipse-workspace\\Appium\\src\\ApiDemos-debug.apk","deviceName":"Redmi","newCommandTimeout":14},"platformName":"android","app":"C:\\Users\\Anis\\eclipse-workspace\\Appium\\src\\ApiDemos-debug.apk","deviceName":"55272e729804","newCommandTimeout":14,"deviceUDID":"55272e729804","appPackage":"io.appium.android.apis","deviceApiLevel":24,"platformVersion":"7.0","deviceScreenSize":"1080x1920","deviceScreenDensity":480,"deviceModel":"Redmi Note 4","deviceManufacturer":"Xiaomi","pixelRatio":3,"statBarHeight":72,"viewportRect":{"left":0,"top":72,"width":1080,"height":1848},"lastScrollData":null}
&amp#27;[35m[HTTP]&amp#27;[39m &amp#27;[37m<-- GET /wd/hub/session/1454ce12-52e7-409a-9243-9170b9cfc67c &amp#27;[39m&amp#27;[32m200&amp#27;[39m &amp#27;[90m9 ms - 858&amp#27;[39m
&amp#27;[35m[HTTP]&amp#27;[39m &amp#27;[90m&amp#27;[39m
&amp#27;[35m[HTTP]&amp#27;[39m &amp#27;[37m-->&amp#27;[39m &amp#27;[37mPOST&amp#27;[39m &amp#27;[37m/wd/hub/session/1454ce12-52e7-409a-9243-9170b9cfc67c/element&amp#27;[39m
&amp#27;[35m[HTTP]&amp#27;[39m &amp#27;[90m{"using":"xpath","value":"//android.widget.TextView[@text='Preference']"}&amp#27;[39m
[debug] &amp#27;[35m[W3C (1454ce12)]&amp#27;[39m Calling AppiumDriver.findElement() with args: ["xpath","//android.widget.TextView[@text='Preference']","1454ce12-52e7-409a-9243-9170b9cfc67c"]
[debug] &amp#27;[35m[BaseDriver]&amp#27;[39m Valid locator strategies for this request: xpath, id, class name, accessibility id, css selector, -android uiautomator
[debug] &amp#27;[35m[BaseDriver]&amp#27;[39m Waiting up to 10000 ms for condition
[debug] &amp#27;[35m[WD Proxy]&amp#27;[39m Matched '/element' to command name 'findElement'
[debug] &amp#27;[35m[WD Proxy]&amp#27;[39m Proxying [POST /element] to [POST http://127.0.0.1:8201/wd/hub/session/f119124c-e5a7-4f62-9f87-6402397dbfcd/element] with body: {"strategy":"xpath","selector":"//android.widget.TextView[@text='Preference']","context":"","multiple":false}
[debug] &amp#27;[35m[WD Proxy]&amp#27;[39m Got response with status 200: {"sessionId":"f119124c-e5a7-4f62-9f87-6402397dbfcd","value":{"ELEMENT":"9b3e3fa3-bc40-48b8-bb18-823aa4003af8","element-6066-11e4-a52e-4f735466cecf":"9b3e3fa3-bc40-48b8-bb18-823aa4003af8"}}
[debug] &amp#27;[35m[W3C (1454ce12)]&amp#27;[39m Responding to client with driver.findElement() result: {"element-6066-11e4-a52e-4f735466cecf":"9b3e3fa3-bc40-48b8-bb18-823aa4003af8","ELEMENT":"9b3e3fa3-bc40-48b8-bb18-823aa4003af8"}
&amp#27;[35m[HTTP]&amp#27;[39m &amp#27;[37m<-- POST /wd/hub/session/1454ce12-52e7-409a-9243-9170b9cfc67c/element &amp#27;[39m&amp#27;[32m200&amp#27;[39m &amp#27;[90m239 ms - 137&amp#27;[39m
&amp#27;[35m[HTTP]&amp#27;[39m &amp#27;[90m&amp#27;[39m
&amp#27;[35m[HTTP]&amp#27;[39m &amp#27;[37m-->&amp#27;[39m &amp#27;[37mPOST&amp#27;[39m &amp#27;[37m/wd/hub/session/1454ce12-52e7-409a-9243-9170b9cfc67c/element/9b3e3fa3-bc40-48b8-bb18-823aa4003af8/click&amp#27;[39m
&amp#27;[35m[HTTP]&amp#27;[39m &amp#27;[90m{"id":"9b3e3fa3-bc40-48b8-bb18-823aa4003af8"}&amp#27;[39m
[debug] &amp#27;[35m[W3C (1454ce12)]&amp#27;[39m Calling AppiumDriver.click() with args: ["9b3e3fa3-bc40-48b8-bb18-823aa4003af8","1454ce12-52e7-409a-9243-9170b9cfc67c"]
[debug] &amp#27;[35m[WD Proxy]&amp#27;[39m Matched '/element/9b3e3fa3-bc40-48b8-bb18-823aa4003af8/click' to command name 'click'
[debug] &amp#27;[35m[WD Proxy]&amp#27;[39m Proxying [POST /element/9b3e3fa3-bc40-48b8-bb18-823aa4003af8/click] to [POST http://127.0.0.1:8201/wd/hub/session/f119124c-e5a7-4f62-9f87-6402397dbfcd/element/9b3e3fa3-bc40-48b8-bb18-823aa4003af8/click] with body: {"element":"9b3e3fa3-bc40-48b8-bb18-823aa4003af8"}
[debug] &amp#27;[35m[WD Proxy]&amp#27;[39m Got response with status 200: {"sessionId":"f119124c-e5a7-4f62-9f87-6402397dbfcd","value":null}
[debug] &amp#27;[35m[W3C (1454ce12)]&amp#27;[39m Responding to client with driver.click() result: null
&amp#27;[35m[HTTP]&amp#27;[39m &amp#27;[37m<-- POST /wd/hub/session/1454ce12-52e7-409a-9243-9170b9cfc67c/element/9b3e3fa3-bc40-48b8-bb18-823aa4003af8/click &amp#27;[39m&amp#27;[32m200&amp#27;[39m &amp#27;[90m1731 ms - 14&amp#27;[39m
&amp#27;[35m[HTTP]&amp#27;[39m &amp#27;[90m&amp#27;[39m
&amp#27;[35m[HTTP]&amp#27;[39m &amp#27;[37m-->&amp#27;[39m &amp#27;[37mGET&amp#27;[39m &amp#27;[37m/wd/hub/session/1454ce12-52e7-409a-9243-9170b9cfc67c&amp#27;[39m
&amp#27;[35m[HTTP]&amp#27;[39m &amp#27;[90m{}&amp#27;[39m
[debug] &amp#27;[35m[W3C (1454ce12)]&amp#27;[39m Calling AppiumDriver.getSession() with args: ["1454ce12-52e7-409a-9243-9170b9cfc67c"]
[debug] &amp#27;[35m[UiAutomator2]&amp#27;[39m Getting session details from server to mix in
[debug] &amp#27;[35m[WD Proxy]&amp#27;[39m Matched '/' to command name 'getSession'
[debug] &amp#27;[35m[WD Proxy]&amp#27;[39m Proxying [GET /] to [GET http://127.0.0.1:8201/wd/hub/session/f119124c-e5a7-4f62-9f87-6402397dbfcd] with no body
[debug] &amp#27;[35m[WD Proxy]&amp#27;[39m Got response with status 200: {"sessionId":"f119124c-e5a7-4f62-9f87-6402397dbfcd","value":{"lastScrollData":null}}
[debug] &amp#27;[35m[W3C (1454ce12)]&amp#27;[39m Responding to client with driver.getSession() result: {"platform":"LINUX","webStorageEnabled":false,"takesScreenshot":true,"javascriptEnabled":true,"databaseEnabled":false,"networkConnectionEnabled":true,"locationContextEnabled":false,"warnings":{},"desired":{"platformName":"android","app":"C:\\Users\\Anis\\eclipse-workspace\\Appium\\src\\ApiDemos-debug.apk","deviceName":"Redmi","newCommandTimeout":14},"platformName":"android","app":"C:\\Users\\Anis\\eclipse-workspace\\Appium\\src\\ApiDemos-debug.apk","deviceName":"55272e729804","newCommandTimeout":14,"deviceUDID":"55272e729804","appPackage":"io.appium.android.apis","deviceApiLevel":24,"platformVersion":"7.0","deviceScreenSize":"1080x1920","deviceScreenDensity":480,"deviceModel":"Redmi Note 4","deviceManufacturer":"Xiaomi","pixelRatio":3,"statBarHeight":72,"viewportRect":{"left":0,"top":72,"width":1080,"height":1848},"lastScrollData":null}
&amp#27;[35m[HTTP]&amp#27;[39m &amp#27;[37m<-- GET /wd/hub/session/1454ce12-52e7-409a-9243-9170b9cfc67c &amp#27;[39m&amp#27;[32m200&amp#27;[39m &amp#27;[90m18 ms - 858&amp#27;[39m
&amp#27;[35m[HTTP]&amp#27;[39m &amp#27;[90m&amp#27;[39m
&amp#27;[35m[HTTP]&amp#27;[39m &amp#27;[37m-->&amp#27;[39m &amp#27;[37mGET&amp#27;[39m &amp#27;[37m/wd/hub/session/1454ce12-52e7-409a-9243-9170b9cfc67c&amp#27;[39m
&amp#27;[35m[HTTP]&amp#27;[39m &amp#27;[90m{}&amp#27;[39m
[debug] &amp#27;[35m[W3C (1454ce12)]&amp#27;[39m Calling AppiumDriver.getSession() with args: ["1454ce12-52e7-409a-9243-9170b9cfc67c"]
[debug] &amp#27;[35m[UiAutomator2]&amp#27;[39m Getting session details from server to mix in
[debug] &amp#27;[35m[WD Proxy]&amp#27;[39m Matched '/' to command name 'getSession'
[debug] &amp#27;[35m[WD Proxy]&amp#27;[39m Proxying [GET /] to [GET http://127.0.0.1:8201/wd/hub/session/f119124c-e5a7-4f62-9f87-6402397dbfcd] with no body
[debug] &amp#27;[35m[WD Proxy]&amp#27;[39m Got response with status 200: {"sessionId":"f119124c-e5a7-4f62-9f87-6402397dbfcd","value":{"lastScrollData":null}}
[debug] &amp#27;[35m[W3C (1454ce12)]&amp#27;[39m Responding to client with driver.getSession() result: {"platform":"LINUX","webStorageEnabled":false,"takesScreenshot":true,"javascriptEnabled":true,"databaseEnabled":false,"networkConnectionEnabled":true,"locationContextEnabled":false,"warnings":{},"desired":{"platformName":"android","app":"C:\\Users\\Anis\\eclipse-workspace\\Appium\\src\\ApiDemos-debug.apk","deviceName":"Redmi","newCommandTimeout":14},"platformName":"android","app":"C:\\Users\\Anis\\eclipse-workspace\\Appium\\src\\ApiDemos-debug.apk","deviceName":"55272e729804","newCommandTimeout":14,"deviceUDID":"55272e729804","appPackage":"io.appium.android.apis","deviceApiLevel":24,"platformVersion":"7.0","deviceScreenSize":"1080x1920","deviceScreenDensity":480,"deviceModel":"Redmi Note 4","deviceManufacturer":"Xiaomi","pixelRatio":3,"statBarHeight":72,"viewportRect":{"left":0,"top":72,"width":1080,"height":1848},"lastScrollData":null}
&amp#27;[35m[HTTP]&amp#27;[39m &amp#27;[37m<-- GET /wd/hub/session/1454ce12-52e7-409a-9243-9170b9cfc67c &amp#27;[39m&amp#27;[32m200&amp#27;[39m &amp#27;[90m11 ms - 858&amp#27;[39m
&amp#27;[35m[HTTP]&amp#27;[39m &amp#27;[90m&amp#27;[39m
&amp#27;[35m[HTTP]&amp#27;[39m &amp#27;[37m-->&amp#27;[39m &amp#27;[37mGET&amp#27;[39m &amp#27;[37m/wd/hub/session/1454ce12-52e7-409a-9243-9170b9cfc67c&amp#27;[39m
&amp#27;[35m[HTTP]&amp#27;[39m &amp#27;[90m{}&amp#27;[39m
[debug] &amp#27;[35m[W3C (1454ce12)]&amp#27;[39m Calling AppiumDriver.getSession() with args: ["1454ce12-52e7-409a-9243-9170b9cfc67c"]
[debug] &amp#27;[35m[UiAutomator2]&amp#27;[39m Getting session details from server to mix in
[debug] &amp#27;[35m[WD Proxy]&amp#27;[39m Matched '/' to command name 'getSession'
[debug] &amp#27;[35m[WD Proxy]&amp#27;[39m Proxying [GET /] to [GET http://127.0.0.1:8201/wd/hub/session/f119124c-e5a7-4f62-9f87-6402397dbfcd] with no body
[debug] &amp#27;[35m[WD Proxy]&amp#27;[39m Got response with status 200: {"sessionId":"f119124c-e5a7-4f62-9f87-6402397dbfcd","value":{"lastScrollData":null}}
[debug] &amp#27;[35m[W3C (1454ce12)]&amp#27;[39m Responding to client with driver.getSession() result: {"platform":"LINUX","webStorageEnabled":false,"takesScreenshot":true,"javascriptEnabled":true,"databaseEnabled":false,"networkConnectionEnabled":true,"locationContextEnabled":false,"warnings":{},"desired":{"platformName":"android","app":"C:\\Users\\Anis\\eclipse-workspace\\Appium\\src\\ApiDemos-debug.apk","deviceName":"Redmi","newCommandTimeout":14},"platformName":"android","app":"C:\\Users\\Anis\\eclipse-workspace\\Appium\\src\\ApiDemos-debug.apk","deviceName":"55272e729804","newCommandTimeout":14,"deviceUDID":"55272e729804","appPackage":"io.appium.android.apis","deviceApiLevel":24,"platformVersion":"7.0","deviceScreenSize":"1080x1920","deviceScreenDensity":480,"deviceModel":"Redmi Note 4","deviceManufacturer":"Xiaomi","pixelRatio":3,"statBarHeight":72,"viewportRect":{"left":0,"top":72,"width":1080,"height":1848},"lastScrollData":null}
&amp#27;[35m[HTTP]&amp#27;[39m &amp#27;[37m<-- GET /wd/hub/session/1454ce12-52e7-409a-9243-9170b9cfc67c &amp#27;[39m&amp#27;[32m200&amp#27;[39m &amp#27;[90m21 ms - 858&amp#27;[39m
&amp#27;[35m[HTTP]&amp#27;[39m &amp#27;[90m&amp#27;[39m
&amp#27;[35m[HTTP]&amp#27;[39m &amp#27;[37m-->&amp#27;[39m &amp#27;[37mPOST&amp#27;[39m &amp#27;[37m/wd/hub/session/1454ce12-52e7-409a-9243-9170b9cfc67c/element&amp#27;[39m
&amp#27;[35m[HTTP]&amp#27;[39m &amp#27;[90m{"using":"xpath","value":"//android.widget.TextView[@text='3. Preference dependencies']"}&amp#27;[39m
[debug] &amp#27;[35m[W3C (1454ce12)]&amp#27;[39m Calling AppiumDriver.findElement() with args: ["xpath","//android.widget.TextView[@text='3. Preference dependencies']","1454ce12-52e7-409a-9243-9170b9cfc67c"]
[debug] &amp#27;[35m[BaseDriver]&amp#27;[39m Valid locator strategies for this request: xpath, id, class name, accessibility id, css selector, -android uiautomator
[debug] &amp#27;[35m[BaseDriver]&amp#27;[39m Waiting up to 10000 ms for condition
[debug] &amp#27;[35m[WD Proxy]&amp#27;[39m Matched '/element' to command name 'findElement'
[debug] &amp#27;[35m[WD Proxy]&amp#27;[39m Proxying [POST /element] to [POST http://127.0.0.1:8201/wd/hub/session/f119124c-e5a7-4f62-9f87-6402397dbfcd/element] with body: {"strategy":"xpath","selector":"//android.widget.TextView[@text='3. Preference dependencies']","context":"","multiple":false}
[debug] &amp#27;[35m[WD Proxy]&amp#27;[39m Got response with status 200: {"sessionId":"f119124c-e5a7-4f62-9f87-6402397dbfcd","value":{"ELEMENT":"8ac77d40-48d3-4bbb-9d18-2c1c2a28130b","element-6066-11e4-a52e-4f735466cecf":"8ac77d40-48d3-4bbb-9d18-2c1c2a28130b"}}
[debug] &amp#27;[35m[W3C (1454ce12)]&amp#27;[39m Responding to client with driver.findElement() result: {"element-6066-11e4-a52e-4f735466cecf":"8ac77d40-48d3-4bbb-9d18-2c1c2a28130b","ELEMENT":"8ac77d40-48d3-4bbb-9d18-2c1c2a28130b"}
&amp#27;[35m[HTTP]&amp#27;[39m &amp#27;[37m<-- POST /wd/hub/session/1454ce12-52e7-409a-9243-9170b9cfc67c/element &amp#27;[39m&amp#27;[32m200&amp#27;[39m &amp#27;[90m77 ms - 137&amp#27;[39m
&amp#27;[35m[HTTP]&amp#27;[39m &amp#27;[90m&amp#27;[39m
&amp#27;[35m[HTTP]&amp#27;[39m &amp#27;[37m-->&amp#27;[39m &amp#27;[37mPOST&amp#27;[39m &amp#27;[37m/wd/hub/session/1454ce12-52e7-409a-9243-9170b9cfc67c/element/8ac77d40-48d3-4bbb-9d18-2c1c2a28130b/click&amp#27;[39m
&amp#27;[35m[HTTP]&amp#27;[39m &amp#27;[90m{"id":"8ac77d40-48d3-4bbb-9d18-2c1c2a28130b"}&amp#27;[39m
[debug] &amp#27;[35m[W3C (1454ce12)]&amp#27;[39m Calling AppiumDriver.click() with args: ["8ac77d40-48d3-4bbb-9d18-2c1c2a28130b","1454ce12-52e7-409a-9243-9170b9cfc67c"]
[debug] &amp#27;[35m[WD Proxy]&amp#27;[39m Matched '/element/8ac77d40-48d3-4bbb-9d18-2c1c2a28130b/click' to command name 'click'
[debug] &amp#27;[35m[WD Proxy]&amp#27;[39m Proxying [POST /element/8ac77d40-48d3-4bbb-9d18-2c1c2a28130b/click] to [POST http://127.0.0.1:8201/wd/hub/session/f119124c-e5a7-4f62-9f87-6402397dbfcd/element/8ac77d40-48d3-4bbb-9d18-2c1c2a28130b/click] with body: {"element":"8ac77d40-48d3-4bbb-9d18-2c1c2a28130b"}
[debug] &amp#27;[35m[WD Proxy]&amp#27;[39m Got response with status 200: {"sessionId":"f119124c-e5a7-4f62-9f87-6402397dbfcd","value":null}
[debug] &amp#27;[35m[W3C (1454ce12)]&amp#27;[39m Responding to client with driver.click() result: null
&amp#27;[35m[HTTP]&amp#27;[39m &amp#27;[37m<-- POST /wd/hub/session/1454ce12-52e7-409a-9243-9170b9cfc67c/element/8ac77d40-48d3-4bbb-9d18-2c1c2a28130b/click &amp#27;[39m&amp#27;[32m200&amp#27;[39m &amp#27;[90m1276 ms - 14&amp#27;[39m
&amp#27;[35m[HTTP]&amp#27;[39m &amp#27;[90m&amp#27;[39m
&amp#27;[35m[HTTP]&amp#27;[39m &amp#27;[37m-->&amp#27;[39m &amp#27;[37mGET&amp#27;[39m &amp#27;[37m/wd/hub/session/1454ce12-52e7-409a-9243-9170b9cfc67c&amp#27;[39m
&amp#27;[35m[HTTP]&amp#27;[39m &amp#27;[90m{}&amp#27;[39m
[debug] &amp#27;[35m[W3C (1454ce12)]&amp#27;[39m Calling AppiumDriver.getSession() with args: ["1454ce12-52e7-409a-9243-9170b9cfc67c"]
[debug] &amp#27;[35m[UiAutomator2]&amp#27;[39m Getting session details from server to mix in
[debug] &amp#27;[35m[WD Proxy]&amp#27;[39m Matched '/' to command name 'getSession'
[debug] &amp#27;[35m[WD Proxy]&amp#27;[39m Proxying [GET /] to [GET http://127.0.0.1:8201/wd/hub/session/f119124c-e5a7-4f62-9f87-6402397dbfcd] with no body
[debug] &amp#27;[35m[WD Proxy]&amp#27;[39m Got response with status 200: {"sessionId":"f119124c-e5a7-4f62-9f87-6402397dbfcd","value":{"lastScrollData":null}}
[debug] &amp#27;[35m[W3C (1454ce12)]&amp#27;[39m Responding to client with driver.getSession() result: {"platform":"LINUX","webStorageEnabled":false,"takesScreenshot":true,"javascriptEnabled":true,"databaseEnabled":false,"networkConnectionEnabled":true,"locationContextEnabled":false,"warnings":{},"desired":{"platformName":"android","app":"C:\\Users\\Anis\\eclipse-workspace\\Appium\\src\\ApiDemos-debug.apk","deviceName":"Redmi","newCommandTimeout":14},"platformName":"android","app":"C:\\Users\\Anis\\eclipse-workspace\\Appium\\src\\ApiDemos-debug.apk","deviceName":"55272e729804","newCommandTimeout":14,"deviceUDID":"55272e729804","appPackage":"io.appium.android.apis","deviceApiLevel":24,"platformVersion":"7.0","deviceScreenSize":"1080x1920","deviceScreenDensity":480,"deviceModel":"Redmi Note 4","deviceManufacturer":"Xiaomi","pixelRatio":3,"statBarHeight":72,"viewportRect":{"left":0,"top":72,"width":1080,"height":1848},"lastScrollData":null}
&amp#27;[35m[HTTP]&amp#27;[39m &amp#27;[37m<-- GET /wd/hub/session/1454ce12-52e7-409a-9243-9170b9cfc67c &amp#27;[39m&amp#27;[32m200&amp#27;[39m &amp#27;[90m13 ms - 858&amp#27;[39m
&amp#27;[35m[HTTP]&amp#27;[39m &amp#27;[90m&amp#27;[39m
&amp#27;[35m[HTTP]&amp#27;[39m &amp#27;[37m-->&amp#27;[39m &amp#27;[37mPOST&amp#27;[39m &amp#27;[37m/wd/hub/session/1454ce12-52e7-409a-9243-9170b9cfc67c/element&amp#27;[39m
&amp#27;[35m[HTTP]&amp#27;[39m &amp#27;[90m{"using":"id","value":"android:id/checkbox"}&amp#27;[39m
[debug] &amp#27;[35m[W3C (1454ce12)]&amp#27;[39m Calling AppiumDriver.findElement() with args: ["id","android:id/checkbox","1454ce12-52e7-409a-9243-9170b9cfc67c"]
[debug] &amp#27;[35m[BaseDriver]&amp#27;[39m Valid locator strategies for this request: xpath, id, class name, accessibility id, css selector, -android uiautomator
[debug] &amp#27;[35m[BaseDriver]&amp#27;[39m Waiting up to 10000 ms for condition
[debug] &amp#27;[35m[WD Proxy]&amp#27;[39m Matched '/element' to command name 'findElement'
[debug] &amp#27;[35m[WD Proxy]&amp#27;[39m Proxying [POST /element] to [POST http://127.0.0.1:8201/wd/hub/session/f119124c-e5a7-4f62-9f87-6402397dbfcd/element] with body: {"strategy":"id","selector":"android:id/checkbox","context":"","multiple":false}
[debug] &amp#27;[35m[WD Proxy]&amp#27;[39m Got response with status 200: {"sessionId":"f119124c-e5a7-4f62-9f87-6402397dbfcd","value":{"ELEMENT":"3cd2bd34-985e-452f-8be5-d8ab2a631de6","element-6066-11e4-a52e-4f735466cecf":"3cd2bd34-985e-452f-8be5-d8ab2a631de6"}}
[debug] &amp#27;[35m[W3C (1454ce12)]&amp#27;[39m Responding to client with driver.findElement() result: {"element-6066-11e4-a52e-4f735466cecf":"3cd2bd34-985e-452f-8be5-d8ab2a631de6","ELEMENT":"3cd2bd34-985e-452f-8be5-d8ab2a631de6"}
&amp#27;[35m[HTTP]&amp#27;[39m &amp#27;[37m<-- POST /wd/hub/session/1454ce12-52e7-409a-9243-9170b9cfc67c/element &amp#27;[39m&amp#27;[32m200&amp#27;[39m &amp#27;[90m39 ms - 137&amp#27;[39m
&amp#27;[35m[HTTP]&amp#27;[39m &amp#27;[90m&amp#27;[39m
&amp#27;[35m[HTTP]&amp#27;[39m &amp#27;[37m-->&amp#27;[39m &amp#27;[37mPOST&amp#27;[39m &amp#27;[37m/wd/hub/session/1454ce12-52e7-409a-9243-9170b9cfc67c/element/3cd2bd34-985e-452f-8be5-d8ab2a631de6/click&amp#27;[39m
&amp#27;[35m[HTTP]&amp#27;[39m &amp#27;[90m{"id":"3cd2bd34-985e-452f-8be5-d8ab2a631de6"}&amp#27;[39m
[debug] &amp#27;[35m[W3C (1454ce12)]&amp#27;[39m Calling AppiumDriver.click() with args: ["3cd2bd34-985e-452f-8be5-d8ab2a631de6","1454ce12-52e7-409a-9243-9170b9cfc67c"]
[debug] &amp#27;[35m[WD Proxy]&amp#27;[39m Matched '/element/3cd2bd34-985e-452f-8be5-d8ab2a631de6/click' to command name 'click'
[debug] &amp#27;[35m[WD Proxy]&amp#27;[39m Proxying [POST /element/3cd2bd34-985e-452f-8be5-d8ab2a631de6/click] to [POST http://127.0.0.1:8201/wd/hub/session/f119124c-e5a7-4f62-9f87-6402397dbfcd/element/3cd2bd34-985e-452f-8be5-d8ab2a631de6/click] with body: {"element":"3cd2bd34-985e-452f-8be5-d8ab2a631de6"}
[debug] &amp#27;[35m[WD Proxy]&amp#27;[39m Got response with status 200: {"sessionId":"f119124c-e5a7-4f62-9f87-6402397dbfcd","value":null}
[debug] &amp#27;[35m[W3C (1454ce12)]&amp#27;[39m Responding to client with driver.click() result: null
&amp#27;[35m[HTTP]&amp#27;[39m &amp#27;[37m<-- POST /wd/hub/session/1454ce12-52e7-409a-9243-9170b9cfc67c/element/3cd2bd34-985e-452f-8be5-d8ab2a631de6/click &amp#27;[39m&amp#27;[32m200&amp#27;[39m &amp#27;[90m825 ms - 14&amp#27;[39m
&amp#27;[35m[HTTP]&amp#27;[39m &amp#27;[90m&amp#27;[39m
&amp#27;[35m[HTTP]&amp#27;[39m &amp#27;[37m-->&amp#27;[39m &amp#27;[37mGET&amp#27;[39m &amp#27;[37m/wd/hub/session/1454ce12-52e7-409a-9243-9170b9cfc67c&amp#27;[39m
&amp#27;[35m[HTTP]&amp#27;[39m &amp#27;[90m{}&amp#27;[39m
[debug] &amp#27;[35m[W3C (1454ce12)]&amp#27;[39m Calling AppiumDriver.getSession() with args: ["1454ce12-52e7-409a-9243-9170b9cfc67c"]
[debug] &amp#27;[35m[UiAutomator2]&amp#27;[39m Getting session details from server to mix in
[debug] &amp#27;[35m[WD Proxy]&amp#27;[39m Matched '/' to command name 'getSession'
[debug] &amp#27;[35m[WD Proxy]&amp#27;[39m Proxying [GET /] to [GET http://127.0.0.1:8201/wd/hub/session/f119124c-e5a7-4f62-9f87-6402397dbfcd] with no body
[debug] &amp#27;[35m[WD Proxy]&amp#27;[39m Got response with status 200: {"sessionId":"f119124c-e5a7-4f62-9f87-6402397dbfcd","value":{"lastScrollData":null}}
[debug] &amp#27;[35m[W3C (1454ce12)]&amp#27;[39m Responding to client with driver.getSession() result: {"platform":"LINUX","webStorageEnabled":false,"takesScreenshot":true,"javascriptEnabled":true,"databaseEnabled":false,"networkConnectionEnabled":true,"locationContextEnabled":false,"warnings":{},"desired":{"platformName":"android","app":"C:\\Users\\Anis\\eclipse-workspace\\Appium\\src\\ApiDemos-debug.apk","deviceName":"Redmi","newCommandTimeout":14},"platformName":"android","app":"C:\\Users\\Anis\\eclipse-workspace\\Appium\\src\\ApiDemos-debug.apk","deviceName":"55272e729804","newCommandTimeout":14,"deviceUDID":"55272e729804","appPackage":"io.appium.android.apis","deviceApiLevel":24,"platformVersion":"7.0","deviceScreenSize":"1080x1920","deviceScreenDensity":480,"deviceModel":"Redmi Note 4","deviceManufacturer":"Xiaomi","pixelRatio":3,"statBarHeight":72,"viewportRect":{"left":0,"top":72,"width":1080,"height":1848},"lastScrollData":null}
&amp#27;[35m[HTTP]&amp#27;[39m &amp#27;[37m<-- GET /wd/hub/session/1454ce12-52e7-409a-9243-9170b9cfc67c &amp#27;[39m&amp#27;[32m200&amp#27;[39m &amp#27;[90m13 ms - 858&amp#27;[39m
&amp#27;[35m[HTTP]&amp#27;[39m &amp#27;[90m&amp#27;[39m
&amp#27;[35m[HTTP]&amp#27;[39m &amp#27;[37m-->&amp#27;[39m &amp#27;[37mPOST&amp#27;[39m &amp#27;[37m/wd/hub/session/1454ce12-52e7-409a-9243-9170b9cfc67c/element&amp#27;[39m
&amp#27;[35m[HTTP]&amp#27;[39m &amp#27;[90m{"using":"xpath","value":"(//android.widget.RelativeLayout)[2]"}&amp#27;[39m
[debug] &amp#27;[35m[W3C (1454ce12)]&amp#27;[39m Calling AppiumDriver.findElement() with args: ["xpath","(//android.widget.RelativeLayout)[2]","1454ce12-52e7-409a-9243-9170b9cfc67c"]
[debug] &amp#27;[35m[BaseDriver]&amp#27;[39m Valid locator strategies for this request: xpath, id, class name, accessibility id, css selector, -android uiautomator
[debug] &amp#27;[35m[BaseDriver]&amp#27;[39m Waiting up to 10000 ms for condition
[debug] &amp#27;[35m[WD Proxy]&amp#27;[39m Matched '/element' to command name 'findElement'
[debug] &amp#27;[35m[WD Proxy]&amp#27;[39m Proxying [POST /element] to [POST http://127.0.0.1:8201/wd/hub/session/f119124c-e5a7-4f62-9f87-6402397dbfcd/element] with body: {"strategy":"xpath","selector":"(//android.widget.RelativeLayout)[2]","context":"","multiple":false}
[debug] &amp#27;[35m[WD Proxy]&amp#27;[39m Got response with status 200: {"sessionId":"f119124c-e5a7-4f62-9f87-6402397dbfcd","value":{"ELEMENT":"80781064-e157-4631-99ff-3ae4ceda3cd1","element-6066-11e4-a52e-4f735466cecf":"80781064-e157-4631-99ff-3ae4ceda3cd1"}}
[debug] &amp#27;[35m[W3C (1454ce12)]&amp#27;[39m Responding to client with driver.findElement() result: {"element-6066-11e4-a52e-4f735466cecf":"80781064-e157-4631-99ff-3ae4ceda3cd1","ELEMENT":"80781064-e157-4631-99ff-3ae4ceda3cd1"}
&amp#27;[35m[HTTP]&amp#27;[39m &amp#27;[37m<-- POST /wd/hub/session/1454ce12-52e7-409a-9243-9170b9cfc67c/element &amp#27;[39m&amp#27;[32m200&amp#27;[39m &amp#27;[90m63 ms - 137&amp#27;[39m
&amp#27;[35m[HTTP]&amp#27;[39m &amp#27;[90m&amp#27;[39m
&amp#27;[35m[HTTP]&amp#27;[39m &amp#27;[37m-->&amp#27;[39m &amp#27;[37mPOST&amp#27;[39m &amp#27;[37m/wd/hub/session/1454ce12-52e7-409a-9243-9170b9cfc67c/element/80781064-e157-4631-99ff-3ae4ceda3cd1/click&amp#27;[39m
&amp#27;[35m[HTTP]&amp#27;[39m &amp#27;[90m{"id":"80781064-e157-4631-99ff-3ae4ceda3cd1"}&amp#27;[39m
[debug] &amp#27;[35m[W3C (1454ce12)]&amp#27;[39m Calling AppiumDriver.click() with args: ["80781064-e157-4631-99ff-3ae4ceda3cd1","1454ce12-52e7-409a-9243-9170b9cfc67c"]
[debug] &amp#27;[35m[WD Proxy]&amp#27;[39m Matched '/element/80781064-e157-4631-99ff-3ae4ceda3cd1/click' to command name 'click'
[debug] &amp#27;[35m[WD Proxy]&amp#27;[39m Proxying [POST /element/80781064-e157-4631-99ff-3ae4ceda3cd1/click] to [POST http://127.0.0.1:8201/wd/hub/session/f119124c-e5a7-4f62-9f87-6402397dbfcd/element/80781064-e157-4631-99ff-3ae4ceda3cd1/click] with body: {"element":"80781064-e157-4631-99ff-3ae4ceda3cd1"}
[debug] &amp#27;[35m[WD Proxy]&amp#27;[39m Got response with status 200: {"sessionId":"f119124c-e5a7-4f62-9f87-6402397dbfcd","value":null}
[debug] &amp#27;[35m[W3C (1454ce12)]&amp#27;[39m Responding to client with driver.click() result: null
&amp#27;[35m[HTTP]&amp#27;[39m &amp#27;[37m<-- POST /wd/hub/session/1454ce12-52e7-409a-9243-9170b9cfc67c/element/80781064-e157-4631-99ff-3ae4ceda3cd1/click &amp#27;[39m&amp#27;[32m200&amp#27;[39m &amp#27;[90m1605 ms - 14&amp#27;[39m
&amp#27;[35m[HTTP]&amp#27;[39m &amp#27;[90m&amp#27;[39m
&amp#27;[35m[HTTP]&amp#27;[39m &amp#27;[37m-->&amp#27;[39m &amp#27;[37mGET&amp#27;[39m &amp#27;[37m/wd/hub/session/1454ce12-52e7-409a-9243-9170b9cfc67c&amp#27;[39m
&amp#27;[35m[HTTP]&amp#27;[39m &amp#27;[90m{}&amp#27;[39m
[debug] &amp#27;[35m[W3C (1454ce12)]&amp#27;[39m Calling AppiumDriver.getSession() with args: ["1454ce12-52e7-409a-9243-9170b9cfc67c"]
[debug] &amp#27;[35m[UiAutomator2]&amp#27;[39m Getting session details from server to mix in
[debug] &amp#27;[35m[WD Proxy]&amp#27;[39m Matched '/' to command name 'getSession'
[debug] &amp#27;[35m[WD Proxy]&amp#27;[39m Proxying [GET /] to [GET http://127.0.0.1:8201/wd/hub/session/f119124c-e5a7-4f62-9f87-6402397dbfcd] with no body
[debug] &amp#27;[35m[WD Proxy]&amp#27;[39m Got response with status 200: {"sessionId":"f119124c-e5a7-4f62-9f87-6402397dbfcd","value":{"lastScrollData":null}}
[debug] &amp#27;[35m[W3C (1454ce12)]&amp#27;[39m Responding to client with driver.getSession() result: {"platform":"LINUX","webStorageEnabled":false,"takesScreenshot":true,"javascriptEnabled":true,"databaseEnabled":false,"networkConnectionEnabled":true,"locationContextEnabled":false,"warnings":{},"desired":{"platformName":"android","app":"C:\\Users\\Anis\\eclipse-workspace\\Appium\\src\\ApiDemos-debug.apk","deviceName":"Redmi","newCommandTimeout":14},"platformName":"android","app":"C:\\Users\\Anis\\eclipse-workspace\\Appium\\src\\ApiDemos-debug.apk","deviceName":"55272e729804","newCommandTimeout":14,"deviceUDID":"55272e729804","appPackage":"io.appium.android.apis","deviceApiLevel":24,"platformVersion":"7.0","deviceScreenSize":"1080x1920","deviceScreenDensity":480,"deviceModel":"Redmi Note 4","deviceManufacturer":"Xiaomi","pixelRatio":3,"statBarHeight":72,"viewportRect":{"left":0,"top":72,"width":1080,"height":1848},"lastScrollData":null}
&amp#27;[35m[HTTP]&amp#27;[39m &amp#27;[37m<-- GET /wd/hub/session/1454ce12-52e7-409a-9243-9170b9cfc67c &amp#27;[39m&amp#27;[32m200&amp#27;[39m &amp#27;[90m12 ms - 858&amp#27;[39m
&amp#27;[35m[HTTP]&amp#27;[39m &amp#27;[90m&amp#27;[39m
&amp#27;[35m[HTTP]&amp#27;[39m &amp#27;[37m-->&amp#27;[39m &amp#27;[37mPOST&amp#27;[39m &amp#27;[37m/wd/hub/session/1454ce12-52e7-409a-9243-9170b9cfc67c/element&amp#27;[39m
&amp#27;[35m[HTTP]&amp#27;[39m &amp#27;[90m{"using":"class name","value":"android.widget.EditText"}&amp#27;[39m
[debug] &amp#27;[35m[W3C (1454ce12)]&amp#27;[39m Calling AppiumDriver.findElement() with args: ["class name","android.widget.EditText","1454ce12-52e7-409a-9243-9170b9cfc67c"]
[debug] &amp#27;[35m[BaseDriver]&amp#27;[39m Valid locator strategies for this request: xpath, id, class name, accessibility id, css selector, -android uiautomator
[debug] &amp#27;[35m[BaseDriver]&amp#27;[39m Waiting up to 10000 ms for condition
[debug] &amp#27;[35m[WD Proxy]&amp#27;[39m Matched '/element' to command name 'findElement'
[debug] &amp#27;[35m[WD Proxy]&amp#27;[39m Proxying [POST /element] to [POST http://127.0.0.1:8201/wd/hub/session/f119124c-e5a7-4f62-9f87-6402397dbfcd/element] with body: {"strategy":"class name","selector":"android.widget.EditText","context":"","multiple":false}
[debug] &amp#27;[35m[WD Proxy]&amp#27;[39m Got response with status 200: {"sessionId":"f119124c-e5a7-4f62-9f87-6402397dbfcd","value":{"ELEMENT":"69087c67-6c8c-41ca-81d9-f33e7ceaf454","element-6066-11e4-a52e-4f735466cecf":"69087c67-6c8c-41ca-81d9-f33e7ceaf454"}}
[debug] &amp#27;[35m[W3C (1454ce12)]&amp#27;[39m Responding to client with driver.findElement() result: {"element-6066-11e4-a52e-4f735466cecf":"69087c67-6c8c-41ca-81d9-f33e7ceaf454","ELEMENT":"69087c67-6c8c-41ca-81d9-f33e7ceaf454"}
&amp#27;[35m[HTTP]&amp#27;[39m &amp#27;[37m<-- POST /wd/hub/session/1454ce12-52e7-409a-9243-9170b9cfc67c/element &amp#27;[39m&amp#27;[32m200&amp#27;[39m &amp#27;[90m25 ms - 137&amp#27;[39m
&amp#27;[35m[HTTP]&amp#27;[39m &amp#27;[90m&amp#27;[39m
&amp#27;[35m[HTTP]&amp#27;[39m &amp#27;[37m-->&amp#27;[39m &amp#27;[37mPOST&amp#27;[39m &amp#27;[37m/wd/hub/session/1454ce12-52e7-409a-9243-9170b9cfc67c/element/69087c67-6c8c-41ca-81d9-f33e7ceaf454/value&amp#27;[39m
&amp#27;[35m[HTTP]&amp#27;[39m &amp#27;[90m{"id":"69087c67-6c8c-41ca-81d9-f33e7ceaf454","text":"@#$%","value":["@","#","$","%"]}&amp#27;[39m
[debug] &amp#27;[35m[W3C (1454ce12)]&amp#27;[39m Calling AppiumDriver.setValue() with args: [["@","#","$","%"],"69087c67-6c8c-41ca-81d9-f33e7ceaf454","1454ce12-52e7-409a-9243-9170b9cfc67c"]
[debug] &amp#27;[35m[WD Proxy]&amp#27;[39m Matched '/element/69087c67-6c8c-41ca-81d9-f33e7ceaf454/value' to command name 'setValue'
[debug] &amp#27;[35m[Protocol Converter]&amp#27;[39m Added 'value' property ["@","#","$","%"] to 'setValue' request body
[debug] &amp#27;[35m[WD Proxy]&amp#27;[39m Proxying [POST /element/69087c67-6c8c-41ca-81d9-f33e7ceaf454/value] to [POST http://127.0.0.1:8201/wd/hub/session/f119124c-e5a7-4f62-9f87-6402397dbfcd/element/69087c67-6c8c-41ca-81d9-f33e7ceaf454/value] with body: {"elementId":"69087c67-6c8c-41ca-81d9-f33e7ceaf454","text":"@#$%","replace":false,"value":["@","#","$","%"]}
[debug] &amp#27;[35m[WD Proxy]&amp#27;[39m Got response with status 200: {"sessionId":"f119124c-e5a7-4f62-9f87-6402397dbfcd","value":null}
[debug] &amp#27;[35m[W3C (1454ce12)]&amp#27;[39m Responding to client with driver.setValue() result: null
&amp#27;[35m[HTTP]&amp#27;[39m &amp#27;[37m<-- POST /wd/hub/session/1454ce12-52e7-409a-9243-9170b9cfc67c/element/69087c67-6c8c-41ca-81d9-f33e7ceaf454/value &amp#27;[39m&amp#27;[32m200&amp#27;[39m &amp#27;[90m101 ms - 14&amp#27;[39m
&amp#27;[35m[HTTP]&amp#27;[39m &amp#27;[90m&amp#27;[39m
&amp#27;[35m[HTTP]&amp#27;[39m &amp#27;[37m-->&amp#27;[39m &amp#27;[37mGET&amp#27;[39m &amp#27;[37m/wd/hub/session/1454ce12-52e7-409a-9243-9170b9cfc67c&amp#27;[39m
&amp#27;[35m[HTTP]&amp#27;[39m &amp#27;[90m{}&amp#27;[39m
[debug] &amp#27;[35m[W3C (1454ce12)]&amp#27;[39m Calling AppiumDriver.getSession() with args: ["1454ce12-52e7-409a-9243-9170b9cfc67c"]
[debug] &amp#27;[35m[UiAutomator2]&amp#27;[39m Getting session details from server to mix in
[debug] &amp#27;[35m[WD Proxy]&amp#27;[39m Matched '/' to command name 'getSession'
[debug] &amp#27;[35m[WD Proxy]&amp#27;[39m Proxying [GET /] to [GET http://127.0.0.1:8201/wd/hub/session/f119124c-e5a7-4f62-9f87-6402397dbfcd] with no body
[debug] &amp#27;[35m[WD Proxy]&amp#27;[39m Got response with status 200: {"sessionId":"f119124c-e5a7-4f62-9f87-6402397dbfcd","value":{"lastScrollData":null}}
[debug] &amp#27;[35m[W3C (1454ce12)]&amp#27;[39m Responding to client with driver.getSession() result: {"platform":"LINUX","webStorageEnabled":false,"takesScreenshot":true,"javascriptEnabled":true,"databaseEnabled":false,"networkConnectionEnabled":true,"locationContextEnabled":false,"warnings":{},"desired":{"platformName":"android","app":"C:\\Users\\Anis\\eclipse-workspace\\Appium\\src\\ApiDemos-debug.apk","deviceName":"Redmi","newCommandTimeout":14},"platformName":"android","app":"C:\\Users\\Anis\\eclipse-workspace\\Appium\\src\\ApiDemos-debug.apk","deviceName":"55272e729804","newCommandTimeout":14,"deviceUDID":"55272e729804","appPackage":"io.appium.android.apis","deviceApiLevel":24,"platformVersion":"7.0","deviceScreenSize":"1080x1920","deviceScreenDensity":480,"deviceModel":"Redmi Note 4","deviceManufacturer":"Xiaomi","pixelRatio":3,"statBarHeight":72,"viewportRect":{"left":0,"top":72,"width":1080,"height":1848},"lastScrollData":null}
&amp#27;[35m[HTTP]&amp#27;[39m &amp#27;[37m<-- GET /wd/hub/session/1454ce12-52e7-409a-9243-9170b9cfc67c &amp#27;[39m&amp#27;[32m200&amp#27;[39m &amp#27;[90m15 ms - 858&amp#27;[39m
&amp#27;[35m[HTTP]&amp#27;[39m &amp#27;[90m&amp#27;[39m
&amp#27;[35m[HTTP]&amp#27;[39m &amp#27;[37m-->&amp#27;[39m &amp#27;[37mPOST&amp#27;[39m &amp#27;[37m/wd/hub/session/1454ce12-52e7-409a-9243-9170b9cfc67c/elements&amp#27;[39m
&amp#27;[35m[HTTP]&amp#27;[39m &amp#27;[90m{"using":"class name","value":"android.widget.Button"}&amp#27;[39m
[debug] &amp#27;[35m[W3C (1454ce12)]&amp#27;[39m Calling AppiumDriver.findElements() with args: ["class name","android.widget.Button","1454ce12-52e7-409a-9243-9170b9cfc67c"]
[debug] &amp#27;[35m[BaseDriver]&amp#27;[39m Valid locator strategies for this request: xpath, id, class name, accessibility id, css selector, -android uiautomator
[debug] &amp#27;[35m[BaseDriver]&amp#27;[39m Waiting up to 10000 ms for condition
[debug] &amp#27;[35m[WD Proxy]&amp#27;[39m Matched '/elements' to command name 'findElements'
[debug] &amp#27;[35m[WD Proxy]&amp#27;[39m Proxying [POST /elements] to [POST http://127.0.0.1:8201/wd/hub/session/f119124c-e5a7-4f62-9f87-6402397dbfcd/elements] with body: {"strategy":"class name","selector":"android.widget.Button","context":"","multiple":true}
[debug] &amp#27;[35m[WD Proxy]&amp#27;[39m Got response with status 200: {"sessionId":"f119124c-e5a7-4f62-9f87-6402397dbfcd","value":[{"ELEMENT":"71756fef-d261-49d7-876a-1d592218be2a","element-6066-11e4-a52e-4f735466cecf":"71756fef-d261-49d7-876a-1d592218be2a"},{"ELEMENT":"280ad4b6-882e-414a-b079-ea264a3c138d","element-6066-11e4-a52e-4f735466cecf":"280ad4b6-882e-414a-b079-ea264a3c138d"}]}
[debug] &amp#27;[35m[W3C (1454ce12)]&amp#27;[39m Responding to client with driver.findElements() result: [{"element-6066-11e4-a52e-4f735466cecf":"71756fef-d261-49d7-876a-1d592218be2a","ELEMENT":"71756fef-d261-49d7-876a-1d592218be2a"},{"element-6066-11e4-a52e-4f735466cecf":"280ad4b6-882e-414a-b079-ea264a3c138d","ELEMENT":"280ad4b6-882e-414a-b079-ea264a3c138d"}]
&amp#27;[35m[HTTP]&amp#27;[39m &amp#27;[37m<-- POST /wd/hub/session/1454ce12-52e7-409a-9243-9170b9cfc67c/elements &amp#27;[39m&amp#27;[32m200&amp#27;[39m &amp#27;[90m1060 ms - 267&amp#27;[39m
&amp#27;[35m[HTTP]&amp#27;[39m &amp#27;[90m&amp#27;[39m
&amp#27;[35m[HTTP]&amp#27;[39m &amp#27;[37m-->&amp#27;[39m &amp#27;[37mPOST&amp#27;[39m &amp#27;[37m/wd/hub/session/1454ce12-52e7-409a-9243-9170b9cfc67c/element/280ad4b6-882e-414a-b079-ea264a3c138d/click&amp#27;[39m
&amp#27;[35m[HTTP]&amp#27;[39m &amp#27;[90m{"id":"280ad4b6-882e-414a-b079-ea264a3c138d"}&amp#27;[39m
[debug] &amp#27;[35m[W3C (1454ce12)]&amp#27;[39m Calling AppiumDriver.click() with args: ["280ad4b6-882e-414a-b079-ea264a3c138d","1454ce12-52e7-409a-9243-9170b9cfc67c"]
[debug] &amp#27;[35m[WD Proxy]&amp#27;[39m Matched '/element/280ad4b6-882e-414a-b079-ea264a3c138d/click' to command name 'click'
[debug] &amp#27;[35m[WD Proxy]&amp#27;[39m Proxying [POST /element/280ad4b6-882e-414a-b079-ea264a3c138d/click] to [POST http://127.0.0.1:8201/wd/hub/session/f119124c-e5a7-4f62-9f87-6402397dbfcd/element/280ad4b6-882e-414a-b079-ea264a3c138d/click] with body: {"element":"280ad4b6-882e-414a-b079-ea264a3c138d"}
[debug] &amp#27;[35m[WD Proxy]&amp#27;[39m Got response with status 200: {"sessionId":"f119124c-e5a7-4f62-9f87-6402397dbfcd","value":null}
[debug] &amp#27;[35m[W3C (1454ce12)]&amp#27;[39m Responding to client with driver.click() result: null
&amp#27;[35m[HTTP]&amp#27;[39m &amp#27;[37m<-- POST /wd/hub/session/1454ce12-52e7-409a-9243-9170b9cfc67c/element/280ad4b6-882e-414a-b079-ea264a3c138d/click &amp#27;[39m&amp#27;[32m200&amp#27;[39m &amp#27;[90m36 ms - 14&amp#27;[39m
&amp#27;[35m[HTTP]&amp#27;[39m &amp#27;[90m&amp#27;[39m
]]></system-out>
    <system-err><![CDATA[Jun 15, 2021 11:12:23 AM io.appium.java_client.remote.AppiumCommandExecutor$1 lambda$0
INFO: Detected dialect: W3C
]]></system-err>
  </testcase>
  <testcase name="contentTest" classname="ApiDemoTest" time="64.032">
    <system-out><![CDATA[&amp#27;[35m[Appium]&amp#27;[39m Welcome to Appium v1.21.0
&amp#27;[35m[Appium]&amp#27;[39m Appium REST http interface listener started on 0.0.0.0:4723
&amp#27;[35m[HTTP]&amp#27;[39m &amp#27;[37m-->&amp#27;[39m &amp#27;[37mGET&amp#27;[39m &amp#27;[37m/wd/hub/status&amp#27;[39m
&amp#27;[35m[HTTP]&amp#27;[39m &amp#27;[90m{}&amp#27;[39m
[debug] &amp#27;[35m[GENERIC]&amp#27;[39m Calling AppiumDriver.getStatus() with args: []
[debug] &amp#27;[35m[GENERIC]&amp#27;[39m Responding to client with driver.getStatus() result: {"build":{"version":"1.21.0"}}
&amp#27;[35m[HTTP]&amp#27;[39m &amp#27;[37m<-- GET /wd/hub/status &amp#27;[39m&amp#27;[32m200&amp#27;[39m &amp#27;[90m8 ms - 68&amp#27;[39m
&amp#27;[35m[HTTP]&amp#27;[39m &amp#27;[90m&amp#27;[39m
&amp#27;[35m[HTTP]&amp#27;[39m &amp#27;[37m-->&amp#27;[39m &amp#27;[37mPOST&amp#27;[39m &amp#27;[37m/wd/hub/session&amp#27;[39m
&amp#27;[35m[HTTP]&amp#27;[39m &amp#27;[90m{"desiredCapabilities":{"app":"C:\\Users\\Anis\\eclipse-workspace\\Appium\\src\\ApiDemos-debug.apk","platformName":"Android","deviceName":"Redmi","newCommandTimeout":14},"capabilities":{"firstMatch":[{"appium:app":"C:\\Users\\Anis\\eclipse-workspace\\Appium\\src\\ApiDemos-debug.apk","appium:deviceName":"Redmi","appium:newCommandTimeout":14,"platformName":"android"}]}}&amp#27;[39m
[debug] &amp#27;[35m[W3C]&amp#27;[39m Calling AppiumDriver.createSession() with args: [{"app":"C:\\Users\\Anis\\eclipse-workspace\\Appium\\src\\ApiDemos-debug.apk","platformName":"Android","deviceName":"Redmi","newCommandTimeout":14},null,{"firstMatch":[{"appium:app":"C:\\Users\\Anis\\eclipse-workspace\\Appium\\src\\ApiDemos-debug.apk","appium:deviceName":"Redmi","appium:newCommandTimeout":14,"platformName":"android"}]}]
[debug] &amp#27;[35m[BaseDriver]&amp#27;[39m Event 'newSessionRequested' logged at 1623735752928 (11:12:32 GMT+0530 (India Standard Time))
&amp#27;[35m[Appium]&amp#27;[39m 
&amp#27;[35m[Appium]&amp#27;[39m ======================================================================
&amp#27;[35m[Appium]&amp#27;[39m   DEPRECATION WARNING:
&amp#27;[35m[Appium]&amp#27;[39m 
&amp#27;[35m[Appium]&amp#27;[39m   The 'automationName' capability was not provided in the desired 
&amp#27;[35m[Appium]&amp#27;[39m   capabilities for this Android session
&amp#27;[35m[Appium]&amp#27;[39m 
&amp#27;[35m[Appium]&amp#27;[39m   Setting 'automationName=UiAutomator2' by default and using the 
&amp#27;[35m[Appium]&amp#27;[39m   UiAutomator2 Driver
&amp#27;[35m[Appium]&amp#27;[39m 
&amp#27;[35m[Appium]&amp#27;[39m   The next major version of Appium (2.x) will **require** the 
&amp#27;[35m[Appium]&amp#27;[39m   'automationName' capability to be set for all sessions on all 
&amp#27;[35m[Appium]&amp#27;[39m   platforms
&amp#27;[35m[Appium]&amp#27;[39m 
&amp#27;[35m[Appium]&amp#27;[39m   In previous versions (Appium <= 1.13.x), the default was 
&amp#27;[35m[Appium]&amp#27;[39m   'automationName=UiAutomator1'
&amp#27;[35m[Appium]&amp#27;[39m 
&amp#27;[35m[Appium]&amp#27;[39m   If you wish to use that automation instead of UiAutomator2, please 
&amp#27;[35m[Appium]&amp#27;[39m   add 'automationName=UiAutomator1' to your desired capabilities
&amp#27;[35m[Appium]&amp#27;[39m 
&amp#27;[35m[Appium]&amp#27;[39m   For more information about drivers, please visit 
&amp#27;[35m[Appium]&amp#27;[39m   http://appium.io/docs/en/about-appium/intro/ and explore the 
&amp#27;[35m[Appium]&amp#27;[39m   'Drivers' menu
&amp#27;[35m[Appium]&amp#27;[39m 
&amp#27;[35m[Appium]&amp#27;[39m ======================================================================
&amp#27;[35m[Appium]&amp#27;[39m 
&amp#27;[35m[Appium]&amp#27;[39m Appium v1.21.0 creating new AndroidUiautomator2Driver (v1.65.0) session
[debug] &amp#27;[35m[BaseDriver]&amp#27;[39m W3C capabilities and MJSONWP desired capabilities were provided
[debug] &amp#27;[35m[BaseDriver]&amp#27;[39m Creating session with W3C capabilities: {
[debug] &amp#27;[35m[BaseDriver]&amp#27;[39m   "alwaysMatch": {
[debug] &amp#27;[35m[BaseDriver]&amp#27;[39m     "platformName": "android",
[debug] &amp#27;[35m[BaseDriver]&amp#27;[39m     "appium:app": "C:\\Users\\Anis\\eclipse-workspace\\Appium\\src\\ApiDemos-debug.apk",
[debug] &amp#27;[35m[BaseDriver]&amp#27;[39m     "appium:deviceName": "Redmi",
[debug] &amp#27;[35m[BaseDriver]&amp#27;[39m     "appium:newCommandTimeout": 14
[debug] &amp#27;[35m[BaseDriver]&amp#27;[39m   },
[debug] &amp#27;[35m[BaseDriver]&amp#27;[39m   "firstMatch": [
[debug] &amp#27;[35m[BaseDriver]&amp#27;[39m     {}
[debug] &amp#27;[35m[BaseDriver]&amp#27;[39m   ]
[debug] &amp#27;[35m[BaseDriver]&amp#27;[39m }
&amp#27;[35m[BaseDriver]&amp#27;[39m Session created with session id: d7fd23ee-5e01-43af-aa8b-62cacd22bd63
&amp#27;[35m[BaseDriver]&amp#27;[39m Using local app 'C:\Users\Anis\eclipse-workspace\Appium\src\ApiDemos-debug.apk'
[debug] &amp#27;[35m[UiAutomator2]&amp#27;[39m Checking whether app is actually present
&amp#27;[35m[ADB]&amp#27;[39m Found 2 'build-tools' folders under 'C:\Users\Anis\AppData\Local\Android\Sdk' (newest first):
&amp#27;[35m[ADB]&amp#27;[39m     C:/Users/Anis/AppData/Local/Android/Sdk/build-tools/31.0.0-rc4
&amp#27;[35m[ADB]&amp#27;[39m     C:/Users/Anis/AppData/Local/Android/Sdk/build-tools/30.0.3
&amp#27;[35m[ADB]&amp#27;[39m Using 'adb.exe' from 'C:\Users\Anis\AppData\Local\Android\Sdk\platform-tools\adb.exe'
[debug] &amp#27;[35m[ADB]&amp#27;[39m Running 'C:\Users\Anis\AppData\Local\Android\Sdk\platform-tools\adb.exe -P 5037 start-server'
&amp#27;[35m[AndroidDriver]&amp#27;[39m Retrieving device list
[debug] &amp#27;[35m[ADB]&amp#27;[39m Trying to find a connected android device
[debug] &amp#27;[35m[ADB]&amp#27;[39m Getting connected devices
[debug] &amp#27;[35m[ADB]&amp#27;[39m Connected devices: [{"udid":"55272e729804","state":"device"}]
&amp#27;[35m[AndroidDriver]&amp#27;[39m Using device: 55272e729804
&amp#27;[35m[ADB]&amp#27;[39m Using 'adb.exe' from 'C:\Users\Anis\AppData\Local\Android\Sdk\platform-tools\adb.exe'
[debug] &amp#27;[35m[ADB]&amp#27;[39m Running 'C:\Users\Anis\AppData\Local\Android\Sdk\platform-tools\adb.exe -P 5037 start-server'
[debug] &amp#27;[35m[ADB]&amp#27;[39m Setting device id to 55272e729804
[debug] &amp#27;[35m[ADB]&amp#27;[39m Running 'C:\Users\Anis\AppData\Local\Android\Sdk\platform-tools\adb.exe -P 5037 -s 55272e729804 shell getprop ro.build.version.sdk'
[debug] &amp#27;[35m[ADB]&amp#27;[39m Current device property 'ro.build.version.sdk': 24
[debug] &amp#27;[35m[ADB]&amp#27;[39m Device API level: 24
[debug] &amp#27;[35m[AndroidDriver]&amp#27;[39m Parsing package and activity from app manifest
&amp#27;[35m[ADB]&amp#27;[39m Package name: 'io.appium.android.apis'
&amp#27;[35m[ADB]&amp#27;[39m Main activity name: 'ApiDemos'
[debug] &amp#27;[35m[AndroidDriver]&amp#27;[39m Parsed package and activity are: io.appium.android.apis/ApiDemos
[debug] &amp#27;[35m[ADB]&amp#27;[39m Running 'C:\Users\Anis\AppData\Local\Android\Sdk\platform-tools\adb.exe -P 5037 -s 55272e729804 wait-for-device'
[debug] &amp#27;[35m[ADB]&amp#27;[39m Running 'C:\Users\Anis\AppData\Local\Android\Sdk\platform-tools\adb.exe -P 5037 -s 55272e729804 shell echo ping'
[debug] &amp#27;[35m[AndroidDriver]&amp#27;[39m Pushing settings apk to device...
[debug] &amp#27;[35m[ADB]&amp#27;[39m Getting install status for io.appium.settings
[debug] &amp#27;[35m[ADB]&amp#27;[39m Running 'C:\Users\Anis\AppData\Local\Android\Sdk\platform-tools\adb.exe -P 5037 -s 55272e729804 shell dumpsys package io.appium.settings'
[debug] &amp#27;[35m[ADB]&amp#27;[39m 'io.appium.settings' is installed
[debug] &amp#27;[35m[ADB]&amp#27;[39m Getting package info for 'io.appium.settings'
[debug] &amp#27;[35m[ADB]&amp#27;[39m Running 'C:\Users\Anis\AppData\Local\Android\Sdk\platform-tools\adb.exe -P 5037 -s 55272e729804 shell dumpsys package io.appium.settings'
[debug] &amp#27;[35m[ADB]&amp#27;[39m The version name of the installed 'io.appium.settings' is greater or equal to the application version name ('3.3.0' >= '3.3.0')
[debug] &amp#27;[35m[ADB]&amp#27;[39m There is no need to install/upgrade 'C:\Users\Anis\AppData\Roaming\npm\node_modules\appium\node_modules\io.appium.settings\apks\settings_apk-debug.apk'
[debug] &amp#27;[35m[ADB]&amp#27;[39m Getting IDs of all 'io.appium.settings' processes
[debug] &amp#27;[35m[ADB]&amp#27;[39m Running 'C:\Users\Anis\AppData\Local\Android\Sdk\platform-tools\adb.exe -P 5037 -s 55272e729804 shell 'pgrep --help; echo $?''
[debug] &amp#27;[35m[ADB]&amp#27;[39m Running 'C:\Users\Anis\AppData\Local\Android\Sdk\platform-tools\adb.exe -P 5037 -s 55272e729804 shell 'pgrep ^appium\\.settings$ || pgrep ^io\\.appium\\.setti$''
[debug] &amp#27;[35m[ADB]&amp#27;[39m Getting IDs of all 'io.appium.settings' processes
[debug] &amp#27;[35m[ADB]&amp#27;[39m Running 'C:\Users\Anis\AppData\Local\Android\Sdk\platform-tools\adb.exe -P 5037 -s 55272e729804 shell 'pgrep ^appium\\.settings$ || pgrep ^io\\.appium\\.setti$''
[debug] &amp#27;[35m[ADB]&amp#27;[39m Starting Appium Settings app
[debug] &amp#27;[35m[ADB]&amp#27;[39m Running 'C:\Users\Anis\AppData\Local\Android\Sdk\platform-tools\adb.exe -P 5037 -s 55272e729804 shell am start -n io.appium.settings/.Settings -a android.intent.action.MAIN -c android.intent.category.LAUNCHER'
[debug] &amp#27;[35m[ADB]&amp#27;[39m Getting IDs of all 'io.appium.settings' processes
[debug] &amp#27;[35m[ADB]&amp#27;[39m Running 'C:\Users\Anis\AppData\Local\Android\Sdk\platform-tools\adb.exe -P 5037 -s 55272e729804 shell 'pgrep ^appium\\.settings$ || pgrep ^io\\.appium\\.setti$''
[debug] &amp#27;[35m[ADB]&amp#27;[39m Running 'C:\Users\Anis\AppData\Local\Android\Sdk\platform-tools\adb.exe -P 5037 -s 55272e729804 shell appops set io.appium.settings android:mock_location allow'
[debug] &amp#27;[35m[Logcat]&amp#27;[39m Starting logs capture with command: C:\\Users\\Anis\\AppData\\Local\\Android\\Sdk\\platform-tools\\adb.exe -P 5037 -s 55272e729804 logcat -v threadtime
[debug] &amp#27;[35m[UiAutomator2]&amp#27;[39m Forwarding UiAutomator2 Server port 6790 to local port 8202
[debug] &amp#27;[35m[ADB]&amp#27;[39m Forwarding system: 8202 to device: 6790
[debug] &amp#27;[35m[ADB]&amp#27;[39m Running 'C:\Users\Anis\AppData\Local\Android\Sdk\platform-tools\adb.exe -P 5037 -s 55272e729804 forward tcp:8202 tcp:6790'
[debug] &amp#27;[35m[ADB]&amp#27;[39m Getting install status for io.appium.uiautomator2.server
[debug] &amp#27;[35m[ADB]&amp#27;[39m Running 'C:\Users\Anis\AppData\Local\Android\Sdk\platform-tools\adb.exe -P 5037 -s 55272e729804 shell dumpsys package io.appium.uiautomator2.server'
[debug] &amp#27;[35m[ADB]&amp#27;[39m 'io.appium.uiautomator2.server' is installed
[debug] &amp#27;[35m[ADB]&amp#27;[39m Getting package info for 'io.appium.uiautomator2.server'
[debug] &amp#27;[35m[ADB]&amp#27;[39m Running 'C:\Users\Anis\AppData\Local\Android\Sdk\platform-tools\adb.exe -P 5037 -s 55272e729804 shell dumpsys package io.appium.uiautomator2.server'
[debug] &amp#27;[35m[ADB]&amp#27;[39m The version name of the installed 'io.appium.uiautomator2.server' is greater or equal to the application version name ('4.21.1' >= '4.21.1')
[debug] &amp#27;[35m[UiAutomator2]&amp#27;[39m io.appium.uiautomator2.server installation state: sameVersionInstalled
[debug] &amp#27;[35m[ADB]&amp#27;[39m Checking app cert for C:\Users\Anis\AppData\Roaming\npm\node_modules\appium\node_modules\appium-uiautomator2-server\apks\appium-uiautomator2-server-v4.21.1.apk
&amp#27;[35m[ADB]&amp#27;[39m Using 'apksigner.jar' from 'C:\Users\Anis\AppData\Local\Android\Sdk\build-tools\31.0.0-rc4\lib\apksigner.jar'
[debug] &amp#27;[35m[ADB]&amp#27;[39m Starting apksigner: 'C:\\Program Files\\Java\\jdk-11.0.11\\bin\\java.exe' -Xmx1024M -Xss1m -jar C:\\Users\\Anis\\AppData\\Local\\Android\\Sdk\\build-tools\\31.0.0-rc4\\lib\\apksigner.jar verify --print-certs C:\\Users\\Anis\\AppData\\Roaming\\npm\\node_modules\\appium\\node_modules\\appium-uiautomator2-server\\apks\\appium-uiautomator2-server-v4.21.1.apk
[debug] &amp#27;[35m[ADB]&amp#27;[39m apksigner stdout: Signer #1 certificate DN: EMAILADDRESS=android@android.com, CN=Android, OU=Android, O=Android, L=Mountain View, ST=California, C=US
[debug] &amp#27;[35m[ADB]&amp#27;[39m Signer #1 certificate SHA-256 digest: a40da80a59d170caa950cf15c18c454d47a39b26989d8b640ecd745ba71bf5dc
[debug] &amp#27;[35m[ADB]&amp#27;[39m Signer #1 certificate SHA-1 digest: 61ed377e85d386a8dfee6b864bd85b0bfaa5af81
[debug] &amp#27;[35m[ADB]&amp#27;[39m Signer #1 certificate MD5 digest: e89b158e4bcf988ebd09eb83f5378e87
[debug] &amp#27;[35m[ADB]&amp#27;[39m 
[debug] &amp#27;[35m[ADB]&amp#27;[39m sha256 hash did match for 'appium-uiautomator2-server-v4.21.1.apk'
&amp#27;[35m[ADB]&amp#27;[39m 'C:\Users\Anis\AppData\Roaming\npm\node_modules\appium\node_modules\appium-uiautomator2-server\apks\appium-uiautomator2-server-v4.21.1.apk' is signed with the default certificate
[debug] &amp#27;[35m[ADB]&amp#27;[39m Getting install status for io.appium.uiautomator2.server.test
[debug] &amp#27;[35m[ADB]&amp#27;[39m Running 'C:\Users\Anis\AppData\Local\Android\Sdk\platform-tools\adb.exe -P 5037 -s 55272e729804 shell dumpsys package io.appium.uiautomator2.server.test'
[debug] &amp#27;[35m[ADB]&amp#27;[39m 'io.appium.uiautomator2.server.test' is installed
[debug] &amp#27;[35m[ADB]&amp#27;[39m Checking app cert for C:\Users\Anis\AppData\Roaming\npm\node_modules\appium\node_modules\appium-uiautomator2-server\apks\appium-uiautomator2-server-debug-androidTest.apk
[debug] &amp#27;[35m[ADB]&amp#27;[39m Starting apksigner: 'C:\\Program Files\\Java\\jdk-11.0.11\\bin\\java.exe' -Xmx1024M -Xss1m -jar C:\\Users\\Anis\\AppData\\Local\\Android\\Sdk\\build-tools\\31.0.0-rc4\\lib\\apksigner.jar verify --print-certs C:\\Users\\Anis\\AppData\\Roaming\\npm\\node_modules\\appium\\node_modules\\appium-uiautomator2-server\\apks\\appium-uiautomator2-server-debug-androidTest.apk
[debug] &amp#27;[35m[ADB]&amp#27;[39m apksigner stdout: Signer #1 certificate DN: EMAILADDRESS=android@android.com, CN=Android, OU=Android, O=Android, L=Mountain View, ST=California, C=US
[debug] &amp#27;[35m[ADB]&amp#27;[39m Signer #1 certificate SHA-256 digest: a40da80a59d170caa950cf15c18c454d47a39b26989d8b640ecd745ba71bf5dc
[debug] &amp#27;[35m[ADB]&amp#27;[39m Signer #1 certificate SHA-1 digest: 61ed377e85d386a8dfee6b864bd85b0bfaa5af81
[debug] &amp#27;[35m[ADB]&amp#27;[39m Signer #1 certificate MD5 digest: e89b158e4bcf988ebd09eb83f5378e87
[debug] &amp#27;[35m[ADB]&amp#27;[39m 
[debug] &amp#27;[35m[ADB]&amp#27;[39m sha256 hash did match for 'appium-uiautomator2-server-debug-androidTest.apk'
&amp#27;[35m[ADB]&amp#27;[39m 'C:\Users\Anis\AppData\Roaming\npm\node_modules\appium\node_modules\appium-uiautomator2-server\apks\appium-uiautomator2-server-debug-androidTest.apk' is signed with the default certificate
&amp#27;[35m[UiAutomator2]&amp#27;[39m Server packages are not going to be (re)installed
[debug] &amp#27;[35m[UiAutomator2]&amp#27;[39m Waiting up to 30000ms for services to be available
[debug] &amp#27;[35m[ADB]&amp#27;[39m Running 'C:\Users\Anis\AppData\Local\Android\Sdk\platform-tools\adb.exe -P 5037 -s 55272e729804 shell pm list instrumentation'
[debug] &amp#27;[35m[UiAutomator2]&amp#27;[39m Instrumentation target 'io.appium.uiautomator2.server.test/androidx.test.runner.AndroidJUnitRunner' is available
&amp#27;[35m[ADB]&amp#27;[39m Adding packages ["io.appium.settings","io.appium.uiautomator2.server","io.appium.uiautomator2.server.test"] to Doze whitelist
[debug] &amp#27;[35m[ADB]&amp#27;[39m Got the following command chunks to execute: [["dumpsys","deviceidle","whitelist","+io.appium.settings",";","dumpsys","deviceidle","whitelist","+io.appium.uiautomator2.server",";","dumpsys","deviceidle","whitelist","+io.appium.uiautomator2.server.test",";"]]
[debug] &amp#27;[35m[ADB]&amp#27;[39m Running 'C:\Users\Anis\AppData\Local\Android\Sdk\platform-tools\adb.exe -P 5037 -s 55272e729804 shell dumpsys deviceidle whitelist +io.appium.settings ; dumpsys deviceidle whitelist +io.appium.uiautomator2.server ; dumpsys deviceidle whitelist +io.appium.uiautomator2.server.test ;'
[debug] &amp#27;[35m[ADB]&amp#27;[39m Checking app cert for C:\Users\Anis\eclipse-workspace\Appium\src\ApiDemos-debug.apk
[debug] &amp#27;[35m[ADB]&amp#27;[39m Starting apksigner: 'C:\\Program Files\\Java\\jdk-11.0.11\\bin\\java.exe' -Xmx1024M -Xss1m -jar C:\\Users\\Anis\\AppData\\Local\\Android\\Sdk\\build-tools\\31.0.0-rc4\\lib\\apksigner.jar verify --print-certs C:\\Users\\Anis\\eclipse-workspace\\Appium\\src\\ApiDemos-debug.apk
[debug] &amp#27;[35m[ADB]&amp#27;[39m apksigner stdout: Signer #1 certificate DN: EMAILADDRESS=android@android.com, CN=Android, OU=Android, O=Android, L=Mountain View, ST=California, C=US
[debug] &amp#27;[35m[ADB]&amp#27;[39m Signer #1 certificate SHA-256 digest: a40da80a59d170caa950cf15c18c454d47a39b26989d8b640ecd745ba71bf5dc
[debug] &amp#27;[35m[ADB]&amp#27;[39m Signer #1 certificate SHA-1 digest: 61ed377e85d386a8dfee6b864bd85b0bfaa5af81
[debug] &amp#27;[35m[ADB]&amp#27;[39m Signer #1 certificate MD5 digest: e89b158e4bcf988ebd09eb83f5378e87
[debug] &amp#27;[35m[ADB]&amp#27;[39m 
[debug] &amp#27;[35m[ADB]&amp#27;[39m sha256 hash did match for 'ApiDemos-debug.apk'
&amp#27;[35m[ADB]&amp#27;[39m 'C:\Users\Anis\eclipse-workspace\Appium\src\ApiDemos-debug.apk' is signed with the default certificate
[debug] &amp#27;[35m[ADB]&amp#27;[39m Getting install status for io.appium.android.apis
[debug] &amp#27;[35m[ADB]&amp#27;[39m Running 'C:\Users\Anis\AppData\Local\Android\Sdk\platform-tools\adb.exe -P 5037 -s 55272e729804 shell dumpsys package io.appium.android.apis'
[debug] &amp#27;[35m[ADB]&amp#27;[39m 'io.appium.android.apis' is installed
[debug] &amp#27;[35m[ADB]&amp#27;[39m Getting package info for 'io.appium.android.apis'
[debug] &amp#27;[35m[ADB]&amp#27;[39m Running 'C:\Users\Anis\AppData\Local\Android\Sdk\platform-tools\adb.exe -P 5037 -s 55272e729804 shell dumpsys package io.appium.android.apis'
&amp#27;[35m[ADB]&amp#27;[39m Cannot read version codes of 'C:\Users\Anis\eclipse-workspace\Appium\src\ApiDemos-debug.apk' and/or 'io.appium.android.apis'
&amp#27;[35m[ADB]&amp#27;[39m Cannot read version names of 'C:\Users\Anis\eclipse-workspace\Appium\src\ApiDemos-debug.apk' and/or 'io.appium.android.apis'
[debug] &amp#27;[35m[ADB]&amp#27;[39m The current install state of 'C:\Users\Anis\eclipse-workspace\Appium\src\ApiDemos-debug.apk' is unknown. Installing anyway
[debug] &amp#27;[35m[ADB]&amp#27;[39m Running 'C:\Users\Anis\AppData\Local\Android\Sdk\platform-tools\adb.exe -P 5037 -s 55272e729804 help'
[debug] &amp#27;[35m[ADB]&amp#27;[39m Running 'C:\Users\Anis\AppData\Local\Android\Sdk\platform-tools\adb.exe -P 5037 -s 55272e729804 features'
&amp#27;[35m[ADB]&amp#27;[39m The application at 'C:\Users\Anis\eclipse-workspace\Appium\src\ApiDemos-debug.apk' will not be cached, because the device under test has confirmed the support of streamed installs
[debug] &amp#27;[35m[ADB]&amp#27;[39m Running 'C:\Users\Anis\AppData\Local\Android\Sdk\platform-tools\adb.exe -P 5037 -s 55272e729804 install -r C:\Users\Anis\eclipse-workspace\Appium\src\ApiDemos-debug.apk'
&amp#27;[35m[ADB]&amp#27;[39m The installation of 'ApiDemos-debug.apk' took 8596ms
[debug] &amp#27;[35m[ADB]&amp#27;[39m Install command stdout: Performing Streamed Install
[debug] &amp#27;[35m[ADB]&amp#27;[39m Success
&amp#27;[35m[AndroidDriver]&amp#27;[39m Performing fast reset on 'io.appium.android.apis'
[debug] &amp#27;[35m[ADB]&amp#27;[39m Getting install status for io.appium.android.apis
[debug] &amp#27;[35m[ADB]&amp#27;[39m Running 'C:\Users\Anis\AppData\Local\Android\Sdk\platform-tools\adb.exe -P 5037 -s 55272e729804 shell dumpsys package io.appium.android.apis'
[debug] &amp#27;[35m[ADB]&amp#27;[39m 'io.appium.android.apis' is installed
[debug] &amp#27;[35m[ADB]&amp#27;[39m Running 'C:\Users\Anis\AppData\Local\Android\Sdk\platform-tools\adb.exe -P 5037 -s 55272e729804 shell am force-stop io.appium.android.apis'
[debug] &amp#27;[35m[ADB]&amp#27;[39m Running 'C:\Users\Anis\AppData\Local\Android\Sdk\platform-tools\adb.exe -P 5037 -s 55272e729804 shell pm clear io.appium.android.apis'
[debug] &amp#27;[35m[AndroidDriver]&amp#27;[39m Performed fast reset on the installed 'io.appium.android.apis' application (stop and clear)
[debug] &amp#27;[35m[UiAutomator2]&amp#27;[39m Performing shallow cleanup of automation leftovers
[debug] &amp#27;[35m[UiAutomator2]&amp#27;[39m The following obsolete sessions are still running: [null]
[debug] &amp#27;[35m[UiAutomator2]&amp#27;[39m Cleaning up the obsolete sessions
[debug] &amp#27;[35m[ADB]&amp#27;[39m Running 'C:\Users\Anis\AppData\Local\Android\Sdk\platform-tools\adb.exe -P 5037 -s 55272e729804 shell am force-stop io.appium.uiautomator2.server.test'
&amp#27;[35m[UiAutomator2]&amp#27;[39m Starting UIAutomator2 server 4.21.1
&amp#27;[35m[UiAutomator2]&amp#27;[39m Using UIAutomator2 server from 'C:\Users\Anis\AppData\Roaming\npm\node_modules\appium\node_modules\appium-uiautomator2-server\apks\appium-uiautomator2-server-v4.21.1.apk' and test from 'C:\Users\Anis\AppData\Roaming\npm\node_modules\appium\node_modules\appium-uiautomator2-server\apks\appium-uiautomator2-server-debug-androidTest.apk'
&amp#27;[35m[UiAutomator2]&amp#27;[39m Waiting up to 30000ms for UiAutomator2 to be online...
[debug] &amp#27;[35m[ADB]&amp#27;[39m Creating ADB subprocess with args: ["-P",5037,"-s","55272e729804","shell","am","instrument","-w","-e","disableAnalytics",true,"io.appium.uiautomator2.server.test/androidx.test.runner.AndroidJUnitRunner"]
[debug] &amp#27;[35m[WD Proxy]&amp#27;[39m Matched '/status' to command name 'getStatus'
[debug] &amp#27;[35m[WD Proxy]&amp#27;[39m Proxying [GET /status] to [GET http://127.0.0.1:8202/wd/hub/status] with no body
&amp#27;[35m[WD Proxy]&amp#27;[39m socket hang up
[debug] &amp#27;[35m[WD Proxy]&amp#27;[39m Matched '/status' to command name 'getStatus'
[debug] &amp#27;[35m[WD Proxy]&amp#27;[39m Proxying [GET /status] to [GET http://127.0.0.1:8202/wd/hub/status] with no body
&amp#27;[35m[WD Proxy]&amp#27;[39m socket hang up
[debug] &amp#27;[35m[Instrumentation]&amp#27;[39m io.appium.uiautomator2.server.test.AppiumUiAutomator2Server:
[debug] &amp#27;[35m[WD Proxy]&amp#27;[39m Matched '/status' to command name 'getStatus'
[debug] &amp#27;[35m[WD Proxy]&amp#27;[39m Proxying [GET /status] to [GET http://127.0.0.1:8202/wd/hub/status] with no body
&amp#27;[35m[WD Proxy]&amp#27;[39m socket hang up
[debug] &amp#27;[35m[WD Proxy]&amp#27;[39m Matched '/status' to command name 'getStatus'
[debug] &amp#27;[35m[WD Proxy]&amp#27;[39m Proxying [GET /status] to [GET http://127.0.0.1:8202/wd/hub/status] with no body
[debug] &amp#27;[35m[WD Proxy]&amp#27;[39m Got response with status 200: {"sessionId":"None","value":{"message":"UiAutomator2 Server is ready to accept commands","ready":true}}
[debug] &amp#27;[35m[UiAutomator2]&amp#27;[39m The initialization of the instrumentation process took 3109ms
[debug] &amp#27;[35m[WD Proxy]&amp#27;[39m Matched '/session' to command name 'createSession'
[debug] &amp#27;[35m[WD Proxy]&amp#27;[39m Proxying [POST /session] to [POST http://127.0.0.1:8202/wd/hub/session] with body: {"capabilities":{"firstMatch":[{"platform":"LINUX","webStorageEnabled":false,"takesScreenshot":true,"javascriptEnabled":true,"databaseEnabled":false,"networkConnectionEnabled":true,"locationContextEnabled":false,"warnings":{},"desired":{"platformName":"android","app":"C:\\Users\\Anis\\eclipse-workspace\\Appium\\src\\ApiDemos-debug.apk","deviceName":"Redmi","newCommandTimeout":14},"platformName":"android","app":"C:\\Users\\Anis\\eclipse-workspace\\Appium\\src\\ApiDemos-debug.apk","deviceName":"55272e729804","newCommandTimeout":14,"deviceUDID":"55272e729804","appPackage":"io.appium.android.apis"}],"alwaysMatch":{}}}
[debug] &amp#27;[35m[WD Proxy]&amp#27;[39m Got response with status 200: {"sessionId":"c2598b17-ebe0-4dc1-9a53-10b4c20a031d","value":{"capabilities":{"firstMatch":[{"platform":"LINUX","webStorageEnabled":false,"takesScreenshot":true,"javascriptEnabled":true,"databaseEnabled":false,"networkConnectionEnabled":true,"locationContextEnabled":false,"warnings":{},"desired":{"platformName":"android","app":"C:\\Users\\Anis\\eclipse-workspace\\Appium\\src\\ApiDemos-debug.apk","deviceName":"Redmi","newCommandTimeout":14},"platformName":"android","app":"C:\\Users\\Anis\\eclipse-workspace\\Appium\\src\\ApiDemos-debug.apk","deviceName":"55272e729804","newCommandTimeout":14,"deviceUDID":"55272e729804","appPackage":"io.appium.android.apis"}],"alwaysMatch":{}},"sessionId":"c2598b17-ebe0-4dc1-9a53-10b4c20a031d"}}
&amp#27;[35m[WD Proxy]&amp#27;[39m Determined the downstream protocol as 'W3C'
[debug] &amp#27;[35m[WD Proxy]&amp#27;[39m Proxying [GET /appium/device/info] to [GET http://127.0.0.1:8202/wd/hub/session/c2598b17-ebe0-4dc1-9a53-10b4c20a031d/appium/device/info] with no body
[debug] &amp#27;[35m[WD Proxy]&amp#27;[39m Got response with status 200: {"sessionId":"c2598b17-ebe0-4dc1-9a53-10b4c20a031d","value":{"androidId":"62e279822e2e3c5b","apiVersion":"24","bluetooth":{"state":"OFF"},"brand":"xiaomi","carrierName":"airtel","displayDensity":480,"locale":"en_GB","manufacturer":"Xiaomi","model":"Redmi Note 4","networks":[{"capabilities":{"SSID":null,"linkDownBandwidthKbps":102400,"linkUpstreamBandwidthKbps":51200,"networkCapabilities":"NET_CAPABILITY_NOT_METERED,NET_CAPABILITY_NOT_RESTRICTED,NET_CAPABILITY_IMS,NET_CAPABILITY_NOT_VPN,NET_CAPABILITY_TRUSTED,NET_CAPABILITY_VALIDATED","signalStrength":-2147483648,"transportTypes":"TRANSPORT_CELLULAR"},"detailedState":"CONNECTED","extraInfo":"ims","isAvailable":true,"isConnected":true,"isFailover":false,"isRoaming":false,"state":"CONNECTED","subtype":13,"subtypeName":"LTE","type":0,"typeName":"MOBILE"},{"capabilities":{"SSID":null,"linkDownBandwidthKbps":102400,"linkUpstreamBandwidthKbps":51200,"networkCapabilities":"NET_CAPABILITY_NOT_RESTRICTED,NET_CAPABILITY_SUPL,NET_CAPABILITY_NOT_VPN,NET_CAPABILITY_INTE...
[debug] &amp#27;[35m[ADB]&amp#27;[39m Running 'C:\Users\Anis\AppData\Local\Android\Sdk\platform-tools\adb.exe -P 5037 -s 55272e729804 shell dumpsys window'
&amp#27;[35m[AndroidDriver]&amp#27;[39m Screen already unlocked, doing nothing
&amp#27;[35m[UiAutomator2]&amp#27;[39m Starting 'io.appium.android.apis/ApiDemos and waiting for 'io.appium.android.apis/ApiDemos'
[debug] &amp#27;[35m[ADB]&amp#27;[39m Running 'C:\Users\Anis\AppData\Local\Android\Sdk\platform-tools\adb.exe -P 5037 -s 55272e729804 shell am start -W -n io.appium.android.apis/ApiDemos -S -a android.intent.action.MAIN -c android.intent.category.LAUNCHER -f 0x10200000'
[debug] &amp#27;[35m[ADB]&amp#27;[39m We tried to start an activity that doesn't exist, retrying with '.ApiDemos' activity name
[debug] &amp#27;[35m[ADB]&amp#27;[39m Running 'C:\Users\Anis\AppData\Local\Android\Sdk\platform-tools\adb.exe -P 5037 -s 55272e729804 shell am start -W -n io.appium.android.apis/.ApiDemos -S -a android.intent.action.MAIN -c android.intent.category.LAUNCHER -f 0x10200000'
[debug] &amp#27;[35m[ADB]&amp#27;[39m Waiting up to 20000ms for activity matching pkg: 'io.appium.android.apis' and activity: 'ApiDemos' to be focused
[debug] &amp#27;[35m[ADB]&amp#27;[39m Possible activities, to be checked: 'ApiDemos', 'io.appium.android.apis.ApiDemos'
[debug] &amp#27;[35m[ADB]&amp#27;[39m Getting focused package and activity
[debug] &amp#27;[35m[ADB]&amp#27;[39m Running 'C:\Users\Anis\AppData\Local\Android\Sdk\platform-tools\adb.exe -P 5037 -s 55272e729804 shell dumpsys window windows'
[debug] &amp#27;[35m[ADB]&amp#27;[39m Found package: 'io.appium.android.apis' and fully qualified activity name : 'io.appium.android.apis.ApiDemos'
[debug] &amp#27;[35m[WD Proxy]&amp#27;[39m Proxying [GET /appium/device/pixel_ratio] to [GET http://127.0.0.1:8202/wd/hub/session/c2598b17-ebe0-4dc1-9a53-10b4c20a031d/appium/device/pixel_ratio] with no body
[debug] &amp#27;[35m[WD Proxy]&amp#27;[39m Got response with status 200: {"sessionId":"c2598b17-ebe0-4dc1-9a53-10b4c20a031d","value":3}
[debug] &amp#27;[35m[WD Proxy]&amp#27;[39m Matched '/appium/device/system_bars' to command name 'getSystemBars'
[debug] &amp#27;[35m[WD Proxy]&amp#27;[39m Proxying [GET /appium/device/system_bars] to [GET http://127.0.0.1:8202/wd/hub/session/c2598b17-ebe0-4dc1-9a53-10b4c20a031d/appium/device/system_bars] with no body
[debug] &amp#27;[35m[WD Proxy]&amp#27;[39m Got response with status 200: {"sessionId":"c2598b17-ebe0-4dc1-9a53-10b4c20a031d","value":{"statusBar":72}}
[debug] &amp#27;[35m[WD Proxy]&amp#27;[39m Matched '/window/current/size' to command name 'getWindowSize'
[debug] &amp#27;[35m[WD Proxy]&amp#27;[39m Proxying [GET /window/current/size] to [GET http://127.0.0.1:8202/wd/hub/session/c2598b17-ebe0-4dc1-9a53-10b4c20a031d/window/current/size] with no body
[debug] &amp#27;[35m[WD Proxy]&amp#27;[39m Got response with status 200: {"sessionId":"c2598b17-ebe0-4dc1-9a53-10b4c20a031d","value":{"height":1920,"width":1080}}
&amp#27;[35m[Appium]&amp#27;[39m New AndroidUiautomator2Driver session created successfully, session d7fd23ee-5e01-43af-aa8b-62cacd22bd63 added to master session list
[debug] &amp#27;[35m[BaseDriver]&amp#27;[39m Event 'newSessionStarted' logged at 1623735783323 (11:13:03 GMT+0530 (India Standard Time))
[debug] &amp#27;[35m[W3C (d7fd23ee)]&amp#27;[39m Cached the protocol value 'W3C' for the new session d7fd23ee-5e01-43af-aa8b-62cacd22bd63
[debug] &amp#27;[35m[W3C (d7fd23ee)]&amp#27;[39m Responding to client with driver.createSession() result: {"capabilities":{"platform":"LINUX","webStorageEnabled":false,"takesScreenshot":true,"javascriptEnabled":true,"databaseEnabled":false,"networkConnectionEnabled":true,"locationContextEnabled":false,"warnings":{},"desired":{"platformName":"android","app":"C:\\Users\\Anis\\eclipse-workspace\\Appium\\src\\ApiDemos-debug.apk","deviceName":"Redmi","newCommandTimeout":14},"platformName":"android","app":"C:\\Users\\Anis\\eclipse-workspace\\Appium\\src\\ApiDemos-debug.apk","deviceName":"55272e729804","newCommandTimeout":14,"deviceUDID":"55272e729804","appPackage":"io.appium.android.apis","deviceApiLevel":24,"platformVersion":"7.0","deviceScreenSize":"1080x1920","deviceScreenDensity":480,"deviceModel":"Redmi Note 4","deviceManufacturer":"Xiaomi","pixelRatio":3,"statBarHeight":72,"viewportRect":{"left":0,"top":72,"width":1080,"height":1848}}}
&amp#27;[35m[HTTP]&amp#27;[39m &amp#27;[37m<-- POST /wd/hub/session &amp#27;[39m&amp#27;[32m200&amp#27;[39m &amp#27;[90m30406 ms - 904&amp#27;[39m
&amp#27;[35m[HTTP]&amp#27;[39m &amp#27;[90m&amp#27;[39m
&amp#27;[35m[HTTP]&amp#27;[39m &amp#27;[37m-->&amp#27;[39m &amp#27;[37mGET&amp#27;[39m &amp#27;[37m/wd/hub/session/d7fd23ee-5e01-43af-aa8b-62cacd22bd63&amp#27;[39m
&amp#27;[35m[HTTP]&amp#27;[39m &amp#27;[90m{}&amp#27;[39m
[debug] &amp#27;[35m[W3C (d7fd23ee)]&amp#27;[39m Calling AppiumDriver.getSession() with args: ["d7fd23ee-5e01-43af-aa8b-62cacd22bd63"]
[debug] &amp#27;[35m[UiAutomator2]&amp#27;[39m Getting session details from server to mix in
[debug] &amp#27;[35m[WD Proxy]&amp#27;[39m Matched '/' to command name 'getSession'
[debug] &amp#27;[35m[WD Proxy]&amp#27;[39m Proxying [GET /] to [GET http://127.0.0.1:8202/wd/hub/session/c2598b17-ebe0-4dc1-9a53-10b4c20a031d] with no body
[debug] &amp#27;[35m[WD Proxy]&amp#27;[39m Got response with status 200: {"sessionId":"c2598b17-ebe0-4dc1-9a53-10b4c20a031d","value":{"lastScrollData":null}}
[debug] &amp#27;[35m[W3C (d7fd23ee)]&amp#27;[39m Responding to client with driver.getSession() result: {"platform":"LINUX","webStorageEnabled":false,"takesScreenshot":true,"javascriptEnabled":true,"databaseEnabled":false,"networkConnectionEnabled":true,"locationContextEnabled":false,"warnings":{},"desired":{"platformName":"android","app":"C:\\Users\\Anis\\eclipse-workspace\\Appium\\src\\ApiDemos-debug.apk","deviceName":"Redmi","newCommandTimeout":14},"platformName":"android","app":"C:\\Users\\Anis\\eclipse-workspace\\Appium\\src\\ApiDemos-debug.apk","deviceName":"55272e729804","newCommandTimeout":14,"deviceUDID":"55272e729804","appPackage":"io.appium.android.apis","deviceApiLevel":24,"platformVersion":"7.0","deviceScreenSize":"1080x1920","deviceScreenDensity":480,"deviceModel":"Redmi Note 4","deviceManufacturer":"Xiaomi","pixelRatio":3,"statBarHeight":72,"viewportRect":{"left":0,"top":72,"width":1080,"height":1848},"lastScrollData":null}
&amp#27;[35m[HTTP]&amp#27;[39m &amp#27;[37m<-- GET /wd/hub/session/d7fd23ee-5e01-43af-aa8b-62cacd22bd63 &amp#27;[39m&amp#27;[32m200&amp#27;[39m &amp#27;[90m16 ms - 858&amp#27;[39m
&amp#27;[35m[HTTP]&amp#27;[39m &amp#27;[90m&amp#27;[39m
&amp#27;[35m[HTTP]&amp#27;[39m &amp#27;[37m-->&amp#27;[39m &amp#27;[37mGET&amp#27;[39m &amp#27;[37m/wd/hub/session/d7fd23ee-5e01-43af-aa8b-62cacd22bd63&amp#27;[39m
&amp#27;[35m[HTTP]&amp#27;[39m &amp#27;[90m{}&amp#27;[39m
[debug] &amp#27;[35m[W3C (d7fd23ee)]&amp#27;[39m Calling AppiumDriver.getSession() with args: ["d7fd23ee-5e01-43af-aa8b-62cacd22bd63"]
[debug] &amp#27;[35m[UiAutomator2]&amp#27;[39m Getting session details from server to mix in
[debug] &amp#27;[35m[WD Proxy]&amp#27;[39m Matched '/' to command name 'getSession'
[debug] &amp#27;[35m[WD Proxy]&amp#27;[39m Proxying [GET /] to [GET http://127.0.0.1:8202/wd/hub/session/c2598b17-ebe0-4dc1-9a53-10b4c20a031d] with no body
[debug] &amp#27;[35m[WD Proxy]&amp#27;[39m Got response with status 200: {"sessionId":"c2598b17-ebe0-4dc1-9a53-10b4c20a031d","value":{"lastScrollData":null}}
[debug] &amp#27;[35m[W3C (d7fd23ee)]&amp#27;[39m Responding to client with driver.getSession() result: {"platform":"LINUX","webStorageEnabled":false,"takesScreenshot":true,"javascriptEnabled":true,"databaseEnabled":false,"networkConnectionEnabled":true,"locationContextEnabled":false,"warnings":{},"desired":{"platformName":"android","app":"C:\\Users\\Anis\\eclipse-workspace\\Appium\\src\\ApiDemos-debug.apk","deviceName":"Redmi","newCommandTimeout":14},"platformName":"android","app":"C:\\Users\\Anis\\eclipse-workspace\\Appium\\src\\ApiDemos-debug.apk","deviceName":"55272e729804","newCommandTimeout":14,"deviceUDID":"55272e729804","appPackage":"io.appium.android.apis","deviceApiLevel":24,"platformVersion":"7.0","deviceScreenSize":"1080x1920","deviceScreenDensity":480,"deviceModel":"Redmi Note 4","deviceManufacturer":"Xiaomi","pixelRatio":3,"statBarHeight":72,"viewportRect":{"left":0,"top":72,"width":1080,"height":1848},"lastScrollData":null}
&amp#27;[35m[HTTP]&amp#27;[39m &amp#27;[37m<-- GET /wd/hub/session/d7fd23ee-5e01-43af-aa8b-62cacd22bd63 &amp#27;[39m&amp#27;[32m200&amp#27;[39m &amp#27;[90m14 ms - 858&amp#27;[39m
&amp#27;[35m[HTTP]&amp#27;[39m &amp#27;[90m&amp#27;[39m
&amp#27;[35m[HTTP]&amp#27;[39m &amp#27;[37m-->&amp#27;[39m &amp#27;[37mPOST&amp#27;[39m &amp#27;[37m/wd/hub/session/d7fd23ee-5e01-43af-aa8b-62cacd22bd63/timeouts&amp#27;[39m
&amp#27;[35m[HTTP]&amp#27;[39m &amp#27;[90m{"implicit":10000}&amp#27;[39m
[debug] &amp#27;[35m[W3C (d7fd23ee)]&amp#27;[39m Calling AppiumDriver.timeouts() with args: [null,null,null,null,10000,"d7fd23ee-5e01-43af-aa8b-62cacd22bd63"]
[debug] &amp#27;[35m[BaseDriver]&amp#27;[39m W3C timeout argument: {"implicit":10000}}
[debug] &amp#27;[35m[BaseDriver]&amp#27;[39m Set implicit wait to 10000ms
[debug] &amp#27;[35m[W3C (d7fd23ee)]&amp#27;[39m Responding to client with driver.timeouts() result: null
&amp#27;[35m[HTTP]&amp#27;[39m &amp#27;[37m<-- POST /wd/hub/session/d7fd23ee-5e01-43af-aa8b-62cacd22bd63/timeouts &amp#27;[39m&amp#27;[32m200&amp#27;[39m &amp#27;[90m6 ms - 14&amp#27;[39m
&amp#27;[35m[HTTP]&amp#27;[39m &amp#27;[90m&amp#27;[39m
&amp#27;[35m[HTTP]&amp#27;[39m &amp#27;[37m-->&amp#27;[39m &amp#27;[37mGET&amp#27;[39m &amp#27;[37m/wd/hub/session/d7fd23ee-5e01-43af-aa8b-62cacd22bd63&amp#27;[39m
&amp#27;[35m[HTTP]&amp#27;[39m &amp#27;[90m{}&amp#27;[39m
[debug] &amp#27;[35m[W3C (d7fd23ee)]&amp#27;[39m Calling AppiumDriver.getSession() with args: ["d7fd23ee-5e01-43af-aa8b-62cacd22bd63"]
[debug] &amp#27;[35m[UiAutomator2]&amp#27;[39m Getting session details from server to mix in
[debug] &amp#27;[35m[WD Proxy]&amp#27;[39m Matched '/' to command name 'getSession'
[debug] &amp#27;[35m[WD Proxy]&amp#27;[39m Proxying [GET /] to [GET http://127.0.0.1:8202/wd/hub/session/c2598b17-ebe0-4dc1-9a53-10b4c20a031d] with no body
[debug] &amp#27;[35m[WD Proxy]&amp#27;[39m Got response with status 200: {"sessionId":"c2598b17-ebe0-4dc1-9a53-10b4c20a031d","value":{"lastScrollData":null}}
[debug] &amp#27;[35m[W3C (d7fd23ee)]&amp#27;[39m Responding to client with driver.getSession() result: {"platform":"LINUX","webStorageEnabled":false,"takesScreenshot":true,"javascriptEnabled":true,"databaseEnabled":false,"networkConnectionEnabled":true,"locationContextEnabled":false,"warnings":{},"desired":{"platformName":"android","app":"C:\\Users\\Anis\\eclipse-workspace\\Appium\\src\\ApiDemos-debug.apk","deviceName":"Redmi","newCommandTimeout":14},"platformName":"android","app":"C:\\Users\\Anis\\eclipse-workspace\\Appium\\src\\ApiDemos-debug.apk","deviceName":"55272e729804","newCommandTimeout":14,"deviceUDID":"55272e729804","appPackage":"io.appium.android.apis","deviceApiLevel":24,"platformVersion":"7.0","deviceScreenSize":"1080x1920","deviceScreenDensity":480,"deviceModel":"Redmi Note 4","deviceManufacturer":"Xiaomi","pixelRatio":3,"statBarHeight":72,"viewportRect":{"left":0,"top":72,"width":1080,"height":1848},"lastScrollData":null}
&amp#27;[35m[HTTP]&amp#27;[39m &amp#27;[37m<-- GET /wd/hub/session/d7fd23ee-5e01-43af-aa8b-62cacd22bd63 &amp#27;[39m&amp#27;[32m200&amp#27;[39m &amp#27;[90m11 ms - 858&amp#27;[39m
&amp#27;[35m[HTTP]&amp#27;[39m &amp#27;[90m&amp#27;[39m
&amp#27;[35m[HTTP]&amp#27;[39m &amp#27;[37m-->&amp#27;[39m &amp#27;[37mGET&amp#27;[39m &amp#27;[37m/wd/hub/session/d7fd23ee-5e01-43af-aa8b-62cacd22bd63&amp#27;[39m
&amp#27;[35m[HTTP]&amp#27;[39m &amp#27;[90m{}&amp#27;[39m
[debug] &amp#27;[35m[W3C (d7fd23ee)]&amp#27;[39m Calling AppiumDriver.getSession() with args: ["d7fd23ee-5e01-43af-aa8b-62cacd22bd63"]
[debug] &amp#27;[35m[UiAutomator2]&amp#27;[39m Getting session details from server to mix in
[debug] &amp#27;[35m[WD Proxy]&amp#27;[39m Matched '/' to command name 'getSession'
[debug] &amp#27;[35m[WD Proxy]&amp#27;[39m Proxying [GET /] to [GET http://127.0.0.1:8202/wd/hub/session/c2598b17-ebe0-4dc1-9a53-10b4c20a031d] with no body
[debug] &amp#27;[35m[WD Proxy]&amp#27;[39m Got response with status 200: {"sessionId":"c2598b17-ebe0-4dc1-9a53-10b4c20a031d","value":{"lastScrollData":null}}
[debug] &amp#27;[35m[W3C (d7fd23ee)]&amp#27;[39m Responding to client with driver.getSession() result: {"platform":"LINUX","webStorageEnabled":false,"takesScreenshot":true,"javascriptEnabled":true,"databaseEnabled":false,"networkConnectionEnabled":true,"locationContextEnabled":false,"warnings":{},"desired":{"platformName":"android","app":"C:\\Users\\Anis\\eclipse-workspace\\Appium\\src\\ApiDemos-debug.apk","deviceName":"Redmi","newCommandTimeout":14},"platformName":"android","app":"C:\\Users\\Anis\\eclipse-workspace\\Appium\\src\\ApiDemos-debug.apk","deviceName":"55272e729804","newCommandTimeout":14,"deviceUDID":"55272e729804","appPackage":"io.appium.android.apis","deviceApiLevel":24,"platformVersion":"7.0","deviceScreenSize":"1080x1920","deviceScreenDensity":480,"deviceModel":"Redmi Note 4","deviceManufacturer":"Xiaomi","pixelRatio":3,"statBarHeight":72,"viewportRect":{"left":0,"top":72,"width":1080,"height":1848},"lastScrollData":null}
&amp#27;[35m[HTTP]&amp#27;[39m &amp#27;[37m<-- GET /wd/hub/session/d7fd23ee-5e01-43af-aa8b-62cacd22bd63 &amp#27;[39m&amp#27;[32m200&amp#27;[39m &amp#27;[90m11 ms - 858&amp#27;[39m
&amp#27;[35m[HTTP]&amp#27;[39m &amp#27;[90m&amp#27;[39m
&amp#27;[35m[HTTP]&amp#27;[39m &amp#27;[37m-->&amp#27;[39m &amp#27;[37mGET&amp#27;[39m &amp#27;[37m/wd/hub/session/d7fd23ee-5e01-43af-aa8b-62cacd22bd63&amp#27;[39m
&amp#27;[35m[HTTP]&amp#27;[39m &amp#27;[90m{}&amp#27;[39m
[debug] &amp#27;[35m[W3C (d7fd23ee)]&amp#27;[39m Calling AppiumDriver.getSession() with args: ["d7fd23ee-5e01-43af-aa8b-62cacd22bd63"]
[debug] &amp#27;[35m[UiAutomator2]&amp#27;[39m Getting session details from server to mix in
[debug] &amp#27;[35m[WD Proxy]&amp#27;[39m Matched '/' to command name 'getSession'
[debug] &amp#27;[35m[WD Proxy]&amp#27;[39m Proxying [GET /] to [GET http://127.0.0.1:8202/wd/hub/session/c2598b17-ebe0-4dc1-9a53-10b4c20a031d] with no body
[debug] &amp#27;[35m[WD Proxy]&amp#27;[39m Got response with status 200: {"sessionId":"c2598b17-ebe0-4dc1-9a53-10b4c20a031d","value":{"lastScrollData":null}}
[debug] &amp#27;[35m[W3C (d7fd23ee)]&amp#27;[39m Responding to client with driver.getSession() result: {"platform":"LINUX","webStorageEnabled":false,"takesScreenshot":true,"javascriptEnabled":true,"databaseEnabled":false,"networkConnectionEnabled":true,"locationContextEnabled":false,"warnings":{},"desired":{"platformName":"android","app":"C:\\Users\\Anis\\eclipse-workspace\\Appium\\src\\ApiDemos-debug.apk","deviceName":"Redmi","newCommandTimeout":14},"platformName":"android","app":"C:\\Users\\Anis\\eclipse-workspace\\Appium\\src\\ApiDemos-debug.apk","deviceName":"55272e729804","newCommandTimeout":14,"deviceUDID":"55272e729804","appPackage":"io.appium.android.apis","deviceApiLevel":24,"platformVersion":"7.0","deviceScreenSize":"1080x1920","deviceScreenDensity":480,"deviceModel":"Redmi Note 4","deviceManufacturer":"Xiaomi","pixelRatio":3,"statBarHeight":72,"viewportRect":{"left":0,"top":72,"width":1080,"height":1848},"lastScrollData":null}
&amp#27;[35m[HTTP]&amp#27;[39m &amp#27;[37m<-- GET /wd/hub/session/d7fd23ee-5e01-43af-aa8b-62cacd22bd63 &amp#27;[39m&amp#27;[32m200&amp#27;[39m &amp#27;[90m12 ms - 858&amp#27;[39m
&amp#27;[35m[HTTP]&amp#27;[39m &amp#27;[90m&amp#27;[39m
&amp#27;[35m[HTTP]&amp#27;[39m &amp#27;[37m-->&amp#27;[39m &amp#27;[37mPOST&amp#27;[39m &amp#27;[37m/wd/hub/session/d7fd23ee-5e01-43af-aa8b-62cacd22bd63/element&amp#27;[39m
&amp#27;[35m[HTTP]&amp#27;[39m &amp#27;[90m{"using":"xpath","value":"//android.widget.TextView[@content-desc=\"Content\"]"}&amp#27;[39m
[debug] &amp#27;[35m[W3C (d7fd23ee)]&amp#27;[39m Calling AppiumDriver.findElement() with args: ["xpath","//android.widget.TextView[@content-desc=\"Content\"]","d7fd23ee-5e01-43af-aa8b-62cacd22bd63"]
[debug] &amp#27;[35m[BaseDriver]&amp#27;[39m Valid locator strategies for this request: xpath, id, class name, accessibility id, css selector, -android uiautomator
[debug] &amp#27;[35m[BaseDriver]&amp#27;[39m Waiting up to 10000 ms for condition
[debug] &amp#27;[35m[WD Proxy]&amp#27;[39m Matched '/element' to command name 'findElement'
[debug] &amp#27;[35m[WD Proxy]&amp#27;[39m Proxying [POST /element] to [POST http://127.0.0.1:8202/wd/hub/session/c2598b17-ebe0-4dc1-9a53-10b4c20a031d/element] with body: {"strategy":"xpath","selector":"//android.widget.TextView[@content-desc=\"Content\"]","context":"","multiple":false}
[debug] &amp#27;[35m[WD Proxy]&amp#27;[39m Got response with status 200: {"sessionId":"c2598b17-ebe0-4dc1-9a53-10b4c20a031d","value":{"ELEMENT":"773cb455-4748-4c2f-8045-b3113ffd2f05","element-6066-11e4-a52e-4f735466cecf":"773cb455-4748-4c2f-8045-b3113ffd2f05"}}
[debug] &amp#27;[35m[W3C (d7fd23ee)]&amp#27;[39m Responding to client with driver.findElement() result: {"element-6066-11e4-a52e-4f735466cecf":"773cb455-4748-4c2f-8045-b3113ffd2f05","ELEMENT":"773cb455-4748-4c2f-8045-b3113ffd2f05"}
&amp#27;[35m[HTTP]&amp#27;[39m &amp#27;[37m<-- POST /wd/hub/session/d7fd23ee-5e01-43af-aa8b-62cacd22bd63/element &amp#27;[39m&amp#27;[32m200&amp#27;[39m &amp#27;[90m228 ms - 137&amp#27;[39m
&amp#27;[35m[HTTP]&amp#27;[39m &amp#27;[90m&amp#27;[39m
&amp#27;[35m[HTTP]&amp#27;[39m &amp#27;[37m-->&amp#27;[39m &amp#27;[37mPOST&amp#27;[39m &amp#27;[37m/wd/hub/session/d7fd23ee-5e01-43af-aa8b-62cacd22bd63/element/773cb455-4748-4c2f-8045-b3113ffd2f05/click&amp#27;[39m
&amp#27;[35m[HTTP]&amp#27;[39m &amp#27;[90m{"id":"773cb455-4748-4c2f-8045-b3113ffd2f05"}&amp#27;[39m
[debug] &amp#27;[35m[W3C (d7fd23ee)]&amp#27;[39m Calling AppiumDriver.click() with args: ["773cb455-4748-4c2f-8045-b3113ffd2f05","d7fd23ee-5e01-43af-aa8b-62cacd22bd63"]
[debug] &amp#27;[35m[WD Proxy]&amp#27;[39m Matched '/element/773cb455-4748-4c2f-8045-b3113ffd2f05/click' to command name 'click'
[debug] &amp#27;[35m[WD Proxy]&amp#27;[39m Proxying [POST /element/773cb455-4748-4c2f-8045-b3113ffd2f05/click] to [POST http://127.0.0.1:8202/wd/hub/session/c2598b17-ebe0-4dc1-9a53-10b4c20a031d/element/773cb455-4748-4c2f-8045-b3113ffd2f05/click] with body: {"element":"773cb455-4748-4c2f-8045-b3113ffd2f05"}
[debug] &amp#27;[35m[WD Proxy]&amp#27;[39m Got response with status 200: {"sessionId":"c2598b17-ebe0-4dc1-9a53-10b4c20a031d","value":null}
[debug] &amp#27;[35m[W3C (d7fd23ee)]&amp#27;[39m Responding to client with driver.click() result: null
&amp#27;[35m[HTTP]&amp#27;[39m &amp#27;[37m<-- POST /wd/hub/session/d7fd23ee-5e01-43af-aa8b-62cacd22bd63/element/773cb455-4748-4c2f-8045-b3113ffd2f05/click &amp#27;[39m&amp#27;[32m200&amp#27;[39m &amp#27;[90m1812 ms - 14&amp#27;[39m
&amp#27;[35m[HTTP]&amp#27;[39m &amp#27;[90m&amp#27;[39m
&amp#27;[35m[HTTP]&amp#27;[39m &amp#27;[37m-->&amp#27;[39m &amp#27;[37mGET&amp#27;[39m &amp#27;[37m/wd/hub/session/d7fd23ee-5e01-43af-aa8b-62cacd22bd63&amp#27;[39m
&amp#27;[35m[HTTP]&amp#27;[39m &amp#27;[90m{}&amp#27;[39m
[debug] &amp#27;[35m[W3C (d7fd23ee)]&amp#27;[39m Calling AppiumDriver.getSession() with args: ["d7fd23ee-5e01-43af-aa8b-62cacd22bd63"]
[debug] &amp#27;[35m[UiAutomator2]&amp#27;[39m Getting session details from server to mix in
[debug] &amp#27;[35m[WD Proxy]&amp#27;[39m Matched '/' to command name 'getSession'
[debug] &amp#27;[35m[WD Proxy]&amp#27;[39m Proxying [GET /] to [GET http://127.0.0.1:8202/wd/hub/session/c2598b17-ebe0-4dc1-9a53-10b4c20a031d] with no body
[debug] &amp#27;[35m[WD Proxy]&amp#27;[39m Got response with status 200: {"sessionId":"c2598b17-ebe0-4dc1-9a53-10b4c20a031d","value":{"lastScrollData":null}}
[debug] &amp#27;[35m[W3C (d7fd23ee)]&amp#27;[39m Responding to client with driver.getSession() result: {"platform":"LINUX","webStorageEnabled":false,"takesScreenshot":true,"javascriptEnabled":true,"databaseEnabled":false,"networkConnectionEnabled":true,"locationContextEnabled":false,"warnings":{},"desired":{"platformName":"android","app":"C:\\Users\\Anis\\eclipse-workspace\\Appium\\src\\ApiDemos-debug.apk","deviceName":"Redmi","newCommandTimeout":14},"platformName":"android","app":"C:\\Users\\Anis\\eclipse-workspace\\Appium\\src\\ApiDemos-debug.apk","deviceName":"55272e729804","newCommandTimeout":14,"deviceUDID":"55272e729804","appPackage":"io.appium.android.apis","deviceApiLevel":24,"platformVersion":"7.0","deviceScreenSize":"1080x1920","deviceScreenDensity":480,"deviceModel":"Redmi Note 4","deviceManufacturer":"Xiaomi","pixelRatio":3,"statBarHeight":72,"viewportRect":{"left":0,"top":72,"width":1080,"height":1848},"lastScrollData":null}
&amp#27;[35m[HTTP]&amp#27;[39m &amp#27;[37m<-- GET /wd/hub/session/d7fd23ee-5e01-43af-aa8b-62cacd22bd63 &amp#27;[39m&amp#27;[32m200&amp#27;[39m &amp#27;[90m12 ms - 858&amp#27;[39m
&amp#27;[35m[HTTP]&amp#27;[39m &amp#27;[90m&amp#27;[39m
&amp#27;[35m[HTTP]&amp#27;[39m &amp#27;[37m-->&amp#27;[39m &amp#27;[37mGET&amp#27;[39m &amp#27;[37m/wd/hub/session/d7fd23ee-5e01-43af-aa8b-62cacd22bd63&amp#27;[39m
&amp#27;[35m[HTTP]&amp#27;[39m &amp#27;[90m{}&amp#27;[39m
[debug] &amp#27;[35m[W3C (d7fd23ee)]&amp#27;[39m Calling AppiumDriver.getSession() with args: ["d7fd23ee-5e01-43af-aa8b-62cacd22bd63"]
[debug] &amp#27;[35m[UiAutomator2]&amp#27;[39m Getting session details from server to mix in
[debug] &amp#27;[35m[WD Proxy]&amp#27;[39m Matched '/' to command name 'getSession'
[debug] &amp#27;[35m[WD Proxy]&amp#27;[39m Proxying [GET /] to [GET http://127.0.0.1:8202/wd/hub/session/c2598b17-ebe0-4dc1-9a53-10b4c20a031d] with no body
[debug] &amp#27;[35m[WD Proxy]&amp#27;[39m Got response with status 200: {"sessionId":"c2598b17-ebe0-4dc1-9a53-10b4c20a031d","value":{"lastScrollData":null}}
[debug] &amp#27;[35m[W3C (d7fd23ee)]&amp#27;[39m Responding to client with driver.getSession() result: {"platform":"LINUX","webStorageEnabled":false,"takesScreenshot":true,"javascriptEnabled":true,"databaseEnabled":false,"networkConnectionEnabled":true,"locationContextEnabled":false,"warnings":{},"desired":{"platformName":"android","app":"C:\\Users\\Anis\\eclipse-workspace\\Appium\\src\\ApiDemos-debug.apk","deviceName":"Redmi","newCommandTimeout":14},"platformName":"android","app":"C:\\Users\\Anis\\eclipse-workspace\\Appium\\src\\ApiDemos-debug.apk","deviceName":"55272e729804","newCommandTimeout":14,"deviceUDID":"55272e729804","appPackage":"io.appium.android.apis","deviceApiLevel":24,"platformVersion":"7.0","deviceScreenSize":"1080x1920","deviceScreenDensity":480,"deviceModel":"Redmi Note 4","deviceManufacturer":"Xiaomi","pixelRatio":3,"statBarHeight":72,"viewportRect":{"left":0,"top":72,"width":1080,"height":1848},"lastScrollData":null}
&amp#27;[35m[HTTP]&amp#27;[39m &amp#27;[37m<-- GET /wd/hub/session/d7fd23ee-5e01-43af-aa8b-62cacd22bd63 &amp#27;[39m&amp#27;[32m200&amp#27;[39m &amp#27;[90m11 ms - 858&amp#27;[39m
&amp#27;[35m[HTTP]&amp#27;[39m &amp#27;[90m&amp#27;[39m
&amp#27;[35m[HTTP]&amp#27;[39m &amp#27;[37m-->&amp#27;[39m &amp#27;[37mGET&amp#27;[39m &amp#27;[37m/wd/hub/session/d7fd23ee-5e01-43af-aa8b-62cacd22bd63&amp#27;[39m
&amp#27;[35m[HTTP]&amp#27;[39m &amp#27;[90m{}&amp#27;[39m
[debug] &amp#27;[35m[W3C (d7fd23ee)]&amp#27;[39m Calling AppiumDriver.getSession() with args: ["d7fd23ee-5e01-43af-aa8b-62cacd22bd63"]
[debug] &amp#27;[35m[UiAutomator2]&amp#27;[39m Getting session details from server to mix in
[debug] &amp#27;[35m[WD Proxy]&amp#27;[39m Matched '/' to command name 'getSession'
[debug] &amp#27;[35m[WD Proxy]&amp#27;[39m Proxying [GET /] to [GET http://127.0.0.1:8202/wd/hub/session/c2598b17-ebe0-4dc1-9a53-10b4c20a031d] with no body
[debug] &amp#27;[35m[WD Proxy]&amp#27;[39m Got response with status 200: {"sessionId":"c2598b17-ebe0-4dc1-9a53-10b4c20a031d","value":{"lastScrollData":null}}
[debug] &amp#27;[35m[W3C (d7fd23ee)]&amp#27;[39m Responding to client with driver.getSession() result: {"platform":"LINUX","webStorageEnabled":false,"takesScreenshot":true,"javascriptEnabled":true,"databaseEnabled":false,"networkConnectionEnabled":true,"locationContextEnabled":false,"warnings":{},"desired":{"platformName":"android","app":"C:\\Users\\Anis\\eclipse-workspace\\Appium\\src\\ApiDemos-debug.apk","deviceName":"Redmi","newCommandTimeout":14},"platformName":"android","app":"C:\\Users\\Anis\\eclipse-workspace\\Appium\\src\\ApiDemos-debug.apk","deviceName":"55272e729804","newCommandTimeout":14,"deviceUDID":"55272e729804","appPackage":"io.appium.android.apis","deviceApiLevel":24,"platformVersion":"7.0","deviceScreenSize":"1080x1920","deviceScreenDensity":480,"deviceModel":"Redmi Note 4","deviceManufacturer":"Xiaomi","pixelRatio":3,"statBarHeight":72,"viewportRect":{"left":0,"top":72,"width":1080,"height":1848},"lastScrollData":null}
&amp#27;[35m[HTTP]&amp#27;[39m &amp#27;[37m<-- GET /wd/hub/session/d7fd23ee-5e01-43af-aa8b-62cacd22bd63 &amp#27;[39m&amp#27;[32m200&amp#27;[39m &amp#27;[90m11 ms - 858&amp#27;[39m
&amp#27;[35m[HTTP]&amp#27;[39m &amp#27;[90m&amp#27;[39m
&amp#27;[35m[HTTP]&amp#27;[39m &amp#27;[37m-->&amp#27;[39m &amp#27;[37mPOST&amp#27;[39m &amp#27;[37m/wd/hub/session/d7fd23ee-5e01-43af-aa8b-62cacd22bd63/element&amp#27;[39m
&amp#27;[35m[HTTP]&amp#27;[39m &amp#27;[90m{"using":"xpath","value":"//android.widget.TextView[@content-desc=\"Storage\"]"}&amp#27;[39m
[debug] &amp#27;[35m[W3C (d7fd23ee)]&amp#27;[39m Calling AppiumDriver.findElement() with args: ["xpath","//android.widget.TextView[@content-desc=\"Storage\"]","d7fd23ee-5e01-43af-aa8b-62cacd22bd63"]
[debug] &amp#27;[35m[BaseDriver]&amp#27;[39m Valid locator strategies for this request: xpath, id, class name, accessibility id, css selector, -android uiautomator
[debug] &amp#27;[35m[BaseDriver]&amp#27;[39m Waiting up to 10000 ms for condition
[debug] &amp#27;[35m[WD Proxy]&amp#27;[39m Matched '/element' to command name 'findElement'
[debug] &amp#27;[35m[WD Proxy]&amp#27;[39m Proxying [POST /element] to [POST http://127.0.0.1:8202/wd/hub/session/c2598b17-ebe0-4dc1-9a53-10b4c20a031d/element] with body: {"strategy":"xpath","selector":"//android.widget.TextView[@content-desc=\"Storage\"]","context":"","multiple":false}
[debug] &amp#27;[35m[WD Proxy]&amp#27;[39m Got response with status 200: {"sessionId":"c2598b17-ebe0-4dc1-9a53-10b4c20a031d","value":{"ELEMENT":"80d9411a-70f0-4322-8632-de1f2a77edf5","element-6066-11e4-a52e-4f735466cecf":"80d9411a-70f0-4322-8632-de1f2a77edf5"}}
[debug] &amp#27;[35m[W3C (d7fd23ee)]&amp#27;[39m Responding to client with driver.findElement() result: {"element-6066-11e4-a52e-4f735466cecf":"80d9411a-70f0-4322-8632-de1f2a77edf5","ELEMENT":"80d9411a-70f0-4322-8632-de1f2a77edf5"}
&amp#27;[35m[HTTP]&amp#27;[39m &amp#27;[37m<-- POST /wd/hub/session/d7fd23ee-5e01-43af-aa8b-62cacd22bd63/element &amp#27;[39m&amp#27;[32m200&amp#27;[39m &amp#27;[90m57 ms - 137&amp#27;[39m
&amp#27;[35m[HTTP]&amp#27;[39m &amp#27;[90m&amp#27;[39m
&amp#27;[35m[HTTP]&amp#27;[39m &amp#27;[37m-->&amp#27;[39m &amp#27;[37mPOST&amp#27;[39m &amp#27;[37m/wd/hub/session/d7fd23ee-5e01-43af-aa8b-62cacd22bd63/element/80d9411a-70f0-4322-8632-de1f2a77edf5/click&amp#27;[39m
&amp#27;[35m[HTTP]&amp#27;[39m &amp#27;[90m{"id":"80d9411a-70f0-4322-8632-de1f2a77edf5"}&amp#27;[39m
[debug] &amp#27;[35m[W3C (d7fd23ee)]&amp#27;[39m Calling AppiumDriver.click() with args: ["80d9411a-70f0-4322-8632-de1f2a77edf5","d7fd23ee-5e01-43af-aa8b-62cacd22bd63"]
[debug] &amp#27;[35m[WD Proxy]&amp#27;[39m Matched '/element/80d9411a-70f0-4322-8632-de1f2a77edf5/click' to command name 'click'
[debug] &amp#27;[35m[WD Proxy]&amp#27;[39m Proxying [POST /element/80d9411a-70f0-4322-8632-de1f2a77edf5/click] to [POST http://127.0.0.1:8202/wd/hub/session/c2598b17-ebe0-4dc1-9a53-10b4c20a031d/element/80d9411a-70f0-4322-8632-de1f2a77edf5/click] with body: {"element":"80d9411a-70f0-4322-8632-de1f2a77edf5"}
[debug] &amp#27;[35m[WD Proxy]&amp#27;[39m Got response with status 200: {"sessionId":"c2598b17-ebe0-4dc1-9a53-10b4c20a031d","value":null}
[debug] &amp#27;[35m[W3C (d7fd23ee)]&amp#27;[39m Responding to client with driver.click() result: null
&amp#27;[35m[HTTP]&amp#27;[39m &amp#27;[37m<-- POST /wd/hub/session/d7fd23ee-5e01-43af-aa8b-62cacd22bd63/element/80d9411a-70f0-4322-8632-de1f2a77edf5/click &amp#27;[39m&amp#27;[32m200&amp#27;[39m &amp#27;[90m1175 ms - 14&amp#27;[39m
&amp#27;[35m[HTTP]&amp#27;[39m &amp#27;[90m&amp#27;[39m
&amp#27;[35m[HTTP]&amp#27;[39m &amp#27;[37m-->&amp#27;[39m &amp#27;[37mGET&amp#27;[39m &amp#27;[37m/wd/hub/session/d7fd23ee-5e01-43af-aa8b-62cacd22bd63&amp#27;[39m
&amp#27;[35m[HTTP]&amp#27;[39m &amp#27;[90m{}&amp#27;[39m
[debug] &amp#27;[35m[W3C (d7fd23ee)]&amp#27;[39m Calling AppiumDriver.getSession() with args: ["d7fd23ee-5e01-43af-aa8b-62cacd22bd63"]
[debug] &amp#27;[35m[UiAutomator2]&amp#27;[39m Getting session details from server to mix in
[debug] &amp#27;[35m[WD Proxy]&amp#27;[39m Matched '/' to command name 'getSession'
[debug] &amp#27;[35m[WD Proxy]&amp#27;[39m Proxying [GET /] to [GET http://127.0.0.1:8202/wd/hub/session/c2598b17-ebe0-4dc1-9a53-10b4c20a031d] with no body
[debug] &amp#27;[35m[WD Proxy]&amp#27;[39m Got response with status 200: {"sessionId":"c2598b17-ebe0-4dc1-9a53-10b4c20a031d","value":{"lastScrollData":null}}
[debug] &amp#27;[35m[W3C (d7fd23ee)]&amp#27;[39m Responding to client with driver.getSession() result: {"platform":"LINUX","webStorageEnabled":false,"takesScreenshot":true,"javascriptEnabled":true,"databaseEnabled":false,"networkConnectionEnabled":true,"locationContextEnabled":false,"warnings":{},"desired":{"platformName":"android","app":"C:\\Users\\Anis\\eclipse-workspace\\Appium\\src\\ApiDemos-debug.apk","deviceName":"Redmi","newCommandTimeout":14},"platformName":"android","app":"C:\\Users\\Anis\\eclipse-workspace\\Appium\\src\\ApiDemos-debug.apk","deviceName":"55272e729804","newCommandTimeout":14,"deviceUDID":"55272e729804","appPackage":"io.appium.android.apis","deviceApiLevel":24,"platformVersion":"7.0","deviceScreenSize":"1080x1920","deviceScreenDensity":480,"deviceModel":"Redmi Note 4","deviceManufacturer":"Xiaomi","pixelRatio":3,"statBarHeight":72,"viewportRect":{"left":0,"top":72,"width":1080,"height":1848},"lastScrollData":null}
&amp#27;[35m[HTTP]&amp#27;[39m &amp#27;[37m<-- GET /wd/hub/session/d7fd23ee-5e01-43af-aa8b-62cacd22bd63 &amp#27;[39m&amp#27;[32m200&amp#27;[39m &amp#27;[90m12 ms - 858&amp#27;[39m
&amp#27;[35m[HTTP]&amp#27;[39m &amp#27;[90m&amp#27;[39m
&amp#27;[35m[HTTP]&amp#27;[39m &amp#27;[37m-->&amp#27;[39m &amp#27;[37mPOST&amp#27;[39m &amp#27;[37m/wd/hub/session/d7fd23ee-5e01-43af-aa8b-62cacd22bd63/element&amp#27;[39m
&amp#27;[35m[HTTP]&amp#27;[39m &amp#27;[90m{"using":"id","value":"android:id/text1"}&amp#27;[39m
[debug] &amp#27;[35m[W3C (d7fd23ee)]&amp#27;[39m Calling AppiumDriver.findElement() with args: ["id","android:id/text1","d7fd23ee-5e01-43af-aa8b-62cacd22bd63"]
[debug] &amp#27;[35m[BaseDriver]&amp#27;[39m Valid locator strategies for this request: xpath, id, class name, accessibility id, css selector, -android uiautomator
[debug] &amp#27;[35m[BaseDriver]&amp#27;[39m Waiting up to 10000 ms for condition
[debug] &amp#27;[35m[WD Proxy]&amp#27;[39m Matched '/element' to command name 'findElement'
[debug] &amp#27;[35m[WD Proxy]&amp#27;[39m Proxying [POST /element] to [POST http://127.0.0.1:8202/wd/hub/session/c2598b17-ebe0-4dc1-9a53-10b4c20a031d/element] with body: {"strategy":"id","selector":"android:id/text1","context":"","multiple":false}
[debug] &amp#27;[35m[WD Proxy]&amp#27;[39m Got response with status 200: {"sessionId":"c2598b17-ebe0-4dc1-9a53-10b4c20a031d","value":{"ELEMENT":"071a3bde-9bad-4eec-a2b3-7b7a4b0b7f57","element-6066-11e4-a52e-4f735466cecf":"071a3bde-9bad-4eec-a2b3-7b7a4b0b7f57"}}
[debug] &amp#27;[35m[W3C (d7fd23ee)]&amp#27;[39m Responding to client with driver.findElement() result: {"element-6066-11e4-a52e-4f735466cecf":"071a3bde-9bad-4eec-a2b3-7b7a4b0b7f57","ELEMENT":"071a3bde-9bad-4eec-a2b3-7b7a4b0b7f57"}
&amp#27;[35m[HTTP]&amp#27;[39m &amp#27;[37m<-- POST /wd/hub/session/d7fd23ee-5e01-43af-aa8b-62cacd22bd63/element &amp#27;[39m&amp#27;[32m200&amp#27;[39m &amp#27;[90m39 ms - 137&amp#27;[39m
&amp#27;[35m[HTTP]&amp#27;[39m &amp#27;[90m&amp#27;[39m
&amp#27;[35m[HTTP]&amp#27;[39m &amp#27;[37m-->&amp#27;[39m &amp#27;[37mPOST&amp#27;[39m &amp#27;[37m/wd/hub/session/d7fd23ee-5e01-43af-aa8b-62cacd22bd63/element/071a3bde-9bad-4eec-a2b3-7b7a4b0b7f57/click&amp#27;[39m
&amp#27;[35m[HTTP]&amp#27;[39m &amp#27;[90m{"id":"071a3bde-9bad-4eec-a2b3-7b7a4b0b7f57"}&amp#27;[39m
[debug] &amp#27;[35m[W3C (d7fd23ee)]&amp#27;[39m Calling AppiumDriver.click() with args: ["071a3bde-9bad-4eec-a2b3-7b7a4b0b7f57","d7fd23ee-5e01-43af-aa8b-62cacd22bd63"]
[debug] &amp#27;[35m[WD Proxy]&amp#27;[39m Matched '/element/071a3bde-9bad-4eec-a2b3-7b7a4b0b7f57/click' to command name 'click'
[debug] &amp#27;[35m[WD Proxy]&amp#27;[39m Proxying [POST /element/071a3bde-9bad-4eec-a2b3-7b7a4b0b7f57/click] to [POST http://127.0.0.1:8202/wd/hub/session/c2598b17-ebe0-4dc1-9a53-10b4c20a031d/element/071a3bde-9bad-4eec-a2b3-7b7a4b0b7f57/click] with body: {"element":"071a3bde-9bad-4eec-a2b3-7b7a4b0b7f57"}
[debug] &amp#27;[35m[WD Proxy]&amp#27;[39m Got response with status 200: {"sessionId":"c2598b17-ebe0-4dc1-9a53-10b4c20a031d","value":null}
[debug] &amp#27;[35m[W3C (d7fd23ee)]&amp#27;[39m Responding to client with driver.click() result: null
&amp#27;[35m[HTTP]&amp#27;[39m &amp#27;[37m<-- POST /wd/hub/session/d7fd23ee-5e01-43af-aa8b-62cacd22bd63/element/071a3bde-9bad-4eec-a2b3-7b7a4b0b7f57/click &amp#27;[39m&amp#27;[32m200&amp#27;[39m &amp#27;[90m600 ms - 14&amp#27;[39m
&amp#27;[35m[HTTP]&amp#27;[39m &amp#27;[90m&amp#27;[39m
&amp#27;[35m[HTTP]&amp#27;[39m &amp#27;[37m-->&amp#27;[39m &amp#27;[37mGET&amp#27;[39m &amp#27;[37m/wd/hub/session/d7fd23ee-5e01-43af-aa8b-62cacd22bd63&amp#27;[39m
&amp#27;[35m[HTTP]&amp#27;[39m &amp#27;[90m{}&amp#27;[39m
[debug] &amp#27;[35m[W3C (d7fd23ee)]&amp#27;[39m Calling AppiumDriver.getSession() with args: ["d7fd23ee-5e01-43af-aa8b-62cacd22bd63"]
[debug] &amp#27;[35m[UiAutomator2]&amp#27;[39m Getting session details from server to mix in
[debug] &amp#27;[35m[WD Proxy]&amp#27;[39m Matched '/' to command name 'getSession'
[debug] &amp#27;[35m[WD Proxy]&amp#27;[39m Proxying [GET /] to [GET http://127.0.0.1:8202/wd/hub/session/c2598b17-ebe0-4dc1-9a53-10b4c20a031d] with no body
[debug] &amp#27;[35m[WD Proxy]&amp#27;[39m Got response with status 200: {"sessionId":"c2598b17-ebe0-4dc1-9a53-10b4c20a031d","value":{"lastScrollData":null}}
[debug] &amp#27;[35m[W3C (d7fd23ee)]&amp#27;[39m Responding to client with driver.getSession() result: {"platform":"LINUX","webStorageEnabled":false,"takesScreenshot":true,"javascriptEnabled":true,"databaseEnabled":false,"networkConnectionEnabled":true,"locationContextEnabled":false,"warnings":{},"desired":{"platformName":"android","app":"C:\\Users\\Anis\\eclipse-workspace\\Appium\\src\\ApiDemos-debug.apk","deviceName":"Redmi","newCommandTimeout":14},"platformName":"android","app":"C:\\Users\\Anis\\eclipse-workspace\\Appium\\src\\ApiDemos-debug.apk","deviceName":"55272e729804","newCommandTimeout":14,"deviceUDID":"55272e729804","appPackage":"io.appium.android.apis","deviceApiLevel":24,"platformVersion":"7.0","deviceScreenSize":"1080x1920","deviceScreenDensity":480,"deviceModel":"Redmi Note 4","deviceManufacturer":"Xiaomi","pixelRatio":3,"statBarHeight":72,"viewportRect":{"left":0,"top":72,"width":1080,"height":1848},"lastScrollData":null}
&amp#27;[35m[HTTP]&amp#27;[39m &amp#27;[37m<-- GET /wd/hub/session/d7fd23ee-5e01-43af-aa8b-62cacd22bd63 &amp#27;[39m&amp#27;[32m200&amp#27;[39m &amp#27;[90m14 ms - 858&amp#27;[39m
&amp#27;[35m[HTTP]&amp#27;[39m &amp#27;[90m&amp#27;[39m
&amp#27;[35m[HTTP]&amp#27;[39m &amp#27;[37m-->&amp#27;[39m &amp#27;[37mPOST&amp#27;[39m &amp#27;[37m/wd/hub/session/d7fd23ee-5e01-43af-aa8b-62cacd22bd63/element&amp#27;[39m
&amp#27;[35m[HTTP]&amp#27;[39m &amp#27;[90m{"using":"xpath","value":"(//android.widget.Button[@content-desc=\"Create\"])[1]"}&amp#27;[39m
[debug] &amp#27;[35m[W3C (d7fd23ee)]&amp#27;[39m Calling AppiumDriver.findElement() with args: ["xpath","(//android.widget.Button[@content-desc=\"Create\"])[1]","d7fd23ee-5e01-43af-aa8b-62cacd22bd63"]
[debug] &amp#27;[35m[BaseDriver]&amp#27;[39m Valid locator strategies for this request: xpath, id, class name, accessibility id, css selector, -android uiautomator
[debug] &amp#27;[35m[BaseDriver]&amp#27;[39m Waiting up to 10000 ms for condition
[debug] &amp#27;[35m[WD Proxy]&amp#27;[39m Matched '/element' to command name 'findElement'
[debug] &amp#27;[35m[WD Proxy]&amp#27;[39m Proxying [POST /element] to [POST http://127.0.0.1:8202/wd/hub/session/c2598b17-ebe0-4dc1-9a53-10b4c20a031d/element] with body: {"strategy":"xpath","selector":"(//android.widget.Button[@content-desc=\"Create\"])[1]","context":"","multiple":false}
&amp#27;[35m[WD Proxy]&amp#27;[39m Got response with status 404: {"sessionId":"c2598b17-ebe0-4dc1-9a53-10b4c20a031d","value":{"error":"no such element","message":"An element could not be located on the page using the given search parameters","stacktrace":"io.appium.uiautomator2.common.exceptions.ElementNotFoundException: An element could not be located on the page using the given search parameters\n\tat io.appium.uiautomator2.handler.FindElement.findElement(FindElement.java:89)\n\tat io.appium.uiautomator2.handler.FindElement.safeHandle(FindElement.java:66)\n\tat io.appium.uiautomator2.handler.request.SafeRequestHandler.handle(SafeRequestHandler.java:41)\n\tat io.appium.uiautomator2.server.AppiumServlet.handleRequest(AppiumServlet.java:262)\n\tat io.appium.uiautomator2.server.AppiumServlet.handleHttpRequest(AppiumServlet.java:256)\n\tat io.appium.uiautomator2.http.ServerHandler.channelRead(ServerHandler.java:68)\n\tat io.netty.channel.AbstractChannelHandlerContext.invokeChannelRead(AbstractChannelHandlerContext.java:366)\n\tat io.netty.channel.AbstractChannelHandlerCont...
[debug] &amp#27;[35m[W3C]&amp#27;[39m Matched W3C error code 'no such element' to NoSuchElementError
[debug] &amp#27;[35m[BaseDriver]&amp#27;[39m Waited for 451 ms so far
[debug] &amp#27;[35m[WD Proxy]&amp#27;[39m Matched '/element' to command name 'findElement'
[debug] &amp#27;[35m[WD Proxy]&amp#27;[39m Proxying [POST /element] to [POST http://127.0.0.1:8202/wd/hub/session/c2598b17-ebe0-4dc1-9a53-10b4c20a031d/element] with body: {"strategy":"xpath","selector":"(//android.widget.Button[@content-desc=\"Create\"])[1]","context":"","multiple":false}
[debug] &amp#27;[35m[WD Proxy]&amp#27;[39m Got response with status 200: {"sessionId":"c2598b17-ebe0-4dc1-9a53-10b4c20a031d","value":{"ELEMENT":"4e5dc66e-e1b0-4afd-89b9-099b49a4fc6b","element-6066-11e4-a52e-4f735466cecf":"4e5dc66e-e1b0-4afd-89b9-099b49a4fc6b"}}
[debug] &amp#27;[35m[W3C (d7fd23ee)]&amp#27;[39m Responding to client with driver.findElement() result: {"element-6066-11e4-a52e-4f735466cecf":"4e5dc66e-e1b0-4afd-89b9-099b49a4fc6b","ELEMENT":"4e5dc66e-e1b0-4afd-89b9-099b49a4fc6b"}
&amp#27;[35m[HTTP]&amp#27;[39m &amp#27;[37m<-- POST /wd/hub/session/d7fd23ee-5e01-43af-aa8b-62cacd22bd63/element &amp#27;[39m&amp#27;[32m200&amp#27;[39m &amp#27;[90m2027 ms - 137&amp#27;[39m
&amp#27;[35m[HTTP]&amp#27;[39m &amp#27;[90m&amp#27;[39m
&amp#27;[35m[HTTP]&amp#27;[39m &amp#27;[37m-->&amp#27;[39m &amp#27;[37mPOST&amp#27;[39m &amp#27;[37m/wd/hub/session/d7fd23ee-5e01-43af-aa8b-62cacd22bd63/element/4e5dc66e-e1b0-4afd-89b9-099b49a4fc6b/click&amp#27;[39m
&amp#27;[35m[HTTP]&amp#27;[39m &amp#27;[90m{"id":"4e5dc66e-e1b0-4afd-89b9-099b49a4fc6b"}&amp#27;[39m
[debug] &amp#27;[35m[W3C (d7fd23ee)]&amp#27;[39m Calling AppiumDriver.click() with args: ["4e5dc66e-e1b0-4afd-89b9-099b49a4fc6b","d7fd23ee-5e01-43af-aa8b-62cacd22bd63"]
[debug] &amp#27;[35m[WD Proxy]&amp#27;[39m Matched '/element/4e5dc66e-e1b0-4afd-89b9-099b49a4fc6b/click' to command name 'click'
[debug] &amp#27;[35m[WD Proxy]&amp#27;[39m Proxying [POST /element/4e5dc66e-e1b0-4afd-89b9-099b49a4fc6b/click] to [POST http://127.0.0.1:8202/wd/hub/session/c2598b17-ebe0-4dc1-9a53-10b4c20a031d/element/4e5dc66e-e1b0-4afd-89b9-099b49a4fc6b/click] with body: {"element":"4e5dc66e-e1b0-4afd-89b9-099b49a4fc6b"}
[debug] &amp#27;[35m[WD Proxy]&amp#27;[39m Got response with status 200: {"sessionId":"c2598b17-ebe0-4dc1-9a53-10b4c20a031d","value":null}
[debug] &amp#27;[35m[W3C (d7fd23ee)]&amp#27;[39m Responding to client with driver.click() result: null
&amp#27;[35m[HTTP]&amp#27;[39m &amp#27;[37m<-- POST /wd/hub/session/d7fd23ee-5e01-43af-aa8b-62cacd22bd63/element/4e5dc66e-e1b0-4afd-89b9-099b49a4fc6b/click &amp#27;[39m&amp#27;[32m200&amp#27;[39m &amp#27;[90m29 ms - 14&amp#27;[39m
&amp#27;[35m[HTTP]&amp#27;[39m &amp#27;[90m&amp#27;[39m
&amp#27;[35m[HTTP]&amp#27;[39m &amp#27;[37m-->&amp#27;[39m &amp#27;[37mGET&amp#27;[39m &amp#27;[37m/wd/hub/session/d7fd23ee-5e01-43af-aa8b-62cacd22bd63&amp#27;[39m
&amp#27;[35m[HTTP]&amp#27;[39m &amp#27;[90m{}&amp#27;[39m
[debug] &amp#27;[35m[W3C (d7fd23ee)]&amp#27;[39m Calling AppiumDriver.getSession() with args: ["d7fd23ee-5e01-43af-aa8b-62cacd22bd63"]
[debug] &amp#27;[35m[UiAutomator2]&amp#27;[39m Getting session details from server to mix in
[debug] &amp#27;[35m[WD Proxy]&amp#27;[39m Matched '/' to command name 'getSession'
[debug] &amp#27;[35m[WD Proxy]&amp#27;[39m Proxying [GET /] to [GET http://127.0.0.1:8202/wd/hub/session/c2598b17-ebe0-4dc1-9a53-10b4c20a031d] with no body
[debug] &amp#27;[35m[WD Proxy]&amp#27;[39m Got response with status 200: {"sessionId":"c2598b17-ebe0-4dc1-9a53-10b4c20a031d","value":{"lastScrollData":null}}
[debug] &amp#27;[35m[W3C (d7fd23ee)]&amp#27;[39m Responding to client with driver.getSession() result: {"platform":"LINUX","webStorageEnabled":false,"takesScreenshot":true,"javascriptEnabled":true,"databaseEnabled":false,"networkConnectionEnabled":true,"locationContextEnabled":false,"warnings":{},"desired":{"platformName":"android","app":"C:\\Users\\Anis\\eclipse-workspace\\Appium\\src\\ApiDemos-debug.apk","deviceName":"Redmi","newCommandTimeout":14},"platformName":"android","app":"C:\\Users\\Anis\\eclipse-workspace\\Appium\\src\\ApiDemos-debug.apk","deviceName":"55272e729804","newCommandTimeout":14,"deviceUDID":"55272e729804","appPackage":"io.appium.android.apis","deviceApiLevel":24,"platformVersion":"7.0","deviceScreenSize":"1080x1920","deviceScreenDensity":480,"deviceModel":"Redmi Note 4","deviceManufacturer":"Xiaomi","pixelRatio":3,"statBarHeight":72,"viewportRect":{"left":0,"top":72,"width":1080,"height":1848},"lastScrollData":null}
&amp#27;[35m[HTTP]&amp#27;[39m &amp#27;[37m<-- GET /wd/hub/session/d7fd23ee-5e01-43af-aa8b-62cacd22bd63 &amp#27;[39m&amp#27;[32m200&amp#27;[39m &amp#27;[90m19 ms - 858&amp#27;[39m
&amp#27;[35m[HTTP]&amp#27;[39m &amp#27;[90m&amp#27;[39m
&amp#27;[35m[HTTP]&amp#27;[39m &amp#27;[37m-->&amp#27;[39m &amp#27;[37mPOST&amp#27;[39m &amp#27;[37m/wd/hub/session/d7fd23ee-5e01-43af-aa8b-62cacd22bd63/element&amp#27;[39m
&amp#27;[35m[HTTP]&amp#27;[39m &amp#27;[90m{"using":"xpath","value":"(//android.widget.Button[@content-desc=\"Delete\"])[1]"}&amp#27;[39m
[debug] &amp#27;[35m[W3C (d7fd23ee)]&amp#27;[39m Calling AppiumDriver.findElement() with args: ["xpath","(//android.widget.Button[@content-desc=\"Delete\"])[1]","d7fd23ee-5e01-43af-aa8b-62cacd22bd63"]
[debug] &amp#27;[35m[BaseDriver]&amp#27;[39m Valid locator strategies for this request: xpath, id, class name, accessibility id, css selector, -android uiautomator
[debug] &amp#27;[35m[BaseDriver]&amp#27;[39m Waiting up to 10000 ms for condition
[debug] &amp#27;[35m[WD Proxy]&amp#27;[39m Matched '/element' to command name 'findElement'
[debug] &amp#27;[35m[WD Proxy]&amp#27;[39m Proxying [POST /element] to [POST http://127.0.0.1:8202/wd/hub/session/c2598b17-ebe0-4dc1-9a53-10b4c20a031d/element] with body: {"strategy":"xpath","selector":"(//android.widget.Button[@content-desc=\"Delete\"])[1]","context":"","multiple":false}
[debug] &amp#27;[35m[WD Proxy]&amp#27;[39m Got response with status 200: {"sessionId":"c2598b17-ebe0-4dc1-9a53-10b4c20a031d","value":{"ELEMENT":"2faafc18-83cc-4ec5-a7b6-4ea0ee5baa66","element-6066-11e4-a52e-4f735466cecf":"2faafc18-83cc-4ec5-a7b6-4ea0ee5baa66"}}
[debug] &amp#27;[35m[W3C (d7fd23ee)]&amp#27;[39m Responding to client with driver.findElement() result: {"element-6066-11e4-a52e-4f735466cecf":"2faafc18-83cc-4ec5-a7b6-4ea0ee5baa66","ELEMENT":"2faafc18-83cc-4ec5-a7b6-4ea0ee5baa66"}
&amp#27;[35m[HTTP]&amp#27;[39m &amp#27;[37m<-- POST /wd/hub/session/d7fd23ee-5e01-43af-aa8b-62cacd22bd63/element &amp#27;[39m&amp#27;[32m200&amp#27;[39m &amp#27;[90m543 ms - 137&amp#27;[39m
&amp#27;[35m[HTTP]&amp#27;[39m &amp#27;[90m&amp#27;[39m
&amp#27;[35m[HTTP]&amp#27;[39m &amp#27;[37m-->&amp#27;[39m &amp#27;[37mPOST&amp#27;[39m &amp#27;[37m/wd/hub/session/d7fd23ee-5e01-43af-aa8b-62cacd22bd63/element/2faafc18-83cc-4ec5-a7b6-4ea0ee5baa66/click&amp#27;[39m
&amp#27;[35m[HTTP]&amp#27;[39m &amp#27;[90m{"id":"2faafc18-83cc-4ec5-a7b6-4ea0ee5baa66"}&amp#27;[39m
[debug] &amp#27;[35m[W3C (d7fd23ee)]&amp#27;[39m Calling AppiumDriver.click() with args: ["2faafc18-83cc-4ec5-a7b6-4ea0ee5baa66","d7fd23ee-5e01-43af-aa8b-62cacd22bd63"]
[debug] &amp#27;[35m[WD Proxy]&amp#27;[39m Matched '/element/2faafc18-83cc-4ec5-a7b6-4ea0ee5baa66/click' to command name 'click'
[debug] &amp#27;[35m[WD Proxy]&amp#27;[39m Proxying [POST /element/2faafc18-83cc-4ec5-a7b6-4ea0ee5baa66/click] to [POST http://127.0.0.1:8202/wd/hub/session/c2598b17-ebe0-4dc1-9a53-10b4c20a031d/element/2faafc18-83cc-4ec5-a7b6-4ea0ee5baa66/click] with body: {"element":"2faafc18-83cc-4ec5-a7b6-4ea0ee5baa66"}
[debug] &amp#27;[35m[WD Proxy]&amp#27;[39m Got response with status 200: {"sessionId":"c2598b17-ebe0-4dc1-9a53-10b4c20a031d","value":null}
[debug] &amp#27;[35m[W3C (d7fd23ee)]&amp#27;[39m Responding to client with driver.click() result: null
&amp#27;[35m[HTTP]&amp#27;[39m &amp#27;[37m<-- POST /wd/hub/session/d7fd23ee-5e01-43af-aa8b-62cacd22bd63/element/2faafc18-83cc-4ec5-a7b6-4ea0ee5baa66/click &amp#27;[39m&amp#27;[32m200&amp#27;[39m &amp#27;[90m33 ms - 14&amp#27;[39m
&amp#27;[35m[HTTP]&amp#27;[39m &amp#27;[90m&amp#27;[39m
&amp#27;[35m[HTTP]&amp#27;[39m &amp#27;[37m-->&amp#27;[39m &amp#27;[37mPOST&amp#27;[39m &amp#27;[37m/wd/hub/session/d7fd23ee-5e01-43af-aa8b-62cacd22bd63/back&amp#27;[39m
&amp#27;[35m[HTTP]&amp#27;[39m &amp#27;[90m{}&amp#27;[39m
&amp#27;[35m[W3C (d7fd23ee)]&amp#27;[39m Driver proxy active, passing request on via HTTP proxy
[debug] &amp#27;[35m[WD Proxy]&amp#27;[39m Matched '/wd/hub/session/d7fd23ee-5e01-43af-aa8b-62cacd22bd63/back' to command name 'back'
[debug] &amp#27;[35m[WD Proxy]&amp#27;[39m Proxying [POST /wd/hub/session/d7fd23ee-5e01-43af-aa8b-62cacd22bd63/back] to [POST http://127.0.0.1:8202/wd/hub/session/c2598b17-ebe0-4dc1-9a53-10b4c20a031d/back] with body: {}
[debug] &amp#27;[35m[WD Proxy]&amp#27;[39m Got response with status 200: {"sessionId":"c2598b17-ebe0-4dc1-9a53-10b4c20a031d","value":null}
&amp#27;[35m[WD Proxy]&amp#27;[39m Replacing sessionId c2598b17-ebe0-4dc1-9a53-10b4c20a031d with d7fd23ee-5e01-43af-aa8b-62cacd22bd63
&amp#27;[35m[HTTP]&amp#27;[39m &amp#27;[37m<-- POST /wd/hub/session/d7fd23ee-5e01-43af-aa8b-62cacd22bd63/back &amp#27;[39m&amp#27;[32m200&amp#27;[39m &amp#27;[90m165 ms - 65&amp#27;[39m
&amp#27;[35m[HTTP]&amp#27;[39m &amp#27;[90m&amp#27;[39m
&amp#27;[35m[HTTP]&amp#27;[39m &amp#27;[37m-->&amp#27;[39m &amp#27;[37mPOST&amp#27;[39m &amp#27;[37m/wd/hub/session/d7fd23ee-5e01-43af-aa8b-62cacd22bd63/back&amp#27;[39m
&amp#27;[35m[HTTP]&amp#27;[39m &amp#27;[90m{}&amp#27;[39m
&amp#27;[35m[W3C (d7fd23ee)]&amp#27;[39m Driver proxy active, passing request on via HTTP proxy
[debug] &amp#27;[35m[WD Proxy]&amp#27;[39m Matched '/wd/hub/session/d7fd23ee-5e01-43af-aa8b-62cacd22bd63/back' to command name 'back'
[debug] &amp#27;[35m[WD Proxy]&amp#27;[39m Proxying [POST /wd/hub/session/d7fd23ee-5e01-43af-aa8b-62cacd22bd63/back] to [POST http://127.0.0.1:8202/wd/hub/session/c2598b17-ebe0-4dc1-9a53-10b4c20a031d/back] with body: {}
[debug] &amp#27;[35m[WD Proxy]&amp#27;[39m Got response with status 200: {"sessionId":"c2598b17-ebe0-4dc1-9a53-10b4c20a031d","value":null}
&amp#27;[35m[WD Proxy]&amp#27;[39m Replacing sessionId c2598b17-ebe0-4dc1-9a53-10b4c20a031d with d7fd23ee-5e01-43af-aa8b-62cacd22bd63
&amp#27;[35m[HTTP]&amp#27;[39m &amp#27;[37m<-- POST /wd/hub/session/d7fd23ee-5e01-43af-aa8b-62cacd22bd63/back &amp#27;[39m&amp#27;[32m200&amp#27;[39m &amp#27;[90m1245 ms - 65&amp#27;[39m
&amp#27;[35m[HTTP]&amp#27;[39m &amp#27;[90m&amp#27;[39m
&amp#27;[35m[HTTP]&amp#27;[39m &amp#27;[37m-->&amp#27;[39m &amp#27;[37mGET&amp#27;[39m &amp#27;[37m/wd/hub/session/d7fd23ee-5e01-43af-aa8b-62cacd22bd63&amp#27;[39m
&amp#27;[35m[HTTP]&amp#27;[39m &amp#27;[90m{}&amp#27;[39m
[debug] &amp#27;[35m[W3C (d7fd23ee)]&amp#27;[39m Calling AppiumDriver.getSession() with args: ["d7fd23ee-5e01-43af-aa8b-62cacd22bd63"]
[debug] &amp#27;[35m[UiAutomator2]&amp#27;[39m Getting session details from server to mix in
[debug] &amp#27;[35m[WD Proxy]&amp#27;[39m Matched '/' to command name 'getSession'
[debug] &amp#27;[35m[WD Proxy]&amp#27;[39m Proxying [GET /] to [GET http://127.0.0.1:8202/wd/hub/session/c2598b17-ebe0-4dc1-9a53-10b4c20a031d] with no body
[debug] &amp#27;[35m[WD Proxy]&amp#27;[39m Got response with status 200: {"sessionId":"c2598b17-ebe0-4dc1-9a53-10b4c20a031d","value":{"lastScrollData":null}}
[debug] &amp#27;[35m[W3C (d7fd23ee)]&amp#27;[39m Responding to client with driver.getSession() result: {"platform":"LINUX","webStorageEnabled":false,"takesScreenshot":true,"javascriptEnabled":true,"databaseEnabled":false,"networkConnectionEnabled":true,"locationContextEnabled":false,"warnings":{},"desired":{"platformName":"android","app":"C:\\Users\\Anis\\eclipse-workspace\\Appium\\src\\ApiDemos-debug.apk","deviceName":"Redmi","newCommandTimeout":14},"platformName":"android","app":"C:\\Users\\Anis\\eclipse-workspace\\Appium\\src\\ApiDemos-debug.apk","deviceName":"55272e729804","newCommandTimeout":14,"deviceUDID":"55272e729804","appPackage":"io.appium.android.apis","deviceApiLevel":24,"platformVersion":"7.0","deviceScreenSize":"1080x1920","deviceScreenDensity":480,"deviceModel":"Redmi Note 4","deviceManufacturer":"Xiaomi","pixelRatio":3,"statBarHeight":72,"viewportRect":{"left":0,"top":72,"width":1080,"height":1848},"lastScrollData":null}
&amp#27;[35m[HTTP]&amp#27;[39m &amp#27;[37m<-- GET /wd/hub/session/d7fd23ee-5e01-43af-aa8b-62cacd22bd63 &amp#27;[39m&amp#27;[32m200&amp#27;[39m &amp#27;[90m13 ms - 858&amp#27;[39m
&amp#27;[35m[HTTP]&amp#27;[39m &amp#27;[90m&amp#27;[39m
&amp#27;[35m[HTTP]&amp#27;[39m &amp#27;[37m-->&amp#27;[39m &amp#27;[37mPOST&amp#27;[39m &amp#27;[37m/wd/hub/session/d7fd23ee-5e01-43af-aa8b-62cacd22bd63/element&amp#27;[39m
&amp#27;[35m[HTTP]&amp#27;[39m &amp#27;[90m{"using":"xpath","value":"//android.widget.TextView[@content-desc=\"Provider\"]"}&amp#27;[39m
[debug] &amp#27;[35m[W3C (d7fd23ee)]&amp#27;[39m Calling AppiumDriver.findElement() with args: ["xpath","//android.widget.TextView[@content-desc=\"Provider\"]","d7fd23ee-5e01-43af-aa8b-62cacd22bd63"]
[debug] &amp#27;[35m[BaseDriver]&amp#27;[39m Valid locator strategies for this request: xpath, id, class name, accessibility id, css selector, -android uiautomator
[debug] &amp#27;[35m[BaseDriver]&amp#27;[39m Waiting up to 10000 ms for condition
[debug] &amp#27;[35m[WD Proxy]&amp#27;[39m Matched '/element' to command name 'findElement'
[debug] &amp#27;[35m[WD Proxy]&amp#27;[39m Proxying [POST /element] to [POST http://127.0.0.1:8202/wd/hub/session/c2598b17-ebe0-4dc1-9a53-10b4c20a031d/element] with body: {"strategy":"xpath","selector":"//android.widget.TextView[@content-desc=\"Provider\"]","context":"","multiple":false}
[debug] &amp#27;[35m[WD Proxy]&amp#27;[39m Got response with status 200: {"sessionId":"c2598b17-ebe0-4dc1-9a53-10b4c20a031d","value":{"ELEMENT":"47a7bbfd-b9a4-4200-8778-155633f334e5","element-6066-11e4-a52e-4f735466cecf":"47a7bbfd-b9a4-4200-8778-155633f334e5"}}
[debug] &amp#27;[35m[W3C (d7fd23ee)]&amp#27;[39m Responding to client with driver.findElement() result: {"element-6066-11e4-a52e-4f735466cecf":"47a7bbfd-b9a4-4200-8778-155633f334e5","ELEMENT":"47a7bbfd-b9a4-4200-8778-155633f334e5"}
&amp#27;[35m[HTTP]&amp#27;[39m &amp#27;[37m<-- POST /wd/hub/session/d7fd23ee-5e01-43af-aa8b-62cacd22bd63/element &amp#27;[39m&amp#27;[32m200&amp#27;[39m &amp#27;[90m604 ms - 137&amp#27;[39m
&amp#27;[35m[HTTP]&amp#27;[39m &amp#27;[90m&amp#27;[39m
&amp#27;[35m[HTTP]&amp#27;[39m &amp#27;[37m-->&amp#27;[39m &amp#27;[37mPOST&amp#27;[39m &amp#27;[37m/wd/hub/session/d7fd23ee-5e01-43af-aa8b-62cacd22bd63/element/47a7bbfd-b9a4-4200-8778-155633f334e5/click&amp#27;[39m
&amp#27;[35m[HTTP]&amp#27;[39m &amp#27;[90m{"id":"47a7bbfd-b9a4-4200-8778-155633f334e5"}&amp#27;[39m
[debug] &amp#27;[35m[W3C (d7fd23ee)]&amp#27;[39m Calling AppiumDriver.click() with args: ["47a7bbfd-b9a4-4200-8778-155633f334e5","d7fd23ee-5e01-43af-aa8b-62cacd22bd63"]
[debug] &amp#27;[35m[WD Proxy]&amp#27;[39m Matched '/element/47a7bbfd-b9a4-4200-8778-155633f334e5/click' to command name 'click'
[debug] &amp#27;[35m[WD Proxy]&amp#27;[39m Proxying [POST /element/47a7bbfd-b9a4-4200-8778-155633f334e5/click] to [POST http://127.0.0.1:8202/wd/hub/session/c2598b17-ebe0-4dc1-9a53-10b4c20a031d/element/47a7bbfd-b9a4-4200-8778-155633f334e5/click] with body: {"element":"47a7bbfd-b9a4-4200-8778-155633f334e5"}
[debug] &amp#27;[35m[WD Proxy]&amp#27;[39m Got response with status 200: {"sessionId":"c2598b17-ebe0-4dc1-9a53-10b4c20a031d","value":null}
[debug] &amp#27;[35m[W3C (d7fd23ee)]&amp#27;[39m Responding to client with driver.click() result: null
&amp#27;[35m[HTTP]&amp#27;[39m &amp#27;[37m<-- POST /wd/hub/session/d7fd23ee-5e01-43af-aa8b-62cacd22bd63/element/47a7bbfd-b9a4-4200-8778-155633f334e5/click &amp#27;[39m&amp#27;[32m200&amp#27;[39m &amp#27;[90m1142 ms - 14&amp#27;[39m
&amp#27;[35m[HTTP]&amp#27;[39m &amp#27;[90m&amp#27;[39m
&amp#27;[35m[HTTP]&amp#27;[39m &amp#27;[37m-->&amp#27;[39m &amp#27;[37mGET&amp#27;[39m &amp#27;[37m/wd/hub/session/d7fd23ee-5e01-43af-aa8b-62cacd22bd63&amp#27;[39m
&amp#27;[35m[HTTP]&amp#27;[39m &amp#27;[90m{}&amp#27;[39m
[debug] &amp#27;[35m[W3C (d7fd23ee)]&amp#27;[39m Calling AppiumDriver.getSession() with args: ["d7fd23ee-5e01-43af-aa8b-62cacd22bd63"]
[debug] &amp#27;[35m[UiAutomator2]&amp#27;[39m Getting session details from server to mix in
[debug] &amp#27;[35m[WD Proxy]&amp#27;[39m Matched '/' to command name 'getSession'
[debug] &amp#27;[35m[WD Proxy]&amp#27;[39m Proxying [GET /] to [GET http://127.0.0.1:8202/wd/hub/session/c2598b17-ebe0-4dc1-9a53-10b4c20a031d] with no body
[debug] &amp#27;[35m[WD Proxy]&amp#27;[39m Got response with status 200: {"sessionId":"c2598b17-ebe0-4dc1-9a53-10b4c20a031d","value":{"lastScrollData":null}}
[debug] &amp#27;[35m[W3C (d7fd23ee)]&amp#27;[39m Responding to client with driver.getSession() result: {"platform":"LINUX","webStorageEnabled":false,"takesScreenshot":true,"javascriptEnabled":true,"databaseEnabled":false,"networkConnectionEnabled":true,"locationContextEnabled":false,"warnings":{},"desired":{"platformName":"android","app":"C:\\Users\\Anis\\eclipse-workspace\\Appium\\src\\ApiDemos-debug.apk","deviceName":"Redmi","newCommandTimeout":14},"platformName":"android","app":"C:\\Users\\Anis\\eclipse-workspace\\Appium\\src\\ApiDemos-debug.apk","deviceName":"55272e729804","newCommandTimeout":14,"deviceUDID":"55272e729804","appPackage":"io.appium.android.apis","deviceApiLevel":24,"platformVersion":"7.0","deviceScreenSize":"1080x1920","deviceScreenDensity":480,"deviceModel":"Redmi Note 4","deviceManufacturer":"Xiaomi","pixelRatio":3,"statBarHeight":72,"viewportRect":{"left":0,"top":72,"width":1080,"height":1848},"lastScrollData":null}
&amp#27;[35m[HTTP]&amp#27;[39m &amp#27;[37m<-- GET /wd/hub/session/d7fd23ee-5e01-43af-aa8b-62cacd22bd63 &amp#27;[39m&amp#27;[32m200&amp#27;[39m &amp#27;[90m18 ms - 858&amp#27;[39m
&amp#27;[35m[HTTP]&amp#27;[39m &amp#27;[90m&amp#27;[39m
&amp#27;[35m[HTTP]&amp#27;[39m &amp#27;[37m-->&amp#27;[39m &amp#27;[37mPOST&amp#27;[39m &amp#27;[37m/wd/hub/session/d7fd23ee-5e01-43af-aa8b-62cacd22bd63/element&amp#27;[39m
&amp#27;[35m[HTTP]&amp#27;[39m &amp#27;[90m{"using":"xpath","value":"//android.widget.TextView[@content-desc=\"Pick Contact\"]"}&amp#27;[39m
[debug] &amp#27;[35m[W3C (d7fd23ee)]&amp#27;[39m Calling AppiumDriver.findElement() with args: ["xpath","//android.widget.TextView[@content-desc=\"Pick Contact\"]","d7fd23ee-5e01-43af-aa8b-62cacd22bd63"]
[debug] &amp#27;[35m[BaseDriver]&amp#27;[39m Valid locator strategies for this request: xpath, id, class name, accessibility id, css selector, -android uiautomator
[debug] &amp#27;[35m[BaseDriver]&amp#27;[39m Waiting up to 10000 ms for condition
[debug] &amp#27;[35m[WD Proxy]&amp#27;[39m Matched '/element' to command name 'findElement'
[debug] &amp#27;[35m[WD Proxy]&amp#27;[39m Proxying [POST /element] to [POST http://127.0.0.1:8202/wd/hub/session/c2598b17-ebe0-4dc1-9a53-10b4c20a031d/element] with body: {"strategy":"xpath","selector":"//android.widget.TextView[@content-desc=\"Pick Contact\"]","context":"","multiple":false}
[debug] &amp#27;[35m[WD Proxy]&amp#27;[39m Got response with status 200: {"sessionId":"c2598b17-ebe0-4dc1-9a53-10b4c20a031d","value":{"ELEMENT":"3b0396f8-1e8e-4f7f-8bfa-a9c0a3e377ab","element-6066-11e4-a52e-4f735466cecf":"3b0396f8-1e8e-4f7f-8bfa-a9c0a3e377ab"}}
[debug] &amp#27;[35m[W3C (d7fd23ee)]&amp#27;[39m Responding to client with driver.findElement() result: {"element-6066-11e4-a52e-4f735466cecf":"3b0396f8-1e8e-4f7f-8bfa-a9c0a3e377ab","ELEMENT":"3b0396f8-1e8e-4f7f-8bfa-a9c0a3e377ab"}
&amp#27;[35m[HTTP]&amp#27;[39m &amp#27;[37m<-- POST /wd/hub/session/d7fd23ee-5e01-43af-aa8b-62cacd22bd63/element &amp#27;[39m&amp#27;[32m200&amp#27;[39m &amp#27;[90m57 ms - 137&amp#27;[39m
&amp#27;[35m[HTTP]&amp#27;[39m &amp#27;[90m&amp#27;[39m
&amp#27;[35m[HTTP]&amp#27;[39m &amp#27;[37m-->&amp#27;[39m &amp#27;[37mPOST&amp#27;[39m &amp#27;[37m/wd/hub/session/d7fd23ee-5e01-43af-aa8b-62cacd22bd63/element/3b0396f8-1e8e-4f7f-8bfa-a9c0a3e377ab/click&amp#27;[39m
&amp#27;[35m[HTTP]&amp#27;[39m &amp#27;[90m{"id":"3b0396f8-1e8e-4f7f-8bfa-a9c0a3e377ab"}&amp#27;[39m
[debug] &amp#27;[35m[W3C (d7fd23ee)]&amp#27;[39m Calling AppiumDriver.click() with args: ["3b0396f8-1e8e-4f7f-8bfa-a9c0a3e377ab","d7fd23ee-5e01-43af-aa8b-62cacd22bd63"]
[debug] &amp#27;[35m[WD Proxy]&amp#27;[39m Matched '/element/3b0396f8-1e8e-4f7f-8bfa-a9c0a3e377ab/click' to command name 'click'
[debug] &amp#27;[35m[WD Proxy]&amp#27;[39m Proxying [POST /element/3b0396f8-1e8e-4f7f-8bfa-a9c0a3e377ab/click] to [POST http://127.0.0.1:8202/wd/hub/session/c2598b17-ebe0-4dc1-9a53-10b4c20a031d/element/3b0396f8-1e8e-4f7f-8bfa-a9c0a3e377ab/click] with body: {"element":"3b0396f8-1e8e-4f7f-8bfa-a9c0a3e377ab"}
[debug] &amp#27;[35m[WD Proxy]&amp#27;[39m Got response with status 200: {"sessionId":"c2598b17-ebe0-4dc1-9a53-10b4c20a031d","value":null}
[debug] &amp#27;[35m[W3C (d7fd23ee)]&amp#27;[39m Responding to client with driver.click() result: null
&amp#27;[35m[HTTP]&amp#27;[39m &amp#27;[37m<-- POST /wd/hub/session/d7fd23ee-5e01-43af-aa8b-62cacd22bd63/element/3b0396f8-1e8e-4f7f-8bfa-a9c0a3e377ab/click &amp#27;[39m&amp#27;[32m200&amp#27;[39m &amp#27;[90m27 ms - 14&amp#27;[39m
&amp#27;[35m[HTTP]&amp#27;[39m &amp#27;[90m&amp#27;[39m
&amp#27;[35m[HTTP]&amp#27;[39m &amp#27;[37m-->&amp#27;[39m &amp#27;[37mGET&amp#27;[39m &amp#27;[37m/wd/hub/session/d7fd23ee-5e01-43af-aa8b-62cacd22bd63&amp#27;[39m
&amp#27;[35m[HTTP]&amp#27;[39m &amp#27;[90m{}&amp#27;[39m
[debug] &amp#27;[35m[W3C (d7fd23ee)]&amp#27;[39m Calling AppiumDriver.getSession() with args: ["d7fd23ee-5e01-43af-aa8b-62cacd22bd63"]
[debug] &amp#27;[35m[UiAutomator2]&amp#27;[39m Getting session details from server to mix in
[debug] &amp#27;[35m[WD Proxy]&amp#27;[39m Matched '/' to command name 'getSession'
[debug] &amp#27;[35m[WD Proxy]&amp#27;[39m Proxying [GET /] to [GET http://127.0.0.1:8202/wd/hub/session/c2598b17-ebe0-4dc1-9a53-10b4c20a031d] with no body
[debug] &amp#27;[35m[WD Proxy]&amp#27;[39m Got response with status 200: {"sessionId":"c2598b17-ebe0-4dc1-9a53-10b4c20a031d","value":{"lastScrollData":null}}
[debug] &amp#27;[35m[W3C (d7fd23ee)]&amp#27;[39m Responding to client with driver.getSession() result: {"platform":"LINUX","webStorageEnabled":false,"takesScreenshot":true,"javascriptEnabled":true,"databaseEnabled":false,"networkConnectionEnabled":true,"locationContextEnabled":false,"warnings":{},"desired":{"platformName":"android","app":"C:\\Users\\Anis\\eclipse-workspace\\Appium\\src\\ApiDemos-debug.apk","deviceName":"Redmi","newCommandTimeout":14},"platformName":"android","app":"C:\\Users\\Anis\\eclipse-workspace\\Appium\\src\\ApiDemos-debug.apk","deviceName":"55272e729804","newCommandTimeout":14,"deviceUDID":"55272e729804","appPackage":"io.appium.android.apis","deviceApiLevel":24,"platformVersion":"7.0","deviceScreenSize":"1080x1920","deviceScreenDensity":480,"deviceModel":"Redmi Note 4","deviceManufacturer":"Xiaomi","pixelRatio":3,"statBarHeight":72,"viewportRect":{"left":0,"top":72,"width":1080,"height":1848},"lastScrollData":null}
&amp#27;[35m[HTTP]&amp#27;[39m &amp#27;[37m<-- GET /wd/hub/session/d7fd23ee-5e01-43af-aa8b-62cacd22bd63 &amp#27;[39m&amp#27;[32m200&amp#27;[39m &amp#27;[90m10 ms - 858&amp#27;[39m
&amp#27;[35m[HTTP]&amp#27;[39m &amp#27;[90m&amp#27;[39m
&amp#27;[35m[HTTP]&amp#27;[39m &amp#27;[37m-->&amp#27;[39m &amp#27;[37mPOST&amp#27;[39m &amp#27;[37m/wd/hub/session/d7fd23ee-5e01-43af-aa8b-62cacd22bd63/element&amp#27;[39m
&amp#27;[35m[HTTP]&amp#27;[39m &amp#27;[90m{"using":"id","value":"io.appium.android.apis:id/pick_contact"}&amp#27;[39m
[debug] &amp#27;[35m[W3C (d7fd23ee)]&amp#27;[39m Calling AppiumDriver.findElement() with args: ["id","io.appium.android.apis:id/pick_contact","d7fd23ee-5e01-43af-aa8b-62cacd22bd63"]
[debug] &amp#27;[35m[BaseDriver]&amp#27;[39m Valid locator strategies for this request: xpath, id, class name, accessibility id, css selector, -android uiautomator
[debug] &amp#27;[35m[BaseDriver]&amp#27;[39m Waiting up to 10000 ms for condition
[debug] &amp#27;[35m[WD Proxy]&amp#27;[39m Matched '/element' to command name 'findElement'
[debug] &amp#27;[35m[WD Proxy]&amp#27;[39m Proxying [POST /element] to [POST http://127.0.0.1:8202/wd/hub/session/c2598b17-ebe0-4dc1-9a53-10b4c20a031d/element] with body: {"strategy":"id","selector":"io.appium.android.apis:id/pick_contact","context":"","multiple":false}
[debug] &amp#27;[35m[WD Proxy]&amp#27;[39m Got response with status 200: {"sessionId":"c2598b17-ebe0-4dc1-9a53-10b4c20a031d","value":{"ELEMENT":"29505981-24d6-492b-a5c4-44f140064f54","element-6066-11e4-a52e-4f735466cecf":"29505981-24d6-492b-a5c4-44f140064f54"}}
[debug] &amp#27;[35m[W3C (d7fd23ee)]&amp#27;[39m Responding to client with driver.findElement() result: {"element-6066-11e4-a52e-4f735466cecf":"29505981-24d6-492b-a5c4-44f140064f54","ELEMENT":"29505981-24d6-492b-a5c4-44f140064f54"}
&amp#27;[35m[HTTP]&amp#27;[39m &amp#27;[37m<-- POST /wd/hub/session/d7fd23ee-5e01-43af-aa8b-62cacd22bd63/element &amp#27;[39m&amp#27;[32m200&amp#27;[39m &amp#27;[90m1262 ms - 137&amp#27;[39m
&amp#27;[35m[HTTP]&amp#27;[39m &amp#27;[90m&amp#27;[39m
&amp#27;[35m[HTTP]&amp#27;[39m &amp#27;[37m-->&amp#27;[39m &amp#27;[37mPOST&amp#27;[39m &amp#27;[37m/wd/hub/session/d7fd23ee-5e01-43af-aa8b-62cacd22bd63/element/29505981-24d6-492b-a5c4-44f140064f54/click&amp#27;[39m
&amp#27;[35m[HTTP]&amp#27;[39m &amp#27;[90m{"id":"29505981-24d6-492b-a5c4-44f140064f54"}&amp#27;[39m
[debug] &amp#27;[35m[W3C (d7fd23ee)]&amp#27;[39m Calling AppiumDriver.click() with args: ["29505981-24d6-492b-a5c4-44f140064f54","d7fd23ee-5e01-43af-aa8b-62cacd22bd63"]
[debug] &amp#27;[35m[WD Proxy]&amp#27;[39m Matched '/element/29505981-24d6-492b-a5c4-44f140064f54/click' to command name 'click'
[debug] &amp#27;[35m[WD Proxy]&amp#27;[39m Proxying [POST /element/29505981-24d6-492b-a5c4-44f140064f54/click] to [POST http://127.0.0.1:8202/wd/hub/session/c2598b17-ebe0-4dc1-9a53-10b4c20a031d/element/29505981-24d6-492b-a5c4-44f140064f54/click] with body: {"element":"29505981-24d6-492b-a5c4-44f140064f54"}
[debug] &amp#27;[35m[WD Proxy]&amp#27;[39m Got response with status 200: {"sessionId":"c2598b17-ebe0-4dc1-9a53-10b4c20a031d","value":null}
[debug] &amp#27;[35m[W3C (d7fd23ee)]&amp#27;[39m Responding to client with driver.click() result: null
&amp#27;[35m[HTTP]&amp#27;[39m &amp#27;[37m<-- POST /wd/hub/session/d7fd23ee-5e01-43af-aa8b-62cacd22bd63/element/29505981-24d6-492b-a5c4-44f140064f54/click &amp#27;[39m&amp#27;[32m200&amp#27;[39m &amp#27;[90m37 ms - 14&amp#27;[39m
&amp#27;[35m[HTTP]&amp#27;[39m &amp#27;[90m&amp#27;[39m
&amp#27;[35m[HTTP]&amp#27;[39m &amp#27;[37m-->&amp#27;[39m &amp#27;[37mGET&amp#27;[39m &amp#27;[37m/wd/hub/session/d7fd23ee-5e01-43af-aa8b-62cacd22bd63&amp#27;[39m
&amp#27;[35m[HTTP]&amp#27;[39m &amp#27;[90m{}&amp#27;[39m
[debug] &amp#27;[35m[W3C (d7fd23ee)]&amp#27;[39m Calling AppiumDriver.getSession() with args: ["d7fd23ee-5e01-43af-aa8b-62cacd22bd63"]
[debug] &amp#27;[35m[UiAutomator2]&amp#27;[39m Getting session details from server to mix in
[debug] &amp#27;[35m[WD Proxy]&amp#27;[39m Matched '/' to command name 'getSession'
[debug] &amp#27;[35m[WD Proxy]&amp#27;[39m Proxying [GET /] to [GET http://127.0.0.1:8202/wd/hub/session/c2598b17-ebe0-4dc1-9a53-10b4c20a031d] with no body
[debug] &amp#27;[35m[WD Proxy]&amp#27;[39m Got response with status 200: {"sessionId":"c2598b17-ebe0-4dc1-9a53-10b4c20a031d","value":{"lastScrollData":null}}
[debug] &amp#27;[35m[W3C (d7fd23ee)]&amp#27;[39m Responding to client with driver.getSession() result: {"platform":"LINUX","webStorageEnabled":false,"takesScreenshot":true,"javascriptEnabled":true,"databaseEnabled":false,"networkConnectionEnabled":true,"locationContextEnabled":false,"warnings":{},"desired":{"platformName":"android","app":"C:\\Users\\Anis\\eclipse-workspace\\Appium\\src\\ApiDemos-debug.apk","deviceName":"Redmi","newCommandTimeout":14},"platformName":"android","app":"C:\\Users\\Anis\\eclipse-workspace\\Appium\\src\\ApiDemos-debug.apk","deviceName":"55272e729804","newCommandTimeout":14,"deviceUDID":"55272e729804","appPackage":"io.appium.android.apis","deviceApiLevel":24,"platformVersion":"7.0","deviceScreenSize":"1080x1920","deviceScreenDensity":480,"deviceModel":"Redmi Note 4","deviceManufacturer":"Xiaomi","pixelRatio":3,"statBarHeight":72,"viewportRect":{"left":0,"top":72,"width":1080,"height":1848},"lastScrollData":null}
&amp#27;[35m[HTTP]&amp#27;[39m &amp#27;[37m<-- GET /wd/hub/session/d7fd23ee-5e01-43af-aa8b-62cacd22bd63 &amp#27;[39m&amp#27;[32m200&amp#27;[39m &amp#27;[90m14 ms - 858&amp#27;[39m
&amp#27;[35m[HTTP]&amp#27;[39m &amp#27;[90m&amp#27;[39m
&amp#27;[35m[HTTP]&amp#27;[39m &amp#27;[37m-->&amp#27;[39m &amp#27;[37mPOST&amp#27;[39m &amp#27;[37m/wd/hub/session/d7fd23ee-5e01-43af-aa8b-62cacd22bd63/element&amp#27;[39m
&amp#27;[35m[HTTP]&amp#27;[39m &amp#27;[90m{"using":"xpath","value":"//*[contains(@text,'Choose a contact')]"}&amp#27;[39m
[debug] &amp#27;[35m[W3C (d7fd23ee)]&amp#27;[39m Calling AppiumDriver.findElement() with args: ["xpath","//*[contains(@text,'Choose a contact')]","d7fd23ee-5e01-43af-aa8b-62cacd22bd63"]
[debug] &amp#27;[35m[BaseDriver]&amp#27;[39m Valid locator strategies for this request: xpath, id, class name, accessibility id, css selector, -android uiautomator
[debug] &amp#27;[35m[BaseDriver]&amp#27;[39m Waiting up to 10000 ms for condition
[debug] &amp#27;[35m[WD Proxy]&amp#27;[39m Matched '/element' to command name 'findElement'
[debug] &amp#27;[35m[WD Proxy]&amp#27;[39m Proxying [POST /element] to [POST http://127.0.0.1:8202/wd/hub/session/c2598b17-ebe0-4dc1-9a53-10b4c20a031d/element] with body: {"strategy":"xpath","selector":"//*[contains(@text,'Choose a contact')]","context":"","multiple":false}
&amp#27;[35m[WD Proxy]&amp#27;[39m Got response with status 404: {"sessionId":"c2598b17-ebe0-4dc1-9a53-10b4c20a031d","value":{"error":"no such element","message":"An element could not be located on the page using the given search parameters","stacktrace":"io.appium.uiautomator2.common.exceptions.ElementNotFoundException: An element could not be located on the page using the given search parameters\n\tat io.appium.uiautomator2.handler.FindElement.findElement(FindElement.java:89)\n\tat io.appium.uiautomator2.handler.FindElement.safeHandle(FindElement.java:66)\n\tat io.appium.uiautomator2.handler.request.SafeRequestHandler.handle(SafeRequestHandler.java:41)\n\tat io.appium.uiautomator2.server.AppiumServlet.handleRequest(AppiumServlet.java:262)\n\tat io.appium.uiautomator2.server.AppiumServlet.handleHttpRequest(AppiumServlet.java:256)\n\tat io.appium.uiautomator2.http.ServerHandler.channelRead(ServerHandler.java:68)\n\tat io.netty.channel.AbstractChannelHandlerContext.invokeChannelRead(AbstractChannelHandlerContext.java:366)\n\tat io.netty.channel.AbstractChannelHandlerCont...
[debug] &amp#27;[35m[W3C]&amp#27;[39m Matched W3C error code 'no such element' to NoSuchElementError
[debug] &amp#27;[35m[BaseDriver]&amp#27;[39m Waited for 108 ms so far
[debug] &amp#27;[35m[WD Proxy]&amp#27;[39m Matched '/element' to command name 'findElement'
[debug] &amp#27;[35m[WD Proxy]&amp#27;[39m Proxying [POST /element] to [POST http://127.0.0.1:8202/wd/hub/session/c2598b17-ebe0-4dc1-9a53-10b4c20a031d/element] with body: {"strategy":"xpath","selector":"//*[contains(@text,'Choose a contact')]","context":"","multiple":false}
[debug] &amp#27;[35m[WD Proxy]&amp#27;[39m Got response with status 200: {"sessionId":"c2598b17-ebe0-4dc1-9a53-10b4c20a031d","value":{"ELEMENT":"71e77db3-b6f9-4317-a6bb-672cb82f534b","element-6066-11e4-a52e-4f735466cecf":"71e77db3-b6f9-4317-a6bb-672cb82f534b"}}
[debug] &amp#27;[35m[W3C (d7fd23ee)]&amp#27;[39m Responding to client with driver.findElement() result: {"element-6066-11e4-a52e-4f735466cecf":"71e77db3-b6f9-4317-a6bb-672cb82f534b","ELEMENT":"71e77db3-b6f9-4317-a6bb-672cb82f534b"}
&amp#27;[35m[HTTP]&amp#27;[39m &amp#27;[37m<-- POST /wd/hub/session/d7fd23ee-5e01-43af-aa8b-62cacd22bd63/element &amp#27;[39m&amp#27;[32m200&amp#27;[39m &amp#27;[90m2594 ms - 137&amp#27;[39m
&amp#27;[35m[HTTP]&amp#27;[39m &amp#27;[90m&amp#27;[39m
&amp#27;[35m[HTTP]&amp#27;[39m &amp#27;[37m-->&amp#27;[39m &amp#27;[37mPOST&amp#27;[39m &amp#27;[37m/wd/hub/session/d7fd23ee-5e01-43af-aa8b-62cacd22bd63/element/71e77db3-b6f9-4317-a6bb-672cb82f534b/click&amp#27;[39m
&amp#27;[35m[HTTP]&amp#27;[39m &amp#27;[90m{"id":"71e77db3-b6f9-4317-a6bb-672cb82f534b"}&amp#27;[39m
[debug] &amp#27;[35m[W3C (d7fd23ee)]&amp#27;[39m Calling AppiumDriver.click() with args: ["71e77db3-b6f9-4317-a6bb-672cb82f534b","d7fd23ee-5e01-43af-aa8b-62cacd22bd63"]
[debug] &amp#27;[35m[WD Proxy]&amp#27;[39m Matched '/element/71e77db3-b6f9-4317-a6bb-672cb82f534b/click' to command name 'click'
[debug] &amp#27;[35m[WD Proxy]&amp#27;[39m Proxying [POST /element/71e77db3-b6f9-4317-a6bb-672cb82f534b/click] to [POST http://127.0.0.1:8202/wd/hub/session/c2598b17-ebe0-4dc1-9a53-10b4c20a031d/element/71e77db3-b6f9-4317-a6bb-672cb82f534b/click] with body: {"element":"71e77db3-b6f9-4317-a6bb-672cb82f534b"}
[debug] &amp#27;[35m[WD Proxy]&amp#27;[39m Got response with status 200: {"sessionId":"c2598b17-ebe0-4dc1-9a53-10b4c20a031d","value":null}
[debug] &amp#27;[35m[W3C (d7fd23ee)]&amp#27;[39m Responding to client with driver.click() result: null
&amp#27;[35m[HTTP]&amp#27;[39m &amp#27;[37m<-- POST /wd/hub/session/d7fd23ee-5e01-43af-aa8b-62cacd22bd63/element/71e77db3-b6f9-4317-a6bb-672cb82f534b/click &amp#27;[39m&amp#27;[32m200&amp#27;[39m &amp#27;[90m1317 ms - 14&amp#27;[39m
&amp#27;[35m[HTTP]&amp#27;[39m &amp#27;[90m&amp#27;[39m
&amp#27;[35m[HTTP]&amp#27;[39m &amp#27;[37m-->&amp#27;[39m &amp#27;[37mGET&amp#27;[39m &amp#27;[37m/wd/hub/session/d7fd23ee-5e01-43af-aa8b-62cacd22bd63&amp#27;[39m
&amp#27;[35m[HTTP]&amp#27;[39m &amp#27;[90m{}&amp#27;[39m
[debug] &amp#27;[35m[W3C (d7fd23ee)]&amp#27;[39m Calling AppiumDriver.getSession() with args: ["d7fd23ee-5e01-43af-aa8b-62cacd22bd63"]
[debug] &amp#27;[35m[UiAutomator2]&amp#27;[39m Getting session details from server to mix in
[debug] &amp#27;[35m[WD Proxy]&amp#27;[39m Matched '/' to command name 'getSession'
[debug] &amp#27;[35m[WD Proxy]&amp#27;[39m Proxying [GET /] to [GET http://127.0.0.1:8202/wd/hub/session/c2598b17-ebe0-4dc1-9a53-10b4c20a031d] with no body
[debug] &amp#27;[35m[WD Proxy]&amp#27;[39m Got response with status 200: {"sessionId":"c2598b17-ebe0-4dc1-9a53-10b4c20a031d","value":{"lastScrollData":null}}
[debug] &amp#27;[35m[W3C (d7fd23ee)]&amp#27;[39m Responding to client with driver.getSession() result: {"platform":"LINUX","webStorageEnabled":false,"takesScreenshot":true,"javascriptEnabled":true,"databaseEnabled":false,"networkConnectionEnabled":true,"locationContextEnabled":false,"warnings":{},"desired":{"platformName":"android","app":"C:\\Users\\Anis\\eclipse-workspace\\Appium\\src\\ApiDemos-debug.apk","deviceName":"Redmi","newCommandTimeout":14},"platformName":"android","app":"C:\\Users\\Anis\\eclipse-workspace\\Appium\\src\\ApiDemos-debug.apk","deviceName":"55272e729804","newCommandTimeout":14,"deviceUDID":"55272e729804","appPackage":"io.appium.android.apis","deviceApiLevel":24,"platformVersion":"7.0","deviceScreenSize":"1080x1920","deviceScreenDensity":480,"deviceModel":"Redmi Note 4","deviceManufacturer":"Xiaomi","pixelRatio":3,"statBarHeight":72,"viewportRect":{"left":0,"top":72,"width":1080,"height":1848},"lastScrollData":null}
&amp#27;[35m[HTTP]&amp#27;[39m &amp#27;[37m<-- GET /wd/hub/session/d7fd23ee-5e01-43af-aa8b-62cacd22bd63 &amp#27;[39m&amp#27;[32m200&amp#27;[39m &amp#27;[90m50 ms - 858&amp#27;[39m
&amp#27;[35m[HTTP]&amp#27;[39m &amp#27;[90m&amp#27;[39m
&amp#27;[35m[HTTP]&amp#27;[39m &amp#27;[37m-->&amp#27;[39m &amp#27;[37mGET&amp#27;[39m &amp#27;[37m/wd/hub/session/d7fd23ee-5e01-43af-aa8b-62cacd22bd63&amp#27;[39m
&amp#27;[35m[HTTP]&amp#27;[39m &amp#27;[90m{}&amp#27;[39m
[debug] &amp#27;[35m[W3C (d7fd23ee)]&amp#27;[39m Calling AppiumDriver.getSession() with args: ["d7fd23ee-5e01-43af-aa8b-62cacd22bd63"]
[debug] &amp#27;[35m[UiAutomator2]&amp#27;[39m Getting session details from server to mix in
[debug] &amp#27;[35m[WD Proxy]&amp#27;[39m Matched '/' to command name 'getSession'
[debug] &amp#27;[35m[WD Proxy]&amp#27;[39m Proxying [GET /] to [GET http://127.0.0.1:8202/wd/hub/session/c2598b17-ebe0-4dc1-9a53-10b4c20a031d] with no body
[debug] &amp#27;[35m[WD Proxy]&amp#27;[39m Got response with status 200: {"sessionId":"c2598b17-ebe0-4dc1-9a53-10b4c20a031d","value":{"lastScrollData":null}}
[debug] &amp#27;[35m[W3C (d7fd23ee)]&amp#27;[39m Responding to client with driver.getSession() result: {"platform":"LINUX","webStorageEnabled":false,"takesScreenshot":true,"javascriptEnabled":true,"databaseEnabled":false,"networkConnectionEnabled":true,"locationContextEnabled":false,"warnings":{},"desired":{"platformName":"android","app":"C:\\Users\\Anis\\eclipse-workspace\\Appium\\src\\ApiDemos-debug.apk","deviceName":"Redmi","newCommandTimeout":14},"platformName":"android","app":"C:\\Users\\Anis\\eclipse-workspace\\Appium\\src\\ApiDemos-debug.apk","deviceName":"55272e729804","newCommandTimeout":14,"deviceUDID":"55272e729804","appPackage":"io.appium.android.apis","deviceApiLevel":24,"platformVersion":"7.0","deviceScreenSize":"1080x1920","deviceScreenDensity":480,"deviceModel":"Redmi Note 4","deviceManufacturer":"Xiaomi","pixelRatio":3,"statBarHeight":72,"viewportRect":{"left":0,"top":72,"width":1080,"height":1848},"lastScrollData":null}
&amp#27;[35m[HTTP]&amp#27;[39m &amp#27;[37m<-- GET /wd/hub/session/d7fd23ee-5e01-43af-aa8b-62cacd22bd63 &amp#27;[39m&amp#27;[32m200&amp#27;[39m &amp#27;[90m11 ms - 858&amp#27;[39m
&amp#27;[35m[HTTP]&amp#27;[39m &amp#27;[90m&amp#27;[39m
&amp#27;[35m[HTTP]&amp#27;[39m &amp#27;[37m-->&amp#27;[39m &amp#27;[37mPOST&amp#27;[39m &amp#27;[37m/wd/hub/session/d7fd23ee-5e01-43af-aa8b-62cacd22bd63/element&amp#27;[39m
&amp#27;[35m[HTTP]&amp#27;[39m &amp#27;[90m{"using":"-android uiautomator","value":"new UiScrollable(new UiSelector()).scrollIntoView(text(\"AppSierra\"));"}&amp#27;[39m
[debug] &amp#27;[35m[W3C (d7fd23ee)]&amp#27;[39m Calling AppiumDriver.findElement() with args: ["-android uiautomator","new UiScrollable(new UiSelector()).scrollIntoView(text(\"AppSierra\"));","d7fd23ee-5e01-43af-aa8b-62cacd22bd63"]
[debug] &amp#27;[35m[BaseDriver]&amp#27;[39m Valid locator strategies for this request: xpath, id, class name, accessibility id, css selector, -android uiautomator
[debug] &amp#27;[35m[BaseDriver]&amp#27;[39m Waiting up to 10000 ms for condition
[debug] &amp#27;[35m[WD Proxy]&amp#27;[39m Matched '/element' to command name 'findElement'
[debug] &amp#27;[35m[WD Proxy]&amp#27;[39m Proxying [POST /element] to [POST http://127.0.0.1:8202/wd/hub/session/c2598b17-ebe0-4dc1-9a53-10b4c20a031d/element] with body: {"strategy":"-android uiautomator","selector":"new UiScrollable(new UiSelector()).scrollIntoView(text(\"AppSierra\"));","context":"","multiple":false}
[debug] &amp#27;[35m[WD Proxy]&amp#27;[39m Got response with status 200: {"sessionId":"c2598b17-ebe0-4dc1-9a53-10b4c20a031d","value":{"ELEMENT":"4e81a4a8-254e-4748-8645-0270014b208c","element-6066-11e4-a52e-4f735466cecf":"4e81a4a8-254e-4748-8645-0270014b208c"}}
[debug] &amp#27;[35m[W3C (d7fd23ee)]&amp#27;[39m Responding to client with driver.findElement() result: {"element-6066-11e4-a52e-4f735466cecf":"4e81a4a8-254e-4748-8645-0270014b208c","ELEMENT":"4e81a4a8-254e-4748-8645-0270014b208c"}
&amp#27;[35m[HTTP]&amp#27;[39m &amp#27;[37m<-- POST /wd/hub/session/d7fd23ee-5e01-43af-aa8b-62cacd22bd63/element &amp#27;[39m&amp#27;[32m200&amp#27;[39m &amp#27;[90m30098 ms - 137&amp#27;[39m
&amp#27;[35m[HTTP]&amp#27;[39m &amp#27;[90m&amp#27;[39m
]]></system-out>
    <system-err><![CDATA[Jun 15, 2021 11:13:03 AM io.appium.java_client.remote.AppiumCommandExecutor$1 lambda$0
INFO: Detected dialect: W3C
]]></system-err>
  </testcase>
  <testcase name="osTest" classname="ApiDemoTest" time="6.058">
    <system-out><![CDATA[&amp#27;[35m[Appium]&amp#27;[39m Welcome to Appium v1.21.0
&amp#27;[35m[Appium]&amp#27;[39m Appium REST http interface listener started on 0.0.0.0:4723
&amp#27;[35m[HTTP]&amp#27;[39m &amp#27;[37m-->&amp#27;[39m &amp#27;[37mGET&amp#27;[39m &amp#27;[37m/wd/hub/status&amp#27;[39m
&amp#27;[35m[HTTP]&amp#27;[39m &amp#27;[90m{}&amp#27;[39m
[debug] &amp#27;[35m[GENERIC]&amp#27;[39m Calling AppiumDriver.getStatus() with args: []
[debug] &amp#27;[35m[GENERIC]&amp#27;[39m Responding to client with driver.getStatus() result: {"build":{"version":"1.21.0"}}
&amp#27;[35m[HTTP]&amp#27;[39m &amp#27;[37m<-- GET /wd/hub/status &amp#27;[39m&amp#27;[32m200&amp#27;[39m &amp#27;[90m8 ms - 68&amp#27;[39m
&amp#27;[35m[HTTP]&amp#27;[39m &amp#27;[90m&amp#27;[39m
&amp#27;[35m[HTTP]&amp#27;[39m &amp#27;[37m-->&amp#27;[39m &amp#27;[37mPOST&amp#27;[39m &amp#27;[37m/wd/hub/session&amp#27;[39m
&amp#27;[35m[HTTP]&amp#27;[39m &amp#27;[90m{"desiredCapabilities":{"app":"C:\\Users\\Anis\\eclipse-workspace\\Appium\\src\\ApiDemos-debug.apk","platformName":"Android","deviceName":"Redmi","newCommandTimeout":14},"capabilities":{"firstMatch":[{"appium:app":"C:\\Users\\Anis\\eclipse-workspace\\Appium\\src\\ApiDemos-debug.apk","appium:deviceName":"Redmi","appium:newCommandTimeout":14,"platformName":"android"}]}}&amp#27;[39m
[debug] &amp#27;[35m[W3C]&amp#27;[39m Calling AppiumDriver.createSession() with args: [{"app":"C:\\Users\\Anis\\eclipse-workspace\\Appium\\src\\ApiDemos-debug.apk","platformName":"Android","deviceName":"Redmi","newCommandTimeout":14},null,{"firstMatch":[{"appium:app":"C:\\Users\\Anis\\eclipse-workspace\\Appium\\src\\ApiDemos-debug.apk","appium:deviceName":"Redmi","appium:newCommandTimeout":14,"platformName":"android"}]}]
[debug] &amp#27;[35m[BaseDriver]&amp#27;[39m Event 'newSessionRequested' logged at 1623735849695 (11:14:09 GMT+0530 (India Standard Time))
&amp#27;[35m[Appium]&amp#27;[39m 
&amp#27;[35m[Appium]&amp#27;[39m ======================================================================
&amp#27;[35m[Appium]&amp#27;[39m   DEPRECATION WARNING:
&amp#27;[35m[Appium]&amp#27;[39m 
&amp#27;[35m[Appium]&amp#27;[39m   The 'automationName' capability was not provided in the desired 
&amp#27;[35m[Appium]&amp#27;[39m   capabilities for this Android session
&amp#27;[35m[Appium]&amp#27;[39m 
&amp#27;[35m[Appium]&amp#27;[39m   Setting 'automationName=UiAutomator2' by default and using the 
&amp#27;[35m[Appium]&amp#27;[39m   UiAutomator2 Driver
&amp#27;[35m[Appium]&amp#27;[39m 
&amp#27;[35m[Appium]&amp#27;[39m   The next major version of Appium (2.x) will **require** the 
&amp#27;[35m[Appium]&amp#27;[39m   'automationName' capability to be set for all sessions on all 
&amp#27;[35m[Appium]&amp#27;[39m   platforms
&amp#27;[35m[Appium]&amp#27;[39m 
&amp#27;[35m[Appium]&amp#27;[39m   In previous versions (Appium <= 1.13.x), the default was 
&amp#27;[35m[Appium]&amp#27;[39m   'automationName=UiAutomator1'
&amp#27;[35m[Appium]&amp#27;[39m 
&amp#27;[35m[Appium]&amp#27;[39m   If you wish to use that automation instead of UiAutomator2, please 
&amp#27;[35m[Appium]&amp#27;[39m   add 'automationName=UiAutomator1' to your desired capabilities
&amp#27;[35m[Appium]&amp#27;[39m 
&amp#27;[35m[Appium]&amp#27;[39m   For more information about drivers, please visit 
&amp#27;[35m[Appium]&amp#27;[39m   http://appium.io/docs/en/about-appium/intro/ and explore the 
&amp#27;[35m[Appium]&amp#27;[39m   'Drivers' menu
&amp#27;[35m[Appium]&amp#27;[39m 
&amp#27;[35m[Appium]&amp#27;[39m ======================================================================
&amp#27;[35m[Appium]&amp#27;[39m 
&amp#27;[35m[Appium]&amp#27;[39m Appium v1.21.0 creating new AndroidUiautomator2Driver (v1.65.0) session
[debug] &amp#27;[35m[BaseDriver]&amp#27;[39m W3C capabilities and MJSONWP desired capabilities were provided
[debug] &amp#27;[35m[BaseDriver]&amp#27;[39m Creating session with W3C capabilities: {
[debug] &amp#27;[35m[BaseDriver]&amp#27;[39m   "alwaysMatch": {
[debug] &amp#27;[35m[BaseDriver]&amp#27;[39m     "platformName": "android",
[debug] &amp#27;[35m[BaseDriver]&amp#27;[39m     "appium:app": "C:\\Users\\Anis\\eclipse-workspace\\Appium\\src\\ApiDemos-debug.apk",
[debug] &amp#27;[35m[BaseDriver]&amp#27;[39m     "appium:deviceName": "Redmi",
[debug] &amp#27;[35m[BaseDriver]&amp#27;[39m     "appium:newCommandTimeout": 14
[debug] &amp#27;[35m[BaseDriver]&amp#27;[39m   },
[debug] &amp#27;[35m[BaseDriver]&amp#27;[39m   "firstMatch": [
[debug] &amp#27;[35m[BaseDriver]&amp#27;[39m     {}
[debug] &amp#27;[35m[BaseDriver]&amp#27;[39m   ]
[debug] &amp#27;[35m[BaseDriver]&amp#27;[39m }
&amp#27;[35m[BaseDriver]&amp#27;[39m Session created with session id: ba6f669b-bab9-41ad-8d19-a5530950698e
&amp#27;[35m[BaseDriver]&amp#27;[39m Using local app 'C:\Users\Anis\eclipse-workspace\Appium\src\ApiDemos-debug.apk'
[debug] &amp#27;[35m[UiAutomator2]&amp#27;[39m Checking whether app is actually present
&amp#27;[35m[ADB]&amp#27;[39m Found 2 'build-tools' folders under 'C:\Users\Anis\AppData\Local\Android\Sdk' (newest first):
&amp#27;[35m[ADB]&amp#27;[39m     C:/Users/Anis/AppData/Local/Android/Sdk/build-tools/31.0.0-rc4
&amp#27;[35m[ADB]&amp#27;[39m     C:/Users/Anis/AppData/Local/Android/Sdk/build-tools/30.0.3
&amp#27;[35m[ADB]&amp#27;[39m Using 'adb.exe' from 'C:\Users\Anis\AppData\Local\Android\Sdk\platform-tools\adb.exe'
[debug] &amp#27;[35m[ADB]&amp#27;[39m Running 'C:\Users\Anis\AppData\Local\Android\Sdk\platform-tools\adb.exe -P 5037 start-server'
&amp#27;[35m[AndroidDriver]&amp#27;[39m Retrieving device list
[debug] &amp#27;[35m[ADB]&amp#27;[39m Trying to find a connected android device
[debug] &amp#27;[35m[ADB]&amp#27;[39m Getting connected devices
[debug] &amp#27;[35m[ADB]&amp#27;[39m Connected devices: [{"udid":"55272e729804","state":"device"}]
&amp#27;[35m[AndroidDriver]&amp#27;[39m Using device: 55272e729804
&amp#27;[35m[ADB]&amp#27;[39m Using 'adb.exe' from 'C:\Users\Anis\AppData\Local\Android\Sdk\platform-tools\adb.exe'
[debug] &amp#27;[35m[ADB]&amp#27;[39m Running 'C:\Users\Anis\AppData\Local\Android\Sdk\platform-tools\adb.exe -P 5037 start-server'
[debug] &amp#27;[35m[ADB]&amp#27;[39m Setting device id to 55272e729804
[debug] &amp#27;[35m[ADB]&amp#27;[39m Running 'C:\Users\Anis\AppData\Local\Android\Sdk\platform-tools\adb.exe -P 5037 -s 55272e729804 shell getprop ro.build.version.sdk'
[debug] &amp#27;[35m[ADB]&amp#27;[39m Current device property 'ro.build.version.sdk': 24
[debug] &amp#27;[35m[ADB]&amp#27;[39m Device API level: 24
[debug] &amp#27;[35m[AndroidDriver]&amp#27;[39m Parsing package and activity from app manifest
&amp#27;[35m[ADB]&amp#27;[39m Package name: 'io.appium.android.apis'
&amp#27;[35m[ADB]&amp#27;[39m Main activity name: 'ApiDemos'
[debug] &amp#27;[35m[AndroidDriver]&amp#27;[39m Parsed package and activity are: io.appium.android.apis/ApiDemos
[debug] &amp#27;[35m[ADB]&amp#27;[39m Running 'C:\Users\Anis\AppData\Local\Android\Sdk\platform-tools\adb.exe -P 5037 -s 55272e729804 wait-for-device'
[debug] &amp#27;[35m[ADB]&amp#27;[39m Running 'C:\Users\Anis\AppData\Local\Android\Sdk\platform-tools\adb.exe -P 5037 -s 55272e729804 shell echo ping'
[debug] &amp#27;[35m[AndroidDriver]&amp#27;[39m Pushing settings apk to device...
[debug] &amp#27;[35m[ADB]&amp#27;[39m Getting install status for io.appium.settings
[debug] &amp#27;[35m[ADB]&amp#27;[39m Running 'C:\Users\Anis\AppData\Local\Android\Sdk\platform-tools\adb.exe -P 5037 -s 55272e729804 shell dumpsys package io.appium.settings'
[debug] &amp#27;[35m[ADB]&amp#27;[39m 'io.appium.settings' is installed
[debug] &amp#27;[35m[ADB]&amp#27;[39m Getting package info for 'io.appium.settings'
[debug] &amp#27;[35m[ADB]&amp#27;[39m Running 'C:\Users\Anis\AppData\Local\Android\Sdk\platform-tools\adb.exe -P 5037 -s 55272e729804 shell dumpsys package io.appium.settings'
[debug] &amp#27;[35m[ADB]&amp#27;[39m The version name of the installed 'io.appium.settings' is greater or equal to the application version name ('3.3.0' >= '3.3.0')
[debug] &amp#27;[35m[ADB]&amp#27;[39m There is no need to install/upgrade 'C:\Users\Anis\AppData\Roaming\npm\node_modules\appium\node_modules\io.appium.settings\apks\settings_apk-debug.apk'
[debug] &amp#27;[35m[ADB]&amp#27;[39m Getting IDs of all 'io.appium.settings' processes
[debug] &amp#27;[35m[ADB]&amp#27;[39m Running 'C:\Users\Anis\AppData\Local\Android\Sdk\platform-tools\adb.exe -P 5037 -s 55272e729804 shell 'pgrep --help; echo $?''
[debug] &amp#27;[35m[ADB]&amp#27;[39m Running 'C:\Users\Anis\AppData\Local\Android\Sdk\platform-tools\adb.exe -P 5037 -s 55272e729804 shell 'pgrep ^appium\\.settings$ || pgrep ^io\\.appium\\.setti$''
[debug] &amp#27;[35m[ADB]&amp#27;[39m Getting IDs of all 'io.appium.settings' processes
[debug] &amp#27;[35m[ADB]&amp#27;[39m Running 'C:\Users\Anis\AppData\Local\Android\Sdk\platform-tools\adb.exe -P 5037 -s 55272e729804 shell 'pgrep ^appium\\.settings$ || pgrep ^io\\.appium\\.setti$''
[debug] &amp#27;[35m[ADB]&amp#27;[39m Starting Appium Settings app
[debug] &amp#27;[35m[ADB]&amp#27;[39m Running 'C:\Users\Anis\AppData\Local\Android\Sdk\platform-tools\adb.exe -P 5037 -s 55272e729804 shell am start -n io.appium.settings/.Settings -a android.intent.action.MAIN -c android.intent.category.LAUNCHER'
[debug] &amp#27;[35m[ADB]&amp#27;[39m Getting IDs of all 'io.appium.settings' processes
[debug] &amp#27;[35m[ADB]&amp#27;[39m Running 'C:\Users\Anis\AppData\Local\Android\Sdk\platform-tools\adb.exe -P 5037 -s 55272e729804 shell 'pgrep ^appium\\.settings$ || pgrep ^io\\.appium\\.setti$''
[debug] &amp#27;[35m[ADB]&amp#27;[39m Running 'C:\Users\Anis\AppData\Local\Android\Sdk\platform-tools\adb.exe -P 5037 -s 55272e729804 shell appops set io.appium.settings android:mock_location allow'
[debug] &amp#27;[35m[Logcat]&amp#27;[39m Starting logs capture with command: C:\\Users\\Anis\\AppData\\Local\\Android\\Sdk\\platform-tools\\adb.exe -P 5037 -s 55272e729804 logcat -v threadtime
[debug] &amp#27;[35m[UiAutomator2]&amp#27;[39m Forwarding UiAutomator2 Server port 6790 to local port 8203
[debug] &amp#27;[35m[ADB]&amp#27;[39m Forwarding system: 8203 to device: 6790
[debug] &amp#27;[35m[ADB]&amp#27;[39m Running 'C:\Users\Anis\AppData\Local\Android\Sdk\platform-tools\adb.exe -P 5037 -s 55272e729804 forward tcp:8203 tcp:6790'
[debug] &amp#27;[35m[ADB]&amp#27;[39m Getting install status for io.appium.uiautomator2.server
[debug] &amp#27;[35m[ADB]&amp#27;[39m Running 'C:\Users\Anis\AppData\Local\Android\Sdk\platform-tools\adb.exe -P 5037 -s 55272e729804 shell dumpsys package io.appium.uiautomator2.server'
[debug] &amp#27;[35m[ADB]&amp#27;[39m 'io.appium.uiautomator2.server' is installed
[debug] &amp#27;[35m[ADB]&amp#27;[39m Getting package info for 'io.appium.uiautomator2.server'
[debug] &amp#27;[35m[ADB]&amp#27;[39m Running 'C:\Users\Anis\AppData\Local\Android\Sdk\platform-tools\adb.exe -P 5037 -s 55272e729804 shell dumpsys package io.appium.uiautomator2.server'
[debug] &amp#27;[35m[ADB]&amp#27;[39m The version name of the installed 'io.appium.uiautomator2.server' is greater or equal to the application version name ('4.21.1' >= '4.21.1')
[debug] &amp#27;[35m[UiAutomator2]&amp#27;[39m io.appium.uiautomator2.server installation state: sameVersionInstalled
[debug] &amp#27;[35m[ADB]&amp#27;[39m Checking app cert for C:\Users\Anis\AppData\Roaming\npm\node_modules\appium\node_modules\appium-uiautomator2-server\apks\appium-uiautomator2-server-v4.21.1.apk
&amp#27;[35m[ADB]&amp#27;[39m Using 'apksigner.jar' from 'C:\Users\Anis\AppData\Local\Android\Sdk\build-tools\31.0.0-rc4\lib\apksigner.jar'
[debug] &amp#27;[35m[ADB]&amp#27;[39m Starting apksigner: 'C:\\Program Files\\Java\\jdk-11.0.11\\bin\\java.exe' -Xmx1024M -Xss1m -jar C:\\Users\\Anis\\AppData\\Local\\Android\\Sdk\\build-tools\\31.0.0-rc4\\lib\\apksigner.jar verify --print-certs C:\\Users\\Anis\\AppData\\Roaming\\npm\\node_modules\\appium\\node_modules\\appium-uiautomator2-server\\apks\\appium-uiautomator2-server-v4.21.1.apk
[debug] &amp#27;[35m[ADB]&amp#27;[39m apksigner stdout: Signer #1 certificate DN: EMAILADDRESS=android@android.com, CN=Android, OU=Android, O=Android, L=Mountain View, ST=California, C=US
[debug] &amp#27;[35m[ADB]&amp#27;[39m Signer #1 certificate SHA-256 digest: a40da80a59d170caa950cf15c18c454d47a39b26989d8b640ecd745ba71bf5dc
[debug] &amp#27;[35m[ADB]&amp#27;[39m Signer #1 certificate SHA-1 digest: 61ed377e85d386a8dfee6b864bd85b0bfaa5af81
[debug] &amp#27;[35m[ADB]&amp#27;[39m Signer #1 certificate MD5 digest: e89b158e4bcf988ebd09eb83f5378e87
[debug] &amp#27;[35m[ADB]&amp#27;[39m 
[debug] &amp#27;[35m[ADB]&amp#27;[39m sha256 hash did match for 'appium-uiautomator2-server-v4.21.1.apk'
&amp#27;[35m[ADB]&amp#27;[39m 'C:\Users\Anis\AppData\Roaming\npm\node_modules\appium\node_modules\appium-uiautomator2-server\apks\appium-uiautomator2-server-v4.21.1.apk' is signed with the default certificate
[debug] &amp#27;[35m[ADB]&amp#27;[39m Getting install status for io.appium.uiautomator2.server.test
[debug] &amp#27;[35m[ADB]&amp#27;[39m Running 'C:\Users\Anis\AppData\Local\Android\Sdk\platform-tools\adb.exe -P 5037 -s 55272e729804 shell dumpsys package io.appium.uiautomator2.server.test'
[debug] &amp#27;[35m[ADB]&amp#27;[39m 'io.appium.uiautomator2.server.test' is installed
[debug] &amp#27;[35m[ADB]&amp#27;[39m Checking app cert for C:\Users\Anis\AppData\Roaming\npm\node_modules\appium\node_modules\appium-uiautomator2-server\apks\appium-uiautomator2-server-debug-androidTest.apk
[debug] &amp#27;[35m[ADB]&amp#27;[39m Starting apksigner: 'C:\\Program Files\\Java\\jdk-11.0.11\\bin\\java.exe' -Xmx1024M -Xss1m -jar C:\\Users\\Anis\\AppData\\Local\\Android\\Sdk\\build-tools\\31.0.0-rc4\\lib\\apksigner.jar verify --print-certs C:\\Users\\Anis\\AppData\\Roaming\\npm\\node_modules\\appium\\node_modules\\appium-uiautomator2-server\\apks\\appium-uiautomator2-server-debug-androidTest.apk
[debug] &amp#27;[35m[ADB]&amp#27;[39m apksigner stdout: Signer #1 certificate DN: EMAILADDRESS=android@android.com, CN=Android, OU=Android, O=Android, L=Mountain View, ST=California, C=US
[debug] &amp#27;[35m[ADB]&amp#27;[39m Signer #1 certificate SHA-256 digest: a40da80a59d170caa950cf15c18c454d47a39b26989d8b640ecd745ba71bf5dc
[debug] &amp#27;[35m[ADB]&amp#27;[39m Signer #1 certificate SHA-1 digest: 61ed377e85d386a8dfee6b864bd85b0bfaa5af81
[debug] &amp#27;[35m[ADB]&amp#27;[39m Signer #1 certificate MD5 digest: e89b158e4bcf988ebd09eb83f5378e87
[debug] &amp#27;[35m[ADB]&amp#27;[39m 
[debug] &amp#27;[35m[ADB]&amp#27;[39m sha256 hash did match for 'appium-uiautomator2-server-debug-androidTest.apk'
&amp#27;[35m[ADB]&amp#27;[39m 'C:\Users\Anis\AppData\Roaming\npm\node_modules\appium\node_modules\appium-uiautomator2-server\apks\appium-uiautomator2-server-debug-androidTest.apk' is signed with the default certificate
&amp#27;[35m[UiAutomator2]&amp#27;[39m Server packages are not going to be (re)installed
[debug] &amp#27;[35m[UiAutomator2]&amp#27;[39m Waiting up to 30000ms for services to be available
[debug] &amp#27;[35m[ADB]&amp#27;[39m Running 'C:\Users\Anis\AppData\Local\Android\Sdk\platform-tools\adb.exe -P 5037 -s 55272e729804 shell pm list instrumentation'
[debug] &amp#27;[35m[UiAutomator2]&amp#27;[39m Instrumentation target 'io.appium.uiautomator2.server.test/androidx.test.runner.AndroidJUnitRunner' is available
&amp#27;[35m[ADB]&amp#27;[39m Adding packages ["io.appium.settings","io.appium.uiautomator2.server","io.appium.uiautomator2.server.test"] to Doze whitelist
[debug] &amp#27;[35m[ADB]&amp#27;[39m Got the following command chunks to execute: [["dumpsys","deviceidle","whitelist","+io.appium.settings",";","dumpsys","deviceidle","whitelist","+io.appium.uiautomator2.server",";","dumpsys","deviceidle","whitelist","+io.appium.uiautomator2.server.test",";"]]
[debug] &amp#27;[35m[ADB]&amp#27;[39m Running 'C:\Users\Anis\AppData\Local\Android\Sdk\platform-tools\adb.exe -P 5037 -s 55272e729804 shell dumpsys deviceidle whitelist +io.appium.settings ; dumpsys deviceidle whitelist +io.appium.uiautomator2.server ; dumpsys deviceidle whitelist +io.appium.uiautomator2.server.test ;'
[debug] &amp#27;[35m[ADB]&amp#27;[39m Checking app cert for C:\Users\Anis\eclipse-workspace\Appium\src\ApiDemos-debug.apk
[debug] &amp#27;[35m[ADB]&amp#27;[39m Starting apksigner: 'C:\\Program Files\\Java\\jdk-11.0.11\\bin\\java.exe' -Xmx1024M -Xss1m -jar C:\\Users\\Anis\\AppData\\Local\\Android\\Sdk\\build-tools\\31.0.0-rc4\\lib\\apksigner.jar verify --print-certs C:\\Users\\Anis\\eclipse-workspace\\Appium\\src\\ApiDemos-debug.apk
[debug] &amp#27;[35m[ADB]&amp#27;[39m apksigner stdout: Signer #1 certificate DN: EMAILADDRESS=android@android.com, CN=Android, OU=Android, O=Android, L=Mountain View, ST=California, C=US
[debug] &amp#27;[35m[ADB]&amp#27;[39m Signer #1 certificate SHA-256 digest: a40da80a59d170caa950cf15c18c454d47a39b26989d8b640ecd745ba71bf5dc
[debug] &amp#27;[35m[ADB]&amp#27;[39m Signer #1 certificate SHA-1 digest: 61ed377e85d386a8dfee6b864bd85b0bfaa5af81
[debug] &amp#27;[35m[ADB]&amp#27;[39m Signer #1 certificate MD5 digest: e89b158e4bcf988ebd09eb83f5378e87
[debug] &amp#27;[35m[ADB]&amp#27;[39m 
[debug] &amp#27;[35m[ADB]&amp#27;[39m sha256 hash did match for 'ApiDemos-debug.apk'
&amp#27;[35m[ADB]&amp#27;[39m 'C:\Users\Anis\eclipse-workspace\Appium\src\ApiDemos-debug.apk' is signed with the default certificate
[debug] &amp#27;[35m[ADB]&amp#27;[39m Getting install status for io.appium.android.apis
[debug] &amp#27;[35m[ADB]&amp#27;[39m Running 'C:\Users\Anis\AppData\Local\Android\Sdk\platform-tools\adb.exe -P 5037 -s 55272e729804 shell dumpsys package io.appium.android.apis'
[debug] &amp#27;[35m[ADB]&amp#27;[39m 'io.appium.android.apis' is installed
[debug] &amp#27;[35m[ADB]&amp#27;[39m Getting package info for 'io.appium.android.apis'
[debug] &amp#27;[35m[ADB]&amp#27;[39m Running 'C:\Users\Anis\AppData\Local\Android\Sdk\platform-tools\adb.exe -P 5037 -s 55272e729804 shell dumpsys package io.appium.android.apis'
&amp#27;[35m[ADB]&amp#27;[39m Cannot read version codes of 'C:\Users\Anis\eclipse-workspace\Appium\src\ApiDemos-debug.apk' and/or 'io.appium.android.apis'
&amp#27;[35m[ADB]&amp#27;[39m Cannot read version names of 'C:\Users\Anis\eclipse-workspace\Appium\src\ApiDemos-debug.apk' and/or 'io.appium.android.apis'
[debug] &amp#27;[35m[ADB]&amp#27;[39m The current install state of 'C:\Users\Anis\eclipse-workspace\Appium\src\ApiDemos-debug.apk' is unknown. Installing anyway
[debug] &amp#27;[35m[ADB]&amp#27;[39m Running 'C:\Users\Anis\AppData\Local\Android\Sdk\platform-tools\adb.exe -P 5037 -s 55272e729804 help'
[debug] &amp#27;[35m[ADB]&amp#27;[39m Running 'C:\Users\Anis\AppData\Local\Android\Sdk\platform-tools\adb.exe -P 5037 -s 55272e729804 features'
&amp#27;[35m[ADB]&amp#27;[39m The application at 'C:\Users\Anis\eclipse-workspace\Appium\src\ApiDemos-debug.apk' will not be cached, because the device under test has confirmed the support of streamed installs
[debug] &amp#27;[35m[ADB]&amp#27;[39m Running 'C:\Users\Anis\AppData\Local\Android\Sdk\platform-tools\adb.exe -P 5037 -s 55272e729804 install -r C:\Users\Anis\eclipse-workspace\Appium\src\ApiDemos-debug.apk'
&amp#27;[35m[ADB]&amp#27;[39m The installation of 'ApiDemos-debug.apk' took 13476ms
[debug] &amp#27;[35m[ADB]&amp#27;[39m Install command stdout: Performing Streamed Install
[debug] &amp#27;[35m[ADB]&amp#27;[39m Success
&amp#27;[35m[AndroidDriver]&amp#27;[39m Performing fast reset on 'io.appium.android.apis'
[debug] &amp#27;[35m[ADB]&amp#27;[39m Getting install status for io.appium.android.apis
[debug] &amp#27;[35m[ADB]&amp#27;[39m Running 'C:\Users\Anis\AppData\Local\Android\Sdk\platform-tools\adb.exe -P 5037 -s 55272e729804 shell dumpsys package io.appium.android.apis'
[debug] &amp#27;[35m[ADB]&amp#27;[39m 'io.appium.android.apis' is installed
[debug] &amp#27;[35m[ADB]&amp#27;[39m Running 'C:\Users\Anis\AppData\Local\Android\Sdk\platform-tools\adb.exe -P 5037 -s 55272e729804 shell am force-stop io.appium.android.apis'
[debug] &amp#27;[35m[ADB]&amp#27;[39m Running 'C:\Users\Anis\AppData\Local\Android\Sdk\platform-tools\adb.exe -P 5037 -s 55272e729804 shell pm clear io.appium.android.apis'
[debug] &amp#27;[35m[AndroidDriver]&amp#27;[39m Performed fast reset on the installed 'io.appium.android.apis' application (stop and clear)
[debug] &amp#27;[35m[UiAutomator2]&amp#27;[39m Performing shallow cleanup of automation leftovers
[debug] &amp#27;[35m[UiAutomator2]&amp#27;[39m The following obsolete sessions are still running: [null]
[debug] &amp#27;[35m[UiAutomator2]&amp#27;[39m Cleaning up the obsolete sessions
[debug] &amp#27;[35m[ADB]&amp#27;[39m Running 'C:\Users\Anis\AppData\Local\Android\Sdk\platform-tools\adb.exe -P 5037 -s 55272e729804 shell am force-stop io.appium.uiautomator2.server.test'
&amp#27;[35m[UiAutomator2]&amp#27;[39m Starting UIAutomator2 server 4.21.1
&amp#27;[35m[UiAutomator2]&amp#27;[39m Using UIAutomator2 server from 'C:\Users\Anis\AppData\Roaming\npm\node_modules\appium\node_modules\appium-uiautomator2-server\apks\appium-uiautomator2-server-v4.21.1.apk' and test from 'C:\Users\Anis\AppData\Roaming\npm\node_modules\appium\node_modules\appium-uiautomator2-server\apks\appium-uiautomator2-server-debug-androidTest.apk'
&amp#27;[35m[UiAutomator2]&amp#27;[39m Waiting up to 30000ms for UiAutomator2 to be online...
[debug] &amp#27;[35m[ADB]&amp#27;[39m Creating ADB subprocess with args: ["-P",5037,"-s","55272e729804","shell","am","instrument","-w","-e","disableAnalytics",true,"io.appium.uiautomator2.server.test/androidx.test.runner.AndroidJUnitRunner"]
[debug] &amp#27;[35m[WD Proxy]&amp#27;[39m Matched '/status' to command name 'getStatus'
[debug] &amp#27;[35m[WD Proxy]&amp#27;[39m Proxying [GET /status] to [GET http://127.0.0.1:8203/wd/hub/status] with no body
&amp#27;[35m[WD Proxy]&amp#27;[39m socket hang up
[debug] &amp#27;[35m[WD Proxy]&amp#27;[39m Matched '/status' to command name 'getStatus'
[debug] &amp#27;[35m[WD Proxy]&amp#27;[39m Proxying [GET /status] to [GET http://127.0.0.1:8203/wd/hub/status] with no body
&amp#27;[35m[WD Proxy]&amp#27;[39m socket hang up
[debug] &amp#27;[35m[Instrumentation]&amp#27;[39m io.appium.uiautomator2.server.test.AppiumUiAutomator2Server:
[debug] &amp#27;[35m[WD Proxy]&amp#27;[39m Matched '/status' to command name 'getStatus'
[debug] &amp#27;[35m[WD Proxy]&amp#27;[39m Proxying [GET /status] to [GET http://127.0.0.1:8203/wd/hub/status] with no body
&amp#27;[35m[WD Proxy]&amp#27;[39m socket hang up
[debug] &amp#27;[35m[WD Proxy]&amp#27;[39m Matched '/status' to command name 'getStatus'
[debug] &amp#27;[35m[WD Proxy]&amp#27;[39m Proxying [GET /status] to [GET http://127.0.0.1:8203/wd/hub/status] with no body
&amp#27;[35m[WD Proxy]&amp#27;[39m socket hang up
[debug] &amp#27;[35m[WD Proxy]&amp#27;[39m Matched '/status' to command name 'getStatus'
[debug] &amp#27;[35m[WD Proxy]&amp#27;[39m Proxying [GET /status] to [GET http://127.0.0.1:8203/wd/hub/status] with no body
[debug] &amp#27;[35m[WD Proxy]&amp#27;[39m Got response with status 200: {"sessionId":"None","value":{"message":"UiAutomator2 Server is ready to accept commands","ready":true}}
[debug] &amp#27;[35m[UiAutomator2]&amp#27;[39m The initialization of the instrumentation process took 4144ms
[debug] &amp#27;[35m[WD Proxy]&amp#27;[39m Matched '/session' to command name 'createSession'
[debug] &amp#27;[35m[WD Proxy]&amp#27;[39m Proxying [POST /session] to [POST http://127.0.0.1:8203/wd/hub/session] with body: {"capabilities":{"firstMatch":[{"platform":"LINUX","webStorageEnabled":false,"takesScreenshot":true,"javascriptEnabled":true,"databaseEnabled":false,"networkConnectionEnabled":true,"locationContextEnabled":false,"warnings":{},"desired":{"platformName":"android","app":"C:\\Users\\Anis\\eclipse-workspace\\Appium\\src\\ApiDemos-debug.apk","deviceName":"Redmi","newCommandTimeout":14},"platformName":"android","app":"C:\\Users\\Anis\\eclipse-workspace\\Appium\\src\\ApiDemos-debug.apk","deviceName":"55272e729804","newCommandTimeout":14,"deviceUDID":"55272e729804","appPackage":"io.appium.android.apis"}],"alwaysMatch":{}}}
[debug] &amp#27;[35m[WD Proxy]&amp#27;[39m Got response with status 200: {"sessionId":"132f3960-7c71-45f1-95bf-6dc4c0c80ff2","value":{"capabilities":{"firstMatch":[{"platform":"LINUX","webStorageEnabled":false,"takesScreenshot":true,"javascriptEnabled":true,"databaseEnabled":false,"networkConnectionEnabled":true,"locationContextEnabled":false,"warnings":{},"desired":{"platformName":"android","app":"C:\\Users\\Anis\\eclipse-workspace\\Appium\\src\\ApiDemos-debug.apk","deviceName":"Redmi","newCommandTimeout":14},"platformName":"android","app":"C:\\Users\\Anis\\eclipse-workspace\\Appium\\src\\ApiDemos-debug.apk","deviceName":"55272e729804","newCommandTimeout":14,"deviceUDID":"55272e729804","appPackage":"io.appium.android.apis"}],"alwaysMatch":{}},"sessionId":"132f3960-7c71-45f1-95bf-6dc4c0c80ff2"}}
&amp#27;[35m[WD Proxy]&amp#27;[39m Determined the downstream protocol as 'W3C'
[debug] &amp#27;[35m[WD Proxy]&amp#27;[39m Proxying [GET /appium/device/info] to [GET http://127.0.0.1:8203/wd/hub/session/132f3960-7c71-45f1-95bf-6dc4c0c80ff2/appium/device/info] with no body
[debug] &amp#27;[35m[WD Proxy]&amp#27;[39m Got response with status 200: {"sessionId":"132f3960-7c71-45f1-95bf-6dc4c0c80ff2","value":{"androidId":"62e279822e2e3c5b","apiVersion":"24","bluetooth":{"state":"OFF"},"brand":"xiaomi","carrierName":"airtel","displayDensity":480,"locale":"en_GB","manufacturer":"Xiaomi","model":"Redmi Note 4","networks":[{"capabilities":{"SSID":null,"linkDownBandwidthKbps":102400,"linkUpstreamBandwidthKbps":51200,"networkCapabilities":"NET_CAPABILITY_NOT_METERED,NET_CAPABILITY_NOT_RESTRICTED,NET_CAPABILITY_IMS,NET_CAPABILITY_NOT_VPN,NET_CAPABILITY_TRUSTED,NET_CAPABILITY_VALIDATED","signalStrength":-2147483648,"transportTypes":"TRANSPORT_CELLULAR"},"detailedState":"CONNECTED","extraInfo":"ims","isAvailable":true,"isConnected":true,"isFailover":false,"isRoaming":false,"state":"CONNECTED","subtype":13,"subtypeName":"LTE","type":0,"typeName":"MOBILE"},{"capabilities":{"SSID":null,"linkDownBandwidthKbps":102400,"linkUpstreamBandwidthKbps":51200,"networkCapabilities":"NET_CAPABILITY_NOT_RESTRICTED,NET_CAPABILITY_SUPL,NET_CAPABILITY_NOT_VPN,NET_CAPABILITY_INTE...
[debug] &amp#27;[35m[ADB]&amp#27;[39m Running 'C:\Users\Anis\AppData\Local\Android\Sdk\platform-tools\adb.exe -P 5037 -s 55272e729804 shell dumpsys window'
&amp#27;[35m[AndroidDriver]&amp#27;[39m Screen already unlocked, doing nothing
&amp#27;[35m[UiAutomator2]&amp#27;[39m Starting 'io.appium.android.apis/ApiDemos and waiting for 'io.appium.android.apis/ApiDemos'
[debug] &amp#27;[35m[ADB]&amp#27;[39m Running 'C:\Users\Anis\AppData\Local\Android\Sdk\platform-tools\adb.exe -P 5037 -s 55272e729804 shell am start -W -n io.appium.android.apis/ApiDemos -S -a android.intent.action.MAIN -c android.intent.category.LAUNCHER -f 0x10200000'
[debug] &amp#27;[35m[ADB]&amp#27;[39m We tried to start an activity that doesn't exist, retrying with '.ApiDemos' activity name
[debug] &amp#27;[35m[ADB]&amp#27;[39m Running 'C:\Users\Anis\AppData\Local\Android\Sdk\platform-tools\adb.exe -P 5037 -s 55272e729804 shell am start -W -n io.appium.android.apis/.ApiDemos -S -a android.intent.action.MAIN -c android.intent.category.LAUNCHER -f 0x10200000'
[debug] &amp#27;[35m[ADB]&amp#27;[39m Waiting up to 20000ms for activity matching pkg: 'io.appium.android.apis' and activity: 'ApiDemos' to be focused
[debug] &amp#27;[35m[ADB]&amp#27;[39m Possible activities, to be checked: 'ApiDemos', 'io.appium.android.apis.ApiDemos'
[debug] &amp#27;[35m[ADB]&amp#27;[39m Getting focused package and activity
[debug] &amp#27;[35m[ADB]&amp#27;[39m Running 'C:\Users\Anis\AppData\Local\Android\Sdk\platform-tools\adb.exe -P 5037 -s 55272e729804 shell dumpsys window windows'
[debug] &amp#27;[35m[ADB]&amp#27;[39m Found package: 'io.appium.android.apis' and fully qualified activity name : 'io.appium.android.apis.ApiDemos'
[debug] &amp#27;[35m[WD Proxy]&amp#27;[39m Proxying [GET /appium/device/pixel_ratio] to [GET http://127.0.0.1:8203/wd/hub/session/132f3960-7c71-45f1-95bf-6dc4c0c80ff2/appium/device/pixel_ratio] with no body
[debug] &amp#27;[35m[WD Proxy]&amp#27;[39m Got response with status 200: {"sessionId":"132f3960-7c71-45f1-95bf-6dc4c0c80ff2","value":3}
[debug] &amp#27;[35m[WD Proxy]&amp#27;[39m Matched '/appium/device/system_bars' to command name 'getSystemBars'
[debug] &amp#27;[35m[WD Proxy]&amp#27;[39m Proxying [GET /appium/device/system_bars] to [GET http://127.0.0.1:8203/wd/hub/session/132f3960-7c71-45f1-95bf-6dc4c0c80ff2/appium/device/system_bars] with no body
[debug] &amp#27;[35m[WD Proxy]&amp#27;[39m Got response with status 200: {"sessionId":"132f3960-7c71-45f1-95bf-6dc4c0c80ff2","value":{"statusBar":72}}
[debug] &amp#27;[35m[WD Proxy]&amp#27;[39m Matched '/window/current/size' to command name 'getWindowSize'
[debug] &amp#27;[35m[WD Proxy]&amp#27;[39m Proxying [GET /window/current/size] to [GET http://127.0.0.1:8203/wd/hub/session/132f3960-7c71-45f1-95bf-6dc4c0c80ff2/window/current/size] with no body
[debug] &amp#27;[35m[WD Proxy]&amp#27;[39m Got response with status 200: {"sessionId":"132f3960-7c71-45f1-95bf-6dc4c0c80ff2","value":{"height":1920,"width":1080}}
&amp#27;[35m[Appium]&amp#27;[39m New AndroidUiautomator2Driver session created successfully, session ba6f669b-bab9-41ad-8d19-a5530950698e added to master session list
[debug] &amp#27;[35m[BaseDriver]&amp#27;[39m Event 'newSessionStarted' logged at 1623735890276 (11:14:50 GMT+0530 (India Standard Time))
[debug] &amp#27;[35m[W3C (ba6f669b)]&amp#27;[39m Cached the protocol value 'W3C' for the new session ba6f669b-bab9-41ad-8d19-a5530950698e
[debug] &amp#27;[35m[W3C (ba6f669b)]&amp#27;[39m Responding to client with driver.createSession() result: {"capabilities":{"platform":"LINUX","webStorageEnabled":false,"takesScreenshot":true,"javascriptEnabled":true,"databaseEnabled":false,"networkConnectionEnabled":true,"locationContextEnabled":false,"warnings":{},"desired":{"platformName":"android","app":"C:\\Users\\Anis\\eclipse-workspace\\Appium\\src\\ApiDemos-debug.apk","deviceName":"Redmi","newCommandTimeout":14},"platformName":"android","app":"C:\\Users\\Anis\\eclipse-workspace\\Appium\\src\\ApiDemos-debug.apk","deviceName":"55272e729804","newCommandTimeout":14,"deviceUDID":"55272e729804","appPackage":"io.appium.android.apis","deviceApiLevel":24,"platformVersion":"7.0","deviceScreenSize":"1080x1920","deviceScreenDensity":480,"deviceModel":"Redmi Note 4","deviceManufacturer":"Xiaomi","pixelRatio":3,"statBarHeight":72,"viewportRect":{"left":0,"top":72,"width":1080,"height":1848}}}
&amp#27;[35m[HTTP]&amp#27;[39m &amp#27;[37m<-- POST /wd/hub/session &amp#27;[39m&amp#27;[32m200&amp#27;[39m &amp#27;[90m40591 ms - 904&amp#27;[39m
&amp#27;[35m[HTTP]&amp#27;[39m &amp#27;[90m&amp#27;[39m
&amp#27;[35m[HTTP]&amp#27;[39m &amp#27;[37m-->&amp#27;[39m &amp#27;[37mGET&amp#27;[39m &amp#27;[37m/wd/hub/session/ba6f669b-bab9-41ad-8d19-a5530950698e&amp#27;[39m
&amp#27;[35m[HTTP]&amp#27;[39m &amp#27;[90m{}&amp#27;[39m
[debug] &amp#27;[35m[W3C (ba6f669b)]&amp#27;[39m Calling AppiumDriver.getSession() with args: ["ba6f669b-bab9-41ad-8d19-a5530950698e"]
[debug] &amp#27;[35m[UiAutomator2]&amp#27;[39m Getting session details from server to mix in
[debug] &amp#27;[35m[WD Proxy]&amp#27;[39m Matched '/' to command name 'getSession'
[debug] &amp#27;[35m[WD Proxy]&amp#27;[39m Proxying [GET /] to [GET http://127.0.0.1:8203/wd/hub/session/132f3960-7c71-45f1-95bf-6dc4c0c80ff2] with no body
[debug] &amp#27;[35m[WD Proxy]&amp#27;[39m Got response with status 200: {"sessionId":"132f3960-7c71-45f1-95bf-6dc4c0c80ff2","value":{"lastScrollData":null}}
[debug] &amp#27;[35m[W3C (ba6f669b)]&amp#27;[39m Responding to client with driver.getSession() result: {"platform":"LINUX","webStorageEnabled":false,"takesScreenshot":true,"javascriptEnabled":true,"databaseEnabled":false,"networkConnectionEnabled":true,"locationContextEnabled":false,"warnings":{},"desired":{"platformName":"android","app":"C:\\Users\\Anis\\eclipse-workspace\\Appium\\src\\ApiDemos-debug.apk","deviceName":"Redmi","newCommandTimeout":14},"platformName":"android","app":"C:\\Users\\Anis\\eclipse-workspace\\Appium\\src\\ApiDemos-debug.apk","deviceName":"55272e729804","newCommandTimeout":14,"deviceUDID":"55272e729804","appPackage":"io.appium.android.apis","deviceApiLevel":24,"platformVersion":"7.0","deviceScreenSize":"1080x1920","deviceScreenDensity":480,"deviceModel":"Redmi Note 4","deviceManufacturer":"Xiaomi","pixelRatio":3,"statBarHeight":72,"viewportRect":{"left":0,"top":72,"width":1080,"height":1848},"lastScrollData":null}
&amp#27;[35m[HTTP]&amp#27;[39m &amp#27;[37m<-- GET /wd/hub/session/ba6f669b-bab9-41ad-8d19-a5530950698e &amp#27;[39m&amp#27;[32m200&amp#27;[39m &amp#27;[90m18 ms - 858&amp#27;[39m
&amp#27;[35m[HTTP]&amp#27;[39m &amp#27;[90m&amp#27;[39m
&amp#27;[35m[HTTP]&amp#27;[39m &amp#27;[37m-->&amp#27;[39m &amp#27;[37mGET&amp#27;[39m &amp#27;[37m/wd/hub/session/ba6f669b-bab9-41ad-8d19-a5530950698e&amp#27;[39m
&amp#27;[35m[HTTP]&amp#27;[39m &amp#27;[90m{}&amp#27;[39m
[debug] &amp#27;[35m[W3C (ba6f669b)]&amp#27;[39m Calling AppiumDriver.getSession() with args: ["ba6f669b-bab9-41ad-8d19-a5530950698e"]
[debug] &amp#27;[35m[UiAutomator2]&amp#27;[39m Getting session details from server to mix in
[debug] &amp#27;[35m[WD Proxy]&amp#27;[39m Matched '/' to command name 'getSession'
[debug] &amp#27;[35m[WD Proxy]&amp#27;[39m Proxying [GET /] to [GET http://127.0.0.1:8203/wd/hub/session/132f3960-7c71-45f1-95bf-6dc4c0c80ff2] with no body
[debug] &amp#27;[35m[WD Proxy]&amp#27;[39m Got response with status 200: {"sessionId":"132f3960-7c71-45f1-95bf-6dc4c0c80ff2","value":{"lastScrollData":null}}
[debug] &amp#27;[35m[W3C (ba6f669b)]&amp#27;[39m Responding to client with driver.getSession() result: {"platform":"LINUX","webStorageEnabled":false,"takesScreenshot":true,"javascriptEnabled":true,"databaseEnabled":false,"networkConnectionEnabled":true,"locationContextEnabled":false,"warnings":{},"desired":{"platformName":"android","app":"C:\\Users\\Anis\\eclipse-workspace\\Appium\\src\\ApiDemos-debug.apk","deviceName":"Redmi","newCommandTimeout":14},"platformName":"android","app":"C:\\Users\\Anis\\eclipse-workspace\\Appium\\src\\ApiDemos-debug.apk","deviceName":"55272e729804","newCommandTimeout":14,"deviceUDID":"55272e729804","appPackage":"io.appium.android.apis","deviceApiLevel":24,"platformVersion":"7.0","deviceScreenSize":"1080x1920","deviceScreenDensity":480,"deviceModel":"Redmi Note 4","deviceManufacturer":"Xiaomi","pixelRatio":3,"statBarHeight":72,"viewportRect":{"left":0,"top":72,"width":1080,"height":1848},"lastScrollData":null}
&amp#27;[35m[HTTP]&amp#27;[39m &amp#27;[37m<-- GET /wd/hub/session/ba6f669b-bab9-41ad-8d19-a5530950698e &amp#27;[39m&amp#27;[32m200&amp#27;[39m &amp#27;[90m9 ms - 858&amp#27;[39m
&amp#27;[35m[HTTP]&amp#27;[39m &amp#27;[90m&amp#27;[39m
&amp#27;[35m[HTTP]&amp#27;[39m &amp#27;[37m-->&amp#27;[39m &amp#27;[37mPOST&amp#27;[39m &amp#27;[37m/wd/hub/session/ba6f669b-bab9-41ad-8d19-a5530950698e/timeouts&amp#27;[39m
&amp#27;[35m[HTTP]&amp#27;[39m &amp#27;[90m{"implicit":10000}&amp#27;[39m
[debug] &amp#27;[35m[W3C (ba6f669b)]&amp#27;[39m Calling AppiumDriver.timeouts() with args: [null,null,null,null,10000,"ba6f669b-bab9-41ad-8d19-a5530950698e"]
[debug] &amp#27;[35m[BaseDriver]&amp#27;[39m W3C timeout argument: {"implicit":10000}}
[debug] &amp#27;[35m[BaseDriver]&amp#27;[39m Set implicit wait to 10000ms
[debug] &amp#27;[35m[W3C (ba6f669b)]&amp#27;[39m Responding to client with driver.timeouts() result: null
&amp#27;[35m[HTTP]&amp#27;[39m &amp#27;[37m<-- POST /wd/hub/session/ba6f669b-bab9-41ad-8d19-a5530950698e/timeouts &amp#27;[39m&amp#27;[32m200&amp#27;[39m &amp#27;[90m5 ms - 14&amp#27;[39m
&amp#27;[35m[HTTP]&amp#27;[39m &amp#27;[90m&amp#27;[39m
&amp#27;[35m[HTTP]&amp#27;[39m &amp#27;[37m-->&amp#27;[39m &amp#27;[37mGET&amp#27;[39m &amp#27;[37m/wd/hub/session/ba6f669b-bab9-41ad-8d19-a5530950698e&amp#27;[39m
&amp#27;[35m[HTTP]&amp#27;[39m &amp#27;[90m{}&amp#27;[39m
[debug] &amp#27;[35m[W3C (ba6f669b)]&amp#27;[39m Calling AppiumDriver.getSession() with args: ["ba6f669b-bab9-41ad-8d19-a5530950698e"]
[debug] &amp#27;[35m[UiAutomator2]&amp#27;[39m Getting session details from server to mix in
[debug] &amp#27;[35m[WD Proxy]&amp#27;[39m Matched '/' to command name 'getSession'
[debug] &amp#27;[35m[WD Proxy]&amp#27;[39m Proxying [GET /] to [GET http://127.0.0.1:8203/wd/hub/session/132f3960-7c71-45f1-95bf-6dc4c0c80ff2] with no body
[debug] &amp#27;[35m[WD Proxy]&amp#27;[39m Got response with status 200: {"sessionId":"132f3960-7c71-45f1-95bf-6dc4c0c80ff2","value":{"lastScrollData":null}}
[debug] &amp#27;[35m[W3C (ba6f669b)]&amp#27;[39m Responding to client with driver.getSession() result: {"platform":"LINUX","webStorageEnabled":false,"takesScreenshot":true,"javascriptEnabled":true,"databaseEnabled":false,"networkConnectionEnabled":true,"locationContextEnabled":false,"warnings":{},"desired":{"platformName":"android","app":"C:\\Users\\Anis\\eclipse-workspace\\Appium\\src\\ApiDemos-debug.apk","deviceName":"Redmi","newCommandTimeout":14},"platformName":"android","app":"C:\\Users\\Anis\\eclipse-workspace\\Appium\\src\\ApiDemos-debug.apk","deviceName":"55272e729804","newCommandTimeout":14,"deviceUDID":"55272e729804","appPackage":"io.appium.android.apis","deviceApiLevel":24,"platformVersion":"7.0","deviceScreenSize":"1080x1920","deviceScreenDensity":480,"deviceModel":"Redmi Note 4","deviceManufacturer":"Xiaomi","pixelRatio":3,"statBarHeight":72,"viewportRect":{"left":0,"top":72,"width":1080,"height":1848},"lastScrollData":null}
&amp#27;[35m[HTTP]&amp#27;[39m &amp#27;[37m<-- GET /wd/hub/session/ba6f669b-bab9-41ad-8d19-a5530950698e &amp#27;[39m&amp#27;[32m200&amp#27;[39m &amp#27;[90m9 ms - 858&amp#27;[39m
&amp#27;[35m[HTTP]&amp#27;[39m &amp#27;[90m&amp#27;[39m
&amp#27;[35m[HTTP]&amp#27;[39m &amp#27;[37m-->&amp#27;[39m &amp#27;[37mGET&amp#27;[39m &amp#27;[37m/wd/hub/session/ba6f669b-bab9-41ad-8d19-a5530950698e&amp#27;[39m
&amp#27;[35m[HTTP]&amp#27;[39m &amp#27;[90m{}&amp#27;[39m
[debug] &amp#27;[35m[W3C (ba6f669b)]&amp#27;[39m Calling AppiumDriver.getSession() with args: ["ba6f669b-bab9-41ad-8d19-a5530950698e"]
[debug] &amp#27;[35m[UiAutomator2]&amp#27;[39m Getting session details from server to mix in
[debug] &amp#27;[35m[WD Proxy]&amp#27;[39m Matched '/' to command name 'getSession'
[debug] &amp#27;[35m[WD Proxy]&amp#27;[39m Proxying [GET /] to [GET http://127.0.0.1:8203/wd/hub/session/132f3960-7c71-45f1-95bf-6dc4c0c80ff2] with no body
[debug] &amp#27;[35m[WD Proxy]&amp#27;[39m Got response with status 200: {"sessionId":"132f3960-7c71-45f1-95bf-6dc4c0c80ff2","value":{"lastScrollData":null}}
[debug] &amp#27;[35m[W3C (ba6f669b)]&amp#27;[39m Responding to client with driver.getSession() result: {"platform":"LINUX","webStorageEnabled":false,"takesScreenshot":true,"javascriptEnabled":true,"databaseEnabled":false,"networkConnectionEnabled":true,"locationContextEnabled":false,"warnings":{},"desired":{"platformName":"android","app":"C:\\Users\\Anis\\eclipse-workspace\\Appium\\src\\ApiDemos-debug.apk","deviceName":"Redmi","newCommandTimeout":14},"platformName":"android","app":"C:\\Users\\Anis\\eclipse-workspace\\Appium\\src\\ApiDemos-debug.apk","deviceName":"55272e729804","newCommandTimeout":14,"deviceUDID":"55272e729804","appPackage":"io.appium.android.apis","deviceApiLevel":24,"platformVersion":"7.0","deviceScreenSize":"1080x1920","deviceScreenDensity":480,"deviceModel":"Redmi Note 4","deviceManufacturer":"Xiaomi","pixelRatio":3,"statBarHeight":72,"viewportRect":{"left":0,"top":72,"width":1080,"height":1848},"lastScrollData":null}
&amp#27;[35m[HTTP]&amp#27;[39m &amp#27;[37m<-- GET /wd/hub/session/ba6f669b-bab9-41ad-8d19-a5530950698e &amp#27;[39m&amp#27;[32m200&amp#27;[39m &amp#27;[90m12 ms - 858&amp#27;[39m
&amp#27;[35m[HTTP]&amp#27;[39m &amp#27;[90m&amp#27;[39m
&amp#27;[35m[HTTP]&amp#27;[39m &amp#27;[37m-->&amp#27;[39m &amp#27;[37mGET&amp#27;[39m &amp#27;[37m/wd/hub/session/ba6f669b-bab9-41ad-8d19-a5530950698e&amp#27;[39m
&amp#27;[35m[HTTP]&amp#27;[39m &amp#27;[90m{}&amp#27;[39m
[debug] &amp#27;[35m[W3C (ba6f669b)]&amp#27;[39m Calling AppiumDriver.getSession() with args: ["ba6f669b-bab9-41ad-8d19-a5530950698e"]
[debug] &amp#27;[35m[UiAutomator2]&amp#27;[39m Getting session details from server to mix in
[debug] &amp#27;[35m[WD Proxy]&amp#27;[39m Matched '/' to command name 'getSession'
[debug] &amp#27;[35m[WD Proxy]&amp#27;[39m Proxying [GET /] to [GET http://127.0.0.1:8203/wd/hub/session/132f3960-7c71-45f1-95bf-6dc4c0c80ff2] with no body
[debug] &amp#27;[35m[WD Proxy]&amp#27;[39m Got response with status 200: {"sessionId":"132f3960-7c71-45f1-95bf-6dc4c0c80ff2","value":{"lastScrollData":null}}
[debug] &amp#27;[35m[W3C (ba6f669b)]&amp#27;[39m Responding to client with driver.getSession() result: {"platform":"LINUX","webStorageEnabled":false,"takesScreenshot":true,"javascriptEnabled":true,"databaseEnabled":false,"networkConnectionEnabled":true,"locationContextEnabled":false,"warnings":{},"desired":{"platformName":"android","app":"C:\\Users\\Anis\\eclipse-workspace\\Appium\\src\\ApiDemos-debug.apk","deviceName":"Redmi","newCommandTimeout":14},"platformName":"android","app":"C:\\Users\\Anis\\eclipse-workspace\\Appium\\src\\ApiDemos-debug.apk","deviceName":"55272e729804","newCommandTimeout":14,"deviceUDID":"55272e729804","appPackage":"io.appium.android.apis","deviceApiLevel":24,"platformVersion":"7.0","deviceScreenSize":"1080x1920","deviceScreenDensity":480,"deviceModel":"Redmi Note 4","deviceManufacturer":"Xiaomi","pixelRatio":3,"statBarHeight":72,"viewportRect":{"left":0,"top":72,"width":1080,"height":1848},"lastScrollData":null}
&amp#27;[35m[HTTP]&amp#27;[39m &amp#27;[37m<-- GET /wd/hub/session/ba6f669b-bab9-41ad-8d19-a5530950698e &amp#27;[39m&amp#27;[32m200&amp#27;[39m &amp#27;[90m10 ms - 858&amp#27;[39m
&amp#27;[35m[HTTP]&amp#27;[39m &amp#27;[90m&amp#27;[39m
&amp#27;[35m[HTTP]&amp#27;[39m &amp#27;[37m-->&amp#27;[39m &amp#27;[37mPOST&amp#27;[39m &amp#27;[37m/wd/hub/session/ba6f669b-bab9-41ad-8d19-a5530950698e/element&amp#27;[39m
&amp#27;[35m[HTTP]&amp#27;[39m &amp#27;[90m{"using":"xpath","value":"//android.widget.TextView[@content-desc=\"OS\"]"}&amp#27;[39m
[debug] &amp#27;[35m[W3C (ba6f669b)]&amp#27;[39m Calling AppiumDriver.findElement() with args: ["xpath","//android.widget.TextView[@content-desc=\"OS\"]","ba6f669b-bab9-41ad-8d19-a5530950698e"]
[debug] &amp#27;[35m[BaseDriver]&amp#27;[39m Valid locator strategies for this request: xpath, id, class name, accessibility id, css selector, -android uiautomator
[debug] &amp#27;[35m[BaseDriver]&amp#27;[39m Waiting up to 10000 ms for condition
[debug] &amp#27;[35m[WD Proxy]&amp#27;[39m Matched '/element' to command name 'findElement'
[debug] &amp#27;[35m[WD Proxy]&amp#27;[39m Proxying [POST /element] to [POST http://127.0.0.1:8203/wd/hub/session/132f3960-7c71-45f1-95bf-6dc4c0c80ff2/element] with body: {"strategy":"xpath","selector":"//android.widget.TextView[@content-desc=\"OS\"]","context":"","multiple":false}
[debug] &amp#27;[35m[WD Proxy]&amp#27;[39m Got response with status 200: {"sessionId":"132f3960-7c71-45f1-95bf-6dc4c0c80ff2","value":{"ELEMENT":"4f60a252-b30f-4bba-af07-d9434dec79d9","element-6066-11e4-a52e-4f735466cecf":"4f60a252-b30f-4bba-af07-d9434dec79d9"}}
[debug] &amp#27;[35m[W3C (ba6f669b)]&amp#27;[39m Responding to client with driver.findElement() result: {"element-6066-11e4-a52e-4f735466cecf":"4f60a252-b30f-4bba-af07-d9434dec79d9","ELEMENT":"4f60a252-b30f-4bba-af07-d9434dec79d9"}
&amp#27;[35m[HTTP]&amp#27;[39m &amp#27;[37m<-- POST /wd/hub/session/ba6f669b-bab9-41ad-8d19-a5530950698e/element &amp#27;[39m&amp#27;[32m200&amp#27;[39m &amp#27;[90m223 ms - 137&amp#27;[39m
&amp#27;[35m[HTTP]&amp#27;[39m &amp#27;[90m&amp#27;[39m
&amp#27;[35m[HTTP]&amp#27;[39m &amp#27;[37m-->&amp#27;[39m &amp#27;[37mPOST&amp#27;[39m &amp#27;[37m/wd/hub/session/ba6f669b-bab9-41ad-8d19-a5530950698e/element/4f60a252-b30f-4bba-af07-d9434dec79d9/click&amp#27;[39m
&amp#27;[35m[HTTP]&amp#27;[39m &amp#27;[90m{"id":"4f60a252-b30f-4bba-af07-d9434dec79d9"}&amp#27;[39m
[debug] &amp#27;[35m[W3C (ba6f669b)]&amp#27;[39m Calling AppiumDriver.click() with args: ["4f60a252-b30f-4bba-af07-d9434dec79d9","ba6f669b-bab9-41ad-8d19-a5530950698e"]
[debug] &amp#27;[35m[WD Proxy]&amp#27;[39m Matched '/element/4f60a252-b30f-4bba-af07-d9434dec79d9/click' to command name 'click'
[debug] &amp#27;[35m[WD Proxy]&amp#27;[39m Proxying [POST /element/4f60a252-b30f-4bba-af07-d9434dec79d9/click] to [POST http://127.0.0.1:8203/wd/hub/session/132f3960-7c71-45f1-95bf-6dc4c0c80ff2/element/4f60a252-b30f-4bba-af07-d9434dec79d9/click] with body: {"element":"4f60a252-b30f-4bba-af07-d9434dec79d9"}
[debug] &amp#27;[35m[WD Proxy]&amp#27;[39m Got response with status 200: {"sessionId":"132f3960-7c71-45f1-95bf-6dc4c0c80ff2","value":null}
[debug] &amp#27;[35m[W3C (ba6f669b)]&amp#27;[39m Responding to client with driver.click() result: null
&amp#27;[35m[HTTP]&amp#27;[39m &amp#27;[37m<-- POST /wd/hub/session/ba6f669b-bab9-41ad-8d19-a5530950698e/element/4f60a252-b30f-4bba-af07-d9434dec79d9/click &amp#27;[39m&amp#27;[32m200&amp#27;[39m &amp#27;[90m1192 ms - 14&amp#27;[39m
&amp#27;[35m[HTTP]&amp#27;[39m &amp#27;[90m&amp#27;[39m
&amp#27;[35m[HTTP]&amp#27;[39m &amp#27;[37m-->&amp#27;[39m &amp#27;[37mGET&amp#27;[39m &amp#27;[37m/wd/hub/session/ba6f669b-bab9-41ad-8d19-a5530950698e&amp#27;[39m
&amp#27;[35m[HTTP]&amp#27;[39m &amp#27;[90m{}&amp#27;[39m
[debug] &amp#27;[35m[W3C (ba6f669b)]&amp#27;[39m Calling AppiumDriver.getSession() with args: ["ba6f669b-bab9-41ad-8d19-a5530950698e"]
[debug] &amp#27;[35m[UiAutomator2]&amp#27;[39m Getting session details from server to mix in
[debug] &amp#27;[35m[WD Proxy]&amp#27;[39m Matched '/' to command name 'getSession'
[debug] &amp#27;[35m[WD Proxy]&amp#27;[39m Proxying [GET /] to [GET http://127.0.0.1:8203/wd/hub/session/132f3960-7c71-45f1-95bf-6dc4c0c80ff2] with no body
[debug] &amp#27;[35m[WD Proxy]&amp#27;[39m Got response with status 200: {"sessionId":"132f3960-7c71-45f1-95bf-6dc4c0c80ff2","value":{"lastScrollData":null}}
[debug] &amp#27;[35m[W3C (ba6f669b)]&amp#27;[39m Responding to client with driver.getSession() result: {"platform":"LINUX","webStorageEnabled":false,"takesScreenshot":true,"javascriptEnabled":true,"databaseEnabled":false,"networkConnectionEnabled":true,"locationContextEnabled":false,"warnings":{},"desired":{"platformName":"android","app":"C:\\Users\\Anis\\eclipse-workspace\\Appium\\src\\ApiDemos-debug.apk","deviceName":"Redmi","newCommandTimeout":14},"platformName":"android","app":"C:\\Users\\Anis\\eclipse-workspace\\Appium\\src\\ApiDemos-debug.apk","deviceName":"55272e729804","newCommandTimeout":14,"deviceUDID":"55272e729804","appPackage":"io.appium.android.apis","deviceApiLevel":24,"platformVersion":"7.0","deviceScreenSize":"1080x1920","deviceScreenDensity":480,"deviceModel":"Redmi Note 4","deviceManufacturer":"Xiaomi","pixelRatio":3,"statBarHeight":72,"viewportRect":{"left":0,"top":72,"width":1080,"height":1848},"lastScrollData":null}
&amp#27;[35m[HTTP]&amp#27;[39m &amp#27;[37m<-- GET /wd/hub/session/ba6f669b-bab9-41ad-8d19-a5530950698e &amp#27;[39m&amp#27;[32m200&amp#27;[39m &amp#27;[90m11 ms - 858&amp#27;[39m
&amp#27;[35m[HTTP]&amp#27;[39m &amp#27;[90m&amp#27;[39m
&amp#27;[35m[HTTP]&amp#27;[39m &amp#27;[37m-->&amp#27;[39m &amp#27;[37mGET&amp#27;[39m &amp#27;[37m/wd/hub/session/ba6f669b-bab9-41ad-8d19-a5530950698e&amp#27;[39m
&amp#27;[35m[HTTP]&amp#27;[39m &amp#27;[90m{}&amp#27;[39m
[debug] &amp#27;[35m[W3C (ba6f669b)]&amp#27;[39m Calling AppiumDriver.getSession() with args: ["ba6f669b-bab9-41ad-8d19-a5530950698e"]
[debug] &amp#27;[35m[UiAutomator2]&amp#27;[39m Getting session details from server to mix in
[debug] &amp#27;[35m[WD Proxy]&amp#27;[39m Matched '/' to command name 'getSession'
[debug] &amp#27;[35m[WD Proxy]&amp#27;[39m Proxying [GET /] to [GET http://127.0.0.1:8203/wd/hub/session/132f3960-7c71-45f1-95bf-6dc4c0c80ff2] with no body
[debug] &amp#27;[35m[WD Proxy]&amp#27;[39m Got response with status 200: {"sessionId":"132f3960-7c71-45f1-95bf-6dc4c0c80ff2","value":{"lastScrollData":null}}
[debug] &amp#27;[35m[W3C (ba6f669b)]&amp#27;[39m Responding to client with driver.getSession() result: {"platform":"LINUX","webStorageEnabled":false,"takesScreenshot":true,"javascriptEnabled":true,"databaseEnabled":false,"networkConnectionEnabled":true,"locationContextEnabled":false,"warnings":{},"desired":{"platformName":"android","app":"C:\\Users\\Anis\\eclipse-workspace\\Appium\\src\\ApiDemos-debug.apk","deviceName":"Redmi","newCommandTimeout":14},"platformName":"android","app":"C:\\Users\\Anis\\eclipse-workspace\\Appium\\src\\ApiDemos-debug.apk","deviceName":"55272e729804","newCommandTimeout":14,"deviceUDID":"55272e729804","appPackage":"io.appium.android.apis","deviceApiLevel":24,"platformVersion":"7.0","deviceScreenSize":"1080x1920","deviceScreenDensity":480,"deviceModel":"Redmi Note 4","deviceManufacturer":"Xiaomi","pixelRatio":3,"statBarHeight":72,"viewportRect":{"left":0,"top":72,"width":1080,"height":1848},"lastScrollData":null}
&amp#27;[35m[HTTP]&amp#27;[39m &amp#27;[37m<-- GET /wd/hub/session/ba6f669b-bab9-41ad-8d19-a5530950698e &amp#27;[39m&amp#27;[32m200&amp#27;[39m &amp#27;[90m10 ms - 858&amp#27;[39m
&amp#27;[35m[HTTP]&amp#27;[39m &amp#27;[90m&amp#27;[39m
&amp#27;[35m[HTTP]&amp#27;[39m &amp#27;[37m-->&amp#27;[39m &amp#27;[37mGET&amp#27;[39m &amp#27;[37m/wd/hub/session/ba6f669b-bab9-41ad-8d19-a5530950698e&amp#27;[39m
&amp#27;[35m[HTTP]&amp#27;[39m &amp#27;[90m{}&amp#27;[39m
[debug] &amp#27;[35m[W3C (ba6f669b)]&amp#27;[39m Calling AppiumDriver.getSession() with args: ["ba6f669b-bab9-41ad-8d19-a5530950698e"]
[debug] &amp#27;[35m[UiAutomator2]&amp#27;[39m Getting session details from server to mix in
[debug] &amp#27;[35m[WD Proxy]&amp#27;[39m Matched '/' to command name 'getSession'
[debug] &amp#27;[35m[WD Proxy]&amp#27;[39m Proxying [GET /] to [GET http://127.0.0.1:8203/wd/hub/session/132f3960-7c71-45f1-95bf-6dc4c0c80ff2] with no body
[debug] &amp#27;[35m[WD Proxy]&amp#27;[39m Got response with status 200: {"sessionId":"132f3960-7c71-45f1-95bf-6dc4c0c80ff2","value":{"lastScrollData":null}}
[debug] &amp#27;[35m[W3C (ba6f669b)]&amp#27;[39m Responding to client with driver.getSession() result: {"platform":"LINUX","webStorageEnabled":false,"takesScreenshot":true,"javascriptEnabled":true,"databaseEnabled":false,"networkConnectionEnabled":true,"locationContextEnabled":false,"warnings":{},"desired":{"platformName":"android","app":"C:\\Users\\Anis\\eclipse-workspace\\Appium\\src\\ApiDemos-debug.apk","deviceName":"Redmi","newCommandTimeout":14},"platformName":"android","app":"C:\\Users\\Anis\\eclipse-workspace\\Appium\\src\\ApiDemos-debug.apk","deviceName":"55272e729804","newCommandTimeout":14,"deviceUDID":"55272e729804","appPackage":"io.appium.android.apis","deviceApiLevel":24,"platformVersion":"7.0","deviceScreenSize":"1080x1920","deviceScreenDensity":480,"deviceModel":"Redmi Note 4","deviceManufacturer":"Xiaomi","pixelRatio":3,"statBarHeight":72,"viewportRect":{"left":0,"top":72,"width":1080,"height":1848},"lastScrollData":null}
&amp#27;[35m[HTTP]&amp#27;[39m &amp#27;[37m<-- GET /wd/hub/session/ba6f669b-bab9-41ad-8d19-a5530950698e &amp#27;[39m&amp#27;[32m200&amp#27;[39m &amp#27;[90m11 ms - 858&amp#27;[39m
&amp#27;[35m[HTTP]&amp#27;[39m &amp#27;[90m&amp#27;[39m
&amp#27;[35m[HTTP]&amp#27;[39m &amp#27;[37m-->&amp#27;[39m &amp#27;[37mPOST&amp#27;[39m &amp#27;[37m/wd/hub/session/ba6f669b-bab9-41ad-8d19-a5530950698e/element&amp#27;[39m
&amp#27;[35m[HTTP]&amp#27;[39m &amp#27;[90m{"using":"xpath","value":"//android.widget.TextView[@content-desc=\"SMS Messaging\"]"}&amp#27;[39m
[debug] &amp#27;[35m[W3C (ba6f669b)]&amp#27;[39m Calling AppiumDriver.findElement() with args: ["xpath","//android.widget.TextView[@content-desc=\"SMS Messaging\"]","ba6f669b-bab9-41ad-8d19-a5530950698e"]
[debug] &amp#27;[35m[BaseDriver]&amp#27;[39m Valid locator strategies for this request: xpath, id, class name, accessibility id, css selector, -android uiautomator
[debug] &amp#27;[35m[BaseDriver]&amp#27;[39m Waiting up to 10000 ms for condition
[debug] &amp#27;[35m[WD Proxy]&amp#27;[39m Matched '/element' to command name 'findElement'
[debug] &amp#27;[35m[WD Proxy]&amp#27;[39m Proxying [POST /element] to [POST http://127.0.0.1:8203/wd/hub/session/132f3960-7c71-45f1-95bf-6dc4c0c80ff2/element] with body: {"strategy":"xpath","selector":"//android.widget.TextView[@content-desc=\"SMS Messaging\"]","context":"","multiple":false}
[debug] &amp#27;[35m[WD Proxy]&amp#27;[39m Got response with status 200: {"sessionId":"132f3960-7c71-45f1-95bf-6dc4c0c80ff2","value":{"ELEMENT":"fcf5e364-8e2b-4a0e-bd59-e94f691e5a7e","element-6066-11e4-a52e-4f735466cecf":"fcf5e364-8e2b-4a0e-bd59-e94f691e5a7e"}}
[debug] &amp#27;[35m[W3C (ba6f669b)]&amp#27;[39m Responding to client with driver.findElement() result: {"element-6066-11e4-a52e-4f735466cecf":"fcf5e364-8e2b-4a0e-bd59-e94f691e5a7e","ELEMENT":"fcf5e364-8e2b-4a0e-bd59-e94f691e5a7e"}
&amp#27;[35m[HTTP]&amp#27;[39m &amp#27;[37m<-- POST /wd/hub/session/ba6f669b-bab9-41ad-8d19-a5530950698e/element &amp#27;[39m&amp#27;[32m200&amp#27;[39m &amp#27;[90m34 ms - 137&amp#27;[39m
&amp#27;[35m[HTTP]&amp#27;[39m &amp#27;[90m&amp#27;[39m
&amp#27;[35m[HTTP]&amp#27;[39m &amp#27;[37m-->&amp#27;[39m &amp#27;[37mPOST&amp#27;[39m &amp#27;[37m/wd/hub/session/ba6f669b-bab9-41ad-8d19-a5530950698e/element/fcf5e364-8e2b-4a0e-bd59-e94f691e5a7e/click&amp#27;[39m
&amp#27;[35m[HTTP]&amp#27;[39m &amp#27;[90m{"id":"fcf5e364-8e2b-4a0e-bd59-e94f691e5a7e"}&amp#27;[39m
[debug] &amp#27;[35m[W3C (ba6f669b)]&amp#27;[39m Calling AppiumDriver.click() with args: ["fcf5e364-8e2b-4a0e-bd59-e94f691e5a7e","ba6f669b-bab9-41ad-8d19-a5530950698e"]
[debug] &amp#27;[35m[WD Proxy]&amp#27;[39m Matched '/element/fcf5e364-8e2b-4a0e-bd59-e94f691e5a7e/click' to command name 'click'
[debug] &amp#27;[35m[WD Proxy]&amp#27;[39m Proxying [POST /element/fcf5e364-8e2b-4a0e-bd59-e94f691e5a7e/click] to [POST http://127.0.0.1:8203/wd/hub/session/132f3960-7c71-45f1-95bf-6dc4c0c80ff2/element/fcf5e364-8e2b-4a0e-bd59-e94f691e5a7e/click] with body: {"element":"fcf5e364-8e2b-4a0e-bd59-e94f691e5a7e"}
[debug] &amp#27;[35m[WD Proxy]&amp#27;[39m Got response with status 200: {"sessionId":"132f3960-7c71-45f1-95bf-6dc4c0c80ff2","value":null}
[debug] &amp#27;[35m[W3C (ba6f669b)]&amp#27;[39m Responding to client with driver.click() result: null
&amp#27;[35m[HTTP]&amp#27;[39m &amp#27;[37m<-- POST /wd/hub/session/ba6f669b-bab9-41ad-8d19-a5530950698e/element/fcf5e364-8e2b-4a0e-bd59-e94f691e5a7e/click &amp#27;[39m&amp#27;[32m200&amp#27;[39m &amp#27;[90m2088 ms - 14&amp#27;[39m
&amp#27;[35m[HTTP]&amp#27;[39m &amp#27;[90m&amp#27;[39m
&amp#27;[35m[HTTP]&amp#27;[39m &amp#27;[37m-->&amp#27;[39m &amp#27;[37mGET&amp#27;[39m &amp#27;[37m/wd/hub/session/ba6f669b-bab9-41ad-8d19-a5530950698e&amp#27;[39m
&amp#27;[35m[HTTP]&amp#27;[39m &amp#27;[90m{}&amp#27;[39m
[debug] &amp#27;[35m[W3C (ba6f669b)]&amp#27;[39m Calling AppiumDriver.getSession() with args: ["ba6f669b-bab9-41ad-8d19-a5530950698e"]
[debug] &amp#27;[35m[UiAutomator2]&amp#27;[39m Getting session details from server to mix in
[debug] &amp#27;[35m[WD Proxy]&amp#27;[39m Matched '/' to command name 'getSession'
[debug] &amp#27;[35m[WD Proxy]&amp#27;[39m Proxying [GET /] to [GET http://127.0.0.1:8203/wd/hub/session/132f3960-7c71-45f1-95bf-6dc4c0c80ff2] with no body
[debug] &amp#27;[35m[WD Proxy]&amp#27;[39m Got response with status 200: {"sessionId":"132f3960-7c71-45f1-95bf-6dc4c0c80ff2","value":{"lastScrollData":null}}
[debug] &amp#27;[35m[W3C (ba6f669b)]&amp#27;[39m Responding to client with driver.getSession() result: {"platform":"LINUX","webStorageEnabled":false,"takesScreenshot":true,"javascriptEnabled":true,"databaseEnabled":false,"networkConnectionEnabled":true,"locationContextEnabled":false,"warnings":{},"desired":{"platformName":"android","app":"C:\\Users\\Anis\\eclipse-workspace\\Appium\\src\\ApiDemos-debug.apk","deviceName":"Redmi","newCommandTimeout":14},"platformName":"android","app":"C:\\Users\\Anis\\eclipse-workspace\\Appium\\src\\ApiDemos-debug.apk","deviceName":"55272e729804","newCommandTimeout":14,"deviceUDID":"55272e729804","appPackage":"io.appium.android.apis","deviceApiLevel":24,"platformVersion":"7.0","deviceScreenSize":"1080x1920","deviceScreenDensity":480,"deviceModel":"Redmi Note 4","deviceManufacturer":"Xiaomi","pixelRatio":3,"statBarHeight":72,"viewportRect":{"left":0,"top":72,"width":1080,"height":1848},"lastScrollData":null}
&amp#27;[35m[HTTP]&amp#27;[39m &amp#27;[37m<-- GET /wd/hub/session/ba6f669b-bab9-41ad-8d19-a5530950698e &amp#27;[39m&amp#27;[32m200&amp#27;[39m &amp#27;[90m12 ms - 858&amp#27;[39m
&amp#27;[35m[HTTP]&amp#27;[39m &amp#27;[90m&amp#27;[39m
&amp#27;[35m[HTTP]&amp#27;[39m &amp#27;[37m-->&amp#27;[39m &amp#27;[37mPOST&amp#27;[39m &amp#27;[37m/wd/hub/session/ba6f669b-bab9-41ad-8d19-a5530950698e/element&amp#27;[39m
&amp#27;[35m[HTTP]&amp#27;[39m &amp#27;[90m{"using":"id","value":"io.appium.android.apis:id/sms_enable_receiver"}&amp#27;[39m
[debug] &amp#27;[35m[W3C (ba6f669b)]&amp#27;[39m Calling AppiumDriver.findElement() with args: ["id","io.appium.android.apis:id/sms_enable_receiver","ba6f669b-bab9-41ad-8d19-a5530950698e"]
[debug] &amp#27;[35m[BaseDriver]&amp#27;[39m Valid locator strategies for this request: xpath, id, class name, accessibility id, css selector, -android uiautomator
[debug] &amp#27;[35m[BaseDriver]&amp#27;[39m Waiting up to 10000 ms for condition
[debug] &amp#27;[35m[WD Proxy]&amp#27;[39m Matched '/element' to command name 'findElement'
[debug] &amp#27;[35m[WD Proxy]&amp#27;[39m Proxying [POST /element] to [POST http://127.0.0.1:8203/wd/hub/session/132f3960-7c71-45f1-95bf-6dc4c0c80ff2/element] with body: {"strategy":"id","selector":"io.appium.android.apis:id/sms_enable_receiver","context":"","multiple":false}
[debug] &amp#27;[35m[WD Proxy]&amp#27;[39m Got response with status 200: {"sessionId":"132f3960-7c71-45f1-95bf-6dc4c0c80ff2","value":{"ELEMENT":"e3e71530-e4c3-43f6-af50-19f7a586508d","element-6066-11e4-a52e-4f735466cecf":"e3e71530-e4c3-43f6-af50-19f7a586508d"}}
[debug] &amp#27;[35m[W3C (ba6f669b)]&amp#27;[39m Responding to client with driver.findElement() result: {"element-6066-11e4-a52e-4f735466cecf":"e3e71530-e4c3-43f6-af50-19f7a586508d","ELEMENT":"e3e71530-e4c3-43f6-af50-19f7a586508d"}
&amp#27;[35m[HTTP]&amp#27;[39m &amp#27;[37m<-- POST /wd/hub/session/ba6f669b-bab9-41ad-8d19-a5530950698e/element &amp#27;[39m&amp#27;[32m200&amp#27;[39m &amp#27;[90m36 ms - 137&amp#27;[39m
&amp#27;[35m[HTTP]&amp#27;[39m &amp#27;[90m&amp#27;[39m
&amp#27;[35m[HTTP]&amp#27;[39m &amp#27;[37m-->&amp#27;[39m &amp#27;[37mPOST&amp#27;[39m &amp#27;[37m/wd/hub/session/ba6f669b-bab9-41ad-8d19-a5530950698e/element/e3e71530-e4c3-43f6-af50-19f7a586508d/click&amp#27;[39m
&amp#27;[35m[HTTP]&amp#27;[39m &amp#27;[90m{"id":"e3e71530-e4c3-43f6-af50-19f7a586508d"}&amp#27;[39m
[debug] &amp#27;[35m[W3C (ba6f669b)]&amp#27;[39m Calling AppiumDriver.click() with args: ["e3e71530-e4c3-43f6-af50-19f7a586508d","ba6f669b-bab9-41ad-8d19-a5530950698e"]
[debug] &amp#27;[35m[WD Proxy]&amp#27;[39m Matched '/element/e3e71530-e4c3-43f6-af50-19f7a586508d/click' to command name 'click'
[debug] &amp#27;[35m[WD Proxy]&amp#27;[39m Proxying [POST /element/e3e71530-e4c3-43f6-af50-19f7a586508d/click] to [POST http://127.0.0.1:8203/wd/hub/session/132f3960-7c71-45f1-95bf-6dc4c0c80ff2/element/e3e71530-e4c3-43f6-af50-19f7a586508d/click] with body: {"element":"e3e71530-e4c3-43f6-af50-19f7a586508d"}
[debug] &amp#27;[35m[WD Proxy]&amp#27;[39m Got response with status 200: {"sessionId":"132f3960-7c71-45f1-95bf-6dc4c0c80ff2","value":null}
[debug] &amp#27;[35m[W3C (ba6f669b)]&amp#27;[39m Responding to client with driver.click() result: null
&amp#27;[35m[HTTP]&amp#27;[39m &amp#27;[37m<-- POST /wd/hub/session/ba6f669b-bab9-41ad-8d19-a5530950698e/element/e3e71530-e4c3-43f6-af50-19f7a586508d/click &amp#27;[39m&amp#27;[32m200&amp#27;[39m &amp#27;[90m24 ms - 14&amp#27;[39m
&amp#27;[35m[HTTP]&amp#27;[39m &amp#27;[90m&amp#27;[39m
&amp#27;[35m[HTTP]&amp#27;[39m &amp#27;[37m-->&amp#27;[39m &amp#27;[37mGET&amp#27;[39m &amp#27;[37m/wd/hub/session/ba6f669b-bab9-41ad-8d19-a5530950698e&amp#27;[39m
&amp#27;[35m[HTTP]&amp#27;[39m &amp#27;[90m{}&amp#27;[39m
[debug] &amp#27;[35m[W3C (ba6f669b)]&amp#27;[39m Calling AppiumDriver.getSession() with args: ["ba6f669b-bab9-41ad-8d19-a5530950698e"]
[debug] &amp#27;[35m[UiAutomator2]&amp#27;[39m Getting session details from server to mix in
[debug] &amp#27;[35m[WD Proxy]&amp#27;[39m Matched '/' to command name 'getSession'
[debug] &amp#27;[35m[WD Proxy]&amp#27;[39m Proxying [GET /] to [GET http://127.0.0.1:8203/wd/hub/session/132f3960-7c71-45f1-95bf-6dc4c0c80ff2] with no body
[debug] &amp#27;[35m[WD Proxy]&amp#27;[39m Got response with status 200: {"sessionId":"132f3960-7c71-45f1-95bf-6dc4c0c80ff2","value":{"lastScrollData":null}}
[debug] &amp#27;[35m[W3C (ba6f669b)]&amp#27;[39m Responding to client with driver.getSession() result: {"platform":"LINUX","webStorageEnabled":false,"takesScreenshot":true,"javascriptEnabled":true,"databaseEnabled":false,"networkConnectionEnabled":true,"locationContextEnabled":false,"warnings":{},"desired":{"platformName":"android","app":"C:\\Users\\Anis\\eclipse-workspace\\Appium\\src\\ApiDemos-debug.apk","deviceName":"Redmi","newCommandTimeout":14},"platformName":"android","app":"C:\\Users\\Anis\\eclipse-workspace\\Appium\\src\\ApiDemos-debug.apk","deviceName":"55272e729804","newCommandTimeout":14,"deviceUDID":"55272e729804","appPackage":"io.appium.android.apis","deviceApiLevel":24,"platformVersion":"7.0","deviceScreenSize":"1080x1920","deviceScreenDensity":480,"deviceModel":"Redmi Note 4","deviceManufacturer":"Xiaomi","pixelRatio":3,"statBarHeight":72,"viewportRect":{"left":0,"top":72,"width":1080,"height":1848},"lastScrollData":null}
&amp#27;[35m[HTTP]&amp#27;[39m &amp#27;[37m<-- GET /wd/hub/session/ba6f669b-bab9-41ad-8d19-a5530950698e &amp#27;[39m&amp#27;[32m200&amp#27;[39m &amp#27;[90m16 ms - 858&amp#27;[39m
&amp#27;[35m[HTTP]&amp#27;[39m &amp#27;[90m&amp#27;[39m
&amp#27;[35m[HTTP]&amp#27;[39m &amp#27;[37m-->&amp#27;[39m &amp#27;[37mPOST&amp#27;[39m &amp#27;[37m/wd/hub/session/ba6f669b-bab9-41ad-8d19-a5530950698e/element&amp#27;[39m
&amp#27;[35m[HTTP]&amp#27;[39m &amp#27;[90m{"using":"id","value":"io.appium.android.apis:id/sms_recipient"}&amp#27;[39m
[debug] &amp#27;[35m[W3C (ba6f669b)]&amp#27;[39m Calling AppiumDriver.findElement() with args: ["id","io.appium.android.apis:id/sms_recipient","ba6f669b-bab9-41ad-8d19-a5530950698e"]
[debug] &amp#27;[35m[BaseDriver]&amp#27;[39m Valid locator strategies for this request: xpath, id, class name, accessibility id, css selector, -android uiautomator
[debug] &amp#27;[35m[BaseDriver]&amp#27;[39m Waiting up to 10000 ms for condition
[debug] &amp#27;[35m[WD Proxy]&amp#27;[39m Matched '/element' to command name 'findElement'
[debug] &amp#27;[35m[WD Proxy]&amp#27;[39m Proxying [POST /element] to [POST http://127.0.0.1:8203/wd/hub/session/132f3960-7c71-45f1-95bf-6dc4c0c80ff2/element] with body: {"strategy":"id","selector":"io.appium.android.apis:id/sms_recipient","context":"","multiple":false}
[debug] &amp#27;[35m[WD Proxy]&amp#27;[39m Got response with status 200: {"sessionId":"132f3960-7c71-45f1-95bf-6dc4c0c80ff2","value":{"ELEMENT":"9202082d-fb19-4cfc-9429-20e54047b2bb","element-6066-11e4-a52e-4f735466cecf":"9202082d-fb19-4cfc-9429-20e54047b2bb"}}
[debug] &amp#27;[35m[W3C (ba6f669b)]&amp#27;[39m Responding to client with driver.findElement() result: {"element-6066-11e4-a52e-4f735466cecf":"9202082d-fb19-4cfc-9429-20e54047b2bb","ELEMENT":"9202082d-fb19-4cfc-9429-20e54047b2bb"}
&amp#27;[35m[HTTP]&amp#27;[39m &amp#27;[37m<-- POST /wd/hub/session/ba6f669b-bab9-41ad-8d19-a5530950698e/element &amp#27;[39m&amp#27;[32m200&amp#27;[39m &amp#27;[90m51 ms - 137&amp#27;[39m
&amp#27;[35m[HTTP]&amp#27;[39m &amp#27;[90m&amp#27;[39m
&amp#27;[35m[HTTP]&amp#27;[39m &amp#27;[37m-->&amp#27;[39m &amp#27;[37mPOST&amp#27;[39m &amp#27;[37m/wd/hub/session/ba6f669b-bab9-41ad-8d19-a5530950698e/element/9202082d-fb19-4cfc-9429-20e54047b2bb/value&amp#27;[39m
&amp#27;[35m[HTTP]&amp#27;[39m &amp#27;[90m{"id":"9202082d-fb19-4cfc-9429-20e54047b2bb","text":"9876543210","value":["9","8","7","6","5","4","3","2","1","0"]}&amp#27;[39m
[debug] &amp#27;[35m[W3C (ba6f669b)]&amp#27;[39m Calling AppiumDriver.setValue() with args: [["9","8","7","6","5","4","3","2","1","0"],"9202082d-fb19-4cfc-9429-20e54047b2bb","ba6f669b-bab9-41ad-8d19-a5530950698e"]
[debug] &amp#27;[35m[WD Proxy]&amp#27;[39m Matched '/element/9202082d-fb19-4cfc-9429-20e54047b2bb/value' to command name 'setValue'
[debug] &amp#27;[35m[Protocol Converter]&amp#27;[39m Added 'value' property ["9","8","7","6","5","4","3","2","1","0"] to 'setValue' request body
[debug] &amp#27;[35m[WD Proxy]&amp#27;[39m Proxying [POST /element/9202082d-fb19-4cfc-9429-20e54047b2bb/value] to [POST http://127.0.0.1:8203/wd/hub/session/132f3960-7c71-45f1-95bf-6dc4c0c80ff2/element/9202082d-fb19-4cfc-9429-20e54047b2bb/value] with body: {"elementId":"9202082d-fb19-4cfc-9429-20e54047b2bb","text":"9876543210","replace":false,"value":["9","8","7","6","5","4","3","2","1","0"]}
[debug] &amp#27;[35m[WD Proxy]&amp#27;[39m Got response with status 200: {"sessionId":"132f3960-7c71-45f1-95bf-6dc4c0c80ff2","value":null}
[debug] &amp#27;[35m[W3C (ba6f669b)]&amp#27;[39m Responding to client with driver.setValue() result: null
&amp#27;[35m[HTTP]&amp#27;[39m &amp#27;[37m<-- POST /wd/hub/session/ba6f669b-bab9-41ad-8d19-a5530950698e/element/9202082d-fb19-4cfc-9429-20e54047b2bb/value &amp#27;[39m&amp#27;[32m200&amp#27;[39m &amp#27;[90m1097 ms - 14&amp#27;[39m
&amp#27;[35m[HTTP]&amp#27;[39m &amp#27;[90m&amp#27;[39m
&amp#27;[35m[HTTP]&amp#27;[39m &amp#27;[37m-->&amp#27;[39m &amp#27;[37mGET&amp#27;[39m &amp#27;[37m/wd/hub/session/ba6f669b-bab9-41ad-8d19-a5530950698e&amp#27;[39m
&amp#27;[35m[HTTP]&amp#27;[39m &amp#27;[90m{}&amp#27;[39m
[debug] &amp#27;[35m[W3C (ba6f669b)]&amp#27;[39m Calling AppiumDriver.getSession() with args: ["ba6f669b-bab9-41ad-8d19-a5530950698e"]
[debug] &amp#27;[35m[UiAutomator2]&amp#27;[39m Getting session details from server to mix in
[debug] &amp#27;[35m[WD Proxy]&amp#27;[39m Matched '/' to command name 'getSession'
[debug] &amp#27;[35m[WD Proxy]&amp#27;[39m Proxying [GET /] to [GET http://127.0.0.1:8203/wd/hub/session/132f3960-7c71-45f1-95bf-6dc4c0c80ff2] with no body
[debug] &amp#27;[35m[WD Proxy]&amp#27;[39m Got response with status 200: {"sessionId":"132f3960-7c71-45f1-95bf-6dc4c0c80ff2","value":{"lastScrollData":null}}
[debug] &amp#27;[35m[W3C (ba6f669b)]&amp#27;[39m Responding to client with driver.getSession() result: {"platform":"LINUX","webStorageEnabled":false,"takesScreenshot":true,"javascriptEnabled":true,"databaseEnabled":false,"networkConnectionEnabled":true,"locationContextEnabled":false,"warnings":{},"desired":{"platformName":"android","app":"C:\\Users\\Anis\\eclipse-workspace\\Appium\\src\\ApiDemos-debug.apk","deviceName":"Redmi","newCommandTimeout":14},"platformName":"android","app":"C:\\Users\\Anis\\eclipse-workspace\\Appium\\src\\ApiDemos-debug.apk","deviceName":"55272e729804","newCommandTimeout":14,"deviceUDID":"55272e729804","appPackage":"io.appium.android.apis","deviceApiLevel":24,"platformVersion":"7.0","deviceScreenSize":"1080x1920","deviceScreenDensity":480,"deviceModel":"Redmi Note 4","deviceManufacturer":"Xiaomi","pixelRatio":3,"statBarHeight":72,"viewportRect":{"left":0,"top":72,"width":1080,"height":1848},"lastScrollData":null}
&amp#27;[35m[HTTP]&amp#27;[39m &amp#27;[37m<-- GET /wd/hub/session/ba6f669b-bab9-41ad-8d19-a5530950698e &amp#27;[39m&amp#27;[32m200&amp#27;[39m &amp#27;[90m17 ms - 858&amp#27;[39m
&amp#27;[35m[HTTP]&amp#27;[39m &amp#27;[90m&amp#27;[39m
&amp#27;[35m[HTTP]&amp#27;[39m &amp#27;[37m-->&amp#27;[39m &amp#27;[37mPOST&amp#27;[39m &amp#27;[37m/wd/hub/session/ba6f669b-bab9-41ad-8d19-a5530950698e/element&amp#27;[39m
&amp#27;[35m[HTTP]&amp#27;[39m &amp#27;[90m{"using":"id","value":"io.appium.android.apis:id/sms_content"}&amp#27;[39m
[debug] &amp#27;[35m[W3C (ba6f669b)]&amp#27;[39m Calling AppiumDriver.findElement() with args: ["id","io.appium.android.apis:id/sms_content","ba6f669b-bab9-41ad-8d19-a5530950698e"]
[debug] &amp#27;[35m[BaseDriver]&amp#27;[39m Valid locator strategies for this request: xpath, id, class name, accessibility id, css selector, -android uiautomator
[debug] &amp#27;[35m[BaseDriver]&amp#27;[39m Waiting up to 10000 ms for condition
[debug] &amp#27;[35m[WD Proxy]&amp#27;[39m Matched '/element' to command name 'findElement'
[debug] &amp#27;[35m[WD Proxy]&amp#27;[39m Proxying [POST /element] to [POST http://127.0.0.1:8203/wd/hub/session/132f3960-7c71-45f1-95bf-6dc4c0c80ff2/element] with body: {"strategy":"id","selector":"io.appium.android.apis:id/sms_content","context":"","multiple":false}
[debug] &amp#27;[35m[WD Proxy]&amp#27;[39m Got response with status 200: {"sessionId":"132f3960-7c71-45f1-95bf-6dc4c0c80ff2","value":{"ELEMENT":"cdf576fe-d6ee-4604-abc3-4a28a9048fa8","element-6066-11e4-a52e-4f735466cecf":"cdf576fe-d6ee-4604-abc3-4a28a9048fa8"}}
[debug] &amp#27;[35m[W3C (ba6f669b)]&amp#27;[39m Responding to client with driver.findElement() result: {"element-6066-11e4-a52e-4f735466cecf":"cdf576fe-d6ee-4604-abc3-4a28a9048fa8","ELEMENT":"cdf576fe-d6ee-4604-abc3-4a28a9048fa8"}
&amp#27;[35m[HTTP]&amp#27;[39m &amp#27;[37m<-- POST /wd/hub/session/ba6f669b-bab9-41ad-8d19-a5530950698e/element &amp#27;[39m&amp#27;[32m200&amp#27;[39m &amp#27;[90m489 ms - 137&amp#27;[39m
&amp#27;[35m[HTTP]&amp#27;[39m &amp#27;[90m&amp#27;[39m
&amp#27;[35m[HTTP]&amp#27;[39m &amp#27;[37m-->&amp#27;[39m &amp#27;[37mPOST&amp#27;[39m &amp#27;[37m/wd/hub/session/ba6f669b-bab9-41ad-8d19-a5530950698e/element/cdf576fe-d6ee-4604-abc3-4a28a9048fa8/value&amp#27;[39m
&amp#27;[35m[HTTP]&amp#27;[39m &amp#27;[90m{"id":"cdf576fe-d6ee-4604-abc3-4a28a9048fa8","text":"Welcome to AppSierra","value":["W","e","l","c","o","m","e"," ","t","o"," ","A","p","p","S","i","e","r","r","a"]}&amp#27;[39m
[debug] &amp#27;[35m[W3C (ba6f669b)]&amp#27;[39m Calling AppiumDriver.setValue() with args: [["W","e","l","c","o","m","e"," ","t","o"," ","A","p","p","S","i","e","r","r","a"],"cdf576fe-d6ee-4604-abc3-4a28a9048fa8","ba6f669b-bab9-41ad-8d19-a5530950698e"]
[debug] &amp#27;[35m[WD Proxy]&amp#27;[39m Matched '/element/cdf576fe-d6ee-4604-abc3-4a28a9048fa8/value' to command name 'setValue'
[debug] &amp#27;[35m[Protocol Converter]&amp#27;[39m Added 'value' property ["W","e","l","c","o","m","e"," ","t","o"," ","A","p","p","S","i","e","r","r","a"] to 'setValue' request body
[debug] &amp#27;[35m[WD Proxy]&amp#27;[39m Proxying [POST /element/cdf576fe-d6ee-4604-abc3-4a28a9048fa8/value] to [POST http://127.0.0.1:8203/wd/hub/session/132f3960-7c71-45f1-95bf-6dc4c0c80ff2/element/cdf576fe-d6ee-4604-abc3-4a28a9048fa8/value] with body: {"elementId":"cdf576fe-d6ee-4604-abc3-4a28a9048fa8","text":"Welcome to AppSierra","replace":false,"value":["W","e","l","c","o","m","e"," ","t","o"," ","A","p","p","S","i","e","r","r","a"]}
[debug] &amp#27;[35m[WD Proxy]&amp#27;[39m Got response with status 200: {"sessionId":"132f3960-7c71-45f1-95bf-6dc4c0c80ff2","value":null}
[debug] &amp#27;[35m[W3C (ba6f669b)]&amp#27;[39m Responding to client with driver.setValue() result: null
&amp#27;[35m[HTTP]&amp#27;[39m &amp#27;[37m<-- POST /wd/hub/session/ba6f669b-bab9-41ad-8d19-a5530950698e/element/cdf576fe-d6ee-4604-abc3-4a28a9048fa8/value &amp#27;[39m&amp#27;[32m200&amp#27;[39m &amp#27;[90m44 ms - 14&amp#27;[39m
&amp#27;[35m[HTTP]&amp#27;[39m &amp#27;[90m&amp#27;[39m
&amp#27;[35m[HTTP]&amp#27;[39m &amp#27;[37m-->&amp#27;[39m &amp#27;[37mGET&amp#27;[39m &amp#27;[37m/wd/hub/session/ba6f669b-bab9-41ad-8d19-a5530950698e&amp#27;[39m
&amp#27;[35m[HTTP]&amp#27;[39m &amp#27;[90m{}&amp#27;[39m
[debug] &amp#27;[35m[W3C (ba6f669b)]&amp#27;[39m Calling AppiumDriver.getSession() with args: ["ba6f669b-bab9-41ad-8d19-a5530950698e"]
[debug] &amp#27;[35m[UiAutomator2]&amp#27;[39m Getting session details from server to mix in
[debug] &amp#27;[35m[WD Proxy]&amp#27;[39m Matched '/' to command name 'getSession'
[debug] &amp#27;[35m[WD Proxy]&amp#27;[39m Proxying [GET /] to [GET http://127.0.0.1:8203/wd/hub/session/132f3960-7c71-45f1-95bf-6dc4c0c80ff2] with no body
[debug] &amp#27;[35m[WD Proxy]&amp#27;[39m Got response with status 200: {"sessionId":"132f3960-7c71-45f1-95bf-6dc4c0c80ff2","value":{"lastScrollData":null}}
[debug] &amp#27;[35m[W3C (ba6f669b)]&amp#27;[39m Responding to client with driver.getSession() result: {"platform":"LINUX","webStorageEnabled":false,"takesScreenshot":true,"javascriptEnabled":true,"databaseEnabled":false,"networkConnectionEnabled":true,"locationContextEnabled":false,"warnings":{},"desired":{"platformName":"android","app":"C:\\Users\\Anis\\eclipse-workspace\\Appium\\src\\ApiDemos-debug.apk","deviceName":"Redmi","newCommandTimeout":14},"platformName":"android","app":"C:\\Users\\Anis\\eclipse-workspace\\Appium\\src\\ApiDemos-debug.apk","deviceName":"55272e729804","newCommandTimeout":14,"deviceUDID":"55272e729804","appPackage":"io.appium.android.apis","deviceApiLevel":24,"platformVersion":"7.0","deviceScreenSize":"1080x1920","deviceScreenDensity":480,"deviceModel":"Redmi Note 4","deviceManufacturer":"Xiaomi","pixelRatio":3,"statBarHeight":72,"viewportRect":{"left":0,"top":72,"width":1080,"height":1848},"lastScrollData":null}
&amp#27;[35m[HTTP]&amp#27;[39m &amp#27;[37m<-- GET /wd/hub/session/ba6f669b-bab9-41ad-8d19-a5530950698e &amp#27;[39m&amp#27;[32m200&amp#27;[39m &amp#27;[90m16 ms - 858&amp#27;[39m
&amp#27;[35m[HTTP]&amp#27;[39m &amp#27;[90m&amp#27;[39m
&amp#27;[35m[HTTP]&amp#27;[39m &amp#27;[37m-->&amp#27;[39m &amp#27;[37mPOST&amp#27;[39m &amp#27;[37m/wd/hub/session/ba6f669b-bab9-41ad-8d19-a5530950698e/element&amp#27;[39m
&amp#27;[35m[HTTP]&amp#27;[39m &amp#27;[90m{"using":"id","value":"io.appium.android.apis:id/sms_send_message"}&amp#27;[39m
[debug] &amp#27;[35m[W3C (ba6f669b)]&amp#27;[39m Calling AppiumDriver.findElement() with args: ["id","io.appium.android.apis:id/sms_send_message","ba6f669b-bab9-41ad-8d19-a5530950698e"]
[debug] &amp#27;[35m[BaseDriver]&amp#27;[39m Valid locator strategies for this request: xpath, id, class name, accessibility id, css selector, -android uiautomator
[debug] &amp#27;[35m[BaseDriver]&amp#27;[39m Waiting up to 10000 ms for condition
[debug] &amp#27;[35m[WD Proxy]&amp#27;[39m Matched '/element' to command name 'findElement'
[debug] &amp#27;[35m[WD Proxy]&amp#27;[39m Proxying [POST /element] to [POST http://127.0.0.1:8203/wd/hub/session/132f3960-7c71-45f1-95bf-6dc4c0c80ff2/element] with body: {"strategy":"id","selector":"io.appium.android.apis:id/sms_send_message","context":"","multiple":false}
[debug] &amp#27;[35m[WD Proxy]&amp#27;[39m Got response with status 200: {"sessionId":"132f3960-7c71-45f1-95bf-6dc4c0c80ff2","value":{"ELEMENT":"aa16fc7c-c13f-4796-ad09-b3469dae53cd","element-6066-11e4-a52e-4f735466cecf":"aa16fc7c-c13f-4796-ad09-b3469dae53cd"}}
[debug] &amp#27;[35m[W3C (ba6f669b)]&amp#27;[39m Responding to client with driver.findElement() result: {"element-6066-11e4-a52e-4f735466cecf":"aa16fc7c-c13f-4796-ad09-b3469dae53cd","ELEMENT":"aa16fc7c-c13f-4796-ad09-b3469dae53cd"}
&amp#27;[35m[HTTP]&amp#27;[39m &amp#27;[37m<-- POST /wd/hub/session/ba6f669b-bab9-41ad-8d19-a5530950698e/element &amp#27;[39m&amp#27;[32m200&amp#27;[39m &amp#27;[90m478 ms - 137&amp#27;[39m
&amp#27;[35m[HTTP]&amp#27;[39m &amp#27;[90m&amp#27;[39m
&amp#27;[35m[HTTP]&amp#27;[39m &amp#27;[37m-->&amp#27;[39m &amp#27;[37mPOST&amp#27;[39m &amp#27;[37m/wd/hub/session/ba6f669b-bab9-41ad-8d19-a5530950698e/element/aa16fc7c-c13f-4796-ad09-b3469dae53cd/click&amp#27;[39m
&amp#27;[35m[HTTP]&amp#27;[39m &amp#27;[90m{"id":"aa16fc7c-c13f-4796-ad09-b3469dae53cd"}&amp#27;[39m
[debug] &amp#27;[35m[W3C (ba6f669b)]&amp#27;[39m Calling AppiumDriver.click() with args: ["aa16fc7c-c13f-4796-ad09-b3469dae53cd","ba6f669b-bab9-41ad-8d19-a5530950698e"]
[debug] &amp#27;[35m[WD Proxy]&amp#27;[39m Matched '/element/aa16fc7c-c13f-4796-ad09-b3469dae53cd/click' to command name 'click'
[debug] &amp#27;[35m[WD Proxy]&amp#27;[39m Proxying [POST /element/aa16fc7c-c13f-4796-ad09-b3469dae53cd/click] to [POST http://127.0.0.1:8203/wd/hub/session/132f3960-7c71-45f1-95bf-6dc4c0c80ff2/element/aa16fc7c-c13f-4796-ad09-b3469dae53cd/click] with body: {"element":"aa16fc7c-c13f-4796-ad09-b3469dae53cd"}
[debug] &amp#27;[35m[WD Proxy]&amp#27;[39m Got response with status 200: {"sessionId":"132f3960-7c71-45f1-95bf-6dc4c0c80ff2","value":null}
[debug] &amp#27;[35m[W3C (ba6f669b)]&amp#27;[39m Responding to client with driver.click() result: null
&amp#27;[35m[HTTP]&amp#27;[39m &amp#27;[37m<-- POST /wd/hub/session/ba6f669b-bab9-41ad-8d19-a5530950698e/element/aa16fc7c-c13f-4796-ad09-b3469dae53cd/click &amp#27;[39m&amp#27;[32m200&amp#27;[39m &amp#27;[90m37 ms - 14&amp#27;[39m
&amp#27;[35m[HTTP]&amp#27;[39m &amp#27;[90m&amp#27;[39m
]]></system-out>
    <system-err><![CDATA[Jun 15, 2021 11:14:50 AM io.appium.java_client.remote.AppiumCommandExecutor$1 lambda$0
INFO: Detected dialect: W3C
]]></system-err>
  </testcase>
  <testcase name="viewsTest" classname="ApiDemoTest" time="5.073">
    <system-out><![CDATA[&amp#27;[35m[Appium]&amp#27;[39m Welcome to Appium v1.21.0
&amp#27;[35m[Appium]&amp#27;[39m Appium REST http interface listener started on 0.0.0.0:4723
&amp#27;[35m[HTTP]&amp#27;[39m &amp#27;[37m-->&amp#27;[39m &amp#27;[37mGET&amp#27;[39m &amp#27;[37m/wd/hub/status&amp#27;[39m
&amp#27;[35m[HTTP]&amp#27;[39m &amp#27;[90m{}&amp#27;[39m
[debug] &amp#27;[35m[GENERIC]&amp#27;[39m Calling AppiumDriver.getStatus() with args: []
[debug] &amp#27;[35m[GENERIC]&amp#27;[39m Responding to client with driver.getStatus() result: {"build":{"version":"1.21.0"}}
&amp#27;[35m[HTTP]&amp#27;[39m &amp#27;[37m<-- GET /wd/hub/status &amp#27;[39m&amp#27;[32m200&amp#27;[39m &amp#27;[90m6 ms - 68&amp#27;[39m
&amp#27;[35m[HTTP]&amp#27;[39m &amp#27;[90m&amp#27;[39m
&amp#27;[35m[HTTP]&amp#27;[39m &amp#27;[37m-->&amp#27;[39m &amp#27;[37mPOST&amp#27;[39m &amp#27;[37m/wd/hub/session&amp#27;[39m
&amp#27;[35m[HTTP]&amp#27;[39m &amp#27;[90m{"desiredCapabilities":{"app":"C:\\Users\\Anis\\eclipse-workspace\\Appium\\src\\ApiDemos-debug.apk","platformName":"Android","deviceName":"Redmi","newCommandTimeout":14},"capabilities":{"firstMatch":[{"appium:app":"C:\\Users\\Anis\\eclipse-workspace\\Appium\\src\\ApiDemos-debug.apk","appium:deviceName":"Redmi","appium:newCommandTimeout":14,"platformName":"android"}]}}&amp#27;[39m
[debug] &amp#27;[35m[W3C]&amp#27;[39m Calling AppiumDriver.createSession() with args: [{"app":"C:\\Users\\Anis\\eclipse-workspace\\Appium\\src\\ApiDemos-debug.apk","platformName":"Android","deviceName":"Redmi","newCommandTimeout":14},null,{"firstMatch":[{"appium:app":"C:\\Users\\Anis\\eclipse-workspace\\Appium\\src\\ApiDemos-debug.apk","appium:deviceName":"Redmi","appium:newCommandTimeout":14,"platformName":"android"}]}]
[debug] &amp#27;[35m[BaseDriver]&amp#27;[39m Event 'newSessionRequested' logged at 1623735898549 (11:14:58 GMT+0530 (India Standard Time))
&amp#27;[35m[Appium]&amp#27;[39m 
&amp#27;[35m[Appium]&amp#27;[39m ======================================================================
&amp#27;[35m[Appium]&amp#27;[39m   DEPRECATION WARNING:
&amp#27;[35m[Appium]&amp#27;[39m 
&amp#27;[35m[Appium]&amp#27;[39m   The 'automationName' capability was not provided in the desired 
&amp#27;[35m[Appium]&amp#27;[39m   capabilities for this Android session
&amp#27;[35m[Appium]&amp#27;[39m 
&amp#27;[35m[Appium]&amp#27;[39m   Setting 'automationName=UiAutomator2' by default and using the 
&amp#27;[35m[Appium]&amp#27;[39m   UiAutomator2 Driver
&amp#27;[35m[Appium]&amp#27;[39m 
&amp#27;[35m[Appium]&amp#27;[39m   The next major version of Appium (2.x) will **require** the 
&amp#27;[35m[Appium]&amp#27;[39m   'automationName' capability to be set for all sessions on all 
&amp#27;[35m[Appium]&amp#27;[39m   platforms
&amp#27;[35m[Appium]&amp#27;[39m 
&amp#27;[35m[Appium]&amp#27;[39m   In previous versions (Appium <= 1.13.x), the default was 
&amp#27;[35m[Appium]&amp#27;[39m   'automationName=UiAutomator1'
&amp#27;[35m[Appium]&amp#27;[39m 
&amp#27;[35m[Appium]&amp#27;[39m   If you wish to use that automation instead of UiAutomator2, please 
&amp#27;[35m[Appium]&amp#27;[39m   add 'automationName=UiAutomator1' to your desired capabilities
&amp#27;[35m[Appium]&amp#27;[39m 
&amp#27;[35m[Appium]&amp#27;[39m   For more information about drivers, please visit 
&amp#27;[35m[Appium]&amp#27;[39m   http://appium.io/docs/en/about-appium/intro/ and explore the 
&amp#27;[35m[Appium]&amp#27;[39m   'Drivers' menu
&amp#27;[35m[Appium]&amp#27;[39m 
&amp#27;[35m[Appium]&amp#27;[39m ======================================================================
&amp#27;[35m[Appium]&amp#27;[39m 
&amp#27;[35m[Appium]&amp#27;[39m Appium v1.21.0 creating new AndroidUiautomator2Driver (v1.65.0) session
[debug] &amp#27;[35m[BaseDriver]&amp#27;[39m W3C capabilities and MJSONWP desired capabilities were provided
[debug] &amp#27;[35m[BaseDriver]&amp#27;[39m Creating session with W3C capabilities: {
[debug] &amp#27;[35m[BaseDriver]&amp#27;[39m   "alwaysMatch": {
[debug] &amp#27;[35m[BaseDriver]&amp#27;[39m     "platformName": "android",
[debug] &amp#27;[35m[BaseDriver]&amp#27;[39m     "appium:app": "C:\\Users\\Anis\\eclipse-workspace\\Appium\\src\\ApiDemos-debug.apk",
[debug] &amp#27;[35m[BaseDriver]&amp#27;[39m     "appium:deviceName": "Redmi",
[debug] &amp#27;[35m[BaseDriver]&amp#27;[39m     "appium:newCommandTimeout": 14
[debug] &amp#27;[35m[BaseDriver]&amp#27;[39m   },
[debug] &amp#27;[35m[BaseDriver]&amp#27;[39m   "firstMatch": [
[debug] &amp#27;[35m[BaseDriver]&amp#27;[39m     {}
[debug] &amp#27;[35m[BaseDriver]&amp#27;[39m   ]
[debug] &amp#27;[35m[BaseDriver]&amp#27;[39m }
&amp#27;[35m[BaseDriver]&amp#27;[39m Session created with session id: 554ae8a8-c0a1-43c8-90dc-1008b59b52bf
&amp#27;[35m[BaseDriver]&amp#27;[39m Using local app 'C:\Users\Anis\eclipse-workspace\Appium\src\ApiDemos-debug.apk'
[debug] &amp#27;[35m[UiAutomator2]&amp#27;[39m Checking whether app is actually present
&amp#27;[35m[ADB]&amp#27;[39m Found 2 'build-tools' folders under 'C:\Users\Anis\AppData\Local\Android\Sdk' (newest first):
&amp#27;[35m[ADB]&amp#27;[39m     C:/Users/Anis/AppData/Local/Android/Sdk/build-tools/31.0.0-rc4
&amp#27;[35m[ADB]&amp#27;[39m     C:/Users/Anis/AppData/Local/Android/Sdk/build-tools/30.0.3
&amp#27;[35m[ADB]&amp#27;[39m Using 'adb.exe' from 'C:\Users\Anis\AppData\Local\Android\Sdk\platform-tools\adb.exe'
[debug] &amp#27;[35m[ADB]&amp#27;[39m Running 'C:\Users\Anis\AppData\Local\Android\Sdk\platform-tools\adb.exe -P 5037 start-server'
&amp#27;[35m[AndroidDriver]&amp#27;[39m Retrieving device list
[debug] &amp#27;[35m[ADB]&amp#27;[39m Trying to find a connected android device
[debug] &amp#27;[35m[ADB]&amp#27;[39m Getting connected devices
[debug] &amp#27;[35m[ADB]&amp#27;[39m Connected devices: [{"udid":"55272e729804","state":"device"}]
&amp#27;[35m[AndroidDriver]&amp#27;[39m Using device: 55272e729804
&amp#27;[35m[ADB]&amp#27;[39m Using 'adb.exe' from 'C:\Users\Anis\AppData\Local\Android\Sdk\platform-tools\adb.exe'
[debug] &amp#27;[35m[ADB]&amp#27;[39m Running 'C:\Users\Anis\AppData\Local\Android\Sdk\platform-tools\adb.exe -P 5037 start-server'
[debug] &amp#27;[35m[ADB]&amp#27;[39m Setting device id to 55272e729804
[debug] &amp#27;[35m[ADB]&amp#27;[39m Running 'C:\Users\Anis\AppData\Local\Android\Sdk\platform-tools\adb.exe -P 5037 -s 55272e729804 shell getprop ro.build.version.sdk'
[debug] &amp#27;[35m[ADB]&amp#27;[39m Current device property 'ro.build.version.sdk': 24
[debug] &amp#27;[35m[ADB]&amp#27;[39m Device API level: 24
[debug] &amp#27;[35m[AndroidDriver]&amp#27;[39m Parsing package and activity from app manifest
&amp#27;[35m[ADB]&amp#27;[39m Package name: 'io.appium.android.apis'
&amp#27;[35m[ADB]&amp#27;[39m Main activity name: 'ApiDemos'
[debug] &amp#27;[35m[AndroidDriver]&amp#27;[39m Parsed package and activity are: io.appium.android.apis/ApiDemos
[debug] &amp#27;[35m[ADB]&amp#27;[39m Running 'C:\Users\Anis\AppData\Local\Android\Sdk\platform-tools\adb.exe -P 5037 -s 55272e729804 wait-for-device'
[debug] &amp#27;[35m[ADB]&amp#27;[39m Running 'C:\Users\Anis\AppData\Local\Android\Sdk\platform-tools\adb.exe -P 5037 -s 55272e729804 shell echo ping'
[debug] &amp#27;[35m[AndroidDriver]&amp#27;[39m Pushing settings apk to device...
[debug] &amp#27;[35m[ADB]&amp#27;[39m Getting install status for io.appium.settings
[debug] &amp#27;[35m[ADB]&amp#27;[39m Running 'C:\Users\Anis\AppData\Local\Android\Sdk\platform-tools\adb.exe -P 5037 -s 55272e729804 shell dumpsys package io.appium.settings'
[debug] &amp#27;[35m[ADB]&amp#27;[39m 'io.appium.settings' is installed
[debug] &amp#27;[35m[ADB]&amp#27;[39m Getting package info for 'io.appium.settings'
[debug] &amp#27;[35m[ADB]&amp#27;[39m Running 'C:\Users\Anis\AppData\Local\Android\Sdk\platform-tools\adb.exe -P 5037 -s 55272e729804 shell dumpsys package io.appium.settings'
[debug] &amp#27;[35m[ADB]&amp#27;[39m The version name of the installed 'io.appium.settings' is greater or equal to the application version name ('3.3.0' >= '3.3.0')
[debug] &amp#27;[35m[ADB]&amp#27;[39m There is no need to install/upgrade 'C:\Users\Anis\AppData\Roaming\npm\node_modules\appium\node_modules\io.appium.settings\apks\settings_apk-debug.apk'
[debug] &amp#27;[35m[ADB]&amp#27;[39m Getting IDs of all 'io.appium.settings' processes
[debug] &amp#27;[35m[ADB]&amp#27;[39m Running 'C:\Users\Anis\AppData\Local\Android\Sdk\platform-tools\adb.exe -P 5037 -s 55272e729804 shell 'pgrep --help; echo $?''
[debug] &amp#27;[35m[ADB]&amp#27;[39m Running 'C:\Users\Anis\AppData\Local\Android\Sdk\platform-tools\adb.exe -P 5037 -s 55272e729804 shell 'pgrep ^appium\\.settings$ || pgrep ^io\\.appium\\.setti$''
[debug] &amp#27;[35m[ADB]&amp#27;[39m Getting IDs of all 'io.appium.settings' processes
[debug] &amp#27;[35m[ADB]&amp#27;[39m Running 'C:\Users\Anis\AppData\Local\Android\Sdk\platform-tools\adb.exe -P 5037 -s 55272e729804 shell 'pgrep ^appium\\.settings$ || pgrep ^io\\.appium\\.setti$''
[debug] &amp#27;[35m[ADB]&amp#27;[39m Starting Appium Settings app
[debug] &amp#27;[35m[ADB]&amp#27;[39m Running 'C:\Users\Anis\AppData\Local\Android\Sdk\platform-tools\adb.exe -P 5037 -s 55272e729804 shell am start -n io.appium.settings/.Settings -a android.intent.action.MAIN -c android.intent.category.LAUNCHER'
[debug] &amp#27;[35m[ADB]&amp#27;[39m Getting IDs of all 'io.appium.settings' processes
[debug] &amp#27;[35m[ADB]&amp#27;[39m Running 'C:\Users\Anis\AppData\Local\Android\Sdk\platform-tools\adb.exe -P 5037 -s 55272e729804 shell 'pgrep ^appium\\.settings$ || pgrep ^io\\.appium\\.setti$''
[debug] &amp#27;[35m[ADB]&amp#27;[39m Running 'C:\Users\Anis\AppData\Local\Android\Sdk\platform-tools\adb.exe -P 5037 -s 55272e729804 shell appops set io.appium.settings android:mock_location allow'
[debug] &amp#27;[35m[Logcat]&amp#27;[39m Starting logs capture with command: C:\\Users\\Anis\\AppData\\Local\\Android\\Sdk\\platform-tools\\adb.exe -P 5037 -s 55272e729804 logcat -v threadtime
[debug] &amp#27;[35m[UiAutomator2]&amp#27;[39m Forwarding UiAutomator2 Server port 6790 to local port 8204
[debug] &amp#27;[35m[ADB]&amp#27;[39m Forwarding system: 8204 to device: 6790
[debug] &amp#27;[35m[ADB]&amp#27;[39m Running 'C:\Users\Anis\AppData\Local\Android\Sdk\platform-tools\adb.exe -P 5037 -s 55272e729804 forward tcp:8204 tcp:6790'
[debug] &amp#27;[35m[ADB]&amp#27;[39m Getting install status for io.appium.uiautomator2.server
[debug] &amp#27;[35m[ADB]&amp#27;[39m Running 'C:\Users\Anis\AppData\Local\Android\Sdk\platform-tools\adb.exe -P 5037 -s 55272e729804 shell dumpsys package io.appium.uiautomator2.server'
[debug] &amp#27;[35m[ADB]&amp#27;[39m 'io.appium.uiautomator2.server' is installed
[debug] &amp#27;[35m[ADB]&amp#27;[39m Getting package info for 'io.appium.uiautomator2.server'
[debug] &amp#27;[35m[ADB]&amp#27;[39m Running 'C:\Users\Anis\AppData\Local\Android\Sdk\platform-tools\adb.exe -P 5037 -s 55272e729804 shell dumpsys package io.appium.uiautomator2.server'
[debug] &amp#27;[35m[ADB]&amp#27;[39m The version name of the installed 'io.appium.uiautomator2.server' is greater or equal to the application version name ('4.21.1' >= '4.21.1')
[debug] &amp#27;[35m[UiAutomator2]&amp#27;[39m io.appium.uiautomator2.server installation state: sameVersionInstalled
[debug] &amp#27;[35m[ADB]&amp#27;[39m Checking app cert for C:\Users\Anis\AppData\Roaming\npm\node_modules\appium\node_modules\appium-uiautomator2-server\apks\appium-uiautomator2-server-v4.21.1.apk
&amp#27;[35m[ADB]&amp#27;[39m Using 'apksigner.jar' from 'C:\Users\Anis\AppData\Local\Android\Sdk\build-tools\31.0.0-rc4\lib\apksigner.jar'
[debug] &amp#27;[35m[ADB]&amp#27;[39m Starting apksigner: 'C:\\Program Files\\Java\\jdk-11.0.11\\bin\\java.exe' -Xmx1024M -Xss1m -jar C:\\Users\\Anis\\AppData\\Local\\Android\\Sdk\\build-tools\\31.0.0-rc4\\lib\\apksigner.jar verify --print-certs C:\\Users\\Anis\\AppData\\Roaming\\npm\\node_modules\\appium\\node_modules\\appium-uiautomator2-server\\apks\\appium-uiautomator2-server-v4.21.1.apk
[debug] &amp#27;[35m[ADB]&amp#27;[39m apksigner stdout: Signer #1 certificate DN: EMAILADDRESS=android@android.com, CN=Android, OU=Android, O=Android, L=Mountain View, ST=California, C=US
[debug] &amp#27;[35m[ADB]&amp#27;[39m Signer #1 certificate SHA-256 digest: a40da80a59d170caa950cf15c18c454d47a39b26989d8b640ecd745ba71bf5dc
[debug] &amp#27;[35m[ADB]&amp#27;[39m Signer #1 certificate SHA-1 digest: 61ed377e85d386a8dfee6b864bd85b0bfaa5af81
[debug] &amp#27;[35m[ADB]&amp#27;[39m Signer #1 certificate MD5 digest: e89b158e4bcf988ebd09eb83f5378e87
[debug] &amp#27;[35m[ADB]&amp#27;[39m 
[debug] &amp#27;[35m[ADB]&amp#27;[39m sha256 hash did match for 'appium-uiautomator2-server-v4.21.1.apk'
&amp#27;[35m[ADB]&amp#27;[39m 'C:\Users\Anis\AppData\Roaming\npm\node_modules\appium\node_modules\appium-uiautomator2-server\apks\appium-uiautomator2-server-v4.21.1.apk' is signed with the default certificate
[debug] &amp#27;[35m[ADB]&amp#27;[39m Getting install status for io.appium.uiautomator2.server.test
[debug] &amp#27;[35m[ADB]&amp#27;[39m Running 'C:\Users\Anis\AppData\Local\Android\Sdk\platform-tools\adb.exe -P 5037 -s 55272e729804 shell dumpsys package io.appium.uiautomator2.server.test'
[debug] &amp#27;[35m[ADB]&amp#27;[39m 'io.appium.uiautomator2.server.test' is installed
[debug] &amp#27;[35m[ADB]&amp#27;[39m Checking app cert for C:\Users\Anis\AppData\Roaming\npm\node_modules\appium\node_modules\appium-uiautomator2-server\apks\appium-uiautomator2-server-debug-androidTest.apk
[debug] &amp#27;[35m[ADB]&amp#27;[39m Starting apksigner: 'C:\\Program Files\\Java\\jdk-11.0.11\\bin\\java.exe' -Xmx1024M -Xss1m -jar C:\\Users\\Anis\\AppData\\Local\\Android\\Sdk\\build-tools\\31.0.0-rc4\\lib\\apksigner.jar verify --print-certs C:\\Users\\Anis\\AppData\\Roaming\\npm\\node_modules\\appium\\node_modules\\appium-uiautomator2-server\\apks\\appium-uiautomator2-server-debug-androidTest.apk
[debug] &amp#27;[35m[ADB]&amp#27;[39m apksigner stdout: Signer #1 certificate DN: EMAILADDRESS=android@android.com, CN=Android, OU=Android, O=Android, L=Mountain View, ST=California, C=US
[debug] &amp#27;[35m[ADB]&amp#27;[39m Signer #1 certificate SHA-256 digest: a40da80a59d170caa950cf15c18c454d47a39b26989d8b640ecd745ba71bf5dc
[debug] &amp#27;[35m[ADB]&amp#27;[39m Signer #1 certificate SHA-1 digest: 61ed377e85d386a8dfee6b864bd85b0bfaa5af81
[debug] &amp#27;[35m[ADB]&amp#27;[39m Signer #1 certificate MD5 digest: e89b158e4bcf988ebd09eb83f5378e87
[debug] &amp#27;[35m[ADB]&amp#27;[39m 
[debug] &amp#27;[35m[ADB]&amp#27;[39m sha256 hash did match for 'appium-uiautomator2-server-debug-androidTest.apk'
&amp#27;[35m[ADB]&amp#27;[39m 'C:\Users\Anis\AppData\Roaming\npm\node_modules\appium\node_modules\appium-uiautomator2-server\apks\appium-uiautomator2-server-debug-androidTest.apk' is signed with the default certificate
&amp#27;[35m[UiAutomator2]&amp#27;[39m Server packages are not going to be (re)installed
[debug] &amp#27;[35m[UiAutomator2]&amp#27;[39m Waiting up to 30000ms for services to be available
[debug] &amp#27;[35m[ADB]&amp#27;[39m Running 'C:\Users\Anis\AppData\Local\Android\Sdk\platform-tools\adb.exe -P 5037 -s 55272e729804 shell pm list instrumentation'
[debug] &amp#27;[35m[UiAutomator2]&amp#27;[39m Instrumentation target 'io.appium.uiautomator2.server.test/androidx.test.runner.AndroidJUnitRunner' is available
&amp#27;[35m[ADB]&amp#27;[39m Adding packages ["io.appium.settings","io.appium.uiautomator2.server","io.appium.uiautomator2.server.test"] to Doze whitelist
[debug] &amp#27;[35m[ADB]&amp#27;[39m Got the following command chunks to execute: [["dumpsys","deviceidle","whitelist","+io.appium.settings",";","dumpsys","deviceidle","whitelist","+io.appium.uiautomator2.server",";","dumpsys","deviceidle","whitelist","+io.appium.uiautomator2.server.test",";"]]
[debug] &amp#27;[35m[ADB]&amp#27;[39m Running 'C:\Users\Anis\AppData\Local\Android\Sdk\platform-tools\adb.exe -P 5037 -s 55272e729804 shell dumpsys deviceidle whitelist +io.appium.settings ; dumpsys deviceidle whitelist +io.appium.uiautomator2.server ; dumpsys deviceidle whitelist +io.appium.uiautomator2.server.test ;'
[debug] &amp#27;[35m[ADB]&amp#27;[39m Checking app cert for C:\Users\Anis\eclipse-workspace\Appium\src\ApiDemos-debug.apk
[debug] &amp#27;[35m[ADB]&amp#27;[39m Starting apksigner: 'C:\\Program Files\\Java\\jdk-11.0.11\\bin\\java.exe' -Xmx1024M -Xss1m -jar C:\\Users\\Anis\\AppData\\Local\\Android\\Sdk\\build-tools\\31.0.0-rc4\\lib\\apksigner.jar verify --print-certs C:\\Users\\Anis\\eclipse-workspace\\Appium\\src\\ApiDemos-debug.apk
[debug] &amp#27;[35m[ADB]&amp#27;[39m apksigner stdout: Signer #1 certificate DN: EMAILADDRESS=android@android.com, CN=Android, OU=Android, O=Android, L=Mountain View, ST=California, C=US
[debug] &amp#27;[35m[ADB]&amp#27;[39m Signer #1 certificate SHA-256 digest: a40da80a59d170caa950cf15c18c454d47a39b26989d8b640ecd745ba71bf5dc
[debug] &amp#27;[35m[ADB]&amp#27;[39m Signer #1 certificate SHA-1 digest: 61ed377e85d386a8dfee6b864bd85b0bfaa5af81
[debug] &amp#27;[35m[ADB]&amp#27;[39m Signer #1 certificate MD5 digest: e89b158e4bcf988ebd09eb83f5378e87
[debug] &amp#27;[35m[ADB]&amp#27;[39m 
[debug] &amp#27;[35m[ADB]&amp#27;[39m sha256 hash did match for 'ApiDemos-debug.apk'
&amp#27;[35m[ADB]&amp#27;[39m 'C:\Users\Anis\eclipse-workspace\Appium\src\ApiDemos-debug.apk' is signed with the default certificate
[debug] &amp#27;[35m[ADB]&amp#27;[39m Getting install status for io.appium.android.apis
[debug] &amp#27;[35m[ADB]&amp#27;[39m Running 'C:\Users\Anis\AppData\Local\Android\Sdk\platform-tools\adb.exe -P 5037 -s 55272e729804 shell dumpsys package io.appium.android.apis'
[debug] &amp#27;[35m[ADB]&amp#27;[39m 'io.appium.android.apis' is installed
[debug] &amp#27;[35m[ADB]&amp#27;[39m Getting package info for 'io.appium.android.apis'
[debug] &amp#27;[35m[ADB]&amp#27;[39m Running 'C:\Users\Anis\AppData\Local\Android\Sdk\platform-tools\adb.exe -P 5037 -s 55272e729804 shell dumpsys package io.appium.android.apis'
&amp#27;[35m[ADB]&amp#27;[39m Cannot read version codes of 'C:\Users\Anis\eclipse-workspace\Appium\src\ApiDemos-debug.apk' and/or 'io.appium.android.apis'
&amp#27;[35m[ADB]&amp#27;[39m Cannot read version names of 'C:\Users\Anis\eclipse-workspace\Appium\src\ApiDemos-debug.apk' and/or 'io.appium.android.apis'
[debug] &amp#27;[35m[ADB]&amp#27;[39m The current install state of 'C:\Users\Anis\eclipse-workspace\Appium\src\ApiDemos-debug.apk' is unknown. Installing anyway
[debug] &amp#27;[35m[ADB]&amp#27;[39m Running 'C:\Users\Anis\AppData\Local\Android\Sdk\platform-tools\adb.exe -P 5037 -s 55272e729804 help'
[debug] &amp#27;[35m[ADB]&amp#27;[39m Running 'C:\Users\Anis\AppData\Local\Android\Sdk\platform-tools\adb.exe -P 5037 -s 55272e729804 features'
&amp#27;[35m[ADB]&amp#27;[39m The application at 'C:\Users\Anis\eclipse-workspace\Appium\src\ApiDemos-debug.apk' will not be cached, because the device under test has confirmed the support of streamed installs
[debug] &amp#27;[35m[ADB]&amp#27;[39m Running 'C:\Users\Anis\AppData\Local\Android\Sdk\platform-tools\adb.exe -P 5037 -s 55272e729804 install -r C:\Users\Anis\eclipse-workspace\Appium\src\ApiDemos-debug.apk'
&amp#27;[35m[ADB]&amp#27;[39m The installation of 'ApiDemos-debug.apk' took 11911ms
[debug] &amp#27;[35m[ADB]&amp#27;[39m Install command stdout: Performing Streamed Install
[debug] &amp#27;[35m[ADB]&amp#27;[39m Success
&amp#27;[35m[AndroidDriver]&amp#27;[39m Performing fast reset on 'io.appium.android.apis'
[debug] &amp#27;[35m[ADB]&amp#27;[39m Getting install status for io.appium.android.apis
[debug] &amp#27;[35m[ADB]&amp#27;[39m Running 'C:\Users\Anis\AppData\Local\Android\Sdk\platform-tools\adb.exe -P 5037 -s 55272e729804 shell dumpsys package io.appium.android.apis'
[debug] &amp#27;[35m[ADB]&amp#27;[39m 'io.appium.android.apis' is installed
[debug] &amp#27;[35m[ADB]&amp#27;[39m Running 'C:\Users\Anis\AppData\Local\Android\Sdk\platform-tools\adb.exe -P 5037 -s 55272e729804 shell am force-stop io.appium.android.apis'
[debug] &amp#27;[35m[ADB]&amp#27;[39m Running 'C:\Users\Anis\AppData\Local\Android\Sdk\platform-tools\adb.exe -P 5037 -s 55272e729804 shell pm clear io.appium.android.apis'
[debug] &amp#27;[35m[AndroidDriver]&amp#27;[39m Performed fast reset on the installed 'io.appium.android.apis' application (stop and clear)
[debug] &amp#27;[35m[UiAutomator2]&amp#27;[39m Performing shallow cleanup of automation leftovers
[debug] &amp#27;[35m[UiAutomator2]&amp#27;[39m The following obsolete sessions are still running: [null]
[debug] &amp#27;[35m[UiAutomator2]&amp#27;[39m Cleaning up the obsolete sessions
[debug] &amp#27;[35m[ADB]&amp#27;[39m Running 'C:\Users\Anis\AppData\Local\Android\Sdk\platform-tools\adb.exe -P 5037 -s 55272e729804 shell am force-stop io.appium.uiautomator2.server.test'
&amp#27;[35m[UiAutomator2]&amp#27;[39m Starting UIAutomator2 server 4.21.1
&amp#27;[35m[UiAutomator2]&amp#27;[39m Using UIAutomator2 server from 'C:\Users\Anis\AppData\Roaming\npm\node_modules\appium\node_modules\appium-uiautomator2-server\apks\appium-uiautomator2-server-v4.21.1.apk' and test from 'C:\Users\Anis\AppData\Roaming\npm\node_modules\appium\node_modules\appium-uiautomator2-server\apks\appium-uiautomator2-server-debug-androidTest.apk'
&amp#27;[35m[UiAutomator2]&amp#27;[39m Waiting up to 30000ms for UiAutomator2 to be online...
[debug] &amp#27;[35m[ADB]&amp#27;[39m Creating ADB subprocess with args: ["-P",5037,"-s","55272e729804","shell","am","instrument","-w","-e","disableAnalytics",true,"io.appium.uiautomator2.server.test/androidx.test.runner.AndroidJUnitRunner"]
[debug] &amp#27;[35m[WD Proxy]&amp#27;[39m Matched '/status' to command name 'getStatus'
[debug] &amp#27;[35m[WD Proxy]&amp#27;[39m Proxying [GET /status] to [GET http://127.0.0.1:8204/wd/hub/status] with no body
&amp#27;[35m[WD Proxy]&amp#27;[39m socket hang up
[debug] &amp#27;[35m[WD Proxy]&amp#27;[39m Matched '/status' to command name 'getStatus'
[debug] &amp#27;[35m[WD Proxy]&amp#27;[39m Proxying [GET /status] to [GET http://127.0.0.1:8204/wd/hub/status] with no body
&amp#27;[35m[WD Proxy]&amp#27;[39m socket hang up
[debug] &amp#27;[35m[Instrumentation]&amp#27;[39m io.appium.uiautomator2.server.test.AppiumUiAutomator2Server:
[debug] &amp#27;[35m[WD Proxy]&amp#27;[39m Matched '/status' to command name 'getStatus'
[debug] &amp#27;[35m[WD Proxy]&amp#27;[39m Proxying [GET /status] to [GET http://127.0.0.1:8204/wd/hub/status] with no body
&amp#27;[35m[WD Proxy]&amp#27;[39m socket hang up
[debug] &amp#27;[35m[WD Proxy]&amp#27;[39m Matched '/status' to command name 'getStatus'
[debug] &amp#27;[35m[WD Proxy]&amp#27;[39m Proxying [GET /status] to [GET http://127.0.0.1:8204/wd/hub/status] with no body
[debug] &amp#27;[35m[WD Proxy]&amp#27;[39m Got response with status 200: {"sessionId":"None","value":{"message":"UiAutomator2 Server is ready to accept commands","ready":true}}
[debug] &amp#27;[35m[UiAutomator2]&amp#27;[39m The initialization of the instrumentation process took 3214ms
[debug] &amp#27;[35m[WD Proxy]&amp#27;[39m Matched '/session' to command name 'createSession'
[debug] &amp#27;[35m[WD Proxy]&amp#27;[39m Proxying [POST /session] to [POST http://127.0.0.1:8204/wd/hub/session] with body: {"capabilities":{"firstMatch":[{"platform":"LINUX","webStorageEnabled":false,"takesScreenshot":true,"javascriptEnabled":true,"databaseEnabled":false,"networkConnectionEnabled":true,"locationContextEnabled":false,"warnings":{},"desired":{"platformName":"android","app":"C:\\Users\\Anis\\eclipse-workspace\\Appium\\src\\ApiDemos-debug.apk","deviceName":"Redmi","newCommandTimeout":14},"platformName":"android","app":"C:\\Users\\Anis\\eclipse-workspace\\Appium\\src\\ApiDemos-debug.apk","deviceName":"55272e729804","newCommandTimeout":14,"deviceUDID":"55272e729804","appPackage":"io.appium.android.apis"}],"alwaysMatch":{}}}
[debug] &amp#27;[35m[WD Proxy]&amp#27;[39m Got response with status 200: {"sessionId":"10d8fc82-d902-4fbe-9fcb-ea240a03a95e","value":{"capabilities":{"firstMatch":[{"platform":"LINUX","webStorageEnabled":false,"takesScreenshot":true,"javascriptEnabled":true,"databaseEnabled":false,"networkConnectionEnabled":true,"locationContextEnabled":false,"warnings":{},"desired":{"platformName":"android","app":"C:\\Users\\Anis\\eclipse-workspace\\Appium\\src\\ApiDemos-debug.apk","deviceName":"Redmi","newCommandTimeout":14},"platformName":"android","app":"C:\\Users\\Anis\\eclipse-workspace\\Appium\\src\\ApiDemos-debug.apk","deviceName":"55272e729804","newCommandTimeout":14,"deviceUDID":"55272e729804","appPackage":"io.appium.android.apis"}],"alwaysMatch":{}},"sessionId":"10d8fc82-d902-4fbe-9fcb-ea240a03a95e"}}
&amp#27;[35m[WD Proxy]&amp#27;[39m Determined the downstream protocol as 'W3C'
[debug] &amp#27;[35m[WD Proxy]&amp#27;[39m Proxying [GET /appium/device/info] to [GET http://127.0.0.1:8204/wd/hub/session/10d8fc82-d902-4fbe-9fcb-ea240a03a95e/appium/device/info] with no body
[debug] &amp#27;[35m[WD Proxy]&amp#27;[39m Got response with status 200: {"sessionId":"10d8fc82-d902-4fbe-9fcb-ea240a03a95e","value":{"androidId":"62e279822e2e3c5b","apiVersion":"24","bluetooth":{"state":"OFF"},"brand":"xiaomi","carrierName":"airtel","displayDensity":480,"locale":"en_GB","manufacturer":"Xiaomi","model":"Redmi Note 4","networks":[{"capabilities":{"SSID":null,"linkDownBandwidthKbps":102400,"linkUpstreamBandwidthKbps":51200,"networkCapabilities":"NET_CAPABILITY_NOT_METERED,NET_CAPABILITY_NOT_RESTRICTED,NET_CAPABILITY_IMS,NET_CAPABILITY_NOT_VPN,NET_CAPABILITY_TRUSTED,NET_CAPABILITY_VALIDATED","signalStrength":-2147483648,"transportTypes":"TRANSPORT_CELLULAR"},"detailedState":"CONNECTED","extraInfo":"ims","isAvailable":true,"isConnected":true,"isFailover":false,"isRoaming":false,"state":"CONNECTED","subtype":13,"subtypeName":"LTE","type":0,"typeName":"MOBILE"},{"capabilities":{"SSID":null,"linkDownBandwidthKbps":102400,"linkUpstreamBandwidthKbps":51200,"networkCapabilities":"NET_CAPABILITY_NOT_RESTRICTED,NET_CAPABILITY_SUPL,NET_CAPABILITY_NOT_VPN,NET_CAPABILITY_INTE...
[debug] &amp#27;[35m[ADB]&amp#27;[39m Running 'C:\Users\Anis\AppData\Local\Android\Sdk\platform-tools\adb.exe -P 5037 -s 55272e729804 shell dumpsys window'
&amp#27;[35m[AndroidDriver]&amp#27;[39m Screen already unlocked, doing nothing
&amp#27;[35m[UiAutomator2]&amp#27;[39m Starting 'io.appium.android.apis/ApiDemos and waiting for 'io.appium.android.apis/ApiDemos'
[debug] &amp#27;[35m[ADB]&amp#27;[39m Running 'C:\Users\Anis\AppData\Local\Android\Sdk\platform-tools\adb.exe -P 5037 -s 55272e729804 shell am start -W -n io.appium.android.apis/ApiDemos -S -a android.intent.action.MAIN -c android.intent.category.LAUNCHER -f 0x10200000'
[debug] &amp#27;[35m[ADB]&amp#27;[39m We tried to start an activity that doesn't exist, retrying with '.ApiDemos' activity name
[debug] &amp#27;[35m[ADB]&amp#27;[39m Running 'C:\Users\Anis\AppData\Local\Android\Sdk\platform-tools\adb.exe -P 5037 -s 55272e729804 shell am start -W -n io.appium.android.apis/.ApiDemos -S -a android.intent.action.MAIN -c android.intent.category.LAUNCHER -f 0x10200000'
[debug] &amp#27;[35m[ADB]&amp#27;[39m Waiting up to 20000ms for activity matching pkg: 'io.appium.android.apis' and activity: 'ApiDemos' to be focused
[debug] &amp#27;[35m[ADB]&amp#27;[39m Possible activities, to be checked: 'ApiDemos', 'io.appium.android.apis.ApiDemos'
[debug] &amp#27;[35m[ADB]&amp#27;[39m Getting focused package and activity
[debug] &amp#27;[35m[ADB]&amp#27;[39m Running 'C:\Users\Anis\AppData\Local\Android\Sdk\platform-tools\adb.exe -P 5037 -s 55272e729804 shell dumpsys window windows'
[debug] &amp#27;[35m[ADB]&amp#27;[39m Found package: 'io.appium.android.apis' and fully qualified activity name : 'io.appium.android.apis.ApiDemos'
[debug] &amp#27;[35m[WD Proxy]&amp#27;[39m Proxying [GET /appium/device/pixel_ratio] to [GET http://127.0.0.1:8204/wd/hub/session/10d8fc82-d902-4fbe-9fcb-ea240a03a95e/appium/device/pixel_ratio] with no body
[debug] &amp#27;[35m[WD Proxy]&amp#27;[39m Got response with status 200: {"sessionId":"10d8fc82-d902-4fbe-9fcb-ea240a03a95e","value":3}
[debug] &amp#27;[35m[WD Proxy]&amp#27;[39m Matched '/appium/device/system_bars' to command name 'getSystemBars'
[debug] &amp#27;[35m[WD Proxy]&amp#27;[39m Proxying [GET /appium/device/system_bars] to [GET http://127.0.0.1:8204/wd/hub/session/10d8fc82-d902-4fbe-9fcb-ea240a03a95e/appium/device/system_bars] with no body
[debug] &amp#27;[35m[WD Proxy]&amp#27;[39m Got response with status 200: {"sessionId":"10d8fc82-d902-4fbe-9fcb-ea240a03a95e","value":{"statusBar":72}}
[debug] &amp#27;[35m[WD Proxy]&amp#27;[39m Matched '/window/current/size' to command name 'getWindowSize'
[debug] &amp#27;[35m[WD Proxy]&amp#27;[39m Proxying [GET /window/current/size] to [GET http://127.0.0.1:8204/wd/hub/session/10d8fc82-d902-4fbe-9fcb-ea240a03a95e/window/current/size] with no body
[debug] &amp#27;[35m[WD Proxy]&amp#27;[39m Got response with status 200: {"sessionId":"10d8fc82-d902-4fbe-9fcb-ea240a03a95e","value":{"height":1920,"width":1080}}
&amp#27;[35m[Appium]&amp#27;[39m New AndroidUiautomator2Driver session created successfully, session 554ae8a8-c0a1-43c8-90dc-1008b59b52bf added to master session list
[debug] &amp#27;[35m[BaseDriver]&amp#27;[39m Event 'newSessionStarted' logged at 1623735931894 (11:15:31 GMT+0530 (India Standard Time))
[debug] &amp#27;[35m[W3C (554ae8a8)]&amp#27;[39m Cached the protocol value 'W3C' for the new session 554ae8a8-c0a1-43c8-90dc-1008b59b52bf
[debug] &amp#27;[35m[W3C (554ae8a8)]&amp#27;[39m Responding to client with driver.createSession() result: {"capabilities":{"platform":"LINUX","webStorageEnabled":false,"takesScreenshot":true,"javascriptEnabled":true,"databaseEnabled":false,"networkConnectionEnabled":true,"locationContextEnabled":false,"warnings":{},"desired":{"platformName":"android","app":"C:\\Users\\Anis\\eclipse-workspace\\Appium\\src\\ApiDemos-debug.apk","deviceName":"Redmi","newCommandTimeout":14},"platformName":"android","app":"C:\\Users\\Anis\\eclipse-workspace\\Appium\\src\\ApiDemos-debug.apk","deviceName":"55272e729804","newCommandTimeout":14,"deviceUDID":"55272e729804","appPackage":"io.appium.android.apis","deviceApiLevel":24,"platformVersion":"7.0","deviceScreenSize":"1080x1920","deviceScreenDensity":480,"deviceModel":"Redmi Note 4","deviceManufacturer":"Xiaomi","pixelRatio":3,"statBarHeight":72,"viewportRect":{"left":0,"top":72,"width":1080,"height":1848}}}
&amp#27;[35m[HTTP]&amp#27;[39m &amp#27;[37m<-- POST /wd/hub/session &amp#27;[39m&amp#27;[32m200&amp#27;[39m &amp#27;[90m33354 ms - 904&amp#27;[39m
&amp#27;[35m[HTTP]&amp#27;[39m &amp#27;[90m&amp#27;[39m
&amp#27;[35m[HTTP]&amp#27;[39m &amp#27;[37m-->&amp#27;[39m &amp#27;[37mGET&amp#27;[39m &amp#27;[37m/wd/hub/session/554ae8a8-c0a1-43c8-90dc-1008b59b52bf&amp#27;[39m
&amp#27;[35m[HTTP]&amp#27;[39m &amp#27;[90m{}&amp#27;[39m
[debug] &amp#27;[35m[W3C (554ae8a8)]&amp#27;[39m Calling AppiumDriver.getSession() with args: ["554ae8a8-c0a1-43c8-90dc-1008b59b52bf"]
[debug] &amp#27;[35m[UiAutomator2]&amp#27;[39m Getting session details from server to mix in
[debug] &amp#27;[35m[WD Proxy]&amp#27;[39m Matched '/' to command name 'getSession'
[debug] &amp#27;[35m[WD Proxy]&amp#27;[39m Proxying [GET /] to [GET http://127.0.0.1:8204/wd/hub/session/10d8fc82-d902-4fbe-9fcb-ea240a03a95e] with no body
[debug] &amp#27;[35m[WD Proxy]&amp#27;[39m Got response with status 200: {"sessionId":"10d8fc82-d902-4fbe-9fcb-ea240a03a95e","value":{"lastScrollData":null}}
[debug] &amp#27;[35m[W3C (554ae8a8)]&amp#27;[39m Responding to client with driver.getSession() result: {"platform":"LINUX","webStorageEnabled":false,"takesScreenshot":true,"javascriptEnabled":true,"databaseEnabled":false,"networkConnectionEnabled":true,"locationContextEnabled":false,"warnings":{},"desired":{"platformName":"android","app":"C:\\Users\\Anis\\eclipse-workspace\\Appium\\src\\ApiDemos-debug.apk","deviceName":"Redmi","newCommandTimeout":14},"platformName":"android","app":"C:\\Users\\Anis\\eclipse-workspace\\Appium\\src\\ApiDemos-debug.apk","deviceName":"55272e729804","newCommandTimeout":14,"deviceUDID":"55272e729804","appPackage":"io.appium.android.apis","deviceApiLevel":24,"platformVersion":"7.0","deviceScreenSize":"1080x1920","deviceScreenDensity":480,"deviceModel":"Redmi Note 4","deviceManufacturer":"Xiaomi","pixelRatio":3,"statBarHeight":72,"viewportRect":{"left":0,"top":72,"width":1080,"height":1848},"lastScrollData":null}
&amp#27;[35m[HTTP]&amp#27;[39m &amp#27;[37m<-- GET /wd/hub/session/554ae8a8-c0a1-43c8-90dc-1008b59b52bf &amp#27;[39m&amp#27;[32m200&amp#27;[39m &amp#27;[90m12 ms - 858&amp#27;[39m
&amp#27;[35m[HTTP]&amp#27;[39m &amp#27;[90m&amp#27;[39m
&amp#27;[35m[HTTP]&amp#27;[39m &amp#27;[37m-->&amp#27;[39m &amp#27;[37mGET&amp#27;[39m &amp#27;[37m/wd/hub/session/554ae8a8-c0a1-43c8-90dc-1008b59b52bf&amp#27;[39m
&amp#27;[35m[HTTP]&amp#27;[39m &amp#27;[90m{}&amp#27;[39m
[debug] &amp#27;[35m[W3C (554ae8a8)]&amp#27;[39m Calling AppiumDriver.getSession() with args: ["554ae8a8-c0a1-43c8-90dc-1008b59b52bf"]
[debug] &amp#27;[35m[UiAutomator2]&amp#27;[39m Getting session details from server to mix in
[debug] &amp#27;[35m[WD Proxy]&amp#27;[39m Matched '/' to command name 'getSession'
[debug] &amp#27;[35m[WD Proxy]&amp#27;[39m Proxying [GET /] to [GET http://127.0.0.1:8204/wd/hub/session/10d8fc82-d902-4fbe-9fcb-ea240a03a95e] with no body
[debug] &amp#27;[35m[WD Proxy]&amp#27;[39m Got response with status 200: {"sessionId":"10d8fc82-d902-4fbe-9fcb-ea240a03a95e","value":{"lastScrollData":null}}
[debug] &amp#27;[35m[W3C (554ae8a8)]&amp#27;[39m Responding to client with driver.getSession() result: {"platform":"LINUX","webStorageEnabled":false,"takesScreenshot":true,"javascriptEnabled":true,"databaseEnabled":false,"networkConnectionEnabled":true,"locationContextEnabled":false,"warnings":{},"desired":{"platformName":"android","app":"C:\\Users\\Anis\\eclipse-workspace\\Appium\\src\\ApiDemos-debug.apk","deviceName":"Redmi","newCommandTimeout":14},"platformName":"android","app":"C:\\Users\\Anis\\eclipse-workspace\\Appium\\src\\ApiDemos-debug.apk","deviceName":"55272e729804","newCommandTimeout":14,"deviceUDID":"55272e729804","appPackage":"io.appium.android.apis","deviceApiLevel":24,"platformVersion":"7.0","deviceScreenSize":"1080x1920","deviceScreenDensity":480,"deviceModel":"Redmi Note 4","deviceManufacturer":"Xiaomi","pixelRatio":3,"statBarHeight":72,"viewportRect":{"left":0,"top":72,"width":1080,"height":1848},"lastScrollData":null}
&amp#27;[35m[HTTP]&amp#27;[39m &amp#27;[37m<-- GET /wd/hub/session/554ae8a8-c0a1-43c8-90dc-1008b59b52bf &amp#27;[39m&amp#27;[32m200&amp#27;[39m &amp#27;[90m10 ms - 858&amp#27;[39m
&amp#27;[35m[HTTP]&amp#27;[39m &amp#27;[90m&amp#27;[39m
&amp#27;[35m[HTTP]&amp#27;[39m &amp#27;[37m-->&amp#27;[39m &amp#27;[37mPOST&amp#27;[39m &amp#27;[37m/wd/hub/session/554ae8a8-c0a1-43c8-90dc-1008b59b52bf/timeouts&amp#27;[39m
&amp#27;[35m[HTTP]&amp#27;[39m &amp#27;[90m{"implicit":10000}&amp#27;[39m
[debug] &amp#27;[35m[W3C (554ae8a8)]&amp#27;[39m Calling AppiumDriver.timeouts() with args: [null,null,null,null,10000,"554ae8a8-c0a1-43c8-90dc-1008b59b52bf"]
[debug] &amp#27;[35m[BaseDriver]&amp#27;[39m W3C timeout argument: {"implicit":10000}}
[debug] &amp#27;[35m[BaseDriver]&amp#27;[39m Set implicit wait to 10000ms
[debug] &amp#27;[35m[W3C (554ae8a8)]&amp#27;[39m Responding to client with driver.timeouts() result: null
&amp#27;[35m[HTTP]&amp#27;[39m &amp#27;[37m<-- POST /wd/hub/session/554ae8a8-c0a1-43c8-90dc-1008b59b52bf/timeouts &amp#27;[39m&amp#27;[32m200&amp#27;[39m &amp#27;[90m5 ms - 14&amp#27;[39m
&amp#27;[35m[HTTP]&amp#27;[39m &amp#27;[90m&amp#27;[39m
&amp#27;[35m[HTTP]&amp#27;[39m &amp#27;[37m-->&amp#27;[39m &amp#27;[37mGET&amp#27;[39m &amp#27;[37m/wd/hub/session/554ae8a8-c0a1-43c8-90dc-1008b59b52bf&amp#27;[39m
&amp#27;[35m[HTTP]&amp#27;[39m &amp#27;[90m{}&amp#27;[39m
[debug] &amp#27;[35m[W3C (554ae8a8)]&amp#27;[39m Calling AppiumDriver.getSession() with args: ["554ae8a8-c0a1-43c8-90dc-1008b59b52bf"]
[debug] &amp#27;[35m[UiAutomator2]&amp#27;[39m Getting session details from server to mix in
[debug] &amp#27;[35m[WD Proxy]&amp#27;[39m Matched '/' to command name 'getSession'
[debug] &amp#27;[35m[WD Proxy]&amp#27;[39m Proxying [GET /] to [GET http://127.0.0.1:8204/wd/hub/session/10d8fc82-d902-4fbe-9fcb-ea240a03a95e] with no body
[debug] &amp#27;[35m[WD Proxy]&amp#27;[39m Got response with status 200: {"sessionId":"10d8fc82-d902-4fbe-9fcb-ea240a03a95e","value":{"lastScrollData":null}}
[debug] &amp#27;[35m[W3C (554ae8a8)]&amp#27;[39m Responding to client with driver.getSession() result: {"platform":"LINUX","webStorageEnabled":false,"takesScreenshot":true,"javascriptEnabled":true,"databaseEnabled":false,"networkConnectionEnabled":true,"locationContextEnabled":false,"warnings":{},"desired":{"platformName":"android","app":"C:\\Users\\Anis\\eclipse-workspace\\Appium\\src\\ApiDemos-debug.apk","deviceName":"Redmi","newCommandTimeout":14},"platformName":"android","app":"C:\\Users\\Anis\\eclipse-workspace\\Appium\\src\\ApiDemos-debug.apk","deviceName":"55272e729804","newCommandTimeout":14,"deviceUDID":"55272e729804","appPackage":"io.appium.android.apis","deviceApiLevel":24,"platformVersion":"7.0","deviceScreenSize":"1080x1920","deviceScreenDensity":480,"deviceModel":"Redmi Note 4","deviceManufacturer":"Xiaomi","pixelRatio":3,"statBarHeight":72,"viewportRect":{"left":0,"top":72,"width":1080,"height":1848},"lastScrollData":null}
&amp#27;[35m[HTTP]&amp#27;[39m &amp#27;[37m<-- GET /wd/hub/session/554ae8a8-c0a1-43c8-90dc-1008b59b52bf &amp#27;[39m&amp#27;[32m200&amp#27;[39m &amp#27;[90m9 ms - 858&amp#27;[39m
&amp#27;[35m[HTTP]&amp#27;[39m &amp#27;[90m&amp#27;[39m
&amp#27;[35m[HTTP]&amp#27;[39m &amp#27;[37m-->&amp#27;[39m &amp#27;[37mGET&amp#27;[39m &amp#27;[37m/wd/hub/session/554ae8a8-c0a1-43c8-90dc-1008b59b52bf&amp#27;[39m
&amp#27;[35m[HTTP]&amp#27;[39m &amp#27;[90m{}&amp#27;[39m
[debug] &amp#27;[35m[W3C (554ae8a8)]&amp#27;[39m Calling AppiumDriver.getSession() with args: ["554ae8a8-c0a1-43c8-90dc-1008b59b52bf"]
[debug] &amp#27;[35m[UiAutomator2]&amp#27;[39m Getting session details from server to mix in
[debug] &amp#27;[35m[WD Proxy]&amp#27;[39m Matched '/' to command name 'getSession'
[debug] &amp#27;[35m[WD Proxy]&amp#27;[39m Proxying [GET /] to [GET http://127.0.0.1:8204/wd/hub/session/10d8fc82-d902-4fbe-9fcb-ea240a03a95e] with no body
[debug] &amp#27;[35m[WD Proxy]&amp#27;[39m Got response with status 200: {"sessionId":"10d8fc82-d902-4fbe-9fcb-ea240a03a95e","value":{"lastScrollData":null}}
[debug] &amp#27;[35m[W3C (554ae8a8)]&amp#27;[39m Responding to client with driver.getSession() result: {"platform":"LINUX","webStorageEnabled":false,"takesScreenshot":true,"javascriptEnabled":true,"databaseEnabled":false,"networkConnectionEnabled":true,"locationContextEnabled":false,"warnings":{},"desired":{"platformName":"android","app":"C:\\Users\\Anis\\eclipse-workspace\\Appium\\src\\ApiDemos-debug.apk","deviceName":"Redmi","newCommandTimeout":14},"platformName":"android","app":"C:\\Users\\Anis\\eclipse-workspace\\Appium\\src\\ApiDemos-debug.apk","deviceName":"55272e729804","newCommandTimeout":14,"deviceUDID":"55272e729804","appPackage":"io.appium.android.apis","deviceApiLevel":24,"platformVersion":"7.0","deviceScreenSize":"1080x1920","deviceScreenDensity":480,"deviceModel":"Redmi Note 4","deviceManufacturer":"Xiaomi","pixelRatio":3,"statBarHeight":72,"viewportRect":{"left":0,"top":72,"width":1080,"height":1848},"lastScrollData":null}
&amp#27;[35m[HTTP]&amp#27;[39m &amp#27;[37m<-- GET /wd/hub/session/554ae8a8-c0a1-43c8-90dc-1008b59b52bf &amp#27;[39m&amp#27;[32m200&amp#27;[39m &amp#27;[90m12 ms - 858&amp#27;[39m
&amp#27;[35m[HTTP]&amp#27;[39m &amp#27;[90m&amp#27;[39m
&amp#27;[35m[HTTP]&amp#27;[39m &amp#27;[37m-->&amp#27;[39m &amp#27;[37mGET&amp#27;[39m &amp#27;[37m/wd/hub/session/554ae8a8-c0a1-43c8-90dc-1008b59b52bf&amp#27;[39m
&amp#27;[35m[HTTP]&amp#27;[39m &amp#27;[90m{}&amp#27;[39m
[debug] &amp#27;[35m[W3C (554ae8a8)]&amp#27;[39m Calling AppiumDriver.getSession() with args: ["554ae8a8-c0a1-43c8-90dc-1008b59b52bf"]
[debug] &amp#27;[35m[UiAutomator2]&amp#27;[39m Getting session details from server to mix in
[debug] &amp#27;[35m[WD Proxy]&amp#27;[39m Matched '/' to command name 'getSession'
[debug] &amp#27;[35m[WD Proxy]&amp#27;[39m Proxying [GET /] to [GET http://127.0.0.1:8204/wd/hub/session/10d8fc82-d902-4fbe-9fcb-ea240a03a95e] with no body
[debug] &amp#27;[35m[WD Proxy]&amp#27;[39m Got response with status 200: {"sessionId":"10d8fc82-d902-4fbe-9fcb-ea240a03a95e","value":{"lastScrollData":null}}
[debug] &amp#27;[35m[W3C (554ae8a8)]&amp#27;[39m Responding to client with driver.getSession() result: {"platform":"LINUX","webStorageEnabled":false,"takesScreenshot":true,"javascriptEnabled":true,"databaseEnabled":false,"networkConnectionEnabled":true,"locationContextEnabled":false,"warnings":{},"desired":{"platformName":"android","app":"C:\\Users\\Anis\\eclipse-workspace\\Appium\\src\\ApiDemos-debug.apk","deviceName":"Redmi","newCommandTimeout":14},"platformName":"android","app":"C:\\Users\\Anis\\eclipse-workspace\\Appium\\src\\ApiDemos-debug.apk","deviceName":"55272e729804","newCommandTimeout":14,"deviceUDID":"55272e729804","appPackage":"io.appium.android.apis","deviceApiLevel":24,"platformVersion":"7.0","deviceScreenSize":"1080x1920","deviceScreenDensity":480,"deviceModel":"Redmi Note 4","deviceManufacturer":"Xiaomi","pixelRatio":3,"statBarHeight":72,"viewportRect":{"left":0,"top":72,"width":1080,"height":1848},"lastScrollData":null}
&amp#27;[35m[HTTP]&amp#27;[39m &amp#27;[37m<-- GET /wd/hub/session/554ae8a8-c0a1-43c8-90dc-1008b59b52bf &amp#27;[39m&amp#27;[32m200&amp#27;[39m &amp#27;[90m10 ms - 858&amp#27;[39m
&amp#27;[35m[HTTP]&amp#27;[39m &amp#27;[90m&amp#27;[39m
&amp#27;[35m[HTTP]&amp#27;[39m &amp#27;[37m-->&amp#27;[39m &amp#27;[37mPOST&amp#27;[39m &amp#27;[37m/wd/hub/session/554ae8a8-c0a1-43c8-90dc-1008b59b52bf/element&amp#27;[39m
&amp#27;[35m[HTTP]&amp#27;[39m &amp#27;[90m{"using":"xpath","value":"//android.widget.TextView[@content-desc=\"Views\"]"}&amp#27;[39m
[debug] &amp#27;[35m[W3C (554ae8a8)]&amp#27;[39m Calling AppiumDriver.findElement() with args: ["xpath","//android.widget.TextView[@content-desc=\"Views\"]","554ae8a8-c0a1-43c8-90dc-1008b59b52bf"]
[debug] &amp#27;[35m[BaseDriver]&amp#27;[39m Valid locator strategies for this request: xpath, id, class name, accessibility id, css selector, -android uiautomator
[debug] &amp#27;[35m[BaseDriver]&amp#27;[39m Waiting up to 10000 ms for condition
[debug] &amp#27;[35m[WD Proxy]&amp#27;[39m Matched '/element' to command name 'findElement'
[debug] &amp#27;[35m[WD Proxy]&amp#27;[39m Proxying [POST /element] to [POST http://127.0.0.1:8204/wd/hub/session/10d8fc82-d902-4fbe-9fcb-ea240a03a95e/element] with body: {"strategy":"xpath","selector":"//android.widget.TextView[@content-desc=\"Views\"]","context":"","multiple":false}
[debug] &amp#27;[35m[WD Proxy]&amp#27;[39m Got response with status 200: {"sessionId":"10d8fc82-d902-4fbe-9fcb-ea240a03a95e","value":{"ELEMENT":"62932162-d428-4e25-a802-c45fe188bd4c","element-6066-11e4-a52e-4f735466cecf":"62932162-d428-4e25-a802-c45fe188bd4c"}}
[debug] &amp#27;[35m[W3C (554ae8a8)]&amp#27;[39m Responding to client with driver.findElement() result: {"element-6066-11e4-a52e-4f735466cecf":"62932162-d428-4e25-a802-c45fe188bd4c","ELEMENT":"62932162-d428-4e25-a802-c45fe188bd4c"}
&amp#27;[35m[HTTP]&amp#27;[39m &amp#27;[37m<-- POST /wd/hub/session/554ae8a8-c0a1-43c8-90dc-1008b59b52bf/element &amp#27;[39m&amp#27;[32m200&amp#27;[39m &amp#27;[90m153 ms - 137&amp#27;[39m
&amp#27;[35m[HTTP]&amp#27;[39m &amp#27;[90m&amp#27;[39m
&amp#27;[35m[HTTP]&amp#27;[39m &amp#27;[37m-->&amp#27;[39m &amp#27;[37mPOST&amp#27;[39m &amp#27;[37m/wd/hub/session/554ae8a8-c0a1-43c8-90dc-1008b59b52bf/element/62932162-d428-4e25-a802-c45fe188bd4c/click&amp#27;[39m
&amp#27;[35m[HTTP]&amp#27;[39m &amp#27;[90m{"id":"62932162-d428-4e25-a802-c45fe188bd4c"}&amp#27;[39m
[debug] &amp#27;[35m[W3C (554ae8a8)]&amp#27;[39m Calling AppiumDriver.click() with args: ["62932162-d428-4e25-a802-c45fe188bd4c","554ae8a8-c0a1-43c8-90dc-1008b59b52bf"]
[debug] &amp#27;[35m[WD Proxy]&amp#27;[39m Matched '/element/62932162-d428-4e25-a802-c45fe188bd4c/click' to command name 'click'
[debug] &amp#27;[35m[WD Proxy]&amp#27;[39m Proxying [POST /element/62932162-d428-4e25-a802-c45fe188bd4c/click] to [POST http://127.0.0.1:8204/wd/hub/session/10d8fc82-d902-4fbe-9fcb-ea240a03a95e/element/62932162-d428-4e25-a802-c45fe188bd4c/click] with body: {"element":"62932162-d428-4e25-a802-c45fe188bd4c"}
[debug] &amp#27;[35m[WD Proxy]&amp#27;[39m Got response with status 200: {"sessionId":"10d8fc82-d902-4fbe-9fcb-ea240a03a95e","value":null}
[debug] &amp#27;[35m[W3C (554ae8a8)]&amp#27;[39m Responding to client with driver.click() result: null
&amp#27;[35m[HTTP]&amp#27;[39m &amp#27;[37m<-- POST /wd/hub/session/554ae8a8-c0a1-43c8-90dc-1008b59b52bf/element/62932162-d428-4e25-a802-c45fe188bd4c/click &amp#27;[39m&amp#27;[32m200&amp#27;[39m &amp#27;[90m1637 ms - 14&amp#27;[39m
&amp#27;[35m[HTTP]&amp#27;[39m &amp#27;[90m&amp#27;[39m
&amp#27;[35m[HTTP]&amp#27;[39m &amp#27;[37m-->&amp#27;[39m &amp#27;[37mGET&amp#27;[39m &amp#27;[37m/wd/hub/session/554ae8a8-c0a1-43c8-90dc-1008b59b52bf&amp#27;[39m
&amp#27;[35m[HTTP]&amp#27;[39m &amp#27;[90m{}&amp#27;[39m
[debug] &amp#27;[35m[W3C (554ae8a8)]&amp#27;[39m Calling AppiumDriver.getSession() with args: ["554ae8a8-c0a1-43c8-90dc-1008b59b52bf"]
[debug] &amp#27;[35m[UiAutomator2]&amp#27;[39m Getting session details from server to mix in
[debug] &amp#27;[35m[WD Proxy]&amp#27;[39m Matched '/' to command name 'getSession'
[debug] &amp#27;[35m[WD Proxy]&amp#27;[39m Proxying [GET /] to [GET http://127.0.0.1:8204/wd/hub/session/10d8fc82-d902-4fbe-9fcb-ea240a03a95e] with no body
[debug] &amp#27;[35m[WD Proxy]&amp#27;[39m Got response with status 200: {"sessionId":"10d8fc82-d902-4fbe-9fcb-ea240a03a95e","value":{"lastScrollData":null}}
[debug] &amp#27;[35m[W3C (554ae8a8)]&amp#27;[39m Responding to client with driver.getSession() result: {"platform":"LINUX","webStorageEnabled":false,"takesScreenshot":true,"javascriptEnabled":true,"databaseEnabled":false,"networkConnectionEnabled":true,"locationContextEnabled":false,"warnings":{},"desired":{"platformName":"android","app":"C:\\Users\\Anis\\eclipse-workspace\\Appium\\src\\ApiDemos-debug.apk","deviceName":"Redmi","newCommandTimeout":14},"platformName":"android","app":"C:\\Users\\Anis\\eclipse-workspace\\Appium\\src\\ApiDemos-debug.apk","deviceName":"55272e729804","newCommandTimeout":14,"deviceUDID":"55272e729804","appPackage":"io.appium.android.apis","deviceApiLevel":24,"platformVersion":"7.0","deviceScreenSize":"1080x1920","deviceScreenDensity":480,"deviceModel":"Redmi Note 4","deviceManufacturer":"Xiaomi","pixelRatio":3,"statBarHeight":72,"viewportRect":{"left":0,"top":72,"width":1080,"height":1848},"lastScrollData":null}
&amp#27;[35m[HTTP]&amp#27;[39m &amp#27;[37m<-- GET /wd/hub/session/554ae8a8-c0a1-43c8-90dc-1008b59b52bf &amp#27;[39m&amp#27;[32m200&amp#27;[39m &amp#27;[90m10 ms - 858&amp#27;[39m
&amp#27;[35m[HTTP]&amp#27;[39m &amp#27;[90m&amp#27;[39m
&amp#27;[35m[HTTP]&amp#27;[39m &amp#27;[37m-->&amp#27;[39m &amp#27;[37mGET&amp#27;[39m &amp#27;[37m/wd/hub/session/554ae8a8-c0a1-43c8-90dc-1008b59b52bf&amp#27;[39m
&amp#27;[35m[HTTP]&amp#27;[39m &amp#27;[90m{}&amp#27;[39m
[debug] &amp#27;[35m[W3C (554ae8a8)]&amp#27;[39m Calling AppiumDriver.getSession() with args: ["554ae8a8-c0a1-43c8-90dc-1008b59b52bf"]
[debug] &amp#27;[35m[UiAutomator2]&amp#27;[39m Getting session details from server to mix in
[debug] &amp#27;[35m[WD Proxy]&amp#27;[39m Matched '/' to command name 'getSession'
[debug] &amp#27;[35m[WD Proxy]&amp#27;[39m Proxying [GET /] to [GET http://127.0.0.1:8204/wd/hub/session/10d8fc82-d902-4fbe-9fcb-ea240a03a95e] with no body
[debug] &amp#27;[35m[WD Proxy]&amp#27;[39m Got response with status 200: {"sessionId":"10d8fc82-d902-4fbe-9fcb-ea240a03a95e","value":{"lastScrollData":null}}
[debug] &amp#27;[35m[W3C (554ae8a8)]&amp#27;[39m Responding to client with driver.getSession() result: {"platform":"LINUX","webStorageEnabled":false,"takesScreenshot":true,"javascriptEnabled":true,"databaseEnabled":false,"networkConnectionEnabled":true,"locationContextEnabled":false,"warnings":{},"desired":{"platformName":"android","app":"C:\\Users\\Anis\\eclipse-workspace\\Appium\\src\\ApiDemos-debug.apk","deviceName":"Redmi","newCommandTimeout":14},"platformName":"android","app":"C:\\Users\\Anis\\eclipse-workspace\\Appium\\src\\ApiDemos-debug.apk","deviceName":"55272e729804","newCommandTimeout":14,"deviceUDID":"55272e729804","appPackage":"io.appium.android.apis","deviceApiLevel":24,"platformVersion":"7.0","deviceScreenSize":"1080x1920","deviceScreenDensity":480,"deviceModel":"Redmi Note 4","deviceManufacturer":"Xiaomi","pixelRatio":3,"statBarHeight":72,"viewportRect":{"left":0,"top":72,"width":1080,"height":1848},"lastScrollData":null}
&amp#27;[35m[HTTP]&amp#27;[39m &amp#27;[37m<-- GET /wd/hub/session/554ae8a8-c0a1-43c8-90dc-1008b59b52bf &amp#27;[39m&amp#27;[32m200&amp#27;[39m &amp#27;[90m9 ms - 858&amp#27;[39m
&amp#27;[35m[HTTP]&amp#27;[39m &amp#27;[90m&amp#27;[39m
&amp#27;[35m[HTTP]&amp#27;[39m &amp#27;[37m-->&amp#27;[39m &amp#27;[37mGET&amp#27;[39m &amp#27;[37m/wd/hub/session/554ae8a8-c0a1-43c8-90dc-1008b59b52bf&amp#27;[39m
&amp#27;[35m[HTTP]&amp#27;[39m &amp#27;[90m{}&amp#27;[39m
[debug] &amp#27;[35m[W3C (554ae8a8)]&amp#27;[39m Calling AppiumDriver.getSession() with args: ["554ae8a8-c0a1-43c8-90dc-1008b59b52bf"]
[debug] &amp#27;[35m[UiAutomator2]&amp#27;[39m Getting session details from server to mix in
[debug] &amp#27;[35m[WD Proxy]&amp#27;[39m Matched '/' to command name 'getSession'
[debug] &amp#27;[35m[WD Proxy]&amp#27;[39m Proxying [GET /] to [GET http://127.0.0.1:8204/wd/hub/session/10d8fc82-d902-4fbe-9fcb-ea240a03a95e] with no body
[debug] &amp#27;[35m[WD Proxy]&amp#27;[39m Got response with status 200: {"sessionId":"10d8fc82-d902-4fbe-9fcb-ea240a03a95e","value":{"lastScrollData":null}}
[debug] &amp#27;[35m[W3C (554ae8a8)]&amp#27;[39m Responding to client with driver.getSession() result: {"platform":"LINUX","webStorageEnabled":false,"takesScreenshot":true,"javascriptEnabled":true,"databaseEnabled":false,"networkConnectionEnabled":true,"locationContextEnabled":false,"warnings":{},"desired":{"platformName":"android","app":"C:\\Users\\Anis\\eclipse-workspace\\Appium\\src\\ApiDemos-debug.apk","deviceName":"Redmi","newCommandTimeout":14},"platformName":"android","app":"C:\\Users\\Anis\\eclipse-workspace\\Appium\\src\\ApiDemos-debug.apk","deviceName":"55272e729804","newCommandTimeout":14,"deviceUDID":"55272e729804","appPackage":"io.appium.android.apis","deviceApiLevel":24,"platformVersion":"7.0","deviceScreenSize":"1080x1920","deviceScreenDensity":480,"deviceModel":"Redmi Note 4","deviceManufacturer":"Xiaomi","pixelRatio":3,"statBarHeight":72,"viewportRect":{"left":0,"top":72,"width":1080,"height":1848},"lastScrollData":null}
&amp#27;[35m[HTTP]&amp#27;[39m &amp#27;[37m<-- GET /wd/hub/session/554ae8a8-c0a1-43c8-90dc-1008b59b52bf &amp#27;[39m&amp#27;[32m200&amp#27;[39m &amp#27;[90m10 ms - 858&amp#27;[39m
&amp#27;[35m[HTTP]&amp#27;[39m &amp#27;[90m&amp#27;[39m
&amp#27;[35m[HTTP]&amp#27;[39m &amp#27;[37m-->&amp#27;[39m &amp#27;[37mPOST&amp#27;[39m &amp#27;[37m/wd/hub/session/554ae8a8-c0a1-43c8-90dc-1008b59b52bf/element&amp#27;[39m
&amp#27;[35m[HTTP]&amp#27;[39m &amp#27;[90m{"using":"xpath","value":"//android.widget.TextView[@content-desc=\"Expandable Lists\"]"}&amp#27;[39m
[debug] &amp#27;[35m[W3C (554ae8a8)]&amp#27;[39m Calling AppiumDriver.findElement() with args: ["xpath","//android.widget.TextView[@content-desc=\"Expandable Lists\"]","554ae8a8-c0a1-43c8-90dc-1008b59b52bf"]
[debug] &amp#27;[35m[BaseDriver]&amp#27;[39m Valid locator strategies for this request: xpath, id, class name, accessibility id, css selector, -android uiautomator
[debug] &amp#27;[35m[BaseDriver]&amp#27;[39m Waiting up to 10000 ms for condition
[debug] &amp#27;[35m[WD Proxy]&amp#27;[39m Matched '/element' to command name 'findElement'
[debug] &amp#27;[35m[WD Proxy]&amp#27;[39m Proxying [POST /element] to [POST http://127.0.0.1:8204/wd/hub/session/10d8fc82-d902-4fbe-9fcb-ea240a03a95e/element] with body: {"strategy":"xpath","selector":"//android.widget.TextView[@content-desc=\"Expandable Lists\"]","context":"","multiple":false}
[debug] &amp#27;[35m[WD Proxy]&amp#27;[39m Got response with status 200: {"sessionId":"10d8fc82-d902-4fbe-9fcb-ea240a03a95e","value":{"ELEMENT":"781f573d-fd70-43b3-abb3-f723fda9e377","element-6066-11e4-a52e-4f735466cecf":"781f573d-fd70-43b3-abb3-f723fda9e377"}}
[debug] &amp#27;[35m[W3C (554ae8a8)]&amp#27;[39m Responding to client with driver.findElement() result: {"element-6066-11e4-a52e-4f735466cecf":"781f573d-fd70-43b3-abb3-f723fda9e377","ELEMENT":"781f573d-fd70-43b3-abb3-f723fda9e377"}
&amp#27;[35m[HTTP]&amp#27;[39m &amp#27;[37m<-- POST /wd/hub/session/554ae8a8-c0a1-43c8-90dc-1008b59b52bf/element &amp#27;[39m&amp#27;[32m200&amp#27;[39m &amp#27;[90m49 ms - 137&amp#27;[39m
&amp#27;[35m[HTTP]&amp#27;[39m &amp#27;[90m&amp#27;[39m
&amp#27;[35m[HTTP]&amp#27;[39m &amp#27;[37m-->&amp#27;[39m &amp#27;[37mPOST&amp#27;[39m &amp#27;[37m/wd/hub/session/554ae8a8-c0a1-43c8-90dc-1008b59b52bf/element/781f573d-fd70-43b3-abb3-f723fda9e377/click&amp#27;[39m
&amp#27;[35m[HTTP]&amp#27;[39m &amp#27;[90m{"id":"781f573d-fd70-43b3-abb3-f723fda9e377"}&amp#27;[39m
[debug] &amp#27;[35m[W3C (554ae8a8)]&amp#27;[39m Calling AppiumDriver.click() with args: ["781f573d-fd70-43b3-abb3-f723fda9e377","554ae8a8-c0a1-43c8-90dc-1008b59b52bf"]
[debug] &amp#27;[35m[WD Proxy]&amp#27;[39m Matched '/element/781f573d-fd70-43b3-abb3-f723fda9e377/click' to command name 'click'
[debug] &amp#27;[35m[WD Proxy]&amp#27;[39m Proxying [POST /element/781f573d-fd70-43b3-abb3-f723fda9e377/click] to [POST http://127.0.0.1:8204/wd/hub/session/10d8fc82-d902-4fbe-9fcb-ea240a03a95e/element/781f573d-fd70-43b3-abb3-f723fda9e377/click] with body: {"element":"781f573d-fd70-43b3-abb3-f723fda9e377"}
[debug] &amp#27;[35m[WD Proxy]&amp#27;[39m Got response with status 200: {"sessionId":"10d8fc82-d902-4fbe-9fcb-ea240a03a95e","value":null}
[debug] &amp#27;[35m[W3C (554ae8a8)]&amp#27;[39m Responding to client with driver.click() result: null
&amp#27;[35m[HTTP]&amp#27;[39m &amp#27;[37m<-- POST /wd/hub/session/554ae8a8-c0a1-43c8-90dc-1008b59b52bf/element/781f573d-fd70-43b3-abb3-f723fda9e377/click &amp#27;[39m&amp#27;[32m200&amp#27;[39m &amp#27;[90m1157 ms - 14&amp#27;[39m
&amp#27;[35m[HTTP]&amp#27;[39m &amp#27;[90m&amp#27;[39m
&amp#27;[35m[HTTP]&amp#27;[39m &amp#27;[37m-->&amp#27;[39m &amp#27;[37mGET&amp#27;[39m &amp#27;[37m/wd/hub/session/554ae8a8-c0a1-43c8-90dc-1008b59b52bf&amp#27;[39m
&amp#27;[35m[HTTP]&amp#27;[39m &amp#27;[90m{}&amp#27;[39m
[debug] &amp#27;[35m[W3C (554ae8a8)]&amp#27;[39m Calling AppiumDriver.getSession() with args: ["554ae8a8-c0a1-43c8-90dc-1008b59b52bf"]
[debug] &amp#27;[35m[UiAutomator2]&amp#27;[39m Getting session details from server to mix in
[debug] &amp#27;[35m[WD Proxy]&amp#27;[39m Matched '/' to command name 'getSession'
[debug] &amp#27;[35m[WD Proxy]&amp#27;[39m Proxying [GET /] to [GET http://127.0.0.1:8204/wd/hub/session/10d8fc82-d902-4fbe-9fcb-ea240a03a95e] with no body
[debug] &amp#27;[35m[WD Proxy]&amp#27;[39m Got response with status 200: {"sessionId":"10d8fc82-d902-4fbe-9fcb-ea240a03a95e","value":{"lastScrollData":null}}
[debug] &amp#27;[35m[W3C (554ae8a8)]&amp#27;[39m Responding to client with driver.getSession() result: {"platform":"LINUX","webStorageEnabled":false,"takesScreenshot":true,"javascriptEnabled":true,"databaseEnabled":false,"networkConnectionEnabled":true,"locationContextEnabled":false,"warnings":{},"desired":{"platformName":"android","app":"C:\\Users\\Anis\\eclipse-workspace\\Appium\\src\\ApiDemos-debug.apk","deviceName":"Redmi","newCommandTimeout":14},"platformName":"android","app":"C:\\Users\\Anis\\eclipse-workspace\\Appium\\src\\ApiDemos-debug.apk","deviceName":"55272e729804","newCommandTimeout":14,"deviceUDID":"55272e729804","appPackage":"io.appium.android.apis","deviceApiLevel":24,"platformVersion":"7.0","deviceScreenSize":"1080x1920","deviceScreenDensity":480,"deviceModel":"Redmi Note 4","deviceManufacturer":"Xiaomi","pixelRatio":3,"statBarHeight":72,"viewportRect":{"left":0,"top":72,"width":1080,"height":1848},"lastScrollData":null}
&amp#27;[35m[HTTP]&amp#27;[39m &amp#27;[37m<-- GET /wd/hub/session/554ae8a8-c0a1-43c8-90dc-1008b59b52bf &amp#27;[39m&amp#27;[32m200&amp#27;[39m &amp#27;[90m12 ms - 858&amp#27;[39m
&amp#27;[35m[HTTP]&amp#27;[39m &amp#27;[90m&amp#27;[39m
&amp#27;[35m[HTTP]&amp#27;[39m &amp#27;[37m-->&amp#27;[39m &amp#27;[37mPOST&amp#27;[39m &amp#27;[37m/wd/hub/session/554ae8a8-c0a1-43c8-90dc-1008b59b52bf/element&amp#27;[39m
&amp#27;[35m[HTTP]&amp#27;[39m &amp#27;[90m{"using":"xpath","value":"//android.widget.TextView[@content-desc=\"1. Custom Adapter\"]"}&amp#27;[39m
[debug] &amp#27;[35m[W3C (554ae8a8)]&amp#27;[39m Calling AppiumDriver.findElement() with args: ["xpath","//android.widget.TextView[@content-desc=\"1. Custom Adapter\"]","554ae8a8-c0a1-43c8-90dc-1008b59b52bf"]
[debug] &amp#27;[35m[BaseDriver]&amp#27;[39m Valid locator strategies for this request: xpath, id, class name, accessibility id, css selector, -android uiautomator
[debug] &amp#27;[35m[BaseDriver]&amp#27;[39m Waiting up to 10000 ms for condition
[debug] &amp#27;[35m[WD Proxy]&amp#27;[39m Matched '/element' to command name 'findElement'
[debug] &amp#27;[35m[WD Proxy]&amp#27;[39m Proxying [POST /element] to [POST http://127.0.0.1:8204/wd/hub/session/10d8fc82-d902-4fbe-9fcb-ea240a03a95e/element] with body: {"strategy":"xpath","selector":"//android.widget.TextView[@content-desc=\"1. Custom Adapter\"]","context":"","multiple":false}
[debug] &amp#27;[35m[WD Proxy]&amp#27;[39m Got response with status 200: {"sessionId":"10d8fc82-d902-4fbe-9fcb-ea240a03a95e","value":{"ELEMENT":"8024d263-5368-4a3f-ae5e-2a62b629298e","element-6066-11e4-a52e-4f735466cecf":"8024d263-5368-4a3f-ae5e-2a62b629298e"}}
[debug] &amp#27;[35m[W3C (554ae8a8)]&amp#27;[39m Responding to client with driver.findElement() result: {"element-6066-11e4-a52e-4f735466cecf":"8024d263-5368-4a3f-ae5e-2a62b629298e","ELEMENT":"8024d263-5368-4a3f-ae5e-2a62b629298e"}
&amp#27;[35m[HTTP]&amp#27;[39m &amp#27;[37m<-- POST /wd/hub/session/554ae8a8-c0a1-43c8-90dc-1008b59b52bf/element &amp#27;[39m&amp#27;[32m200&amp#27;[39m &amp#27;[90m38 ms - 137&amp#27;[39m
&amp#27;[35m[HTTP]&amp#27;[39m &amp#27;[90m&amp#27;[39m
&amp#27;[35m[HTTP]&amp#27;[39m &amp#27;[37m-->&amp#27;[39m &amp#27;[37mPOST&amp#27;[39m &amp#27;[37m/wd/hub/session/554ae8a8-c0a1-43c8-90dc-1008b59b52bf/element/8024d263-5368-4a3f-ae5e-2a62b629298e/click&amp#27;[39m
&amp#27;[35m[HTTP]&amp#27;[39m &amp#27;[90m{"id":"8024d263-5368-4a3f-ae5e-2a62b629298e"}&amp#27;[39m
[debug] &amp#27;[35m[W3C (554ae8a8)]&amp#27;[39m Calling AppiumDriver.click() with args: ["8024d263-5368-4a3f-ae5e-2a62b629298e","554ae8a8-c0a1-43c8-90dc-1008b59b52bf"]
[debug] &amp#27;[35m[WD Proxy]&amp#27;[39m Matched '/element/8024d263-5368-4a3f-ae5e-2a62b629298e/click' to command name 'click'
[debug] &amp#27;[35m[WD Proxy]&amp#27;[39m Proxying [POST /element/8024d263-5368-4a3f-ae5e-2a62b629298e/click] to [POST http://127.0.0.1:8204/wd/hub/session/10d8fc82-d902-4fbe-9fcb-ea240a03a95e/element/8024d263-5368-4a3f-ae5e-2a62b629298e/click] with body: {"element":"8024d263-5368-4a3f-ae5e-2a62b629298e"}
[debug] &amp#27;[35m[WD Proxy]&amp#27;[39m Got response with status 200: {"sessionId":"10d8fc82-d902-4fbe-9fcb-ea240a03a95e","value":null}
[debug] &amp#27;[35m[W3C (554ae8a8)]&amp#27;[39m Responding to client with driver.click() result: null
&amp#27;[35m[HTTP]&amp#27;[39m &amp#27;[37m<-- POST /wd/hub/session/554ae8a8-c0a1-43c8-90dc-1008b59b52bf/element/8024d263-5368-4a3f-ae5e-2a62b629298e/click &amp#27;[39m&amp#27;[32m200&amp#27;[39m &amp#27;[90m1154 ms - 14&amp#27;[39m
&amp#27;[35m[HTTP]&amp#27;[39m &amp#27;[90m&amp#27;[39m
&amp#27;[35m[HTTP]&amp#27;[39m &amp#27;[37m-->&amp#27;[39m &amp#27;[37mGET&amp#27;[39m &amp#27;[37m/wd/hub/session/554ae8a8-c0a1-43c8-90dc-1008b59b52bf&amp#27;[39m
&amp#27;[35m[HTTP]&amp#27;[39m &amp#27;[90m{}&amp#27;[39m
[debug] &amp#27;[35m[W3C (554ae8a8)]&amp#27;[39m Calling AppiumDriver.getSession() with args: ["554ae8a8-c0a1-43c8-90dc-1008b59b52bf"]
[debug] &amp#27;[35m[UiAutomator2]&amp#27;[39m Getting session details from server to mix in
[debug] &amp#27;[35m[WD Proxy]&amp#27;[39m Matched '/' to command name 'getSession'
[debug] &amp#27;[35m[WD Proxy]&amp#27;[39m Proxying [GET /] to [GET http://127.0.0.1:8204/wd/hub/session/10d8fc82-d902-4fbe-9fcb-ea240a03a95e] with no body
[debug] &amp#27;[35m[WD Proxy]&amp#27;[39m Got response with status 200: {"sessionId":"10d8fc82-d902-4fbe-9fcb-ea240a03a95e","value":{"lastScrollData":null}}
[debug] &amp#27;[35m[W3C (554ae8a8)]&amp#27;[39m Responding to client with driver.getSession() result: {"platform":"LINUX","webStorageEnabled":false,"takesScreenshot":true,"javascriptEnabled":true,"databaseEnabled":false,"networkConnectionEnabled":true,"locationContextEnabled":false,"warnings":{},"desired":{"platformName":"android","app":"C:\\Users\\Anis\\eclipse-workspace\\Appium\\src\\ApiDemos-debug.apk","deviceName":"Redmi","newCommandTimeout":14},"platformName":"android","app":"C:\\Users\\Anis\\eclipse-workspace\\Appium\\src\\ApiDemos-debug.apk","deviceName":"55272e729804","newCommandTimeout":14,"deviceUDID":"55272e729804","appPackage":"io.appium.android.apis","deviceApiLevel":24,"platformVersion":"7.0","deviceScreenSize":"1080x1920","deviceScreenDensity":480,"deviceModel":"Redmi Note 4","deviceManufacturer":"Xiaomi","pixelRatio":3,"statBarHeight":72,"viewportRect":{"left":0,"top":72,"width":1080,"height":1848},"lastScrollData":null}
&amp#27;[35m[HTTP]&amp#27;[39m &amp#27;[37m<-- GET /wd/hub/session/554ae8a8-c0a1-43c8-90dc-1008b59b52bf &amp#27;[39m&amp#27;[32m200&amp#27;[39m &amp#27;[90m13 ms - 858&amp#27;[39m
&amp#27;[35m[HTTP]&amp#27;[39m &amp#27;[90m&amp#27;[39m
&amp#27;[35m[HTTP]&amp#27;[39m &amp#27;[37m-->&amp#27;[39m &amp#27;[37mPOST&amp#27;[39m &amp#27;[37m/wd/hub/session/554ae8a8-c0a1-43c8-90dc-1008b59b52bf/element&amp#27;[39m
&amp#27;[35m[HTTP]&amp#27;[39m &amp#27;[90m{"using":"xpath","value":"//*[contains(@text,'People Names')]"}&amp#27;[39m
[debug] &amp#27;[35m[W3C (554ae8a8)]&amp#27;[39m Calling AppiumDriver.findElement() with args: ["xpath","//*[contains(@text,'People Names')]","554ae8a8-c0a1-43c8-90dc-1008b59b52bf"]
[debug] &amp#27;[35m[BaseDriver]&amp#27;[39m Valid locator strategies for this request: xpath, id, class name, accessibility id, css selector, -android uiautomator
[debug] &amp#27;[35m[BaseDriver]&amp#27;[39m Waiting up to 10000 ms for condition
[debug] &amp#27;[35m[WD Proxy]&amp#27;[39m Matched '/element' to command name 'findElement'
[debug] &amp#27;[35m[WD Proxy]&amp#27;[39m Proxying [POST /element] to [POST http://127.0.0.1:8204/wd/hub/session/10d8fc82-d902-4fbe-9fcb-ea240a03a95e/element] with body: {"strategy":"xpath","selector":"//*[contains(@text,'People Names')]","context":"","multiple":false}
[debug] &amp#27;[35m[WD Proxy]&amp#27;[39m Got response with status 200: {"sessionId":"10d8fc82-d902-4fbe-9fcb-ea240a03a95e","value":{"ELEMENT":"ce7cb196-cc8a-44a2-9f90-5cbb48155691","element-6066-11e4-a52e-4f735466cecf":"ce7cb196-cc8a-44a2-9f90-5cbb48155691"}}
[debug] &amp#27;[35m[W3C (554ae8a8)]&amp#27;[39m Responding to client with driver.findElement() result: {"element-6066-11e4-a52e-4f735466cecf":"ce7cb196-cc8a-44a2-9f90-5cbb48155691","ELEMENT":"ce7cb196-cc8a-44a2-9f90-5cbb48155691"}
&amp#27;[35m[HTTP]&amp#27;[39m &amp#27;[37m<-- POST /wd/hub/session/554ae8a8-c0a1-43c8-90dc-1008b59b52bf/element &amp#27;[39m&amp#27;[32m200&amp#27;[39m &amp#27;[90m45 ms - 137&amp#27;[39m
&amp#27;[35m[HTTP]&amp#27;[39m &amp#27;[90m&amp#27;[39m
&amp#27;[35m[HTTP]&amp#27;[39m &amp#27;[37m-->&amp#27;[39m &amp#27;[37mPOST&amp#27;[39m &amp#27;[37m/wd/hub/session/554ae8a8-c0a1-43c8-90dc-1008b59b52bf/element/ce7cb196-cc8a-44a2-9f90-5cbb48155691/click&amp#27;[39m
&amp#27;[35m[HTTP]&amp#27;[39m &amp#27;[90m{"id":"ce7cb196-cc8a-44a2-9f90-5cbb48155691"}&amp#27;[39m
[debug] &amp#27;[35m[W3C (554ae8a8)]&amp#27;[39m Calling AppiumDriver.click() with args: ["ce7cb196-cc8a-44a2-9f90-5cbb48155691","554ae8a8-c0a1-43c8-90dc-1008b59b52bf"]
[debug] &amp#27;[35m[WD Proxy]&amp#27;[39m Matched '/element/ce7cb196-cc8a-44a2-9f90-5cbb48155691/click' to command name 'click'
[debug] &amp#27;[35m[WD Proxy]&amp#27;[39m Proxying [POST /element/ce7cb196-cc8a-44a2-9f90-5cbb48155691/click] to [POST http://127.0.0.1:8204/wd/hub/session/10d8fc82-d902-4fbe-9fcb-ea240a03a95e/element/ce7cb196-cc8a-44a2-9f90-5cbb48155691/click] with body: {"element":"ce7cb196-cc8a-44a2-9f90-5cbb48155691"}
[debug] &amp#27;[35m[WD Proxy]&amp#27;[39m Got response with status 200: {"sessionId":"10d8fc82-d902-4fbe-9fcb-ea240a03a95e","value":null}
[debug] &amp#27;[35m[W3C (554ae8a8)]&amp#27;[39m Responding to client with driver.click() result: null
&amp#27;[35m[HTTP]&amp#27;[39m &amp#27;[37m<-- POST /wd/hub/session/554ae8a8-c0a1-43c8-90dc-1008b59b52bf/element/ce7cb196-cc8a-44a2-9f90-5cbb48155691/click &amp#27;[39m&amp#27;[32m200&amp#27;[39m &amp#27;[90m705 ms - 14&amp#27;[39m
&amp#27;[35m[HTTP]&amp#27;[39m &amp#27;[90m&amp#27;[39m
]]></system-out>
    <system-err><![CDATA[Jun 15, 2021 11:15:31 AM io.appium.java_client.remote.AppiumCommandExecutor$1 lambda$0
INFO: Detected dialect: W3C
]]></system-err>
  </testcase>
</testsuite>