<?xml version="1.0" encoding="UTF-8"?>
<!-- Generated by org.testng.reporters.JUnitReportReporter -->
<testsuite hostname="LAPTOP-RQPAENCM" failures="0" tests="1" name="OSTest" time="33.757" errors="0" timestamp="08 Jun 2021 07:51:58 GMT" skipped="0">
  <testcase classname="OSTest" name="osTest" time="33.757"/>
</testsuite> <!-- OSTest -->
