<?xml version="1.0" encoding="UTF-8"?>
<!-- Generated by org.testng.reporters.JUnitReportReporter -->
<testsuite hostname="LAPTOP-RQPAENCM" failures="0" tests="2" name="ApiDemoTest" time="85.832" errors="0" timestamp="17 Jun 2021 11:23:08 GMT" skipped="0">
  <testcase classname="ApiDemoTest" name="apiDemoTest" time="39.424"/>
  <testcase classname="ApiDemoTest" name="apiDemoTest" time="46.408"/>
</testsuite> <!-- ApiDemoTest -->
