<?xml version="1.0" encoding="UTF-8"?>
<!-- Generated by org.testng.reporters.JUnitReportReporter -->
<testsuite hostname="LAPTOP-RQPAENCM" failures="0" tests="2" name="ApiDemoTest" time="99.940" errors="0" timestamp="04 Jun 2021 13:18:54 GMT" skipped="0">
  <testcase classname="ApiDemoTest" name="apiDemoTest" time="35.154"/>
  <testcase classname="ApiDemoTest" name="apiDemoTest" time="64.786"/>
</testsuite> <!-- ApiDemoTest -->
