<?xml version="1.0" encoding="UTF-8"?>
<!-- Generated by org.testng.reporters.JUnitReportReporter -->
<testsuite hostname="LAPTOP-RQPAENCM" failures="0" tests="1" name="ApiDemoTest2" time="101.048" errors="0" timestamp="21 Jun 2021 05:58:50 GMT" skipped="0">
  <testcase classname="ApiDemoTest2" name="progressBars" time="101.048"/>
</testsuite> <!-- ApiDemoTest2 -->
