<?xml version="1.0" encoding="UTF-8"?>
<!-- Generated by org.testng.reporters.JUnitReportReporter -->
<testsuite hostname="LAPTOP-RQPAENCM" failures="0" tests="2" name="tests.ApiDemoTest" time="62.147" errors="0" timestamp="04 Jun 2021 08:58:14 GMT" skipped="0">
  <testcase classname="tests.ApiDemoTest" name="apiDemoTest" time="30.742"/>
  <testcase classname="tests.ApiDemoTest" name="apiDemoTest" time="31.405"/>
</testsuite> <!-- tests.ApiDemoTest -->
