<?xml version="1.0" encoding="UTF-8"?>
<!-- Generated by org.testng.reporters.JUnitReportReporter -->
<testsuite hostname="LAPTOP-RQPAENCM" failures="0" tests="2" name="tests.ApiDemoTest" time="110.561" errors="0" timestamp="04 Jun 2021 05:37:55 GMT" skipped="0">
  <testcase classname="tests.ApiDemoTest" name="apiDemoTest" time="39.328"/>
  <testcase classname="tests.ApiDemoTest" name="apiDemoTest" time="71.233"/>
</testsuite> <!-- tests.ApiDemoTest -->
