<?xml version="1.0" encoding="UTF-8"?>
<!-- Generated by org.testng.reporters.JUnitReportReporter -->
<testsuite hostname="LAPTOP-RQPAENCM" failures="0" tests="1" name="ViewsTest" time="71.455" errors="0" timestamp="14 Jun 2021 06:39:09 GMT" skipped="0">
  <testcase classname="ViewsTest" name="viewsTest" time="71.455"/>
</testsuite> <!-- ViewsTest -->
