<?xml version="1.0" encoding="UTF-8"?>
<!-- Generated by org.testng.reporters.JUnitReportReporter -->
<testsuite hostname="LAPTOP-RQPAENCM" failures="0" tests="1" name="ContentTest" time="88.670" errors="0" timestamp="14 Jun 2021 06:51:03 GMT" skipped="0">
  <testcase classname="ContentTest" name="contentTest" time="88.670"/>
</testsuite> <!-- ContentTest -->
