<?xml version="1.0" encoding="UTF-8"?>
<!-- Generated by org.testng.reporters.JUnitReportReporter -->
<testsuite hostname="LAPTOP-RQPAENCM" failures="0" tests="1" name="ContentTest" time="29.518" errors="0" timestamp="08 Jun 2021 06:46:02 GMT" skipped="0">
  <testcase classname="ContentTest" name="contentTest" time="29.518"/>
</testsuite> <!-- ContentTest -->
