<?xml version="1.0" encoding="UTF-8"?>
<!-- Generated by org.testng.reporters.JUnitReportReporter -->
<testsuite hostname="LAPTOP-RQPAENCM" failures="0" tests="4" name="ApiDemoTest2" time="211.822" errors="0" timestamp="18 Jun 2021 10:30:13 GMT" skipped="0">
  <testcase classname="ApiDemoTest2" name="viewsTest" time="54.461"/>
  <testcase classname="ApiDemoTest2" name="popUpMenu" time="50.015"/>
  <testcase classname="ApiDemoTest2" name="progressBars" time="47.932"/>
  <testcase classname="ApiDemoTest2" name="dragging" time="59.414"/>
</testsuite> <!-- ApiDemoTest2 -->
