<?xml version="1.0" encoding="UTF-8"?>
<!-- Generated by org.testng.reporters.JUnitReportReporter -->
<testsuite hostname="LAPTOP-RQPAENCM" failures="0" tests="1" name="OSTest" time="38.597" errors="0" timestamp="09 Jun 2021 05:48:16 GMT" skipped="0">
  <testcase classname="OSTest" name="osTest" time="38.597"/>
</testsuite> <!-- OSTest -->
