<?xml version="1.0" encoding="UTF-8"?>
<!-- Generated by org.testng.reporters.JUnitReportReporter -->
<testsuite hostname="LAPTOP-RQPAENCM" failures="0" tests="2" name="ApiDemoTest" time="81.337" errors="0" timestamp="07 Jun 2021 13:10:02 GMT" skipped="0">
  <testcase classname="ApiDemoTest" name="apiDemoTest" time="46.019"/>
  <testcase classname="ApiDemoTest" name="apiDemoTest" time="35.318"/>
</testsuite> <!-- ApiDemoTest -->
