<?xml version="1.0" encoding="UTF-8"?>
<!-- Generated by org.testng.reporters.JUnitReportReporter -->
<testsuite hostname="LAPTOP-RQPAENCM" failures="0" tests="5" name="ApiDemoTest" time="321.364" errors="0" timestamp="15 Jun 2021 05:45:38 GMT" skipped="0">
  <testcase classname="ApiDemoTest" name="apiDemoTest" time="43.022"/>
  <testcase classname="ApiDemoTest" name="contentTest" time="148.818"/>
  <testcase classname="ApiDemoTest" name="osTest" time="41.602"/>
  <testcase classname="ApiDemoTest" name="apiDemoTest" time="39.944"/>
  <testcase classname="ApiDemoTest" name="viewsTest" time="47.978"/>
</testsuite> <!-- ApiDemoTest -->
