<?xml version="1.0" encoding="UTF-8"?>
<!-- Generated by org.testng.reporters.JUnitReportReporter -->
<testsuite hostname="LAPTOP-RQPAENCM" failures="0" tests="2" name="ApiDemoTest" time="66.010" errors="0" timestamp="08 Jun 2021 06:46:02 GMT" skipped="0">
  <testcase classname="ApiDemoTest" name="apiDemoTest" time="31.581"/>
  <testcase classname="ApiDemoTest" name="apiDemoTest" time="34.429"/>
</testsuite> <!-- ApiDemoTest -->
