<?xml version="1.0" encoding="UTF-8"?>
<!-- Generated by org.testng.reporters.JUnitReportReporter -->
<testsuite hostname="LAPTOP-RQPAENCM" failures="0" tests="4" name="ApiDemoTest" time="173.096" errors="0" timestamp="18 Jun 2021 10:30:13 GMT" skipped="0">
  <testcase classname="ApiDemoTest" name="apiDemoTest" time="39.902"/>
  <testcase classname="ApiDemoTest" name="apiDemoTest" time="41.637"/>
  <testcase classname="ApiDemoTest" name="osTest" time="35.514"/>
  <testcase classname="ApiDemoTest" name="contentTest" time="56.043"/>
</testsuite> <!-- ApiDemoTest -->
